model name	: Intel(R) Xeon(R) CPU E5-2620 0 @ 2.00GHz
Tue Oct 29 18:42:24 2019       
+-----------------------------------------------------------------------------+
| NVIDIA-SMI 418.67       Driver Version: 418.67       CUDA Version: 10.1     |
|-------------------------------+----------------------+----------------------+
| GPU  Name        Persistence-M| Bus-Id        Disp.A | Volatile Uncorr. ECC |
| Fan  Temp  Perf  Pwr:Usage/Cap|         Memory-Usage | GPU-Util  Compute M. |
|===============================+======================+======================|
|   0  Tesla K40m          On   | 00000000:02:00.0 Off |                    0 |
| N/A   24C    P0    61W / 235W |    381MiB / 11441MiB |      5%      Default |
+-------------------------------+----------------------+----------------------+
                                                                               
+-----------------------------------------------------------------------------+
| Processes:                                                       GPU Memory |
|  GPU       PID   Type   Process name                             Usage      |
|=============================================================================|
|    0     18409      C   python3                                      370MiB |
+-----------------------------------------------------------------------------+
Files already downloaded and verified
Files already downloaded and verified

Epoch: 0
Loss: 2.369 | Precision@1: 11.719% (15/128)
Loss: 2.783 | Precision@1: 10.547% (27/256)
Loss: 3.466 | Precision@1: 11.198% (43/384)
Loss: 3.585 | Precision@1: 12.305% (63/512)
Loss: 3.587 | Precision@1: 12.500% (80/640)
Loss: 3.810 | Precision@1: 11.719% (90/768)
Loss: 3.793 | Precision@1: 12.165% (109/896)
Loss: 3.698 | Precision@1: 12.402% (127/1024)
Loss: 3.612 | Precision@1: 12.413% (143/1152)
Loss: 3.519 | Precision@1: 12.344% (158/1280)
Loss: 3.510 | Precision@1: 12.287% (173/1408)
Loss: 3.512 | Precision@1: 12.370% (190/1536)
Loss: 3.538 | Precision@1: 12.079% (201/1664)
Loss: 3.522 | Precision@1: 12.500% (224/1792)
Loss: 3.513 | Precision@1: 12.604% (242/1920)
Loss: 3.540 | Precision@1: 12.451% (255/2048)
Loss: 3.516 | Precision@1: 12.638% (275/2176)
Loss: 3.490 | Precision@1: 12.370% (285/2304)
Loss: 3.452 | Precision@1: 12.294% (299/2432)
Loss: 3.395 | Precision@1: 12.500% (320/2560)
Loss: 3.354 | Precision@1: 12.686% (341/2688)
Loss: 3.331 | Precision@1: 12.962% (365/2816)
Loss: 3.285 | Precision@1: 12.908% (380/2944)
Loss: 3.246 | Precision@1: 13.184% (405/3072)
Loss: 3.215 | Precision@1: 13.406% (429/3200)
Loss: 3.173 | Precision@1: 13.792% (459/3328)
Loss: 3.192 | Precision@1: 13.976% (483/3456)
Loss: 3.157 | Precision@1: 14.174% (508/3584)
Loss: 3.127 | Precision@1: 14.386% (534/3712)
Loss: 3.097 | Precision@1: 14.766% (567/3840)
Loss: 3.077 | Precision@1: 14.793% (587/3968)
Loss: 3.052 | Precision@1: 14.844% (608/4096)
Loss: 3.026 | Precision@1: 14.986% (633/4224)
Loss: 3.002 | Precision@1: 14.936% (650/4352)
Loss: 2.979 | Precision@1: 14.978% (671/4480)
Loss: 2.963 | Precision@1: 15.082% (695/4608)
Loss: 2.939 | Precision@1: 15.498% (734/4736)
Loss: 2.922 | Precision@1: 15.543% (756/4864)
Loss: 2.902 | Precision@1: 15.585% (778/4992)
Loss: 2.886 | Precision@1: 15.605% (799/5120)
Loss: 2.872 | Precision@1: 15.606% (819/5248)
Loss: 2.855 | Precision@1: 15.681% (843/5376)
Loss: 2.844 | Precision@1: 15.734% (866/5504)
Loss: 2.826 | Precision@1: 15.874% (894/5632)
Loss: 2.811 | Precision@1: 15.990% (921/5760)
Loss: 2.794 | Precision@1: 16.287% (959/5888)
Loss: 2.778 | Precision@1: 16.506% (993/6016)
Loss: 2.762 | Precision@1: 16.634% (1022/6144)
Loss: 2.751 | Precision@1: 16.773% (1052/6272)
Loss: 2.736 | Precision@1: 16.922% (1083/6400)
Loss: 2.721 | Precision@1: 17.034% (1112/6528)
Loss: 2.710 | Precision@1: 17.233% (1147/6656)
Loss: 2.698 | Precision@1: 17.438% (1183/6784)
Loss: 2.685 | Precision@1: 17.491% (1209/6912)
Loss: 2.674 | Precision@1: 17.443% (1228/7040)
Loss: 2.664 | Precision@1: 17.494% (1254/7168)
Loss: 2.653 | Precision@1: 17.612% (1285/7296)
Loss: 2.643 | Precision@1: 17.713% (1315/7424)
Loss: 2.632 | Precision@1: 17.797% (1344/7552)
Loss: 2.620 | Precision@1: 18.034% (1385/7680)
Loss: 2.610 | Precision@1: 18.161% (1418/7808)
Loss: 2.603 | Precision@1: 18.170% (1442/7936)
Loss: 2.592 | Precision@1: 18.279% (1474/8064)
Loss: 2.581 | Precision@1: 18.542% (1519/8192)
Loss: 2.573 | Precision@1: 18.594% (1547/8320)
Loss: 2.564 | Precision@1: 18.620% (1573/8448)
Loss: 2.554 | Precision@1: 18.750% (1608/8576)
Loss: 2.545 | Precision@1: 18.842% (1640/8704)
Loss: 2.539 | Precision@1: 18.886% (1668/8832)
Loss: 2.530 | Precision@1: 19.074% (1709/8960)
Loss: 2.523 | Precision@1: 19.201% (1745/9088)
Loss: 2.514 | Precision@1: 19.336% (1782/9216)
Loss: 2.507 | Precision@1: 19.403% (1813/9344)
Loss: 2.498 | Precision@1: 19.521% (1849/9472)
Loss: 2.491 | Precision@1: 19.625% (1884/9600)
Loss: 2.487 | Precision@1: 19.644% (1911/9728)
Loss: 2.482 | Precision@1: 19.734% (1945/9856)
Loss: 2.475 | Precision@1: 19.792% (1976/9984)
Loss: 2.467 | Precision@1: 19.907% (2013/10112)
Loss: 2.460 | Precision@1: 20.039% (2052/10240)
Loss: 2.454 | Precision@1: 20.129% (2087/10368)
Loss: 2.448 | Precision@1: 20.255% (2126/10496)
Loss: 2.442 | Precision@1: 20.247% (2151/10624)
Loss: 2.437 | Precision@1: 20.303% (2183/10752)
Loss: 2.430 | Precision@1: 20.395% (2219/10880)
Loss: 2.424 | Precision@1: 20.458% (2252/11008)
Loss: 2.418 | Precision@1: 20.537% (2287/11136)
Loss: 2.412 | Precision@1: 20.570% (2317/11264)
Loss: 2.405 | Precision@1: 20.681% (2356/11392)
Loss: 2.400 | Precision@1: 20.799% (2396/11520)
Loss: 2.393 | Precision@1: 20.931% (2438/11648)
Loss: 2.388 | Precision@1: 21.009% (2474/11776)
Loss: 2.382 | Precision@1: 21.111% (2513/11904)
Loss: 2.376 | Precision@1: 21.210% (2552/12032)
Loss: 2.374 | Precision@1: 21.176% (2575/12160)
Loss: 2.368 | Precision@1: 21.289% (2616/12288)
Loss: 2.364 | Precision@1: 21.287% (2643/12416)
Loss: 2.358 | Precision@1: 21.341% (2677/12544)
Loss: 2.354 | Precision@1: 21.338% (2704/12672)
Loss: 2.349 | Precision@1: 21.484% (2750/12800)
Loss: 2.344 | Precision@1: 21.535% (2784/12928)
Loss: 2.339 | Precision@1: 21.599% (2820/13056)
Loss: 2.334 | Precision@1: 21.685% (2859/13184)
Loss: 2.330 | Precision@1: 21.710% (2890/13312)
Loss: 2.326 | Precision@1: 21.763% (2925/13440)
Loss: 2.321 | Precision@1: 21.816% (2960/13568)
Loss: 2.316 | Precision@1: 21.933% (3004/13696)
Loss: 2.312 | Precision@1: 22.041% (3047/13824)
Loss: 2.308 | Precision@1: 22.097% (3083/13952)
Loss: 2.303 | Precision@1: 22.159% (3120/14080)
Loss: 2.298 | Precision@1: 22.283% (3166/14208)
Loss: 2.295 | Precision@1: 22.328% (3201/14336)
Loss: 2.291 | Precision@1: 22.387% (3238/14464)
Loss: 2.286 | Precision@1: 22.430% (3273/14592)
Loss: 2.282 | Precision@1: 22.534% (3317/14720)
Loss: 2.278 | Precision@1: 22.596% (3355/14848)
Loss: 2.273 | Precision@1: 22.676% (3396/14976)
Loss: 2.270 | Precision@1: 22.769% (3439/15104)
Loss: 2.266 | Precision@1: 22.807% (3474/15232)
Loss: 2.264 | Precision@1: 22.845% (3509/15360)
Loss: 2.261 | Precision@1: 22.882% (3544/15488)
Loss: 2.258 | Precision@1: 22.900% (3576/15616)
Loss: 2.254 | Precision@1: 22.993% (3620/15744)
Loss: 2.251 | Precision@1: 23.022% (3654/15872)
Loss: 2.248 | Precision@1: 23.044% (3687/16000)
Loss: 2.244 | Precision@1: 23.096% (3725/16128)
Loss: 2.242 | Precision@1: 23.136% (3761/16256)
Loss: 2.238 | Precision@1: 23.157% (3794/16384)
Loss: 2.235 | Precision@1: 23.201% (3831/16512)
Loss: 2.230 | Precision@1: 23.323% (3881/16640)
Loss: 2.226 | Precision@1: 23.396% (3923/16768)
Loss: 2.222 | Precision@1: 23.485% (3968/16896)
Loss: 2.217 | Precision@1: 23.596% (4017/17024)
Loss: 2.214 | Precision@1: 23.647% (4056/17152)
Loss: 2.213 | Precision@1: 23.686% (4093/17280)
Loss: 2.211 | Precision@1: 23.725% (4130/17408)
Loss: 2.208 | Precision@1: 23.780% (4170/17536)
Loss: 2.204 | Precision@1: 23.885% (4219/17664)
Loss: 2.201 | Precision@1: 23.938% (4259/17792)
Loss: 2.197 | Precision@1: 23.996% (4300/17920)
Loss: 2.194 | Precision@1: 24.047% (4340/18048)
Loss: 2.191 | Precision@1: 24.114% (4383/18176)
Loss: 2.188 | Precision@1: 24.186% (4427/18304)
Loss: 2.185 | Precision@1: 24.246% (4469/18432)
Loss: 2.182 | Precision@1: 24.332% (4516/18560)
Loss: 2.180 | Precision@1: 24.358% (4552/18688)
Loss: 2.177 | Precision@1: 24.437% (4598/18816)
Loss: 2.175 | Precision@1: 24.488% (4639/18944)
Loss: 2.172 | Precision@1: 24.554% (4683/19072)
Loss: 2.169 | Precision@1: 24.635% (4730/19200)
Loss: 2.166 | Precision@1: 24.705% (4775/19328)
Loss: 2.164 | Precision@1: 24.794% (4824/19456)
Loss: 2.162 | Precision@1: 24.826% (4862/19584)
Loss: 2.160 | Precision@1: 24.848% (4898/19712)
Loss: 2.157 | Precision@1: 24.879% (4936/19840)
Loss: 2.155 | Precision@1: 24.895% (4971/19968)
Loss: 2.153 | Precision@1: 24.945% (5013/20096)
Loss: 2.151 | Precision@1: 24.970% (5050/20224)
Loss: 2.149 | Precision@1: 25.034% (5095/20352)
Loss: 2.146 | Precision@1: 25.132% (5147/20480)
Loss: 2.144 | Precision@1: 25.180% (5189/20608)
Loss: 2.142 | Precision@1: 25.203% (5226/20736)
Loss: 2.140 | Precision@1: 25.197% (5257/20864)
Loss: 2.138 | Precision@1: 25.305% (5312/20992)
Loss: 2.136 | Precision@1: 25.331% (5350/21120)
Loss: 2.134 | Precision@1: 25.367% (5390/21248)
Loss: 2.131 | Precision@1: 25.421% (5434/21376)
Loss: 2.128 | Precision@1: 25.488% (5481/21504)
Loss: 2.126 | Precision@1: 25.550% (5527/21632)
Loss: 2.123 | Precision@1: 25.616% (5574/21760)
Loss: 2.121 | Precision@1: 25.667% (5618/21888)
Loss: 2.119 | Precision@1: 25.686% (5655/22016)
Loss: 2.117 | Precision@1: 25.736% (5699/22144)
Loss: 2.116 | Precision@1: 25.759% (5737/22272)
Loss: 2.114 | Precision@1: 25.835% (5787/22400)
Loss: 2.111 | Precision@1: 25.879% (5830/22528)
Loss: 2.110 | Precision@1: 25.931% (5875/22656)
Loss: 2.108 | Precision@1: 25.961% (5915/22784)
Loss: 2.106 | Precision@1: 25.991% (5955/22912)
Loss: 2.104 | Precision@1: 26.046% (6001/23040)
Loss: 2.102 | Precision@1: 26.096% (6046/23168)
Loss: 2.100 | Precision@1: 26.176% (6098/23296)
Loss: 2.098 | Precision@1: 26.247% (6148/23424)
Loss: 2.095 | Precision@1: 26.295% (6193/23552)
Loss: 2.094 | Precision@1: 26.334% (6236/23680)
Loss: 2.092 | Precision@1: 26.373% (6279/23808)
Loss: 2.090 | Precision@1: 26.433% (6327/23936)
Loss: 2.088 | Precision@1: 26.471% (6370/24064)
Loss: 2.086 | Precision@1: 26.534% (6419/24192)
Loss: 2.083 | Precision@1: 26.575% (6463/24320)
Loss: 2.081 | Precision@1: 26.603% (6504/24448)
Loss: 2.079 | Precision@1: 26.672% (6555/24576)
Loss: 2.077 | Precision@1: 26.692% (6594/24704)
Loss: 2.075 | Precision@1: 26.752% (6643/24832)
Loss: 2.074 | Precision@1: 26.751% (6677/24960)
Loss: 2.073 | Precision@1: 26.798% (6723/25088)
Loss: 2.070 | Precision@1: 26.836% (6767/25216)
Loss: 2.069 | Precision@1: 26.882% (6813/25344)
Loss: 2.067 | Precision@1: 26.935% (6861/25472)
Loss: 2.065 | Precision@1: 27.023% (6918/25600)
Loss: 2.063 | Precision@1: 27.087% (6969/25728)
Loss: 2.061 | Precision@1: 27.166% (7024/25856)
Loss: 2.058 | Precision@1: 27.244% (7079/25984)
Loss: 2.057 | Precision@1: 27.302% (7129/26112)
Loss: 2.056 | Precision@1: 27.306% (7165/26240)
Loss: 2.054 | Precision@1: 27.363% (7215/26368)
Loss: 2.052 | Precision@1: 27.359% (7249/26496)
Loss: 2.051 | Precision@1: 27.389% (7292/26624)
Loss: 2.049 | Precision@1: 27.452% (7344/26752)
Loss: 2.047 | Precision@1: 27.507% (7394/26880)
Loss: 2.045 | Precision@1: 27.544% (7439/27008)
Loss: 2.044 | Precision@1: 27.583% (7485/27136)
Loss: 2.042 | Precision@1: 27.652% (7539/27264)
Loss: 2.040 | Precision@1: 27.720% (7593/27392)
Loss: 2.039 | Precision@1: 27.783% (7646/27520)
Loss: 2.038 | Precision@1: 27.825% (7693/27648)
Loss: 2.036 | Precision@1: 27.873% (7742/27776)
Loss: 2.034 | Precision@1: 27.935% (7795/27904)
Loss: 2.033 | Precision@1: 27.964% (7839/28032)
Loss: 2.031 | Precision@1: 28.001% (7885/28160)
Loss: 2.029 | Precision@1: 28.061% (7938/28288)
Loss: 2.028 | Precision@1: 28.111% (7988/28416)
Loss: 2.026 | Precision@1: 28.181% (8044/28544)
Loss: 2.024 | Precision@1: 28.205% (8087/28672)
Loss: 2.023 | Precision@1: 28.236% (8132/28800)
Loss: 2.021 | Precision@1: 28.239% (8169/28928)
Loss: 2.021 | Precision@1: 28.263% (8212/29056)
Loss: 2.019 | Precision@1: 28.300% (8259/29184)
Loss: 2.017 | Precision@1: 28.333% (8305/29312)
Loss: 2.016 | Precision@1: 28.380% (8355/29440)
Loss: 2.014 | Precision@1: 28.446% (8411/29568)
Loss: 2.013 | Precision@1: 28.465% (8453/29696)
Loss: 2.011 | Precision@1: 28.484% (8495/29824)
Loss: 2.010 | Precision@1: 28.522% (8543/29952)
Loss: 2.009 | Precision@1: 28.534% (8583/30080)
Loss: 2.007 | Precision@1: 28.585% (8635/30208)
Loss: 2.005 | Precision@1: 28.646% (8690/30336)
Loss: 2.004 | Precision@1: 28.693% (8741/30464)
Loss: 2.002 | Precision@1: 28.740% (8792/30592)
Loss: 2.000 | Precision@1: 28.828% (8856/30720)
Loss: 1.998 | Precision@1: 28.864% (8904/30848)
Loss: 1.997 | Precision@1: 28.916% (8957/30976)
Loss: 1.996 | Precision@1: 28.961% (9008/31104)
Loss: 1.994 | Precision@1: 29.009% (9060/31232)
Loss: 1.992 | Precision@1: 29.066% (9115/31360)
Loss: 1.991 | Precision@1: 29.110% (9166/31488)
Loss: 1.989 | Precision@1: 29.159% (9219/31616)
Loss: 1.988 | Precision@1: 29.193% (9267/31744)
Loss: 1.987 | Precision@1: 29.223% (9314/31872)
Loss: 1.985 | Precision@1: 29.247% (9359/32000)
Loss: 1.984 | Precision@1: 29.267% (9403/32128)
Loss: 1.983 | Precision@1: 29.306% (9453/32256)
Loss: 1.980 | Precision@1: 29.369% (9511/32384)
Loss: 1.979 | Precision@1: 29.411% (9562/32512)
Loss: 1.978 | Precision@1: 29.452% (9613/32640)
Loss: 1.976 | Precision@1: 29.501% (9667/32768)
Loss: 1.974 | Precision@1: 29.542% (9718/32896)
Loss: 1.973 | Precision@1: 29.560% (9762/33024)
Loss: 1.972 | Precision@1: 29.585% (9808/33152)
Loss: 1.971 | Precision@1: 29.621% (9858/33280)
Loss: 1.970 | Precision@1: 29.661% (9909/33408)
Loss: 1.969 | Precision@1: 29.705% (9962/33536)
Loss: 1.967 | Precision@1: 29.777% (10024/33664)
Loss: 1.965 | Precision@1: 29.838% (10083/33792)
Loss: 1.965 | Precision@1: 29.861% (10129/33920)
Loss: 1.964 | Precision@1: 29.881% (10174/34048)
Loss: 1.963 | Precision@1: 29.869% (10208/34176)
Loss: 1.962 | Precision@1: 29.909% (10260/34304)
Loss: 1.961 | Precision@1: 29.920% (10302/34432)
Loss: 1.960 | Precision@1: 29.951% (10351/34560)
Loss: 1.958 | Precision@1: 30.019% (10413/34688)
Loss: 1.958 | Precision@1: 30.021% (10452/34816)
Loss: 1.956 | Precision@1: 30.045% (10499/34944)
Loss: 1.955 | Precision@1: 30.067% (10545/35072)
Loss: 1.954 | Precision@1: 30.071% (10585/35200)
Loss: 1.953 | Precision@1: 30.075% (10625/35328)
Loss: 1.952 | Precision@1: 30.122% (10680/35456)
Loss: 1.951 | Precision@1: 30.151% (10729/35584)
Loss: 1.950 | Precision@1: 30.180% (10778/35712)
Loss: 1.949 | Precision@1: 30.201% (10824/35840)
Loss: 1.948 | Precision@1: 30.235% (10875/35968)
Loss: 1.947 | Precision@1: 30.269% (10926/36096)
Loss: 1.945 | Precision@1: 30.328% (10986/36224)
Loss: 1.944 | Precision@1: 30.339% (11029/36352)
Loss: 1.943 | Precision@1: 30.373% (11080/36480)
Loss: 1.942 | Precision@1: 30.417% (11135/36608)
Loss: 1.941 | Precision@1: 30.447% (11185/36736)
Loss: 1.940 | Precision@1: 30.493% (11241/36864)
Loss: 1.939 | Precision@1: 30.531% (11294/36992)
Loss: 1.937 | Precision@1: 30.574% (11349/37120)
Loss: 1.936 | Precision@1: 30.595% (11396/37248)
Loss: 1.935 | Precision@1: 30.632% (11449/37376)
Loss: 1.934 | Precision@1: 30.661% (11499/37504)
Loss: 1.933 | Precision@1: 30.687% (11548/37632)
Loss: 1.932 | Precision@1: 30.694% (11590/37760)
Loss: 1.932 | Precision@1: 30.706% (11634/37888)
Loss: 1.931 | Precision@1: 30.729% (11682/38016)
Loss: 1.930 | Precision@1: 30.755% (11731/38144)
Loss: 1.929 | Precision@1: 30.782% (11781/38272)
Loss: 1.928 | Precision@1: 30.818% (11834/38400)
Loss: 1.927 | Precision@1: 30.871% (11894/38528)
Loss: 1.926 | Precision@1: 30.896% (11943/38656)
Loss: 1.924 | Precision@1: 30.948% (12003/38784)
Loss: 1.923 | Precision@1: 30.965% (12049/38912)
Loss: 1.922 | Precision@1: 31.004% (12104/39040)
Loss: 1.920 | Precision@1: 31.038% (12157/39168)
Loss: 1.919 | Precision@1: 31.074% (12211/39296)
Loss: 1.918 | Precision@1: 31.113% (12266/39424)
Loss: 1.917 | Precision@1: 31.141% (12317/39552)
Loss: 1.916 | Precision@1: 31.162% (12365/39680)
Loss: 1.914 | Precision@1: 31.210% (12424/39808)
Loss: 1.913 | Precision@1: 31.247% (12479/39936)
Loss: 1.912 | Precision@1: 31.305% (12542/40064)
Loss: 1.910 | Precision@1: 31.350% (12600/40192)
Loss: 1.910 | Precision@1: 31.359% (12644/40320)
Loss: 1.909 | Precision@1: 31.386% (12695/40448)
Loss: 1.907 | Precision@1: 31.420% (12749/40576)
Loss: 1.906 | Precision@1: 31.444% (12799/40704)
Loss: 1.905 | Precision@1: 31.470% (12850/40832)
Loss: 1.904 | Precision@1: 31.519% (12910/40960)
Loss: 1.903 | Precision@1: 31.574% (12973/41088)
Loss: 1.901 | Precision@1: 31.619% (13032/41216)
Loss: 1.900 | Precision@1: 31.652% (13086/41344)
Loss: 1.899 | Precision@1: 31.677% (13137/41472)
Loss: 1.898 | Precision@1: 31.721% (13196/41600)
Loss: 1.897 | Precision@1: 31.770% (13257/41728)
Loss: 1.896 | Precision@1: 31.807% (13313/41856)
Loss: 1.895 | Precision@1: 31.831% (13364/41984)
Loss: 1.893 | Precision@1: 31.877% (13424/42112)
Loss: 1.892 | Precision@1: 31.925% (13485/42240)
Loss: 1.891 | Precision@1: 31.979% (13549/42368)
Loss: 1.890 | Precision@1: 32.008% (13602/42496)
Loss: 1.889 | Precision@1: 32.034% (13654/42624)
Loss: 1.888 | Precision@1: 32.055% (13704/42752)
Loss: 1.887 | Precision@1: 32.106% (13767/42880)
Loss: 1.886 | Precision@1: 32.141% (13823/43008)
Loss: 1.885 | Precision@1: 32.168% (13876/43136)
Loss: 1.884 | Precision@1: 32.198% (13930/43264)
Loss: 1.883 | Precision@1: 32.229% (13985/43392)
Loss: 1.882 | Precision@1: 32.245% (14033/43520)
Loss: 1.881 | Precision@1: 32.302% (14099/43648)
Loss: 1.880 | Precision@1: 32.312% (14145/43776)
Loss: 1.879 | Precision@1: 32.352% (14204/43904)
Loss: 1.878 | Precision@1: 32.397% (14265/44032)
Loss: 1.877 | Precision@1: 32.425% (14319/44160)
Loss: 1.876 | Precision@1: 32.453% (14373/44288)
Loss: 1.875 | Precision@1: 32.479% (14426/44416)
Loss: 1.874 | Precision@1: 32.509% (14481/44544)
Loss: 1.873 | Precision@1: 32.517% (14526/44672)
Loss: 1.872 | Precision@1: 32.551% (14583/44800)
Loss: 1.871 | Precision@1: 32.585% (14640/44928)
Loss: 1.870 | Precision@1: 32.611% (14693/45056)
Loss: 1.869 | Precision@1: 32.633% (14745/45184)
Loss: 1.869 | Precision@1: 32.647% (14793/45312)
Loss: 1.868 | Precision@1: 32.678% (14849/45440)
Loss: 1.867 | Precision@1: 32.729% (14914/45568)
Loss: 1.866 | Precision@1: 32.762% (14971/45696)
Loss: 1.865 | Precision@1: 32.782% (15022/45824)
Loss: 1.865 | Precision@1: 32.797% (15071/45952)
Loss: 1.864 | Precision@1: 32.832% (15129/46080)
Loss: 1.863 | Precision@1: 32.860% (15184/46208)
Loss: 1.862 | Precision@1: 32.884% (15237/46336)
Loss: 1.861 | Precision@1: 32.903% (15288/46464)
Loss: 1.860 | Precision@1: 32.926% (15341/46592)
Loss: 1.859 | Precision@1: 32.971% (15404/46720)
Loss: 1.858 | Precision@1: 33.024% (15471/46848)
Loss: 1.857 | Precision@1: 33.074% (15537/46976)
Loss: 1.856 | Precision@1: 33.084% (15584/47104)
Loss: 1.856 | Precision@1: 33.105% (15636/47232)
Loss: 1.855 | Precision@1: 33.117% (15684/47360)
Loss: 1.854 | Precision@1: 33.156% (15745/47488)
Loss: 1.853 | Precision@1: 33.197% (15807/47616)
Loss: 1.852 | Precision@1: 33.221% (15861/47744)
Loss: 1.851 | Precision@1: 33.245% (15915/47872)
Loss: 1.850 | Precision@1: 33.294% (15981/48000)
Loss: 1.849 | Precision@1: 33.324% (16038/48128)
Loss: 1.849 | Precision@1: 33.347% (16092/48256)
Loss: 1.848 | Precision@1: 33.366% (16144/48384)
Loss: 1.847 | Precision@1: 33.396% (16201/48512)
Loss: 1.847 | Precision@1: 33.411% (16251/48640)
Loss: 1.846 | Precision@1: 33.426% (16301/48768)
Loss: 1.845 | Precision@1: 33.461% (16361/48896)
Loss: 1.844 | Precision@1: 33.473% (16410/49024)
Loss: 1.844 | Precision@1: 33.486% (16459/49152)
Loss: 1.843 | Precision@1: 33.504% (16511/49280)
Loss: 1.842 | Precision@1: 33.519% (16561/49408)
Loss: 1.841 | Precision@1: 33.551% (16620/49536)
Loss: 1.841 | Precision@1: 33.566% (16670/49664)
Loss: 1.840 | Precision@1: 33.590% (16725/49792)
Loss: 1.839 | Precision@1: 33.626% (16786/49920)
Loss: 1.839 | Precision@1: 33.636% (16818/50000)

Aggregates: 			
 	 DataLoader Time: 0.7627 			
 	 Mini-batch Time: 33.3957 			
 	 Training Epoch Time: 159.2371
 			
 Averages: 			
 	 Training Loss: 1.8386

 Test set Averages: Loss: 1.540 | Precision@1: 41.820% (4182/10000)

Epoch: 1
Loss: 1.582 | Precision@1: 39.062% (50/128)
Loss: 1.519 | Precision@1: 41.016% (105/256)
Loss: 1.540 | Precision@1: 39.844% (153/384)
Loss: 1.527 | Precision@1: 41.602% (213/512)
Loss: 1.532 | Precision@1: 41.875% (268/640)
Loss: 1.521 | Precision@1: 42.057% (323/768)
Loss: 1.528 | Precision@1: 41.741% (374/896)
Loss: 1.531 | Precision@1: 41.797% (428/1024)
Loss: 1.533 | Precision@1: 41.840% (482/1152)
Loss: 1.531 | Precision@1: 42.734% (547/1280)
Loss: 1.529 | Precision@1: 42.330% (596/1408)
Loss: 1.525 | Precision@1: 43.034% (661/1536)
Loss: 1.516 | Precision@1: 43.450% (723/1664)
Loss: 1.525 | Precision@1: 43.080% (772/1792)
Loss: 1.522 | Precision@1: 43.177% (829/1920)
Loss: 1.533 | Precision@1: 43.018% (881/2048)
Loss: 1.518 | Precision@1: 43.474% (946/2176)
Loss: 1.518 | Precision@1: 43.533% (1003/2304)
Loss: 1.510 | Precision@1: 43.873% (1067/2432)
Loss: 1.506 | Precision@1: 44.062% (1128/2560)
Loss: 1.510 | Precision@1: 43.936% (1181/2688)
Loss: 1.507 | Precision@1: 44.283% (1247/2816)
Loss: 1.503 | Precision@1: 44.260% (1303/2944)
Loss: 1.501 | Precision@1: 44.271% (1360/3072)
Loss: 1.505 | Precision@1: 44.094% (1411/3200)
Loss: 1.503 | Precision@1: 44.231% (1472/3328)
Loss: 1.509 | Precision@1: 44.242% (1529/3456)
Loss: 1.508 | Precision@1: 44.308% (1588/3584)
Loss: 1.508 | Precision@1: 44.262% (1643/3712)
Loss: 1.508 | Precision@1: 44.349% (1703/3840)
Loss: 1.506 | Precision@1: 44.430% (1763/3968)
Loss: 1.510 | Precision@1: 44.312% (1815/4096)
Loss: 1.516 | Precision@1: 44.152% (1865/4224)
Loss: 1.515 | Precision@1: 44.301% (1928/4352)
Loss: 1.513 | Precision@1: 44.442% (1991/4480)
Loss: 1.510 | Precision@1: 44.553% (2053/4608)
Loss: 1.511 | Precision@1: 44.447% (2105/4736)
Loss: 1.509 | Precision@1: 44.613% (2170/4864)
Loss: 1.508 | Precision@1: 44.671% (2230/4992)
Loss: 1.505 | Precision@1: 44.648% (2286/5120)
Loss: 1.503 | Precision@1: 44.893% (2356/5248)
Loss: 1.500 | Precision@1: 45.126% (2426/5376)
Loss: 1.502 | Precision@1: 45.076% (2481/5504)
Loss: 1.502 | Precision@1: 45.046% (2537/5632)
Loss: 1.500 | Precision@1: 45.069% (2596/5760)
Loss: 1.503 | Precision@1: 45.058% (2653/5888)
Loss: 1.502 | Precision@1: 45.163% (2717/6016)
Loss: 1.505 | Precision@1: 45.003% (2765/6144)
Loss: 1.509 | Precision@1: 44.914% (2817/6272)
Loss: 1.509 | Precision@1: 44.984% (2879/6400)
Loss: 1.510 | Precision@1: 44.899% (2931/6528)
Loss: 1.509 | Precision@1: 44.937% (2991/6656)
Loss: 1.508 | Precision@1: 45.003% (3053/6784)
Loss: 1.506 | Precision@1: 45.067% (3115/6912)
Loss: 1.504 | Precision@1: 45.099% (3175/7040)
Loss: 1.503 | Precision@1: 45.103% (3233/7168)
Loss: 1.502 | Precision@1: 45.134% (3293/7296)
Loss: 1.500 | Precision@1: 45.164% (3353/7424)
Loss: 1.499 | Precision@1: 45.114% (3407/7552)
Loss: 1.498 | Precision@1: 45.052% (3460/7680)
Loss: 1.500 | Precision@1: 44.992% (3513/7808)
Loss: 1.498 | Precision@1: 45.098% (3579/7936)
Loss: 1.500 | Precision@1: 45.002% (3629/8064)
Loss: 1.501 | Precision@1: 45.007% (3687/8192)
Loss: 1.500 | Precision@1: 45.084% (3751/8320)
Loss: 1.501 | Precision@1: 45.028% (3804/8448)
Loss: 1.499 | Precision@1: 45.068% (3865/8576)
Loss: 1.498 | Precision@1: 45.025% (3919/8704)
Loss: 1.497 | Precision@1: 45.018% (3976/8832)
Loss: 1.496 | Precision@1: 45.100% (4041/8960)
Loss: 1.493 | Precision@1: 45.257% (4113/9088)
Loss: 1.493 | Precision@1: 45.182% (4164/9216)
Loss: 1.495 | Precision@1: 45.131% (4217/9344)
Loss: 1.494 | Precision@1: 45.217% (4283/9472)
Loss: 1.491 | Precision@1: 45.240% (4343/9600)
Loss: 1.490 | Precision@1: 45.230% (4400/9728)
Loss: 1.489 | Precision@1: 45.282% (4463/9856)
Loss: 1.488 | Precision@1: 45.302% (4523/9984)
Loss: 1.487 | Precision@1: 45.303% (4581/10112)
Loss: 1.485 | Precision@1: 45.400% (4649/10240)
Loss: 1.484 | Precision@1: 45.370% (4704/10368)
Loss: 1.483 | Precision@1: 45.446% (4770/10496)
Loss: 1.482 | Precision@1: 45.520% (4836/10624)
Loss: 1.480 | Precision@1: 45.592% (4902/10752)
Loss: 1.480 | Precision@1: 45.579% (4959/10880)
Loss: 1.479 | Precision@1: 45.621% (5022/11008)
Loss: 1.479 | Precision@1: 45.618% (5080/11136)
Loss: 1.480 | Precision@1: 45.605% (5137/11264)
Loss: 1.478 | Precision@1: 45.664% (5202/11392)
Loss: 1.478 | Precision@1: 45.582% (5251/11520)
Loss: 1.479 | Precision@1: 45.587% (5310/11648)
Loss: 1.477 | Precision@1: 45.669% (5378/11776)
Loss: 1.478 | Precision@1: 45.657% (5435/11904)
Loss: 1.478 | Precision@1: 45.637% (5491/12032)
Loss: 1.475 | Precision@1: 45.757% (5564/12160)
Loss: 1.474 | Precision@1: 45.809% (5629/12288)
Loss: 1.474 | Precision@1: 45.892% (5698/12416)
Loss: 1.473 | Precision@1: 45.926% (5761/12544)
Loss: 1.473 | Precision@1: 45.967% (5825/12672)
Loss: 1.471 | Precision@1: 46.031% (5892/12800)
Loss: 1.470 | Precision@1: 46.086% (5958/12928)
Loss: 1.469 | Precision@1: 46.109% (6020/13056)
Loss: 1.470 | Precision@1: 46.086% (6076/13184)
Loss: 1.469 | Precision@1: 46.154% (6144/13312)
Loss: 1.468 | Precision@1: 46.183% (6207/13440)
Loss: 1.467 | Precision@1: 46.234% (6273/13568)
Loss: 1.467 | Precision@1: 46.218% (6330/13696)
Loss: 1.466 | Precision@1: 46.209% (6388/13824)
Loss: 1.464 | Precision@1: 46.273% (6456/13952)
Loss: 1.465 | Precision@1: 46.200% (6505/14080)
Loss: 1.464 | Precision@1: 46.185% (6562/14208)
Loss: 1.464 | Precision@1: 46.268% (6633/14336)
Loss: 1.463 | Precision@1: 46.218% (6685/14464)
Loss: 1.462 | Precision@1: 46.224% (6745/14592)
Loss: 1.462 | Precision@1: 46.264% (6810/14720)
Loss: 1.462 | Precision@1: 46.262% (6869/14848)
Loss: 1.462 | Precision@1: 46.281% (6931/14976)
Loss: 1.462 | Precision@1: 46.306% (6994/15104)
Loss: 1.462 | Precision@1: 46.376% (7064/15232)
Loss: 1.460 | Precision@1: 46.393% (7126/15360)
Loss: 1.461 | Precision@1: 46.384% (7184/15488)
Loss: 1.460 | Precision@1: 46.382% (7243/15616)
Loss: 1.459 | Precision@1: 46.430% (7310/15744)
Loss: 1.459 | Precision@1: 46.434% (7370/15872)
Loss: 1.459 | Precision@1: 46.462% (7434/16000)
Loss: 1.459 | Precision@1: 46.460% (7493/16128)
Loss: 1.460 | Precision@1: 46.438% (7549/16256)
Loss: 1.460 | Precision@1: 46.429% (7607/16384)
Loss: 1.460 | Precision@1: 46.457% (7671/16512)
Loss: 1.459 | Precision@1: 46.490% (7736/16640)
Loss: 1.459 | Precision@1: 46.475% (7793/16768)
Loss: 1.459 | Precision@1: 46.484% (7854/16896)
Loss: 1.458 | Precision@1: 46.546% (7924/17024)
Loss: 1.457 | Precision@1: 46.583% (7990/17152)
Loss: 1.457 | Precision@1: 46.615% (8055/17280)
Loss: 1.457 | Precision@1: 46.605% (8113/17408)
Loss: 1.457 | Precision@1: 46.630% (8177/17536)
Loss: 1.456 | Precision@1: 46.626% (8236/17664)
Loss: 1.455 | Precision@1: 46.684% (8306/17792)
Loss: 1.452 | Precision@1: 46.769% (8381/17920)
Loss: 1.451 | Precision@1: 46.820% (8450/18048)
Loss: 1.450 | Precision@1: 46.886% (8522/18176)
Loss: 1.450 | Precision@1: 46.891% (8583/18304)
Loss: 1.449 | Precision@1: 46.902% (8645/18432)
Loss: 1.449 | Precision@1: 46.853% (8696/18560)
Loss: 1.449 | Precision@1: 46.880% (8761/18688)
Loss: 1.449 | Precision@1: 46.891% (8823/18816)
Loss: 1.449 | Precision@1: 46.891% (8883/18944)
Loss: 1.448 | Precision@1: 46.885% (8942/19072)
Loss: 1.448 | Precision@1: 46.875% (9000/19200)
Loss: 1.449 | Precision@1: 46.854% (9056/19328)
Loss: 1.450 | Precision@1: 46.839% (9113/19456)
Loss: 1.449 | Precision@1: 46.875% (9180/19584)
Loss: 1.448 | Precision@1: 46.911% (9247/19712)
Loss: 1.448 | Precision@1: 46.895% (9304/19840)
Loss: 1.448 | Precision@1: 46.870% (9359/19968)
Loss: 1.448 | Precision@1: 46.820% (9409/20096)
Loss: 1.447 | Precision@1: 46.840% (9473/20224)
Loss: 1.446 | Precision@1: 46.860% (9537/20352)
Loss: 1.445 | Precision@1: 46.890% (9603/20480)
Loss: 1.444 | Precision@1: 46.909% (9667/20608)
Loss: 1.444 | Precision@1: 46.943% (9734/20736)
Loss: 1.443 | Precision@1: 46.956% (9797/20864)
Loss: 1.443 | Precision@1: 46.999% (9866/20992)
Loss: 1.442 | Precision@1: 46.998% (9926/21120)
Loss: 1.442 | Precision@1: 47.021% (9991/21248)
Loss: 1.441 | Precision@1: 47.086% (10065/21376)
Loss: 1.440 | Precision@1: 47.108% (10130/21504)
Loss: 1.439 | Precision@1: 47.115% (10192/21632)
Loss: 1.439 | Precision@1: 47.137% (10257/21760)
Loss: 1.438 | Precision@1: 47.177% (10326/21888)
Loss: 1.437 | Precision@1: 47.202% (10392/22016)
Loss: 1.436 | Precision@1: 47.232% (10459/22144)
Loss: 1.435 | Precision@1: 47.284% (10531/22272)
Loss: 1.434 | Precision@1: 47.304% (10596/22400)
Loss: 1.433 | Precision@1: 47.354% (10668/22528)
Loss: 1.433 | Precision@1: 47.387% (10736/22656)
Loss: 1.432 | Precision@1: 47.380% (10795/22784)
Loss: 1.432 | Precision@1: 47.399% (10860/22912)
Loss: 1.431 | Precision@1: 47.448% (10932/23040)
Loss: 1.431 | Precision@1: 47.436% (10990/23168)
Loss: 1.431 | Precision@1: 47.429% (11049/23296)
Loss: 1.431 | Precision@1: 47.485% (11123/23424)
Loss: 1.431 | Precision@1: 47.474% (11181/23552)
Loss: 1.431 | Precision@1: 47.479% (11243/23680)
Loss: 1.431 | Precision@1: 47.488% (11306/23808)
Loss: 1.430 | Precision@1: 47.481% (11365/23936)
Loss: 1.430 | Precision@1: 47.502% (11431/24064)
Loss: 1.429 | Precision@1: 47.520% (11496/24192)
Loss: 1.428 | Precision@1: 47.570% (11569/24320)
Loss: 1.427 | Precision@1: 47.595% (11636/24448)
Loss: 1.427 | Precision@1: 47.616% (11702/24576)
Loss: 1.426 | Precision@1: 47.648% (11771/24704)
Loss: 1.426 | Precision@1: 47.656% (11834/24832)
Loss: 1.426 | Precision@1: 47.652% (11894/24960)
Loss: 1.426 | Precision@1: 47.644% (11953/25088)
Loss: 1.426 | Precision@1: 47.668% (12020/25216)
Loss: 1.425 | Precision@1: 47.731% (12097/25344)
Loss: 1.426 | Precision@1: 47.747% (12162/25472)
Loss: 1.426 | Precision@1: 47.730% (12219/25600)
Loss: 1.426 | Precision@1: 47.738% (12282/25728)
Loss: 1.425 | Precision@1: 47.795% (12358/25856)
Loss: 1.424 | Precision@1: 47.853% (12434/25984)
Loss: 1.423 | Precision@1: 47.894% (12506/26112)
Loss: 1.423 | Precision@1: 47.942% (12580/26240)
Loss: 1.422 | Precision@1: 47.948% (12643/26368)
Loss: 1.422 | Precision@1: 47.924% (12698/26496)
Loss: 1.422 | Precision@1: 47.949% (12766/26624)
Loss: 1.421 | Precision@1: 47.981% (12836/26752)
Loss: 1.421 | Precision@1: 48.010% (12905/26880)
Loss: 1.420 | Precision@1: 48.038% (12974/27008)
Loss: 1.419 | Precision@1: 48.098% (13052/27136)
Loss: 1.419 | Precision@1: 48.100% (13114/27264)
Loss: 1.419 | Precision@1: 48.109% (13178/27392)
Loss: 1.419 | Precision@1: 48.100% (13237/27520)
Loss: 1.418 | Precision@1: 48.130% (13307/27648)
Loss: 1.417 | Precision@1: 48.167% (13379/27776)
Loss: 1.417 | Precision@1: 48.165% (13440/27904)
Loss: 1.416 | Precision@1: 48.216% (13516/28032)
Loss: 1.415 | Precision@1: 48.249% (13587/28160)
Loss: 1.415 | Precision@1: 48.250% (13649/28288)
Loss: 1.415 | Precision@1: 48.290% (13722/28416)
Loss: 1.415 | Precision@1: 48.283% (13782/28544)
Loss: 1.415 | Precision@1: 48.281% (13843/28672)
Loss: 1.414 | Precision@1: 48.312% (13914/28800)
Loss: 1.414 | Precision@1: 48.317% (13977/28928)
Loss: 1.414 | Precision@1: 48.314% (14038/29056)
Loss: 1.414 | Precision@1: 48.300% (14096/29184)
Loss: 1.414 | Precision@1: 48.287% (14154/29312)
Loss: 1.414 | Precision@1: 48.268% (14210/29440)
Loss: 1.413 | Precision@1: 48.289% (14278/29568)
Loss: 1.413 | Precision@1: 48.286% (14339/29696)
Loss: 1.413 | Precision@1: 48.303% (14406/29824)
Loss: 1.413 | Precision@1: 48.261% (14455/29952)
Loss: 1.413 | Precision@1: 48.288% (14525/30080)
Loss: 1.413 | Precision@1: 48.289% (14587/30208)
Loss: 1.411 | Precision@1: 48.358% (14670/30336)
Loss: 1.411 | Precision@1: 48.355% (14731/30464)
Loss: 1.412 | Precision@1: 48.356% (14793/30592)
Loss: 1.412 | Precision@1: 48.376% (14861/30720)
Loss: 1.411 | Precision@1: 48.373% (14922/30848)
Loss: 1.411 | Precision@1: 48.389% (14989/30976)
Loss: 1.411 | Precision@1: 48.383% (15049/31104)
Loss: 1.411 | Precision@1: 48.373% (15108/31232)
Loss: 1.410 | Precision@1: 48.380% (15172/31360)
Loss: 1.409 | Precision@1: 48.403% (15241/31488)
Loss: 1.409 | Precision@1: 48.422% (15309/31616)
Loss: 1.409 | Precision@1: 48.425% (15372/31744)
Loss: 1.408 | Precision@1: 48.466% (15447/31872)
Loss: 1.407 | Precision@1: 48.500% (15520/32000)
Loss: 1.406 | Precision@1: 48.512% (15586/32128)
Loss: 1.407 | Precision@1: 48.534% (15655/32256)
Loss: 1.406 | Precision@1: 48.539% (15719/32384)
Loss: 1.406 | Precision@1: 48.533% (15779/32512)
Loss: 1.405 | Precision@1: 48.536% (15842/32640)
Loss: 1.405 | Precision@1: 48.541% (15906/32768)
Loss: 1.405 | Precision@1: 48.553% (15972/32896)
Loss: 1.404 | Precision@1: 48.586% (16045/33024)
Loss: 1.404 | Precision@1: 48.591% (16109/33152)
Loss: 1.404 | Precision@1: 48.588% (16170/33280)
Loss: 1.404 | Precision@1: 48.608% (16239/33408)
Loss: 1.403 | Precision@1: 48.613% (16303/33536)
Loss: 1.403 | Precision@1: 48.631% (16371/33664)
Loss: 1.403 | Precision@1: 48.633% (16434/33792)
Loss: 1.403 | Precision@1: 48.617% (16491/33920)
Loss: 1.402 | Precision@1: 48.634% (16559/34048)
Loss: 1.402 | Precision@1: 48.645% (16625/34176)
Loss: 1.401 | Precision@1: 48.682% (16700/34304)
Loss: 1.401 | Precision@1: 48.673% (16759/34432)
Loss: 1.401 | Precision@1: 48.698% (16830/34560)
Loss: 1.401 | Precision@1: 48.708% (16896/34688)
Loss: 1.400 | Precision@1: 48.722% (16963/34816)
Loss: 1.400 | Precision@1: 48.741% (17032/34944)
Loss: 1.399 | Precision@1: 48.734% (17092/35072)
Loss: 1.399 | Precision@1: 48.724% (17151/35200)
Loss: 1.399 | Precision@1: 48.735% (17217/35328)
Loss: 1.398 | Precision@1: 48.773% (17293/35456)
Loss: 1.398 | Precision@1: 48.806% (17367/35584)
Loss: 1.398 | Precision@1: 48.793% (17425/35712)
Loss: 1.397 | Precision@1: 48.809% (17493/35840)
Loss: 1.398 | Precision@1: 48.785% (17547/35968)
Loss: 1.398 | Precision@1: 48.798% (17614/36096)
Loss: 1.398 | Precision@1: 48.813% (17682/36224)
Loss: 1.398 | Precision@1: 48.820% (17747/36352)
Loss: 1.397 | Precision@1: 48.838% (17816/36480)
Loss: 1.397 | Precision@1: 48.845% (17881/36608)
Loss: 1.397 | Precision@1: 48.851% (17946/36736)
Loss: 1.397 | Precision@1: 48.882% (18020/36864)
Loss: 1.396 | Precision@1: 48.921% (18097/36992)
Loss: 1.395 | Precision@1: 48.944% (18168/37120)
Loss: 1.395 | Precision@1: 48.948% (18232/37248)
Loss: 1.395 | Precision@1: 48.938% (18291/37376)
Loss: 1.395 | Precision@1: 48.933% (18352/37504)
Loss: 1.394 | Precision@1: 48.948% (18420/37632)
Loss: 1.394 | Precision@1: 48.975% (18493/37760)
Loss: 1.393 | Precision@1: 49.002% (18566/37888)
Loss: 1.393 | Precision@1: 49.008% (18631/38016)
Loss: 1.392 | Precision@1: 49.017% (18697/38144)
Loss: 1.392 | Precision@1: 49.012% (18758/38272)
Loss: 1.391 | Precision@1: 49.042% (18832/38400)
Loss: 1.391 | Precision@1: 49.058% (18901/38528)
Loss: 1.391 | Precision@1: 49.076% (18971/38656)
Loss: 1.390 | Precision@1: 49.087% (19038/38784)
Loss: 1.390 | Precision@1: 49.095% (19104/38912)
Loss: 1.389 | Precision@1: 49.121% (19177/39040)
Loss: 1.389 | Precision@1: 49.140% (19247/39168)
Loss: 1.388 | Precision@1: 49.155% (19316/39296)
Loss: 1.388 | Precision@1: 49.165% (19383/39424)
Loss: 1.388 | Precision@1: 49.196% (19458/39552)
Loss: 1.386 | Precision@1: 49.241% (19539/39680)
Loss: 1.386 | Precision@1: 49.277% (19616/39808)
Loss: 1.385 | Precision@1: 49.279% (19680/39936)
Loss: 1.385 | Precision@1: 49.284% (19745/40064)
Loss: 1.384 | Precision@1: 49.326% (19825/40192)
Loss: 1.384 | Precision@1: 49.338% (19893/40320)
Loss: 1.383 | Precision@1: 49.355% (19963/40448)
Loss: 1.383 | Precision@1: 49.386% (20039/40576)
Loss: 1.382 | Precision@1: 49.405% (20110/40704)
Loss: 1.382 | Precision@1: 49.427% (20182/40832)
Loss: 1.381 | Precision@1: 49.460% (20259/40960)
Loss: 1.381 | Precision@1: 49.472% (20327/41088)
Loss: 1.380 | Precision@1: 49.498% (20401/41216)
Loss: 1.380 | Precision@1: 49.497% (20464/41344)
Loss: 1.380 | Precision@1: 49.494% (20526/41472)
Loss: 1.380 | Precision@1: 49.502% (20593/41600)
Loss: 1.380 | Precision@1: 49.494% (20653/41728)
Loss: 1.380 | Precision@1: 49.501% (20719/41856)
Loss: 1.379 | Precision@1: 49.526% (20793/41984)
Loss: 1.378 | Precision@1: 49.575% (20877/42112)
Loss: 1.378 | Precision@1: 49.567% (20937/42240)
Loss: 1.378 | Precision@1: 49.589% (21010/42368)
Loss: 1.377 | Precision@1: 49.602% (21079/42496)
Loss: 1.376 | Precision@1: 49.622% (21151/42624)
Loss: 1.376 | Precision@1: 49.619% (21213/42752)
Loss: 1.376 | Precision@1: 49.646% (21288/42880)
Loss: 1.375 | Precision@1: 49.647% (21352/43008)
Loss: 1.375 | Precision@1: 49.648% (21416/43136)
Loss: 1.375 | Precision@1: 49.651% (21481/43264)
Loss: 1.375 | Precision@1: 49.677% (21556/43392)
Loss: 1.374 | Precision@1: 49.701% (21630/43520)
Loss: 1.374 | Precision@1: 49.730% (21706/43648)
Loss: 1.373 | Precision@1: 49.742% (21775/43776)
Loss: 1.373 | Precision@1: 49.747% (21841/43904)
Loss: 1.373 | Precision@1: 49.766% (21913/44032)
Loss: 1.373 | Precision@1: 49.774% (21980/44160)
Loss: 1.372 | Precision@1: 49.799% (22055/44288)
Loss: 1.372 | Precision@1: 49.809% (22123/44416)
Loss: 1.371 | Precision@1: 49.838% (22200/44544)
Loss: 1.370 | Precision@1: 49.875% (22280/44672)
Loss: 1.370 | Precision@1: 49.871% (22342/44800)
Loss: 1.369 | Precision@1: 49.895% (22417/44928)
Loss: 1.369 | Precision@1: 49.909% (22487/45056)
Loss: 1.368 | Precision@1: 49.927% (22559/45184)
Loss: 1.368 | Precision@1: 49.947% (22632/45312)
Loss: 1.367 | Precision@1: 49.958% (22701/45440)
Loss: 1.367 | Precision@1: 49.991% (22780/45568)
Loss: 1.366 | Precision@1: 50.004% (22850/45696)
Loss: 1.366 | Precision@1: 50.022% (22922/45824)
Loss: 1.365 | Precision@1: 50.048% (22998/45952)
Loss: 1.365 | Precision@1: 50.082% (23078/46080)
Loss: 1.364 | Precision@1: 50.093% (23147/46208)
Loss: 1.364 | Precision@1: 50.095% (23212/46336)
Loss: 1.364 | Precision@1: 50.118% (23287/46464)
Loss: 1.364 | Precision@1: 50.142% (23362/46592)
Loss: 1.363 | Precision@1: 50.158% (23434/46720)
Loss: 1.363 | Precision@1: 50.164% (23501/46848)
Loss: 1.363 | Precision@1: 50.177% (23571/46976)
Loss: 1.363 | Precision@1: 50.166% (23630/47104)
Loss: 1.363 | Precision@1: 50.174% (23698/47232)
Loss: 1.363 | Precision@1: 50.173% (23762/47360)
Loss: 1.362 | Precision@1: 50.213% (23845/47488)
Loss: 1.361 | Precision@1: 50.227% (23916/47616)
Loss: 1.361 | Precision@1: 50.253% (23993/47744)
Loss: 1.360 | Precision@1: 50.274% (24067/47872)
Loss: 1.360 | Precision@1: 50.290% (24139/48000)
Loss: 1.359 | Precision@1: 50.316% (24216/48128)
Loss: 1.359 | Precision@1: 50.348% (24296/48256)
Loss: 1.359 | Precision@1: 50.362% (24367/48384)
Loss: 1.359 | Precision@1: 50.379% (24440/48512)
Loss: 1.358 | Precision@1: 50.382% (24506/48640)
Loss: 1.358 | Precision@1: 50.377% (24568/48768)
Loss: 1.357 | Precision@1: 50.395% (24641/48896)
Loss: 1.357 | Precision@1: 50.402% (24709/49024)
Loss: 1.356 | Precision@1: 50.431% (24788/49152)
Loss: 1.356 | Precision@1: 50.442% (24858/49280)
Loss: 1.356 | Precision@1: 50.449% (24926/49408)
Loss: 1.356 | Precision@1: 50.458% (24995/49536)
Loss: 1.355 | Precision@1: 50.487% (25074/49664)
Loss: 1.355 | Precision@1: 50.490% (25140/49792)
Loss: 1.354 | Precision@1: 50.513% (25216/49920)
Loss: 1.354 | Precision@1: 50.514% (25257/50000)

Aggregates: 			
 	 DataLoader Time: 0.7953 			
 	 Mini-batch Time: 33.6258 			
 	 Training Epoch Time: 161.8096
 			
 Averages: 			
 	 Training Loss: 1.3543

 Test set Averages: Loss: 1.245 | Precision@1: 54.870% (5487/10000)

Epoch: 2
Loss: 1.129 | Precision@1: 56.250% (72/128)
Loss: 1.238 | Precision@1: 53.516% (137/256)
Loss: 1.295 | Precision@1: 52.344% (201/384)
Loss: 1.270 | Precision@1: 54.883% (281/512)
Loss: 1.269 | Precision@1: 55.000% (352/640)
Loss: 1.259 | Precision@1: 54.948% (422/768)
Loss: 1.249 | Precision@1: 55.022% (493/896)
Loss: 1.230 | Precision@1: 55.762% (571/1024)
Loss: 1.220 | Precision@1: 55.729% (642/1152)
Loss: 1.216 | Precision@1: 55.625% (712/1280)
Loss: 1.222 | Precision@1: 55.966% (788/1408)
Loss: 1.219 | Precision@1: 56.445% (867/1536)
Loss: 1.217 | Precision@1: 56.731% (944/1664)
Loss: 1.216 | Precision@1: 56.585% (1014/1792)
Loss: 1.224 | Precision@1: 56.250% (1080/1920)
Loss: 1.214 | Precision@1: 56.396% (1155/2048)
Loss: 1.211 | Precision@1: 56.526% (1230/2176)
Loss: 1.208 | Precision@1: 56.641% (1305/2304)
Loss: 1.206 | Precision@1: 56.826% (1382/2432)
Loss: 1.204 | Precision@1: 56.836% (1455/2560)
Loss: 1.207 | Precision@1: 56.882% (1529/2688)
Loss: 1.212 | Precision@1: 56.570% (1593/2816)
Loss: 1.206 | Precision@1: 56.624% (1667/2944)
Loss: 1.200 | Precision@1: 56.999% (1751/3072)
Loss: 1.198 | Precision@1: 57.156% (1829/3200)
Loss: 1.202 | Precision@1: 56.911% (1894/3328)
Loss: 1.200 | Precision@1: 57.002% (1970/3456)
Loss: 1.197 | Precision@1: 56.948% (2041/3584)
Loss: 1.202 | Precision@1: 56.735% (2106/3712)
Loss: 1.204 | Precision@1: 56.667% (2176/3840)
Loss: 1.209 | Precision@1: 56.452% (2240/3968)
Loss: 1.205 | Precision@1: 56.738% (2324/4096)
Loss: 1.206 | Precision@1: 56.842% (2401/4224)
Loss: 1.205 | Precision@1: 57.054% (2483/4352)
Loss: 1.204 | Precision@1: 57.143% (2560/4480)
Loss: 1.201 | Precision@1: 57.270% (2639/4608)
Loss: 1.201 | Precision@1: 57.327% (2715/4736)
Loss: 1.203 | Precision@1: 57.175% (2781/4864)
Loss: 1.200 | Precision@1: 57.252% (2858/4992)
Loss: 1.197 | Precision@1: 57.305% (2934/5120)
Loss: 1.196 | Precision@1: 57.317% (3008/5248)
Loss: 1.194 | Precision@1: 57.459% (3089/5376)
Loss: 1.190 | Precision@1: 57.431% (3161/5504)
Loss: 1.190 | Precision@1: 57.582% (3243/5632)
Loss: 1.189 | Precision@1: 57.517% (3313/5760)
Loss: 1.187 | Precision@1: 57.490% (3385/5888)
Loss: 1.187 | Precision@1: 57.530% (3461/6016)
Loss: 1.184 | Precision@1: 57.520% (3534/6144)
Loss: 1.185 | Precision@1: 57.510% (3607/6272)
Loss: 1.183 | Precision@1: 57.562% (3684/6400)
Loss: 1.187 | Precision@1: 57.460% (3751/6528)
Loss: 1.187 | Precision@1: 57.497% (3827/6656)
Loss: 1.188 | Precision@1: 57.562% (3905/6784)
Loss: 1.189 | Precision@1: 57.494% (3974/6912)
Loss: 1.190 | Precision@1: 57.514% (4049/7040)
Loss: 1.188 | Precision@1: 57.603% (4129/7168)
Loss: 1.187 | Precision@1: 57.648% (4206/7296)
Loss: 1.189 | Precision@1: 57.610% (4277/7424)
Loss: 1.187 | Precision@1: 57.733% (4360/7552)
Loss: 1.188 | Precision@1: 57.786% (4438/7680)
Loss: 1.189 | Precision@1: 57.774% (4511/7808)
Loss: 1.188 | Precision@1: 57.775% (4585/7936)
Loss: 1.185 | Precision@1: 57.937% (4672/8064)
Loss: 1.182 | Precision@1: 58.118% (4761/8192)
Loss: 1.181 | Precision@1: 58.173% (4840/8320)
Loss: 1.182 | Precision@1: 58.144% (4912/8448)
Loss: 1.183 | Precision@1: 58.069% (4980/8576)
Loss: 1.181 | Precision@1: 58.111% (5058/8704)
Loss: 1.182 | Precision@1: 58.084% (5130/8832)
Loss: 1.182 | Precision@1: 58.025% (5199/8960)
Loss: 1.180 | Precision@1: 58.121% (5282/9088)
Loss: 1.178 | Precision@1: 58.192% (5363/9216)
Loss: 1.178 | Precision@1: 58.198% (5438/9344)
Loss: 1.176 | Precision@1: 58.266% (5519/9472)
Loss: 1.172 | Precision@1: 58.417% (5608/9600)
Loss: 1.174 | Precision@1: 58.337% (5675/9728)
Loss: 1.174 | Precision@1: 58.411% (5757/9856)
Loss: 1.177 | Precision@1: 58.373% (5828/9984)
Loss: 1.178 | Precision@1: 58.356% (5901/10112)
Loss: 1.176 | Precision@1: 58.418% (5982/10240)
Loss: 1.175 | Precision@1: 58.536% (6069/10368)
Loss: 1.176 | Precision@1: 58.518% (6142/10496)
Loss: 1.175 | Precision@1: 58.528% (6218/10624)
Loss: 1.174 | Precision@1: 58.622% (6303/10752)
Loss: 1.173 | Precision@1: 58.658% (6382/10880)
Loss: 1.174 | Precision@1: 58.648% (6456/11008)
Loss: 1.174 | Precision@1: 58.657% (6532/11136)
Loss: 1.173 | Precision@1: 58.745% (6617/11264)
Loss: 1.171 | Precision@1: 58.743% (6692/11392)
Loss: 1.173 | Precision@1: 58.681% (6760/11520)
Loss: 1.173 | Precision@1: 58.645% (6831/11648)
Loss: 1.171 | Precision@1: 58.738% (6917/11776)
Loss: 1.172 | Precision@1: 58.711% (6989/11904)
Loss: 1.170 | Precision@1: 58.743% (7068/12032)
Loss: 1.170 | Precision@1: 58.758% (7145/12160)
Loss: 1.169 | Precision@1: 58.740% (7218/12288)
Loss: 1.170 | Precision@1: 58.682% (7286/12416)
Loss: 1.170 | Precision@1: 58.642% (7356/12544)
Loss: 1.169 | Precision@1: 58.736% (7443/12672)
Loss: 1.168 | Precision@1: 58.797% (7526/12800)
Loss: 1.166 | Precision@1: 58.810% (7603/12928)
Loss: 1.166 | Precision@1: 58.816% (7679/13056)
Loss: 1.165 | Precision@1: 58.859% (7760/13184)
Loss: 1.164 | Precision@1: 58.879% (7838/13312)
Loss: 1.164 | Precision@1: 58.899% (7916/13440)
Loss: 1.163 | Precision@1: 58.955% (7999/13568)
Loss: 1.163 | Precision@1: 58.937% (8072/13696)
Loss: 1.162 | Precision@1: 58.941% (8148/13824)
Loss: 1.162 | Precision@1: 58.923% (8221/13952)
Loss: 1.160 | Precision@1: 58.977% (8304/14080)
Loss: 1.163 | Precision@1: 58.939% (8374/14208)
Loss: 1.165 | Precision@1: 58.859% (8438/14336)
Loss: 1.164 | Precision@1: 58.870% (8515/14464)
Loss: 1.163 | Precision@1: 58.916% (8597/14592)
Loss: 1.163 | Precision@1: 58.838% (8661/14720)
Loss: 1.162 | Precision@1: 58.863% (8740/14848)
Loss: 1.162 | Precision@1: 58.854% (8814/14976)
Loss: 1.161 | Precision@1: 58.839% (8887/15104)
Loss: 1.161 | Precision@1: 58.837% (8962/15232)
Loss: 1.161 | Precision@1: 58.763% (9026/15360)
Loss: 1.160 | Precision@1: 58.807% (9108/15488)
Loss: 1.160 | Precision@1: 58.843% (9189/15616)
Loss: 1.159 | Precision@1: 58.854% (9266/15744)
Loss: 1.159 | Precision@1: 58.852% (9341/15872)
Loss: 1.158 | Precision@1: 58.925% (9428/16000)
Loss: 1.158 | Precision@1: 58.935% (9505/16128)
Loss: 1.158 | Precision@1: 58.926% (9579/16256)
Loss: 1.157 | Precision@1: 58.960% (9660/16384)
Loss: 1.155 | Precision@1: 58.993% (9741/16512)
Loss: 1.155 | Precision@1: 59.020% (9821/16640)
Loss: 1.155 | Precision@1: 58.999% (9893/16768)
Loss: 1.155 | Precision@1: 58.996% (9968/16896)
Loss: 1.154 | Precision@1: 59.040% (10051/17024)
Loss: 1.152 | Precision@1: 59.083% (10134/17152)
Loss: 1.151 | Precision@1: 59.109% (10214/17280)
Loss: 1.151 | Precision@1: 59.128% (10293/17408)
Loss: 1.150 | Precision@1: 59.141% (10371/17536)
Loss: 1.151 | Precision@1: 59.143% (10447/17664)
Loss: 1.151 | Precision@1: 59.145% (10523/17792)
Loss: 1.151 | Precision@1: 59.118% (10594/17920)
Loss: 1.149 | Precision@1: 59.176% (10680/18048)
Loss: 1.147 | Precision@1: 59.243% (10768/18176)
Loss: 1.147 | Precision@1: 59.249% (10845/18304)
Loss: 1.148 | Precision@1: 59.163% (10905/18432)
Loss: 1.148 | Precision@1: 59.186% (10985/18560)
Loss: 1.148 | Precision@1: 59.172% (11058/18688)
Loss: 1.148 | Precision@1: 59.141% (11128/18816)
Loss: 1.148 | Precision@1: 59.122% (11200/18944)
Loss: 1.147 | Precision@1: 59.165% (11284/19072)
Loss: 1.147 | Precision@1: 59.146% (11356/19200)
Loss: 1.146 | Precision@1: 59.189% (11440/19328)
Loss: 1.147 | Precision@1: 59.195% (11517/19456)
Loss: 1.145 | Precision@1: 59.227% (11599/19584)
Loss: 1.146 | Precision@1: 59.208% (11671/19712)
Loss: 1.143 | Precision@1: 59.294% (11764/19840)
Loss: 1.143 | Precision@1: 59.260% (11833/19968)
Loss: 1.144 | Precision@1: 59.246% (11906/20096)
Loss: 1.143 | Precision@1: 59.256% (11984/20224)
Loss: 1.143 | Precision@1: 59.277% (12064/20352)
Loss: 1.142 | Precision@1: 59.258% (12136/20480)
Loss: 1.142 | Precision@1: 59.297% (12220/20608)
Loss: 1.141 | Precision@1: 59.327% (12302/20736)
Loss: 1.142 | Precision@1: 59.327% (12378/20864)
Loss: 1.142 | Precision@1: 59.289% (12446/20992)
Loss: 1.142 | Precision@1: 59.323% (12529/21120)
Loss: 1.142 | Precision@1: 59.314% (12603/21248)
Loss: 1.141 | Precision@1: 59.338% (12684/21376)
Loss: 1.142 | Precision@1: 59.328% (12758/21504)
Loss: 1.142 | Precision@1: 59.338% (12836/21632)
Loss: 1.142 | Precision@1: 59.338% (12912/21760)
Loss: 1.141 | Precision@1: 59.338% (12988/21888)
Loss: 1.141 | Precision@1: 59.325% (13061/22016)
Loss: 1.141 | Precision@1: 59.343% (13141/22144)
Loss: 1.142 | Precision@1: 59.312% (13210/22272)
Loss: 1.141 | Precision@1: 59.330% (13290/22400)
Loss: 1.140 | Precision@1: 59.362% (13373/22528)
Loss: 1.140 | Precision@1: 59.344% (13445/22656)
Loss: 1.141 | Precision@1: 59.296% (13510/22784)
Loss: 1.142 | Precision@1: 59.314% (13590/22912)
Loss: 1.141 | Precision@1: 59.349% (13674/23040)
Loss: 1.141 | Precision@1: 59.345% (13749/23168)
Loss: 1.140 | Precision@1: 59.375% (13832/23296)
Loss: 1.140 | Precision@1: 59.401% (13914/23424)
Loss: 1.139 | Precision@1: 59.417% (13994/23552)
Loss: 1.139 | Precision@1: 59.459% (14080/23680)
Loss: 1.138 | Precision@1: 59.488% (14163/23808)
Loss: 1.137 | Precision@1: 59.488% (14239/23936)
Loss: 1.137 | Precision@1: 59.496% (14317/24064)
Loss: 1.137 | Precision@1: 59.499% (14394/24192)
Loss: 1.137 | Precision@1: 59.498% (14470/24320)
Loss: 1.136 | Precision@1: 59.518% (14551/24448)
Loss: 1.135 | Precision@1: 59.534% (14631/24576)
Loss: 1.135 | Precision@1: 59.553% (14712/24704)
Loss: 1.135 | Precision@1: 59.588% (14797/24832)
Loss: 1.135 | Precision@1: 59.571% (14869/24960)
Loss: 1.135 | Precision@1: 59.558% (14942/25088)
Loss: 1.134 | Precision@1: 59.581% (15024/25216)
Loss: 1.134 | Precision@1: 59.604% (15106/25344)
Loss: 1.133 | Precision@1: 59.626% (15188/25472)
Loss: 1.133 | Precision@1: 59.625% (15264/25600)
Loss: 1.132 | Precision@1: 59.651% (15347/25728)
Loss: 1.132 | Precision@1: 59.677% (15430/25856)
Loss: 1.132 | Precision@1: 59.667% (15504/25984)
Loss: 1.132 | Precision@1: 59.635% (15572/26112)
Loss: 1.132 | Precision@1: 59.638% (15649/26240)
Loss: 1.131 | Precision@1: 59.663% (15732/26368)
Loss: 1.131 | Precision@1: 59.677% (15812/26496)
Loss: 1.131 | Precision@1: 59.694% (15893/26624)
Loss: 1.130 | Precision@1: 59.715% (15975/26752)
Loss: 1.130 | Precision@1: 59.762% (16064/26880)
Loss: 1.129 | Precision@1: 59.779% (16145/27008)
Loss: 1.130 | Precision@1: 59.766% (16218/27136)
Loss: 1.129 | Precision@1: 59.749% (16290/27264)
Loss: 1.130 | Precision@1: 59.744% (16365/27392)
Loss: 1.129 | Precision@1: 59.742% (16441/27520)
Loss: 1.129 | Precision@1: 59.755% (16521/27648)
Loss: 1.129 | Precision@1: 59.760% (16599/27776)
Loss: 1.129 | Precision@1: 59.737% (16669/27904)
Loss: 1.129 | Precision@1: 59.767% (16754/28032)
Loss: 1.128 | Precision@1: 59.798% (16839/28160)
Loss: 1.128 | Precision@1: 59.810% (16919/28288)
Loss: 1.128 | Precision@1: 59.808% (16995/28416)
Loss: 1.127 | Precision@1: 59.813% (17073/28544)
Loss: 1.127 | Precision@1: 59.839% (17157/28672)
Loss: 1.126 | Precision@1: 59.861% (17240/28800)
Loss: 1.126 | Precision@1: 59.869% (17319/28928)
Loss: 1.125 | Precision@1: 59.908% (17407/29056)
Loss: 1.124 | Precision@1: 59.930% (17490/29184)
Loss: 1.125 | Precision@1: 59.945% (17571/29312)
Loss: 1.124 | Precision@1: 59.966% (17654/29440)
Loss: 1.125 | Precision@1: 59.953% (17727/29568)
Loss: 1.124 | Precision@1: 59.978% (17811/29696)
Loss: 1.124 | Precision@1: 59.999% (17894/29824)
Loss: 1.124 | Precision@1: 60.006% (17973/29952)
Loss: 1.124 | Precision@1: 60.027% (18056/30080)
Loss: 1.123 | Precision@1: 60.014% (18129/30208)
Loss: 1.123 | Precision@1: 59.991% (18199/30336)
Loss: 1.123 | Precision@1: 60.002% (18279/30464)
Loss: 1.123 | Precision@1: 60.009% (18358/30592)
Loss: 1.122 | Precision@1: 60.065% (18452/30720)
Loss: 1.121 | Precision@1: 60.111% (18543/30848)
Loss: 1.121 | Precision@1: 60.121% (18623/30976)
Loss: 1.120 | Precision@1: 60.124% (18701/31104)
Loss: 1.121 | Precision@1: 60.127% (18779/31232)
Loss: 1.121 | Precision@1: 60.137% (18859/31360)
Loss: 1.121 | Precision@1: 60.137% (18936/31488)
Loss: 1.121 | Precision@1: 60.163% (19021/31616)
Loss: 1.121 | Precision@1: 60.163% (19098/31744)
Loss: 1.120 | Precision@1: 60.194% (19185/31872)
Loss: 1.121 | Precision@1: 60.175% (19256/32000)
Loss: 1.121 | Precision@1: 60.169% (19331/32128)
Loss: 1.120 | Precision@1: 60.212% (19422/32256)
Loss: 1.120 | Precision@1: 60.221% (19502/32384)
Loss: 1.120 | Precision@1: 60.205% (19574/32512)
Loss: 1.120 | Precision@1: 60.202% (19650/32640)
Loss: 1.119 | Precision@1: 60.217% (19732/32768)
Loss: 1.119 | Precision@1: 60.235% (19815/32896)
Loss: 1.118 | Precision@1: 60.232% (19891/33024)
Loss: 1.118 | Precision@1: 60.268% (19980/33152)
Loss: 1.118 | Precision@1: 60.276% (20060/33280)
Loss: 1.117 | Precision@1: 60.306% (20147/33408)
Loss: 1.117 | Precision@1: 60.317% (20228/33536)
Loss: 1.116 | Precision@1: 60.337% (20312/33664)
Loss: 1.116 | Precision@1: 60.331% (20387/33792)
Loss: 1.116 | Precision@1: 60.342% (20468/33920)
Loss: 1.115 | Precision@1: 60.341% (20545/34048)
Loss: 1.115 | Precision@1: 60.355% (20627/34176)
Loss: 1.115 | Precision@1: 60.360% (20706/34304)
Loss: 1.115 | Precision@1: 60.357% (20782/34432)
Loss: 1.114 | Precision@1: 60.341% (20854/34560)
Loss: 1.114 | Precision@1: 60.329% (20927/34688)
Loss: 1.114 | Precision@1: 60.317% (21000/34816)
Loss: 1.114 | Precision@1: 60.325% (21080/34944)
Loss: 1.115 | Precision@1: 60.299% (21148/35072)
Loss: 1.116 | Precision@1: 60.276% (21217/35200)
Loss: 1.116 | Precision@1: 60.292% (21300/35328)
Loss: 1.116 | Precision@1: 60.314% (21385/35456)
Loss: 1.115 | Precision@1: 60.359% (21478/35584)
Loss: 1.115 | Precision@1: 60.347% (21551/35712)
Loss: 1.115 | Precision@1: 60.349% (21629/35840)
Loss: 1.115 | Precision@1: 60.370% (21714/35968)
Loss: 1.115 | Precision@1: 60.381% (21795/36096)
Loss: 1.115 | Precision@1: 60.377% (21871/36224)
Loss: 1.115 | Precision@1: 60.360% (21942/36352)
Loss: 1.114 | Precision@1: 60.389% (22030/36480)
Loss: 1.114 | Precision@1: 60.416% (22117/36608)
Loss: 1.113 | Precision@1: 60.420% (22196/36736)
Loss: 1.113 | Precision@1: 60.425% (22275/36864)
Loss: 1.114 | Precision@1: 60.432% (22355/36992)
Loss: 1.113 | Precision@1: 60.431% (22432/37120)
Loss: 1.114 | Precision@1: 60.409% (22501/37248)
Loss: 1.113 | Precision@1: 60.410% (22579/37376)
Loss: 1.113 | Precision@1: 60.404% (22654/37504)
Loss: 1.112 | Precision@1: 60.427% (22740/37632)
Loss: 1.112 | Precision@1: 60.456% (22828/37760)
Loss: 1.111 | Precision@1: 60.470% (22911/37888)
Loss: 1.111 | Precision@1: 60.467% (22987/38016)
Loss: 1.111 | Precision@1: 60.484% (23071/38144)
Loss: 1.110 | Precision@1: 60.522% (23163/38272)
Loss: 1.109 | Precision@1: 60.521% (23240/38400)
Loss: 1.109 | Precision@1: 60.520% (23317/38528)
Loss: 1.109 | Precision@1: 60.529% (23398/38656)
Loss: 1.109 | Precision@1: 60.543% (23481/38784)
Loss: 1.109 | Precision@1: 60.526% (23552/38912)
Loss: 1.109 | Precision@1: 60.543% (23636/39040)
Loss: 1.109 | Precision@1: 60.514% (23702/39168)
Loss: 1.108 | Precision@1: 60.553% (23795/39296)
Loss: 1.108 | Precision@1: 60.539% (23867/39424)
Loss: 1.109 | Precision@1: 60.533% (23942/39552)
Loss: 1.108 | Precision@1: 60.514% (24012/39680)
Loss: 1.108 | Precision@1: 60.495% (24082/39808)
Loss: 1.108 | Precision@1: 60.542% (24178/39936)
Loss: 1.107 | Precision@1: 60.541% (24255/40064)
Loss: 1.107 | Precision@1: 60.542% (24333/40192)
Loss: 1.107 | Precision@1: 60.553% (24415/40320)
Loss: 1.107 | Precision@1: 60.572% (24500/40448)
Loss: 1.106 | Precision@1: 60.592% (24586/40576)
Loss: 1.106 | Precision@1: 60.618% (24674/40704)
Loss: 1.106 | Precision@1: 60.622% (24753/40832)
Loss: 1.106 | Precision@1: 60.642% (24839/40960)
Loss: 1.105 | Precision@1: 60.667% (24927/41088)
Loss: 1.105 | Precision@1: 60.661% (25002/41216)
Loss: 1.104 | Precision@1: 60.684% (25089/41344)
Loss: 1.103 | Precision@1: 60.716% (25180/41472)
Loss: 1.103 | Precision@1: 60.704% (25253/41600)
Loss: 1.103 | Precision@1: 60.710% (25333/41728)
Loss: 1.102 | Precision@1: 60.730% (25419/41856)
Loss: 1.102 | Precision@1: 60.759% (25509/41984)
Loss: 1.102 | Precision@1: 60.774% (25593/42112)
Loss: 1.101 | Precision@1: 60.798% (25681/42240)
Loss: 1.101 | Precision@1: 60.796% (25758/42368)
Loss: 1.101 | Precision@1: 60.815% (25844/42496)
Loss: 1.100 | Precision@1: 60.834% (25930/42624)
Loss: 1.100 | Precision@1: 60.849% (26014/42752)
Loss: 1.100 | Precision@1: 60.856% (26095/42880)
Loss: 1.100 | Precision@1: 60.858% (26174/43008)
Loss: 1.100 | Precision@1: 60.863% (26254/43136)
Loss: 1.099 | Precision@1: 60.866% (26333/43264)
Loss: 1.099 | Precision@1: 60.896% (26424/43392)
Loss: 1.099 | Precision@1: 60.882% (26496/43520)
Loss: 1.099 | Precision@1: 60.894% (26579/43648)
Loss: 1.099 | Precision@1: 60.899% (26659/43776)
Loss: 1.099 | Precision@1: 60.926% (26749/43904)
Loss: 1.098 | Precision@1: 60.926% (26827/44032)
Loss: 1.098 | Precision@1: 60.926% (26905/44160)
Loss: 1.098 | Precision@1: 60.933% (26986/44288)
Loss: 1.098 | Precision@1: 60.953% (27073/44416)
Loss: 1.097 | Precision@1: 60.978% (27162/44544)
Loss: 1.097 | Precision@1: 60.985% (27243/44672)
Loss: 1.097 | Precision@1: 61.011% (27333/44800)
Loss: 1.096 | Precision@1: 61.033% (27421/44928)
Loss: 1.095 | Precision@1: 61.068% (27515/45056)
Loss: 1.095 | Precision@1: 61.077% (27597/45184)
Loss: 1.095 | Precision@1: 61.092% (27682/45312)
Loss: 1.095 | Precision@1: 61.107% (27767/45440)
Loss: 1.094 | Precision@1: 61.113% (27848/45568)
Loss: 1.094 | Precision@1: 61.124% (27931/45696)
Loss: 1.094 | Precision@1: 61.132% (28013/45824)
Loss: 1.094 | Precision@1: 61.131% (28091/45952)
Loss: 1.093 | Precision@1: 61.148% (28177/46080)
Loss: 1.093 | Precision@1: 61.167% (28264/46208)
Loss: 1.092 | Precision@1: 61.212% (28363/46336)
Loss: 1.092 | Precision@1: 61.224% (28447/46464)
Loss: 1.092 | Precision@1: 61.221% (28524/46592)
Loss: 1.092 | Precision@1: 61.229% (28606/46720)
Loss: 1.091 | Precision@1: 61.243% (28691/46848)
Loss: 1.091 | Precision@1: 61.248% (28772/46976)
Loss: 1.090 | Precision@1: 61.256% (28854/47104)
Loss: 1.090 | Precision@1: 61.280% (28944/47232)
Loss: 1.089 | Precision@1: 61.288% (29026/47360)
Loss: 1.089 | Precision@1: 61.295% (29108/47488)
Loss: 1.089 | Precision@1: 61.299% (29188/47616)
Loss: 1.089 | Precision@1: 61.325% (29279/47744)
Loss: 1.088 | Precision@1: 61.328% (29359/47872)
Loss: 1.088 | Precision@1: 61.321% (29434/48000)
Loss: 1.088 | Precision@1: 61.314% (29509/48128)
Loss: 1.087 | Precision@1: 61.340% (29600/48256)
Loss: 1.087 | Precision@1: 61.351% (29684/48384)
Loss: 1.087 | Precision@1: 61.366% (29770/48512)
Loss: 1.087 | Precision@1: 61.371% (29851/48640)
Loss: 1.087 | Precision@1: 61.374% (29931/48768)
Loss: 1.086 | Precision@1: 61.394% (30019/48896)
Loss: 1.086 | Precision@1: 61.423% (30112/49024)
Loss: 1.086 | Precision@1: 61.436% (30197/49152)
Loss: 1.085 | Precision@1: 61.447% (30281/49280)
Loss: 1.086 | Precision@1: 61.446% (30359/49408)
Loss: 1.085 | Precision@1: 61.460% (30445/49536)
Loss: 1.085 | Precision@1: 61.439% (30513/49664)
Loss: 1.085 | Precision@1: 61.456% (30600/49792)
Loss: 1.085 | Precision@1: 61.456% (30679/49920)
Loss: 1.085 | Precision@1: 61.458% (30729/50000)

Aggregates: 			
 	 DataLoader Time: 0.7711 			
 	 Mini-batch Time: 33.4921 			
 	 Training Epoch Time: 161.9356
 			
 Averages: 			
 	 Training Loss: 1.0849

 Test set Averages: Loss: 1.044 | Precision@1: 62.440% (6244/10000)

Epoch: 3
Loss: 0.941 | Precision@1: 65.625% (84/128)
Loss: 0.921 | Precision@1: 65.625% (168/256)
Loss: 0.981 | Precision@1: 62.760% (241/384)
Loss: 0.993 | Precision@1: 63.672% (326/512)
Loss: 0.983 | Precision@1: 64.062% (410/640)
Loss: 0.965 | Precision@1: 65.495% (503/768)
Loss: 0.958 | Precision@1: 66.071% (592/896)
Loss: 0.966 | Precision@1: 65.625% (672/1024)
Loss: 0.966 | Precision@1: 65.538% (755/1152)
Loss: 0.975 | Precision@1: 64.766% (829/1280)
Loss: 0.967 | Precision@1: 64.702% (911/1408)
Loss: 0.960 | Precision@1: 65.169% (1001/1536)
Loss: 0.969 | Precision@1: 64.844% (1079/1664)
Loss: 0.956 | Precision@1: 65.123% (1167/1792)
Loss: 0.956 | Precision@1: 65.156% (1251/1920)
Loss: 0.958 | Precision@1: 65.283% (1337/2048)
Loss: 0.959 | Precision@1: 65.257% (1420/2176)
Loss: 0.963 | Precision@1: 64.931% (1496/2304)
Loss: 0.960 | Precision@1: 65.008% (1581/2432)
Loss: 0.959 | Precision@1: 64.961% (1663/2560)
Loss: 0.953 | Precision@1: 65.216% (1753/2688)
Loss: 0.955 | Precision@1: 65.128% (1834/2816)
Loss: 0.958 | Precision@1: 64.980% (1913/2944)
Loss: 0.952 | Precision@1: 65.267% (2005/3072)
Loss: 0.950 | Precision@1: 65.312% (2090/3200)
Loss: 0.950 | Precision@1: 65.355% (2175/3328)
Loss: 0.944 | Precision@1: 65.596% (2267/3456)
Loss: 0.939 | Precision@1: 65.709% (2355/3584)
Loss: 0.943 | Precision@1: 65.436% (2429/3712)
Loss: 0.940 | Precision@1: 65.625% (2520/3840)
Loss: 0.941 | Precision@1: 65.575% (2602/3968)
Loss: 0.944 | Precision@1: 65.552% (2685/4096)
Loss: 0.940 | Precision@1: 65.554% (2769/4224)
Loss: 0.940 | Precision@1: 65.556% (2853/4352)
Loss: 0.947 | Precision@1: 65.379% (2929/4480)
Loss: 0.949 | Precision@1: 65.321% (3010/4608)
Loss: 0.951 | Precision@1: 65.203% (3088/4736)
Loss: 0.951 | Precision@1: 65.193% (3171/4864)
Loss: 0.951 | Precision@1: 65.365% (3263/4992)
Loss: 0.953 | Precision@1: 65.234% (3340/5120)
Loss: 0.952 | Precision@1: 65.244% (3424/5248)
Loss: 0.958 | Precision@1: 64.974% (3493/5376)
Loss: 0.962 | Precision@1: 64.862% (3570/5504)
Loss: 0.959 | Precision@1: 64.879% (3654/5632)
Loss: 0.958 | Precision@1: 65.052% (3747/5760)
Loss: 0.956 | Precision@1: 65.132% (3835/5888)
Loss: 0.957 | Precision@1: 65.043% (3913/6016)
Loss: 0.955 | Precision@1: 65.153% (4003/6144)
Loss: 0.954 | Precision@1: 65.147% (4086/6272)
Loss: 0.954 | Precision@1: 65.094% (4166/6400)
Loss: 0.956 | Precision@1: 65.074% (4248/6528)
Loss: 0.956 | Precision@1: 65.144% (4336/6656)
Loss: 0.955 | Precision@1: 65.198% (4423/6784)
Loss: 0.954 | Precision@1: 65.162% (4504/6912)
Loss: 0.954 | Precision@1: 65.213% (4591/7040)
Loss: 0.956 | Precision@1: 65.109% (4667/7168)
Loss: 0.955 | Precision@1: 65.145% (4753/7296)
Loss: 0.955 | Precision@1: 65.127% (4835/7424)
Loss: 0.956 | Precision@1: 65.109% (4917/7552)
Loss: 0.955 | Precision@1: 65.143% (5003/7680)
Loss: 0.955 | Precision@1: 65.215% (5092/7808)
Loss: 0.952 | Precision@1: 65.373% (5188/7936)
Loss: 0.951 | Precision@1: 65.377% (5272/8064)
Loss: 0.952 | Precision@1: 65.356% (5354/8192)
Loss: 0.952 | Precision@1: 65.361% (5438/8320)
Loss: 0.953 | Precision@1: 65.388% (5524/8448)
Loss: 0.953 | Precision@1: 65.403% (5609/8576)
Loss: 0.950 | Precision@1: 65.499% (5701/8704)
Loss: 0.950 | Precision@1: 65.625% (5796/8832)
Loss: 0.949 | Precision@1: 65.636% (5881/8960)
Loss: 0.949 | Precision@1: 65.669% (5968/9088)
Loss: 0.949 | Precision@1: 65.625% (6048/9216)
Loss: 0.946 | Precision@1: 65.711% (6140/9344)
Loss: 0.945 | Precision@1: 65.762% (6229/9472)
Loss: 0.947 | Precision@1: 65.771% (6314/9600)
Loss: 0.946 | Precision@1: 65.851% (6406/9728)
Loss: 0.949 | Precision@1: 65.726% (6478/9856)
Loss: 0.946 | Precision@1: 65.855% (6575/9984)
Loss: 0.947 | Precision@1: 65.823% (6656/10112)
Loss: 0.946 | Precision@1: 65.879% (6746/10240)
Loss: 0.947 | Precision@1: 65.876% (6830/10368)
Loss: 0.947 | Precision@1: 65.901% (6917/10496)
Loss: 0.948 | Precision@1: 65.860% (6997/10624)
Loss: 0.948 | Precision@1: 65.867% (7082/10752)
Loss: 0.947 | Precision@1: 65.882% (7168/10880)
Loss: 0.945 | Precision@1: 65.979% (7263/11008)
Loss: 0.946 | Precision@1: 65.975% (7347/11136)
Loss: 0.946 | Precision@1: 65.989% (7433/11264)
Loss: 0.947 | Precision@1: 65.941% (7512/11392)
Loss: 0.946 | Precision@1: 66.024% (7606/11520)
Loss: 0.948 | Precision@1: 65.951% (7682/11648)
Loss: 0.950 | Precision@1: 65.922% (7763/11776)
Loss: 0.949 | Precision@1: 65.969% (7853/11904)
Loss: 0.950 | Precision@1: 65.899% (7929/12032)
Loss: 0.951 | Precision@1: 65.880% (8011/12160)
Loss: 0.950 | Precision@1: 65.902% (8098/12288)
Loss: 0.950 | Precision@1: 65.907% (8183/12416)
Loss: 0.950 | Precision@1: 65.880% (8264/12544)
Loss: 0.951 | Precision@1: 65.870% (8347/12672)
Loss: 0.950 | Precision@1: 65.906% (8436/12800)
Loss: 0.952 | Precision@1: 65.818% (8509/12928)
Loss: 0.952 | Precision@1: 65.824% (8594/13056)
Loss: 0.954 | Precision@1: 65.792% (8674/13184)
Loss: 0.952 | Precision@1: 65.895% (8772/13312)
Loss: 0.951 | Precision@1: 65.915% (8859/13440)
Loss: 0.951 | Precision@1: 65.935% (8946/13568)
Loss: 0.951 | Precision@1: 65.924% (9029/13696)
Loss: 0.950 | Precision@1: 65.965% (9119/13824)
Loss: 0.950 | Precision@1: 65.998% (9208/13952)
Loss: 0.948 | Precision@1: 66.065% (9302/14080)
Loss: 0.948 | Precision@1: 66.075% (9388/14208)
Loss: 0.949 | Precision@1: 66.099% (9476/14336)
Loss: 0.949 | Precision@1: 66.054% (9554/14464)
Loss: 0.949 | Precision@1: 66.084% (9643/14592)
Loss: 0.950 | Precision@1: 66.039% (9721/14720)
Loss: 0.950 | Precision@1: 66.063% (9809/14848)
Loss: 0.949 | Precision@1: 66.079% (9896/14976)
Loss: 0.950 | Precision@1: 66.108% (9985/15104)
Loss: 0.951 | Precision@1: 66.065% (10063/15232)
Loss: 0.949 | Precision@1: 66.146% (10160/15360)
Loss: 0.948 | Precision@1: 66.187% (10251/15488)
Loss: 0.948 | Precision@1: 66.195% (10337/15616)
Loss: 0.948 | Precision@1: 66.184% (10420/15744)
Loss: 0.948 | Precision@1: 66.198% (10507/15872)
Loss: 0.948 | Precision@1: 66.213% (10594/16000)
Loss: 0.947 | Precision@1: 66.245% (10684/16128)
Loss: 0.946 | Precision@1: 66.332% (10783/16256)
Loss: 0.946 | Precision@1: 66.357% (10872/16384)
Loss: 0.945 | Precision@1: 66.400% (10964/16512)
Loss: 0.944 | Precision@1: 66.424% (11053/16640)
Loss: 0.943 | Precision@1: 66.466% (11145/16768)
Loss: 0.942 | Precision@1: 66.489% (11234/16896)
Loss: 0.941 | Precision@1: 66.541% (11328/17024)
Loss: 0.942 | Precision@1: 66.494% (11405/17152)
Loss: 0.941 | Precision@1: 66.510% (11493/17280)
Loss: 0.941 | Precision@1: 66.504% (11577/17408)
Loss: 0.941 | Precision@1: 66.549% (11670/17536)
Loss: 0.940 | Precision@1: 66.542% (11754/17664)
Loss: 0.940 | Precision@1: 66.569% (11844/17792)
Loss: 0.940 | Precision@1: 66.540% (11924/17920)
Loss: 0.940 | Precision@1: 66.550% (12011/18048)
Loss: 0.940 | Precision@1: 66.571% (12100/18176)
Loss: 0.941 | Precision@1: 66.548% (12181/18304)
Loss: 0.939 | Precision@1: 66.618% (12279/18432)
Loss: 0.940 | Precision@1: 66.600% (12361/18560)
Loss: 0.939 | Precision@1: 66.631% (12452/18688)
Loss: 0.939 | Precision@1: 66.640% (12539/18816)
Loss: 0.938 | Precision@1: 66.633% (12623/18944)
Loss: 0.937 | Precision@1: 66.695% (12720/19072)
Loss: 0.937 | Precision@1: 66.635% (12794/19200)
Loss: 0.937 | Precision@1: 66.665% (12885/19328)
Loss: 0.937 | Precision@1: 66.648% (12967/19456)
Loss: 0.938 | Precision@1: 66.641% (13051/19584)
Loss: 0.937 | Precision@1: 66.685% (13145/19712)
Loss: 0.937 | Precision@1: 66.699% (13233/19840)
Loss: 0.938 | Precision@1: 66.702% (13319/19968)
Loss: 0.937 | Precision@1: 66.715% (13407/20096)
Loss: 0.937 | Precision@1: 66.733% (13496/20224)
Loss: 0.938 | Precision@1: 66.701% (13575/20352)
Loss: 0.938 | Precision@1: 66.719% (13664/20480)
Loss: 0.939 | Precision@1: 66.756% (13757/20608)
Loss: 0.939 | Precision@1: 66.729% (13837/20736)
Loss: 0.938 | Precision@1: 66.756% (13928/20864)
Loss: 0.938 | Precision@1: 66.778% (14018/20992)
Loss: 0.937 | Precision@1: 66.795% (14107/21120)
Loss: 0.937 | Precision@1: 66.797% (14193/21248)
Loss: 0.936 | Precision@1: 66.837% (14287/21376)
Loss: 0.936 | Precision@1: 66.853% (14376/21504)
Loss: 0.935 | Precision@1: 66.873% (14466/21632)
Loss: 0.936 | Precision@1: 66.880% (14553/21760)
Loss: 0.936 | Precision@1: 66.859% (14634/21888)
Loss: 0.936 | Precision@1: 66.856% (14719/22016)
Loss: 0.936 | Precision@1: 66.849% (14803/22144)
Loss: 0.935 | Precision@1: 66.869% (14893/22272)
Loss: 0.937 | Precision@1: 66.804% (14964/22400)
Loss: 0.936 | Precision@1: 66.828% (15055/22528)
Loss: 0.935 | Precision@1: 66.861% (15148/22656)
Loss: 0.935 | Precision@1: 66.832% (15227/22784)
Loss: 0.935 | Precision@1: 66.843% (15315/22912)
Loss: 0.935 | Precision@1: 66.871% (15407/23040)
Loss: 0.934 | Precision@1: 66.864% (15491/23168)
Loss: 0.934 | Precision@1: 66.887% (15582/23296)
Loss: 0.934 | Precision@1: 66.872% (15664/23424)
Loss: 0.935 | Precision@1: 66.852% (15745/23552)
Loss: 0.935 | Precision@1: 66.875% (15836/23680)
Loss: 0.935 | Precision@1: 66.868% (15920/23808)
Loss: 0.935 | Precision@1: 66.870% (16006/23936)
Loss: 0.935 | Precision@1: 66.880% (16094/24064)
Loss: 0.936 | Precision@1: 66.861% (16175/24192)
Loss: 0.935 | Precision@1: 66.854% (16259/24320)
Loss: 0.935 | Precision@1: 66.860% (16346/24448)
Loss: 0.934 | Precision@1: 66.890% (16439/24576)
Loss: 0.934 | Precision@1: 66.896% (16526/24704)
Loss: 0.934 | Precision@1: 66.922% (16618/24832)
Loss: 0.934 | Precision@1: 66.927% (16705/24960)
Loss: 0.935 | Precision@1: 66.897% (16783/25088)
Loss: 0.936 | Precision@1: 66.858% (16859/25216)
Loss: 0.936 | Precision@1: 66.872% (16948/25344)
Loss: 0.935 | Precision@1: 66.893% (17039/25472)
Loss: 0.935 | Precision@1: 66.918% (17131/25600)
Loss: 0.935 | Precision@1: 66.904% (17213/25728)
Loss: 0.936 | Precision@1: 66.882% (17293/25856)
Loss: 0.936 | Precision@1: 66.864% (17374/25984)
Loss: 0.936 | Precision@1: 66.854% (17457/26112)
Loss: 0.935 | Precision@1: 66.883% (17550/26240)
Loss: 0.936 | Precision@1: 66.873% (17633/26368)
Loss: 0.936 | Precision@1: 66.855% (17714/26496)
Loss: 0.936 | Precision@1: 66.849% (17798/26624)
Loss: 0.937 | Precision@1: 66.829% (17878/26752)
Loss: 0.937 | Precision@1: 66.834% (17965/26880)
Loss: 0.937 | Precision@1: 66.832% (18050/27008)
Loss: 0.937 | Precision@1: 66.837% (18137/27136)
Loss: 0.936 | Precision@1: 66.861% (18229/27264)
Loss: 0.937 | Precision@1: 66.841% (18309/27392)
Loss: 0.937 | Precision@1: 66.846% (18396/27520)
Loss: 0.937 | Precision@1: 66.840% (18480/27648)
Loss: 0.937 | Precision@1: 66.856% (18570/27776)
Loss: 0.936 | Precision@1: 66.858% (18656/27904)
Loss: 0.937 | Precision@1: 66.838% (18736/28032)
Loss: 0.938 | Precision@1: 66.822% (18817/28160)
Loss: 0.938 | Precision@1: 66.823% (18903/28288)
Loss: 0.938 | Precision@1: 66.814% (18986/28416)
Loss: 0.939 | Precision@1: 66.792% (19065/28544)
Loss: 0.939 | Precision@1: 66.800% (19153/28672)
Loss: 0.939 | Precision@1: 66.778% (19232/28800)
Loss: 0.938 | Precision@1: 66.797% (19323/28928)
Loss: 0.938 | Precision@1: 66.833% (19419/29056)
Loss: 0.938 | Precision@1: 66.821% (19501/29184)
Loss: 0.937 | Precision@1: 66.829% (19589/29312)
Loss: 0.937 | Precision@1: 66.851% (19681/29440)
Loss: 0.938 | Precision@1: 66.836% (19762/29568)
Loss: 0.937 | Precision@1: 66.854% (19853/29696)
Loss: 0.937 | Precision@1: 66.869% (19943/29824)
Loss: 0.937 | Precision@1: 66.867% (20028/29952)
Loss: 0.937 | Precision@1: 66.862% (20112/30080)
Loss: 0.936 | Precision@1: 66.890% (20206/30208)
Loss: 0.936 | Precision@1: 66.881% (20289/30336)
Loss: 0.937 | Precision@1: 66.869% (20371/30464)
Loss: 0.935 | Precision@1: 66.893% (20464/30592)
Loss: 0.936 | Precision@1: 66.891% (20549/30720)
Loss: 0.935 | Precision@1: 66.912% (20641/30848)
Loss: 0.935 | Precision@1: 66.932% (20733/30976)
Loss: 0.936 | Precision@1: 66.911% (20812/31104)
Loss: 0.935 | Precision@1: 66.928% (20903/31232)
Loss: 0.935 | Precision@1: 66.920% (20986/31360)
Loss: 0.934 | Precision@1: 66.946% (21080/31488)
Loss: 0.934 | Precision@1: 66.950% (21167/31616)
Loss: 0.933 | Precision@1: 66.964% (21257/31744)
Loss: 0.933 | Precision@1: 66.952% (21339/31872)
Loss: 0.933 | Precision@1: 66.972% (21431/32000)
Loss: 0.932 | Precision@1: 66.970% (21516/32128)
Loss: 0.933 | Precision@1: 66.964% (21600/32256)
Loss: 0.933 | Precision@1: 66.959% (21684/32384)
Loss: 0.932 | Precision@1: 66.966% (21772/32512)
Loss: 0.933 | Precision@1: 66.952% (21853/32640)
Loss: 0.933 | Precision@1: 66.931% (21932/32768)
Loss: 0.932 | Precision@1: 66.953% (22025/32896)
Loss: 0.932 | Precision@1: 66.960% (22113/33024)
Loss: 0.932 | Precision@1: 66.979% (22205/33152)
Loss: 0.931 | Precision@1: 67.001% (22298/33280)
Loss: 0.932 | Precision@1: 66.999% (22383/33408)
Loss: 0.932 | Precision@1: 66.991% (22466/33536)
Loss: 0.932 | Precision@1: 66.988% (22551/33664)
Loss: 0.932 | Precision@1: 66.986% (22636/33792)
Loss: 0.932 | Precision@1: 66.969% (22716/33920)
Loss: 0.932 | Precision@1: 66.967% (22801/34048)
Loss: 0.931 | Precision@1: 67.009% (22901/34176)
Loss: 0.931 | Precision@1: 67.021% (22991/34304)
Loss: 0.931 | Precision@1: 67.019% (23076/34432)
Loss: 0.930 | Precision@1: 67.043% (23170/34560)
Loss: 0.930 | Precision@1: 67.061% (23262/34688)
Loss: 0.930 | Precision@1: 67.067% (23350/34816)
Loss: 0.929 | Precision@1: 67.067% (23436/34944)
Loss: 0.929 | Precision@1: 67.062% (23520/35072)
Loss: 0.929 | Precision@1: 67.071% (23609/35200)
Loss: 0.928 | Precision@1: 67.091% (23702/35328)
Loss: 0.929 | Precision@1: 67.086% (23786/35456)
Loss: 0.929 | Precision@1: 67.092% (23874/35584)
Loss: 0.929 | Precision@1: 67.089% (23959/35712)
Loss: 0.928 | Precision@1: 67.104% (24050/35840)
Loss: 0.928 | Precision@1: 67.124% (24143/35968)
Loss: 0.928 | Precision@1: 67.135% (24233/36096)
Loss: 0.927 | Precision@1: 67.152% (24325/36224)
Loss: 0.927 | Precision@1: 67.174% (24419/36352)
Loss: 0.927 | Precision@1: 67.160% (24500/36480)
Loss: 0.926 | Precision@1: 67.196% (24599/36608)
Loss: 0.925 | Precision@1: 67.212% (24691/36736)
Loss: 0.925 | Precision@1: 67.215% (24778/36864)
Loss: 0.924 | Precision@1: 67.225% (24868/36992)
Loss: 0.924 | Precision@1: 67.233% (24957/37120)
Loss: 0.924 | Precision@1: 67.201% (25031/37248)
Loss: 0.924 | Precision@1: 67.193% (25114/37376)
Loss: 0.924 | Precision@1: 67.203% (25204/37504)
Loss: 0.924 | Precision@1: 67.209% (25292/37632)
Loss: 0.924 | Precision@1: 67.219% (25382/37760)
Loss: 0.923 | Precision@1: 67.227% (25471/37888)
Loss: 0.923 | Precision@1: 67.245% (25564/38016)
Loss: 0.922 | Precision@1: 67.256% (25654/38144)
Loss: 0.922 | Precision@1: 67.255% (25740/38272)
Loss: 0.922 | Precision@1: 67.250% (25824/38400)
Loss: 0.922 | Precision@1: 67.250% (25910/38528)
Loss: 0.921 | Precision@1: 67.270% (26004/38656)
Loss: 0.921 | Precision@1: 67.283% (26095/38784)
Loss: 0.921 | Precision@1: 67.290% (26184/38912)
Loss: 0.921 | Precision@1: 67.290% (26270/39040)
Loss: 0.920 | Precision@1: 67.302% (26361/39168)
Loss: 0.920 | Precision@1: 67.317% (26453/39296)
Loss: 0.921 | Precision@1: 67.312% (26537/39424)
Loss: 0.920 | Precision@1: 67.319% (26626/39552)
Loss: 0.921 | Precision@1: 67.319% (26712/39680)
Loss: 0.920 | Precision@1: 67.326% (26801/39808)
Loss: 0.920 | Precision@1: 67.328% (26888/39936)
Loss: 0.919 | Precision@1: 67.352% (26984/40064)
Loss: 0.919 | Precision@1: 67.352% (27070/40192)
Loss: 0.919 | Precision@1: 67.361% (27160/40320)
Loss: 0.918 | Precision@1: 67.383% (27255/40448)
Loss: 0.918 | Precision@1: 67.399% (27348/40576)
Loss: 0.918 | Precision@1: 67.399% (27434/40704)
Loss: 0.918 | Precision@1: 67.408% (27524/40832)
Loss: 0.917 | Precision@1: 67.417% (27614/40960)
Loss: 0.917 | Precision@1: 67.426% (27704/41088)
Loss: 0.917 | Precision@1: 67.435% (27794/41216)
Loss: 0.916 | Precision@1: 67.463% (27892/41344)
Loss: 0.916 | Precision@1: 67.460% (27977/41472)
Loss: 0.916 | Precision@1: 67.452% (28060/41600)
Loss: 0.916 | Precision@1: 67.473% (28155/41728)
Loss: 0.915 | Precision@1: 67.489% (28248/41856)
Loss: 0.916 | Precision@1: 67.473% (28328/41984)
Loss: 0.915 | Precision@1: 67.499% (28425/42112)
Loss: 0.915 | Precision@1: 67.500% (28512/42240)
Loss: 0.915 | Precision@1: 67.506% (28601/42368)
Loss: 0.914 | Precision@1: 67.526% (28696/42496)
Loss: 0.914 | Precision@1: 67.546% (28791/42624)
Loss: 0.914 | Precision@1: 67.566% (28886/42752)
Loss: 0.913 | Precision@1: 67.589% (28982/42880)
Loss: 0.913 | Precision@1: 67.578% (29064/43008)
Loss: 0.913 | Precision@1: 67.596% (29158/43136)
Loss: 0.913 | Precision@1: 67.620% (29255/43264)
Loss: 0.913 | Precision@1: 67.616% (29340/43392)
Loss: 0.911 | Precision@1: 67.661% (29446/43520)
Loss: 0.911 | Precision@1: 67.669% (29536/43648)
Loss: 0.911 | Precision@1: 67.692% (29633/43776)
Loss: 0.911 | Precision@1: 67.693% (29720/43904)
Loss: 0.911 | Precision@1: 67.696% (29808/44032)
Loss: 0.911 | Precision@1: 67.697% (29895/44160)
Loss: 0.910 | Precision@1: 67.727% (29995/44288)
Loss: 0.910 | Precision@1: 67.748% (30091/44416)
Loss: 0.909 | Precision@1: 67.771% (30188/44544)
Loss: 0.909 | Precision@1: 67.776% (30277/44672)
Loss: 0.909 | Precision@1: 67.777% (30364/44800)
Loss: 0.909 | Precision@1: 67.793% (30458/44928)
Loss: 0.908 | Precision@1: 67.807% (30551/45056)
Loss: 0.908 | Precision@1: 67.820% (30644/45184)
Loss: 0.908 | Precision@1: 67.816% (30729/45312)
Loss: 0.908 | Precision@1: 67.835% (30824/45440)
Loss: 0.908 | Precision@1: 67.837% (30912/45568)
Loss: 0.908 | Precision@1: 67.846% (31003/45696)
Loss: 0.908 | Precision@1: 67.844% (31089/45824)
Loss: 0.907 | Precision@1: 67.871% (31188/45952)
Loss: 0.907 | Precision@1: 67.878% (31278/46080)
Loss: 0.907 | Precision@1: 67.863% (31358/46208)
Loss: 0.907 | Precision@1: 67.867% (31447/46336)
Loss: 0.907 | Precision@1: 67.876% (31538/46464)
Loss: 0.907 | Precision@1: 67.881% (31627/46592)
Loss: 0.907 | Precision@1: 67.875% (31711/46720)
Loss: 0.907 | Precision@1: 67.896% (31808/46848)
Loss: 0.907 | Precision@1: 67.901% (31897/46976)
Loss: 0.907 | Precision@1: 67.901% (31984/47104)
Loss: 0.907 | Precision@1: 67.890% (32066/47232)
Loss: 0.906 | Precision@1: 67.910% (32162/47360)
Loss: 0.906 | Precision@1: 67.946% (32266/47488)
Loss: 0.905 | Precision@1: 67.969% (32364/47616)
Loss: 0.905 | Precision@1: 67.971% (32452/47744)
Loss: 0.905 | Precision@1: 67.981% (32544/47872)
Loss: 0.905 | Precision@1: 67.973% (32627/48000)
Loss: 0.905 | Precision@1: 67.975% (32715/48128)
Loss: 0.905 | Precision@1: 67.992% (32810/48256)
Loss: 0.905 | Precision@1: 67.985% (32894/48384)
Loss: 0.904 | Precision@1: 68.012% (32994/48512)
Loss: 0.904 | Precision@1: 68.028% (33089/48640)
Loss: 0.904 | Precision@1: 68.022% (33173/48768)
Loss: 0.904 | Precision@1: 68.046% (33272/48896)
Loss: 0.904 | Precision@1: 68.050% (33361/49024)
Loss: 0.903 | Precision@1: 68.052% (33449/49152)
Loss: 0.903 | Precision@1: 68.046% (33533/49280)
Loss: 0.903 | Precision@1: 68.056% (33625/49408)
Loss: 0.903 | Precision@1: 68.072% (33720/49536)
Loss: 0.903 | Precision@1: 68.061% (33802/49664)
Loss: 0.903 | Precision@1: 68.075% (33896/49792)
Loss: 0.902 | Precision@1: 68.099% (33995/49920)
Loss: 0.903 | Precision@1: 68.088% (34044/50000)

Aggregates: 			
 	 DataLoader Time: 0.7636 			
 	 Mini-batch Time: 33.3121 			
 	 Training Epoch Time: 159.1938
 			
 Averages: 			
 	 Training Loss: 0.9026

 Test set Averages: Loss: 0.893 | Precision@1: 68.920% (6892/10000)

Epoch: 4
Loss: 0.712 | Precision@1: 74.219% (95/128)
Loss: 0.728 | Precision@1: 72.266% (185/256)
Loss: 0.723 | Precision@1: 73.698% (283/384)
Loss: 0.762 | Precision@1: 73.438% (376/512)
Loss: 0.786 | Precision@1: 72.344% (463/640)
Loss: 0.780 | Precision@1: 72.917% (560/768)
Loss: 0.780 | Precision@1: 73.103% (655/896)
Loss: 0.768 | Precision@1: 73.145% (749/1024)
Loss: 0.765 | Precision@1: 73.003% (841/1152)
Loss: 0.756 | Precision@1: 73.359% (939/1280)
Loss: 0.762 | Precision@1: 73.295% (1032/1408)
Loss: 0.758 | Precision@1: 73.568% (1130/1536)
Loss: 0.752 | Precision@1: 73.618% (1225/1664)
Loss: 0.740 | Precision@1: 74.107% (1328/1792)
Loss: 0.745 | Precision@1: 73.906% (1419/1920)
Loss: 0.752 | Precision@1: 73.535% (1506/2048)
Loss: 0.767 | Precision@1: 73.024% (1589/2176)
Loss: 0.758 | Precision@1: 73.307% (1689/2304)
Loss: 0.748 | Precision@1: 73.643% (1791/2432)
Loss: 0.745 | Precision@1: 73.945% (1893/2560)
Loss: 0.748 | Precision@1: 73.735% (1982/2688)
Loss: 0.751 | Precision@1: 73.686% (2075/2816)
Loss: 0.752 | Precision@1: 73.539% (2165/2944)
Loss: 0.754 | Precision@1: 73.470% (2257/3072)
Loss: 0.754 | Precision@1: 73.500% (2352/3200)
Loss: 0.750 | Precision@1: 73.498% (2446/3328)
Loss: 0.750 | Precision@1: 73.438% (2538/3456)
Loss: 0.753 | Precision@1: 73.410% (2631/3584)
Loss: 0.757 | Precision@1: 73.303% (2721/3712)
Loss: 0.754 | Precision@1: 73.464% (2821/3840)
Loss: 0.754 | Precision@1: 73.286% (2908/3968)
Loss: 0.756 | Precision@1: 73.120% (2995/4096)
Loss: 0.754 | Precision@1: 73.248% (3094/4224)
Loss: 0.751 | Precision@1: 73.323% (3191/4352)
Loss: 0.751 | Precision@1: 73.281% (3283/4480)
Loss: 0.753 | Precision@1: 73.307% (3378/4608)
Loss: 0.757 | Precision@1: 73.184% (3466/4736)
Loss: 0.761 | Precision@1: 73.109% (3556/4864)
Loss: 0.765 | Precision@1: 72.997% (3644/4992)
Loss: 0.764 | Precision@1: 73.086% (3742/5120)
Loss: 0.762 | Precision@1: 73.037% (3833/5248)
Loss: 0.768 | Precision@1: 72.805% (3914/5376)
Loss: 0.766 | Precision@1: 72.856% (4010/5504)
Loss: 0.766 | Precision@1: 72.887% (4105/5632)
Loss: 0.766 | Precision@1: 72.951% (4202/5760)
Loss: 0.767 | Precision@1: 72.843% (4289/5888)
Loss: 0.767 | Precision@1: 72.822% (4381/6016)
Loss: 0.767 | Precision@1: 72.917% (4480/6144)
Loss: 0.765 | Precision@1: 73.007% (4579/6272)
Loss: 0.765 | Precision@1: 73.031% (4674/6400)
Loss: 0.766 | Precision@1: 73.009% (4766/6528)
Loss: 0.763 | Precision@1: 73.122% (4867/6656)
Loss: 0.765 | Precision@1: 73.025% (4954/6784)
Loss: 0.768 | Precision@1: 72.960% (5043/6912)
Loss: 0.767 | Precision@1: 72.983% (5138/7040)
Loss: 0.768 | Precision@1: 72.935% (5228/7168)
Loss: 0.770 | Precision@1: 72.903% (5319/7296)
Loss: 0.773 | Precision@1: 72.791% (5404/7424)
Loss: 0.776 | Precision@1: 72.762% (5495/7552)
Loss: 0.779 | Precision@1: 72.695% (5583/7680)
Loss: 0.783 | Precision@1: 72.541% (5664/7808)
Loss: 0.782 | Precision@1: 72.505% (5754/7936)
Loss: 0.780 | Precision@1: 72.483% (5845/8064)
Loss: 0.780 | Precision@1: 72.449% (5935/8192)
Loss: 0.780 | Precision@1: 72.488% (6031/8320)
Loss: 0.781 | Precision@1: 72.455% (6121/8448)
Loss: 0.780 | Precision@1: 72.493% (6217/8576)
Loss: 0.779 | Precision@1: 72.461% (6307/8704)
Loss: 0.777 | Precision@1: 72.566% (6409/8832)
Loss: 0.779 | Precision@1: 72.500% (6496/8960)
Loss: 0.779 | Precision@1: 72.458% (6585/9088)
Loss: 0.777 | Precision@1: 72.504% (6682/9216)
Loss: 0.778 | Precision@1: 72.496% (6774/9344)
Loss: 0.778 | Precision@1: 72.487% (6866/9472)
Loss: 0.778 | Precision@1: 72.490% (6959/9600)
Loss: 0.777 | Precision@1: 72.461% (7049/9728)
Loss: 0.777 | Precision@1: 72.453% (7141/9856)
Loss: 0.777 | Precision@1: 72.476% (7236/9984)
Loss: 0.777 | Precision@1: 72.547% (7336/10112)
Loss: 0.774 | Precision@1: 72.656% (7440/10240)
Loss: 0.772 | Precision@1: 72.753% (7543/10368)
Loss: 0.773 | Precision@1: 72.694% (7630/10496)
Loss: 0.771 | Precision@1: 72.788% (7733/10624)
Loss: 0.771 | Precision@1: 72.749% (7822/10752)
Loss: 0.771 | Precision@1: 72.748% (7915/10880)
Loss: 0.771 | Precision@1: 72.802% (8014/11008)
Loss: 0.771 | Precision@1: 72.791% (8106/11136)
Loss: 0.769 | Precision@1: 72.852% (8206/11264)
Loss: 0.769 | Precision@1: 72.893% (8304/11392)
Loss: 0.769 | Precision@1: 72.934% (8402/11520)
Loss: 0.770 | Precision@1: 72.914% (8493/11648)
Loss: 0.769 | Precision@1: 72.945% (8590/11776)
Loss: 0.769 | Precision@1: 72.950% (8684/11904)
Loss: 0.769 | Precision@1: 72.955% (8778/12032)
Loss: 0.771 | Precision@1: 72.928% (8868/12160)
Loss: 0.771 | Precision@1: 72.933% (8962/12288)
Loss: 0.771 | Precision@1: 72.954% (9058/12416)
Loss: 0.771 | Precision@1: 72.951% (9151/12544)
Loss: 0.772 | Precision@1: 72.925% (9241/12672)
Loss: 0.772 | Precision@1: 72.828% (9322/12800)
Loss: 0.773 | Precision@1: 72.788% (9410/12928)
Loss: 0.772 | Precision@1: 72.825% (9508/13056)
Loss: 0.770 | Precision@1: 72.861% (9606/13184)
Loss: 0.769 | Precision@1: 72.912% (9706/13312)
Loss: 0.769 | Precision@1: 72.909% (9799/13440)
Loss: 0.769 | Precision@1: 72.936% (9896/13568)
Loss: 0.767 | Precision@1: 73.036% (10003/13696)
Loss: 0.766 | Precision@1: 73.069% (10101/13824)
Loss: 0.765 | Precision@1: 73.129% (10203/13952)
Loss: 0.765 | Precision@1: 73.146% (10299/14080)
Loss: 0.764 | Precision@1: 73.149% (10393/14208)
Loss: 0.765 | Precision@1: 73.117% (10482/14336)
Loss: 0.765 | Precision@1: 73.113% (10575/14464)
Loss: 0.765 | Precision@1: 73.122% (10670/14592)
Loss: 0.764 | Precision@1: 73.159% (10769/14720)
Loss: 0.763 | Precision@1: 73.188% (10867/14848)
Loss: 0.762 | Precision@1: 73.264% (10972/14976)
Loss: 0.761 | Precision@1: 73.338% (11077/15104)
Loss: 0.762 | Precision@1: 73.300% (11165/15232)
Loss: 0.764 | Precision@1: 73.216% (11246/15360)
Loss: 0.764 | Precision@1: 73.270% (11348/15488)
Loss: 0.764 | Precision@1: 73.290% (11445/15616)
Loss: 0.764 | Precision@1: 73.285% (11538/15744)
Loss: 0.762 | Precision@1: 73.318% (11637/15872)
Loss: 0.762 | Precision@1: 73.312% (11730/16000)
Loss: 0.763 | Precision@1: 73.301% (11822/16128)
Loss: 0.762 | Precision@1: 73.321% (11919/16256)
Loss: 0.763 | Precision@1: 73.285% (12007/16384)
Loss: 0.763 | Precision@1: 73.298% (12103/16512)
Loss: 0.762 | Precision@1: 73.347% (12205/16640)
Loss: 0.762 | Precision@1: 73.348% (12299/16768)
Loss: 0.762 | Precision@1: 73.319% (12388/16896)
Loss: 0.763 | Precision@1: 73.314% (12481/17024)
Loss: 0.761 | Precision@1: 73.368% (12584/17152)
Loss: 0.763 | Precision@1: 73.299% (12666/17280)
Loss: 0.762 | Precision@1: 73.311% (12762/17408)
Loss: 0.761 | Precision@1: 73.341% (12861/17536)
Loss: 0.761 | Precision@1: 73.336% (12954/17664)
Loss: 0.761 | Precision@1: 73.342% (13049/17792)
Loss: 0.761 | Precision@1: 73.320% (13139/17920)
Loss: 0.762 | Precision@1: 73.299% (13229/18048)
Loss: 0.763 | Precision@1: 73.239% (13312/18176)
Loss: 0.763 | Precision@1: 73.241% (13406/18304)
Loss: 0.764 | Precision@1: 73.242% (13500/18432)
Loss: 0.764 | Precision@1: 73.254% (13596/18560)
Loss: 0.765 | Precision@1: 73.175% (13675/18688)
Loss: 0.766 | Precision@1: 73.151% (13764/18816)
Loss: 0.766 | Precision@1: 73.115% (13851/18944)
Loss: 0.766 | Precision@1: 73.144% (13950/19072)
Loss: 0.765 | Precision@1: 73.161% (14047/19200)
Loss: 0.765 | Precision@1: 73.132% (14135/19328)
Loss: 0.765 | Precision@1: 73.139% (14230/19456)
Loss: 0.766 | Precision@1: 73.106% (14317/19584)
Loss: 0.766 | Precision@1: 73.098% (14409/19712)
Loss: 0.766 | Precision@1: 73.090% (14501/19840)
Loss: 0.767 | Precision@1: 73.032% (14583/19968)
Loss: 0.767 | Precision@1: 73.029% (14676/20096)
Loss: 0.768 | Precision@1: 73.002% (14764/20224)
Loss: 0.768 | Precision@1: 72.971% (14851/20352)
Loss: 0.768 | Precision@1: 72.988% (14948/20480)
Loss: 0.768 | Precision@1: 73.015% (15047/20608)
Loss: 0.768 | Precision@1: 73.057% (15149/20736)
Loss: 0.769 | Precision@1: 73.035% (15238/20864)
Loss: 0.769 | Precision@1: 73.037% (15332/20992)
Loss: 0.768 | Precision@1: 73.092% (15437/21120)
Loss: 0.768 | Precision@1: 73.094% (15531/21248)
Loss: 0.768 | Precision@1: 73.129% (15632/21376)
Loss: 0.768 | Precision@1: 73.135% (15727/21504)
Loss: 0.768 | Precision@1: 73.142% (15822/21632)
Loss: 0.767 | Precision@1: 73.153% (15918/21760)
Loss: 0.767 | Precision@1: 73.127% (16006/21888)
Loss: 0.767 | Precision@1: 73.142% (16103/22016)
Loss: 0.767 | Precision@1: 73.167% (16202/22144)
Loss: 0.767 | Precision@1: 73.200% (16303/22272)
Loss: 0.766 | Precision@1: 73.223% (16402/22400)
Loss: 0.765 | Precision@1: 73.291% (16511/22528)
Loss: 0.765 | Precision@1: 73.287% (16604/22656)
Loss: 0.765 | Precision@1: 73.262% (16692/22784)
Loss: 0.764 | Precision@1: 73.272% (16788/22912)
Loss: 0.764 | Precision@1: 73.294% (16887/23040)
Loss: 0.763 | Precision@1: 73.308% (16984/23168)
Loss: 0.763 | Precision@1: 73.304% (17077/23296)
Loss: 0.763 | Precision@1: 73.318% (17174/23424)
Loss: 0.763 | Precision@1: 73.331% (17271/23552)
Loss: 0.764 | Precision@1: 73.307% (17359/23680)
Loss: 0.763 | Precision@1: 73.324% (17457/23808)
Loss: 0.763 | Precision@1: 73.333% (17553/23936)
Loss: 0.763 | Precision@1: 73.342% (17649/24064)
Loss: 0.763 | Precision@1: 73.355% (17746/24192)
Loss: 0.762 | Precision@1: 73.347% (17838/24320)
Loss: 0.764 | Precision@1: 73.294% (17919/24448)
Loss: 0.764 | Precision@1: 73.283% (18010/24576)
Loss: 0.765 | Precision@1: 73.288% (18105/24704)
Loss: 0.765 | Precision@1: 73.276% (18196/24832)
Loss: 0.765 | Precision@1: 73.269% (18288/24960)
Loss: 0.764 | Precision@1: 73.290% (18387/25088)
Loss: 0.764 | Precision@1: 73.311% (18486/25216)
Loss: 0.765 | Precision@1: 73.288% (18574/25344)
Loss: 0.766 | Precision@1: 73.261% (18661/25472)
Loss: 0.765 | Precision@1: 73.277% (18759/25600)
Loss: 0.765 | Precision@1: 73.255% (18847/25728)
Loss: 0.766 | Precision@1: 73.236% (18936/25856)
Loss: 0.766 | Precision@1: 73.207% (19022/25984)
Loss: 0.765 | Precision@1: 73.242% (19125/26112)
Loss: 0.765 | Precision@1: 73.239% (19218/26240)
Loss: 0.765 | Precision@1: 73.252% (19315/26368)
Loss: 0.764 | Precision@1: 73.264% (19412/26496)
Loss: 0.764 | Precision@1: 73.246% (19501/26624)
Loss: 0.764 | Precision@1: 73.243% (19594/26752)
Loss: 0.765 | Precision@1: 73.222% (19682/26880)
Loss: 0.765 | Precision@1: 73.189% (19767/27008)
Loss: 0.765 | Precision@1: 73.202% (19864/27136)
Loss: 0.764 | Precision@1: 73.206% (19959/27264)
Loss: 0.765 | Precision@1: 73.186% (20047/27392)
Loss: 0.766 | Precision@1: 73.147% (20130/27520)
Loss: 0.766 | Precision@1: 73.141% (20222/27648)
Loss: 0.765 | Precision@1: 73.164% (20322/27776)
Loss: 0.766 | Precision@1: 73.147% (20411/27904)
Loss: 0.766 | Precision@1: 73.174% (20512/28032)
Loss: 0.766 | Precision@1: 73.132% (20594/28160)
Loss: 0.766 | Precision@1: 73.155% (20694/28288)
Loss: 0.766 | Precision@1: 73.163% (20790/28416)
Loss: 0.766 | Precision@1: 73.182% (20889/28544)
Loss: 0.766 | Precision@1: 73.172% (20980/28672)
Loss: 0.767 | Precision@1: 73.160% (21070/28800)
Loss: 0.767 | Precision@1: 73.161% (21164/28928)
Loss: 0.767 | Precision@1: 73.145% (21253/29056)
Loss: 0.767 | Precision@1: 73.177% (21356/29184)
Loss: 0.767 | Precision@1: 73.175% (21449/29312)
Loss: 0.767 | Precision@1: 73.169% (21541/29440)
Loss: 0.767 | Precision@1: 73.167% (21634/29568)
Loss: 0.766 | Precision@1: 73.178% (21731/29696)
Loss: 0.766 | Precision@1: 73.186% (21827/29824)
Loss: 0.766 | Precision@1: 73.174% (21917/29952)
Loss: 0.766 | Precision@1: 73.191% (22016/30080)
Loss: 0.766 | Precision@1: 73.206% (22114/30208)
Loss: 0.765 | Precision@1: 73.240% (22218/30336)
Loss: 0.766 | Precision@1: 73.211% (22303/30464)
Loss: 0.766 | Precision@1: 73.205% (22395/30592)
Loss: 0.765 | Precision@1: 73.203% (22488/30720)
Loss: 0.765 | Precision@1: 73.217% (22586/30848)
Loss: 0.764 | Precision@1: 73.231% (22684/30976)
Loss: 0.764 | Precision@1: 73.232% (22778/31104)
Loss: 0.763 | Precision@1: 73.258% (22880/31232)
Loss: 0.763 | Precision@1: 73.272% (22978/31360)
Loss: 0.763 | Precision@1: 73.276% (23073/31488)
Loss: 0.763 | Precision@1: 73.295% (23173/31616)
Loss: 0.763 | Precision@1: 73.286% (23264/31744)
Loss: 0.763 | Precision@1: 73.290% (23359/31872)
Loss: 0.763 | Precision@1: 73.281% (23450/32000)
Loss: 0.764 | Precision@1: 73.254% (23535/32128)
Loss: 0.764 | Precision@1: 73.261% (23631/32256)
Loss: 0.764 | Precision@1: 73.258% (23724/32384)
Loss: 0.763 | Precision@1: 73.262% (23819/32512)
Loss: 0.763 | Precision@1: 73.278% (23918/32640)
Loss: 0.762 | Precision@1: 73.325% (24027/32768)
Loss: 0.762 | Precision@1: 73.316% (24118/32896)
Loss: 0.762 | Precision@1: 73.322% (24214/33024)
Loss: 0.762 | Precision@1: 73.305% (24302/33152)
Loss: 0.762 | Precision@1: 73.317% (24400/33280)
Loss: 0.761 | Precision@1: 73.330% (24498/33408)
Loss: 0.761 | Precision@1: 73.351% (24599/33536)
Loss: 0.761 | Precision@1: 73.348% (24692/33664)
Loss: 0.761 | Precision@1: 73.328% (24779/33792)
Loss: 0.761 | Precision@1: 73.320% (24870/33920)
Loss: 0.761 | Precision@1: 73.326% (24966/34048)
Loss: 0.761 | Precision@1: 73.335% (25063/34176)
Loss: 0.761 | Precision@1: 73.324% (25153/34304)
Loss: 0.761 | Precision@1: 73.347% (25255/34432)
Loss: 0.761 | Precision@1: 73.351% (25350/34560)
Loss: 0.760 | Precision@1: 73.348% (25443/34688)
Loss: 0.760 | Precision@1: 73.360% (25541/34816)
Loss: 0.760 | Precision@1: 73.363% (25636/34944)
Loss: 0.760 | Precision@1: 73.349% (25725/35072)
Loss: 0.761 | Precision@1: 73.338% (25815/35200)
Loss: 0.762 | Precision@1: 73.330% (25906/35328)
Loss: 0.762 | Precision@1: 73.316% (25995/35456)
Loss: 0.762 | Precision@1: 73.314% (26088/35584)
Loss: 0.762 | Precision@1: 73.311% (26181/35712)
Loss: 0.761 | Precision@1: 73.312% (26275/35840)
Loss: 0.761 | Precision@1: 73.326% (26374/35968)
Loss: 0.761 | Precision@1: 73.332% (26470/36096)
Loss: 0.761 | Precision@1: 73.349% (26570/36224)
Loss: 0.761 | Precision@1: 73.349% (26664/36352)
Loss: 0.761 | Precision@1: 73.339% (26754/36480)
Loss: 0.761 | Precision@1: 73.347% (26851/36608)
Loss: 0.761 | Precision@1: 73.345% (26944/36736)
Loss: 0.760 | Precision@1: 73.343% (27037/36864)
Loss: 0.760 | Precision@1: 73.346% (27132/36992)
Loss: 0.760 | Precision@1: 73.365% (27233/37120)
Loss: 0.760 | Precision@1: 73.360% (27325/37248)
Loss: 0.760 | Precision@1: 73.341% (27412/37376)
Loss: 0.761 | Precision@1: 73.352% (27510/37504)
Loss: 0.761 | Precision@1: 73.339% (27599/37632)
Loss: 0.761 | Precision@1: 73.342% (27694/37760)
Loss: 0.762 | Precision@1: 73.329% (27783/37888)
Loss: 0.762 | Precision@1: 73.338% (27880/38016)
Loss: 0.762 | Precision@1: 73.338% (27974/38144)
Loss: 0.762 | Precision@1: 73.309% (28057/38272)
Loss: 0.763 | Precision@1: 73.302% (28148/38400)
Loss: 0.762 | Precision@1: 73.318% (28248/38528)
Loss: 0.762 | Precision@1: 73.316% (28341/38656)
Loss: 0.762 | Precision@1: 73.324% (28438/38784)
Loss: 0.762 | Precision@1: 73.337% (28537/38912)
Loss: 0.761 | Precision@1: 73.345% (28634/39040)
Loss: 0.761 | Precision@1: 73.374% (28739/39168)
Loss: 0.760 | Precision@1: 73.394% (28841/39296)
Loss: 0.760 | Precision@1: 73.394% (28935/39424)
Loss: 0.760 | Precision@1: 73.397% (29030/39552)
Loss: 0.760 | Precision@1: 73.415% (29131/39680)
Loss: 0.759 | Precision@1: 73.443% (29236/39808)
Loss: 0.759 | Precision@1: 73.463% (29338/39936)
Loss: 0.758 | Precision@1: 73.492% (29444/40064)
Loss: 0.759 | Precision@1: 73.497% (29540/40192)
Loss: 0.759 | Precision@1: 73.495% (29633/40320)
Loss: 0.759 | Precision@1: 73.487% (29724/40448)
Loss: 0.759 | Precision@1: 73.474% (29813/40576)
Loss: 0.759 | Precision@1: 73.472% (29906/40704)
Loss: 0.759 | Precision@1: 73.469% (29999/40832)
Loss: 0.759 | Precision@1: 73.491% (30102/40960)
Loss: 0.759 | Precision@1: 73.491% (30196/41088)
Loss: 0.758 | Precision@1: 73.503% (30295/41216)
Loss: 0.758 | Precision@1: 73.527% (30399/41344)
Loss: 0.758 | Precision@1: 73.522% (30491/41472)
Loss: 0.758 | Precision@1: 73.524% (30586/41600)
Loss: 0.758 | Precision@1: 73.519% (30678/41728)
Loss: 0.758 | Precision@1: 73.514% (30770/41856)
Loss: 0.759 | Precision@1: 73.497% (30857/41984)
Loss: 0.758 | Precision@1: 73.509% (30956/42112)
Loss: 0.758 | Precision@1: 73.511% (31051/42240)
Loss: 0.758 | Precision@1: 73.506% (31143/42368)
Loss: 0.758 | Precision@1: 73.510% (31239/42496)
Loss: 0.758 | Precision@1: 73.501% (31329/42624)
Loss: 0.758 | Precision@1: 73.510% (31427/42752)
Loss: 0.757 | Precision@1: 73.505% (31519/42880)
Loss: 0.757 | Precision@1: 73.519% (31619/43008)
Loss: 0.757 | Precision@1: 73.507% (31708/43136)
Loss: 0.757 | Precision@1: 73.523% (31809/43264)
Loss: 0.757 | Precision@1: 73.511% (31898/43392)
Loss: 0.757 | Precision@1: 73.541% (32005/43520)
Loss: 0.756 | Precision@1: 73.550% (32103/43648)
Loss: 0.756 | Precision@1: 73.570% (32206/43776)
Loss: 0.755 | Precision@1: 73.581% (32305/43904)
Loss: 0.755 | Precision@1: 73.596% (32406/44032)
Loss: 0.755 | Precision@1: 73.601% (32502/44160)
Loss: 0.755 | Precision@1: 73.605% (32598/44288)
Loss: 0.755 | Precision@1: 73.584% (32683/44416)
Loss: 0.755 | Precision@1: 73.579% (32775/44544)
Loss: 0.755 | Precision@1: 73.594% (32876/44672)
Loss: 0.755 | Precision@1: 73.612% (32978/44800)
Loss: 0.755 | Precision@1: 73.602% (33068/44928)
Loss: 0.755 | Precision@1: 73.604% (33163/45056)
Loss: 0.755 | Precision@1: 73.615% (33262/45184)
Loss: 0.755 | Precision@1: 73.616% (33357/45312)
Loss: 0.754 | Precision@1: 73.633% (33459/45440)
Loss: 0.754 | Precision@1: 73.639% (33556/45568)
Loss: 0.754 | Precision@1: 73.659% (33659/45696)
Loss: 0.753 | Precision@1: 73.673% (33760/45824)
Loss: 0.753 | Precision@1: 73.694% (33864/45952)
Loss: 0.753 | Precision@1: 73.683% (33953/46080)
Loss: 0.753 | Precision@1: 73.665% (34039/46208)
Loss: 0.753 | Precision@1: 73.686% (34143/46336)
Loss: 0.753 | Precision@1: 73.687% (34238/46464)
Loss: 0.752 | Precision@1: 73.704% (34340/46592)
Loss: 0.752 | Precision@1: 73.716% (34440/46720)
Loss: 0.752 | Precision@1: 73.719% (34536/46848)
Loss: 0.752 | Precision@1: 73.727% (34634/46976)
Loss: 0.751 | Precision@1: 73.752% (34740/47104)
Loss: 0.751 | Precision@1: 73.755% (34836/47232)
Loss: 0.751 | Precision@1: 73.758% (34932/47360)
Loss: 0.751 | Precision@1: 73.764% (35029/47488)
Loss: 0.750 | Precision@1: 73.771% (35127/47616)
Loss: 0.750 | Precision@1: 73.783% (35227/47744)
Loss: 0.750 | Precision@1: 73.795% (35327/47872)
Loss: 0.749 | Precision@1: 73.810% (35429/48000)
Loss: 0.749 | Precision@1: 73.845% (35540/48128)
Loss: 0.748 | Precision@1: 73.856% (35640/48256)
Loss: 0.748 | Precision@1: 73.872% (35742/48384)
Loss: 0.748 | Precision@1: 73.895% (35848/48512)
Loss: 0.748 | Precision@1: 73.898% (35944/48640)
Loss: 0.748 | Precision@1: 73.893% (36036/48768)
Loss: 0.748 | Precision@1: 73.889% (36129/48896)
Loss: 0.748 | Precision@1: 73.894% (36226/49024)
Loss: 0.747 | Precision@1: 73.907% (36327/49152)
Loss: 0.747 | Precision@1: 73.927% (36431/49280)
Loss: 0.747 | Precision@1: 73.933% (36529/49408)
Loss: 0.747 | Precision@1: 73.940% (36627/49536)
Loss: 0.746 | Precision@1: 73.933% (36718/49664)
Loss: 0.746 | Precision@1: 73.950% (36821/49792)
Loss: 0.746 | Precision@1: 73.940% (36911/49920)
Loss: 0.747 | Precision@1: 73.932% (36966/50000)

Aggregates: 			
 	 DataLoader Time: 0.7640 			
 	 Mini-batch Time: 33.2977 			
 	 Training Epoch Time: 159.3737
 			
 Averages: 			
 	 Training Loss: 0.7467

 Test set Averages: Loss: 0.803 | Precision@1: 72.720% (7272/10000)
Average dataloader time is 0.77
