model name	: Intel(R) Xeon(R) Gold 6152 CPU @ 2.10GHz
Wed Oct 30 13:00:04 2019       
+-----------------------------------------------------------------------------+
| NVIDIA-SMI 418.74       Driver Version: 418.74       CUDA Version: 10.1     |
|-------------------------------+----------------------+----------------------+
| GPU  Name        Persistence-M| Bus-Id        Disp.A | Volatile Uncorr. ECC |
| Fan  Temp  Perf  Pwr:Usage/Cap|         Memory-Usage | GPU-Util  Compute M. |
|===============================+======================+======================|
|   0  GeForce RTX 208...  On   | 00000000:3B:00.0 Off |                  N/A |
| 35%   48C    P2    72W / 250W |    990MiB / 10989MiB |      5%      Default |
+-------------------------------+----------------------+----------------------+
                                                                               
+-----------------------------------------------------------------------------+
| Processes:                                                       GPU Memory |
|  GPU       PID   Type   Process name                             Usage      |
|=============================================================================|
|    0    464087      C   python3                                      979MiB |
+-----------------------------------------------------------------------------+
Files already downloaded and verified
Files already downloaded and verified

Epoch: 0
Loss: 2.306 | Precision@1: 11.719% (15/128)
Loss: 2.304 | Precision@1: 11.328% (29/256)
Loss: 2.304 | Precision@1: 10.417% (40/384)
Loss: 2.304 | Precision@1: 9.570% (49/512)
Loss: 2.303 | Precision@1: 9.531% (61/640)
Loss: 2.303 | Precision@1: 9.115% (70/768)
Loss: 2.303 | Precision@1: 9.040% (81/896)
Loss: 2.303 | Precision@1: 8.984% (92/1024)
Loss: 2.302 | Precision@1: 9.635% (111/1152)
Loss: 2.301 | Precision@1: 9.609% (123/1280)
Loss: 2.300 | Precision@1: 9.730% (137/1408)
Loss: 2.299 | Precision@1: 10.156% (156/1536)
Loss: 2.297 | Precision@1: 10.697% (178/1664)
Loss: 2.298 | Precision@1: 10.714% (192/1792)
Loss: 2.298 | Precision@1: 10.938% (210/1920)
Loss: 2.296 | Precision@1: 11.621% (238/2048)
Loss: 2.294 | Precision@1: 11.673% (254/2176)
Loss: 2.292 | Precision@1: 11.589% (267/2304)
Loss: 2.290 | Precision@1: 11.554% (281/2432)
Loss: 2.287 | Precision@1: 11.797% (302/2560)
Loss: 2.280 | Precision@1: 12.351% (332/2688)
Loss: 2.275 | Precision@1: 12.393% (349/2816)
Loss: 2.275 | Precision@1: 12.296% (362/2944)
Loss: 2.283 | Precision@1: 12.240% (376/3072)
Loss: 2.281 | Precision@1: 12.312% (394/3200)
Loss: 2.281 | Precision@1: 12.290% (409/3328)
Loss: 2.281 | Precision@1: 12.471% (431/3456)
Loss: 2.281 | Precision@1: 12.500% (448/3584)
Loss: 2.281 | Precision@1: 12.527% (465/3712)
Loss: 2.280 | Precision@1: 12.630% (485/3840)
Loss: 2.279 | Precision@1: 12.702% (504/3968)
Loss: 2.279 | Precision@1: 12.720% (521/4096)
Loss: 2.278 | Precision@1: 12.831% (542/4224)
Loss: 2.277 | Precision@1: 12.753% (555/4352)
Loss: 2.275 | Precision@1: 12.969% (581/4480)
Loss: 2.273 | Precision@1: 13.043% (601/4608)
Loss: 2.272 | Precision@1: 13.112% (621/4736)
Loss: 2.270 | Precision@1: 13.158% (640/4864)
Loss: 2.268 | Precision@1: 13.201% (659/4992)
Loss: 2.266 | Precision@1: 13.242% (678/5120)
Loss: 2.265 | Precision@1: 13.243% (695/5248)
Loss: 2.264 | Precision@1: 13.188% (709/5376)
Loss: 2.262 | Precision@1: 13.318% (733/5504)
Loss: 2.259 | Precision@1: 13.548% (763/5632)
Loss: 2.258 | Precision@1: 13.628% (785/5760)
Loss: 2.255 | Precision@1: 13.689% (806/5888)
Loss: 2.254 | Precision@1: 13.780% (829/6016)
Loss: 2.251 | Precision@1: 13.835% (850/6144)
Loss: 2.250 | Precision@1: 13.887% (871/6272)
Loss: 2.248 | Precision@1: 14.000% (896/6400)
Loss: 2.246 | Precision@1: 14.062% (918/6528)
Loss: 2.245 | Precision@1: 14.243% (948/6656)
Loss: 2.244 | Precision@1: 14.254% (967/6784)
Loss: 2.243 | Precision@1: 14.323% (990/6912)
Loss: 2.241 | Precision@1: 14.332% (1009/7040)
Loss: 2.239 | Precision@1: 14.439% (1035/7168)
Loss: 2.237 | Precision@1: 14.487% (1057/7296)
Loss: 2.234 | Precision@1: 14.696% (1091/7424)
Loss: 2.231 | Precision@1: 14.791% (1117/7552)
Loss: 2.231 | Precision@1: 14.818% (1138/7680)
Loss: 2.231 | Precision@1: 14.805% (1156/7808)
Loss: 2.230 | Precision@1: 14.856% (1179/7936)
Loss: 2.229 | Precision@1: 14.918% (1203/8064)
Loss: 2.229 | Precision@1: 14.893% (1220/8192)
Loss: 2.226 | Precision@1: 15.024% (1250/8320)
Loss: 2.223 | Precision@1: 15.080% (1274/8448)
Loss: 2.221 | Precision@1: 15.205% (1304/8576)
Loss: 2.220 | Precision@1: 15.338% (1335/8704)
Loss: 2.219 | Precision@1: 15.410% (1361/8832)
Loss: 2.217 | Precision@1: 15.446% (1384/8960)
Loss: 2.216 | Precision@1: 15.449% (1404/9088)
Loss: 2.214 | Precision@1: 15.592% (1437/9216)
Loss: 2.213 | Precision@1: 15.604% (1458/9344)
Loss: 2.211 | Precision@1: 15.636% (1481/9472)
Loss: 2.209 | Precision@1: 15.708% (1508/9600)
Loss: 2.209 | Precision@1: 15.718% (1529/9728)
Loss: 2.207 | Precision@1: 15.838% (1561/9856)
Loss: 2.206 | Precision@1: 15.976% (1595/9984)
Loss: 2.205 | Precision@1: 16.001% (1618/10112)
Loss: 2.203 | Precision@1: 16.064% (1645/10240)
Loss: 2.202 | Precision@1: 16.146% (1674/10368)
Loss: 2.202 | Precision@1: 16.235% (1704/10496)
Loss: 2.200 | Precision@1: 16.331% (1735/10624)
Loss: 2.199 | Precision@1: 16.313% (1754/10752)
Loss: 2.197 | Precision@1: 16.369% (1781/10880)
Loss: 2.196 | Precision@1: 16.388% (1804/11008)
Loss: 2.194 | Precision@1: 16.415% (1828/11136)
Loss: 2.194 | Precision@1: 16.442% (1852/11264)
Loss: 2.193 | Precision@1: 16.485% (1878/11392)
Loss: 2.192 | Precision@1: 16.484% (1899/11520)
Loss: 2.191 | Precision@1: 16.509% (1923/11648)
Loss: 2.191 | Precision@1: 16.508% (1944/11776)
Loss: 2.189 | Precision@1: 16.557% (1971/11904)
Loss: 2.187 | Precision@1: 16.614% (1999/12032)
Loss: 2.186 | Precision@1: 16.743% (2036/12160)
Loss: 2.185 | Precision@1: 16.781% (2062/12288)
Loss: 2.184 | Precision@1: 16.881% (2096/12416)
Loss: 2.183 | Precision@1: 16.908% (2121/12544)
Loss: 2.182 | Precision@1: 16.974% (2151/12672)
Loss: 2.182 | Precision@1: 17.008% (2177/12800)
Loss: 2.181 | Precision@1: 17.079% (2208/12928)
Loss: 2.180 | Precision@1: 17.180% (2243/13056)
Loss: 2.179 | Precision@1: 17.225% (2271/13184)
Loss: 2.178 | Precision@1: 17.293% (2302/13312)
Loss: 2.177 | Precision@1: 17.329% (2329/13440)
Loss: 2.176 | Precision@1: 17.409% (2362/13568)
Loss: 2.174 | Precision@1: 17.494% (2396/13696)
Loss: 2.174 | Precision@1: 17.542% (2425/13824)
Loss: 2.173 | Precision@1: 17.589% (2454/13952)
Loss: 2.172 | Precision@1: 17.663% (2487/14080)
Loss: 2.172 | Precision@1: 17.673% (2511/14208)
Loss: 2.171 | Precision@1: 17.683% (2535/14336)
Loss: 2.171 | Precision@1: 17.685% (2558/14464)
Loss: 2.169 | Precision@1: 17.784% (2595/14592)
Loss: 2.169 | Precision@1: 17.819% (2623/14720)
Loss: 2.168 | Precision@1: 17.854% (2651/14848)
Loss: 2.167 | Precision@1: 17.862% (2675/14976)
Loss: 2.166 | Precision@1: 17.869% (2699/15104)
Loss: 2.165 | Precision@1: 17.975% (2738/15232)
Loss: 2.164 | Precision@1: 18.014% (2767/15360)
Loss: 2.163 | Precision@1: 18.072% (2799/15488)
Loss: 2.161 | Precision@1: 18.103% (2827/15616)
Loss: 2.161 | Precision@1: 18.089% (2848/15744)
Loss: 2.159 | Precision@1: 18.133% (2878/15872)
Loss: 2.158 | Precision@1: 18.181% (2909/16000)
Loss: 2.157 | Precision@1: 18.167% (2930/16128)
Loss: 2.156 | Precision@1: 18.221% (2962/16256)
Loss: 2.155 | Precision@1: 18.268% (2993/16384)
Loss: 2.154 | Precision@1: 18.332% (3027/16512)
Loss: 2.153 | Precision@1: 18.365% (3056/16640)
Loss: 2.151 | Precision@1: 18.464% (3096/16768)
Loss: 2.148 | Precision@1: 18.519% (3129/16896)
Loss: 2.147 | Precision@1: 18.521% (3153/17024)
Loss: 2.147 | Precision@1: 18.558% (3183/17152)
Loss: 2.146 | Precision@1: 18.611% (3216/17280)
Loss: 2.145 | Precision@1: 18.652% (3247/17408)
Loss: 2.144 | Precision@1: 18.653% (3271/17536)
Loss: 2.143 | Precision@1: 18.671% (3298/17664)
Loss: 2.142 | Precision@1: 18.705% (3328/17792)
Loss: 2.140 | Precision@1: 18.761% (3362/17920)
Loss: 2.139 | Precision@1: 18.794% (3392/18048)
Loss: 2.138 | Precision@1: 18.811% (3419/18176)
Loss: 2.137 | Precision@1: 18.865% (3453/18304)
Loss: 2.137 | Precision@1: 18.864% (3477/18432)
Loss: 2.136 | Precision@1: 18.922% (3512/18560)
Loss: 2.135 | Precision@1: 18.975% (3546/18688)
Loss: 2.133 | Precision@1: 19.053% (3585/18816)
Loss: 2.132 | Precision@1: 19.072% (3613/18944)
Loss: 2.131 | Precision@1: 19.148% (3652/19072)
Loss: 2.130 | Precision@1: 19.214% (3689/19200)
Loss: 2.129 | Precision@1: 19.252% (3721/19328)
Loss: 2.127 | Precision@1: 19.331% (3761/19456)
Loss: 2.126 | Precision@1: 19.363% (3792/19584)
Loss: 2.126 | Precision@1: 19.374% (3819/19712)
Loss: 2.124 | Precision@1: 19.395% (3848/19840)
Loss: 2.123 | Precision@1: 19.456% (3885/19968)
Loss: 2.122 | Precision@1: 19.486% (3916/20096)
Loss: 2.122 | Precision@1: 19.492% (3942/20224)
Loss: 2.121 | Precision@1: 19.546% (3978/20352)
Loss: 2.120 | Precision@1: 19.561% (4006/20480)
Loss: 2.119 | Precision@1: 19.628% (4045/20608)
Loss: 2.118 | Precision@1: 19.686% (4082/20736)
Loss: 2.116 | Precision@1: 19.776% (4126/20864)
Loss: 2.116 | Precision@1: 19.817% (4160/20992)
Loss: 2.116 | Precision@1: 19.825% (4187/21120)
Loss: 2.115 | Precision@1: 19.856% (4219/21248)
Loss: 2.115 | Precision@1: 19.887% (4251/21376)
Loss: 2.114 | Precision@1: 19.927% (4285/21504)
Loss: 2.114 | Precision@1: 19.906% (4306/21632)
Loss: 2.113 | Precision@1: 19.940% (4339/21760)
Loss: 2.112 | Precision@1: 19.970% (4371/21888)
Loss: 2.111 | Precision@1: 19.976% (4398/22016)
Loss: 2.110 | Precision@1: 20.023% (4434/22144)
Loss: 2.110 | Precision@1: 20.025% (4460/22272)
Loss: 2.109 | Precision@1: 20.080% (4498/22400)
Loss: 2.107 | Precision@1: 20.153% (4540/22528)
Loss: 2.107 | Precision@1: 20.114% (4557/22656)
Loss: 2.107 | Precision@1: 20.163% (4594/22784)
Loss: 2.106 | Precision@1: 20.186% (4625/22912)
Loss: 2.106 | Precision@1: 20.239% (4663/23040)
Loss: 2.105 | Precision@1: 20.274% (4697/23168)
Loss: 2.104 | Precision@1: 20.304% (4730/23296)
Loss: 2.103 | Precision@1: 20.351% (4767/23424)
Loss: 2.103 | Precision@1: 20.393% (4803/23552)
Loss: 2.103 | Precision@1: 20.414% (4834/23680)
Loss: 2.103 | Precision@1: 20.464% (4872/23808)
Loss: 2.102 | Precision@1: 20.521% (4912/23936)
Loss: 2.101 | Precision@1: 20.554% (4946/24064)
Loss: 2.100 | Precision@1: 20.589% (4981/24192)
Loss: 2.100 | Precision@1: 20.588% (5007/24320)
Loss: 2.100 | Precision@1: 20.607% (5038/24448)
Loss: 2.099 | Precision@1: 20.650% (5075/24576)
Loss: 2.098 | Precision@1: 20.689% (5111/24704)
Loss: 2.098 | Precision@1: 20.675% (5134/24832)
Loss: 2.097 | Precision@1: 20.697% (5166/24960)
Loss: 2.097 | Precision@1: 20.711% (5196/25088)
Loss: 2.096 | Precision@1: 20.741% (5230/25216)
Loss: 2.095 | Precision@1: 20.786% (5268/25344)
Loss: 2.095 | Precision@1: 20.811% (5301/25472)
Loss: 2.094 | Precision@1: 20.852% (5338/25600)
Loss: 2.092 | Precision@1: 20.915% (5381/25728)
Loss: 2.091 | Precision@1: 20.978% (5424/25856)
Loss: 2.089 | Precision@1: 21.048% (5469/25984)
Loss: 2.088 | Precision@1: 21.121% (5515/26112)
Loss: 2.087 | Precision@1: 21.162% (5553/26240)
Loss: 2.086 | Precision@1: 21.204% (5591/26368)
Loss: 2.085 | Precision@1: 21.226% (5624/26496)
Loss: 2.084 | Precision@1: 21.252% (5658/26624)
Loss: 2.083 | Precision@1: 21.307% (5700/26752)
Loss: 2.081 | Precision@1: 21.365% (5743/26880)
Loss: 2.080 | Precision@1: 21.438% (5790/27008)
Loss: 2.078 | Precision@1: 21.492% (5832/27136)
Loss: 2.077 | Precision@1: 21.545% (5874/27264)
Loss: 2.076 | Precision@1: 21.557% (5905/27392)
Loss: 2.075 | Precision@1: 21.588% (5941/27520)
Loss: 2.075 | Precision@1: 21.625% (5979/27648)
Loss: 2.073 | Precision@1: 21.691% (6025/27776)
Loss: 2.072 | Precision@1: 21.710% (6058/27904)
Loss: 2.071 | Precision@1: 21.782% (6106/28032)
Loss: 2.069 | Precision@1: 21.861% (6156/28160)
Loss: 2.068 | Precision@1: 21.900% (6195/28288)
Loss: 2.067 | Precision@1: 21.931% (6232/28416)
Loss: 2.066 | Precision@1: 21.956% (6267/28544)
Loss: 2.065 | Precision@1: 22.015% (6312/28672)
Loss: 2.063 | Precision@1: 22.069% (6356/28800)
Loss: 2.062 | Precision@1: 22.114% (6397/28928)
Loss: 2.061 | Precision@1: 22.178% (6444/29056)
Loss: 2.060 | Precision@1: 22.177% (6472/29184)
Loss: 2.060 | Precision@1: 22.213% (6511/29312)
Loss: 2.059 | Precision@1: 22.245% (6549/29440)
Loss: 2.058 | Precision@1: 22.284% (6589/29568)
Loss: 2.057 | Precision@1: 22.326% (6630/29696)
Loss: 2.056 | Precision@1: 22.351% (6666/29824)
Loss: 2.055 | Precision@1: 22.379% (6703/29952)
Loss: 2.054 | Precision@1: 22.430% (6747/30080)
Loss: 2.053 | Precision@1: 22.471% (6788/30208)
Loss: 2.052 | Precision@1: 22.518% (6831/30336)
Loss: 2.051 | Precision@1: 22.554% (6871/30464)
Loss: 2.050 | Precision@1: 22.584% (6909/30592)
Loss: 2.049 | Precision@1: 22.611% (6946/30720)
Loss: 2.048 | Precision@1: 22.653% (6988/30848)
Loss: 2.047 | Precision@1: 22.676% (7024/30976)
Loss: 2.047 | Precision@1: 22.701% (7061/31104)
Loss: 2.046 | Precision@1: 22.749% (7105/31232)
Loss: 2.045 | Precision@1: 22.803% (7151/31360)
Loss: 2.045 | Precision@1: 22.825% (7187/31488)
Loss: 2.044 | Precision@1: 22.890% (7237/31616)
Loss: 2.043 | Precision@1: 22.902% (7270/31744)
Loss: 2.042 | Precision@1: 22.926% (7307/31872)
Loss: 2.041 | Precision@1: 22.972% (7351/32000)
Loss: 2.040 | Precision@1: 22.989% (7386/32128)
Loss: 2.040 | Precision@1: 23.003% (7420/32256)
Loss: 2.039 | Precision@1: 23.024% (7456/32384)
Loss: 2.038 | Precision@1: 23.044% (7492/32512)
Loss: 2.038 | Precision@1: 23.048% (7523/32640)
Loss: 2.038 | Precision@1: 23.065% (7558/32768)
Loss: 2.037 | Precision@1: 23.082% (7593/32896)
Loss: 2.037 | Precision@1: 23.098% (7628/33024)
Loss: 2.036 | Precision@1: 23.118% (7664/33152)
Loss: 2.036 | Precision@1: 23.134% (7699/33280)
Loss: 2.036 | Precision@1: 23.153% (7735/33408)
Loss: 2.035 | Precision@1: 23.187% (7776/33536)
Loss: 2.034 | Precision@1: 23.209% (7813/33664)
Loss: 2.033 | Precision@1: 23.224% (7848/33792)
Loss: 2.032 | Precision@1: 23.287% (7899/33920)
Loss: 2.031 | Precision@1: 23.317% (7939/34048)
Loss: 2.031 | Precision@1: 23.341% (7977/34176)
Loss: 2.030 | Precision@1: 23.373% (8018/34304)
Loss: 2.029 | Precision@1: 23.417% (8063/34432)
Loss: 2.028 | Precision@1: 23.469% (8111/34560)
Loss: 2.027 | Precision@1: 23.530% (8162/34688)
Loss: 2.026 | Precision@1: 23.552% (8200/34816)
Loss: 2.025 | Precision@1: 23.606% (8249/34944)
Loss: 2.025 | Precision@1: 23.626% (8286/35072)
Loss: 2.024 | Precision@1: 23.651% (8325/35200)
Loss: 2.024 | Precision@1: 23.689% (8369/35328)
Loss: 2.023 | Precision@1: 23.714% (8408/35456)
Loss: 2.022 | Precision@1: 23.761% (8455/35584)
Loss: 2.021 | Precision@1: 23.788% (8495/35712)
Loss: 2.021 | Precision@1: 23.800% (8530/35840)
Loss: 2.020 | Precision@1: 23.810% (8564/35968)
Loss: 2.020 | Precision@1: 23.820% (8598/36096)
Loss: 2.019 | Precision@1: 23.874% (8648/36224)
Loss: 2.018 | Precision@1: 23.897% (8687/36352)
Loss: 2.017 | Precision@1: 23.934% (8731/36480)
Loss: 2.016 | Precision@1: 23.967% (8774/36608)
Loss: 2.015 | Precision@1: 24.017% (8823/36736)
Loss: 2.014 | Precision@1: 24.064% (8871/36864)
Loss: 2.013 | Precision@1: 24.086% (8910/36992)
Loss: 2.012 | Precision@1: 24.092% (8943/37120)
Loss: 2.012 | Precision@1: 24.130% (8988/37248)
Loss: 2.010 | Precision@1: 24.184% (9039/37376)
Loss: 2.010 | Precision@1: 24.208% (9079/37504)
Loss: 2.009 | Precision@1: 24.235% (9120/37632)
Loss: 2.008 | Precision@1: 24.266% (9163/37760)
Loss: 2.007 | Precision@1: 24.287% (9202/37888)
Loss: 2.006 | Precision@1: 24.313% (9243/38016)
Loss: 2.006 | Precision@1: 24.342% (9285/38144)
Loss: 2.006 | Precision@1: 24.370% (9327/38272)
Loss: 2.005 | Precision@1: 24.396% (9368/38400)
Loss: 2.004 | Precision@1: 24.424% (9410/38528)
Loss: 2.003 | Precision@1: 24.441% (9448/38656)
Loss: 2.002 | Precision@1: 24.446% (9481/38784)
Loss: 2.001 | Precision@1: 24.468% (9521/38912)
Loss: 2.001 | Precision@1: 24.495% (9563/39040)
Loss: 2.000 | Precision@1: 24.525% (9606/39168)
Loss: 1.999 | Precision@1: 24.560% (9651/39296)
Loss: 1.998 | Precision@1: 24.594% (9696/39424)
Loss: 1.997 | Precision@1: 24.611% (9734/39552)
Loss: 1.996 | Precision@1: 24.637% (9776/39680)
Loss: 1.995 | Precision@1: 24.691% (9829/39808)
Loss: 1.994 | Precision@1: 24.747% (9883/39936)
Loss: 1.993 | Precision@1: 24.795% (9934/40064)
Loss: 1.992 | Precision@1: 24.836% (9982/40192)
Loss: 1.991 | Precision@1: 24.861% (10024/40320)
Loss: 1.990 | Precision@1: 24.904% (10073/40448)
Loss: 1.990 | Precision@1: 24.909% (10107/40576)
Loss: 1.990 | Precision@1: 24.926% (10146/40704)
Loss: 1.989 | Precision@1: 24.953% (10189/40832)
Loss: 1.988 | Precision@1: 24.978% (10231/40960)
Loss: 1.987 | Precision@1: 25.012% (10277/41088)
Loss: 1.986 | Precision@1: 25.029% (10316/41216)
Loss: 1.986 | Precision@1: 25.056% (10359/41344)
Loss: 1.985 | Precision@1: 25.082% (10402/41472)
Loss: 1.984 | Precision@1: 25.123% (10451/41600)
Loss: 1.983 | Precision@1: 25.158% (10498/41728)
Loss: 1.982 | Precision@1: 25.205% (10550/41856)
Loss: 1.982 | Precision@1: 25.252% (10602/41984)
Loss: 1.981 | Precision@1: 25.292% (10651/42112)
Loss: 1.980 | Precision@1: 25.353% (10709/42240)
Loss: 1.979 | Precision@1: 25.378% (10752/42368)
Loss: 1.978 | Precision@1: 25.421% (10803/42496)
Loss: 1.978 | Precision@1: 25.457% (10851/42624)
Loss: 1.977 | Precision@1: 25.480% (10893/42752)
Loss: 1.976 | Precision@1: 25.522% (10944/42880)
Loss: 1.976 | Precision@1: 25.556% (10991/43008)
Loss: 1.975 | Precision@1: 25.575% (11032/43136)
Loss: 1.975 | Precision@1: 25.573% (11064/43264)
Loss: 1.974 | Precision@1: 25.597% (11107/43392)
Loss: 1.973 | Precision@1: 25.641% (11159/43520)
Loss: 1.972 | Precision@1: 25.680% (11209/43648)
Loss: 1.971 | Precision@1: 25.720% (11259/43776)
Loss: 1.970 | Precision@1: 25.752% (11306/43904)
Loss: 1.970 | Precision@1: 25.793% (11357/44032)
Loss: 1.969 | Precision@1: 25.811% (11398/44160)
Loss: 1.968 | Precision@1: 25.847% (11447/44288)
Loss: 1.967 | Precision@1: 25.883% (11496/44416)
Loss: 1.966 | Precision@1: 25.909% (11541/44544)
Loss: 1.966 | Precision@1: 25.918% (11578/44672)
Loss: 1.965 | Precision@1: 25.955% (11628/44800)
Loss: 1.965 | Precision@1: 25.984% (11674/44928)
Loss: 1.964 | Precision@1: 26.003% (11716/45056)
Loss: 1.963 | Precision@1: 26.036% (11764/45184)
Loss: 1.962 | Precision@1: 26.081% (11818/45312)
Loss: 1.962 | Precision@1: 26.098% (11859/45440)
Loss: 1.961 | Precision@1: 26.130% (11907/45568)
Loss: 1.960 | Precision@1: 26.169% (11958/45696)
Loss: 1.960 | Precision@1: 26.200% (12006/45824)
Loss: 1.959 | Precision@1: 26.227% (12052/45952)
Loss: 1.959 | Precision@1: 26.246% (12094/46080)
Loss: 1.958 | Precision@1: 26.281% (12144/46208)
Loss: 1.957 | Precision@1: 26.316% (12194/46336)
Loss: 1.957 | Precision@1: 26.352% (12244/46464)
Loss: 1.956 | Precision@1: 26.371% (12287/46592)
Loss: 1.955 | Precision@1: 26.387% (12328/46720)
Loss: 1.955 | Precision@1: 26.409% (12372/46848)
Loss: 1.954 | Precision@1: 26.439% (12420/46976)
Loss: 1.953 | Precision@1: 26.461% (12464/47104)
Loss: 1.953 | Precision@1: 26.491% (12512/47232)
Loss: 1.952 | Precision@1: 26.539% (12569/47360)
Loss: 1.951 | Precision@1: 26.560% (12613/47488)
Loss: 1.950 | Precision@1: 26.581% (12657/47616)
Loss: 1.950 | Precision@1: 26.613% (12706/47744)
Loss: 1.949 | Precision@1: 26.627% (12747/47872)
Loss: 1.949 | Precision@1: 26.663% (12798/48000)
Loss: 1.948 | Precision@1: 26.700% (12850/48128)
Loss: 1.948 | Precision@1: 26.714% (12891/48256)
Loss: 1.947 | Precision@1: 26.740% (12938/48384)
Loss: 1.946 | Precision@1: 26.781% (12992/48512)
Loss: 1.945 | Precision@1: 26.815% (13043/48640)
Loss: 1.945 | Precision@1: 26.829% (13084/48768)
Loss: 1.944 | Precision@1: 26.849% (13128/48896)
Loss: 1.944 | Precision@1: 26.862% (13169/49024)
Loss: 1.943 | Precision@1: 26.892% (13218/49152)
Loss: 1.942 | Precision@1: 26.926% (13269/49280)
Loss: 1.942 | Precision@1: 26.943% (13312/49408)
Loss: 1.942 | Precision@1: 26.978% (13364/49536)
Loss: 1.941 | Precision@1: 27.003% (13411/49664)
Loss: 1.941 | Precision@1: 27.036% (13462/49792)
Loss: 1.940 | Precision@1: 27.065% (13511/49920)
Loss: 1.940 | Precision@1: 27.084% (13542/50000)

Aggregates: 			
 	 DataLoader Time: 0.3690 			
 	 Mini-batch Time: 10.7914 			
 	 Training Epoch Time: 27.7822
 			
 Averages: 			
 	 Training Loss: 1.9397

 Test set Averages: Loss: 1.752 | Precision@1: 39.220% (3922/10000)

Epoch: 1
Loss: 1.796 | Precision@1: 29.688% (38/128)
Loss: 1.657 | Precision@1: 35.156% (90/256)
Loss: 1.664 | Precision@1: 35.156% (135/384)
Loss: 1.681 | Precision@1: 35.156% (180/512)
Loss: 1.672 | Precision@1: 35.625% (228/640)
Loss: 1.642 | Precision@1: 37.500% (288/768)
Loss: 1.629 | Precision@1: 37.612% (337/896)
Loss: 1.655 | Precision@1: 36.523% (374/1024)
Loss: 1.639 | Precision@1: 37.240% (429/1152)
Loss: 1.643 | Precision@1: 37.344% (478/1280)
Loss: 1.637 | Precision@1: 37.784% (532/1408)
Loss: 1.641 | Precision@1: 37.370% (574/1536)
Loss: 1.635 | Precision@1: 37.981% (632/1664)
Loss: 1.645 | Precision@1: 37.444% (671/1792)
Loss: 1.640 | Precision@1: 37.760% (725/1920)
Loss: 1.641 | Precision@1: 37.842% (775/2048)
Loss: 1.643 | Precision@1: 37.684% (820/2176)
Loss: 1.640 | Precision@1: 37.934% (874/2304)
Loss: 1.649 | Precision@1: 37.582% (914/2432)
Loss: 1.654 | Precision@1: 37.695% (965/2560)
Loss: 1.649 | Precision@1: 38.095% (1024/2688)
Loss: 1.645 | Precision@1: 38.459% (1083/2816)
Loss: 1.647 | Precision@1: 38.689% (1139/2944)
Loss: 1.647 | Precision@1: 38.770% (1191/3072)
Loss: 1.647 | Precision@1: 38.781% (1241/3200)
Loss: 1.644 | Precision@1: 38.972% (1297/3328)
Loss: 1.645 | Precision@1: 38.600% (1334/3456)
Loss: 1.645 | Precision@1: 38.839% (1392/3584)
Loss: 1.640 | Precision@1: 38.766% (1439/3712)
Loss: 1.640 | Precision@1: 38.802% (1490/3840)
Loss: 1.639 | Precision@1: 39.012% (1548/3968)
Loss: 1.637 | Precision@1: 39.087% (1601/4096)
Loss: 1.639 | Precision@1: 39.086% (1651/4224)
Loss: 1.634 | Precision@1: 39.315% (1711/4352)
Loss: 1.634 | Precision@1: 39.308% (1761/4480)
Loss: 1.631 | Precision@1: 39.518% (1821/4608)
Loss: 1.633 | Precision@1: 39.337% (1863/4736)
Loss: 1.633 | Precision@1: 39.474% (1920/4864)
Loss: 1.635 | Precision@1: 39.423% (1968/4992)
Loss: 1.638 | Precision@1: 39.258% (2010/5120)
Loss: 1.639 | Precision@1: 39.196% (2057/5248)
Loss: 1.639 | Precision@1: 39.137% (2104/5376)
Loss: 1.639 | Precision@1: 39.135% (2154/5504)
Loss: 1.637 | Precision@1: 39.293% (2213/5632)
Loss: 1.640 | Precision@1: 39.201% (2258/5760)
Loss: 1.639 | Precision@1: 39.096% (2302/5888)
Loss: 1.638 | Precision@1: 39.079% (2351/6016)
Loss: 1.636 | Precision@1: 39.290% (2414/6144)
Loss: 1.636 | Precision@1: 39.334% (2467/6272)
Loss: 1.633 | Precision@1: 39.391% (2521/6400)
Loss: 1.635 | Precision@1: 39.338% (2568/6528)
Loss: 1.634 | Precision@1: 39.333% (2618/6656)
Loss: 1.633 | Precision@1: 39.298% (2666/6784)
Loss: 1.632 | Precision@1: 39.395% (2723/6912)
Loss: 1.633 | Precision@1: 39.318% (2768/7040)
Loss: 1.635 | Precision@1: 39.216% (2811/7168)
Loss: 1.634 | Precision@1: 39.309% (2868/7296)
Loss: 1.636 | Precision@1: 39.170% (2908/7424)
Loss: 1.634 | Precision@1: 39.274% (2966/7552)
Loss: 1.633 | Precision@1: 39.258% (3015/7680)
Loss: 1.632 | Precision@1: 39.242% (3064/7808)
Loss: 1.633 | Precision@1: 39.252% (3115/7936)
Loss: 1.631 | Precision@1: 39.261% (3166/8064)
Loss: 1.631 | Precision@1: 39.404% (3228/8192)
Loss: 1.628 | Precision@1: 39.603% (3295/8320)
Loss: 1.629 | Precision@1: 39.607% (3346/8448)
Loss: 1.627 | Precision@1: 39.657% (3401/8576)
Loss: 1.628 | Precision@1: 39.740% (3459/8704)
Loss: 1.628 | Precision@1: 39.878% (3522/8832)
Loss: 1.628 | Precision@1: 39.888% (3574/8960)
Loss: 1.627 | Precision@1: 39.866% (3623/9088)
Loss: 1.627 | Precision@1: 39.941% (3681/9216)
Loss: 1.628 | Precision@1: 39.929% (3731/9344)
Loss: 1.627 | Precision@1: 40.002% (3789/9472)
Loss: 1.629 | Precision@1: 39.958% (3836/9600)
Loss: 1.630 | Precision@1: 39.854% (3877/9728)
Loss: 1.631 | Precision@1: 39.803% (3923/9856)
Loss: 1.633 | Precision@1: 39.764% (3970/9984)
Loss: 1.632 | Precision@1: 39.775% (4022/10112)
Loss: 1.633 | Precision@1: 39.707% (4066/10240)
Loss: 1.632 | Precision@1: 39.718% (4118/10368)
Loss: 1.631 | Precision@1: 39.758% (4173/10496)
Loss: 1.631 | Precision@1: 39.778% (4226/10624)
Loss: 1.631 | Precision@1: 39.714% (4270/10752)
Loss: 1.632 | Precision@1: 39.688% (4318/10880)
Loss: 1.630 | Precision@1: 39.762% (4377/11008)
Loss: 1.630 | Precision@1: 39.745% (4426/11136)
Loss: 1.630 | Precision@1: 39.755% (4478/11264)
Loss: 1.630 | Precision@1: 39.870% (4542/11392)
Loss: 1.630 | Precision@1: 39.922% (4599/11520)
Loss: 1.633 | Precision@1: 39.835% (4640/11648)
Loss: 1.633 | Precision@1: 39.818% (4689/11776)
Loss: 1.633 | Precision@1: 39.835% (4742/11904)
Loss: 1.632 | Precision@1: 39.902% (4801/12032)
Loss: 1.631 | Precision@1: 39.984% (4862/12160)
Loss: 1.630 | Precision@1: 39.998% (4915/12288)
Loss: 1.632 | Precision@1: 39.876% (4951/12416)
Loss: 1.632 | Precision@1: 39.876% (5002/12544)
Loss: 1.633 | Precision@1: 39.836% (5048/12672)
Loss: 1.633 | Precision@1: 39.852% (5101/12800)
Loss: 1.631 | Precision@1: 39.944% (5164/12928)
Loss: 1.630 | Precision@1: 40.043% (5228/13056)
Loss: 1.630 | Precision@1: 40.033% (5278/13184)
Loss: 1.629 | Precision@1: 40.069% (5334/13312)
Loss: 1.629 | Precision@1: 40.119% (5392/13440)
Loss: 1.627 | Precision@1: 40.190% (5453/13568)
Loss: 1.626 | Precision@1: 40.187% (5504/13696)
Loss: 1.628 | Precision@1: 40.133% (5548/13824)
Loss: 1.625 | Precision@1: 40.116% (5597/13952)
Loss: 1.625 | Precision@1: 40.107% (5647/14080)
Loss: 1.626 | Precision@1: 40.104% (5698/14208)
Loss: 1.625 | Precision@1: 40.137% (5754/14336)
Loss: 1.625 | Precision@1: 40.148% (5807/14464)
Loss: 1.626 | Precision@1: 40.138% (5857/14592)
Loss: 1.624 | Precision@1: 40.197% (5917/14720)
Loss: 1.624 | Precision@1: 40.194% (5968/14848)
Loss: 1.625 | Precision@1: 40.198% (6020/14976)
Loss: 1.625 | Precision@1: 40.208% (6073/15104)
Loss: 1.624 | Precision@1: 40.264% (6133/15232)
Loss: 1.624 | Precision@1: 40.228% (6179/15360)
Loss: 1.624 | Precision@1: 40.212% (6228/15488)
Loss: 1.624 | Precision@1: 40.215% (6280/15616)
Loss: 1.625 | Precision@1: 40.180% (6326/15744)
Loss: 1.625 | Precision@1: 40.140% (6371/15872)
Loss: 1.625 | Precision@1: 40.119% (6419/16000)
Loss: 1.625 | Precision@1: 40.141% (6474/16128)
Loss: 1.623 | Precision@1: 40.219% (6538/16256)
Loss: 1.622 | Precision@1: 40.210% (6588/16384)
Loss: 1.621 | Precision@1: 40.262% (6648/16512)
Loss: 1.621 | Precision@1: 40.246% (6697/16640)
Loss: 1.621 | Precision@1: 40.261% (6751/16768)
Loss: 1.621 | Precision@1: 40.252% (6801/16896)
Loss: 1.621 | Precision@1: 40.296% (6860/17024)
Loss: 1.621 | Precision@1: 40.246% (6903/17152)
Loss: 1.621 | Precision@1: 40.231% (6952/17280)
Loss: 1.620 | Precision@1: 40.275% (7011/17408)
Loss: 1.621 | Precision@1: 40.283% (7064/17536)
Loss: 1.620 | Precision@1: 40.325% (7123/17664)
Loss: 1.619 | Precision@1: 40.350% (7179/17792)
Loss: 1.621 | Precision@1: 40.301% (7222/17920)
Loss: 1.621 | Precision@1: 40.287% (7271/18048)
Loss: 1.620 | Precision@1: 40.322% (7329/18176)
Loss: 1.620 | Precision@1: 40.341% (7384/18304)
Loss: 1.620 | Precision@1: 40.354% (7438/18432)
Loss: 1.619 | Precision@1: 40.361% (7491/18560)
Loss: 1.619 | Precision@1: 40.384% (7547/18688)
Loss: 1.618 | Precision@1: 40.418% (7605/18816)
Loss: 1.617 | Precision@1: 40.440% (7661/18944)
Loss: 1.616 | Precision@1: 40.457% (7716/19072)
Loss: 1.616 | Precision@1: 40.458% (7768/19200)
Loss: 1.617 | Precision@1: 40.475% (7823/19328)
Loss: 1.617 | Precision@1: 40.497% (7879/19456)
Loss: 1.616 | Precision@1: 40.513% (7934/19584)
Loss: 1.616 | Precision@1: 40.564% (7996/19712)
Loss: 1.616 | Precision@1: 40.559% (8047/19840)
Loss: 1.616 | Precision@1: 40.555% (8098/19968)
Loss: 1.616 | Precision@1: 40.555% (8150/20096)
Loss: 1.616 | Precision@1: 40.556% (8202/20224)
Loss: 1.616 | Precision@1: 40.537% (8250/20352)
Loss: 1.616 | Precision@1: 40.522% (8299/20480)
Loss: 1.615 | Precision@1: 40.538% (8354/20608)
Loss: 1.615 | Precision@1: 40.524% (8403/20736)
Loss: 1.614 | Precision@1: 40.563% (8463/20864)
Loss: 1.614 | Precision@1: 40.563% (8515/20992)
Loss: 1.613 | Precision@1: 40.582% (8571/21120)
Loss: 1.612 | Precision@1: 40.601% (8627/21248)
Loss: 1.613 | Precision@1: 40.578% (8674/21376)
Loss: 1.612 | Precision@1: 40.625% (8736/21504)
Loss: 1.612 | Precision@1: 40.593% (8781/21632)
Loss: 1.611 | Precision@1: 40.643% (8844/21760)
Loss: 1.610 | Precision@1: 40.684% (8905/21888)
Loss: 1.609 | Precision@1: 40.725% (8966/22016)
Loss: 1.609 | Precision@1: 40.733% (9020/22144)
Loss: 1.609 | Precision@1: 40.742% (9074/22272)
Loss: 1.609 | Precision@1: 40.768% (9132/22400)
Loss: 1.608 | Precision@1: 40.758% (9182/22528)
Loss: 1.607 | Precision@1: 40.802% (9244/22656)
Loss: 1.607 | Precision@1: 40.805% (9297/22784)
Loss: 1.607 | Precision@1: 40.808% (9350/22912)
Loss: 1.606 | Precision@1: 40.820% (9405/23040)
Loss: 1.605 | Precision@1: 40.815% (9456/23168)
Loss: 1.605 | Precision@1: 40.848% (9516/23296)
Loss: 1.604 | Precision@1: 40.860% (9571/23424)
Loss: 1.604 | Precision@1: 40.867% (9625/23552)
Loss: 1.604 | Precision@1: 40.836% (9670/23680)
Loss: 1.603 | Precision@1: 40.856% (9727/23808)
Loss: 1.603 | Precision@1: 40.863% (9781/23936)
Loss: 1.603 | Precision@1: 40.883% (9838/24064)
Loss: 1.603 | Precision@1: 40.890% (9892/24192)
Loss: 1.603 | Precision@1: 40.913% (9950/24320)
Loss: 1.602 | Precision@1: 40.948% (10011/24448)
Loss: 1.602 | Precision@1: 40.959% (10066/24576)
Loss: 1.601 | Precision@1: 40.953% (10117/24704)
Loss: 1.601 | Precision@1: 40.915% (10160/24832)
Loss: 1.600 | Precision@1: 40.970% (10226/24960)
Loss: 1.601 | Precision@1: 40.932% (10269/25088)
Loss: 1.600 | Precision@1: 40.950% (10326/25216)
Loss: 1.599 | Precision@1: 41.004% (10392/25344)
Loss: 1.599 | Precision@1: 41.037% (10453/25472)
Loss: 1.599 | Precision@1: 41.051% (10509/25600)
Loss: 1.598 | Precision@1: 41.053% (10562/25728)
Loss: 1.597 | Precision@1: 41.081% (10622/25856)
Loss: 1.598 | Precision@1: 41.087% (10676/25984)
Loss: 1.597 | Precision@1: 41.077% (10726/26112)
Loss: 1.598 | Precision@1: 41.059% (10774/26240)
Loss: 1.597 | Precision@1: 41.057% (10826/26368)
Loss: 1.598 | Precision@1: 41.044% (10875/26496)
Loss: 1.598 | Precision@1: 41.016% (10920/26624)
Loss: 1.598 | Precision@1: 41.010% (10971/26752)
Loss: 1.598 | Precision@1: 41.004% (11022/26880)
Loss: 1.599 | Precision@1: 40.977% (11067/27008)
Loss: 1.599 | Precision@1: 40.997% (11125/27136)
Loss: 1.598 | Precision@1: 41.017% (11183/27264)
Loss: 1.598 | Precision@1: 41.027% (11238/27392)
Loss: 1.598 | Precision@1: 41.021% (11289/27520)
Loss: 1.598 | Precision@1: 41.016% (11340/27648)
Loss: 1.598 | Precision@1: 41.039% (11399/27776)
Loss: 1.597 | Precision@1: 41.069% (11460/27904)
Loss: 1.597 | Precision@1: 41.039% (11504/28032)
Loss: 1.597 | Precision@1: 41.048% (11559/28160)
Loss: 1.596 | Precision@1: 41.060% (11615/28288)
Loss: 1.597 | Precision@1: 41.061% (11668/28416)
Loss: 1.596 | Precision@1: 41.080% (11726/28544)
Loss: 1.596 | Precision@1: 41.096% (11783/28672)
Loss: 1.596 | Precision@1: 41.073% (11829/28800)
Loss: 1.596 | Precision@1: 41.099% (11889/28928)
Loss: 1.597 | Precision@1: 41.086% (11938/29056)
Loss: 1.596 | Precision@1: 41.094% (11993/29184)
Loss: 1.596 | Precision@1: 41.096% (12046/29312)
Loss: 1.595 | Precision@1: 41.114% (12104/29440)
Loss: 1.595 | Precision@1: 41.149% (12167/29568)
Loss: 1.595 | Precision@1: 41.160% (12223/29696)
Loss: 1.595 | Precision@1: 41.135% (12268/29824)
Loss: 1.595 | Precision@1: 41.169% (12331/29952)
Loss: 1.594 | Precision@1: 41.203% (12394/30080)
Loss: 1.594 | Precision@1: 41.194% (12444/30208)
Loss: 1.594 | Precision@1: 41.199% (12498/30336)
Loss: 1.593 | Precision@1: 41.216% (12556/30464)
Loss: 1.593 | Precision@1: 41.233% (12614/30592)
Loss: 1.593 | Precision@1: 41.279% (12681/30720)
Loss: 1.593 | Precision@1: 41.293% (12738/30848)
Loss: 1.591 | Precision@1: 41.348% (12808/30976)
Loss: 1.592 | Precision@1: 41.342% (12859/31104)
Loss: 1.592 | Precision@1: 41.345% (12913/31232)
Loss: 1.591 | Precision@1: 41.342% (12965/31360)
Loss: 1.591 | Precision@1: 41.340% (13017/31488)
Loss: 1.592 | Precision@1: 41.324% (13065/31616)
Loss: 1.592 | Precision@1: 41.324% (13118/31744)
Loss: 1.591 | Precision@1: 41.337% (13175/31872)
Loss: 1.591 | Precision@1: 41.356% (13234/32000)
Loss: 1.590 | Precision@1: 41.391% (13298/32128)
Loss: 1.590 | Precision@1: 41.403% (13355/32256)
Loss: 1.590 | Precision@1: 41.406% (13409/32384)
Loss: 1.590 | Precision@1: 41.412% (13464/32512)
Loss: 1.589 | Precision@1: 41.449% (13529/32640)
Loss: 1.589 | Precision@1: 41.473% (13590/32768)
Loss: 1.589 | Precision@1: 41.491% (13649/32896)
Loss: 1.588 | Precision@1: 41.515% (13710/33024)
Loss: 1.588 | Precision@1: 41.491% (13755/33152)
Loss: 1.588 | Precision@1: 41.526% (13820/33280)
Loss: 1.587 | Precision@1: 41.547% (13880/33408)
Loss: 1.587 | Precision@1: 41.579% (13944/33536)
Loss: 1.586 | Precision@1: 41.632% (14015/33664)
Loss: 1.586 | Precision@1: 41.634% (14069/33792)
Loss: 1.585 | Precision@1: 41.660% (14131/33920)
Loss: 1.585 | Precision@1: 41.685% (14193/34048)
Loss: 1.585 | Precision@1: 41.690% (14248/34176)
Loss: 1.584 | Precision@1: 41.707% (14307/34304)
Loss: 1.584 | Precision@1: 41.723% (14366/34432)
Loss: 1.583 | Precision@1: 41.756% (14431/34560)
Loss: 1.583 | Precision@1: 41.764% (14487/34688)
Loss: 1.582 | Precision@1: 41.794% (14551/34816)
Loss: 1.582 | Precision@1: 41.827% (14616/34944)
Loss: 1.582 | Precision@1: 41.820% (14667/35072)
Loss: 1.581 | Precision@1: 41.835% (14726/35200)
Loss: 1.580 | Precision@1: 41.859% (14788/35328)
Loss: 1.580 | Precision@1: 41.883% (14850/35456)
Loss: 1.579 | Precision@1: 41.898% (14909/35584)
Loss: 1.578 | Precision@1: 41.941% (14978/35712)
Loss: 1.578 | Precision@1: 41.956% (15037/35840)
Loss: 1.577 | Precision@1: 41.987% (15102/35968)
Loss: 1.577 | Precision@1: 42.002% (15161/36096)
Loss: 1.577 | Precision@1: 42.008% (15217/36224)
Loss: 1.577 | Precision@1: 42.017% (15274/36352)
Loss: 1.576 | Precision@1: 42.020% (15329/36480)
Loss: 1.576 | Precision@1: 42.015% (15381/36608)
Loss: 1.575 | Precision@1: 42.030% (15440/36736)
Loss: 1.575 | Precision@1: 42.030% (15494/36864)
Loss: 1.574 | Precision@1: 42.042% (15552/36992)
Loss: 1.574 | Precision@1: 42.039% (15605/37120)
Loss: 1.573 | Precision@1: 42.072% (15671/37248)
Loss: 1.573 | Precision@1: 42.099% (15735/37376)
Loss: 1.572 | Precision@1: 42.110% (15793/37504)
Loss: 1.572 | Precision@1: 42.118% (15850/37632)
Loss: 1.572 | Precision@1: 42.124% (15906/37760)
Loss: 1.572 | Precision@1: 42.158% (15973/37888)
Loss: 1.571 | Precision@1: 42.164% (16029/38016)
Loss: 1.570 | Precision@1: 42.185% (16091/38144)
Loss: 1.570 | Precision@1: 42.182% (16144/38272)
Loss: 1.569 | Precision@1: 42.229% (16216/38400)
Loss: 1.569 | Precision@1: 42.239% (16274/38528)
Loss: 1.568 | Precision@1: 42.244% (16330/38656)
Loss: 1.567 | Precision@1: 42.293% (16403/38784)
Loss: 1.566 | Precision@1: 42.321% (16468/38912)
Loss: 1.566 | Precision@1: 42.305% (16516/39040)
Loss: 1.566 | Precision@1: 42.325% (16578/39168)
Loss: 1.566 | Precision@1: 42.340% (16638/39296)
Loss: 1.565 | Precision@1: 42.363% (16701/39424)
Loss: 1.565 | Precision@1: 42.380% (16762/39552)
Loss: 1.564 | Precision@1: 42.414% (16830/39680)
Loss: 1.564 | Precision@1: 42.416% (16885/39808)
Loss: 1.563 | Precision@1: 42.460% (16957/39936)
Loss: 1.563 | Precision@1: 42.460% (17011/40064)
Loss: 1.563 | Precision@1: 42.481% (17074/40192)
Loss: 1.563 | Precision@1: 42.478% (17127/40320)
Loss: 1.563 | Precision@1: 42.474% (17180/40448)
Loss: 1.562 | Precision@1: 42.493% (17242/40576)
Loss: 1.562 | Precision@1: 42.495% (17297/40704)
Loss: 1.562 | Precision@1: 42.518% (17361/40832)
Loss: 1.562 | Precision@1: 42.551% (17429/40960)
Loss: 1.562 | Precision@1: 42.540% (17479/41088)
Loss: 1.561 | Precision@1: 42.568% (17545/41216)
Loss: 1.561 | Precision@1: 42.574% (17602/41344)
Loss: 1.560 | Precision@1: 42.600% (17667/41472)
Loss: 1.560 | Precision@1: 42.635% (17736/41600)
Loss: 1.560 | Precision@1: 42.655% (17799/41728)
Loss: 1.560 | Precision@1: 42.649% (17851/41856)
Loss: 1.559 | Precision@1: 42.681% (17919/41984)
Loss: 1.558 | Precision@1: 42.708% (17985/42112)
Loss: 1.558 | Precision@1: 42.723% (18046/42240)
Loss: 1.558 | Precision@1: 42.752% (18113/42368)
Loss: 1.557 | Precision@1: 42.766% (18174/42496)
Loss: 1.557 | Precision@1: 42.776% (18233/42624)
Loss: 1.557 | Precision@1: 42.779% (18289/42752)
Loss: 1.557 | Precision@1: 42.794% (18350/42880)
Loss: 1.557 | Precision@1: 42.822% (18417/43008)
Loss: 1.557 | Precision@1: 42.816% (18469/43136)
Loss: 1.556 | Precision@1: 42.832% (18531/43264)
Loss: 1.555 | Precision@1: 42.851% (18594/43392)
Loss: 1.555 | Precision@1: 42.875% (18659/43520)
Loss: 1.554 | Precision@1: 42.893% (18722/43648)
Loss: 1.554 | Precision@1: 42.898% (18779/43776)
Loss: 1.554 | Precision@1: 42.900% (18835/43904)
Loss: 1.553 | Precision@1: 42.932% (18904/44032)
Loss: 1.553 | Precision@1: 42.939% (18962/44160)
Loss: 1.553 | Precision@1: 42.951% (19022/44288)
Loss: 1.552 | Precision@1: 42.960% (19081/44416)
Loss: 1.551 | Precision@1: 42.987% (19148/44544)
Loss: 1.551 | Precision@1: 43.005% (19211/44672)
Loss: 1.550 | Precision@1: 43.025% (19275/44800)
Loss: 1.550 | Precision@1: 43.036% (19335/44928)
Loss: 1.549 | Precision@1: 43.055% (19399/45056)
Loss: 1.549 | Precision@1: 43.062% (19457/45184)
Loss: 1.549 | Precision@1: 43.088% (19524/45312)
Loss: 1.548 | Precision@1: 43.103% (19586/45440)
Loss: 1.548 | Precision@1: 43.125% (19651/45568)
Loss: 1.548 | Precision@1: 43.124% (19706/45696)
Loss: 1.547 | Precision@1: 43.150% (19773/45824)
Loss: 1.547 | Precision@1: 43.160% (19833/45952)
Loss: 1.547 | Precision@1: 43.175% (19895/46080)
Loss: 1.546 | Precision@1: 43.198% (19961/46208)
Loss: 1.546 | Precision@1: 43.204% (20019/46336)
Loss: 1.546 | Precision@1: 43.218% (20081/46464)
Loss: 1.545 | Precision@1: 43.239% (20146/46592)
Loss: 1.545 | Precision@1: 43.266% (20214/46720)
Loss: 1.545 | Precision@1: 43.263% (20268/46848)
Loss: 1.544 | Precision@1: 43.299% (20340/46976)
Loss: 1.544 | Precision@1: 43.289% (20391/47104)
Loss: 1.544 | Precision@1: 43.286% (20445/47232)
Loss: 1.544 | Precision@1: 43.307% (20510/47360)
Loss: 1.543 | Precision@1: 43.325% (20574/47488)
Loss: 1.543 | Precision@1: 43.349% (20641/47616)
Loss: 1.542 | Precision@1: 43.377% (20710/47744)
Loss: 1.542 | Precision@1: 43.395% (20774/47872)
Loss: 1.542 | Precision@1: 43.419% (20841/48000)
Loss: 1.541 | Precision@1: 43.424% (20899/48128)
Loss: 1.541 | Precision@1: 43.456% (20970/48256)
Loss: 1.540 | Precision@1: 43.477% (21036/48384)
Loss: 1.539 | Precision@1: 43.499% (21102/48512)
Loss: 1.539 | Precision@1: 43.518% (21167/48640)
Loss: 1.539 | Precision@1: 43.531% (21229/48768)
Loss: 1.538 | Precision@1: 43.552% (21295/48896)
Loss: 1.538 | Precision@1: 43.554% (21352/49024)
Loss: 1.538 | Precision@1: 43.563% (21412/49152)
Loss: 1.538 | Precision@1: 43.575% (21474/49280)
Loss: 1.537 | Precision@1: 43.586% (21535/49408)
Loss: 1.537 | Precision@1: 43.615% (21605/49536)
Loss: 1.537 | Precision@1: 43.621% (21664/49664)
Loss: 1.537 | Precision@1: 43.623% (21721/49792)
Loss: 1.537 | Precision@1: 43.636% (21783/49920)
Loss: 1.537 | Precision@1: 43.632% (21816/50000)

Aggregates: 			
 	 DataLoader Time: 0.3751 			
 	 Mini-batch Time: 10.5647 			
 	 Training Epoch Time: 27.5794
 			
 Averages: 			
 	 Training Loss: 1.5370

 Test set Averages: Loss: 1.394 | Precision@1: 49.140% (4914/10000)

Epoch: 2
Loss: 1.486 | Precision@1: 46.094% (59/128)
Loss: 1.521 | Precision@1: 44.531% (114/256)
Loss: 1.552 | Precision@1: 42.188% (162/384)
Loss: 1.618 | Precision@1: 42.188% (216/512)
Loss: 1.559 | Precision@1: 44.062% (282/640)
Loss: 1.551 | Precision@1: 44.010% (338/768)
Loss: 1.543 | Precision@1: 44.866% (402/896)
Loss: 1.539 | Precision@1: 44.629% (457/1024)
Loss: 1.537 | Precision@1: 45.139% (520/1152)
Loss: 1.535 | Precision@1: 45.312% (580/1280)
Loss: 1.523 | Precision@1: 45.810% (645/1408)
Loss: 1.515 | Precision@1: 46.094% (708/1536)
Loss: 1.520 | Precision@1: 46.154% (768/1664)
Loss: 1.507 | Precision@1: 46.596% (835/1792)
Loss: 1.499 | Precision@1: 46.458% (892/1920)
Loss: 1.486 | Precision@1: 46.924% (961/2048)
Loss: 1.470 | Precision@1: 47.426% (1032/2176)
Loss: 1.464 | Precision@1: 47.743% (1100/2304)
Loss: 1.461 | Precision@1: 47.656% (1159/2432)
Loss: 1.461 | Precision@1: 47.383% (1213/2560)
Loss: 1.460 | Precision@1: 47.470% (1276/2688)
Loss: 1.451 | Precision@1: 47.727% (1344/2816)
Loss: 1.453 | Precision@1: 47.758% (1406/2944)
Loss: 1.451 | Precision@1: 47.721% (1466/3072)
Loss: 1.445 | Precision@1: 47.844% (1531/3200)
Loss: 1.438 | Precision@1: 48.077% (1600/3328)
Loss: 1.431 | Precision@1: 48.264% (1668/3456)
Loss: 1.428 | Precision@1: 48.298% (1731/3584)
Loss: 1.425 | Precision@1: 48.168% (1788/3712)
Loss: 1.421 | Precision@1: 48.438% (1860/3840)
Loss: 1.418 | Precision@1: 48.488% (1924/3968)
Loss: 1.412 | Precision@1: 48.584% (1990/4096)
Loss: 1.412 | Precision@1: 48.556% (2051/4224)
Loss: 1.410 | Precision@1: 48.644% (2117/4352)
Loss: 1.406 | Precision@1: 48.750% (2184/4480)
Loss: 1.410 | Precision@1: 48.763% (2247/4608)
Loss: 1.411 | Precision@1: 48.712% (2307/4736)
Loss: 1.408 | Precision@1: 48.828% (2375/4864)
Loss: 1.408 | Precision@1: 48.878% (2440/4992)
Loss: 1.408 | Precision@1: 48.867% (2502/5120)
Loss: 1.403 | Precision@1: 48.952% (2569/5248)
Loss: 1.402 | Precision@1: 49.144% (2642/5376)
Loss: 1.401 | Precision@1: 49.237% (2710/5504)
Loss: 1.401 | Precision@1: 49.183% (2770/5632)
Loss: 1.399 | Precision@1: 49.184% (2833/5760)
Loss: 1.397 | Precision@1: 49.219% (2898/5888)
Loss: 1.397 | Precision@1: 49.136% (2956/6016)
Loss: 1.394 | Precision@1: 49.268% (3027/6144)
Loss: 1.394 | Precision@1: 49.235% (3088/6272)
Loss: 1.396 | Precision@1: 49.172% (3147/6400)
Loss: 1.394 | Precision@1: 49.265% (3216/6528)
Loss: 1.391 | Precision@1: 49.354% (3285/6656)
Loss: 1.394 | Precision@1: 49.278% (3343/6784)
Loss: 1.397 | Precision@1: 49.204% (3401/6912)
Loss: 1.397 | Precision@1: 49.304% (3471/7040)
Loss: 1.399 | Precision@1: 49.205% (3527/7168)
Loss: 1.398 | Precision@1: 49.191% (3589/7296)
Loss: 1.394 | Precision@1: 49.353% (3664/7424)
Loss: 1.397 | Precision@1: 49.232% (3718/7552)
Loss: 1.400 | Precision@1: 49.193% (3778/7680)
Loss: 1.399 | Precision@1: 49.206% (3842/7808)
Loss: 1.401 | Precision@1: 49.181% (3903/7936)
Loss: 1.404 | Precision@1: 49.070% (3957/8064)
Loss: 1.404 | Precision@1: 49.072% (4020/8192)
Loss: 1.404 | Precision@1: 49.014% (4078/8320)
Loss: 1.405 | Precision@1: 49.018% (4141/8448)
Loss: 1.407 | Precision@1: 48.986% (4201/8576)
Loss: 1.408 | Precision@1: 49.069% (4271/8704)
Loss: 1.408 | Precision@1: 49.049% (4332/8832)
Loss: 1.407 | Precision@1: 49.096% (4399/8960)
Loss: 1.406 | Precision@1: 49.109% (4463/9088)
Loss: 1.408 | Precision@1: 49.045% (4520/9216)
Loss: 1.405 | Precision@1: 49.058% (4584/9344)
Loss: 1.407 | Precision@1: 49.082% (4649/9472)
Loss: 1.406 | Precision@1: 49.083% (4712/9600)
Loss: 1.407 | Precision@1: 48.921% (4759/9728)
Loss: 1.404 | Precision@1: 48.996% (4829/9856)
Loss: 1.405 | Precision@1: 48.948% (4887/9984)
Loss: 1.405 | Precision@1: 48.942% (4949/10112)
Loss: 1.405 | Precision@1: 48.906% (5008/10240)
Loss: 1.403 | Precision@1: 48.920% (5072/10368)
Loss: 1.403 | Precision@1: 48.895% (5132/10496)
Loss: 1.403 | Precision@1: 48.918% (5197/10624)
Loss: 1.402 | Precision@1: 48.958% (5264/10752)
Loss: 1.400 | Precision@1: 49.099% (5342/10880)
Loss: 1.398 | Precision@1: 49.201% (5416/11008)
Loss: 1.395 | Precision@1: 49.318% (5492/11136)
Loss: 1.393 | Precision@1: 49.370% (5561/11264)
Loss: 1.392 | Precision@1: 49.421% (5630/11392)
Loss: 1.391 | Precision@1: 49.436% (5695/11520)
Loss: 1.390 | Precision@1: 49.451% (5760/11648)
Loss: 1.391 | Precision@1: 49.457% (5824/11776)
Loss: 1.391 | Precision@1: 49.521% (5895/11904)
Loss: 1.392 | Precision@1: 49.510% (5957/12032)
Loss: 1.393 | Precision@1: 49.457% (6014/12160)
Loss: 1.396 | Precision@1: 49.398% (6070/12288)
Loss: 1.396 | Precision@1: 49.380% (6131/12416)
Loss: 1.397 | Precision@1: 49.330% (6188/12544)
Loss: 1.398 | Precision@1: 49.282% (6245/12672)
Loss: 1.398 | Precision@1: 49.320% (6313/12800)
Loss: 1.397 | Precision@1: 49.327% (6377/12928)
Loss: 1.398 | Precision@1: 49.341% (6442/13056)
Loss: 1.396 | Precision@1: 49.355% (6507/13184)
Loss: 1.396 | Precision@1: 49.346% (6569/13312)
Loss: 1.395 | Precision@1: 49.353% (6633/13440)
Loss: 1.394 | Precision@1: 49.396% (6702/13568)
Loss: 1.395 | Precision@1: 49.401% (6766/13696)
Loss: 1.396 | Precision@1: 49.378% (6826/13824)
Loss: 1.395 | Precision@1: 49.448% (6899/13952)
Loss: 1.394 | Precision@1: 49.510% (6971/14080)
Loss: 1.393 | Precision@1: 49.571% (7043/14208)
Loss: 1.394 | Precision@1: 49.574% (7107/14336)
Loss: 1.394 | Precision@1: 49.564% (7169/14464)
Loss: 1.395 | Precision@1: 49.513% (7225/14592)
Loss: 1.396 | Precision@1: 49.518% (7289/14720)
Loss: 1.396 | Precision@1: 49.549% (7357/14848)
Loss: 1.395 | Precision@1: 49.573% (7424/14976)
Loss: 1.394 | Precision@1: 49.603% (7492/15104)
Loss: 1.395 | Precision@1: 49.593% (7554/15232)
Loss: 1.394 | Precision@1: 49.648% (7626/15360)
Loss: 1.394 | Precision@1: 49.671% (7693/15488)
Loss: 1.394 | Precision@1: 49.673% (7757/15616)
Loss: 1.394 | Precision@1: 49.701% (7825/15744)
Loss: 1.394 | Precision@1: 49.716% (7891/15872)
Loss: 1.395 | Precision@1: 49.694% (7951/16000)
Loss: 1.393 | Precision@1: 49.777% (8028/16128)
Loss: 1.394 | Precision@1: 49.748% (8087/16256)
Loss: 1.395 | Precision@1: 49.713% (8145/16384)
Loss: 1.394 | Precision@1: 49.709% (8208/16512)
Loss: 1.393 | Precision@1: 49.802% (8287/16640)
Loss: 1.393 | Precision@1: 49.797% (8350/16768)
Loss: 1.393 | Precision@1: 49.769% (8409/16896)
Loss: 1.393 | Precision@1: 49.765% (8472/17024)
Loss: 1.393 | Precision@1: 49.743% (8532/17152)
Loss: 1.392 | Precision@1: 49.815% (8608/17280)
Loss: 1.392 | Precision@1: 49.833% (8675/17408)
Loss: 1.393 | Precision@1: 49.835% (8739/17536)
Loss: 1.394 | Precision@1: 49.836% (8803/17664)
Loss: 1.393 | Precision@1: 49.848% (8869/17792)
Loss: 1.393 | Precision@1: 49.877% (8938/17920)
Loss: 1.392 | Precision@1: 49.867% (9000/18048)
Loss: 1.392 | Precision@1: 49.873% (9065/18176)
Loss: 1.392 | Precision@1: 49.885% (9131/18304)
Loss: 1.392 | Precision@1: 49.875% (9193/18432)
Loss: 1.391 | Precision@1: 49.908% (9263/18560)
Loss: 1.390 | Precision@1: 49.936% (9332/18688)
Loss: 1.389 | Precision@1: 49.973% (9403/18816)
Loss: 1.389 | Precision@1: 49.995% (9471/18944)
Loss: 1.389 | Precision@1: 49.984% (9533/19072)
Loss: 1.388 | Precision@1: 50.000% (9600/19200)
Loss: 1.388 | Precision@1: 50.031% (9670/19328)
Loss: 1.386 | Precision@1: 50.098% (9747/19456)
Loss: 1.387 | Precision@1: 50.112% (9814/19584)
Loss: 1.385 | Precision@1: 50.193% (9894/19712)
Loss: 1.385 | Precision@1: 50.217% (9963/19840)
Loss: 1.384 | Precision@1: 50.195% (10023/19968)
Loss: 1.383 | Precision@1: 50.264% (10101/20096)
Loss: 1.382 | Precision@1: 50.312% (10175/20224)
Loss: 1.381 | Precision@1: 50.349% (10247/20352)
Loss: 1.382 | Precision@1: 50.317% (10305/20480)
Loss: 1.381 | Precision@1: 50.325% (10371/20608)
Loss: 1.381 | Precision@1: 50.338% (10438/20736)
Loss: 1.379 | Precision@1: 50.393% (10514/20864)
Loss: 1.380 | Precision@1: 50.391% (10578/20992)
Loss: 1.380 | Precision@1: 50.388% (10642/21120)
Loss: 1.380 | Precision@1: 50.377% (10704/21248)
Loss: 1.381 | Precision@1: 50.332% (10759/21376)
Loss: 1.381 | Precision@1: 50.307% (10818/21504)
Loss: 1.382 | Precision@1: 50.287% (10878/21632)
Loss: 1.381 | Precision@1: 50.322% (10950/21760)
Loss: 1.381 | Precision@1: 50.329% (11016/21888)
Loss: 1.381 | Precision@1: 50.318% (11078/22016)
Loss: 1.381 | Precision@1: 50.325% (11144/22144)
Loss: 1.380 | Precision@1: 50.373% (11219/22272)
Loss: 1.380 | Precision@1: 50.353% (11279/22400)
Loss: 1.380 | Precision@1: 50.373% (11348/22528)
Loss: 1.379 | Precision@1: 50.397% (11418/22656)
Loss: 1.378 | Precision@1: 50.430% (11490/22784)
Loss: 1.379 | Precision@1: 50.436% (11556/22912)
Loss: 1.379 | Precision@1: 50.434% (11620/23040)
Loss: 1.378 | Precision@1: 50.488% (11697/23168)
Loss: 1.377 | Precision@1: 50.528% (11771/23296)
Loss: 1.375 | Precision@1: 50.581% (11848/23424)
Loss: 1.375 | Precision@1: 50.582% (11913/23552)
Loss: 1.377 | Precision@1: 50.562% (11973/23680)
Loss: 1.377 | Precision@1: 50.571% (12040/23808)
Loss: 1.377 | Precision@1: 50.581% (12107/23936)
Loss: 1.377 | Precision@1: 50.578% (12171/24064)
Loss: 1.376 | Precision@1: 50.591% (12239/24192)
Loss: 1.377 | Precision@1: 50.567% (12298/24320)
Loss: 1.376 | Precision@1: 50.585% (12367/24448)
Loss: 1.376 | Precision@1: 50.582% (12431/24576)
Loss: 1.377 | Precision@1: 50.575% (12494/24704)
Loss: 1.376 | Precision@1: 50.540% (12550/24832)
Loss: 1.376 | Precision@1: 50.565% (12621/24960)
Loss: 1.376 | Precision@1: 50.558% (12684/25088)
Loss: 1.376 | Precision@1: 50.551% (12747/25216)
Loss: 1.377 | Precision@1: 50.552% (12812/25344)
Loss: 1.377 | Precision@1: 50.506% (12865/25472)
Loss: 1.378 | Precision@1: 50.500% (12928/25600)
Loss: 1.377 | Precision@1: 50.536% (13002/25728)
Loss: 1.376 | Precision@1: 50.557% (13072/25856)
Loss: 1.376 | Precision@1: 50.562% (13138/25984)
Loss: 1.376 | Precision@1: 50.567% (13204/26112)
Loss: 1.376 | Precision@1: 50.568% (13269/26240)
Loss: 1.375 | Precision@1: 50.607% (13344/26368)
Loss: 1.374 | Precision@1: 50.611% (13410/26496)
Loss: 1.374 | Precision@1: 50.620% (13477/26624)
Loss: 1.373 | Precision@1: 50.617% (13541/26752)
Loss: 1.373 | Precision@1: 50.603% (13602/26880)
Loss: 1.373 | Precision@1: 50.611% (13669/27008)
Loss: 1.373 | Precision@1: 50.641% (13742/27136)
Loss: 1.372 | Precision@1: 50.660% (13812/27264)
Loss: 1.372 | Precision@1: 50.643% (13872/27392)
Loss: 1.372 | Precision@1: 50.636% (13935/27520)
Loss: 1.372 | Precision@1: 50.640% (14001/27648)
Loss: 1.372 | Precision@1: 50.623% (14061/27776)
Loss: 1.372 | Precision@1: 50.602% (14120/27904)
Loss: 1.372 | Precision@1: 50.628% (14192/28032)
Loss: 1.373 | Precision@1: 50.597% (14248/28160)
Loss: 1.373 | Precision@1: 50.601% (14314/28288)
Loss: 1.372 | Precision@1: 50.616% (14383/28416)
Loss: 1.373 | Precision@1: 50.603% (14444/28544)
Loss: 1.373 | Precision@1: 50.610% (14511/28672)
Loss: 1.372 | Precision@1: 50.660% (14590/28800)
Loss: 1.373 | Precision@1: 50.643% (14650/28928)
Loss: 1.374 | Precision@1: 50.637% (14713/29056)
Loss: 1.373 | Precision@1: 50.665% (14786/29184)
Loss: 1.372 | Precision@1: 50.679% (14855/29312)
Loss: 1.373 | Precision@1: 50.656% (14913/29440)
Loss: 1.373 | Precision@1: 50.687% (14987/29568)
Loss: 1.373 | Precision@1: 50.673% (15048/29696)
Loss: 1.374 | Precision@1: 50.674% (15113/29824)
Loss: 1.374 | Precision@1: 50.668% (15176/29952)
Loss: 1.373 | Precision@1: 50.695% (15249/30080)
Loss: 1.374 | Precision@1: 50.672% (15307/30208)
Loss: 1.374 | Precision@1: 50.640% (15362/30336)
Loss: 1.374 | Precision@1: 50.650% (15430/30464)
Loss: 1.373 | Precision@1: 50.657% (15497/30592)
Loss: 1.373 | Precision@1: 50.700% (15575/30720)
Loss: 1.373 | Precision@1: 50.707% (15642/30848)
Loss: 1.373 | Precision@1: 50.717% (15710/30976)
Loss: 1.372 | Precision@1: 50.723% (15777/31104)
Loss: 1.372 | Precision@1: 50.717% (15840/31232)
Loss: 1.372 | Precision@1: 50.737% (15911/31360)
Loss: 1.371 | Precision@1: 50.753% (15981/31488)
Loss: 1.371 | Precision@1: 50.743% (16043/31616)
Loss: 1.371 | Precision@1: 50.747% (16109/31744)
Loss: 1.370 | Precision@1: 50.769% (16181/31872)
Loss: 1.370 | Precision@1: 50.797% (16255/32000)
Loss: 1.369 | Precision@1: 50.828% (16330/32128)
Loss: 1.369 | Precision@1: 50.853% (16403/32256)
Loss: 1.369 | Precision@1: 50.840% (16464/32384)
Loss: 1.369 | Precision@1: 50.803% (16517/32512)
Loss: 1.369 | Precision@1: 50.800% (16581/32640)
Loss: 1.369 | Precision@1: 50.815% (16651/32768)
Loss: 1.368 | Precision@1: 50.854% (16729/32896)
Loss: 1.368 | Precision@1: 50.869% (16799/33024)
Loss: 1.367 | Precision@1: 50.884% (16869/33152)
Loss: 1.368 | Precision@1: 50.886% (16935/33280)
Loss: 1.368 | Precision@1: 50.877% (16997/33408)
Loss: 1.367 | Precision@1: 50.889% (17066/33536)
Loss: 1.368 | Precision@1: 50.909% (17138/33664)
Loss: 1.367 | Precision@1: 50.941% (17214/33792)
Loss: 1.366 | Precision@1: 50.961% (17286/33920)
Loss: 1.366 | Precision@1: 50.957% (17350/34048)
Loss: 1.365 | Precision@1: 50.974% (17421/34176)
Loss: 1.364 | Precision@1: 51.017% (17501/34304)
Loss: 1.364 | Precision@1: 51.016% (17566/34432)
Loss: 1.363 | Precision@1: 51.076% (17652/34560)
Loss: 1.363 | Precision@1: 51.070% (17715/34688)
Loss: 1.363 | Precision@1: 51.074% (17782/34816)
Loss: 1.363 | Precision@1: 51.065% (17844/34944)
Loss: 1.362 | Precision@1: 51.075% (17913/35072)
Loss: 1.362 | Precision@1: 51.088% (17983/35200)
Loss: 1.362 | Precision@1: 51.061% (18039/35328)
Loss: 1.362 | Precision@1: 51.075% (18109/35456)
Loss: 1.362 | Precision@1: 51.079% (18176/35584)
Loss: 1.361 | Precision@1: 51.103% (18250/35712)
Loss: 1.361 | Precision@1: 51.127% (18324/35840)
Loss: 1.361 | Precision@1: 51.101% (18380/35968)
Loss: 1.361 | Precision@1: 51.105% (18447/36096)
Loss: 1.361 | Precision@1: 51.110% (18514/36224)
Loss: 1.360 | Precision@1: 51.136% (18589/36352)
Loss: 1.359 | Precision@1: 51.146% (18658/36480)
Loss: 1.359 | Precision@1: 51.147% (18724/36608)
Loss: 1.359 | Precision@1: 51.141% (18787/36736)
Loss: 1.359 | Precision@1: 51.166% (18862/36864)
Loss: 1.358 | Precision@1: 51.198% (18939/36992)
Loss: 1.358 | Precision@1: 51.180% (18998/37120)
Loss: 1.357 | Precision@1: 51.211% (19075/37248)
Loss: 1.357 | Precision@1: 51.249% (19155/37376)
Loss: 1.356 | Precision@1: 51.256% (19223/37504)
Loss: 1.355 | Precision@1: 51.313% (19310/37632)
Loss: 1.355 | Precision@1: 51.340% (19386/37760)
Loss: 1.355 | Precision@1: 51.351% (19456/37888)
Loss: 1.354 | Precision@1: 51.370% (19529/38016)
Loss: 1.354 | Precision@1: 51.376% (19597/38144)
Loss: 1.354 | Precision@1: 51.361% (19657/38272)
Loss: 1.354 | Precision@1: 51.378% (19729/38400)
Loss: 1.353 | Precision@1: 51.386% (19798/38528)
Loss: 1.353 | Precision@1: 51.363% (19855/38656)
Loss: 1.353 | Precision@1: 51.369% (19923/38784)
Loss: 1.353 | Precision@1: 51.385% (19995/38912)
Loss: 1.352 | Precision@1: 51.396% (20065/39040)
Loss: 1.353 | Precision@1: 51.381% (20125/39168)
Loss: 1.353 | Precision@1: 51.382% (20191/39296)
Loss: 1.352 | Precision@1: 51.423% (20273/39424)
Loss: 1.352 | Precision@1: 51.411% (20334/39552)
Loss: 1.352 | Precision@1: 51.411% (20400/39680)
Loss: 1.352 | Precision@1: 51.397% (20460/39808)
Loss: 1.352 | Precision@1: 51.400% (20527/39936)
Loss: 1.352 | Precision@1: 51.435% (20607/40064)
Loss: 1.351 | Precision@1: 51.458% (20682/40192)
Loss: 1.351 | Precision@1: 51.468% (20752/40320)
Loss: 1.351 | Precision@1: 51.503% (20832/40448)
Loss: 1.350 | Precision@1: 51.508% (20900/40576)
Loss: 1.350 | Precision@1: 51.479% (20954/40704)
Loss: 1.350 | Precision@1: 51.482% (21021/40832)
Loss: 1.351 | Precision@1: 51.479% (21086/40960)
Loss: 1.350 | Precision@1: 51.494% (21158/41088)
Loss: 1.350 | Precision@1: 51.514% (21232/41216)
Loss: 1.350 | Precision@1: 51.517% (21299/41344)
Loss: 1.349 | Precision@1: 51.548% (21378/41472)
Loss: 1.349 | Precision@1: 51.541% (21441/41600)
Loss: 1.348 | Precision@1: 51.574% (21521/41728)
Loss: 1.348 | Precision@1: 51.617% (21605/41856)
Loss: 1.348 | Precision@1: 51.596% (21662/41984)
Loss: 1.348 | Precision@1: 51.581% (21722/42112)
Loss: 1.348 | Precision@1: 51.589% (21791/42240)
Loss: 1.348 | Precision@1: 51.607% (21865/42368)
Loss: 1.348 | Precision@1: 51.593% (21925/42496)
Loss: 1.348 | Precision@1: 51.619% (22002/42624)
Loss: 1.348 | Precision@1: 51.619% (22068/42752)
Loss: 1.348 | Precision@1: 51.628% (22138/42880)
Loss: 1.348 | Precision@1: 51.639% (22209/43008)
Loss: 1.347 | Precision@1: 51.644% (22277/43136)
Loss: 1.347 | Precision@1: 51.634% (22339/43264)
Loss: 1.347 | Precision@1: 51.648% (22411/43392)
Loss: 1.347 | Precision@1: 51.652% (22479/43520)
Loss: 1.346 | Precision@1: 51.684% (22559/43648)
Loss: 1.346 | Precision@1: 51.688% (22627/43776)
Loss: 1.346 | Precision@1: 51.672% (22686/43904)
Loss: 1.346 | Precision@1: 51.694% (22762/44032)
Loss: 1.345 | Precision@1: 51.730% (22844/44160)
Loss: 1.344 | Precision@1: 51.763% (22925/44288)
Loss: 1.344 | Precision@1: 51.797% (23006/44416)
Loss: 1.344 | Precision@1: 51.803% (23075/44544)
Loss: 1.344 | Precision@1: 51.795% (23138/44672)
Loss: 1.344 | Precision@1: 51.795% (23204/44800)
Loss: 1.344 | Precision@1: 51.783% (23265/44928)
Loss: 1.343 | Precision@1: 51.804% (23341/45056)
Loss: 1.343 | Precision@1: 51.830% (23419/45184)
Loss: 1.342 | Precision@1: 51.845% (23492/45312)
Loss: 1.342 | Precision@1: 51.864% (23567/45440)
Loss: 1.341 | Precision@1: 51.905% (23652/45568)
Loss: 1.340 | Precision@1: 51.921% (23726/45696)
Loss: 1.340 | Precision@1: 51.942% (23802/45824)
Loss: 1.339 | Precision@1: 51.959% (23876/45952)
Loss: 1.339 | Precision@1: 51.979% (23952/46080)
Loss: 1.338 | Precision@1: 52.000% (24028/46208)
Loss: 1.338 | Precision@1: 52.018% (24103/46336)
Loss: 1.337 | Precision@1: 52.025% (24173/46464)
Loss: 1.337 | Precision@1: 52.052% (24252/46592)
Loss: 1.337 | Precision@1: 52.046% (24316/46720)
Loss: 1.336 | Precision@1: 52.066% (24392/46848)
Loss: 1.336 | Precision@1: 52.061% (24456/46976)
Loss: 1.335 | Precision@1: 52.083% (24533/47104)
Loss: 1.335 | Precision@1: 52.096% (24606/47232)
Loss: 1.334 | Precision@1: 52.111% (24680/47360)
Loss: 1.334 | Precision@1: 52.104% (24743/47488)
Loss: 1.334 | Precision@1: 52.117% (24816/47616)
Loss: 1.333 | Precision@1: 52.136% (24892/47744)
Loss: 1.333 | Precision@1: 52.154% (24967/47872)
Loss: 1.332 | Precision@1: 52.185% (25049/48000)
Loss: 1.332 | Precision@1: 52.196% (25121/48128)
Loss: 1.331 | Precision@1: 52.190% (25185/48256)
Loss: 1.331 | Precision@1: 52.218% (25265/48384)
Loss: 1.331 | Precision@1: 52.212% (25329/48512)
Loss: 1.330 | Precision@1: 52.231% (25405/48640)
Loss: 1.330 | Precision@1: 52.251% (25482/48768)
Loss: 1.329 | Precision@1: 52.270% (25558/48896)
Loss: 1.329 | Precision@1: 52.295% (25637/49024)
Loss: 1.329 | Precision@1: 52.311% (25712/49152)
Loss: 1.328 | Precision@1: 52.323% (25785/49280)
Loss: 1.329 | Precision@1: 52.309% (25845/49408)
Loss: 1.328 | Precision@1: 52.313% (25914/49536)
Loss: 1.328 | Precision@1: 52.308% (25978/49664)
Loss: 1.328 | Precision@1: 52.306% (26044/49792)
Loss: 1.328 | Precision@1: 52.312% (26114/49920)
Loss: 1.328 | Precision@1: 52.318% (26159/50000)

Aggregates: 			
 	 DataLoader Time: 0.3936 			
 	 Mini-batch Time: 10.6051 			
 	 Training Epoch Time: 27.7185
 			
 Averages: 			
 	 Training Loss: 1.3280

 Test set Averages: Loss: 1.164 | Precision@1: 58.420% (5842/10000)

Epoch: 3
Loss: 1.165 | Precision@1: 64.062% (82/128)
Loss: 1.196 | Precision@1: 62.109% (159/256)
Loss: 1.127 | Precision@1: 64.844% (249/384)
Loss: 1.154 | Precision@1: 61.719% (316/512)
Loss: 1.140 | Precision@1: 62.812% (402/640)
Loss: 1.163 | Precision@1: 62.240% (478/768)
Loss: 1.174 | Precision@1: 61.942% (555/896)
Loss: 1.193 | Precision@1: 61.328% (628/1024)
Loss: 1.189 | Precision@1: 61.458% (708/1152)
Loss: 1.200 | Precision@1: 60.391% (773/1280)
Loss: 1.202 | Precision@1: 60.014% (845/1408)
Loss: 1.189 | Precision@1: 60.352% (927/1536)
Loss: 1.176 | Precision@1: 60.577% (1008/1664)
Loss: 1.178 | Precision@1: 60.379% (1082/1792)
Loss: 1.174 | Precision@1: 60.521% (1162/1920)
Loss: 1.174 | Precision@1: 60.498% (1239/2048)
Loss: 1.178 | Precision@1: 60.018% (1306/2176)
Loss: 1.183 | Precision@1: 59.896% (1380/2304)
Loss: 1.189 | Precision@1: 59.704% (1452/2432)
Loss: 1.186 | Precision@1: 59.727% (1529/2560)
Loss: 1.183 | Precision@1: 59.747% (1606/2688)
Loss: 1.181 | Precision@1: 59.730% (1682/2816)
Loss: 1.176 | Precision@1: 59.715% (1758/2944)
Loss: 1.176 | Precision@1: 59.896% (1840/3072)
Loss: 1.174 | Precision@1: 60.125% (1924/3200)
Loss: 1.168 | Precision@1: 60.156% (2002/3328)
Loss: 1.165 | Precision@1: 60.041% (2075/3456)
Loss: 1.171 | Precision@1: 59.682% (2139/3584)
Loss: 1.170 | Precision@1: 59.752% (2218/3712)
Loss: 1.174 | Precision@1: 59.453% (2283/3840)
Loss: 1.171 | Precision@1: 59.501% (2361/3968)
Loss: 1.168 | Precision@1: 59.448% (2435/4096)
Loss: 1.174 | Precision@1: 59.328% (2506/4224)
Loss: 1.173 | Precision@1: 59.375% (2584/4352)
Loss: 1.173 | Precision@1: 59.420% (2662/4480)
Loss: 1.172 | Precision@1: 59.527% (2743/4608)
Loss: 1.172 | Precision@1: 59.628% (2824/4736)
Loss: 1.172 | Precision@1: 59.478% (2893/4864)
Loss: 1.174 | Precision@1: 59.495% (2970/4992)
Loss: 1.174 | Precision@1: 59.414% (3042/5120)
Loss: 1.175 | Precision@1: 59.261% (3110/5248)
Loss: 1.175 | Precision@1: 59.263% (3186/5376)
Loss: 1.174 | Precision@1: 59.248% (3261/5504)
Loss: 1.175 | Precision@1: 58.984% (3322/5632)
Loss: 1.174 | Precision@1: 59.045% (3401/5760)
Loss: 1.173 | Precision@1: 59.001% (3474/5888)
Loss: 1.173 | Precision@1: 59.059% (3553/6016)
Loss: 1.173 | Precision@1: 59.147% (3634/6144)
Loss: 1.171 | Precision@1: 59.216% (3714/6272)
Loss: 1.172 | Precision@1: 59.047% (3779/6400)
Loss: 1.172 | Precision@1: 59.023% (3853/6528)
Loss: 1.169 | Precision@1: 59.135% (3936/6656)
Loss: 1.170 | Precision@1: 58.977% (4001/6784)
Loss: 1.168 | Precision@1: 59.100% (4085/6912)
Loss: 1.168 | Precision@1: 59.119% (4162/7040)
Loss: 1.165 | Precision@1: 59.249% (4247/7168)
Loss: 1.165 | Precision@1: 59.224% (4321/7296)
Loss: 1.167 | Precision@1: 59.146% (4391/7424)
Loss: 1.169 | Precision@1: 59.044% (4459/7552)
Loss: 1.169 | Precision@1: 59.010% (4532/7680)
Loss: 1.167 | Precision@1: 59.016% (4608/7808)
Loss: 1.166 | Precision@1: 59.073% (4688/7936)
Loss: 1.169 | Precision@1: 58.904% (4750/8064)
Loss: 1.170 | Precision@1: 58.923% (4827/8192)
Loss: 1.168 | Precision@1: 58.966% (4906/8320)
Loss: 1.167 | Precision@1: 59.079% (4991/8448)
Loss: 1.166 | Precision@1: 59.025% (5062/8576)
Loss: 1.164 | Precision@1: 59.042% (5139/8704)
Loss: 1.164 | Precision@1: 59.081% (5218/8832)
Loss: 1.162 | Precision@1: 59.152% (5300/8960)
Loss: 1.160 | Precision@1: 59.287% (5388/9088)
Loss: 1.158 | Precision@1: 59.342% (5469/9216)
Loss: 1.158 | Precision@1: 59.396% (5550/9344)
Loss: 1.157 | Precision@1: 59.322% (5619/9472)
Loss: 1.157 | Precision@1: 59.250% (5688/9600)
Loss: 1.153 | Precision@1: 59.406% (5779/9728)
Loss: 1.155 | Precision@1: 59.365% (5851/9856)
Loss: 1.155 | Precision@1: 59.325% (5923/9984)
Loss: 1.155 | Precision@1: 59.256% (5992/10112)
Loss: 1.154 | Precision@1: 59.277% (6070/10240)
Loss: 1.154 | Precision@1: 59.298% (6148/10368)
Loss: 1.154 | Precision@1: 59.270% (6221/10496)
Loss: 1.154 | Precision@1: 59.215% (6291/10624)
Loss: 1.154 | Precision@1: 59.189% (6364/10752)
Loss: 1.155 | Precision@1: 59.164% (6437/10880)
Loss: 1.158 | Precision@1: 59.003% (6495/11008)
Loss: 1.160 | Precision@1: 58.926% (6562/11136)
Loss: 1.159 | Precision@1: 58.913% (6636/11264)
Loss: 1.160 | Precision@1: 58.857% (6705/11392)
Loss: 1.159 | Precision@1: 58.845% (6779/11520)
Loss: 1.158 | Precision@1: 58.826% (6852/11648)
Loss: 1.159 | Precision@1: 58.772% (6921/11776)
Loss: 1.159 | Precision@1: 58.779% (6997/11904)
Loss: 1.159 | Precision@1: 58.752% (7069/12032)
Loss: 1.160 | Precision@1: 58.725% (7141/12160)
Loss: 1.159 | Precision@1: 58.740% (7218/12288)
Loss: 1.161 | Precision@1: 58.698% (7288/12416)
Loss: 1.161 | Precision@1: 58.713% (7365/12544)
Loss: 1.160 | Precision@1: 58.704% (7439/12672)
Loss: 1.163 | Precision@1: 58.578% (7498/12800)
Loss: 1.161 | Precision@1: 58.679% (7586/12928)
Loss: 1.163 | Precision@1: 58.624% (7654/13056)
Loss: 1.162 | Precision@1: 58.639% (7731/13184)
Loss: 1.162 | Precision@1: 58.639% (7806/13312)
Loss: 1.162 | Precision@1: 58.661% (7884/13440)
Loss: 1.160 | Precision@1: 58.712% (7966/13568)
Loss: 1.161 | Precision@1: 58.732% (8044/13696)
Loss: 1.160 | Precision@1: 58.767% (8124/13824)
Loss: 1.160 | Precision@1: 58.759% (8198/13952)
Loss: 1.160 | Precision@1: 58.786% (8277/14080)
Loss: 1.159 | Precision@1: 58.812% (8356/14208)
Loss: 1.161 | Precision@1: 58.761% (8424/14336)
Loss: 1.162 | Precision@1: 58.760% (8499/14464)
Loss: 1.162 | Precision@1: 58.690% (8564/14592)
Loss: 1.162 | Precision@1: 58.648% (8633/14720)
Loss: 1.163 | Precision@1: 58.614% (8703/14848)
Loss: 1.162 | Precision@1: 58.681% (8788/14976)
Loss: 1.162 | Precision@1: 58.693% (8865/15104)
Loss: 1.163 | Precision@1: 58.705% (8942/15232)
Loss: 1.164 | Precision@1: 58.652% (9009/15360)
Loss: 1.164 | Precision@1: 58.658% (9085/15488)
Loss: 1.164 | Precision@1: 58.639% (9157/15616)
Loss: 1.164 | Precision@1: 58.664% (9236/15744)
Loss: 1.164 | Precision@1: 58.650% (9309/15872)
Loss: 1.165 | Precision@1: 58.625% (9380/16000)
Loss: 1.165 | Precision@1: 58.625% (9455/16128)
Loss: 1.165 | Precision@1: 58.606% (9527/16256)
Loss: 1.165 | Precision@1: 58.624% (9605/16384)
Loss: 1.164 | Precision@1: 58.660% (9686/16512)
Loss: 1.163 | Precision@1: 58.732% (9773/16640)
Loss: 1.164 | Precision@1: 58.737% (9849/16768)
Loss: 1.164 | Precision@1: 58.759% (9928/16896)
Loss: 1.166 | Precision@1: 58.729% (9998/17024)
Loss: 1.166 | Precision@1: 58.699% (10068/17152)
Loss: 1.166 | Precision@1: 58.704% (10144/17280)
Loss: 1.166 | Precision@1: 58.732% (10224/17408)
Loss: 1.166 | Precision@1: 58.759% (10304/17536)
Loss: 1.166 | Precision@1: 58.752% (10378/17664)
Loss: 1.165 | Precision@1: 58.768% (10456/17792)
Loss: 1.165 | Precision@1: 58.767% (10531/17920)
Loss: 1.165 | Precision@1: 58.738% (10601/18048)
Loss: 1.164 | Precision@1: 58.753% (10679/18176)
Loss: 1.164 | Precision@1: 58.763% (10756/18304)
Loss: 1.163 | Precision@1: 58.778% (10834/18432)
Loss: 1.163 | Precision@1: 58.809% (10915/18560)
Loss: 1.163 | Precision@1: 58.808% (10990/18688)
Loss: 1.162 | Precision@1: 58.822% (11068/18816)
Loss: 1.161 | Precision@1: 58.847% (11148/18944)
Loss: 1.161 | Precision@1: 58.856% (11225/19072)
Loss: 1.160 | Precision@1: 58.828% (11295/19200)
Loss: 1.161 | Precision@1: 58.847% (11374/19328)
Loss: 1.160 | Precision@1: 58.856% (11451/19456)
Loss: 1.160 | Precision@1: 58.824% (11520/19584)
Loss: 1.160 | Precision@1: 58.822% (11595/19712)
Loss: 1.161 | Precision@1: 58.795% (11665/19840)
Loss: 1.161 | Precision@1: 58.779% (11737/19968)
Loss: 1.160 | Precision@1: 58.813% (11819/20096)
Loss: 1.160 | Precision@1: 58.836% (11899/20224)
Loss: 1.160 | Precision@1: 58.815% (11970/20352)
Loss: 1.160 | Precision@1: 58.809% (12044/20480)
Loss: 1.158 | Precision@1: 58.856% (12129/20608)
Loss: 1.157 | Precision@1: 58.864% (12206/20736)
Loss: 1.157 | Precision@1: 58.920% (12293/20864)
Loss: 1.157 | Precision@1: 58.908% (12366/20992)
Loss: 1.157 | Precision@1: 58.902% (12440/21120)
Loss: 1.156 | Precision@1: 58.947% (12525/21248)
Loss: 1.155 | Precision@1: 58.987% (12609/21376)
Loss: 1.155 | Precision@1: 59.008% (12689/21504)
Loss: 1.155 | Precision@1: 59.010% (12765/21632)
Loss: 1.154 | Precision@1: 59.044% (12848/21760)
Loss: 1.154 | Precision@1: 59.019% (12918/21888)
Loss: 1.153 | Precision@1: 59.007% (12991/22016)
Loss: 1.154 | Precision@1: 58.978% (13060/22144)
Loss: 1.153 | Precision@1: 58.984% (13137/22272)
Loss: 1.152 | Precision@1: 59.031% (13223/22400)
Loss: 1.152 | Precision@1: 59.042% (13301/22528)
Loss: 1.152 | Precision@1: 59.048% (13378/22656)
Loss: 1.152 | Precision@1: 59.028% (13449/22784)
Loss: 1.152 | Precision@1: 59.056% (13531/22912)
Loss: 1.152 | Precision@1: 59.076% (13611/23040)
Loss: 1.153 | Precision@1: 59.069% (13685/23168)
Loss: 1.153 | Precision@1: 59.044% (13755/23296)
Loss: 1.152 | Precision@1: 59.068% (13836/23424)
Loss: 1.152 | Precision@1: 59.061% (13910/23552)
Loss: 1.151 | Precision@1: 59.075% (13989/23680)
Loss: 1.151 | Precision@1: 59.119% (14075/23808)
Loss: 1.149 | Precision@1: 59.154% (14159/23936)
Loss: 1.148 | Precision@1: 59.209% (14248/24064)
Loss: 1.147 | Precision@1: 59.239% (14331/24192)
Loss: 1.147 | Precision@1: 59.235% (14406/24320)
Loss: 1.145 | Precision@1: 59.297% (14497/24448)
Loss: 1.145 | Precision@1: 59.298% (14573/24576)
Loss: 1.145 | Precision@1: 59.306% (14651/24704)
Loss: 1.144 | Precision@1: 59.327% (14732/24832)
Loss: 1.145 | Precision@1: 59.295% (14800/24960)
Loss: 1.144 | Precision@1: 59.339% (14887/25088)
Loss: 1.144 | Precision@1: 59.347% (14965/25216)
Loss: 1.143 | Precision@1: 59.375% (15048/25344)
Loss: 1.144 | Precision@1: 59.359% (15120/25472)
Loss: 1.144 | Precision@1: 59.379% (15201/25600)
Loss: 1.143 | Precision@1: 59.418% (15287/25728)
Loss: 1.143 | Precision@1: 59.456% (15373/25856)
Loss: 1.142 | Precision@1: 59.510% (15463/25984)
Loss: 1.141 | Precision@1: 59.566% (15554/26112)
Loss: 1.140 | Precision@1: 59.562% (15629/26240)
Loss: 1.141 | Precision@1: 59.542% (15700/26368)
Loss: 1.142 | Precision@1: 59.545% (15777/26496)
Loss: 1.142 | Precision@1: 59.514% (15845/26624)
Loss: 1.142 | Precision@1: 59.536% (15927/26752)
Loss: 1.141 | Precision@1: 59.550% (16007/26880)
Loss: 1.141 | Precision@1: 59.542% (16081/27008)
Loss: 1.141 | Precision@1: 59.559% (16162/27136)
Loss: 1.141 | Precision@1: 59.555% (16237/27264)
Loss: 1.141 | Precision@1: 59.561% (16315/27392)
Loss: 1.140 | Precision@1: 59.564% (16392/27520)
Loss: 1.140 | Precision@1: 59.559% (16467/27648)
Loss: 1.139 | Precision@1: 59.566% (16545/27776)
Loss: 1.138 | Precision@1: 59.572% (16623/27904)
Loss: 1.138 | Precision@1: 59.568% (16698/28032)
Loss: 1.138 | Precision@1: 59.585% (16779/28160)
Loss: 1.138 | Precision@1: 59.594% (16858/28288)
Loss: 1.138 | Precision@1: 59.590% (16933/28416)
Loss: 1.138 | Precision@1: 59.571% (17004/28544)
Loss: 1.138 | Precision@1: 59.598% (17088/28672)
Loss: 1.138 | Precision@1: 59.573% (17157/28800)
Loss: 1.138 | Precision@1: 59.565% (17231/28928)
Loss: 1.138 | Precision@1: 59.571% (17309/29056)
Loss: 1.137 | Precision@1: 59.567% (17384/29184)
Loss: 1.137 | Precision@1: 59.614% (17474/29312)
Loss: 1.137 | Precision@1: 59.613% (17550/29440)
Loss: 1.136 | Precision@1: 59.666% (17642/29568)
Loss: 1.136 | Precision@1: 59.678% (17722/29696)
Loss: 1.137 | Precision@1: 59.647% (17789/29824)
Loss: 1.137 | Precision@1: 59.645% (17865/29952)
Loss: 1.136 | Precision@1: 59.641% (17940/30080)
Loss: 1.136 | Precision@1: 59.673% (18026/30208)
Loss: 1.136 | Precision@1: 59.672% (18102/30336)
Loss: 1.135 | Precision@1: 59.720% (18193/30464)
Loss: 1.134 | Precision@1: 59.721% (18270/30592)
Loss: 1.134 | Precision@1: 59.720% (18346/30720)
Loss: 1.135 | Precision@1: 59.709% (18419/30848)
Loss: 1.134 | Precision@1: 59.720% (18499/30976)
Loss: 1.134 | Precision@1: 59.709% (18572/31104)
Loss: 1.135 | Precision@1: 59.692% (18643/31232)
Loss: 1.135 | Precision@1: 59.697% (18721/31360)
Loss: 1.135 | Precision@1: 59.693% (18796/31488)
Loss: 1.136 | Precision@1: 59.679% (18868/31616)
Loss: 1.136 | Precision@1: 59.659% (18938/31744)
Loss: 1.136 | Precision@1: 59.676% (19020/31872)
Loss: 1.136 | Precision@1: 59.672% (19095/32000)
Loss: 1.136 | Precision@1: 59.633% (19159/32128)
Loss: 1.137 | Precision@1: 59.598% (19224/32256)
Loss: 1.137 | Precision@1: 59.607% (19303/32384)
Loss: 1.137 | Precision@1: 59.587% (19373/32512)
Loss: 1.137 | Precision@1: 59.571% (19444/32640)
Loss: 1.137 | Precision@1: 59.579% (19523/32768)
Loss: 1.138 | Precision@1: 59.570% (19596/32896)
Loss: 1.137 | Precision@1: 59.575% (19674/33024)
Loss: 1.138 | Precision@1: 59.565% (19747/33152)
Loss: 1.137 | Precision@1: 59.579% (19828/33280)
Loss: 1.137 | Precision@1: 59.611% (19915/33408)
Loss: 1.137 | Precision@1: 59.614% (19992/33536)
Loss: 1.137 | Precision@1: 59.639% (20077/33664)
Loss: 1.137 | Precision@1: 59.638% (20153/33792)
Loss: 1.137 | Precision@1: 59.646% (20232/33920)
Loss: 1.137 | Precision@1: 59.689% (20323/34048)
Loss: 1.137 | Precision@1: 59.714% (20408/34176)
Loss: 1.137 | Precision@1: 59.704% (20481/34304)
Loss: 1.137 | Precision@1: 59.709% (20559/34432)
Loss: 1.137 | Precision@1: 59.714% (20637/34560)
Loss: 1.137 | Precision@1: 59.715% (20714/34688)
Loss: 1.137 | Precision@1: 59.723% (20793/34816)
Loss: 1.136 | Precision@1: 59.741% (20876/34944)
Loss: 1.135 | Precision@1: 59.771% (20963/35072)
Loss: 1.135 | Precision@1: 59.787% (21045/35200)
Loss: 1.134 | Precision@1: 59.817% (21132/35328)
Loss: 1.134 | Precision@1: 59.832% (21214/35456)
Loss: 1.135 | Precision@1: 59.830% (21290/35584)
Loss: 1.135 | Precision@1: 59.837% (21369/35712)
Loss: 1.134 | Precision@1: 59.855% (21452/35840)
Loss: 1.134 | Precision@1: 59.859% (21530/35968)
Loss: 1.133 | Precision@1: 59.896% (21620/36096)
Loss: 1.132 | Precision@1: 59.924% (21707/36224)
Loss: 1.132 | Precision@1: 59.931% (21786/36352)
Loss: 1.132 | Precision@1: 59.910% (21855/36480)
Loss: 1.132 | Precision@1: 59.894% (21926/36608)
Loss: 1.132 | Precision@1: 59.941% (22020/36736)
Loss: 1.131 | Precision@1: 59.956% (22102/36864)
Loss: 1.130 | Precision@1: 60.002% (22196/36992)
Loss: 1.130 | Precision@1: 60.019% (22279/37120)
Loss: 1.130 | Precision@1: 60.022% (22357/37248)
Loss: 1.129 | Precision@1: 60.047% (22443/37376)
Loss: 1.129 | Precision@1: 60.055% (22523/37504)
Loss: 1.128 | Precision@1: 60.082% (22610/37632)
Loss: 1.128 | Precision@1: 60.103% (22695/37760)
Loss: 1.128 | Precision@1: 60.088% (22766/37888)
Loss: 1.128 | Precision@1: 60.101% (22848/38016)
Loss: 1.127 | Precision@1: 60.109% (22928/38144)
Loss: 1.127 | Precision@1: 60.104% (23003/38272)
Loss: 1.127 | Precision@1: 60.130% (23090/38400)
Loss: 1.126 | Precision@1: 60.138% (23170/38528)
Loss: 1.126 | Precision@1: 60.138% (23247/38656)
Loss: 1.127 | Precision@1: 60.130% (23321/38784)
Loss: 1.127 | Precision@1: 60.131% (23398/38912)
Loss: 1.127 | Precision@1: 60.100% (23463/39040)
Loss: 1.127 | Precision@1: 60.098% (23539/39168)
Loss: 1.127 | Precision@1: 60.077% (23608/39296)
Loss: 1.129 | Precision@1: 60.034% (23668/39424)
Loss: 1.129 | Precision@1: 60.015% (23737/39552)
Loss: 1.129 | Precision@1: 59.980% (23800/39680)
Loss: 1.129 | Precision@1: 59.993% (23882/39808)
Loss: 1.129 | Precision@1: 59.996% (23960/39936)
Loss: 1.129 | Precision@1: 59.987% (24033/40064)
Loss: 1.129 | Precision@1: 59.985% (24109/40192)
Loss: 1.129 | Precision@1: 59.988% (24187/40320)
Loss: 1.130 | Precision@1: 59.971% (24257/40448)
Loss: 1.130 | Precision@1: 59.962% (24330/40576)
Loss: 1.130 | Precision@1: 59.960% (24406/40704)
Loss: 1.130 | Precision@1: 59.941% (24475/40832)
Loss: 1.131 | Precision@1: 59.949% (24555/40960)
Loss: 1.131 | Precision@1: 59.945% (24630/41088)
Loss: 1.131 | Precision@1: 59.948% (24708/41216)
Loss: 1.131 | Precision@1: 59.963% (24791/41344)
Loss: 1.131 | Precision@1: 59.944% (24860/41472)
Loss: 1.131 | Precision@1: 59.942% (24936/41600)
Loss: 1.131 | Precision@1: 59.936% (25010/41728)
Loss: 1.131 | Precision@1: 59.936% (25087/41856)
Loss: 1.130 | Precision@1: 59.937% (25164/41984)
Loss: 1.130 | Precision@1: 59.957% (25249/42112)
Loss: 1.130 | Precision@1: 59.972% (25332/42240)
Loss: 1.129 | Precision@1: 59.982% (25413/42368)
Loss: 1.129 | Precision@1: 59.999% (25497/42496)
Loss: 1.129 | Precision@1: 60.004% (25576/42624)
Loss: 1.128 | Precision@1: 60.023% (25661/42752)
Loss: 1.128 | Precision@1: 60.021% (25737/42880)
Loss: 1.128 | Precision@1: 60.019% (25813/43008)
Loss: 1.128 | Precision@1: 60.006% (25884/43136)
Loss: 1.128 | Precision@1: 60.027% (25970/43264)
Loss: 1.129 | Precision@1: 60.000% (26035/43392)
Loss: 1.128 | Precision@1: 60.025% (26123/43520)
Loss: 1.128 | Precision@1: 60.026% (26200/43648)
Loss: 1.128 | Precision@1: 60.028% (26278/43776)
Loss: 1.128 | Precision@1: 60.026% (26354/43904)
Loss: 1.127 | Precision@1: 60.043% (26438/44032)
Loss: 1.127 | Precision@1: 60.041% (26514/44160)
Loss: 1.127 | Precision@1: 60.030% (26586/44288)
Loss: 1.127 | Precision@1: 60.055% (26674/44416)
Loss: 1.127 | Precision@1: 60.064% (26755/44544)
Loss: 1.126 | Precision@1: 60.080% (26839/44672)
Loss: 1.126 | Precision@1: 60.065% (26909/44800)
Loss: 1.127 | Precision@1: 60.054% (26981/44928)
Loss: 1.126 | Precision@1: 60.065% (27063/45056)
Loss: 1.126 | Precision@1: 60.068% (27141/45184)
Loss: 1.126 | Precision@1: 60.057% (27213/45312)
Loss: 1.126 | Precision@1: 60.057% (27290/45440)
Loss: 1.126 | Precision@1: 60.055% (27366/45568)
Loss: 1.126 | Precision@1: 60.049% (27440/45696)
Loss: 1.126 | Precision@1: 60.021% (27504/45824)
Loss: 1.126 | Precision@1: 60.043% (27591/45952)
Loss: 1.126 | Precision@1: 60.052% (27672/46080)
Loss: 1.126 | Precision@1: 60.039% (27743/46208)
Loss: 1.126 | Precision@1: 60.038% (27819/46336)
Loss: 1.127 | Precision@1: 60.019% (27887/46464)
Loss: 1.127 | Precision@1: 60.021% (27965/46592)
Loss: 1.127 | Precision@1: 60.028% (28045/46720)
Loss: 1.127 | Precision@1: 60.009% (28113/46848)
Loss: 1.126 | Precision@1: 60.014% (28192/46976)
Loss: 1.127 | Precision@1: 60.014% (28269/47104)
Loss: 1.126 | Precision@1: 60.031% (28354/47232)
Loss: 1.126 | Precision@1: 60.042% (28436/47360)
Loss: 1.126 | Precision@1: 60.019% (28502/47488)
Loss: 1.126 | Precision@1: 60.024% (28581/47616)
Loss: 1.126 | Precision@1: 60.026% (28659/47744)
Loss: 1.126 | Precision@1: 60.029% (28737/47872)
Loss: 1.125 | Precision@1: 60.042% (28820/48000)
Loss: 1.126 | Precision@1: 60.050% (28901/48128)
Loss: 1.125 | Precision@1: 60.065% (28985/48256)
Loss: 1.125 | Precision@1: 60.076% (29067/48384)
Loss: 1.125 | Precision@1: 60.076% (29144/48512)
Loss: 1.125 | Precision@1: 60.084% (29225/48640)
Loss: 1.125 | Precision@1: 60.078% (29299/48768)
Loss: 1.124 | Precision@1: 60.099% (29386/48896)
Loss: 1.124 | Precision@1: 60.111% (29469/49024)
Loss: 1.124 | Precision@1: 60.122% (29551/49152)
Loss: 1.124 | Precision@1: 60.120% (29627/49280)
Loss: 1.124 | Precision@1: 60.122% (29705/49408)
Loss: 1.124 | Precision@1: 60.136% (29789/49536)
Loss: 1.123 | Precision@1: 60.132% (29864/49664)
Loss: 1.123 | Precision@1: 60.136% (29943/49792)
Loss: 1.122 | Precision@1: 60.184% (30044/49920)
Loss: 1.122 | Precision@1: 60.194% (30097/50000)

Aggregates: 			
 	 DataLoader Time: 0.3892 			
 	 Mini-batch Time: 10.6059 			
 	 Training Epoch Time: 27.7422
 			
 Averages: 			
 	 Training Loss: 1.1216

 Test set Averages: Loss: 1.041 | Precision@1: 63.250% (6325/10000)

Epoch: 4
Loss: 1.113 | Precision@1: 57.812% (74/128)
Loss: 1.160 | Precision@1: 57.422% (147/256)
Loss: 1.092 | Precision@1: 60.156% (231/384)
Loss: 1.136 | Precision@1: 59.570% (305/512)
Loss: 1.148 | Precision@1: 58.906% (377/640)
Loss: 1.130 | Precision@1: 59.115% (454/768)
Loss: 1.103 | Precision@1: 60.379% (541/896)
Loss: 1.078 | Precision@1: 61.719% (632/1024)
Loss: 1.082 | Precision@1: 61.198% (705/1152)
Loss: 1.069 | Precision@1: 61.406% (786/1280)
Loss: 1.063 | Precision@1: 61.719% (869/1408)
Loss: 1.051 | Precision@1: 62.240% (956/1536)
Loss: 1.038 | Precision@1: 62.560% (1041/1664)
Loss: 1.025 | Precision@1: 63.281% (1134/1792)
Loss: 1.026 | Precision@1: 63.385% (1217/1920)
Loss: 1.017 | Precision@1: 63.672% (1304/2048)
Loss: 1.013 | Precision@1: 64.154% (1396/2176)
Loss: 1.015 | Precision@1: 64.280% (1481/2304)
Loss: 1.013 | Precision@1: 64.515% (1569/2432)
Loss: 1.014 | Precision@1: 64.414% (1649/2560)
Loss: 1.013 | Precision@1: 64.360% (1730/2688)
Loss: 1.014 | Precision@1: 64.205% (1808/2816)
Loss: 1.010 | Precision@1: 64.436% (1897/2944)
Loss: 1.013 | Precision@1: 64.258% (1974/3072)
Loss: 1.014 | Precision@1: 64.312% (2058/3200)
Loss: 1.009 | Precision@1: 64.543% (2148/3328)
Loss: 1.009 | Precision@1: 64.641% (2234/3456)
Loss: 1.012 | Precision@1: 64.593% (2315/3584)
Loss: 1.010 | Precision@1: 64.574% (2397/3712)
Loss: 1.009 | Precision@1: 64.401% (2473/3840)
Loss: 1.007 | Precision@1: 64.516% (2560/3968)
Loss: 1.011 | Precision@1: 64.233% (2631/4096)
Loss: 1.012 | Precision@1: 64.157% (2710/4224)
Loss: 1.010 | Precision@1: 64.177% (2793/4352)
Loss: 1.011 | Precision@1: 64.219% (2877/4480)
Loss: 1.013 | Precision@1: 64.171% (2957/4608)
Loss: 1.011 | Precision@1: 64.168% (3039/4736)
Loss: 1.009 | Precision@1: 64.042% (3115/4864)
Loss: 1.004 | Precision@1: 64.303% (3210/4992)
Loss: 1.004 | Precision@1: 64.355% (3295/5120)
Loss: 1.001 | Precision@1: 64.558% (3388/5248)
Loss: 1.006 | Precision@1: 64.435% (3464/5376)
Loss: 1.002 | Precision@1: 64.517% (3551/5504)
Loss: 1.000 | Precision@1: 64.577% (3637/5632)
Loss: 1.002 | Precision@1: 64.497% (3715/5760)
Loss: 1.003 | Precision@1: 64.572% (3802/5888)
Loss: 1.004 | Precision@1: 64.611% (3887/6016)
Loss: 1.006 | Precision@1: 64.535% (3965/6144)
Loss: 1.007 | Precision@1: 64.477% (4044/6272)
Loss: 1.005 | Precision@1: 64.609% (4135/6400)
Loss: 1.005 | Precision@1: 64.629% (4219/6528)
Loss: 1.008 | Precision@1: 64.543% (4296/6656)
Loss: 1.007 | Precision@1: 64.637% (4385/6784)
Loss: 1.005 | Precision@1: 64.728% (4474/6912)
Loss: 1.007 | Precision@1: 64.673% (4553/7040)
Loss: 1.009 | Precision@1: 64.621% (4632/7168)
Loss: 1.009 | Precision@1: 64.624% (4715/7296)
Loss: 1.009 | Precision@1: 64.669% (4801/7424)
Loss: 1.010 | Precision@1: 64.672% (4884/7552)
Loss: 1.014 | Precision@1: 64.466% (4951/7680)
Loss: 1.012 | Precision@1: 64.549% (5040/7808)
Loss: 1.011 | Precision@1: 64.554% (5123/7936)
Loss: 1.009 | Precision@1: 64.645% (5213/8064)
Loss: 1.011 | Precision@1: 64.575% (5290/8192)
Loss: 1.012 | Precision@1: 64.483% (5365/8320)
Loss: 1.012 | Precision@1: 64.453% (5445/8448)
Loss: 1.011 | Precision@1: 64.517% (5533/8576)
Loss: 1.011 | Precision@1: 64.557% (5619/8704)
Loss: 1.009 | Precision@1: 64.572% (5703/8832)
Loss: 1.009 | Precision@1: 64.598% (5788/8960)
Loss: 1.011 | Precision@1: 64.558% (5867/9088)
Loss: 1.013 | Precision@1: 64.475% (5942/9216)
Loss: 1.011 | Precision@1: 64.576% (6034/9344)
Loss: 1.012 | Precision@1: 64.538% (6113/9472)
Loss: 1.011 | Precision@1: 64.615% (6203/9600)
Loss: 1.010 | Precision@1: 64.638% (6288/9728)
Loss: 1.009 | Precision@1: 64.692% (6376/9856)
Loss: 1.007 | Precision@1: 64.744% (6464/9984)
Loss: 1.006 | Precision@1: 64.755% (6548/10112)
Loss: 1.006 | Precision@1: 64.814% (6637/10240)
Loss: 1.005 | Precision@1: 64.815% (6720/10368)
Loss: 1.004 | Precision@1: 64.863% (6808/10496)
Loss: 1.006 | Precision@1: 64.853% (6890/10624)
Loss: 1.006 | Precision@1: 64.872% (6975/10752)
Loss: 1.007 | Precision@1: 64.807% (7051/10880)
Loss: 1.009 | Precision@1: 64.744% (7127/11008)
Loss: 1.011 | Precision@1: 64.691% (7204/11136)
Loss: 1.010 | Precision@1: 64.675% (7285/11264)
Loss: 1.009 | Precision@1: 64.712% (7372/11392)
Loss: 1.009 | Precision@1: 64.731% (7457/11520)
Loss: 1.007 | Precision@1: 64.801% (7548/11648)
Loss: 1.006 | Precision@1: 64.844% (7636/11776)
Loss: 1.006 | Precision@1: 64.793% (7713/11904)
Loss: 1.006 | Precision@1: 64.819% (7799/12032)
Loss: 1.006 | Precision@1: 64.827% (7883/12160)
Loss: 1.005 | Precision@1: 64.860% (7970/12288)
Loss: 1.005 | Precision@1: 64.892% (8057/12416)
Loss: 1.006 | Precision@1: 64.876% (8138/12544)
Loss: 1.004 | Precision@1: 64.954% (8231/12672)
Loss: 1.006 | Precision@1: 64.820% (8297/12800)
Loss: 1.005 | Precision@1: 64.859% (8385/12928)
Loss: 1.004 | Precision@1: 64.897% (8473/13056)
Loss: 1.004 | Precision@1: 64.920% (8559/13184)
Loss: 1.005 | Precision@1: 64.881% (8637/13312)
Loss: 1.006 | Precision@1: 64.859% (8717/13440)
Loss: 1.004 | Precision@1: 64.925% (8809/13568)
Loss: 1.004 | Precision@1: 64.953% (8896/13696)
Loss: 1.004 | Precision@1: 64.931% (8976/13824)
Loss: 1.003 | Precision@1: 64.937% (9060/13952)
Loss: 1.003 | Precision@1: 64.964% (9147/14080)
Loss: 1.002 | Precision@1: 64.963% (9230/14208)
Loss: 1.002 | Precision@1: 64.962% (9313/14336)
Loss: 1.001 | Precision@1: 64.975% (9398/14464)
Loss: 1.002 | Precision@1: 64.988% (9483/14592)
Loss: 1.000 | Precision@1: 65.041% (9574/14720)
Loss: 1.001 | Precision@1: 65.039% (9657/14848)
Loss: 1.000 | Precision@1: 65.064% (9744/14976)
Loss: 0.999 | Precision@1: 65.095% (9832/15104)
Loss: 0.998 | Precision@1: 65.126% (9920/15232)
Loss: 0.997 | Precision@1: 65.156% (10008/15360)
Loss: 0.997 | Precision@1: 65.134% (10088/15488)
Loss: 0.996 | Precision@1: 65.170% (10177/15616)
Loss: 0.996 | Precision@1: 65.193% (10264/15744)
Loss: 0.996 | Precision@1: 65.165% (10343/15872)
Loss: 0.996 | Precision@1: 65.169% (10427/16000)
Loss: 0.997 | Precision@1: 65.203% (10516/16128)
Loss: 0.996 | Precision@1: 65.225% (10603/16256)
Loss: 0.997 | Precision@1: 65.198% (10682/16384)
Loss: 0.996 | Precision@1: 65.231% (10771/16512)
Loss: 0.996 | Precision@1: 65.222% (10853/16640)
Loss: 0.996 | Precision@1: 65.237% (10939/16768)
Loss: 0.995 | Precision@1: 65.264% (11027/16896)
Loss: 0.995 | Precision@1: 65.273% (11112/17024)
Loss: 0.994 | Precision@1: 65.333% (11206/17152)
Loss: 0.995 | Precision@1: 65.301% (11284/17280)
Loss: 0.993 | Precision@1: 65.349% (11376/17408)
Loss: 0.993 | Precision@1: 65.385% (11466/17536)
Loss: 0.992 | Precision@1: 65.416% (11555/17664)
Loss: 0.994 | Precision@1: 65.355% (11628/17792)
Loss: 0.995 | Precision@1: 65.296% (11701/17920)
Loss: 0.995 | Precision@1: 65.326% (11790/18048)
Loss: 0.996 | Precision@1: 65.278% (11865/18176)
Loss: 0.996 | Precision@1: 65.281% (11949/18304)
Loss: 0.996 | Precision@1: 65.256% (12028/18432)
Loss: 0.996 | Precision@1: 65.253% (12111/18560)
Loss: 0.997 | Precision@1: 65.224% (12189/18688)
Loss: 0.997 | Precision@1: 65.253% (12278/18816)
Loss: 0.996 | Precision@1: 65.277% (12366/18944)
Loss: 0.996 | Precision@1: 65.295% (12453/19072)
Loss: 0.996 | Precision@1: 65.281% (12534/19200)
Loss: 0.996 | Precision@1: 65.278% (12617/19328)
Loss: 0.996 | Precision@1: 65.291% (12703/19456)
Loss: 0.996 | Precision@1: 65.273% (12783/19584)
Loss: 0.997 | Precision@1: 65.270% (12866/19712)
Loss: 0.998 | Precision@1: 65.247% (12945/19840)
Loss: 0.998 | Precision@1: 65.254% (13030/19968)
Loss: 0.998 | Precision@1: 65.232% (13109/20096)
Loss: 0.998 | Precision@1: 65.234% (13193/20224)
Loss: 0.997 | Precision@1: 65.281% (13286/20352)
Loss: 0.997 | Precision@1: 65.269% (13367/20480)
Loss: 0.997 | Precision@1: 65.310% (13459/20608)
Loss: 0.997 | Precision@1: 65.263% (13533/20736)
Loss: 0.997 | Precision@1: 65.246% (13613/20864)
Loss: 0.996 | Precision@1: 65.258% (13699/20992)
Loss: 0.995 | Precision@1: 65.308% (13793/21120)
Loss: 0.995 | Precision@1: 65.310% (13877/21248)
Loss: 0.996 | Precision@1: 65.293% (13957/21376)
Loss: 0.995 | Precision@1: 65.318% (14046/21504)
Loss: 0.994 | Precision@1: 65.338% (14134/21632)
Loss: 0.995 | Precision@1: 65.303% (14210/21760)
Loss: 0.996 | Precision@1: 65.269% (14286/21888)
Loss: 0.995 | Precision@1: 65.289% (14374/22016)
Loss: 0.996 | Precision@1: 65.268% (14453/22144)
Loss: 0.995 | Precision@1: 65.284% (14540/22272)
Loss: 0.996 | Precision@1: 65.268% (14620/22400)
Loss: 0.997 | Precision@1: 65.243% (14698/22528)
Loss: 0.996 | Precision@1: 65.259% (14785/22656)
Loss: 0.997 | Precision@1: 65.230% (14862/22784)
Loss: 0.997 | Precision@1: 65.232% (14946/22912)
Loss: 0.996 | Precision@1: 65.247% (15033/23040)
Loss: 0.996 | Precision@1: 65.241% (15115/23168)
Loss: 0.996 | Precision@1: 65.256% (15202/23296)
Loss: 0.996 | Precision@1: 65.241% (15282/23424)
Loss: 0.995 | Precision@1: 65.285% (15376/23552)
Loss: 0.996 | Precision@1: 65.279% (15458/23680)
Loss: 0.997 | Precision@1: 65.260% (15537/23808)
Loss: 0.997 | Precision@1: 65.245% (15617/23936)
Loss: 0.998 | Precision@1: 65.201% (15690/24064)
Loss: 0.999 | Precision@1: 65.174% (15767/24192)
Loss: 0.998 | Precision@1: 65.210% (15859/24320)
Loss: 0.998 | Precision@1: 65.216% (15944/24448)
Loss: 0.999 | Precision@1: 65.194% (16022/24576)
Loss: 0.998 | Precision@1: 65.216% (16111/24704)
Loss: 0.997 | Precision@1: 65.259% (16205/24832)
Loss: 0.997 | Precision@1: 65.248% (16286/24960)
Loss: 0.997 | Precision@1: 65.246% (16369/25088)
Loss: 0.997 | Precision@1: 65.252% (16454/25216)
Loss: 0.997 | Precision@1: 65.254% (16538/25344)
Loss: 0.996 | Precision@1: 65.291% (16631/25472)
Loss: 0.997 | Precision@1: 65.242% (16702/25600)
Loss: 0.997 | Precision@1: 65.283% (16796/25728)
Loss: 0.996 | Precision@1: 65.316% (16888/25856)
Loss: 0.995 | Precision@1: 65.340% (16978/25984)
Loss: 0.995 | Precision@1: 65.322% (17057/26112)
Loss: 0.994 | Precision@1: 65.347% (17147/26240)
Loss: 0.994 | Precision@1: 65.352% (17232/26368)
Loss: 0.993 | Precision@1: 65.365% (17319/26496)
Loss: 0.993 | Precision@1: 65.347% (17398/26624)
Loss: 0.993 | Precision@1: 65.345% (17481/26752)
Loss: 0.993 | Precision@1: 65.372% (17572/26880)
Loss: 0.992 | Precision@1: 65.395% (17662/27008)
Loss: 0.992 | Precision@1: 65.415% (17751/27136)
Loss: 0.991 | Precision@1: 65.423% (17837/27264)
Loss: 0.991 | Precision@1: 65.417% (17919/27392)
Loss: 0.991 | Precision@1: 65.403% (17999/27520)
Loss: 0.990 | Precision@1: 65.433% (18091/27648)
Loss: 0.990 | Precision@1: 65.420% (18171/27776)
Loss: 0.990 | Precision@1: 65.424% (18256/27904)
Loss: 0.990 | Precision@1: 65.418% (18338/28032)
Loss: 0.990 | Precision@1: 65.426% (18424/28160)
Loss: 0.990 | Precision@1: 65.427% (18508/28288)
Loss: 0.989 | Precision@1: 65.446% (18597/28416)
Loss: 0.990 | Precision@1: 65.425% (18675/28544)
Loss: 0.990 | Precision@1: 65.426% (18759/28672)
Loss: 0.989 | Precision@1: 65.458% (18852/28800)
Loss: 0.989 | Precision@1: 65.497% (18947/28928)
Loss: 0.989 | Precision@1: 65.515% (19036/29056)
Loss: 0.988 | Precision@1: 65.515% (19120/29184)
Loss: 0.989 | Precision@1: 65.502% (19200/29312)
Loss: 0.988 | Precision@1: 65.533% (19293/29440)
Loss: 0.988 | Precision@1: 65.513% (19371/29568)
Loss: 0.988 | Precision@1: 65.517% (19456/29696)
Loss: 0.988 | Precision@1: 65.528% (19543/29824)
Loss: 0.988 | Precision@1: 65.535% (19629/29952)
Loss: 0.989 | Precision@1: 65.522% (19709/30080)
Loss: 0.989 | Precision@1: 65.532% (19796/30208)
Loss: 0.988 | Precision@1: 65.543% (19883/30336)
Loss: 0.988 | Precision@1: 65.579% (19978/30464)
Loss: 0.988 | Precision@1: 65.540% (20050/30592)
Loss: 0.988 | Precision@1: 65.537% (20133/30720)
Loss: 0.988 | Precision@1: 65.550% (20221/30848)
Loss: 0.988 | Precision@1: 65.560% (20308/30976)
Loss: 0.987 | Precision@1: 65.602% (20405/31104)
Loss: 0.987 | Precision@1: 65.580% (20482/31232)
Loss: 0.987 | Precision@1: 65.593% (20570/31360)
Loss: 0.987 | Precision@1: 65.587% (20652/31488)
Loss: 0.986 | Precision@1: 65.593% (20738/31616)
Loss: 0.986 | Precision@1: 65.600% (20824/31744)
Loss: 0.987 | Precision@1: 65.606% (20910/31872)
Loss: 0.987 | Precision@1: 65.575% (20984/32000)
Loss: 0.988 | Precision@1: 65.569% (21066/32128)
Loss: 0.988 | Precision@1: 65.560% (21147/32256)
Loss: 0.988 | Precision@1: 65.542% (21225/32384)
Loss: 0.988 | Precision@1: 65.545% (21310/32512)
Loss: 0.989 | Precision@1: 65.530% (21389/32640)
Loss: 0.989 | Precision@1: 65.503% (21464/32768)
Loss: 0.990 | Precision@1: 65.482% (21541/32896)
Loss: 0.989 | Precision@1: 65.507% (21633/33024)
Loss: 0.989 | Precision@1: 65.504% (21716/33152)
Loss: 0.989 | Precision@1: 65.505% (21800/33280)
Loss: 0.988 | Precision@1: 65.505% (21884/33408)
Loss: 0.988 | Precision@1: 65.512% (21970/33536)
Loss: 0.988 | Precision@1: 65.530% (22060/33664)
Loss: 0.988 | Precision@1: 65.516% (22139/33792)
Loss: 0.988 | Precision@1: 65.525% (22226/33920)
Loss: 0.988 | Precision@1: 65.531% (22312/34048)
Loss: 0.988 | Precision@1: 65.523% (22393/34176)
Loss: 0.987 | Precision@1: 65.529% (22479/34304)
Loss: 0.987 | Precision@1: 65.520% (22560/34432)
Loss: 0.987 | Precision@1: 65.524% (22645/34560)
Loss: 0.987 | Precision@1: 65.521% (22728/34688)
Loss: 0.987 | Precision@1: 65.501% (22805/34816)
Loss: 0.987 | Precision@1: 65.525% (22897/34944)
Loss: 0.987 | Precision@1: 65.534% (22984/35072)
Loss: 0.988 | Precision@1: 65.509% (23059/35200)
Loss: 0.987 | Precision@1: 65.537% (23153/35328)
Loss: 0.987 | Precision@1: 65.540% (23238/35456)
Loss: 0.987 | Precision@1: 65.546% (23324/35584)
Loss: 0.986 | Precision@1: 65.547% (23408/35712)
Loss: 0.986 | Precision@1: 65.552% (23494/35840)
Loss: 0.986 | Precision@1: 65.569% (23584/35968)
Loss: 0.986 | Precision@1: 65.550% (23661/36096)
Loss: 0.985 | Precision@1: 65.545% (23743/36224)
Loss: 0.985 | Precision@1: 65.567% (23835/36352)
Loss: 0.985 | Precision@1: 65.562% (23917/36480)
Loss: 0.985 | Precision@1: 65.584% (24009/36608)
Loss: 0.985 | Precision@1: 65.581% (24092/36736)
Loss: 0.985 | Precision@1: 65.587% (24178/36864)
Loss: 0.984 | Precision@1: 65.603% (24268/36992)
Loss: 0.984 | Precision@1: 65.590% (24347/37120)
Loss: 0.984 | Precision@1: 65.612% (24439/37248)
Loss: 0.984 | Precision@1: 65.617% (24525/37376)
Loss: 0.983 | Precision@1: 65.622% (24611/37504)
Loss: 0.983 | Precision@1: 65.620% (24694/37632)
Loss: 0.983 | Precision@1: 65.628% (24781/37760)
Loss: 0.983 | Precision@1: 65.612% (24859/37888)
Loss: 0.982 | Precision@1: 65.659% (24961/38016)
Loss: 0.982 | Precision@1: 65.646% (25040/38144)
Loss: 0.983 | Precision@1: 65.649% (25125/38272)
Loss: 0.983 | Precision@1: 65.615% (25196/38400)
Loss: 0.983 | Precision@1: 65.612% (25279/38528)
Loss: 0.983 | Precision@1: 65.620% (25366/38656)
Loss: 0.983 | Precision@1: 65.630% (25454/38784)
Loss: 0.983 | Precision@1: 65.630% (25538/38912)
Loss: 0.983 | Precision@1: 65.628% (25621/39040)
Loss: 0.983 | Precision@1: 65.628% (25705/39168)
Loss: 0.982 | Precision@1: 65.648% (25797/39296)
Loss: 0.982 | Precision@1: 65.640% (25878/39424)
Loss: 0.982 | Precision@1: 65.648% (25965/39552)
Loss: 0.982 | Precision@1: 65.658% (26053/39680)
Loss: 0.982 | Precision@1: 65.658% (26137/39808)
Loss: 0.983 | Precision@1: 65.638% (26213/39936)
Loss: 0.983 | Precision@1: 65.630% (26294/40064)
Loss: 0.983 | Precision@1: 65.625% (26376/40192)
Loss: 0.983 | Precision@1: 65.620% (26458/40320)
Loss: 0.983 | Precision@1: 65.623% (26543/40448)
Loss: 0.983 | Precision@1: 65.620% (26626/40576)
Loss: 0.983 | Precision@1: 65.627% (26713/40704)
Loss: 0.984 | Precision@1: 65.610% (26790/40832)
Loss: 0.984 | Precision@1: 65.579% (26861/40960)
Loss: 0.984 | Precision@1: 65.576% (26944/41088)
Loss: 0.984 | Precision@1: 65.572% (27026/41216)
Loss: 0.985 | Precision@1: 65.552% (27102/41344)
Loss: 0.985 | Precision@1: 65.541% (27181/41472)
Loss: 0.985 | Precision@1: 65.531% (27261/41600)
Loss: 0.986 | Precision@1: 65.527% (27343/41728)
Loss: 0.985 | Precision@1: 65.527% (27427/41856)
Loss: 0.985 | Precision@1: 65.549% (27520/41984)
Loss: 0.985 | Precision@1: 65.549% (27604/42112)
Loss: 0.985 | Precision@1: 65.549% (27688/42240)
Loss: 0.984 | Precision@1: 65.585% (27787/42368)
Loss: 0.984 | Precision@1: 65.580% (27869/42496)
Loss: 0.984 | Precision@1: 65.576% (27951/42624)
Loss: 0.984 | Precision@1: 65.571% (28033/42752)
Loss: 0.984 | Precision@1: 65.571% (28117/42880)
Loss: 0.985 | Precision@1: 65.562% (28197/43008)
Loss: 0.984 | Precision@1: 65.586% (28291/43136)
Loss: 0.984 | Precision@1: 65.583% (28374/43264)
Loss: 0.984 | Precision@1: 65.586% (28459/43392)
Loss: 0.984 | Precision@1: 65.584% (28542/43520)
Loss: 0.984 | Precision@1: 65.591% (28629/43648)
Loss: 0.984 | Precision@1: 65.582% (28709/43776)
Loss: 0.984 | Precision@1: 65.573% (28789/43904)
Loss: 0.983 | Precision@1: 65.593% (28882/44032)
Loss: 0.983 | Precision@1: 65.605% (28971/44160)
Loss: 0.983 | Precision@1: 65.600% (29053/44288)
Loss: 0.983 | Precision@1: 65.605% (29139/44416)
Loss: 0.983 | Precision@1: 65.605% (29223/44544)
Loss: 0.983 | Precision@1: 65.612% (29310/44672)
Loss: 0.983 | Precision@1: 65.596% (29387/44800)
Loss: 0.983 | Precision@1: 65.580% (29464/44928)
Loss: 0.983 | Precision@1: 65.601% (29557/45056)
Loss: 0.983 | Precision@1: 65.583% (29633/45184)
Loss: 0.983 | Precision@1: 65.583% (29717/45312)
Loss: 0.982 | Precision@1: 65.618% (29817/45440)
Loss: 0.982 | Precision@1: 65.618% (29901/45568)
Loss: 0.982 | Precision@1: 65.605% (29979/45696)
Loss: 0.982 | Precision@1: 65.610% (30065/45824)
Loss: 0.982 | Precision@1: 65.618% (30153/45952)
Loss: 0.982 | Precision@1: 65.627% (30241/46080)
Loss: 0.982 | Precision@1: 65.640% (30331/46208)
Loss: 0.982 | Precision@1: 65.636% (30413/46336)
Loss: 0.982 | Precision@1: 65.647% (30502/46464)
Loss: 0.982 | Precision@1: 65.653% (30589/46592)
Loss: 0.981 | Precision@1: 65.681% (30686/46720)
Loss: 0.981 | Precision@1: 65.693% (30776/46848)
Loss: 0.981 | Precision@1: 65.704% (30865/46976)
Loss: 0.981 | Precision@1: 65.708% (30951/47104)
Loss: 0.981 | Precision@1: 65.714% (31038/47232)
Loss: 0.981 | Precision@1: 65.724% (31127/47360)
Loss: 0.981 | Precision@1: 65.709% (31204/47488)
Loss: 0.981 | Precision@1: 65.722% (31294/47616)
Loss: 0.981 | Precision@1: 65.726% (31380/47744)
Loss: 0.981 | Precision@1: 65.706% (31455/47872)
Loss: 0.982 | Precision@1: 65.679% (31526/48000)
Loss: 0.982 | Precision@1: 65.687% (31614/48128)
Loss: 0.982 | Precision@1: 65.691% (31700/48256)
Loss: 0.981 | Precision@1: 65.681% (31779/48384)
Loss: 0.982 | Precision@1: 65.662% (31854/48512)
Loss: 0.982 | Precision@1: 65.644% (31929/48640)
Loss: 0.982 | Precision@1: 65.631% (32007/48768)
Loss: 0.983 | Precision@1: 65.613% (32082/48896)
Loss: 0.983 | Precision@1: 65.619% (32169/49024)
Loss: 0.983 | Precision@1: 65.607% (32247/49152)
Loss: 0.983 | Precision@1: 65.593% (32324/49280)
Loss: 0.983 | Precision@1: 65.582% (32403/49408)
Loss: 0.983 | Precision@1: 65.570% (32481/49536)
Loss: 0.983 | Precision@1: 65.589% (32574/49664)
Loss: 0.983 | Precision@1: 65.587% (32657/49792)
Loss: 0.983 | Precision@1: 65.589% (32742/49920)
Loss: 0.983 | Precision@1: 65.588% (32794/50000)

Aggregates: 			
 	 DataLoader Time: 0.4045 			
 	 Mini-batch Time: 10.6108 			
 	 Training Epoch Time: 27.6591
 			
 Averages: 			
 	 Training Loss: 0.9828

 Test set Averages: Loss: 0.863 | Precision@1: 71.080% (7108/10000)
Average dataloader time is 0.39
