model name	: Intel(R) Xeon(R) CPU E5-2609 v3 @ 1.90GHz
Wed Oct 30 12:53:47 2019       
+-----------------------------------------------------------------------------+
| NVIDIA-SMI 418.74       Driver Version: 418.74       CUDA Version: 10.1     |
|-------------------------------+----------------------+----------------------+
| GPU  Name        Persistence-M| Bus-Id        Disp.A | Volatile Uncorr. ECC |
| Fan  Temp  Perf  Pwr:Usage/Cap|         Memory-Usage | GPU-Util  Compute M. |
|===============================+======================+======================|
|   0  GeForce GTX TIT...  On   | 00000000:02:00.0 Off |                  N/A |
| 22%   34C    P2    69W / 250W |    588MiB / 12212MiB |      6%      Default |
+-------------------------------+----------------------+----------------------+
                                                                               
+-----------------------------------------------------------------------------+
| Processes:                                                       GPU Memory |
|  GPU       PID   Type   Process name                             Usage      |
|=============================================================================|
|    0     11491      C   python3                                      576MiB |
+-----------------------------------------------------------------------------+
Files already downloaded and verified
Files already downloaded and verified

Epoch: 0
Loss: 2.453 | Precision@1: 7.031% (9/128)
Loss: 2.965 | Precision@1: 8.984% (23/256)
Loss: 3.474 | Precision@1: 13.021% (50/384)
Loss: 4.463 | Precision@1: 12.695% (65/512)
Loss: 5.541 | Precision@1: 11.875% (76/640)
Loss: 5.756 | Precision@1: 11.328% (87/768)
Loss: 5.600 | Precision@1: 10.938% (98/896)
Loss: 5.455 | Precision@1: 10.547% (108/1024)
Loss: 5.217 | Precision@1: 10.417% (120/1152)
Loss: 5.070 | Precision@1: 10.469% (134/1280)
Loss: 4.873 | Precision@1: 10.369% (146/1408)
Loss: 4.811 | Precision@1: 10.612% (163/1536)
Loss: 4.732 | Precision@1: 10.457% (174/1664)
Loss: 4.625 | Precision@1: 10.547% (189/1792)
Loss: 4.487 | Precision@1: 10.677% (205/1920)
Loss: 4.431 | Precision@1: 10.986% (225/2048)
Loss: 4.379 | Precision@1: 11.397% (248/2176)
Loss: 4.326 | Precision@1: 11.502% (265/2304)
Loss: 4.261 | Precision@1: 11.472% (279/2432)
Loss: 4.192 | Precision@1: 11.562% (296/2560)
Loss: 4.143 | Precision@1: 11.533% (310/2688)
Loss: 4.096 | Precision@1: 11.435% (322/2816)
Loss: 4.053 | Precision@1: 11.753% (346/2944)
Loss: 4.004 | Precision@1: 11.882% (365/3072)
Loss: 3.939 | Precision@1: 11.938% (382/3200)
Loss: 3.888 | Precision@1: 12.019% (400/3328)
Loss: 3.844 | Precision@1: 12.008% (415/3456)
Loss: 3.803 | Precision@1: 12.277% (440/3584)
Loss: 3.755 | Precision@1: 12.500% (464/3712)
Loss: 3.719 | Precision@1: 12.604% (484/3840)
Loss: 3.680 | Precision@1: 12.777% (507/3968)
Loss: 3.643 | Precision@1: 12.891% (528/4096)
Loss: 3.604 | Precision@1: 12.784% (540/4224)
Loss: 3.563 | Precision@1: 12.937% (563/4352)
Loss: 3.526 | Precision@1: 12.924% (579/4480)
Loss: 3.490 | Precision@1: 12.891% (594/4608)
Loss: 3.455 | Precision@1: 12.943% (613/4736)
Loss: 3.427 | Precision@1: 13.014% (633/4864)
Loss: 3.405 | Precision@1: 13.181% (658/4992)
Loss: 3.373 | Precision@1: 13.262% (679/5120)
Loss: 3.354 | Precision@1: 13.300% (698/5248)
Loss: 3.334 | Precision@1: 13.300% (715/5376)
Loss: 3.306 | Precision@1: 13.390% (737/5504)
Loss: 3.289 | Precision@1: 13.441% (757/5632)
Loss: 3.267 | Precision@1: 13.455% (775/5760)
Loss: 3.250 | Precision@1: 13.655% (804/5888)
Loss: 3.231 | Precision@1: 13.630% (820/6016)
Loss: 3.210 | Precision@1: 13.509% (830/6144)
Loss: 3.192 | Precision@1: 13.504% (847/6272)
Loss: 3.174 | Precision@1: 13.578% (869/6400)
Loss: 3.155 | Precision@1: 13.664% (892/6528)
Loss: 3.136 | Precision@1: 13.687% (911/6656)
Loss: 3.118 | Precision@1: 13.856% (940/6784)
Loss: 3.100 | Precision@1: 13.976% (966/6912)
Loss: 3.084 | Precision@1: 13.949% (982/7040)
Loss: 3.068 | Precision@1: 13.895% (996/7168)
Loss: 3.050 | Precision@1: 14.008% (1022/7296)
Loss: 3.035 | Precision@1: 14.103% (1047/7424)
Loss: 3.019 | Precision@1: 14.102% (1065/7552)
Loss: 3.006 | Precision@1: 14.180% (1089/7680)
Loss: 2.991 | Precision@1: 14.203% (1109/7808)
Loss: 2.976 | Precision@1: 14.264% (1132/7936)
Loss: 2.963 | Precision@1: 14.435% (1164/8064)
Loss: 2.950 | Precision@1: 14.490% (1187/8192)
Loss: 2.937 | Precision@1: 14.567% (1212/8320)
Loss: 2.923 | Precision@1: 14.737% (1245/8448)
Loss: 2.909 | Precision@1: 14.890% (1277/8576)
Loss: 2.898 | Precision@1: 14.970% (1303/8704)
Loss: 2.887 | Precision@1: 15.036% (1328/8832)
Loss: 2.876 | Precision@1: 15.123% (1355/8960)
Loss: 2.865 | Precision@1: 15.119% (1374/9088)
Loss: 2.857 | Precision@1: 15.169% (1398/9216)
Loss: 2.848 | Precision@1: 15.208% (1421/9344)
Loss: 2.838 | Precision@1: 15.255% (1445/9472)
Loss: 2.828 | Precision@1: 15.260% (1465/9600)
Loss: 2.818 | Precision@1: 15.337% (1492/9728)
Loss: 2.809 | Precision@1: 15.341% (1512/9856)
Loss: 2.800 | Precision@1: 15.385% (1536/9984)
Loss: 2.792 | Precision@1: 15.328% (1550/10112)
Loss: 2.783 | Precision@1: 15.332% (1570/10240)
Loss: 2.775 | Precision@1: 15.394% (1596/10368)
Loss: 2.766 | Precision@1: 15.415% (1618/10496)
Loss: 2.757 | Precision@1: 15.418% (1638/10624)
Loss: 2.750 | Precision@1: 15.439% (1660/10752)
Loss: 2.742 | Precision@1: 15.542% (1691/10880)
Loss: 2.735 | Precision@1: 15.552% (1712/11008)
Loss: 2.727 | Precision@1: 15.580% (1735/11136)
Loss: 2.720 | Precision@1: 15.661% (1764/11264)
Loss: 2.713 | Precision@1: 15.695% (1788/11392)
Loss: 2.706 | Precision@1: 15.738% (1813/11520)
Loss: 2.698 | Precision@1: 15.840% (1845/11648)
Loss: 2.691 | Precision@1: 16.024% (1887/11776)
Loss: 2.684 | Precision@1: 16.095% (1916/11904)
Loss: 2.677 | Precision@1: 16.207% (1950/12032)
Loss: 2.670 | Precision@1: 16.250% (1976/12160)
Loss: 2.664 | Precision@1: 16.309% (2004/12288)
Loss: 2.656 | Precision@1: 16.406% (2037/12416)
Loss: 2.650 | Precision@1: 16.470% (2066/12544)
Loss: 2.644 | Precision@1: 16.619% (2106/12672)
Loss: 2.638 | Precision@1: 16.656% (2132/12800)
Loss: 2.634 | Precision@1: 16.662% (2154/12928)
Loss: 2.628 | Precision@1: 16.720% (2183/13056)
Loss: 2.622 | Precision@1: 16.793% (2214/13184)
Loss: 2.617 | Precision@1: 16.782% (2234/13312)
Loss: 2.612 | Precision@1: 16.838% (2263/13440)
Loss: 2.607 | Precision@1: 16.893% (2292/13568)
Loss: 2.602 | Precision@1: 16.917% (2317/13696)
Loss: 2.598 | Precision@1: 16.942% (2342/13824)
Loss: 2.592 | Precision@1: 17.030% (2376/13952)
Loss: 2.587 | Precision@1: 17.109% (2409/14080)
Loss: 2.583 | Precision@1: 17.124% (2433/14208)
Loss: 2.578 | Precision@1: 17.167% (2461/14336)
Loss: 2.573 | Precision@1: 17.243% (2494/14464)
Loss: 2.568 | Precision@1: 17.283% (2522/14592)
Loss: 2.564 | Precision@1: 17.289% (2545/14720)
Loss: 2.559 | Precision@1: 17.302% (2569/14848)
Loss: 2.554 | Precision@1: 17.401% (2606/14976)
Loss: 2.550 | Precision@1: 17.419% (2631/15104)
Loss: 2.545 | Precision@1: 17.463% (2660/15232)
Loss: 2.540 | Precision@1: 17.526% (2692/15360)
Loss: 2.536 | Precision@1: 17.568% (2721/15488)
Loss: 2.532 | Precision@1: 17.642% (2755/15616)
Loss: 2.528 | Precision@1: 17.683% (2784/15744)
Loss: 2.525 | Precision@1: 17.704% (2810/15872)
Loss: 2.521 | Precision@1: 17.762% (2842/16000)
Loss: 2.518 | Precision@1: 17.795% (2870/16128)
Loss: 2.514 | Precision@1: 17.840% (2900/16256)
Loss: 2.511 | Precision@1: 17.853% (2925/16384)
Loss: 2.506 | Precision@1: 17.884% (2953/16512)
Loss: 2.503 | Precision@1: 17.903% (2979/16640)
Loss: 2.499 | Precision@1: 17.999% (3018/16768)
Loss: 2.494 | Precision@1: 18.117% (3061/16896)
Loss: 2.491 | Precision@1: 18.133% (3087/17024)
Loss: 2.487 | Precision@1: 18.173% (3117/17152)
Loss: 2.485 | Precision@1: 18.171% (3140/17280)
Loss: 2.482 | Precision@1: 18.187% (3166/17408)
Loss: 2.479 | Precision@1: 18.214% (3194/17536)
Loss: 2.476 | Precision@1: 18.224% (3219/17664)
Loss: 2.473 | Precision@1: 18.267% (3250/17792)
Loss: 2.470 | Precision@1: 18.304% (3280/17920)
Loss: 2.468 | Precision@1: 18.351% (3312/18048)
Loss: 2.465 | Precision@1: 18.392% (3343/18176)
Loss: 2.462 | Precision@1: 18.384% (3365/18304)
Loss: 2.459 | Precision@1: 18.441% (3399/18432)
Loss: 2.456 | Precision@1: 18.475% (3429/18560)
Loss: 2.452 | Precision@1: 18.509% (3459/18688)
Loss: 2.449 | Precision@1: 18.543% (3489/18816)
Loss: 2.446 | Precision@1: 18.565% (3517/18944)
Loss: 2.443 | Precision@1: 18.551% (3538/19072)
Loss: 2.440 | Precision@1: 18.578% (3567/19200)
Loss: 2.437 | Precision@1: 18.574% (3590/19328)
Loss: 2.434 | Precision@1: 18.591% (3617/19456)
Loss: 2.430 | Precision@1: 18.668% (3656/19584)
Loss: 2.427 | Precision@1: 18.704% (3687/19712)
Loss: 2.424 | Precision@1: 18.750% (3720/19840)
Loss: 2.421 | Precision@1: 18.835% (3761/19968)
Loss: 2.418 | Precision@1: 18.894% (3797/20096)
Loss: 2.415 | Precision@1: 18.963% (3835/20224)
Loss: 2.413 | Precision@1: 19.001% (3867/20352)
Loss: 2.411 | Precision@1: 19.004% (3892/20480)
Loss: 2.408 | Precision@1: 19.031% (3922/20608)
Loss: 2.406 | Precision@1: 19.054% (3951/20736)
Loss: 2.403 | Precision@1: 19.090% (3983/20864)
Loss: 2.400 | Precision@1: 19.126% (4015/20992)
Loss: 2.397 | Precision@1: 19.152% (4045/21120)
Loss: 2.395 | Precision@1: 19.164% (4072/21248)
Loss: 2.391 | Precision@1: 19.255% (4116/21376)
Loss: 2.389 | Precision@1: 19.280% (4146/21504)
Loss: 2.386 | Precision@1: 19.351% (4186/21632)
Loss: 2.384 | Precision@1: 19.393% (4220/21760)
Loss: 2.381 | Precision@1: 19.454% (4258/21888)
Loss: 2.378 | Precision@1: 19.499% (4293/22016)
Loss: 2.375 | Precision@1: 19.554% (4330/22144)
Loss: 2.372 | Precision@1: 19.585% (4362/22272)
Loss: 2.369 | Precision@1: 19.607% (4392/22400)
Loss: 2.367 | Precision@1: 19.664% (4430/22528)
Loss: 2.364 | Precision@1: 19.712% (4466/22656)
Loss: 2.362 | Precision@1: 19.720% (4493/22784)
Loss: 2.360 | Precision@1: 19.776% (4531/22912)
Loss: 2.357 | Precision@1: 19.813% (4565/23040)
Loss: 2.355 | Precision@1: 19.864% (4602/23168)
Loss: 2.353 | Precision@1: 19.866% (4628/23296)
Loss: 2.350 | Precision@1: 19.920% (4666/23424)
Loss: 2.348 | Precision@1: 19.956% (4700/23552)
Loss: 2.345 | Precision@1: 20.034% (4744/23680)
Loss: 2.343 | Precision@1: 20.073% (4779/23808)
Loss: 2.340 | Precision@1: 20.141% (4821/23936)
Loss: 2.339 | Precision@1: 20.159% (4851/24064)
Loss: 2.336 | Precision@1: 20.188% (4884/24192)
Loss: 2.335 | Precision@1: 20.189% (4910/24320)
Loss: 2.332 | Precision@1: 20.235% (4947/24448)
Loss: 2.330 | Precision@1: 20.284% (4985/24576)
Loss: 2.328 | Precision@1: 20.312% (5018/24704)
Loss: 2.326 | Precision@1: 20.373% (5059/24832)
Loss: 2.323 | Precision@1: 20.425% (5098/24960)
Loss: 2.322 | Precision@1: 20.460% (5133/25088)
Loss: 2.320 | Precision@1: 20.503% (5170/25216)
Loss: 2.317 | Precision@1: 20.549% (5208/25344)
Loss: 2.315 | Precision@1: 20.599% (5247/25472)
Loss: 2.312 | Precision@1: 20.625% (5280/25600)
Loss: 2.311 | Precision@1: 20.686% (5322/25728)
Loss: 2.308 | Precision@1: 20.722% (5358/25856)
Loss: 2.306 | Precision@1: 20.782% (5400/25984)
Loss: 2.304 | Precision@1: 20.822% (5437/26112)
Loss: 2.302 | Precision@1: 20.873% (5477/26240)
Loss: 2.300 | Precision@1: 20.874% (5504/26368)
Loss: 2.298 | Precision@1: 20.928% (5545/26496)
Loss: 2.295 | Precision@1: 20.981% (5586/26624)
Loss: 2.294 | Precision@1: 21.041% (5629/26752)
Loss: 2.292 | Precision@1: 21.083% (5667/26880)
Loss: 2.290 | Precision@1: 21.075% (5692/27008)
Loss: 2.288 | Precision@1: 21.164% (5743/27136)
Loss: 2.286 | Precision@1: 21.171% (5772/27264)
Loss: 2.284 | Precision@1: 21.225% (5814/27392)
Loss: 2.281 | Precision@1: 21.290% (5859/27520)
Loss: 2.279 | Precision@1: 21.311% (5892/27648)
Loss: 2.277 | Precision@1: 21.339% (5927/27776)
Loss: 2.275 | Precision@1: 21.388% (5968/27904)
Loss: 2.273 | Precision@1: 21.450% (6013/28032)
Loss: 2.271 | Precision@1: 21.506% (6056/28160)
Loss: 2.269 | Precision@1: 21.553% (6097/28288)
Loss: 2.267 | Precision@1: 21.586% (6134/28416)
Loss: 2.266 | Precision@1: 21.602% (6166/28544)
Loss: 2.263 | Precision@1: 21.659% (6210/28672)
Loss: 2.261 | Precision@1: 21.722% (6256/28800)
Loss: 2.259 | Precision@1: 21.771% (6298/28928)
Loss: 2.258 | Precision@1: 21.789% (6331/29056)
Loss: 2.257 | Precision@1: 21.810% (6365/29184)
Loss: 2.255 | Precision@1: 21.861% (6408/29312)
Loss: 2.253 | Precision@1: 21.892% (6445/29440)
Loss: 2.252 | Precision@1: 21.916% (6480/29568)
Loss: 2.251 | Precision@1: 21.946% (6517/29696)
Loss: 2.248 | Precision@1: 21.989% (6558/29824)
Loss: 2.247 | Precision@1: 22.039% (6601/29952)
Loss: 2.245 | Precision@1: 22.091% (6645/30080)
Loss: 2.243 | Precision@1: 22.137% (6687/30208)
Loss: 2.241 | Precision@1: 22.178% (6728/30336)
Loss: 2.239 | Precision@1: 22.197% (6762/30464)
Loss: 2.238 | Precision@1: 22.238% (6803/30592)
Loss: 2.236 | Precision@1: 22.279% (6844/30720)
Loss: 2.235 | Precision@1: 22.332% (6889/30848)
Loss: 2.233 | Precision@1: 22.362% (6927/30976)
Loss: 2.231 | Precision@1: 22.377% (6960/31104)
Loss: 2.230 | Precision@1: 22.390% (6993/31232)
Loss: 2.228 | Precision@1: 22.430% (7034/31360)
Loss: 2.226 | Precision@1: 22.485% (7080/31488)
Loss: 2.225 | Precision@1: 22.492% (7111/31616)
Loss: 2.224 | Precision@1: 22.518% (7148/31744)
Loss: 2.222 | Precision@1: 22.565% (7192/31872)
Loss: 2.221 | Precision@1: 22.616% (7237/32000)
Loss: 2.219 | Precision@1: 22.641% (7274/32128)
Loss: 2.217 | Precision@1: 22.690% (7319/32256)
Loss: 2.216 | Precision@1: 22.737% (7363/32384)
Loss: 2.214 | Precision@1: 22.785% (7408/32512)
Loss: 2.213 | Precision@1: 22.822% (7449/32640)
Loss: 2.211 | Precision@1: 22.845% (7486/32768)
Loss: 2.210 | Precision@1: 22.869% (7523/32896)
Loss: 2.208 | Precision@1: 22.920% (7569/33024)
Loss: 2.207 | Precision@1: 22.970% (7615/33152)
Loss: 2.205 | Precision@1: 23.008% (7657/33280)
Loss: 2.204 | Precision@1: 23.009% (7687/33408)
Loss: 2.202 | Precision@1: 23.050% (7730/33536)
Loss: 2.201 | Precision@1: 23.087% (7772/33664)
Loss: 2.199 | Precision@1: 23.127% (7815/33792)
Loss: 2.198 | Precision@1: 23.178% (7862/33920)
Loss: 2.196 | Precision@1: 23.211% (7903/34048)
Loss: 2.195 | Precision@1: 23.224% (7937/34176)
Loss: 2.193 | Precision@1: 23.263% (7980/34304)
Loss: 2.192 | Precision@1: 23.298% (8022/34432)
Loss: 2.190 | Precision@1: 23.325% (8061/34560)
Loss: 2.189 | Precision@1: 23.345% (8098/34688)
Loss: 2.188 | Precision@1: 23.374% (8138/34816)
Loss: 2.186 | Precision@1: 23.403% (8178/34944)
Loss: 2.185 | Precision@1: 23.455% (8226/35072)
Loss: 2.184 | Precision@1: 23.486% (8267/35200)
Loss: 2.182 | Precision@1: 23.528% (8312/35328)
Loss: 2.180 | Precision@1: 23.587% (8363/35456)
Loss: 2.179 | Precision@1: 23.617% (8404/35584)
Loss: 2.178 | Precision@1: 23.642% (8443/35712)
Loss: 2.177 | Precision@1: 23.658% (8479/35840)
Loss: 2.175 | Precision@1: 23.677% (8516/35968)
Loss: 2.174 | Precision@1: 23.712% (8559/36096)
Loss: 2.173 | Precision@1: 23.725% (8594/36224)
Loss: 2.171 | Precision@1: 23.751% (8634/36352)
Loss: 2.170 | Precision@1: 23.819% (8689/36480)
Loss: 2.169 | Precision@1: 23.850% (8731/36608)
Loss: 2.168 | Precision@1: 23.887% (8775/36736)
Loss: 2.167 | Precision@1: 23.904% (8812/36864)
Loss: 2.166 | Precision@1: 23.943% (8857/36992)
Loss: 2.165 | Precision@1: 23.966% (8896/37120)
Loss: 2.163 | Precision@1: 23.974% (8930/37248)
Loss: 2.162 | Precision@1: 23.999% (8970/37376)
Loss: 2.160 | Precision@1: 24.040% (9016/37504)
Loss: 2.159 | Precision@1: 24.070% (9058/37632)
Loss: 2.157 | Precision@1: 24.110% (9104/37760)
Loss: 2.155 | Precision@1: 24.153% (9151/37888)
Loss: 2.154 | Precision@1: 24.190% (9196/38016)
Loss: 2.153 | Precision@1: 24.206% (9233/38144)
Loss: 2.152 | Precision@1: 24.211% (9266/38272)
Loss: 2.151 | Precision@1: 24.242% (9309/38400)
Loss: 2.150 | Precision@1: 24.263% (9348/38528)
Loss: 2.148 | Precision@1: 24.307% (9396/38656)
Loss: 2.147 | Precision@1: 24.355% (9446/38784)
Loss: 2.145 | Precision@1: 24.394% (9492/38912)
Loss: 2.144 | Precision@1: 24.419% (9533/39040)
Loss: 2.142 | Precision@1: 24.469% (9584/39168)
Loss: 2.141 | Precision@1: 24.501% (9628/39296)
Loss: 2.140 | Precision@1: 24.500% (9659/39424)
Loss: 2.139 | Precision@1: 24.525% (9700/39552)
Loss: 2.138 | Precision@1: 24.577% (9752/39680)
Loss: 2.136 | Precision@1: 24.623% (9802/39808)
Loss: 2.135 | Precision@1: 24.659% (9848/39936)
Loss: 2.134 | Precision@1: 24.698% (9895/40064)
Loss: 2.133 | Precision@1: 24.729% (9939/40192)
Loss: 2.132 | Precision@1: 24.735% (9973/40320)
Loss: 2.131 | Precision@1: 24.758% (10014/40448)
Loss: 2.129 | Precision@1: 24.791% (10059/40576)
Loss: 2.128 | Precision@1: 24.806% (10097/40704)
Loss: 2.127 | Precision@1: 24.829% (10138/40832)
Loss: 2.126 | Precision@1: 24.861% (10183/40960)
Loss: 2.125 | Precision@1: 24.893% (10228/41088)
Loss: 2.124 | Precision@1: 24.927% (10274/41216)
Loss: 2.123 | Precision@1: 24.952% (10316/41344)
Loss: 2.122 | Precision@1: 24.978% (10359/41472)
Loss: 2.121 | Precision@1: 25.012% (10405/41600)
Loss: 2.119 | Precision@1: 25.050% (10453/41728)
Loss: 2.118 | Precision@1: 25.086% (10500/41856)
Loss: 2.118 | Precision@1: 25.107% (10541/41984)
Loss: 2.116 | Precision@1: 25.142% (10588/42112)
Loss: 2.115 | Precision@1: 25.144% (10621/42240)
Loss: 2.114 | Precision@1: 25.182% (10669/42368)
Loss: 2.113 | Precision@1: 25.228% (10721/42496)
Loss: 2.112 | Precision@1: 25.251% (10763/42624)
Loss: 2.111 | Precision@1: 25.290% (10812/42752)
Loss: 2.110 | Precision@1: 25.312% (10854/42880)
Loss: 2.109 | Precision@1: 25.335% (10896/43008)
Loss: 2.108 | Precision@1: 25.373% (10945/43136)
Loss: 2.107 | Precision@1: 25.404% (10991/43264)
Loss: 2.106 | Precision@1: 25.429% (11034/43392)
Loss: 2.104 | Precision@1: 25.473% (11086/43520)
Loss: 2.103 | Precision@1: 25.486% (11124/43648)
Loss: 2.102 | Precision@1: 25.512% (11168/43776)
Loss: 2.101 | Precision@1: 25.540% (11213/43904)
Loss: 2.100 | Precision@1: 25.581% (11264/44032)
Loss: 2.099 | Precision@1: 25.611% (11310/44160)
Loss: 2.098 | Precision@1: 25.664% (11366/44288)
Loss: 2.097 | Precision@1: 25.678% (11405/44416)
Loss: 2.096 | Precision@1: 25.691% (11444/44544)
Loss: 2.094 | Precision@1: 25.730% (11494/44672)
Loss: 2.093 | Precision@1: 25.766% (11543/44800)
Loss: 2.092 | Precision@1: 25.797% (11590/44928)
Loss: 2.091 | Precision@1: 25.821% (11634/45056)
Loss: 2.090 | Precision@1: 25.850% (11680/45184)
Loss: 2.089 | Precision@1: 25.881% (11727/45312)
Loss: 2.088 | Precision@1: 25.900% (11769/45440)
Loss: 2.087 | Precision@1: 25.926% (11814/45568)
Loss: 2.086 | Precision@1: 25.961% (11863/45696)
Loss: 2.085 | Precision@1: 25.984% (11907/45824)
Loss: 2.084 | Precision@1: 26.008% (11951/45952)
Loss: 2.083 | Precision@1: 26.039% (11999/46080)
Loss: 2.082 | Precision@1: 26.095% (12058/46208)
Loss: 2.080 | Precision@1: 26.146% (12115/46336)
Loss: 2.079 | Precision@1: 26.186% (12167/46464)
Loss: 2.078 | Precision@1: 26.206% (12210/46592)
Loss: 2.077 | Precision@1: 26.224% (12252/46720)
Loss: 2.075 | Precision@1: 26.272% (12308/46848)
Loss: 2.074 | Precision@1: 26.305% (12357/46976)
Loss: 2.073 | Precision@1: 26.331% (12403/47104)
Loss: 2.072 | Precision@1: 26.366% (12453/47232)
Loss: 2.071 | Precision@1: 26.398% (12502/47360)
Loss: 2.070 | Precision@1: 26.430% (12551/47488)
Loss: 2.069 | Precision@1: 26.457% (12598/47616)
Loss: 2.068 | Precision@1: 26.470% (12638/47744)
Loss: 2.066 | Precision@1: 26.510% (12691/47872)
Loss: 2.065 | Precision@1: 26.529% (12734/48000)
Loss: 2.064 | Precision@1: 26.567% (12786/48128)
Loss: 2.064 | Precision@1: 26.585% (12829/48256)
Loss: 2.063 | Precision@1: 26.604% (12872/48384)
Loss: 2.061 | Precision@1: 26.639% (12923/48512)
Loss: 2.061 | Precision@1: 26.655% (12965/48640)
Loss: 2.060 | Precision@1: 26.681% (13012/48768)
Loss: 2.059 | Precision@1: 26.716% (13063/48896)
Loss: 2.058 | Precision@1: 26.734% (13106/49024)
Loss: 2.057 | Precision@1: 26.774% (13160/49152)
Loss: 2.055 | Precision@1: 26.810% (13212/49280)
Loss: 2.055 | Precision@1: 26.826% (13254/49408)
Loss: 2.053 | Precision@1: 26.851% (13301/49536)
Loss: 2.052 | Precision@1: 26.895% (13357/49664)
Loss: 2.051 | Precision@1: 26.918% (13403/49792)
Loss: 2.050 | Precision@1: 26.945% (13451/49920)
Loss: 2.049 | Precision@1: 26.954% (13477/50000)

Aggregates: 			
 	 DataLoader Time: 0.9337 			
 	 Mini-batch Time: 20.5413 			
 	 Training Epoch Time: 49.8404
 			
 Averages: 			
 	 Training Loss: 2.0491

 Test set Averages: Loss: 1.636 | Precision@1: 39.640% (3964/10000)

Epoch: 1
Loss: 1.537 | Precision@1: 46.094% (59/128)
Loss: 1.613 | Precision@1: 41.797% (107/256)
Loss: 1.581 | Precision@1: 40.885% (157/384)
Loss: 1.606 | Precision@1: 41.016% (210/512)
Loss: 1.600 | Precision@1: 40.781% (261/640)
Loss: 1.600 | Precision@1: 40.755% (313/768)
Loss: 1.605 | Precision@1: 40.737% (365/896)
Loss: 1.620 | Precision@1: 40.332% (413/1024)
Loss: 1.611 | Precision@1: 40.538% (467/1152)
Loss: 1.616 | Precision@1: 40.391% (517/1280)
Loss: 1.613 | Precision@1: 40.625% (572/1408)
Loss: 1.621 | Precision@1: 40.104% (616/1536)
Loss: 1.626 | Precision@1: 39.904% (664/1664)
Loss: 1.635 | Precision@1: 39.676% (711/1792)
Loss: 1.638 | Precision@1: 39.219% (753/1920)
Loss: 1.644 | Precision@1: 38.867% (796/2048)
Loss: 1.645 | Precision@1: 38.879% (846/2176)
Loss: 1.645 | Precision@1: 38.759% (893/2304)
Loss: 1.652 | Precision@1: 38.487% (936/2432)
Loss: 1.649 | Precision@1: 38.984% (998/2560)
Loss: 1.651 | Precision@1: 39.025% (1049/2688)
Loss: 1.648 | Precision@1: 39.169% (1103/2816)
Loss: 1.650 | Precision@1: 38.995% (1148/2944)
Loss: 1.654 | Precision@1: 38.770% (1191/3072)
Loss: 1.656 | Precision@1: 38.719% (1239/3200)
Loss: 1.663 | Precision@1: 38.401% (1278/3328)
Loss: 1.664 | Precision@1: 38.281% (1323/3456)
Loss: 1.664 | Precision@1: 38.142% (1367/3584)
Loss: 1.660 | Precision@1: 38.416% (1426/3712)
Loss: 1.661 | Precision@1: 38.438% (1476/3840)
Loss: 1.656 | Precision@1: 38.785% (1539/3968)
Loss: 1.655 | Precision@1: 38.550% (1579/4096)
Loss: 1.656 | Precision@1: 38.660% (1633/4224)
Loss: 1.664 | Precision@1: 38.511% (1676/4352)
Loss: 1.667 | Precision@1: 38.460% (1723/4480)
Loss: 1.662 | Precision@1: 38.563% (1777/4608)
Loss: 1.662 | Precision@1: 38.387% (1818/4736)
Loss: 1.661 | Precision@1: 38.466% (1871/4864)
Loss: 1.661 | Precision@1: 38.562% (1925/4992)
Loss: 1.662 | Precision@1: 38.496% (1971/5120)
Loss: 1.660 | Precision@1: 38.624% (2027/5248)
Loss: 1.660 | Precision@1: 38.616% (2076/5376)
Loss: 1.659 | Precision@1: 38.645% (2127/5504)
Loss: 1.656 | Precision@1: 38.707% (2180/5632)
Loss: 1.659 | Precision@1: 38.611% (2224/5760)
Loss: 1.659 | Precision@1: 38.689% (2278/5888)
Loss: 1.658 | Precision@1: 38.713% (2329/6016)
Loss: 1.658 | Precision@1: 38.818% (2385/6144)
Loss: 1.657 | Precision@1: 38.823% (2435/6272)
Loss: 1.656 | Precision@1: 38.859% (2487/6400)
Loss: 1.655 | Precision@1: 38.802% (2533/6528)
Loss: 1.656 | Precision@1: 38.702% (2576/6656)
Loss: 1.657 | Precision@1: 38.694% (2625/6784)
Loss: 1.659 | Precision@1: 38.614% (2669/6912)
Loss: 1.659 | Precision@1: 38.580% (2716/7040)
Loss: 1.656 | Precision@1: 38.630% (2769/7168)
Loss: 1.654 | Precision@1: 38.788% (2830/7296)
Loss: 1.654 | Precision@1: 38.766% (2878/7424)
Loss: 1.654 | Precision@1: 38.639% (2918/7552)
Loss: 1.653 | Precision@1: 38.620% (2966/7680)
Loss: 1.653 | Precision@1: 38.601% (3014/7808)
Loss: 1.655 | Precision@1: 38.584% (3062/7936)
Loss: 1.656 | Precision@1: 38.480% (3103/8064)
Loss: 1.655 | Precision@1: 38.440% (3149/8192)
Loss: 1.653 | Precision@1: 38.450% (3199/8320)
Loss: 1.651 | Precision@1: 38.518% (3254/8448)
Loss: 1.651 | Precision@1: 38.514% (3303/8576)
Loss: 1.650 | Precision@1: 38.477% (3349/8704)
Loss: 1.649 | Precision@1: 38.508% (3401/8832)
Loss: 1.649 | Precision@1: 38.560% (3455/8960)
Loss: 1.647 | Precision@1: 38.688% (3516/9088)
Loss: 1.645 | Precision@1: 38.748% (3571/9216)
Loss: 1.645 | Precision@1: 38.731% (3619/9344)
Loss: 1.645 | Precision@1: 38.725% (3668/9472)
Loss: 1.645 | Precision@1: 38.750% (3720/9600)
Loss: 1.643 | Precision@1: 38.795% (3774/9728)
Loss: 1.643 | Precision@1: 38.809% (3825/9856)
Loss: 1.641 | Precision@1: 38.932% (3887/9984)
Loss: 1.641 | Precision@1: 38.954% (3939/10112)
Loss: 1.640 | Precision@1: 38.906% (3984/10240)
Loss: 1.640 | Precision@1: 38.879% (4031/10368)
Loss: 1.638 | Precision@1: 38.929% (4086/10496)
Loss: 1.640 | Precision@1: 38.902% (4133/10624)
Loss: 1.640 | Precision@1: 38.951% (4188/10752)
Loss: 1.638 | Precision@1: 38.989% (4242/10880)
Loss: 1.638 | Precision@1: 38.990% (4292/11008)
Loss: 1.636 | Precision@1: 39.062% (4350/11136)
Loss: 1.637 | Precision@1: 39.062% (4400/11264)
Loss: 1.636 | Precision@1: 39.080% (4452/11392)
Loss: 1.637 | Precision@1: 39.071% (4501/11520)
Loss: 1.636 | Precision@1: 39.045% (4548/11648)
Loss: 1.638 | Precision@1: 38.961% (4588/11776)
Loss: 1.637 | Precision@1: 39.004% (4643/11904)
Loss: 1.637 | Precision@1: 39.004% (4693/12032)
Loss: 1.638 | Precision@1: 39.038% (4747/12160)
Loss: 1.639 | Precision@1: 39.006% (4793/12288)
Loss: 1.639 | Precision@1: 39.022% (4845/12416)
Loss: 1.639 | Precision@1: 39.070% (4901/12544)
Loss: 1.638 | Precision@1: 39.055% (4949/12672)
Loss: 1.637 | Precision@1: 39.102% (5005/12800)
Loss: 1.639 | Precision@1: 39.047% (5048/12928)
Loss: 1.638 | Precision@1: 39.040% (5097/13056)
Loss: 1.637 | Precision@1: 39.078% (5152/13184)
Loss: 1.637 | Precision@1: 39.025% (5195/13312)
Loss: 1.636 | Precision@1: 39.048% (5248/13440)
Loss: 1.637 | Precision@1: 39.011% (5293/13568)
Loss: 1.638 | Precision@1: 38.938% (5333/13696)
Loss: 1.638 | Precision@1: 38.940% (5383/13824)
Loss: 1.638 | Precision@1: 38.941% (5433/13952)
Loss: 1.637 | Precision@1: 38.977% (5488/14080)
Loss: 1.637 | Precision@1: 38.936% (5532/14208)
Loss: 1.637 | Precision@1: 39.000% (5591/14336)
Loss: 1.637 | Precision@1: 38.986% (5639/14464)
Loss: 1.636 | Precision@1: 39.015% (5693/14592)
Loss: 1.636 | Precision@1: 38.988% (5739/14720)
Loss: 1.637 | Precision@1: 38.941% (5782/14848)
Loss: 1.637 | Precision@1: 38.976% (5837/14976)
Loss: 1.637 | Precision@1: 38.976% (5887/15104)
Loss: 1.637 | Precision@1: 38.997% (5940/15232)
Loss: 1.637 | Precision@1: 39.017% (5993/15360)
Loss: 1.636 | Precision@1: 39.017% (6043/15488)
Loss: 1.637 | Precision@1: 39.075% (6102/15616)
Loss: 1.637 | Precision@1: 39.075% (6152/15744)
Loss: 1.636 | Precision@1: 39.100% (6206/15872)
Loss: 1.635 | Precision@1: 39.106% (6257/16000)
Loss: 1.635 | Precision@1: 39.081% (6303/16128)
Loss: 1.635 | Precision@1: 39.081% (6353/16256)
Loss: 1.634 | Precision@1: 39.099% (6406/16384)
Loss: 1.633 | Precision@1: 39.159% (6466/16512)
Loss: 1.632 | Precision@1: 39.189% (6521/16640)
Loss: 1.633 | Precision@1: 39.128% (6561/16768)
Loss: 1.632 | Precision@1: 39.139% (6613/16896)
Loss: 1.631 | Precision@1: 39.174% (6669/17024)
Loss: 1.631 | Precision@1: 39.232% (6729/17152)
Loss: 1.631 | Precision@1: 39.219% (6777/17280)
Loss: 1.630 | Precision@1: 39.264% (6835/17408)
Loss: 1.629 | Precision@1: 39.285% (6889/17536)
Loss: 1.629 | Precision@1: 39.283% (6939/17664)
Loss: 1.629 | Precision@1: 39.321% (6996/17792)
Loss: 1.628 | Precision@1: 39.342% (7050/17920)
Loss: 1.627 | Precision@1: 39.389% (7109/18048)
Loss: 1.627 | Precision@1: 39.398% (7161/18176)
Loss: 1.627 | Precision@1: 39.396% (7211/18304)
Loss: 1.627 | Precision@1: 39.366% (7256/18432)
Loss: 1.626 | Precision@1: 39.445% (7321/18560)
Loss: 1.625 | Precision@1: 39.480% (7378/18688)
Loss: 1.625 | Precision@1: 39.466% (7426/18816)
Loss: 1.625 | Precision@1: 39.485% (7480/18944)
Loss: 1.624 | Precision@1: 39.503% (7534/19072)
Loss: 1.623 | Precision@1: 39.500% (7584/19200)
Loss: 1.623 | Precision@1: 39.533% (7641/19328)
Loss: 1.622 | Precision@1: 39.592% (7703/19456)
Loss: 1.622 | Precision@1: 39.594% (7754/19584)
Loss: 1.622 | Precision@1: 39.600% (7806/19712)
Loss: 1.621 | Precision@1: 39.617% (7860/19840)
Loss: 1.620 | Precision@1: 39.628% (7913/19968)
Loss: 1.620 | Precision@1: 39.650% (7968/20096)
Loss: 1.619 | Precision@1: 39.671% (8023/20224)
Loss: 1.618 | Precision@1: 39.657% (8071/20352)
Loss: 1.619 | Precision@1: 39.678% (8126/20480)
Loss: 1.619 | Precision@1: 39.698% (8181/20608)
Loss: 1.618 | Precision@1: 39.752% (8243/20736)
Loss: 1.617 | Precision@1: 39.781% (8300/20864)
Loss: 1.616 | Precision@1: 39.806% (8356/20992)
Loss: 1.617 | Precision@1: 39.811% (8408/21120)
Loss: 1.615 | Precision@1: 39.872% (8472/21248)
Loss: 1.615 | Precision@1: 39.862% (8521/21376)
Loss: 1.615 | Precision@1: 39.858% (8571/21504)
Loss: 1.614 | Precision@1: 39.876% (8626/21632)
Loss: 1.614 | Precision@1: 39.867% (8675/21760)
Loss: 1.614 | Precision@1: 39.848% (8722/21888)
Loss: 1.614 | Precision@1: 39.853% (8774/22016)
Loss: 1.614 | Precision@1: 39.902% (8836/22144)
Loss: 1.614 | Precision@1: 39.925% (8892/22272)
Loss: 1.614 | Precision@1: 39.924% (8943/22400)
Loss: 1.614 | Precision@1: 39.893% (8987/22528)
Loss: 1.613 | Precision@1: 39.910% (9042/22656)
Loss: 1.613 | Precision@1: 39.980% (9109/22784)
Loss: 1.612 | Precision@1: 40.005% (9166/22912)
Loss: 1.611 | Precision@1: 40.022% (9221/23040)
Loss: 1.611 | Precision@1: 40.012% (9270/23168)
Loss: 1.611 | Precision@1: 40.015% (9322/23296)
Loss: 1.610 | Precision@1: 40.019% (9374/23424)
Loss: 1.609 | Precision@1: 40.056% (9434/23552)
Loss: 1.610 | Precision@1: 40.030% (9479/23680)
Loss: 1.609 | Precision@1: 40.066% (9539/23808)
Loss: 1.608 | Precision@1: 40.119% (9603/23936)
Loss: 1.608 | Precision@1: 40.160% (9664/24064)
Loss: 1.607 | Precision@1: 40.220% (9730/24192)
Loss: 1.606 | Precision@1: 40.226% (9783/24320)
Loss: 1.605 | Precision@1: 40.257% (9842/24448)
Loss: 1.605 | Precision@1: 40.243% (9890/24576)
Loss: 1.605 | Precision@1: 40.253% (9944/24704)
Loss: 1.605 | Precision@1: 40.259% (9997/24832)
Loss: 1.604 | Precision@1: 40.280% (10054/24960)
Loss: 1.603 | Precision@1: 40.318% (10115/25088)
Loss: 1.602 | Precision@1: 40.339% (10172/25216)
Loss: 1.601 | Precision@1: 40.349% (10226/25344)
Loss: 1.601 | Precision@1: 40.382% (10286/25472)
Loss: 1.601 | Precision@1: 40.340% (10327/25600)
Loss: 1.601 | Precision@1: 40.357% (10383/25728)
Loss: 1.600 | Precision@1: 40.374% (10439/25856)
Loss: 1.600 | Precision@1: 40.421% (10503/25984)
Loss: 1.599 | Precision@1: 40.464% (10566/26112)
Loss: 1.598 | Precision@1: 40.507% (10629/26240)
Loss: 1.598 | Precision@1: 40.526% (10686/26368)
Loss: 1.597 | Precision@1: 40.553% (10745/26496)
Loss: 1.596 | Precision@1: 40.584% (10805/26624)
Loss: 1.596 | Precision@1: 40.599% (10861/26752)
Loss: 1.595 | Precision@1: 40.651% (10927/26880)
Loss: 1.596 | Precision@1: 40.644% (10977/27008)
Loss: 1.595 | Precision@1: 40.666% (11035/27136)
Loss: 1.595 | Precision@1: 40.665% (11087/27264)
Loss: 1.595 | Precision@1: 40.702% (11149/27392)
Loss: 1.595 | Precision@1: 40.694% (11199/27520)
Loss: 1.594 | Precision@1: 40.741% (11264/27648)
Loss: 1.594 | Precision@1: 40.769% (11324/27776)
Loss: 1.593 | Precision@1: 40.808% (11387/27904)
Loss: 1.592 | Precision@1: 40.875% (11458/28032)
Loss: 1.591 | Precision@1: 40.888% (11514/28160)
Loss: 1.590 | Precision@1: 40.940% (11581/28288)
Loss: 1.591 | Precision@1: 40.910% (11625/28416)
Loss: 1.590 | Precision@1: 40.933% (11684/28544)
Loss: 1.590 | Precision@1: 40.949% (11741/28672)
Loss: 1.590 | Precision@1: 40.955% (11795/28800)
Loss: 1.590 | Precision@1: 40.991% (11858/28928)
Loss: 1.590 | Precision@1: 41.004% (11914/29056)
Loss: 1.589 | Precision@1: 41.022% (11972/29184)
Loss: 1.589 | Precision@1: 41.017% (12023/29312)
Loss: 1.589 | Precision@1: 41.039% (12082/29440)
Loss: 1.589 | Precision@1: 41.071% (12144/29568)
Loss: 1.589 | Precision@1: 41.066% (12195/29696)
Loss: 1.589 | Precision@1: 41.064% (12247/29824)
Loss: 1.588 | Precision@1: 41.086% (12306/29952)
Loss: 1.589 | Precision@1: 41.084% (12358/30080)
Loss: 1.588 | Precision@1: 41.118% (12421/30208)
Loss: 1.588 | Precision@1: 41.139% (12480/30336)
Loss: 1.588 | Precision@1: 41.140% (12533/30464)
Loss: 1.588 | Precision@1: 41.155% (12590/30592)
Loss: 1.588 | Precision@1: 41.136% (12637/30720)
Loss: 1.587 | Precision@1: 41.124% (12686/30848)
Loss: 1.587 | Precision@1: 41.122% (12738/30976)
Loss: 1.587 | Precision@1: 41.139% (12796/31104)
Loss: 1.587 | Precision@1: 41.153% (12853/31232)
Loss: 1.588 | Precision@1: 41.151% (12905/31360)
Loss: 1.587 | Precision@1: 41.159% (12960/31488)
Loss: 1.587 | Precision@1: 41.179% (13019/31616)
Loss: 1.587 | Precision@1: 41.189% (13075/31744)
Loss: 1.587 | Precision@1: 41.205% (13133/31872)
Loss: 1.586 | Precision@1: 41.194% (13182/32000)
Loss: 1.586 | Precision@1: 41.204% (13238/32128)
Loss: 1.585 | Precision@1: 41.220% (13296/32256)
Loss: 1.585 | Precision@1: 41.209% (13345/32384)
Loss: 1.585 | Precision@1: 41.209% (13398/32512)
Loss: 1.585 | Precision@1: 41.219% (13454/32640)
Loss: 1.585 | Precision@1: 41.226% (13509/32768)
Loss: 1.585 | Precision@1: 41.227% (13562/32896)
Loss: 1.586 | Precision@1: 41.203% (13607/33024)
Loss: 1.585 | Precision@1: 41.213% (13663/33152)
Loss: 1.585 | Precision@1: 41.211% (13715/33280)
Loss: 1.585 | Precision@1: 41.221% (13771/33408)
Loss: 1.585 | Precision@1: 41.245% (13832/33536)
Loss: 1.585 | Precision@1: 41.258% (13889/33664)
Loss: 1.585 | Precision@1: 41.252% (13940/33792)
Loss: 1.585 | Precision@1: 41.256% (13994/33920)
Loss: 1.584 | Precision@1: 41.301% (14062/34048)
Loss: 1.584 | Precision@1: 41.298% (14114/34176)
Loss: 1.584 | Precision@1: 41.272% (14158/34304)
Loss: 1.584 | Precision@1: 41.241% (14200/34432)
Loss: 1.583 | Precision@1: 41.256% (14258/34560)
Loss: 1.582 | Precision@1: 41.302% (14327/34688)
Loss: 1.582 | Precision@1: 41.291% (14376/34816)
Loss: 1.582 | Precision@1: 41.298% (14431/34944)
Loss: 1.582 | Precision@1: 41.304% (14486/35072)
Loss: 1.582 | Precision@1: 41.284% (14532/35200)
Loss: 1.582 | Precision@1: 41.316% (14596/35328)
Loss: 1.582 | Precision@1: 41.291% (14640/35456)
Loss: 1.581 | Precision@1: 41.314% (14701/35584)
Loss: 1.580 | Precision@1: 41.322% (14757/35712)
Loss: 1.580 | Precision@1: 41.336% (14815/35840)
Loss: 1.580 | Precision@1: 41.353% (14874/35968)
Loss: 1.580 | Precision@1: 41.340% (14922/36096)
Loss: 1.580 | Precision@1: 41.354% (14980/36224)
Loss: 1.580 | Precision@1: 41.329% (15024/36352)
Loss: 1.580 | Precision@1: 41.340% (15081/36480)
Loss: 1.579 | Precision@1: 41.352% (15138/36608)
Loss: 1.579 | Precision@1: 41.357% (15193/36736)
Loss: 1.579 | Precision@1: 41.360% (15247/36864)
Loss: 1.578 | Precision@1: 41.393% (15312/36992)
Loss: 1.578 | Precision@1: 41.393% (15365/37120)
Loss: 1.578 | Precision@1: 41.409% (15424/37248)
Loss: 1.577 | Precision@1: 41.428% (15484/37376)
Loss: 1.577 | Precision@1: 41.444% (15543/37504)
Loss: 1.577 | Precision@1: 41.435% (15593/37632)
Loss: 1.577 | Precision@1: 41.449% (15651/37760)
Loss: 1.576 | Precision@1: 41.462% (15709/37888)
Loss: 1.576 | Precision@1: 41.469% (15765/38016)
Loss: 1.575 | Precision@1: 41.493% (15827/38144)
Loss: 1.574 | Precision@1: 41.534% (15896/38272)
Loss: 1.574 | Precision@1: 41.547% (15954/38400)
Loss: 1.574 | Precision@1: 41.541% (16005/38528)
Loss: 1.574 | Precision@1: 41.538% (16057/38656)
Loss: 1.573 | Precision@1: 41.569% (16122/38784)
Loss: 1.572 | Precision@1: 41.630% (16199/38912)
Loss: 1.571 | Precision@1: 41.673% (16269/39040)
Loss: 1.571 | Precision@1: 41.685% (16327/39168)
Loss: 1.572 | Precision@1: 41.684% (16380/39296)
Loss: 1.572 | Precision@1: 41.688% (16435/39424)
Loss: 1.571 | Precision@1: 41.715% (16499/39552)
Loss: 1.570 | Precision@1: 41.739% (16562/39680)
Loss: 1.570 | Precision@1: 41.778% (16631/39808)
Loss: 1.570 | Precision@1: 41.779% (16685/39936)
Loss: 1.570 | Precision@1: 41.806% (16749/40064)
Loss: 1.570 | Precision@1: 41.832% (16813/40192)
Loss: 1.569 | Precision@1: 41.830% (16866/40320)
Loss: 1.569 | Precision@1: 41.854% (16929/40448)
Loss: 1.569 | Precision@1: 41.862% (16986/40576)
Loss: 1.568 | Precision@1: 41.875% (17045/40704)
Loss: 1.568 | Precision@1: 41.891% (17105/40832)
Loss: 1.568 | Precision@1: 41.912% (17167/40960)
Loss: 1.567 | Precision@1: 41.939% (17232/41088)
Loss: 1.567 | Precision@1: 41.957% (17293/41216)
Loss: 1.567 | Precision@1: 41.972% (17353/41344)
Loss: 1.567 | Precision@1: 41.949% (17397/41472)
Loss: 1.567 | Precision@1: 41.952% (17452/41600)
Loss: 1.566 | Precision@1: 41.967% (17512/41728)
Loss: 1.567 | Precision@1: 41.992% (17576/41856)
Loss: 1.566 | Precision@1: 42.014% (17639/41984)
Loss: 1.566 | Precision@1: 42.007% (17690/42112)
Loss: 1.566 | Precision@1: 42.010% (17745/42240)
Loss: 1.566 | Precision@1: 42.022% (17804/42368)
Loss: 1.565 | Precision@1: 42.039% (17865/42496)
Loss: 1.565 | Precision@1: 42.051% (17924/42624)
Loss: 1.565 | Precision@1: 42.047% (17976/42752)
Loss: 1.565 | Precision@1: 42.038% (18026/42880)
Loss: 1.564 | Precision@1: 42.057% (18088/43008)
Loss: 1.564 | Precision@1: 42.083% (18153/43136)
Loss: 1.564 | Precision@1: 42.107% (18217/43264)
Loss: 1.564 | Precision@1: 42.114% (18274/43392)
Loss: 1.564 | Precision@1: 42.116% (18329/43520)
Loss: 1.564 | Precision@1: 42.121% (18385/43648)
Loss: 1.563 | Precision@1: 42.126% (18441/43776)
Loss: 1.563 | Precision@1: 42.140% (18501/43904)
Loss: 1.563 | Precision@1: 42.149% (18559/44032)
Loss: 1.562 | Precision@1: 42.185% (18629/44160)
Loss: 1.562 | Precision@1: 42.208% (18693/44288)
Loss: 1.561 | Precision@1: 42.221% (18753/44416)
Loss: 1.561 | Precision@1: 42.230% (18811/44544)
Loss: 1.561 | Precision@1: 42.241% (18870/44672)
Loss: 1.561 | Precision@1: 42.203% (18907/44800)
Loss: 1.561 | Precision@1: 42.228% (18972/44928)
Loss: 1.561 | Precision@1: 42.252% (19037/45056)
Loss: 1.561 | Precision@1: 42.249% (19090/45184)
Loss: 1.561 | Precision@1: 42.267% (19152/45312)
Loss: 1.560 | Precision@1: 42.282% (19213/45440)
Loss: 1.560 | Precision@1: 42.282% (19267/45568)
Loss: 1.560 | Precision@1: 42.284% (19322/45696)
Loss: 1.561 | Precision@1: 42.297% (19382/45824)
Loss: 1.560 | Precision@1: 42.314% (19444/45952)
Loss: 1.560 | Precision@1: 42.305% (19494/46080)
Loss: 1.560 | Precision@1: 42.309% (19550/46208)
Loss: 1.559 | Precision@1: 42.302% (19601/46336)
Loss: 1.559 | Precision@1: 42.310% (19659/46464)
Loss: 1.559 | Precision@1: 42.327% (19721/46592)
Loss: 1.559 | Precision@1: 42.318% (19771/46720)
Loss: 1.558 | Precision@1: 42.345% (19838/46848)
Loss: 1.558 | Precision@1: 42.343% (19891/46976)
Loss: 1.558 | Precision@1: 42.345% (19946/47104)
Loss: 1.558 | Precision@1: 42.344% (20000/47232)
Loss: 1.557 | Precision@1: 42.373% (20068/47360)
Loss: 1.557 | Precision@1: 42.394% (20132/47488)
Loss: 1.557 | Precision@1: 42.406% (20192/47616)
Loss: 1.557 | Precision@1: 42.405% (20246/47744)
Loss: 1.557 | Precision@1: 42.403% (20299/47872)
Loss: 1.556 | Precision@1: 42.415% (20359/48000)
Loss: 1.555 | Precision@1: 42.447% (20429/48128)
Loss: 1.555 | Precision@1: 42.457% (20488/48256)
Loss: 1.555 | Precision@1: 42.467% (20547/48384)
Loss: 1.555 | Precision@1: 42.472% (20604/48512)
Loss: 1.555 | Precision@1: 42.484% (20664/48640)
Loss: 1.554 | Precision@1: 42.499% (20726/48768)
Loss: 1.554 | Precision@1: 42.515% (20788/48896)
Loss: 1.553 | Precision@1: 42.538% (20854/49024)
Loss: 1.554 | Precision@1: 42.533% (20906/49152)
Loss: 1.553 | Precision@1: 42.547% (20967/49280)
Loss: 1.553 | Precision@1: 42.560% (21028/49408)
Loss: 1.553 | Precision@1: 42.587% (21096/49536)
Loss: 1.552 | Precision@1: 42.602% (21158/49664)
Loss: 1.552 | Precision@1: 42.625% (21224/49792)
Loss: 1.552 | Precision@1: 42.626% (21279/49920)
Loss: 1.552 | Precision@1: 42.620% (21310/50000)

Aggregates: 			
 	 DataLoader Time: 0.9677 			
 	 Mini-batch Time: 20.2461 			
 	 Training Epoch Time: 50.4473
 			
 Averages: 			
 	 Training Loss: 1.5521

 Test set Averages: Loss: 1.488 | Precision@1: 44.420% (4442/10000)

Epoch: 2
Loss: 1.397 | Precision@1: 49.219% (63/128)
Loss: 1.489 | Precision@1: 46.484% (119/256)
Loss: 1.523 | Precision@1: 45.833% (176/384)
Loss: 1.508 | Precision@1: 46.680% (239/512)
Loss: 1.535 | Precision@1: 45.000% (288/640)
Loss: 1.531 | Precision@1: 44.661% (343/768)
Loss: 1.513 | Precision@1: 44.866% (402/896)
Loss: 1.500 | Precision@1: 45.410% (465/1024)
Loss: 1.497 | Precision@1: 45.920% (529/1152)
Loss: 1.484 | Precision@1: 46.328% (593/1280)
Loss: 1.485 | Precision@1: 46.236% (651/1408)
Loss: 1.485 | Precision@1: 45.898% (705/1536)
Loss: 1.485 | Precision@1: 46.334% (771/1664)
Loss: 1.471 | Precision@1: 46.708% (837/1792)
Loss: 1.467 | Precision@1: 46.927% (901/1920)
Loss: 1.457 | Precision@1: 46.875% (960/2048)
Loss: 1.457 | Precision@1: 46.691% (1016/2176)
Loss: 1.456 | Precision@1: 46.745% (1077/2304)
Loss: 1.457 | Precision@1: 46.834% (1139/2432)
Loss: 1.451 | Precision@1: 46.797% (1198/2560)
Loss: 1.453 | Precision@1: 46.912% (1261/2688)
Loss: 1.451 | Precision@1: 46.946% (1322/2816)
Loss: 1.449 | Precision@1: 46.909% (1381/2944)
Loss: 1.446 | Precision@1: 47.070% (1446/3072)
Loss: 1.450 | Precision@1: 46.969% (1503/3200)
Loss: 1.452 | Precision@1: 47.085% (1567/3328)
Loss: 1.452 | Precision@1: 47.309% (1635/3456)
Loss: 1.452 | Precision@1: 47.266% (1694/3584)
Loss: 1.455 | Precision@1: 47.064% (1747/3712)
Loss: 1.455 | Precision@1: 46.927% (1802/3840)
Loss: 1.458 | Precision@1: 46.774% (1856/3968)
Loss: 1.458 | Precision@1: 46.826% (1918/4096)
Loss: 1.458 | Precision@1: 46.899% (1981/4224)
Loss: 1.456 | Precision@1: 46.921% (2042/4352)
Loss: 1.454 | Precision@1: 47.098% (2110/4480)
Loss: 1.456 | Precision@1: 47.005% (2166/4608)
Loss: 1.456 | Precision@1: 46.981% (2225/4736)
Loss: 1.455 | Precision@1: 47.163% (2294/4864)
Loss: 1.457 | Precision@1: 47.095% (2351/4992)
Loss: 1.457 | Precision@1: 46.914% (2402/5120)
Loss: 1.454 | Precision@1: 47.066% (2470/5248)
Loss: 1.454 | Precision@1: 47.135% (2534/5376)
Loss: 1.453 | Precision@1: 47.111% (2593/5504)
Loss: 1.453 | Precision@1: 46.982% (2646/5632)
Loss: 1.451 | Precision@1: 46.979% (2706/5760)
Loss: 1.453 | Precision@1: 46.858% (2759/5888)
Loss: 1.451 | Precision@1: 46.991% (2827/6016)
Loss: 1.454 | Precision@1: 46.908% (2882/6144)
Loss: 1.457 | Precision@1: 46.811% (2936/6272)
Loss: 1.461 | Precision@1: 46.703% (2989/6400)
Loss: 1.463 | Precision@1: 46.691% (3048/6528)
Loss: 1.462 | Precision@1: 46.650% (3105/6656)
Loss: 1.459 | Precision@1: 46.772% (3173/6784)
Loss: 1.457 | Precision@1: 46.947% (3245/6912)
Loss: 1.457 | Precision@1: 46.974% (3307/7040)
Loss: 1.457 | Precision@1: 47.015% (3370/7168)
Loss: 1.458 | Precision@1: 47.081% (3435/7296)
Loss: 1.456 | Precision@1: 47.117% (3498/7424)
Loss: 1.454 | Precision@1: 47.100% (3557/7552)
Loss: 1.452 | Precision@1: 47.109% (3618/7680)
Loss: 1.450 | Precision@1: 47.131% (3680/7808)
Loss: 1.448 | Precision@1: 47.165% (3743/7936)
Loss: 1.445 | Precision@1: 47.346% (3818/8064)
Loss: 1.442 | Precision@1: 47.412% (3884/8192)
Loss: 1.441 | Precision@1: 47.368% (3941/8320)
Loss: 1.441 | Precision@1: 47.396% (4004/8448)
Loss: 1.442 | Precision@1: 47.318% (4058/8576)
Loss: 1.444 | Precision@1: 47.220% (4110/8704)
Loss: 1.444 | Precision@1: 47.203% (4169/8832)
Loss: 1.446 | Precision@1: 47.109% (4221/8960)
Loss: 1.443 | Precision@1: 47.249% (4294/9088)
Loss: 1.445 | Precision@1: 47.233% (4353/9216)
Loss: 1.445 | Precision@1: 47.217% (4412/9344)
Loss: 1.444 | Precision@1: 47.287% (4479/9472)
Loss: 1.443 | Precision@1: 47.281% (4539/9600)
Loss: 1.444 | Precision@1: 47.255% (4597/9728)
Loss: 1.442 | Precision@1: 47.281% (4660/9856)
Loss: 1.443 | Precision@1: 47.256% (4718/9984)
Loss: 1.443 | Precision@1: 47.221% (4775/10112)
Loss: 1.446 | Precision@1: 47.002% (4813/10240)
Loss: 1.446 | Precision@1: 46.971% (4870/10368)
Loss: 1.447 | Precision@1: 46.904% (4923/10496)
Loss: 1.446 | Precision@1: 46.969% (4990/10624)
Loss: 1.445 | Precision@1: 46.931% (5046/10752)
Loss: 1.442 | Precision@1: 47.059% (5120/10880)
Loss: 1.440 | Precision@1: 47.166% (5192/11008)
Loss: 1.441 | Precision@1: 47.082% (5243/11136)
Loss: 1.441 | Precision@1: 47.106% (5306/11264)
Loss: 1.440 | Precision@1: 47.112% (5367/11392)
Loss: 1.439 | Precision@1: 47.083% (5424/11520)
Loss: 1.438 | Precision@1: 47.072% (5483/11648)
Loss: 1.438 | Precision@1: 47.096% (5546/11776)
Loss: 1.436 | Precision@1: 47.186% (5617/11904)
Loss: 1.435 | Precision@1: 47.183% (5677/12032)
Loss: 1.435 | Precision@1: 47.212% (5741/12160)
Loss: 1.434 | Precision@1: 47.274% (5809/12288)
Loss: 1.432 | Precision@1: 47.342% (5878/12416)
Loss: 1.430 | Precision@1: 47.433% (5950/12544)
Loss: 1.428 | Precision@1: 47.522% (6022/12672)
Loss: 1.427 | Precision@1: 47.578% (6090/12800)
Loss: 1.427 | Precision@1: 47.625% (6157/12928)
Loss: 1.429 | Precision@1: 47.595% (6214/13056)
Loss: 1.429 | Precision@1: 47.558% (6270/13184)
Loss: 1.429 | Precision@1: 47.566% (6332/13312)
Loss: 1.429 | Precision@1: 47.545% (6390/13440)
Loss: 1.429 | Precision@1: 47.531% (6449/13568)
Loss: 1.428 | Precision@1: 47.576% (6516/13696)
Loss: 1.426 | Precision@1: 47.613% (6582/13824)
Loss: 1.425 | Precision@1: 47.678% (6652/13952)
Loss: 1.424 | Precision@1: 47.720% (6719/14080)
Loss: 1.423 | Precision@1: 47.720% (6780/14208)
Loss: 1.424 | Precision@1: 47.705% (6839/14336)
Loss: 1.424 | Precision@1: 47.691% (6898/14464)
Loss: 1.424 | Precision@1: 47.643% (6952/14592)
Loss: 1.422 | Precision@1: 47.724% (7025/14720)
Loss: 1.422 | Precision@1: 47.771% (7093/14848)
Loss: 1.421 | Precision@1: 47.783% (7156/14976)
Loss: 1.421 | Precision@1: 47.775% (7216/15104)
Loss: 1.420 | Precision@1: 47.761% (7275/15232)
Loss: 1.420 | Precision@1: 47.754% (7335/15360)
Loss: 1.420 | Precision@1: 47.747% (7395/15488)
Loss: 1.418 | Precision@1: 47.784% (7462/15616)
Loss: 1.419 | Precision@1: 47.758% (7519/15744)
Loss: 1.418 | Precision@1: 47.763% (7581/15872)
Loss: 1.418 | Precision@1: 47.719% (7635/16000)
Loss: 1.418 | Precision@1: 47.768% (7704/16128)
Loss: 1.418 | Precision@1: 47.755% (7763/16256)
Loss: 1.416 | Precision@1: 47.821% (7835/16384)
Loss: 1.416 | Precision@1: 47.820% (7896/16512)
Loss: 1.416 | Precision@1: 47.873% (7966/16640)
Loss: 1.416 | Precision@1: 47.859% (8025/16768)
Loss: 1.415 | Precision@1: 47.964% (8104/16896)
Loss: 1.415 | Precision@1: 47.962% (8165/17024)
Loss: 1.413 | Precision@1: 47.977% (8229/17152)
Loss: 1.414 | Precision@1: 47.986% (8292/17280)
Loss: 1.414 | Precision@1: 47.989% (8354/17408)
Loss: 1.412 | Precision@1: 48.033% (8423/17536)
Loss: 1.412 | Precision@1: 48.024% (8483/17664)
Loss: 1.412 | Precision@1: 48.022% (8544/17792)
Loss: 1.411 | Precision@1: 48.041% (8609/17920)
Loss: 1.411 | Precision@1: 48.072% (8676/18048)
Loss: 1.411 | Precision@1: 48.091% (8741/18176)
Loss: 1.412 | Precision@1: 48.110% (8806/18304)
Loss: 1.411 | Precision@1: 48.150% (8875/18432)
Loss: 1.412 | Precision@1: 48.125% (8932/18560)
Loss: 1.412 | Precision@1: 48.111% (8991/18688)
Loss: 1.412 | Precision@1: 48.103% (9051/18816)
Loss: 1.412 | Precision@1: 48.158% (9123/18944)
Loss: 1.412 | Precision@1: 48.149% (9183/19072)
Loss: 1.411 | Precision@1: 48.141% (9243/19200)
Loss: 1.411 | Precision@1: 48.158% (9308/19328)
Loss: 1.410 | Precision@1: 48.201% (9378/19456)
Loss: 1.411 | Precision@1: 48.177% (9435/19584)
Loss: 1.410 | Precision@1: 48.214% (9504/19712)
Loss: 1.410 | Precision@1: 48.191% (9561/19840)
Loss: 1.409 | Precision@1: 48.182% (9621/19968)
Loss: 1.409 | Precision@1: 48.164% (9679/20096)
Loss: 1.409 | Precision@1: 48.230% (9754/20224)
Loss: 1.409 | Precision@1: 48.270% (9824/20352)
Loss: 1.408 | Precision@1: 48.257% (9883/20480)
Loss: 1.409 | Precision@1: 48.248% (9943/20608)
Loss: 1.408 | Precision@1: 48.283% (10012/20736)
Loss: 1.407 | Precision@1: 48.299% (10077/20864)
Loss: 1.407 | Precision@1: 48.280% (10135/20992)
Loss: 1.408 | Precision@1: 48.281% (10197/21120)
Loss: 1.407 | Precision@1: 48.306% (10264/21248)
Loss: 1.406 | Precision@1: 48.344% (10334/21376)
Loss: 1.406 | Precision@1: 48.382% (10404/21504)
Loss: 1.405 | Precision@1: 48.424% (10475/21632)
Loss: 1.405 | Precision@1: 48.433% (10539/21760)
Loss: 1.405 | Precision@1: 48.479% (10611/21888)
Loss: 1.406 | Precision@1: 48.474% (10672/22016)
Loss: 1.406 | Precision@1: 48.469% (10733/22144)
Loss: 1.405 | Precision@1: 48.487% (10799/22272)
Loss: 1.405 | Precision@1: 48.509% (10866/22400)
Loss: 1.405 | Precision@1: 48.513% (10929/22528)
Loss: 1.405 | Precision@1: 48.473% (10982/22656)
Loss: 1.405 | Precision@1: 48.490% (11048/22784)
Loss: 1.405 | Precision@1: 48.477% (11107/22912)
Loss: 1.404 | Precision@1: 48.507% (11176/23040)
Loss: 1.404 | Precision@1: 48.524% (11242/23168)
Loss: 1.404 | Precision@1: 48.553% (11311/23296)
Loss: 1.403 | Precision@1: 48.570% (11377/23424)
Loss: 1.402 | Precision@1: 48.603% (11447/23552)
Loss: 1.402 | Precision@1: 48.619% (11513/23680)
Loss: 1.402 | Precision@1: 48.648% (11582/23808)
Loss: 1.401 | Precision@1: 48.688% (11654/23936)
Loss: 1.401 | Precision@1: 48.712% (11722/24064)
Loss: 1.400 | Precision@1: 48.748% (11793/24192)
Loss: 1.399 | Precision@1: 48.791% (11866/24320)
Loss: 1.399 | Precision@1: 48.810% (11933/24448)
Loss: 1.398 | Precision@1: 48.816% (11997/24576)
Loss: 1.398 | Precision@1: 48.834% (12064/24704)
Loss: 1.398 | Precision@1: 48.824% (12124/24832)
Loss: 1.398 | Precision@1: 48.850% (12193/24960)
Loss: 1.398 | Precision@1: 48.844% (12254/25088)
Loss: 1.398 | Precision@1: 48.866% (12322/25216)
Loss: 1.398 | Precision@1: 48.891% (12391/25344)
Loss: 1.398 | Precision@1: 48.909% (12458/25472)
Loss: 1.397 | Precision@1: 48.922% (12524/25600)
Loss: 1.397 | Precision@1: 48.935% (12590/25728)
Loss: 1.397 | Precision@1: 48.913% (12647/25856)
Loss: 1.398 | Precision@1: 48.899% (12706/25984)
Loss: 1.397 | Precision@1: 48.928% (12776/26112)
Loss: 1.396 | Precision@1: 48.963% (12848/26240)
Loss: 1.395 | Precision@1: 48.991% (12918/26368)
Loss: 1.395 | Precision@1: 49.000% (12983/26496)
Loss: 1.394 | Precision@1: 49.008% (13048/26624)
Loss: 1.394 | Precision@1: 49.043% (13120/26752)
Loss: 1.394 | Precision@1: 49.033% (13180/26880)
Loss: 1.393 | Precision@1: 49.056% (13249/27008)
Loss: 1.392 | Precision@1: 49.068% (13315/27136)
Loss: 1.391 | Precision@1: 49.101% (13387/27264)
Loss: 1.390 | Precision@1: 49.149% (13463/27392)
Loss: 1.390 | Precision@1: 49.157% (13528/27520)
Loss: 1.390 | Precision@1: 49.161% (13592/27648)
Loss: 1.390 | Precision@1: 49.150% (13652/27776)
Loss: 1.390 | Precision@1: 49.183% (13724/27904)
Loss: 1.390 | Precision@1: 49.201% (13792/28032)
Loss: 1.390 | Precision@1: 49.201% (13855/28160)
Loss: 1.390 | Precision@1: 49.190% (13915/28288)
Loss: 1.390 | Precision@1: 49.180% (13975/28416)
Loss: 1.390 | Precision@1: 49.163% (14033/28544)
Loss: 1.389 | Precision@1: 49.180% (14101/28672)
Loss: 1.389 | Precision@1: 49.222% (14176/28800)
Loss: 1.387 | Precision@1: 49.267% (14252/28928)
Loss: 1.387 | Precision@1: 49.277% (14318/29056)
Loss: 1.387 | Precision@1: 49.301% (14388/29184)
Loss: 1.386 | Precision@1: 49.314% (14455/29312)
Loss: 1.386 | Precision@1: 49.338% (14525/29440)
Loss: 1.386 | Precision@1: 49.347% (14591/29568)
Loss: 1.386 | Precision@1: 49.343% (14653/29696)
Loss: 1.385 | Precision@1: 49.336% (14714/29824)
Loss: 1.385 | Precision@1: 49.366% (14786/29952)
Loss: 1.385 | Precision@1: 49.398% (14859/30080)
Loss: 1.384 | Precision@1: 49.411% (14926/30208)
Loss: 1.384 | Precision@1: 49.436% (14997/30336)
Loss: 1.383 | Precision@1: 49.435% (15060/30464)
Loss: 1.383 | Precision@1: 49.441% (15125/30592)
Loss: 1.382 | Precision@1: 49.469% (15197/30720)
Loss: 1.382 | Precision@1: 49.491% (15267/30848)
Loss: 1.382 | Precision@1: 49.467% (15323/30976)
Loss: 1.382 | Precision@1: 49.470% (15387/31104)
Loss: 1.381 | Precision@1: 49.478% (15453/31232)
Loss: 1.381 | Precision@1: 49.499% (15523/31360)
Loss: 1.380 | Precision@1: 49.517% (15592/31488)
Loss: 1.380 | Precision@1: 49.545% (15664/31616)
Loss: 1.379 | Precision@1: 49.565% (15734/31744)
Loss: 1.378 | Precision@1: 49.573% (15800/31872)
Loss: 1.379 | Precision@1: 49.572% (15863/32000)
Loss: 1.378 | Precision@1: 49.574% (15927/32128)
Loss: 1.378 | Precision@1: 49.581% (15993/32256)
Loss: 1.377 | Precision@1: 49.611% (16066/32384)
Loss: 1.376 | Precision@1: 49.634% (16137/32512)
Loss: 1.377 | Precision@1: 49.620% (16196/32640)
Loss: 1.376 | Precision@1: 49.637% (16265/32768)
Loss: 1.376 | Precision@1: 49.660% (16336/32896)
Loss: 1.375 | Precision@1: 49.688% (16409/33024)
Loss: 1.375 | Precision@1: 49.701% (16477/33152)
Loss: 1.375 | Precision@1: 49.691% (16537/33280)
Loss: 1.375 | Precision@1: 49.707% (16606/33408)
Loss: 1.374 | Precision@1: 49.720% (16674/33536)
Loss: 1.374 | Precision@1: 49.730% (16741/33664)
Loss: 1.374 | Precision@1: 49.713% (16799/33792)
Loss: 1.374 | Precision@1: 49.726% (16867/33920)
Loss: 1.373 | Precision@1: 49.747% (16938/34048)
Loss: 1.373 | Precision@1: 49.722% (16993/34176)
Loss: 1.373 | Precision@1: 49.743% (17064/34304)
Loss: 1.373 | Precision@1: 49.750% (17130/34432)
Loss: 1.373 | Precision@1: 49.737% (17189/34560)
Loss: 1.373 | Precision@1: 49.752% (17258/34688)
Loss: 1.372 | Precision@1: 49.764% (17326/34816)
Loss: 1.372 | Precision@1: 49.777% (17394/34944)
Loss: 1.372 | Precision@1: 49.795% (17464/35072)
Loss: 1.371 | Precision@1: 49.807% (17532/35200)
Loss: 1.371 | Precision@1: 49.816% (17599/35328)
Loss: 1.371 | Precision@1: 49.814% (17662/35456)
Loss: 1.370 | Precision@1: 49.815% (17726/35584)
Loss: 1.370 | Precision@1: 49.838% (17798/35712)
Loss: 1.369 | Precision@1: 49.847% (17865/35840)
Loss: 1.370 | Precision@1: 49.847% (17929/35968)
Loss: 1.369 | Precision@1: 49.875% (18003/36096)
Loss: 1.369 | Precision@1: 49.879% (18068/36224)
Loss: 1.368 | Precision@1: 49.912% (18144/36352)
Loss: 1.368 | Precision@1: 49.923% (18212/36480)
Loss: 1.367 | Precision@1: 49.956% (18288/36608)
Loss: 1.367 | Precision@1: 49.948% (18349/36736)
Loss: 1.367 | Precision@1: 49.948% (18413/36864)
Loss: 1.367 | Precision@1: 49.959% (18481/36992)
Loss: 1.367 | Precision@1: 49.941% (18538/37120)
Loss: 1.367 | Precision@1: 49.949% (18605/37248)
Loss: 1.366 | Precision@1: 49.957% (18672/37376)
Loss: 1.366 | Precision@1: 49.976% (18743/37504)
Loss: 1.366 | Precision@1: 49.995% (18814/37632)
Loss: 1.365 | Precision@1: 50.034% (18893/37760)
Loss: 1.364 | Precision@1: 50.034% (18957/37888)
Loss: 1.364 | Precision@1: 50.063% (19032/38016)
Loss: 1.364 | Precision@1: 50.063% (19096/38144)
Loss: 1.364 | Precision@1: 50.065% (19161/38272)
Loss: 1.364 | Precision@1: 50.086% (19233/38400)
Loss: 1.363 | Precision@1: 50.119% (19310/38528)
Loss: 1.363 | Precision@1: 50.140% (19382/38656)
Loss: 1.362 | Precision@1: 50.170% (19458/38784)
Loss: 1.361 | Precision@1: 50.170% (19522/38912)
Loss: 1.361 | Precision@1: 50.177% (19589/39040)
Loss: 1.361 | Precision@1: 50.202% (19663/39168)
Loss: 1.360 | Precision@1: 50.234% (19740/39296)
Loss: 1.360 | Precision@1: 50.256% (19813/39424)
Loss: 1.360 | Precision@1: 50.253% (19876/39552)
Loss: 1.360 | Precision@1: 50.257% (19942/39680)
Loss: 1.360 | Precision@1: 50.229% (19995/39808)
Loss: 1.360 | Precision@1: 50.240% (20064/39936)
Loss: 1.360 | Precision@1: 50.250% (20132/40064)
Loss: 1.360 | Precision@1: 50.249% (20196/40192)
Loss: 1.359 | Precision@1: 50.268% (20268/40320)
Loss: 1.359 | Precision@1: 50.269% (20333/40448)
Loss: 1.358 | Precision@1: 50.298% (20409/40576)
Loss: 1.357 | Precision@1: 50.354% (20496/40704)
Loss: 1.357 | Precision@1: 50.340% (20555/40832)
Loss: 1.357 | Precision@1: 50.352% (20624/40960)
Loss: 1.357 | Precision@1: 50.370% (20696/41088)
Loss: 1.356 | Precision@1: 50.381% (20765/41216)
Loss: 1.356 | Precision@1: 50.382% (20830/41344)
Loss: 1.356 | Precision@1: 50.376% (20892/41472)
Loss: 1.355 | Precision@1: 50.406% (20969/41600)
Loss: 1.355 | Precision@1: 50.429% (21043/41728)
Loss: 1.354 | Precision@1: 50.466% (21123/41856)
Loss: 1.354 | Precision@1: 50.453% (21182/41984)
Loss: 1.354 | Precision@1: 50.456% (21248/42112)
Loss: 1.354 | Precision@1: 50.455% (21312/42240)
Loss: 1.354 | Precision@1: 50.472% (21384/42368)
Loss: 1.354 | Precision@1: 50.485% (21454/42496)
Loss: 1.353 | Precision@1: 50.526% (21536/42624)
Loss: 1.353 | Precision@1: 50.522% (21599/42752)
Loss: 1.353 | Precision@1: 50.520% (21663/42880)
Loss: 1.352 | Precision@1: 50.532% (21733/43008)
Loss: 1.351 | Precision@1: 50.573% (21815/43136)
Loss: 1.351 | Precision@1: 50.578% (21882/43264)
Loss: 1.351 | Precision@1: 50.588% (21951/43392)
Loss: 1.350 | Precision@1: 50.625% (22032/43520)
Loss: 1.350 | Precision@1: 50.632% (22100/43648)
Loss: 1.350 | Precision@1: 50.626% (22162/43776)
Loss: 1.349 | Precision@1: 50.640% (22233/43904)
Loss: 1.350 | Precision@1: 50.645% (22300/44032)
Loss: 1.350 | Precision@1: 50.641% (22363/44160)
Loss: 1.349 | Precision@1: 50.666% (22439/44288)
Loss: 1.349 | Precision@1: 50.662% (22502/44416)
Loss: 1.348 | Precision@1: 50.673% (22572/44544)
Loss: 1.348 | Precision@1: 50.707% (22652/44672)
Loss: 1.347 | Precision@1: 50.712% (22719/44800)
Loss: 1.347 | Precision@1: 50.730% (22792/44928)
Loss: 1.347 | Precision@1: 50.739% (22861/45056)
Loss: 1.346 | Precision@1: 50.755% (22933/45184)
Loss: 1.346 | Precision@1: 50.770% (23005/45312)
Loss: 1.346 | Precision@1: 50.781% (23075/45440)
Loss: 1.345 | Precision@1: 50.781% (23140/45568)
Loss: 1.345 | Precision@1: 50.797% (23212/45696)
Loss: 1.344 | Precision@1: 50.827% (23291/45824)
Loss: 1.344 | Precision@1: 50.836% (23360/45952)
Loss: 1.344 | Precision@1: 50.855% (23434/46080)
Loss: 1.344 | Precision@1: 50.866% (23504/46208)
Loss: 1.343 | Precision@1: 50.855% (23564/46336)
Loss: 1.343 | Precision@1: 50.874% (23638/46464)
Loss: 1.343 | Precision@1: 50.901% (23716/46592)
Loss: 1.342 | Precision@1: 50.916% (23788/46720)
Loss: 1.342 | Precision@1: 50.939% (23864/46848)
Loss: 1.341 | Precision@1: 50.952% (23935/46976)
Loss: 1.341 | Precision@1: 50.962% (24005/47104)
Loss: 1.341 | Precision@1: 50.963% (24071/47232)
Loss: 1.340 | Precision@1: 50.976% (24142/47360)
Loss: 1.341 | Precision@1: 50.969% (24204/47488)
Loss: 1.341 | Precision@1: 50.960% (24265/47616)
Loss: 1.340 | Precision@1: 50.980% (24340/47744)
Loss: 1.340 | Precision@1: 50.986% (24408/47872)
Loss: 1.340 | Precision@1: 50.977% (24469/48000)
Loss: 1.340 | Precision@1: 50.981% (24536/48128)
Loss: 1.339 | Precision@1: 51.020% (24620/48256)
Loss: 1.339 | Precision@1: 51.025% (24688/48384)
Loss: 1.339 | Precision@1: 51.016% (24749/48512)
Loss: 1.338 | Precision@1: 51.032% (24822/48640)
Loss: 1.338 | Precision@1: 51.042% (24892/48768)
Loss: 1.338 | Precision@1: 51.039% (24956/48896)
Loss: 1.337 | Precision@1: 51.061% (25032/49024)
Loss: 1.337 | Precision@1: 51.082% (25108/49152)
Loss: 1.337 | Precision@1: 51.088% (25176/49280)
Loss: 1.336 | Precision@1: 51.105% (25250/49408)
Loss: 1.336 | Precision@1: 51.126% (25326/49536)
Loss: 1.335 | Precision@1: 51.138% (25397/49664)
Loss: 1.335 | Precision@1: 51.159% (25473/49792)
Loss: 1.335 | Precision@1: 51.164% (25541/49920)
Loss: 1.335 | Precision@1: 51.166% (25583/50000)

Aggregates: 			
 	 DataLoader Time: 0.9708 			
 	 Mini-batch Time: 20.0838 			
 	 Training Epoch Time: 52.1055
 			
 Averages: 			
 	 Training Loss: 1.3348

 Test set Averages: Loss: 1.210 | Precision@1: 56.180% (5618/10000)

Epoch: 3
Loss: 1.167 | Precision@1: 61.719% (79/128)
Loss: 1.149 | Precision@1: 58.984% (151/256)
Loss: 1.149 | Precision@1: 59.115% (227/384)
Loss: 1.139 | Precision@1: 58.594% (300/512)
Loss: 1.139 | Precision@1: 59.062% (378/640)
Loss: 1.169 | Precision@1: 57.943% (445/768)
Loss: 1.171 | Precision@1: 57.812% (518/896)
Loss: 1.195 | Precision@1: 57.520% (589/1024)
Loss: 1.189 | Precision@1: 57.205% (659/1152)
Loss: 1.178 | Precision@1: 57.188% (732/1280)
Loss: 1.190 | Precision@1: 56.534% (796/1408)
Loss: 1.193 | Precision@1: 56.380% (866/1536)
Loss: 1.199 | Precision@1: 56.310% (937/1664)
Loss: 1.196 | Precision@1: 56.585% (1014/1792)
Loss: 1.192 | Precision@1: 56.719% (1089/1920)
Loss: 1.189 | Precision@1: 56.738% (1162/2048)
Loss: 1.192 | Precision@1: 56.801% (1236/2176)
Loss: 1.198 | Precision@1: 56.641% (1305/2304)
Loss: 1.202 | Precision@1: 56.291% (1369/2432)
Loss: 1.205 | Precision@1: 56.250% (1440/2560)
Loss: 1.206 | Precision@1: 56.064% (1507/2688)
Loss: 1.213 | Precision@1: 55.717% (1569/2816)
Loss: 1.209 | Precision@1: 55.808% (1643/2944)
Loss: 1.213 | Precision@1: 55.762% (1713/3072)
Loss: 1.224 | Precision@1: 55.281% (1769/3200)
Loss: 1.224 | Precision@1: 55.168% (1836/3328)
Loss: 1.223 | Precision@1: 55.064% (1903/3456)
Loss: 1.220 | Precision@1: 55.218% (1979/3584)
Loss: 1.217 | Precision@1: 55.442% (2058/3712)
Loss: 1.212 | Precision@1: 55.521% (2132/3840)
Loss: 1.210 | Precision@1: 55.721% (2211/3968)
Loss: 1.213 | Precision@1: 55.688% (2281/4096)
Loss: 1.210 | Precision@1: 55.919% (2362/4224)
Loss: 1.209 | Precision@1: 55.836% (2430/4352)
Loss: 1.208 | Precision@1: 55.848% (2502/4480)
Loss: 1.204 | Precision@1: 56.098% (2585/4608)
Loss: 1.206 | Precision@1: 56.039% (2654/4736)
Loss: 1.212 | Precision@1: 55.921% (2720/4864)
Loss: 1.214 | Precision@1: 55.809% (2786/4992)
Loss: 1.212 | Precision@1: 55.859% (2860/5120)
Loss: 1.212 | Precision@1: 55.888% (2933/5248)
Loss: 1.213 | Precision@1: 55.897% (3005/5376)
Loss: 1.212 | Precision@1: 55.959% (3080/5504)
Loss: 1.208 | Precision@1: 56.019% (3155/5632)
Loss: 1.205 | Precision@1: 56.181% (3236/5760)
Loss: 1.204 | Precision@1: 56.216% (3310/5888)
Loss: 1.203 | Precision@1: 56.283% (3386/6016)
Loss: 1.205 | Precision@1: 56.185% (3452/6144)
Loss: 1.204 | Precision@1: 56.234% (3527/6272)
Loss: 1.205 | Precision@1: 56.266% (3601/6400)
Loss: 1.206 | Precision@1: 56.281% (3674/6528)
Loss: 1.202 | Precision@1: 56.400% (3754/6656)
Loss: 1.200 | Precision@1: 56.471% (3831/6784)
Loss: 1.198 | Precision@1: 56.568% (3910/6912)
Loss: 1.199 | Precision@1: 56.548% (3981/7040)
Loss: 1.198 | Precision@1: 56.501% (4050/7168)
Loss: 1.197 | Precision@1: 56.428% (4117/7296)
Loss: 1.197 | Precision@1: 56.479% (4193/7424)
Loss: 1.197 | Precision@1: 56.475% (4265/7552)
Loss: 1.198 | Precision@1: 56.445% (4335/7680)
Loss: 1.196 | Precision@1: 56.493% (4411/7808)
Loss: 1.198 | Precision@1: 56.452% (4480/7936)
Loss: 1.197 | Precision@1: 56.473% (4554/8064)
Loss: 1.199 | Precision@1: 56.470% (4626/8192)
Loss: 1.200 | Precision@1: 56.466% (4698/8320)
Loss: 1.200 | Precision@1: 56.546% (4777/8448)
Loss: 1.200 | Precision@1: 56.553% (4850/8576)
Loss: 1.199 | Precision@1: 56.629% (4929/8704)
Loss: 1.197 | Precision@1: 56.714% (5009/8832)
Loss: 1.198 | Precision@1: 56.696% (5080/8960)
Loss: 1.198 | Precision@1: 56.635% (5147/9088)
Loss: 1.199 | Precision@1: 56.565% (5213/9216)
Loss: 1.201 | Precision@1: 56.464% (5276/9344)
Loss: 1.199 | Precision@1: 56.556% (5357/9472)
Loss: 1.201 | Precision@1: 56.479% (5422/9600)
Loss: 1.202 | Precision@1: 56.517% (5498/9728)
Loss: 1.202 | Precision@1: 56.483% (5567/9856)
Loss: 1.203 | Precision@1: 56.460% (5637/9984)
Loss: 1.205 | Precision@1: 56.398% (5703/10112)
Loss: 1.205 | Precision@1: 56.387% (5774/10240)
Loss: 1.204 | Precision@1: 56.453% (5853/10368)
Loss: 1.203 | Precision@1: 56.488% (5929/10496)
Loss: 1.204 | Precision@1: 56.401% (5992/10624)
Loss: 1.206 | Precision@1: 56.362% (6060/10752)
Loss: 1.205 | Precision@1: 56.388% (6135/10880)
Loss: 1.205 | Precision@1: 56.377% (6206/11008)
Loss: 1.204 | Precision@1: 56.358% (6276/11136)
Loss: 1.203 | Precision@1: 56.401% (6353/11264)
Loss: 1.202 | Precision@1: 56.417% (6427/11392)
Loss: 1.201 | Precision@1: 56.441% (6502/11520)
Loss: 1.199 | Precision@1: 56.525% (6584/11648)
Loss: 1.198 | Precision@1: 56.564% (6661/11776)
Loss: 1.198 | Precision@1: 56.552% (6732/11904)
Loss: 1.196 | Precision@1: 56.599% (6810/12032)
Loss: 1.194 | Precision@1: 56.694% (6894/12160)
Loss: 1.196 | Precision@1: 56.641% (6960/12288)
Loss: 1.197 | Precision@1: 56.685% (7038/12416)
Loss: 1.195 | Precision@1: 56.704% (7113/12544)
Loss: 1.193 | Precision@1: 56.802% (7198/12672)
Loss: 1.193 | Precision@1: 56.734% (7262/12800)
Loss: 1.191 | Precision@1: 56.815% (7345/12928)
Loss: 1.192 | Precision@1: 56.771% (7412/13056)
Loss: 1.192 | Precision@1: 56.819% (7491/13184)
Loss: 1.192 | Precision@1: 56.828% (7565/13312)
Loss: 1.192 | Precision@1: 56.815% (7636/13440)
Loss: 1.192 | Precision@1: 56.876% (7717/13568)
Loss: 1.192 | Precision@1: 56.900% (7793/13696)
Loss: 1.191 | Precision@1: 56.879% (7863/13824)
Loss: 1.191 | Precision@1: 56.902% (7939/13952)
Loss: 1.190 | Precision@1: 56.925% (8015/14080)
Loss: 1.189 | Precision@1: 56.933% (8089/14208)
Loss: 1.189 | Precision@1: 56.920% (8160/14336)
Loss: 1.191 | Precision@1: 56.858% (8224/14464)
Loss: 1.189 | Precision@1: 56.928% (8307/14592)
Loss: 1.188 | Precision@1: 56.957% (8384/14720)
Loss: 1.188 | Precision@1: 56.964% (8458/14848)
Loss: 1.189 | Precision@1: 56.911% (8523/14976)
Loss: 1.188 | Precision@1: 56.919% (8597/15104)
Loss: 1.188 | Precision@1: 56.926% (8671/15232)
Loss: 1.187 | Precision@1: 56.973% (8751/15360)
Loss: 1.186 | Precision@1: 57.018% (8831/15488)
Loss: 1.186 | Precision@1: 57.018% (8904/15616)
Loss: 1.186 | Precision@1: 57.063% (8984/15744)
Loss: 1.186 | Precision@1: 57.050% (9055/15872)
Loss: 1.186 | Precision@1: 57.081% (9133/16000)
Loss: 1.186 | Precision@1: 57.093% (9208/16128)
Loss: 1.185 | Precision@1: 57.105% (9283/16256)
Loss: 1.185 | Precision@1: 57.080% (9352/16384)
Loss: 1.184 | Precision@1: 57.122% (9432/16512)
Loss: 1.184 | Precision@1: 57.085% (9499/16640)
Loss: 1.185 | Precision@1: 57.109% (9576/16768)
Loss: 1.185 | Precision@1: 57.102% (9648/16896)
Loss: 1.185 | Precision@1: 57.072% (9716/17024)
Loss: 1.186 | Precision@1: 57.031% (9782/17152)
Loss: 1.186 | Precision@1: 57.043% (9857/17280)
Loss: 1.186 | Precision@1: 57.031% (9928/17408)
Loss: 1.185 | Precision@1: 57.014% (9998/17536)
Loss: 1.185 | Precision@1: 57.020% (10072/17664)
Loss: 1.184 | Precision@1: 57.059% (10152/17792)
Loss: 1.183 | Precision@1: 57.115% (10235/17920)
Loss: 1.184 | Precision@1: 57.064% (10299/18048)
Loss: 1.185 | Precision@1: 57.026% (10365/18176)
Loss: 1.186 | Precision@1: 56.993% (10432/18304)
Loss: 1.185 | Precision@1: 56.999% (10506/18432)
Loss: 1.185 | Precision@1: 57.010% (10581/18560)
Loss: 1.184 | Precision@1: 57.058% (10663/18688)
Loss: 1.185 | Precision@1: 57.063% (10737/18816)
Loss: 1.185 | Precision@1: 57.026% (10803/18944)
Loss: 1.185 | Precision@1: 57.010% (10873/19072)
Loss: 1.185 | Precision@1: 56.979% (10940/19200)
Loss: 1.185 | Precision@1: 57.021% (11021/19328)
Loss: 1.186 | Precision@1: 56.995% (11089/19456)
Loss: 1.185 | Precision@1: 57.001% (11163/19584)
Loss: 1.184 | Precision@1: 57.006% (11237/19712)
Loss: 1.185 | Precision@1: 57.011% (11311/19840)
Loss: 1.184 | Precision@1: 57.041% (11390/19968)
Loss: 1.184 | Precision@1: 57.056% (11466/20096)
Loss: 1.183 | Precision@1: 57.061% (11540/20224)
Loss: 1.183 | Precision@1: 57.041% (11609/20352)
Loss: 1.182 | Precision@1: 57.085% (11691/20480)
Loss: 1.182 | Precision@1: 57.070% (11761/20608)
Loss: 1.182 | Precision@1: 57.089% (11838/20736)
Loss: 1.182 | Precision@1: 57.065% (11906/20864)
Loss: 1.184 | Precision@1: 57.050% (11976/20992)
Loss: 1.183 | Precision@1: 57.055% (12050/21120)
Loss: 1.183 | Precision@1: 57.069% (12126/21248)
Loss: 1.183 | Precision@1: 57.050% (12195/21376)
Loss: 1.182 | Precision@1: 57.092% (12277/21504)
Loss: 1.181 | Precision@1: 57.105% (12353/21632)
Loss: 1.181 | Precision@1: 57.100% (12425/21760)
Loss: 1.181 | Precision@1: 57.095% (12497/21888)
Loss: 1.181 | Precision@1: 57.086% (12568/22016)
Loss: 1.181 | Precision@1: 57.085% (12641/22144)
Loss: 1.182 | Precision@1: 57.049% (12706/22272)
Loss: 1.181 | Precision@1: 57.036% (12776/22400)
Loss: 1.181 | Precision@1: 57.049% (12852/22528)
Loss: 1.180 | Precision@1: 57.106% (12938/22656)
Loss: 1.179 | Precision@1: 57.119% (13014/22784)
Loss: 1.178 | Precision@1: 57.140% (13092/22912)
Loss: 1.178 | Precision@1: 57.166% (13171/23040)
Loss: 1.177 | Precision@1: 57.234% (13260/23168)
Loss: 1.177 | Precision@1: 57.207% (13327/23296)
Loss: 1.177 | Precision@1: 57.236% (13407/23424)
Loss: 1.177 | Precision@1: 57.269% (13488/23552)
Loss: 1.176 | Precision@1: 57.285% (13565/23680)
Loss: 1.176 | Precision@1: 57.317% (13646/23808)
Loss: 1.176 | Precision@1: 57.345% (13726/23936)
Loss: 1.175 | Precision@1: 57.384% (13809/24064)
Loss: 1.173 | Precision@1: 57.403% (13887/24192)
Loss: 1.172 | Precision@1: 57.463% (13975/24320)
Loss: 1.172 | Precision@1: 57.481% (14053/24448)
Loss: 1.171 | Precision@1: 57.515% (14135/24576)
Loss: 1.171 | Precision@1: 57.533% (14213/24704)
Loss: 1.170 | Precision@1: 57.531% (14286/24832)
Loss: 1.170 | Precision@1: 57.580% (14372/24960)
Loss: 1.169 | Precision@1: 57.577% (14445/25088)
Loss: 1.169 | Precision@1: 57.614% (14528/25216)
Loss: 1.169 | Precision@1: 57.595% (14597/25344)
Loss: 1.169 | Precision@1: 57.593% (14670/25472)
Loss: 1.170 | Precision@1: 57.559% (14735/25600)
Loss: 1.169 | Precision@1: 57.579% (14814/25728)
Loss: 1.170 | Precision@1: 57.580% (14888/25856)
Loss: 1.169 | Precision@1: 57.612% (14970/25984)
Loss: 1.168 | Precision@1: 57.625% (15047/26112)
Loss: 1.168 | Precision@1: 57.660% (15130/26240)
Loss: 1.167 | Precision@1: 57.684% (15210/26368)
Loss: 1.167 | Precision@1: 57.688% (15285/26496)
Loss: 1.167 | Precision@1: 57.707% (15364/26624)
Loss: 1.167 | Precision@1: 57.715% (15440/26752)
Loss: 1.166 | Precision@1: 57.734% (15519/26880)
Loss: 1.167 | Precision@1: 57.705% (15585/27008)
Loss: 1.167 | Precision@1: 57.709% (15660/27136)
Loss: 1.167 | Precision@1: 57.724% (15738/27264)
Loss: 1.167 | Precision@1: 57.710% (15808/27392)
Loss: 1.166 | Precision@1: 57.740% (15890/27520)
Loss: 1.166 | Precision@1: 57.726% (15960/27648)
Loss: 1.166 | Precision@1: 57.733% (16036/27776)
Loss: 1.166 | Precision@1: 57.705% (16102/27904)
Loss: 1.166 | Precision@1: 57.713% (16178/28032)
Loss: 1.166 | Precision@1: 57.731% (16257/28160)
Loss: 1.165 | Precision@1: 57.763% (16340/28288)
Loss: 1.165 | Precision@1: 57.781% (16419/28416)
Loss: 1.166 | Precision@1: 57.767% (16489/28544)
Loss: 1.167 | Precision@1: 57.725% (16551/28672)
Loss: 1.167 | Precision@1: 57.719% (16623/28800)
Loss: 1.167 | Precision@1: 57.733% (16701/28928)
Loss: 1.167 | Precision@1: 57.764% (16784/29056)
Loss: 1.166 | Precision@1: 57.809% (16871/29184)
Loss: 1.165 | Precision@1: 57.840% (16954/29312)
Loss: 1.165 | Precision@1: 57.846% (17030/29440)
Loss: 1.164 | Precision@1: 57.870% (17111/29568)
Loss: 1.164 | Precision@1: 57.866% (17184/29696)
Loss: 1.163 | Precision@1: 57.876% (17261/29824)
Loss: 1.163 | Precision@1: 57.883% (17337/29952)
Loss: 1.164 | Precision@1: 57.896% (17415/30080)
Loss: 1.163 | Precision@1: 57.925% (17498/30208)
Loss: 1.162 | Precision@1: 57.948% (17579/30336)
Loss: 1.162 | Precision@1: 57.957% (17656/30464)
Loss: 1.162 | Precision@1: 57.963% (17732/30592)
Loss: 1.161 | Precision@1: 58.008% (17820/30720)
Loss: 1.160 | Precision@1: 58.013% (17896/30848)
Loss: 1.160 | Precision@1: 58.000% (17966/30976)
Loss: 1.161 | Precision@1: 57.993% (18038/31104)
Loss: 1.160 | Precision@1: 58.033% (18125/31232)
Loss: 1.160 | Precision@1: 58.039% (18201/31360)
Loss: 1.160 | Precision@1: 58.035% (18274/31488)
Loss: 1.159 | Precision@1: 58.050% (18353/31616)
Loss: 1.159 | Precision@1: 58.093% (18441/31744)
Loss: 1.158 | Precision@1: 58.107% (18520/31872)
Loss: 1.158 | Precision@1: 58.109% (18595/32000)
Loss: 1.158 | Precision@1: 58.099% (18666/32128)
Loss: 1.157 | Precision@1: 58.107% (18743/32256)
Loss: 1.157 | Precision@1: 58.140% (18828/32384)
Loss: 1.157 | Precision@1: 58.160% (18909/32512)
Loss: 1.156 | Precision@1: 58.180% (18990/32640)
Loss: 1.156 | Precision@1: 58.191% (19068/32768)
Loss: 1.155 | Precision@1: 58.223% (19153/32896)
Loss: 1.155 | Precision@1: 58.255% (19238/33024)
Loss: 1.155 | Precision@1: 58.259% (19314/33152)
Loss: 1.155 | Precision@1: 58.281% (19396/33280)
Loss: 1.154 | Precision@1: 58.297% (19476/33408)
Loss: 1.155 | Precision@1: 58.263% (19539/33536)
Loss: 1.154 | Precision@1: 58.285% (19621/33664)
Loss: 1.153 | Precision@1: 58.298% (19700/33792)
Loss: 1.153 | Precision@1: 58.317% (19781/33920)
Loss: 1.153 | Precision@1: 58.312% (19854/34048)
Loss: 1.152 | Precision@1: 58.351% (19942/34176)
Loss: 1.152 | Precision@1: 58.378% (20026/34304)
Loss: 1.152 | Precision@1: 58.376% (20100/34432)
Loss: 1.153 | Precision@1: 58.359% (20169/34560)
Loss: 1.152 | Precision@1: 58.360% (20244/34688)
Loss: 1.153 | Precision@1: 58.352% (20316/34816)
Loss: 1.152 | Precision@1: 58.359% (20393/34944)
Loss: 1.152 | Precision@1: 58.354% (20466/35072)
Loss: 1.152 | Precision@1: 58.352% (20540/35200)
Loss: 1.152 | Precision@1: 58.356% (20616/35328)
Loss: 1.152 | Precision@1: 58.371% (20696/35456)
Loss: 1.151 | Precision@1: 58.380% (20774/35584)
Loss: 1.151 | Precision@1: 58.375% (20847/35712)
Loss: 1.151 | Precision@1: 58.393% (20928/35840)
Loss: 1.151 | Precision@1: 58.391% (21002/35968)
Loss: 1.151 | Precision@1: 58.416% (21086/36096)
Loss: 1.151 | Precision@1: 58.425% (21164/36224)
Loss: 1.150 | Precision@1: 58.434% (21242/36352)
Loss: 1.150 | Precision@1: 58.443% (21320/36480)
Loss: 1.149 | Precision@1: 58.457% (21400/36608)
Loss: 1.149 | Precision@1: 58.479% (21483/36736)
Loss: 1.149 | Precision@1: 58.485% (21560/36864)
Loss: 1.149 | Precision@1: 58.496% (21639/36992)
Loss: 1.148 | Precision@1: 58.518% (21722/37120)
Loss: 1.148 | Precision@1: 58.519% (21797/37248)
Loss: 1.148 | Precision@1: 58.538% (21879/37376)
Loss: 1.147 | Precision@1: 58.546% (21957/37504)
Loss: 1.147 | Precision@1: 58.572% (22042/37632)
Loss: 1.146 | Precision@1: 58.583% (22121/37760)
Loss: 1.146 | Precision@1: 58.581% (22195/37888)
Loss: 1.147 | Precision@1: 58.554% (22260/38016)
Loss: 1.147 | Precision@1: 58.586% (22347/38144)
Loss: 1.147 | Precision@1: 58.583% (22421/38272)
Loss: 1.147 | Precision@1: 58.552% (22484/38400)
Loss: 1.148 | Precision@1: 58.547% (22557/38528)
Loss: 1.147 | Precision@1: 58.565% (22639/38656)
Loss: 1.147 | Precision@1: 58.558% (22711/38784)
Loss: 1.147 | Precision@1: 58.547% (22782/38912)
Loss: 1.147 | Precision@1: 58.548% (22857/39040)
Loss: 1.147 | Precision@1: 58.561% (22937/39168)
Loss: 1.147 | Precision@1: 58.556% (23010/39296)
Loss: 1.147 | Precision@1: 58.546% (23081/39424)
Loss: 1.146 | Precision@1: 58.566% (23164/39552)
Loss: 1.146 | Precision@1: 58.571% (23241/39680)
Loss: 1.146 | Precision@1: 58.576% (23318/39808)
Loss: 1.146 | Precision@1: 58.589% (23398/39936)
Loss: 1.145 | Precision@1: 58.621% (23486/40064)
Loss: 1.146 | Precision@1: 58.614% (23558/40192)
Loss: 1.146 | Precision@1: 58.606% (23630/40320)
Loss: 1.146 | Precision@1: 58.596% (23701/40448)
Loss: 1.146 | Precision@1: 58.604% (23779/40576)
Loss: 1.146 | Precision@1: 58.616% (23859/40704)
Loss: 1.146 | Precision@1: 58.606% (23930/40832)
Loss: 1.146 | Precision@1: 58.594% (24000/40960)
Loss: 1.146 | Precision@1: 58.608% (24081/41088)
Loss: 1.146 | Precision@1: 58.618% (24160/41216)
Loss: 1.146 | Precision@1: 58.623% (24237/41344)
Loss: 1.146 | Precision@1: 58.632% (24316/41472)
Loss: 1.146 | Precision@1: 58.642% (24395/41600)
Loss: 1.145 | Precision@1: 58.651% (24474/41728)
Loss: 1.145 | Precision@1: 58.658% (24552/41856)
Loss: 1.145 | Precision@1: 58.668% (24631/41984)
Loss: 1.145 | Precision@1: 58.674% (24709/42112)
Loss: 1.145 | Precision@1: 58.688% (24790/42240)
Loss: 1.145 | Precision@1: 58.702% (24871/42368)
Loss: 1.144 | Precision@1: 58.733% (24959/42496)
Loss: 1.144 | Precision@1: 58.725% (25031/42624)
Loss: 1.144 | Precision@1: 58.741% (25113/42752)
Loss: 1.143 | Precision@1: 58.769% (25200/42880)
Loss: 1.143 | Precision@1: 58.780% (25280/43008)
Loss: 1.143 | Precision@1: 58.784% (25357/43136)
Loss: 1.143 | Precision@1: 58.776% (25429/43264)
Loss: 1.142 | Precision@1: 58.783% (25507/43392)
Loss: 1.142 | Precision@1: 58.798% (25589/43520)
Loss: 1.142 | Precision@1: 58.821% (25674/43648)
Loss: 1.142 | Precision@1: 58.808% (25744/43776)
Loss: 1.141 | Precision@1: 58.840% (25833/43904)
Loss: 1.141 | Precision@1: 58.848% (25912/44032)
Loss: 1.141 | Precision@1: 58.861% (25993/44160)
Loss: 1.140 | Precision@1: 58.869% (26072/44288)
Loss: 1.140 | Precision@1: 58.864% (26145/44416)
Loss: 1.140 | Precision@1: 58.881% (26228/44544)
Loss: 1.139 | Precision@1: 58.905% (26314/44672)
Loss: 1.139 | Precision@1: 58.917% (26395/44800)
Loss: 1.138 | Precision@1: 58.930% (26476/44928)
Loss: 1.138 | Precision@1: 58.953% (26562/45056)
Loss: 1.138 | Precision@1: 58.950% (26636/45184)
Loss: 1.138 | Precision@1: 58.942% (26708/45312)
Loss: 1.137 | Precision@1: 58.966% (26794/45440)
Loss: 1.137 | Precision@1: 58.987% (26879/45568)
Loss: 1.136 | Precision@1: 59.001% (26961/45696)
Loss: 1.136 | Precision@1: 59.017% (27044/45824)
Loss: 1.136 | Precision@1: 59.022% (27122/45952)
Loss: 1.136 | Precision@1: 59.013% (27193/46080)
Loss: 1.136 | Precision@1: 59.031% (27277/46208)
Loss: 1.135 | Precision@1: 59.047% (27360/46336)
Loss: 1.136 | Precision@1: 59.039% (27432/46464)
Loss: 1.135 | Precision@1: 59.042% (27509/46592)
Loss: 1.135 | Precision@1: 59.069% (27597/46720)
Loss: 1.134 | Precision@1: 59.085% (27680/46848)
Loss: 1.134 | Precision@1: 59.085% (27756/46976)
Loss: 1.134 | Precision@1: 59.080% (27829/47104)
Loss: 1.134 | Precision@1: 59.085% (27907/47232)
Loss: 1.134 | Precision@1: 59.090% (27985/47360)
Loss: 1.134 | Precision@1: 59.082% (28057/47488)
Loss: 1.134 | Precision@1: 59.087% (28135/47616)
Loss: 1.134 | Precision@1: 59.094% (28214/47744)
Loss: 1.133 | Precision@1: 59.108% (28296/47872)
Loss: 1.133 | Precision@1: 59.131% (28383/48000)
Loss: 1.133 | Precision@1: 59.144% (28465/48128)
Loss: 1.132 | Precision@1: 59.159% (28548/48256)
Loss: 1.132 | Precision@1: 59.160% (28624/48384)
Loss: 1.132 | Precision@1: 59.171% (28705/48512)
Loss: 1.131 | Precision@1: 59.200% (28795/48640)
Loss: 1.130 | Precision@1: 59.225% (28883/48768)
Loss: 1.130 | Precision@1: 59.234% (28963/48896)
Loss: 1.130 | Precision@1: 59.238% (29041/49024)
Loss: 1.130 | Precision@1: 59.255% (29125/49152)
Loss: 1.129 | Precision@1: 59.259% (29203/49280)
Loss: 1.130 | Precision@1: 59.254% (29276/49408)
Loss: 1.129 | Precision@1: 59.274% (29362/49536)
Loss: 1.129 | Precision@1: 59.270% (29436/49664)
Loss: 1.129 | Precision@1: 59.283% (29518/49792)
Loss: 1.129 | Precision@1: 59.273% (29589/49920)
Loss: 1.128 | Precision@1: 59.280% (29640/50000)

Aggregates: 			
 	 DataLoader Time: 0.9381 			
 	 Mini-batch Time: 20.2424 			
 	 Training Epoch Time: 52.4846
 			
 Averages: 			
 	 Training Loss: 1.1283

 Test set Averages: Loss: 1.056 | Precision@1: 62.010% (6201/10000)

Epoch: 4
Loss: 1.092 | Precision@1: 63.281% (81/128)
Loss: 1.007 | Precision@1: 66.016% (169/256)
Loss: 0.978 | Precision@1: 67.448% (259/384)
Loss: 1.049 | Precision@1: 66.211% (339/512)
Loss: 1.022 | Precision@1: 66.719% (427/640)
Loss: 1.004 | Precision@1: 66.146% (508/768)
Loss: 0.992 | Precision@1: 66.518% (596/896)
Loss: 1.019 | Precision@1: 65.137% (667/1024)
Loss: 1.038 | Precision@1: 64.149% (739/1152)
Loss: 1.043 | Precision@1: 63.672% (815/1280)
Loss: 1.040 | Precision@1: 63.920% (900/1408)
Loss: 1.048 | Precision@1: 63.216% (971/1536)
Loss: 1.046 | Precision@1: 63.041% (1049/1664)
Loss: 1.054 | Precision@1: 63.002% (1129/1792)
Loss: 1.044 | Precision@1: 63.385% (1217/1920)
Loss: 1.039 | Precision@1: 63.281% (1296/2048)
Loss: 1.039 | Precision@1: 62.960% (1370/2176)
Loss: 1.047 | Precision@1: 62.587% (1442/2304)
Loss: 1.047 | Precision@1: 62.788% (1527/2432)
Loss: 1.048 | Precision@1: 62.852% (1609/2560)
Loss: 1.055 | Precision@1: 62.612% (1683/2688)
Loss: 1.050 | Precision@1: 62.678% (1765/2816)
Loss: 1.055 | Precision@1: 62.432% (1838/2944)
Loss: 1.063 | Precision@1: 62.240% (1912/3072)
Loss: 1.058 | Precision@1: 62.406% (1997/3200)
Loss: 1.057 | Precision@1: 62.560% (2082/3328)
Loss: 1.052 | Precision@1: 62.818% (2171/3456)
Loss: 1.047 | Precision@1: 63.114% (2262/3584)
Loss: 1.045 | Precision@1: 63.173% (2345/3712)
Loss: 1.045 | Precision@1: 63.177% (2426/3840)
Loss: 1.044 | Precision@1: 63.256% (2510/3968)
Loss: 1.046 | Precision@1: 63.159% (2587/4096)
Loss: 1.046 | Precision@1: 63.163% (2668/4224)
Loss: 1.046 | Precision@1: 63.097% (2746/4352)
Loss: 1.047 | Precision@1: 63.192% (2831/4480)
Loss: 1.046 | Precision@1: 63.173% (2911/4608)
Loss: 1.044 | Precision@1: 63.218% (2994/4736)
Loss: 1.041 | Precision@1: 63.178% (3073/4864)
Loss: 1.040 | Precision@1: 63.101% (3150/4992)
Loss: 1.044 | Precision@1: 62.930% (3222/5120)
Loss: 1.041 | Precision@1: 63.014% (3307/5248)
Loss: 1.044 | Precision@1: 62.946% (3384/5376)
Loss: 1.042 | Precision@1: 62.991% (3467/5504)
Loss: 1.038 | Precision@1: 63.157% (3557/5632)
Loss: 1.038 | Precision@1: 63.177% (3639/5760)
Loss: 1.040 | Precision@1: 63.145% (3718/5888)
Loss: 1.039 | Precision@1: 63.148% (3799/6016)
Loss: 1.041 | Precision@1: 63.021% (3872/6144)
Loss: 1.040 | Precision@1: 63.122% (3959/6272)
Loss: 1.040 | Precision@1: 63.109% (4039/6400)
Loss: 1.037 | Precision@1: 63.251% (4129/6528)
Loss: 1.037 | Precision@1: 63.281% (4212/6656)
Loss: 1.037 | Precision@1: 63.325% (4296/6784)
Loss: 1.035 | Precision@1: 63.527% (4391/6912)
Loss: 1.037 | Precision@1: 63.409% (4464/7040)
Loss: 1.038 | Precision@1: 63.309% (4538/7168)
Loss: 1.038 | Precision@1: 63.281% (4617/7296)
Loss: 1.038 | Precision@1: 63.281% (4698/7424)
Loss: 1.037 | Precision@1: 63.294% (4780/7552)
Loss: 1.039 | Precision@1: 63.216% (4855/7680)
Loss: 1.038 | Precision@1: 63.358% (4947/7808)
Loss: 1.037 | Precision@1: 63.382% (5030/7936)
Loss: 1.037 | Precision@1: 63.318% (5106/8064)
Loss: 1.033 | Precision@1: 63.428% (5196/8192)
Loss: 1.036 | Precision@1: 63.317% (5268/8320)
Loss: 1.037 | Precision@1: 63.281% (5346/8448)
Loss: 1.037 | Precision@1: 63.293% (5428/8576)
Loss: 1.038 | Precision@1: 63.270% (5507/8704)
Loss: 1.037 | Precision@1: 63.304% (5591/8832)
Loss: 1.038 | Precision@1: 63.259% (5668/8960)
Loss: 1.036 | Precision@1: 63.270% (5750/9088)
Loss: 1.035 | Precision@1: 63.314% (5835/9216)
Loss: 1.033 | Precision@1: 63.324% (5917/9344)
Loss: 1.032 | Precision@1: 63.334% (5999/9472)
Loss: 1.031 | Precision@1: 63.375% (6084/9600)
Loss: 1.032 | Precision@1: 63.384% (6166/9728)
Loss: 1.033 | Precision@1: 63.362% (6245/9856)
Loss: 1.034 | Precision@1: 63.321% (6322/9984)
Loss: 1.033 | Precision@1: 63.311% (6402/10112)
Loss: 1.032 | Precision@1: 63.340% (6486/10240)
Loss: 1.034 | Precision@1: 63.291% (6562/10368)
Loss: 1.036 | Precision@1: 63.300% (6644/10496)
Loss: 1.034 | Precision@1: 63.366% (6732/10624)
Loss: 1.036 | Precision@1: 63.309% (6807/10752)
Loss: 1.036 | Precision@1: 63.318% (6889/10880)
Loss: 1.034 | Precision@1: 63.381% (6977/11008)
Loss: 1.034 | Precision@1: 63.380% (7058/11136)
Loss: 1.034 | Precision@1: 63.370% (7138/11264)
Loss: 1.032 | Precision@1: 63.430% (7226/11392)
Loss: 1.033 | Precision@1: 63.394% (7303/11520)
Loss: 1.034 | Precision@1: 63.384% (7383/11648)
Loss: 1.034 | Precision@1: 63.392% (7465/11776)
Loss: 1.032 | Precision@1: 63.441% (7552/11904)
Loss: 1.034 | Precision@1: 63.373% (7625/12032)
Loss: 1.034 | Precision@1: 63.355% (7704/12160)
Loss: 1.033 | Precision@1: 63.395% (7790/12288)
Loss: 1.033 | Precision@1: 63.378% (7869/12416)
Loss: 1.033 | Precision@1: 63.385% (7951/12544)
Loss: 1.033 | Precision@1: 63.329% (8025/12672)
Loss: 1.033 | Precision@1: 63.352% (8109/12800)
Loss: 1.033 | Precision@1: 63.390% (8195/12928)
Loss: 1.033 | Precision@1: 63.358% (8272/13056)
Loss: 1.032 | Precision@1: 63.395% (8358/13184)
Loss: 1.031 | Precision@1: 63.424% (8443/13312)
Loss: 1.030 | Precision@1: 63.445% (8527/13440)
Loss: 1.030 | Precision@1: 63.414% (8604/13568)
Loss: 1.031 | Precision@1: 63.442% (8689/13696)
Loss: 1.030 | Precision@1: 63.448% (8771/13824)
Loss: 1.029 | Precision@1: 63.453% (8853/13952)
Loss: 1.029 | Precision@1: 63.459% (8935/14080)
Loss: 1.029 | Precision@1: 63.429% (9012/14208)
Loss: 1.028 | Precision@1: 63.428% (9093/14336)
Loss: 1.028 | Precision@1: 63.454% (9178/14464)
Loss: 1.027 | Precision@1: 63.494% (9265/14592)
Loss: 1.027 | Precision@1: 63.539% (9353/14720)
Loss: 1.027 | Precision@1: 63.530% (9433/14848)
Loss: 1.024 | Precision@1: 63.635% (9530/14976)
Loss: 1.025 | Precision@1: 63.606% (9607/15104)
Loss: 1.024 | Precision@1: 63.603% (9688/15232)
Loss: 1.025 | Precision@1: 63.587% (9767/15360)
Loss: 1.024 | Precision@1: 63.630% (9855/15488)
Loss: 1.023 | Precision@1: 63.704% (9948/15616)
Loss: 1.023 | Precision@1: 63.726% (10033/15744)
Loss: 1.023 | Precision@1: 63.766% (10121/15872)
Loss: 1.023 | Precision@1: 63.775% (10204/16000)
Loss: 1.022 | Precision@1: 63.796% (10289/16128)
Loss: 1.023 | Precision@1: 63.767% (10366/16256)
Loss: 1.022 | Precision@1: 63.818% (10456/16384)
Loss: 1.022 | Precision@1: 63.784% (10532/16512)
Loss: 1.021 | Precision@1: 63.816% (10619/16640)
Loss: 1.021 | Precision@1: 63.836% (10704/16768)
Loss: 1.021 | Precision@1: 63.855% (10789/16896)
Loss: 1.022 | Precision@1: 63.781% (10858/17024)
Loss: 1.024 | Precision@1: 63.713% (10928/17152)
Loss: 1.023 | Precision@1: 63.762% (11018/17280)
Loss: 1.022 | Precision@1: 63.793% (11105/17408)
Loss: 1.023 | Precision@1: 63.789% (11186/17536)
Loss: 1.023 | Precision@1: 63.813% (11272/17664)
Loss: 1.024 | Precision@1: 63.748% (11342/17792)
Loss: 1.024 | Precision@1: 63.783% (11430/17920)
Loss: 1.025 | Precision@1: 63.763% (11508/18048)
Loss: 1.026 | Precision@1: 63.760% (11589/18176)
Loss: 1.026 | Precision@1: 63.767% (11672/18304)
Loss: 1.026 | Precision@1: 63.748% (11750/18432)
Loss: 1.025 | Precision@1: 63.755% (11833/18560)
Loss: 1.025 | Precision@1: 63.731% (11910/18688)
Loss: 1.025 | Precision@1: 63.754% (11996/18816)
Loss: 1.025 | Precision@1: 63.704% (12068/18944)
Loss: 1.024 | Precision@1: 63.732% (12155/19072)
Loss: 1.024 | Precision@1: 63.755% (12241/19200)
Loss: 1.022 | Precision@1: 63.804% (12332/19328)
Loss: 1.022 | Precision@1: 63.821% (12417/19456)
Loss: 1.021 | Precision@1: 63.843% (12503/19584)
Loss: 1.023 | Precision@1: 63.794% (12575/19712)
Loss: 1.025 | Precision@1: 63.765% (12651/19840)
Loss: 1.025 | Precision@1: 63.772% (12734/19968)
Loss: 1.024 | Precision@1: 63.789% (12819/20096)
Loss: 1.024 | Precision@1: 63.810% (12905/20224)
Loss: 1.024 | Precision@1: 63.792% (12983/20352)
Loss: 1.024 | Precision@1: 63.789% (13064/20480)
Loss: 1.024 | Precision@1: 63.791% (13146/20608)
Loss: 1.024 | Precision@1: 63.802% (13230/20736)
Loss: 1.024 | Precision@1: 63.789% (13309/20864)
Loss: 1.025 | Precision@1: 63.772% (13387/20992)
Loss: 1.024 | Precision@1: 63.821% (13479/21120)
Loss: 1.023 | Precision@1: 63.837% (13564/21248)
Loss: 1.023 | Precision@1: 63.852% (13649/21376)
Loss: 1.022 | Precision@1: 63.900% (13741/21504)
Loss: 1.022 | Precision@1: 63.891% (13821/21632)
Loss: 1.022 | Precision@1: 63.888% (13902/21760)
Loss: 1.021 | Precision@1: 63.889% (13984/21888)
Loss: 1.021 | Precision@1: 63.931% (14075/22016)
Loss: 1.021 | Precision@1: 63.941% (14159/22144)
Loss: 1.022 | Precision@1: 63.923% (14237/22272)
Loss: 1.021 | Precision@1: 63.946% (14324/22400)
Loss: 1.021 | Precision@1: 63.952% (14407/22528)
Loss: 1.020 | Precision@1: 63.965% (14492/22656)
Loss: 1.020 | Precision@1: 63.997% (14581/22784)
Loss: 1.019 | Precision@1: 64.010% (14666/22912)
Loss: 1.019 | Precision@1: 63.989% (14743/23040)
Loss: 1.019 | Precision@1: 63.972% (14821/23168)
Loss: 1.019 | Precision@1: 63.959% (14900/23296)
Loss: 1.019 | Precision@1: 63.981% (14987/23424)
Loss: 1.019 | Precision@1: 63.973% (15067/23552)
Loss: 1.018 | Precision@1: 64.033% (15163/23680)
Loss: 1.018 | Precision@1: 64.041% (15247/23808)
Loss: 1.019 | Precision@1: 64.004% (15320/23936)
Loss: 1.019 | Precision@1: 64.004% (15402/24064)
Loss: 1.018 | Precision@1: 64.025% (15489/24192)
Loss: 1.019 | Precision@1: 64.001% (15565/24320)
Loss: 1.018 | Precision@1: 64.001% (15647/24448)
Loss: 1.019 | Precision@1: 63.977% (15723/24576)
Loss: 1.019 | Precision@1: 63.986% (15807/24704)
Loss: 1.019 | Precision@1: 64.010% (15895/24832)
Loss: 1.018 | Precision@1: 64.022% (15980/24960)
Loss: 1.018 | Precision@1: 64.027% (16063/25088)
Loss: 1.018 | Precision@1: 64.027% (16145/25216)
Loss: 1.018 | Precision@1: 64.007% (16222/25344)
Loss: 1.017 | Precision@1: 64.019% (16307/25472)
Loss: 1.017 | Precision@1: 64.020% (16389/25600)
Loss: 1.017 | Precision@1: 63.985% (16462/25728)
Loss: 1.018 | Precision@1: 63.970% (16540/25856)
Loss: 1.018 | Precision@1: 63.986% (16626/25984)
Loss: 1.016 | Precision@1: 64.043% (16723/26112)
Loss: 1.017 | Precision@1: 64.032% (16802/26240)
Loss: 1.016 | Precision@1: 64.047% (16888/26368)
Loss: 1.015 | Precision@1: 64.081% (16979/26496)
Loss: 1.015 | Precision@1: 64.089% (17063/26624)
Loss: 1.015 | Precision@1: 64.081% (17143/26752)
Loss: 1.015 | Precision@1: 64.089% (17227/26880)
Loss: 1.013 | Precision@1: 64.140% (17323/27008)
Loss: 1.013 | Precision@1: 64.144% (17406/27136)
Loss: 1.013 | Precision@1: 64.154% (17491/27264)
Loss: 1.013 | Precision@1: 64.161% (17575/27392)
Loss: 1.012 | Precision@1: 64.190% (17665/27520)
Loss: 1.012 | Precision@1: 64.211% (17753/27648)
Loss: 1.012 | Precision@1: 64.228% (17840/27776)
Loss: 1.012 | Precision@1: 64.231% (17923/27904)
Loss: 1.012 | Precision@1: 64.237% (18007/28032)
Loss: 1.011 | Precision@1: 64.251% (18093/28160)
Loss: 1.012 | Precision@1: 64.204% (18162/28288)
Loss: 1.012 | Precision@1: 64.207% (18245/28416)
Loss: 1.013 | Precision@1: 64.192% (18323/28544)
Loss: 1.012 | Precision@1: 64.205% (18409/28672)
Loss: 1.013 | Precision@1: 64.194% (18488/28800)
Loss: 1.012 | Precision@1: 64.204% (18573/28928)
Loss: 1.012 | Precision@1: 64.228% (18662/29056)
Loss: 1.012 | Precision@1: 64.241% (18748/29184)
Loss: 1.013 | Precision@1: 64.240% (18830/29312)
Loss: 1.013 | Precision@1: 64.246% (18914/29440)
Loss: 1.013 | Precision@1: 64.255% (18999/29568)
Loss: 1.012 | Precision@1: 64.278% (19088/29696)
Loss: 1.012 | Precision@1: 64.284% (19172/29824)
Loss: 1.013 | Precision@1: 64.269% (19250/29952)
Loss: 1.013 | Precision@1: 64.272% (19333/30080)
Loss: 1.013 | Precision@1: 64.264% (19413/30208)
Loss: 1.012 | Precision@1: 64.297% (19505/30336)
Loss: 1.013 | Precision@1: 64.296% (19587/30464)
Loss: 1.013 | Precision@1: 64.288% (19667/30592)
Loss: 1.013 | Precision@1: 64.284% (19748/30720)
Loss: 1.013 | Precision@1: 64.286% (19831/30848)
Loss: 1.013 | Precision@1: 64.295% (19916/30976)
Loss: 1.012 | Precision@1: 64.291% (19997/31104)
Loss: 1.012 | Precision@1: 64.306% (20084/31232)
Loss: 1.012 | Precision@1: 64.298% (20164/31360)
Loss: 1.012 | Precision@1: 64.272% (20238/31488)
Loss: 1.012 | Precision@1: 64.284% (20324/31616)
Loss: 1.011 | Precision@1: 64.308% (20414/31744)
Loss: 1.011 | Precision@1: 64.288% (20490/31872)
Loss: 1.011 | Precision@1: 64.294% (20574/32000)
Loss: 1.011 | Precision@1: 64.296% (20657/32128)
Loss: 1.010 | Precision@1: 64.292% (20738/32256)
Loss: 1.010 | Precision@1: 64.303% (20824/32384)
Loss: 1.009 | Precision@1: 64.302% (20906/32512)
Loss: 1.010 | Precision@1: 64.274% (20979/32640)
Loss: 1.009 | Precision@1: 64.319% (21076/32768)
Loss: 1.009 | Precision@1: 64.284% (21147/32896)
Loss: 1.009 | Precision@1: 64.296% (21233/33024)
Loss: 1.008 | Precision@1: 64.346% (21332/33152)
Loss: 1.008 | Precision@1: 64.342% (21413/33280)
Loss: 1.008 | Precision@1: 64.332% (21492/33408)
Loss: 1.009 | Precision@1: 64.307% (21566/33536)
Loss: 1.009 | Precision@1: 64.306% (21648/33664)
Loss: 1.008 | Precision@1: 64.311% (21732/33792)
Loss: 1.008 | Precision@1: 64.322% (21818/33920)
Loss: 1.007 | Precision@1: 64.342% (21907/34048)
Loss: 1.007 | Precision@1: 64.361% (21996/34176)
Loss: 1.006 | Precision@1: 64.372% (22082/34304)
Loss: 1.006 | Precision@1: 64.373% (22165/34432)
Loss: 1.006 | Precision@1: 64.392% (22254/34560)
Loss: 1.005 | Precision@1: 64.385% (22334/34688)
Loss: 1.005 | Precision@1: 64.410% (22425/34816)
Loss: 1.004 | Precision@1: 64.397% (22503/34944)
Loss: 1.004 | Precision@1: 64.393% (22584/35072)
Loss: 1.004 | Precision@1: 64.409% (22672/35200)
Loss: 1.004 | Precision@1: 64.422% (22759/35328)
Loss: 1.003 | Precision@1: 64.443% (22849/35456)
Loss: 1.003 | Precision@1: 64.453% (22935/35584)
Loss: 1.002 | Precision@1: 64.469% (23023/35712)
Loss: 1.003 | Precision@1: 64.434% (23093/35840)
Loss: 1.003 | Precision@1: 64.424% (23172/35968)
Loss: 1.003 | Precision@1: 64.417% (23252/36096)
Loss: 1.003 | Precision@1: 64.402% (23329/36224)
Loss: 1.003 | Precision@1: 64.398% (23410/36352)
Loss: 1.003 | Precision@1: 64.411% (23497/36480)
Loss: 1.003 | Precision@1: 64.407% (23578/36608)
Loss: 1.002 | Precision@1: 64.435% (23671/36736)
Loss: 1.002 | Precision@1: 64.464% (23764/36864)
Loss: 1.001 | Precision@1: 64.473% (23850/36992)
Loss: 1.001 | Precision@1: 64.496% (23941/37120)
Loss: 1.001 | Precision@1: 64.500% (24025/37248)
Loss: 1.001 | Precision@1: 64.504% (24109/37376)
Loss: 1.001 | Precision@1: 64.486% (24185/37504)
Loss: 1.001 | Precision@1: 64.504% (24274/37632)
Loss: 1.000 | Precision@1: 64.513% (24360/37760)
Loss: 1.000 | Precision@1: 64.522% (24446/37888)
Loss: 1.000 | Precision@1: 64.533% (24533/38016)
Loss: 0.999 | Precision@1: 64.545% (24620/38144)
Loss: 0.999 | Precision@1: 64.556% (24707/38272)
Loss: 0.999 | Precision@1: 64.589% (24802/38400)
Loss: 0.998 | Precision@1: 64.587% (24884/38528)
Loss: 0.998 | Precision@1: 64.614% (24977/38656)
Loss: 0.997 | Precision@1: 64.640% (25070/38784)
Loss: 0.997 | Precision@1: 64.664% (25162/38912)
Loss: 0.997 | Precision@1: 64.677% (25250/39040)
Loss: 0.996 | Precision@1: 64.714% (25347/39168)
Loss: 0.996 | Precision@1: 64.727% (25435/39296)
Loss: 0.995 | Precision@1: 64.732% (25520/39424)
Loss: 0.995 | Precision@1: 64.735% (25604/39552)
Loss: 0.995 | Precision@1: 64.758% (25696/39680)
Loss: 0.994 | Precision@1: 64.768% (25783/39808)
Loss: 0.994 | Precision@1: 64.756% (25861/39936)
Loss: 0.994 | Precision@1: 64.759% (25945/40064)
Loss: 0.994 | Precision@1: 64.757% (26027/40192)
Loss: 0.994 | Precision@1: 64.742% (26104/40320)
Loss: 0.994 | Precision@1: 64.750% (26190/40448)
Loss: 0.994 | Precision@1: 64.755% (26275/40576)
Loss: 0.994 | Precision@1: 64.760% (26360/40704)
Loss: 0.993 | Precision@1: 64.778% (26450/40832)
Loss: 0.994 | Precision@1: 64.763% (26527/40960)
Loss: 0.994 | Precision@1: 64.761% (26609/41088)
Loss: 0.994 | Precision@1: 64.759% (26691/41216)
Loss: 0.994 | Precision@1: 64.757% (26773/41344)
Loss: 0.994 | Precision@1: 64.738% (26848/41472)
Loss: 0.994 | Precision@1: 64.752% (26937/41600)
Loss: 0.994 | Precision@1: 64.736% (27013/41728)
Loss: 0.995 | Precision@1: 64.734% (27095/41856)
Loss: 0.995 | Precision@1: 64.748% (27184/41984)
Loss: 0.995 | Precision@1: 64.723% (27256/42112)
Loss: 0.995 | Precision@1: 64.709% (27333/42240)
Loss: 0.995 | Precision@1: 64.709% (27416/42368)
Loss: 0.995 | Precision@1: 64.728% (27507/42496)
Loss: 0.995 | Precision@1: 64.736% (27593/42624)
Loss: 0.995 | Precision@1: 64.738% (27677/42752)
Loss: 0.995 | Precision@1: 64.746% (27763/42880)
Loss: 0.995 | Precision@1: 64.739% (27843/43008)
Loss: 0.995 | Precision@1: 64.746% (27929/43136)
Loss: 0.995 | Precision@1: 64.770% (28022/43264)
Loss: 0.995 | Precision@1: 64.765% (28103/43392)
Loss: 0.995 | Precision@1: 64.782% (28193/43520)
Loss: 0.994 | Precision@1: 64.796% (28282/43648)
Loss: 0.995 | Precision@1: 64.782% (28359/43776)
Loss: 0.994 | Precision@1: 64.780% (28441/43904)
Loss: 0.994 | Precision@1: 64.794% (28530/44032)
Loss: 0.994 | Precision@1: 64.787% (28610/44160)
Loss: 0.994 | Precision@1: 64.787% (28693/44288)
Loss: 0.994 | Precision@1: 64.781% (28773/44416)
Loss: 0.994 | Precision@1: 64.774% (28853/44544)
Loss: 0.994 | Precision@1: 64.777% (28937/44672)
Loss: 0.994 | Precision@1: 64.770% (29017/44800)
Loss: 0.994 | Precision@1: 64.779% (29104/44928)
Loss: 0.994 | Precision@1: 64.793% (29193/45056)
Loss: 0.994 | Precision@1: 64.786% (29273/45184)
Loss: 0.993 | Precision@1: 64.797% (29361/45312)
Loss: 0.994 | Precision@1: 64.776% (29434/45440)
Loss: 0.993 | Precision@1: 64.780% (29519/45568)
Loss: 0.993 | Precision@1: 64.769% (29597/45696)
Loss: 0.993 | Precision@1: 64.787% (29688/45824)
Loss: 0.993 | Precision@1: 64.792% (29773/45952)
Loss: 0.993 | Precision@1: 64.792% (29856/46080)
Loss: 0.993 | Precision@1: 64.787% (29937/46208)
Loss: 0.993 | Precision@1: 64.796% (30024/46336)
Loss: 0.992 | Precision@1: 64.818% (30117/46464)
Loss: 0.992 | Precision@1: 64.827% (30204/46592)
Loss: 0.992 | Precision@1: 64.839% (30293/46720)
Loss: 0.992 | Precision@1: 64.852% (30382/46848)
Loss: 0.991 | Precision@1: 64.857% (30467/46976)
Loss: 0.991 | Precision@1: 64.846% (30545/47104)
Loss: 0.991 | Precision@1: 64.850% (30630/47232)
Loss: 0.991 | Precision@1: 64.840% (30708/47360)
Loss: 0.991 | Precision@1: 64.854% (30798/47488)
Loss: 0.991 | Precision@1: 64.863% (30885/47616)
Loss: 0.991 | Precision@1: 64.867% (30970/47744)
Loss: 0.991 | Precision@1: 64.863% (31051/47872)
Loss: 0.990 | Precision@1: 64.877% (31141/48000)
Loss: 0.990 | Precision@1: 64.887% (31229/48128)
Loss: 0.990 | Precision@1: 64.893% (31315/48256)
Loss: 0.989 | Precision@1: 64.908% (31405/48384)
Loss: 0.989 | Precision@1: 64.926% (31497/48512)
Loss: 0.988 | Precision@1: 64.932% (31583/48640)
Loss: 0.988 | Precision@1: 64.928% (31664/48768)
Loss: 0.988 | Precision@1: 64.932% (31749/48896)
Loss: 0.988 | Precision@1: 64.950% (31841/49024)
Loss: 0.988 | Precision@1: 64.956% (31927/49152)
Loss: 0.987 | Precision@1: 64.959% (32012/49280)
Loss: 0.987 | Precision@1: 64.961% (32096/49408)
Loss: 0.987 | Precision@1: 64.977% (32187/49536)
Loss: 0.987 | Precision@1: 64.977% (32270/49664)
Loss: 0.987 | Precision@1: 64.990% (32360/49792)
Loss: 0.987 | Precision@1: 64.992% (32444/49920)
Loss: 0.986 | Precision@1: 65.000% (32500/50000)

Aggregates: 			
 	 DataLoader Time: 0.9644 			
 	 Mini-batch Time: 20.3321 			
 	 Training Epoch Time: 52.4417
 			
 Averages: 			
 	 Training Loss: 0.9860

 Test set Averages: Loss: 0.978 | Precision@1: 65.230% (6523/10000)
Average dataloader time is 0.95
