model name	: Intel(R) Xeon(R) CPU E5-2609 v3 @ 1.90GHz
Wed Oct 30 18:13:15 2019       
+-----------------------------------------------------------------------------+
| NVIDIA-SMI 418.74       Driver Version: 418.74       CUDA Version: 10.1     |
|-------------------------------+----------------------+----------------------+
| GPU  Name        Persistence-M| Bus-Id        Disp.A | Volatile Uncorr. ECC |
| Fan  Temp  Perf  Pwr:Usage/Cap|         Memory-Usage | GPU-Util  Compute M. |
|===============================+======================+======================|
|   0  GeForce GTX TIT...  On   | 00000000:02:00.0 Off |                  N/A |
| 22%   29C    P8    15W / 250W |      1MiB / 12212MiB |      0%      Default |
+-------------------------------+----------------------+----------------------+
                                                                               
+-----------------------------------------------------------------------------+
| Processes:                                                       GPU Memory |
|  GPU       PID   Type   Process name                             Usage      |
|=============================================================================|
|  No running processes found                                                 |
+-----------------------------------------------------------------------------+
Files already downloaded and verified
Files already downloaded and verified

Epoch: 0
Loss: 2.383 | Precision@1: 10.938% (14/128)
Loss: 2.733 | Precision@1: 7.422% (19/256)
Loss: 3.109 | Precision@1: 9.375% (36/384)
Loss: 3.257 | Precision@1: 11.328% (58/512)
Loss: 3.750 | Precision@1: 11.406% (73/640)
Loss: 4.014 | Precision@1: 10.807% (83/768)
Loss: 3.991 | Precision@1: 10.379% (93/896)
Loss: 4.366 | Precision@1: 10.547% (108/1024)
Loss: 4.529 | Precision@1: 10.503% (121/1152)
Loss: 4.432 | Precision@1: 10.625% (136/1280)
Loss: 4.423 | Precision@1: 11.080% (156/1408)
Loss: 4.421 | Precision@1: 11.003% (169/1536)
Loss: 4.317 | Precision@1: 10.877% (181/1664)
Loss: 4.375 | Precision@1: 11.217% (201/1792)
Loss: 4.332 | Precision@1: 11.146% (214/1920)
Loss: 4.262 | Precision@1: 11.035% (226/2048)
Loss: 4.225 | Precision@1: 11.213% (244/2176)
Loss: 4.138 | Precision@1: 11.285% (260/2304)
Loss: 4.062 | Precision@1: 11.637% (283/2432)
Loss: 3.979 | Precision@1: 11.797% (302/2560)
Loss: 3.974 | Precision@1: 11.793% (317/2688)
Loss: 3.938 | Precision@1: 11.825% (333/2816)
Loss: 3.918 | Precision@1: 11.957% (352/2944)
Loss: 3.904 | Precision@1: 11.816% (363/3072)
Loss: 3.870 | Precision@1: 11.844% (379/3200)
Loss: 3.834 | Precision@1: 11.599% (386/3328)
Loss: 3.807 | Precision@1: 11.834% (409/3456)
Loss: 3.790 | Precision@1: 11.886% (426/3584)
Loss: 3.761 | Precision@1: 11.853% (440/3712)
Loss: 3.724 | Precision@1: 12.031% (462/3840)
Loss: 3.687 | Precision@1: 11.946% (474/3968)
Loss: 3.644 | Precision@1: 11.914% (488/4096)
Loss: 3.614 | Precision@1: 11.955% (505/4224)
Loss: 3.587 | Precision@1: 11.949% (520/4352)
Loss: 3.554 | Precision@1: 12.009% (538/4480)
Loss: 3.527 | Precision@1: 12.131% (559/4608)
Loss: 3.503 | Precision@1: 12.268% (581/4736)
Loss: 3.468 | Precision@1: 12.438% (605/4864)
Loss: 3.439 | Precision@1: 12.520% (625/4992)
Loss: 3.411 | Precision@1: 12.539% (642/5120)
Loss: 3.381 | Precision@1: 12.519% (657/5248)
Loss: 3.354 | Precision@1: 12.649% (680/5376)
Loss: 3.330 | Precision@1: 12.664% (697/5504)
Loss: 3.307 | Precision@1: 12.749% (718/5632)
Loss: 3.282 | Precision@1: 12.726% (733/5760)
Loss: 3.257 | Precision@1: 12.857% (757/5888)
Loss: 3.236 | Precision@1: 12.932% (778/6016)
Loss: 3.212 | Precision@1: 13.021% (800/6144)
Loss: 3.192 | Precision@1: 13.138% (824/6272)
Loss: 3.170 | Precision@1: 13.297% (851/6400)
Loss: 3.154 | Precision@1: 13.358% (872/6528)
Loss: 3.136 | Precision@1: 13.537% (901/6656)
Loss: 3.119 | Precision@1: 13.606% (923/6784)
Loss: 3.100 | Precision@1: 13.657% (944/6912)
Loss: 3.081 | Precision@1: 13.807% (972/7040)
Loss: 3.063 | Precision@1: 13.965% (1001/7168)
Loss: 3.045 | Precision@1: 14.131% (1031/7296)
Loss: 3.029 | Precision@1: 14.332% (1064/7424)
Loss: 3.010 | Precision@1: 14.632% (1105/7552)
Loss: 2.994 | Precision@1: 14.740% (1132/7680)
Loss: 2.979 | Precision@1: 14.946% (1167/7808)
Loss: 2.967 | Precision@1: 15.083% (1197/7936)
Loss: 2.955 | Precision@1: 15.154% (1222/8064)
Loss: 2.942 | Precision@1: 15.283% (1252/8192)
Loss: 2.929 | Precision@1: 15.361% (1278/8320)
Loss: 2.917 | Precision@1: 15.507% (1310/8448)
Loss: 2.905 | Precision@1: 15.497% (1329/8576)
Loss: 2.892 | Precision@1: 15.636% (1361/8704)
Loss: 2.883 | Precision@1: 15.580% (1376/8832)
Loss: 2.874 | Precision@1: 15.547% (1393/8960)
Loss: 2.863 | Precision@1: 15.647% (1422/9088)
Loss: 2.853 | Precision@1: 15.701% (1447/9216)
Loss: 2.842 | Precision@1: 15.860% (1482/9344)
Loss: 2.833 | Precision@1: 15.931% (1509/9472)
Loss: 2.823 | Precision@1: 16.073% (1543/9600)
Loss: 2.813 | Precision@1: 16.129% (1569/9728)
Loss: 2.802 | Precision@1: 16.254% (1602/9856)
Loss: 2.792 | Precision@1: 16.426% (1640/9984)
Loss: 2.784 | Precision@1: 16.485% (1667/10112)
Loss: 2.775 | Precision@1: 16.611% (1701/10240)
Loss: 2.765 | Precision@1: 16.715% (1733/10368)
Loss: 2.756 | Precision@1: 16.825% (1766/10496)
Loss: 2.748 | Precision@1: 16.933% (1799/10624)
Loss: 2.739 | Precision@1: 17.001% (1828/10752)
Loss: 2.730 | Precision@1: 17.132% (1864/10880)
Loss: 2.722 | Precision@1: 17.242% (1898/11008)
Loss: 2.715 | Precision@1: 17.268% (1923/11136)
Loss: 2.707 | Precision@1: 17.321% (1951/11264)
Loss: 2.699 | Precision@1: 17.407% (1983/11392)
Loss: 2.691 | Precision@1: 17.431% (2008/11520)
Loss: 2.683 | Precision@1: 17.565% (2046/11648)
Loss: 2.677 | Precision@1: 17.739% (2089/11776)
Loss: 2.669 | Precision@1: 17.851% (2125/11904)
Loss: 2.662 | Precision@1: 17.911% (2155/12032)
Loss: 2.655 | Precision@1: 17.985% (2187/12160)
Loss: 2.649 | Precision@1: 18.018% (2214/12288)
Loss: 2.643 | Precision@1: 18.073% (2244/12416)
Loss: 2.637 | Precision@1: 18.128% (2274/12544)
Loss: 2.631 | Precision@1: 18.237% (2311/12672)
Loss: 2.622 | Precision@1: 18.375% (2352/12800)
Loss: 2.615 | Precision@1: 18.487% (2390/12928)
Loss: 2.609 | Precision@1: 18.566% (2424/13056)
Loss: 2.603 | Precision@1: 18.606% (2453/13184)
Loss: 2.597 | Precision@1: 18.637% (2481/13312)
Loss: 2.591 | Precision@1: 18.720% (2516/13440)
Loss: 2.585 | Precision@1: 18.794% (2550/13568)
Loss: 2.579 | Precision@1: 18.860% (2583/13696)
Loss: 2.574 | Precision@1: 18.924% (2616/13824)
Loss: 2.569 | Precision@1: 18.951% (2644/13952)
Loss: 2.563 | Precision@1: 19.006% (2676/14080)
Loss: 2.558 | Precision@1: 19.046% (2706/14208)
Loss: 2.554 | Precision@1: 19.141% (2744/14336)
Loss: 2.549 | Precision@1: 19.123% (2766/14464)
Loss: 2.544 | Precision@1: 19.189% (2800/14592)
Loss: 2.539 | Precision@1: 19.253% (2834/14720)
Loss: 2.533 | Precision@1: 19.289% (2864/14848)
Loss: 2.528 | Precision@1: 19.318% (2893/14976)
Loss: 2.523 | Precision@1: 19.372% (2926/15104)
Loss: 2.517 | Precision@1: 19.479% (2967/15232)
Loss: 2.513 | Precision@1: 19.531% (3000/15360)
Loss: 2.507 | Precision@1: 19.602% (3036/15488)
Loss: 2.503 | Precision@1: 19.627% (3065/15616)
Loss: 2.498 | Precision@1: 19.754% (3110/15744)
Loss: 2.494 | Precision@1: 19.808% (3144/15872)
Loss: 2.489 | Precision@1: 19.844% (3175/16000)
Loss: 2.484 | Precision@1: 19.916% (3212/16128)
Loss: 2.480 | Precision@1: 20.048% (3259/16256)
Loss: 2.474 | Precision@1: 20.099% (3293/16384)
Loss: 2.470 | Precision@1: 20.125% (3323/16512)
Loss: 2.466 | Precision@1: 20.144% (3352/16640)
Loss: 2.463 | Precision@1: 20.175% (3383/16768)
Loss: 2.458 | Precision@1: 20.247% (3421/16896)
Loss: 2.454 | Precision@1: 20.324% (3460/17024)
Loss: 2.450 | Precision@1: 20.377% (3495/17152)
Loss: 2.447 | Precision@1: 20.417% (3528/17280)
Loss: 2.443 | Precision@1: 20.456% (3561/17408)
Loss: 2.439 | Precision@1: 20.478% (3591/17536)
Loss: 2.435 | Precision@1: 20.511% (3623/17664)
Loss: 2.430 | Precision@1: 20.610% (3667/17792)
Loss: 2.427 | Precision@1: 20.647% (3700/17920)
Loss: 2.424 | Precision@1: 20.700% (3736/18048)
Loss: 2.421 | Precision@1: 20.753% (3772/18176)
Loss: 2.417 | Precision@1: 20.832% (3813/18304)
Loss: 2.414 | Precision@1: 20.898% (3852/18432)
Loss: 2.410 | Precision@1: 20.964% (3891/18560)
Loss: 2.406 | Precision@1: 21.072% (3938/18688)
Loss: 2.403 | Precision@1: 21.142% (3978/18816)
Loss: 2.399 | Precision@1: 21.168% (4010/18944)
Loss: 2.396 | Precision@1: 21.220% (4047/19072)
Loss: 2.394 | Precision@1: 21.177% (4066/19200)
Loss: 2.391 | Precision@1: 21.218% (4101/19328)
Loss: 2.388 | Precision@1: 21.289% (4142/19456)
Loss: 2.385 | Precision@1: 21.303% (4172/19584)
Loss: 2.383 | Precision@1: 21.342% (4207/19712)
Loss: 2.380 | Precision@1: 21.386% (4243/19840)
Loss: 2.378 | Precision@1: 21.414% (4276/19968)
Loss: 2.376 | Precision@1: 21.442% (4309/20096)
Loss: 2.373 | Precision@1: 21.465% (4341/20224)
Loss: 2.370 | Precision@1: 21.521% (4380/20352)
Loss: 2.368 | Precision@1: 21.562% (4416/20480)
Loss: 2.365 | Precision@1: 21.642% (4460/20608)
Loss: 2.361 | Precision@1: 21.716% (4503/20736)
Loss: 2.358 | Precision@1: 21.798% (4548/20864)
Loss: 2.355 | Precision@1: 21.851% (4587/20992)
Loss: 2.352 | Precision@1: 21.918% (4629/21120)
Loss: 2.349 | Precision@1: 21.960% (4666/21248)
Loss: 2.346 | Precision@1: 21.983% (4699/21376)
Loss: 2.344 | Precision@1: 21.991% (4729/21504)
Loss: 2.341 | Precision@1: 22.041% (4768/21632)
Loss: 2.337 | Precision@1: 22.109% (4811/21760)
Loss: 2.336 | Precision@1: 22.113% (4840/21888)
Loss: 2.333 | Precision@1: 22.143% (4875/22016)
Loss: 2.330 | Precision@1: 22.223% (4921/22144)
Loss: 2.327 | Precision@1: 22.234% (4952/22272)
Loss: 2.324 | Precision@1: 22.308% (4997/22400)
Loss: 2.321 | Precision@1: 22.377% (5041/22528)
Loss: 2.317 | Precision@1: 22.471% (5091/22656)
Loss: 2.314 | Precision@1: 22.533% (5134/22784)
Loss: 2.312 | Precision@1: 22.560% (5169/22912)
Loss: 2.310 | Precision@1: 22.582% (5203/23040)
Loss: 2.308 | Precision@1: 22.617% (5240/23168)
Loss: 2.304 | Precision@1: 22.678% (5283/23296)
Loss: 2.302 | Precision@1: 22.733% (5325/23424)
Loss: 2.300 | Precision@1: 22.762% (5361/23552)
Loss: 2.297 | Precision@1: 22.838% (5408/23680)
Loss: 2.295 | Precision@1: 22.854% (5441/23808)
Loss: 2.293 | Precision@1: 22.894% (5480/23936)
Loss: 2.291 | Precision@1: 22.893% (5509/24064)
Loss: 2.288 | Precision@1: 22.950% (5552/24192)
Loss: 2.286 | Precision@1: 22.989% (5591/24320)
Loss: 2.284 | Precision@1: 23.037% (5632/24448)
Loss: 2.282 | Precision@1: 23.051% (5665/24576)
Loss: 2.280 | Precision@1: 23.041% (5692/24704)
Loss: 2.278 | Precision@1: 23.083% (5732/24832)
Loss: 2.275 | Precision@1: 23.173% (5784/24960)
Loss: 2.272 | Precision@1: 23.250% (5833/25088)
Loss: 2.270 | Precision@1: 23.291% (5873/25216)
Loss: 2.267 | Precision@1: 23.327% (5912/25344)
Loss: 2.265 | Precision@1: 23.359% (5950/25472)
Loss: 2.263 | Precision@1: 23.414% (5994/25600)
Loss: 2.261 | Precision@1: 23.438% (6030/25728)
Loss: 2.260 | Precision@1: 23.461% (6066/25856)
Loss: 2.258 | Precision@1: 23.468% (6098/25984)
Loss: 2.255 | Precision@1: 23.522% (6142/26112)
Loss: 2.253 | Precision@1: 23.548% (6179/26240)
Loss: 2.251 | Precision@1: 23.593% (6221/26368)
Loss: 2.249 | Precision@1: 23.653% (6267/26496)
Loss: 2.247 | Precision@1: 23.734% (6319/26624)
Loss: 2.244 | Precision@1: 23.800% (6367/26752)
Loss: 2.242 | Precision@1: 23.862% (6414/26880)
Loss: 2.240 | Precision@1: 23.908% (6457/27008)
Loss: 2.238 | Precision@1: 23.931% (6494/27136)
Loss: 2.235 | Precision@1: 23.999% (6543/27264)
Loss: 2.233 | Precision@1: 24.073% (6594/27392)
Loss: 2.231 | Precision@1: 24.102% (6633/27520)
Loss: 2.229 | Precision@1: 24.143% (6675/27648)
Loss: 2.227 | Precision@1: 24.158% (6710/27776)
Loss: 2.225 | Precision@1: 24.186% (6749/27904)
Loss: 2.223 | Precision@1: 24.229% (6792/28032)
Loss: 2.221 | Precision@1: 24.286% (6839/28160)
Loss: 2.219 | Precision@1: 24.350% (6888/28288)
Loss: 2.218 | Precision@1: 24.374% (6926/28416)
Loss: 2.215 | Precision@1: 24.439% (6976/28544)
Loss: 2.214 | Precision@1: 24.477% (7018/28672)
Loss: 2.212 | Precision@1: 24.503% (7057/28800)
Loss: 2.211 | Precision@1: 24.516% (7092/28928)
Loss: 2.209 | Precision@1: 24.549% (7133/29056)
Loss: 2.208 | Precision@1: 24.572% (7171/29184)
Loss: 2.206 | Precision@1: 24.614% (7215/29312)
Loss: 2.204 | Precision@1: 24.660% (7260/29440)
Loss: 2.202 | Precision@1: 24.689% (7300/29568)
Loss: 2.201 | Precision@1: 24.707% (7337/29696)
Loss: 2.198 | Precision@1: 24.755% (7383/29824)
Loss: 2.198 | Precision@1: 24.770% (7419/29952)
Loss: 2.196 | Precision@1: 24.817% (7465/30080)
Loss: 2.194 | Precision@1: 24.831% (7501/30208)
Loss: 2.192 | Precision@1: 24.865% (7543/30336)
Loss: 2.191 | Precision@1: 24.888% (7582/30464)
Loss: 2.189 | Precision@1: 24.915% (7622/30592)
Loss: 2.187 | Precision@1: 24.967% (7670/30720)
Loss: 2.186 | Precision@1: 25.006% (7714/30848)
Loss: 2.185 | Precision@1: 25.045% (7758/30976)
Loss: 2.183 | Precision@1: 25.100% (7807/31104)
Loss: 2.181 | Precision@1: 25.125% (7847/31232)
Loss: 2.180 | Precision@1: 25.134% (7882/31360)
Loss: 2.179 | Precision@1: 25.165% (7924/31488)
Loss: 2.177 | Precision@1: 25.209% (7970/31616)
Loss: 2.175 | Precision@1: 25.233% (8010/31744)
Loss: 2.173 | Precision@1: 25.282% (8058/31872)
Loss: 2.172 | Precision@1: 25.319% (8102/32000)
Loss: 2.170 | Precision@1: 25.370% (8151/32128)
Loss: 2.168 | Precision@1: 25.391% (8190/32256)
Loss: 2.166 | Precision@1: 25.398% (8225/32384)
Loss: 2.165 | Precision@1: 25.403% (8259/32512)
Loss: 2.164 | Precision@1: 25.417% (8296/32640)
Loss: 2.162 | Precision@1: 25.461% (8343/32768)
Loss: 2.160 | Precision@1: 25.492% (8386/32896)
Loss: 2.158 | Precision@1: 25.548% (8437/33024)
Loss: 2.157 | Precision@1: 25.585% (8482/33152)
Loss: 2.155 | Precision@1: 25.616% (8525/33280)
Loss: 2.155 | Precision@1: 25.644% (8567/33408)
Loss: 2.153 | Precision@1: 25.695% (8617/33536)
Loss: 2.152 | Precision@1: 25.719% (8658/33664)
Loss: 2.150 | Precision@1: 25.719% (8691/33792)
Loss: 2.149 | Precision@1: 25.746% (8733/33920)
Loss: 2.148 | Precision@1: 25.808% (8787/34048)
Loss: 2.146 | Precision@1: 25.825% (8826/34176)
Loss: 2.145 | Precision@1: 25.875% (8876/34304)
Loss: 2.144 | Precision@1: 25.877% (8910/34432)
Loss: 2.142 | Precision@1: 25.900% (8951/34560)
Loss: 2.140 | Precision@1: 25.957% (9004/34688)
Loss: 2.139 | Precision@1: 25.997% (9051/34816)
Loss: 2.138 | Precision@1: 26.022% (9093/34944)
Loss: 2.137 | Precision@1: 26.046% (9135/35072)
Loss: 2.135 | Precision@1: 26.099% (9187/35200)
Loss: 2.133 | Precision@1: 26.138% (9234/35328)
Loss: 2.132 | Precision@1: 26.165% (9277/35456)
Loss: 2.131 | Precision@1: 26.203% (9324/35584)
Loss: 2.129 | Precision@1: 26.260% (9378/35712)
Loss: 2.127 | Precision@1: 26.303% (9427/35840)
Loss: 2.126 | Precision@1: 26.312% (9464/35968)
Loss: 2.125 | Precision@1: 26.344% (9509/36096)
Loss: 2.124 | Precision@1: 26.380% (9556/36224)
Loss: 2.122 | Precision@1: 26.406% (9599/36352)
Loss: 2.121 | Precision@1: 26.431% (9642/36480)
Loss: 2.120 | Precision@1: 26.453% (9684/36608)
Loss: 2.119 | Precision@1: 26.475% (9726/36736)
Loss: 2.118 | Precision@1: 26.495% (9767/36864)
Loss: 2.116 | Precision@1: 26.544% (9819/36992)
Loss: 2.115 | Precision@1: 26.571% (9863/37120)
Loss: 2.114 | Precision@1: 26.584% (9902/37248)
Loss: 2.112 | Precision@1: 26.595% (9940/37376)
Loss: 2.111 | Precision@1: 26.618% (9983/37504)
Loss: 2.110 | Precision@1: 26.650% (10029/37632)
Loss: 2.108 | Precision@1: 26.684% (10076/37760)
Loss: 2.107 | Precision@1: 26.724% (10125/37888)
Loss: 2.105 | Precision@1: 26.770% (10177/38016)
Loss: 2.104 | Precision@1: 26.838% (10237/38144)
Loss: 2.103 | Precision@1: 26.839% (10272/38272)
Loss: 2.101 | Precision@1: 26.852% (10311/38400)
Loss: 2.101 | Precision@1: 26.866% (10351/38528)
Loss: 2.099 | Precision@1: 26.917% (10405/38656)
Loss: 2.098 | Precision@1: 26.960% (10456/38784)
Loss: 2.096 | Precision@1: 27.017% (10513/38912)
Loss: 2.095 | Precision@1: 27.039% (10556/39040)
Loss: 2.093 | Precision@1: 27.078% (10606/39168)
Loss: 2.092 | Precision@1: 27.107% (10652/39296)
Loss: 2.091 | Precision@1: 27.138% (10699/39424)
Loss: 2.090 | Precision@1: 27.174% (10748/39552)
Loss: 2.088 | Precision@1: 27.223% (10802/39680)
Loss: 2.086 | Precision@1: 27.258% (10851/39808)
Loss: 2.085 | Precision@1: 27.289% (10898/39936)
Loss: 2.084 | Precision@1: 27.331% (10950/40064)
Loss: 2.083 | Precision@1: 27.354% (10994/40192)
Loss: 2.081 | Precision@1: 27.376% (11038/40320)
Loss: 2.080 | Precision@1: 27.411% (11087/40448)
Loss: 2.079 | Precision@1: 27.440% (11134/40576)
Loss: 2.078 | Precision@1: 27.479% (11185/40704)
Loss: 2.077 | Precision@1: 27.503% (11230/40832)
Loss: 2.075 | Precision@1: 27.532% (11277/40960)
Loss: 2.074 | Precision@1: 27.568% (11327/41088)
Loss: 2.073 | Precision@1: 27.601% (11376/41216)
Loss: 2.071 | Precision@1: 27.649% (11431/41344)
Loss: 2.070 | Precision@1: 27.664% (11473/41472)
Loss: 2.069 | Precision@1: 27.690% (11519/41600)
Loss: 2.068 | Precision@1: 27.730% (11571/41728)
Loss: 2.066 | Precision@1: 27.774% (11625/41856)
Loss: 2.065 | Precision@1: 27.803% (11673/41984)
Loss: 2.064 | Precision@1: 27.840% (11724/42112)
Loss: 2.063 | Precision@1: 27.869% (11772/42240)
Loss: 2.062 | Precision@1: 27.884% (11814/42368)
Loss: 2.060 | Precision@1: 27.916% (11863/42496)
Loss: 2.060 | Precision@1: 27.921% (11901/42624)
Loss: 2.059 | Precision@1: 27.959% (11953/42752)
Loss: 2.058 | Precision@1: 27.978% (11997/42880)
Loss: 2.057 | Precision@1: 28.006% (12045/43008)
Loss: 2.056 | Precision@1: 28.007% (12081/43136)
Loss: 2.055 | Precision@1: 28.023% (12124/43264)
Loss: 2.054 | Precision@1: 28.047% (12170/43392)
Loss: 2.053 | Precision@1: 28.077% (12219/43520)
Loss: 2.052 | Precision@1: 28.100% (12265/43648)
Loss: 2.051 | Precision@1: 28.114% (12307/43776)
Loss: 2.050 | Precision@1: 28.150% (12359/43904)
Loss: 2.048 | Precision@1: 28.184% (12410/44032)
Loss: 2.047 | Precision@1: 28.213% (12459/44160)
Loss: 2.046 | Precision@1: 28.247% (12510/44288)
Loss: 2.045 | Precision@1: 28.269% (12556/44416)
Loss: 2.044 | Precision@1: 28.280% (12597/44544)
Loss: 2.043 | Precision@1: 28.288% (12637/44672)
Loss: 2.042 | Precision@1: 28.326% (12690/44800)
Loss: 2.041 | Precision@1: 28.334% (12730/44928)
Loss: 2.040 | Precision@1: 28.371% (12783/45056)
Loss: 2.039 | Precision@1: 28.415% (12839/45184)
Loss: 2.037 | Precision@1: 28.443% (12888/45312)
Loss: 2.036 | Precision@1: 28.477% (12940/45440)
Loss: 2.035 | Precision@1: 28.509% (12991/45568)
Loss: 2.034 | Precision@1: 28.550% (13046/45696)
Loss: 2.033 | Precision@1: 28.594% (13103/45824)
Loss: 2.032 | Precision@1: 28.615% (13149/45952)
Loss: 2.031 | Precision@1: 28.624% (13190/46080)
Loss: 2.030 | Precision@1: 28.647% (13237/46208)
Loss: 2.029 | Precision@1: 28.660% (13280/46336)
Loss: 2.028 | Precision@1: 28.687% (13329/46464)
Loss: 2.027 | Precision@1: 28.720% (13381/46592)
Loss: 2.025 | Precision@1: 28.744% (13429/46720)
Loss: 2.024 | Precision@1: 28.774% (13480/46848)
Loss: 2.023 | Precision@1: 28.806% (13532/46976)
Loss: 2.022 | Precision@1: 28.830% (13580/47104)
Loss: 2.021 | Precision@1: 28.870% (13636/47232)
Loss: 2.020 | Precision@1: 28.896% (13685/47360)
Loss: 2.019 | Precision@1: 28.917% (13732/47488)
Loss: 2.018 | Precision@1: 28.944% (13782/47616)
Loss: 2.017 | Precision@1: 28.965% (13829/47744)
Loss: 2.016 | Precision@1: 28.979% (13873/47872)
Loss: 2.015 | Precision@1: 29.004% (13922/48000)
Loss: 2.014 | Precision@1: 29.027% (13970/48128)
Loss: 2.013 | Precision@1: 29.045% (14016/48256)
Loss: 2.012 | Precision@1: 29.086% (14073/48384)
Loss: 2.011 | Precision@1: 29.110% (14122/48512)
Loss: 2.010 | Precision@1: 29.149% (14178/48640)
Loss: 2.009 | Precision@1: 29.177% (14229/48768)
Loss: 2.007 | Precision@1: 29.211% (14283/48896)
Loss: 2.006 | Precision@1: 29.243% (14336/49024)
Loss: 2.005 | Precision@1: 29.258% (14381/49152)
Loss: 2.005 | Precision@1: 29.276% (14427/49280)
Loss: 2.004 | Precision@1: 29.305% (14479/49408)
Loss: 2.003 | Precision@1: 29.340% (14534/49536)
Loss: 2.002 | Precision@1: 29.357% (14580/49664)
Loss: 2.001 | Precision@1: 29.380% (14629/49792)
Loss: 2.000 | Precision@1: 29.395% (14674/49920)
Loss: 1.999 | Precision@1: 29.406% (14703/50000)

Aggregates: 			
 	 DataLoader Time: 1.4066 			
 	 Mini-batch Time: 5094.5020 			
 	 Training Epoch Time: 5094.7952
 			
 Averages: 			
 	 Training Loss: 1.9987

 Test set Averages: Loss: 1.573 | Precision@1: 40.990% (4099/10000)

Epoch: 1
Loss: 1.630 | Precision@1: 36.719% (47/128)
Loss: 1.627 | Precision@1: 39.844% (102/256)
Loss: 1.631 | Precision@1: 39.323% (151/384)
Loss: 1.665 | Precision@1: 37.500% (192/512)
Loss: 1.675 | Precision@1: 37.344% (239/640)
Loss: 1.685 | Precision@1: 37.240% (286/768)
Loss: 1.667 | Precision@1: 38.170% (342/896)
Loss: 1.647 | Precision@1: 37.891% (388/1024)
Loss: 1.655 | Precision@1: 38.108% (439/1152)
Loss: 1.649 | Precision@1: 37.891% (485/1280)
Loss: 1.637 | Precision@1: 38.423% (541/1408)
Loss: 1.627 | Precision@1: 38.802% (596/1536)
Loss: 1.641 | Precision@1: 37.861% (630/1664)
Loss: 1.633 | Precision@1: 38.225% (685/1792)
Loss: 1.633 | Precision@1: 38.229% (734/1920)
Loss: 1.621 | Precision@1: 39.111% (801/2048)
Loss: 1.622 | Precision@1: 38.971% (848/2176)
Loss: 1.616 | Precision@1: 39.497% (910/2304)
Loss: 1.615 | Precision@1: 39.597% (963/2432)
Loss: 1.624 | Precision@1: 38.945% (997/2560)
Loss: 1.626 | Precision@1: 38.802% (1043/2688)
Loss: 1.626 | Precision@1: 38.849% (1094/2816)
Loss: 1.622 | Precision@1: 38.961% (1147/2944)
Loss: 1.617 | Precision@1: 39.160% (1203/3072)
Loss: 1.619 | Precision@1: 39.375% (1260/3200)
Loss: 1.620 | Precision@1: 39.423% (1312/3328)
Loss: 1.616 | Precision@1: 39.554% (1367/3456)
Loss: 1.619 | Precision@1: 39.369% (1411/3584)
Loss: 1.617 | Precision@1: 39.305% (1459/3712)
Loss: 1.613 | Precision@1: 39.401% (1513/3840)
Loss: 1.610 | Precision@1: 39.567% (1570/3968)
Loss: 1.609 | Precision@1: 39.771% (1629/4096)
Loss: 1.604 | Precision@1: 40.009% (1690/4224)
Loss: 1.606 | Precision@1: 40.028% (1742/4352)
Loss: 1.609 | Precision@1: 39.844% (1785/4480)
Loss: 1.610 | Precision@1: 39.931% (1840/4608)
Loss: 1.606 | Precision@1: 40.182% (1903/4736)
Loss: 1.603 | Precision@1: 40.502% (1970/4864)
Loss: 1.604 | Precision@1: 40.445% (2019/4992)
Loss: 1.598 | Precision@1: 40.664% (2082/5120)
Loss: 1.598 | Precision@1: 40.758% (2139/5248)
Loss: 1.602 | Precision@1: 40.699% (2188/5376)
Loss: 1.608 | Precision@1: 40.661% (2238/5504)
Loss: 1.607 | Precision@1: 40.767% (2296/5632)
Loss: 1.607 | Precision@1: 40.573% (2337/5760)
Loss: 1.606 | Precision@1: 40.489% (2384/5888)
Loss: 1.607 | Precision@1: 40.542% (2439/6016)
Loss: 1.608 | Precision@1: 40.527% (2490/6144)
Loss: 1.609 | Precision@1: 40.545% (2543/6272)
Loss: 1.611 | Precision@1: 40.406% (2586/6400)
Loss: 1.611 | Precision@1: 40.365% (2635/6528)
Loss: 1.611 | Precision@1: 40.340% (2685/6656)
Loss: 1.613 | Precision@1: 40.227% (2729/6784)
Loss: 1.613 | Precision@1: 40.205% (2779/6912)
Loss: 1.610 | Precision@1: 40.270% (2835/7040)
Loss: 1.609 | Precision@1: 40.402% (2896/7168)
Loss: 1.608 | Precision@1: 40.419% (2949/7296)
Loss: 1.611 | Precision@1: 40.356% (2996/7424)
Loss: 1.608 | Precision@1: 40.440% (3054/7552)
Loss: 1.608 | Precision@1: 40.404% (3103/7680)
Loss: 1.609 | Precision@1: 40.394% (3154/7808)
Loss: 1.611 | Precision@1: 40.260% (3195/7936)
Loss: 1.610 | Precision@1: 40.290% (3249/8064)
Loss: 1.611 | Precision@1: 40.259% (3298/8192)
Loss: 1.609 | Precision@1: 40.337% (3356/8320)
Loss: 1.609 | Precision@1: 40.329% (3407/8448)
Loss: 1.608 | Precision@1: 40.380% (3463/8576)
Loss: 1.607 | Precision@1: 40.453% (3521/8704)
Loss: 1.606 | Precision@1: 40.444% (3572/8832)
Loss: 1.605 | Precision@1: 40.536% (3632/8960)
Loss: 1.603 | Precision@1: 40.570% (3687/9088)
Loss: 1.602 | Precision@1: 40.603% (3742/9216)
Loss: 1.602 | Precision@1: 40.561% (3790/9344)
Loss: 1.600 | Precision@1: 40.583% (3844/9472)
Loss: 1.600 | Precision@1: 40.635% (3901/9600)
Loss: 1.600 | Precision@1: 40.615% (3951/9728)
Loss: 1.599 | Precision@1: 40.574% (3999/9856)
Loss: 1.599 | Precision@1: 40.595% (4053/9984)
Loss: 1.597 | Precision@1: 40.694% (4115/10112)
Loss: 1.597 | Precision@1: 40.684% (4166/10240)
Loss: 1.599 | Precision@1: 40.673% (4217/10368)
Loss: 1.600 | Precision@1: 40.577% (4259/10496)
Loss: 1.598 | Precision@1: 40.606% (4314/10624)
Loss: 1.598 | Precision@1: 40.644% (4370/10752)
Loss: 1.595 | Precision@1: 40.800% (4439/10880)
Loss: 1.595 | Precision@1: 40.761% (4487/11008)
Loss: 1.596 | Precision@1: 40.751% (4538/11136)
Loss: 1.594 | Precision@1: 40.776% (4593/11264)
Loss: 1.594 | Precision@1: 40.792% (4647/11392)
Loss: 1.595 | Precision@1: 40.747% (4694/11520)
Loss: 1.597 | Precision@1: 40.677% (4738/11648)
Loss: 1.597 | Precision@1: 40.684% (4791/11776)
Loss: 1.596 | Precision@1: 40.675% (4842/11904)
Loss: 1.596 | Precision@1: 40.683% (4895/12032)
Loss: 1.595 | Precision@1: 40.748% (4955/12160)
Loss: 1.594 | Precision@1: 40.828% (5017/12288)
Loss: 1.592 | Precision@1: 40.883% (5076/12416)
Loss: 1.593 | Precision@1: 40.880% (5128/12544)
Loss: 1.593 | Precision@1: 40.830% (5174/12672)
Loss: 1.591 | Precision@1: 40.898% (5235/12800)
Loss: 1.589 | Precision@1: 40.981% (5298/12928)
Loss: 1.589 | Precision@1: 41.000% (5353/13056)
Loss: 1.589 | Precision@1: 41.027% (5409/13184)
Loss: 1.590 | Precision@1: 41.008% (5459/13312)
Loss: 1.588 | Precision@1: 41.086% (5522/13440)
Loss: 1.587 | Precision@1: 41.156% (5584/13568)
Loss: 1.588 | Precision@1: 41.121% (5632/13696)
Loss: 1.587 | Precision@1: 41.124% (5685/13824)
Loss: 1.586 | Precision@1: 41.155% (5742/13952)
Loss: 1.585 | Precision@1: 41.179% (5798/14080)
Loss: 1.587 | Precision@1: 41.090% (5838/14208)
Loss: 1.586 | Precision@1: 41.120% (5895/14336)
Loss: 1.585 | Precision@1: 41.130% (5949/14464)
Loss: 1.585 | Precision@1: 41.105% (5998/14592)
Loss: 1.587 | Precision@1: 41.094% (6049/14720)
Loss: 1.587 | Precision@1: 41.083% (6100/14848)
Loss: 1.586 | Precision@1: 41.159% (6164/14976)
Loss: 1.586 | Precision@1: 41.148% (6215/15104)
Loss: 1.585 | Precision@1: 41.170% (6271/15232)
Loss: 1.585 | Precision@1: 41.152% (6321/15360)
Loss: 1.584 | Precision@1: 41.187% (6379/15488)
Loss: 1.583 | Precision@1: 41.233% (6439/15616)
Loss: 1.582 | Precision@1: 41.228% (6491/15744)
Loss: 1.581 | Precision@1: 41.173% (6535/15872)
Loss: 1.581 | Precision@1: 41.206% (6593/16000)
Loss: 1.580 | Precision@1: 41.295% (6660/16128)
Loss: 1.579 | Precision@1: 41.302% (6714/16256)
Loss: 1.579 | Precision@1: 41.321% (6770/16384)
Loss: 1.577 | Precision@1: 41.376% (6832/16512)
Loss: 1.577 | Precision@1: 41.400% (6889/16640)
Loss: 1.577 | Precision@1: 41.406% (6943/16768)
Loss: 1.577 | Precision@1: 41.394% (6994/16896)
Loss: 1.575 | Precision@1: 41.500% (7065/17024)
Loss: 1.575 | Precision@1: 41.546% (7126/17152)
Loss: 1.573 | Precision@1: 41.609% (7190/17280)
Loss: 1.573 | Precision@1: 41.630% (7247/17408)
Loss: 1.572 | Precision@1: 41.669% (7307/17536)
Loss: 1.571 | Precision@1: 41.712% (7368/17664)
Loss: 1.570 | Precision@1: 41.760% (7430/17792)
Loss: 1.570 | Precision@1: 41.791% (7489/17920)
Loss: 1.569 | Precision@1: 41.844% (7552/18048)
Loss: 1.570 | Precision@1: 41.830% (7603/18176)
Loss: 1.570 | Precision@1: 41.832% (7657/18304)
Loss: 1.569 | Precision@1: 41.846% (7713/18432)
Loss: 1.569 | Precision@1: 41.880% (7773/18560)
Loss: 1.570 | Precision@1: 41.850% (7821/18688)
Loss: 1.569 | Precision@1: 41.842% (7873/18816)
Loss: 1.569 | Precision@1: 41.892% (7936/18944)
Loss: 1.569 | Precision@1: 41.862% (7984/19072)
Loss: 1.569 | Precision@1: 41.870% (8039/19200)
Loss: 1.568 | Precision@1: 41.908% (8100/19328)
Loss: 1.568 | Precision@1: 41.910% (8154/19456)
Loss: 1.567 | Precision@1: 41.983% (8222/19584)
Loss: 1.567 | Precision@1: 42.000% (8279/19712)
Loss: 1.566 | Precision@1: 42.036% (8340/19840)
Loss: 1.566 | Precision@1: 42.052% (8397/19968)
Loss: 1.565 | Precision@1: 42.063% (8453/20096)
Loss: 1.565 | Precision@1: 42.108% (8516/20224)
Loss: 1.564 | Precision@1: 42.114% (8571/20352)
Loss: 1.564 | Precision@1: 42.100% (8622/20480)
Loss: 1.563 | Precision@1: 42.105% (8677/20608)
Loss: 1.564 | Precision@1: 42.086% (8727/20736)
Loss: 1.564 | Precision@1: 42.101% (8784/20864)
Loss: 1.563 | Precision@1: 42.164% (8851/20992)
Loss: 1.562 | Precision@1: 42.154% (8903/21120)
Loss: 1.562 | Precision@1: 42.140% (8954/21248)
Loss: 1.562 | Precision@1: 42.192% (9019/21376)
Loss: 1.562 | Precision@1: 42.197% (9074/21504)
Loss: 1.561 | Precision@1: 42.215% (9132/21632)
Loss: 1.560 | Precision@1: 42.247% (9193/21760)
Loss: 1.560 | Precision@1: 42.288% (9256/21888)
Loss: 1.560 | Precision@1: 42.269% (9306/22016)
Loss: 1.560 | Precision@1: 42.278% (9362/22144)
Loss: 1.560 | Precision@1: 42.304% (9422/22272)
Loss: 1.561 | Precision@1: 42.304% (9476/22400)
Loss: 1.561 | Precision@1: 42.307% (9531/22528)
Loss: 1.561 | Precision@1: 42.307% (9585/22656)
Loss: 1.560 | Precision@1: 42.363% (9652/22784)
Loss: 1.560 | Precision@1: 42.345% (9702/22912)
Loss: 1.560 | Precision@1: 42.352% (9758/23040)
Loss: 1.559 | Precision@1: 42.408% (9825/23168)
Loss: 1.559 | Precision@1: 42.419% (9882/23296)
Loss: 1.559 | Precision@1: 42.422% (9937/23424)
Loss: 1.558 | Precision@1: 42.430% (9993/23552)
Loss: 1.558 | Precision@1: 42.416% (10044/23680)
Loss: 1.559 | Precision@1: 42.398% (10094/23808)
Loss: 1.558 | Precision@1: 42.459% (10163/23936)
Loss: 1.558 | Precision@1: 42.474% (10221/24064)
Loss: 1.557 | Precision@1: 42.543% (10292/24192)
Loss: 1.556 | Precision@1: 42.590% (10358/24320)
Loss: 1.556 | Precision@1: 42.597% (10414/24448)
Loss: 1.555 | Precision@1: 42.639% (10479/24576)
Loss: 1.554 | Precision@1: 42.617% (10528/24704)
Loss: 1.554 | Precision@1: 42.614% (10582/24832)
Loss: 1.554 | Precision@1: 42.608% (10635/24960)
Loss: 1.554 | Precision@1: 42.630% (10695/25088)
Loss: 1.553 | Precision@1: 42.636% (10751/25216)
Loss: 1.553 | Precision@1: 42.653% (10810/25344)
Loss: 1.553 | Precision@1: 42.651% (10864/25472)
Loss: 1.552 | Precision@1: 42.660% (10921/25600)
Loss: 1.551 | Precision@1: 42.704% (10987/25728)
Loss: 1.550 | Precision@1: 42.741% (11051/25856)
Loss: 1.550 | Precision@1: 42.765% (11112/25984)
Loss: 1.550 | Precision@1: 42.739% (11160/26112)
Loss: 1.549 | Precision@1: 42.774% (11224/26240)
Loss: 1.549 | Precision@1: 42.775% (11279/26368)
Loss: 1.549 | Precision@1: 42.776% (11334/26496)
Loss: 1.548 | Precision@1: 42.785% (11391/26624)
Loss: 1.548 | Precision@1: 42.797% (11449/26752)
Loss: 1.548 | Precision@1: 42.798% (11504/26880)
Loss: 1.548 | Precision@1: 42.835% (11569/27008)
Loss: 1.547 | Precision@1: 42.847% (11627/27136)
Loss: 1.547 | Precision@1: 42.851% (11683/27264)
Loss: 1.548 | Precision@1: 42.826% (11731/27392)
Loss: 1.548 | Precision@1: 42.809% (11781/27520)
Loss: 1.547 | Precision@1: 42.849% (11847/27648)
Loss: 1.547 | Precision@1: 42.875% (11909/27776)
Loss: 1.547 | Precision@1: 42.886% (11967/27904)
Loss: 1.546 | Precision@1: 42.905% (12027/28032)
Loss: 1.546 | Precision@1: 42.915% (12085/28160)
Loss: 1.544 | Precision@1: 42.986% (12160/28288)
Loss: 1.544 | Precision@1: 42.972% (12211/28416)
Loss: 1.544 | Precision@1: 42.993% (12272/28544)
Loss: 1.544 | Precision@1: 43.014% (12333/28672)
Loss: 1.544 | Precision@1: 42.979% (12378/28800)
Loss: 1.544 | Precision@1: 42.972% (12431/28928)
Loss: 1.544 | Precision@1: 42.986% (12490/29056)
Loss: 1.545 | Precision@1: 43.000% (12549/29184)
Loss: 1.545 | Precision@1: 42.996% (12603/29312)
Loss: 1.544 | Precision@1: 43.013% (12663/29440)
Loss: 1.544 | Precision@1: 43.016% (12719/29568)
Loss: 1.544 | Precision@1: 43.016% (12774/29696)
Loss: 1.544 | Precision@1: 43.019% (12830/29824)
Loss: 1.543 | Precision@1: 43.022% (12886/29952)
Loss: 1.542 | Precision@1: 43.052% (12950/30080)
Loss: 1.542 | Precision@1: 43.058% (13007/30208)
Loss: 1.542 | Precision@1: 43.045% (13058/30336)
Loss: 1.542 | Precision@1: 43.077% (13123/30464)
Loss: 1.542 | Precision@1: 43.054% (13171/30592)
Loss: 1.540 | Precision@1: 43.105% (13242/30720)
Loss: 1.540 | Precision@1: 43.115% (13300/30848)
Loss: 1.540 | Precision@1: 43.108% (13353/30976)
Loss: 1.540 | Precision@1: 43.094% (13404/31104)
Loss: 1.540 | Precision@1: 43.106% (13463/31232)
Loss: 1.540 | Precision@1: 43.125% (13524/31360)
Loss: 1.539 | Precision@1: 43.162% (13591/31488)
Loss: 1.538 | Precision@1: 43.165% (13647/31616)
Loss: 1.538 | Precision@1: 43.170% (13704/31744)
Loss: 1.538 | Precision@1: 43.223% (13776/31872)
Loss: 1.537 | Precision@1: 43.234% (13835/32000)
Loss: 1.537 | Precision@1: 43.255% (13897/32128)
Loss: 1.537 | Precision@1: 43.285% (13962/32256)
Loss: 1.536 | Precision@1: 43.339% (14035/32384)
Loss: 1.536 | Precision@1: 43.338% (14090/32512)
Loss: 1.536 | Precision@1: 43.346% (14148/32640)
Loss: 1.536 | Precision@1: 43.347% (14204/32768)
Loss: 1.535 | Precision@1: 43.361% (14264/32896)
Loss: 1.535 | Precision@1: 43.375% (14324/33024)
Loss: 1.535 | Precision@1: 43.391% (14385/33152)
Loss: 1.534 | Precision@1: 43.434% (14455/33280)
Loss: 1.534 | Precision@1: 43.484% (14527/33408)
Loss: 1.533 | Precision@1: 43.491% (14585/33536)
Loss: 1.532 | Precision@1: 43.512% (14648/33664)
Loss: 1.532 | Precision@1: 43.525% (14708/33792)
Loss: 1.532 | Precision@1: 43.526% (14764/33920)
Loss: 1.531 | Precision@1: 43.547% (14827/34048)
Loss: 1.531 | Precision@1: 43.583% (14895/34176)
Loss: 1.530 | Precision@1: 43.610% (14960/34304)
Loss: 1.530 | Precision@1: 43.622% (15020/34432)
Loss: 1.530 | Precision@1: 43.626% (15077/34560)
Loss: 1.530 | Precision@1: 43.626% (15133/34688)
Loss: 1.529 | Precision@1: 43.641% (15194/34816)
Loss: 1.529 | Precision@1: 43.633% (15247/34944)
Loss: 1.529 | Precision@1: 43.662% (15313/35072)
Loss: 1.528 | Precision@1: 43.690% (15379/35200)
Loss: 1.528 | Precision@1: 43.719% (15445/35328)
Loss: 1.527 | Precision@1: 43.708% (15497/35456)
Loss: 1.527 | Precision@1: 43.736% (15563/35584)
Loss: 1.526 | Precision@1: 43.761% (15628/35712)
Loss: 1.525 | Precision@1: 43.778% (15690/35840)
Loss: 1.525 | Precision@1: 43.786% (15749/35968)
Loss: 1.525 | Precision@1: 43.792% (15807/36096)
Loss: 1.524 | Precision@1: 43.830% (15877/36224)
Loss: 1.523 | Precision@1: 43.841% (15937/36352)
Loss: 1.523 | Precision@1: 43.882% (16008/36480)
Loss: 1.522 | Precision@1: 43.878% (16063/36608)
Loss: 1.521 | Precision@1: 43.889% (16123/36736)
Loss: 1.522 | Precision@1: 43.899% (16183/36864)
Loss: 1.521 | Precision@1: 43.918% (16246/36992)
Loss: 1.521 | Precision@1: 43.936% (16309/37120)
Loss: 1.521 | Precision@1: 43.946% (16369/37248)
Loss: 1.520 | Precision@1: 43.980% (16438/37376)
Loss: 1.520 | Precision@1: 43.990% (16498/37504)
Loss: 1.519 | Precision@1: 44.013% (16563/37632)
Loss: 1.519 | Precision@1: 44.031% (16626/37760)
Loss: 1.518 | Precision@1: 44.061% (16694/37888)
Loss: 1.518 | Precision@1: 44.079% (16757/38016)
Loss: 1.517 | Precision@1: 44.083% (16815/38144)
Loss: 1.517 | Precision@1: 44.103% (16879/38272)
Loss: 1.516 | Precision@1: 44.117% (16941/38400)
Loss: 1.516 | Precision@1: 44.139% (17006/38528)
Loss: 1.515 | Precision@1: 44.172% (17075/38656)
Loss: 1.515 | Precision@1: 44.188% (17138/38784)
Loss: 1.514 | Precision@1: 44.189% (17195/38912)
Loss: 1.514 | Precision@1: 44.201% (17256/39040)
Loss: 1.514 | Precision@1: 44.217% (17319/39168)
Loss: 1.513 | Precision@1: 44.251% (17389/39296)
Loss: 1.512 | Precision@1: 44.275% (17455/39424)
Loss: 1.512 | Precision@1: 44.316% (17528/39552)
Loss: 1.511 | Precision@1: 44.325% (17588/39680)
Loss: 1.511 | Precision@1: 44.330% (17647/39808)
Loss: 1.510 | Precision@1: 44.336% (17706/39936)
Loss: 1.510 | Precision@1: 44.349% (17768/40064)
Loss: 1.510 | Precision@1: 44.377% (17836/40192)
Loss: 1.509 | Precision@1: 44.402% (17903/40320)
Loss: 1.509 | Precision@1: 44.413% (17964/40448)
Loss: 1.508 | Precision@1: 44.447% (18035/40576)
Loss: 1.508 | Precision@1: 44.460% (18097/40704)
Loss: 1.507 | Precision@1: 44.468% (18157/40832)
Loss: 1.507 | Precision@1: 44.482% (18220/40960)
Loss: 1.507 | Precision@1: 44.497% (18283/41088)
Loss: 1.507 | Precision@1: 44.505% (18343/41216)
Loss: 1.507 | Precision@1: 44.505% (18400/41344)
Loss: 1.507 | Precision@1: 44.490% (18451/41472)
Loss: 1.507 | Precision@1: 44.498% (18511/41600)
Loss: 1.506 | Precision@1: 44.507% (18572/41728)
Loss: 1.506 | Precision@1: 44.505% (18628/41856)
Loss: 1.506 | Precision@1: 44.522% (18692/41984)
Loss: 1.506 | Precision@1: 44.545% (18759/42112)
Loss: 1.506 | Precision@1: 44.555% (18820/42240)
Loss: 1.505 | Precision@1: 44.586% (18890/42368)
Loss: 1.505 | Precision@1: 44.602% (18954/42496)
Loss: 1.505 | Precision@1: 44.590% (19006/42624)
Loss: 1.505 | Precision@1: 44.573% (19056/42752)
Loss: 1.505 | Precision@1: 44.585% (19118/42880)
Loss: 1.504 | Precision@1: 44.596% (19180/43008)
Loss: 1.504 | Precision@1: 44.596% (19237/43136)
Loss: 1.504 | Precision@1: 44.624% (19306/43264)
Loss: 1.503 | Precision@1: 44.660% (19379/43392)
Loss: 1.503 | Precision@1: 44.665% (19438/43520)
Loss: 1.502 | Precision@1: 44.687% (19505/43648)
Loss: 1.502 | Precision@1: 44.721% (19577/43776)
Loss: 1.501 | Precision@1: 44.750% (19647/43904)
Loss: 1.501 | Precision@1: 44.772% (19714/44032)
Loss: 1.501 | Precision@1: 44.755% (19764/44160)
Loss: 1.500 | Precision@1: 44.771% (19828/44288)
Loss: 1.500 | Precision@1: 44.788% (19893/44416)
Loss: 1.500 | Precision@1: 44.780% (19947/44544)
Loss: 1.500 | Precision@1: 44.793% (20010/44672)
Loss: 1.500 | Precision@1: 44.812% (20076/44800)
Loss: 1.500 | Precision@1: 44.805% (20130/44928)
Loss: 1.500 | Precision@1: 44.815% (20192/45056)
Loss: 1.500 | Precision@1: 44.832% (20257/45184)
Loss: 1.499 | Precision@1: 44.842% (20319/45312)
Loss: 1.499 | Precision@1: 44.870% (20389/45440)
Loss: 1.498 | Precision@1: 44.896% (20458/45568)
Loss: 1.498 | Precision@1: 44.910% (20522/45696)
Loss: 1.497 | Precision@1: 44.935% (20591/45824)
Loss: 1.497 | Precision@1: 44.964% (20662/45952)
Loss: 1.497 | Precision@1: 44.976% (20725/46080)
Loss: 1.497 | Precision@1: 44.971% (20780/46208)
Loss: 1.496 | Precision@1: 44.984% (20844/46336)
Loss: 1.495 | Precision@1: 45.020% (20918/46464)
Loss: 1.495 | Precision@1: 45.036% (20983/46592)
Loss: 1.494 | Precision@1: 45.045% (21045/46720)
Loss: 1.493 | Precision@1: 45.052% (21106/46848)
Loss: 1.493 | Precision@1: 45.057% (21166/46976)
Loss: 1.493 | Precision@1: 45.075% (21232/47104)
Loss: 1.492 | Precision@1: 45.113% (21308/47232)
Loss: 1.491 | Precision@1: 45.154% (21385/47360)
Loss: 1.491 | Precision@1: 45.161% (21446/47488)
Loss: 1.490 | Precision@1: 45.178% (21512/47616)
Loss: 1.490 | Precision@1: 45.195% (21578/47744)
Loss: 1.489 | Precision@1: 45.216% (21646/47872)
Loss: 1.489 | Precision@1: 45.235% (21713/48000)
Loss: 1.489 | Precision@1: 45.242% (21774/48128)
Loss: 1.488 | Precision@1: 45.267% (21844/48256)
Loss: 1.488 | Precision@1: 45.281% (21909/48384)
Loss: 1.488 | Precision@1: 45.275% (21964/48512)
Loss: 1.488 | Precision@1: 45.286% (22027/48640)
Loss: 1.487 | Precision@1: 45.292% (22088/48768)
Loss: 1.487 | Precision@1: 45.296% (22148/48896)
Loss: 1.486 | Precision@1: 45.317% (22216/49024)
Loss: 1.486 | Precision@1: 45.337% (22284/49152)
Loss: 1.485 | Precision@1: 45.359% (22353/49280)
Loss: 1.485 | Precision@1: 45.385% (22424/49408)
Loss: 1.484 | Precision@1: 45.413% (22496/49536)
Loss: 1.484 | Precision@1: 45.423% (22559/49664)
Loss: 1.483 | Precision@1: 45.433% (22622/49792)
Loss: 1.483 | Precision@1: 45.459% (22693/49920)
Loss: 1.483 | Precision@1: 45.450% (22725/50000)

Aggregates: 			
 	 DataLoader Time: 1.3551 			
 	 Mini-batch Time: 5114.3688 			
 	 Training Epoch Time: 5114.7622
 			
 Averages: 			
 	 Training Loss: 1.4831

 Test set Averages: Loss: 1.334 | Precision@1: 50.900% (5090/10000)

Epoch: 2
Loss: 1.399 | Precision@1: 46.094% (59/128)
Loss: 1.453 | Precision@1: 44.531% (114/256)
Loss: 1.380 | Precision@1: 48.438% (186/384)
Loss: 1.361 | Precision@1: 50.000% (256/512)
Loss: 1.336 | Precision@1: 51.094% (327/640)
Loss: 1.339 | Precision@1: 51.693% (397/768)
Loss: 1.345 | Precision@1: 51.116% (458/896)
Loss: 1.328 | Precision@1: 52.441% (537/1024)
Loss: 1.325 | Precision@1: 52.604% (606/1152)
Loss: 1.328 | Precision@1: 52.344% (670/1280)
Loss: 1.327 | Precision@1: 52.486% (739/1408)
Loss: 1.321 | Precision@1: 52.474% (806/1536)
Loss: 1.324 | Precision@1: 52.344% (871/1664)
Loss: 1.335 | Precision@1: 52.121% (934/1792)
Loss: 1.331 | Precision@1: 52.292% (1004/1920)
Loss: 1.334 | Precision@1: 52.490% (1075/2048)
Loss: 1.337 | Precision@1: 52.436% (1141/2176)
Loss: 1.339 | Precision@1: 52.300% (1205/2304)
Loss: 1.337 | Precision@1: 52.385% (1274/2432)
Loss: 1.328 | Precision@1: 52.422% (1342/2560)
Loss: 1.322 | Precision@1: 52.381% (1408/2688)
Loss: 1.314 | Precision@1: 52.592% (1481/2816)
Loss: 1.312 | Precision@1: 52.717% (1552/2944)
Loss: 1.306 | Precision@1: 52.995% (1628/3072)
Loss: 1.313 | Precision@1: 52.594% (1683/3200)
Loss: 1.316 | Precision@1: 52.464% (1746/3328)
Loss: 1.314 | Precision@1: 52.575% (1817/3456)
Loss: 1.309 | Precision@1: 52.595% (1885/3584)
Loss: 1.307 | Precision@1: 52.667% (1955/3712)
Loss: 1.305 | Precision@1: 52.656% (2022/3840)
Loss: 1.303 | Precision@1: 52.596% (2087/3968)
Loss: 1.302 | Precision@1: 52.661% (2157/4096)
Loss: 1.305 | Precision@1: 52.486% (2217/4224)
Loss: 1.308 | Precision@1: 52.505% (2285/4352)
Loss: 1.308 | Precision@1: 52.656% (2359/4480)
Loss: 1.313 | Precision@1: 52.387% (2414/4608)
Loss: 1.316 | Precision@1: 52.259% (2475/4736)
Loss: 1.317 | Precision@1: 52.200% (2539/4864)
Loss: 1.319 | Precision@1: 52.123% (2602/4992)
Loss: 1.323 | Precision@1: 51.992% (2662/5120)
Loss: 1.323 | Precision@1: 52.115% (2735/5248)
Loss: 1.322 | Precision@1: 52.269% (2810/5376)
Loss: 1.317 | Precision@1: 52.344% (2881/5504)
Loss: 1.319 | Precision@1: 52.344% (2948/5632)
Loss: 1.317 | Precision@1: 52.309% (3013/5760)
Loss: 1.315 | Precision@1: 52.361% (3083/5888)
Loss: 1.315 | Precision@1: 52.360% (3150/6016)
Loss: 1.314 | Precision@1: 52.409% (3220/6144)
Loss: 1.311 | Precision@1: 52.599% (3299/6272)
Loss: 1.309 | Precision@1: 52.656% (3370/6400)
Loss: 1.310 | Precision@1: 52.604% (3434/6528)
Loss: 1.311 | Precision@1: 52.569% (3499/6656)
Loss: 1.312 | Precision@1: 52.506% (3562/6784)
Loss: 1.315 | Precision@1: 52.445% (3625/6912)
Loss: 1.316 | Precision@1: 52.500% (3696/7040)
Loss: 1.316 | Precision@1: 52.539% (3766/7168)
Loss: 1.311 | Precision@1: 52.645% (3841/7296)
Loss: 1.311 | Precision@1: 52.707% (3913/7424)
Loss: 1.308 | Precision@1: 52.807% (3988/7552)
Loss: 1.307 | Precision@1: 52.799% (4055/7680)
Loss: 1.303 | Precision@1: 52.920% (4132/7808)
Loss: 1.306 | Precision@1: 52.848% (4194/7936)
Loss: 1.307 | Precision@1: 52.840% (4261/8064)
Loss: 1.305 | Precision@1: 52.905% (4334/8192)
Loss: 1.306 | Precision@1: 52.825% (4395/8320)
Loss: 1.302 | Precision@1: 52.983% (4476/8448)
Loss: 1.301 | Precision@1: 53.078% (4552/8576)
Loss: 1.302 | Precision@1: 53.033% (4616/8704)
Loss: 1.302 | Precision@1: 53.080% (4688/8832)
Loss: 1.300 | Precision@1: 53.136% (4761/8960)
Loss: 1.300 | Precision@1: 53.059% (4822/9088)
Loss: 1.302 | Precision@1: 53.049% (4889/9216)
Loss: 1.303 | Precision@1: 52.997% (4952/9344)
Loss: 1.301 | Precision@1: 52.998% (5020/9472)
Loss: 1.300 | Precision@1: 52.979% (5086/9600)
Loss: 1.301 | Precision@1: 52.899% (5146/9728)
Loss: 1.301 | Precision@1: 52.953% (5219/9856)
Loss: 1.301 | Precision@1: 52.925% (5284/9984)
Loss: 1.302 | Precision@1: 52.878% (5347/10112)
Loss: 1.302 | Precision@1: 52.871% (5414/10240)
Loss: 1.300 | Precision@1: 52.961% (5491/10368)
Loss: 1.301 | Precision@1: 52.887% (5551/10496)
Loss: 1.301 | Precision@1: 52.899% (5620/10624)
Loss: 1.303 | Precision@1: 52.874% (5685/10752)
Loss: 1.304 | Precision@1: 52.822% (5747/10880)
Loss: 1.303 | Precision@1: 52.862% (5819/11008)
Loss: 1.304 | Precision@1: 52.811% (5881/11136)
Loss: 1.304 | Precision@1: 52.885% (5957/11264)
Loss: 1.305 | Precision@1: 52.809% (6016/11392)
Loss: 1.303 | Precision@1: 52.873% (6091/11520)
Loss: 1.304 | Precision@1: 52.807% (6151/11648)
Loss: 1.304 | Precision@1: 52.785% (6216/11776)
Loss: 1.303 | Precision@1: 52.848% (6291/11904)
Loss: 1.303 | Precision@1: 52.867% (6361/12032)
Loss: 1.302 | Precision@1: 52.854% (6427/12160)
Loss: 1.302 | Precision@1: 52.840% (6493/12288)
Loss: 1.302 | Precision@1: 52.875% (6565/12416)
Loss: 1.301 | Precision@1: 52.894% (6635/12544)
Loss: 1.300 | Precision@1: 52.936% (6708/12672)
Loss: 1.298 | Precision@1: 52.969% (6780/12800)
Loss: 1.300 | Precision@1: 52.901% (6839/12928)
Loss: 1.299 | Precision@1: 52.918% (6909/13056)
Loss: 1.300 | Precision@1: 52.867% (6970/13184)
Loss: 1.301 | Precision@1: 52.862% (7037/13312)
Loss: 1.301 | Precision@1: 52.805% (7097/13440)
Loss: 1.302 | Precision@1: 52.793% (7163/13568)
Loss: 1.303 | Precision@1: 52.738% (7223/13696)
Loss: 1.303 | Precision@1: 52.734% (7290/13824)
Loss: 1.302 | Precision@1: 52.709% (7354/13952)
Loss: 1.303 | Precision@1: 52.678% (7417/14080)
Loss: 1.303 | Precision@1: 52.668% (7483/14208)
Loss: 1.302 | Precision@1: 52.720% (7558/14336)
Loss: 1.302 | Precision@1: 52.752% (7630/14464)
Loss: 1.301 | Precision@1: 52.796% (7704/14592)
Loss: 1.301 | Precision@1: 52.765% (7767/14720)
Loss: 1.302 | Precision@1: 52.728% (7829/14848)
Loss: 1.301 | Precision@1: 52.758% (7901/14976)
Loss: 1.302 | Precision@1: 52.734% (7965/15104)
Loss: 1.301 | Precision@1: 52.777% (8039/15232)
Loss: 1.301 | Precision@1: 52.806% (8111/15360)
Loss: 1.300 | Precision@1: 52.834% (8183/15488)
Loss: 1.300 | Precision@1: 52.792% (8244/15616)
Loss: 1.301 | Precision@1: 52.776% (8309/15744)
Loss: 1.301 | Precision@1: 52.766% (8375/15872)
Loss: 1.302 | Precision@1: 52.750% (8440/16000)
Loss: 1.302 | Precision@1: 52.796% (8515/16128)
Loss: 1.302 | Precision@1: 52.768% (8578/16256)
Loss: 1.302 | Precision@1: 52.753% (8643/16384)
Loss: 1.303 | Precision@1: 52.713% (8704/16512)
Loss: 1.303 | Precision@1: 52.728% (8774/16640)
Loss: 1.302 | Precision@1: 52.719% (8840/16768)
Loss: 1.301 | Precision@1: 52.717% (8907/16896)
Loss: 1.301 | Precision@1: 52.714% (8974/17024)
Loss: 1.301 | Precision@1: 52.729% (9044/17152)
Loss: 1.301 | Precision@1: 52.731% (9112/17280)
Loss: 1.302 | Precision@1: 52.694% (9173/17408)
Loss: 1.302 | Precision@1: 52.697% (9241/17536)
Loss: 1.303 | Precision@1: 52.649% (9300/17664)
Loss: 1.303 | Precision@1: 52.670% (9371/17792)
Loss: 1.302 | Precision@1: 52.690% (9442/17920)
Loss: 1.302 | Precision@1: 52.687% (9509/18048)
Loss: 1.301 | Precision@1: 52.707% (9580/18176)
Loss: 1.301 | Precision@1: 52.748% (9655/18304)
Loss: 1.301 | Precision@1: 52.778% (9728/18432)
Loss: 1.298 | Precision@1: 52.856% (9810/18560)
Loss: 1.298 | Precision@1: 52.793% (9866/18688)
Loss: 1.298 | Precision@1: 52.780% (9931/18816)
Loss: 1.298 | Precision@1: 52.787% (10000/18944)
Loss: 1.298 | Precision@1: 52.847% (10079/19072)
Loss: 1.297 | Precision@1: 52.875% (10152/19200)
Loss: 1.297 | Precision@1: 52.887% (10222/19328)
Loss: 1.297 | Precision@1: 52.883% (10289/19456)
Loss: 1.297 | Precision@1: 52.880% (10356/19584)
Loss: 1.296 | Precision@1: 52.927% (10433/19712)
Loss: 1.295 | Precision@1: 52.949% (10505/19840)
Loss: 1.295 | Precision@1: 52.945% (10572/19968)
Loss: 1.294 | Precision@1: 52.986% (10648/20096)
Loss: 1.294 | Precision@1: 52.987% (10716/20224)
Loss: 1.294 | Precision@1: 53.012% (10789/20352)
Loss: 1.293 | Precision@1: 53.032% (10861/20480)
Loss: 1.292 | Precision@1: 53.067% (10936/20608)
Loss: 1.293 | Precision@1: 53.029% (10996/20736)
Loss: 1.292 | Precision@1: 53.063% (11071/20864)
Loss: 1.293 | Precision@1: 53.058% (11138/20992)
Loss: 1.292 | Precision@1: 53.087% (11212/21120)
Loss: 1.291 | Precision@1: 53.111% (11285/21248)
Loss: 1.291 | Precision@1: 53.125% (11356/21376)
Loss: 1.292 | Precision@1: 53.125% (11424/21504)
Loss: 1.291 | Precision@1: 53.167% (11501/21632)
Loss: 1.290 | Precision@1: 53.185% (11573/21760)
Loss: 1.290 | Precision@1: 53.203% (11645/21888)
Loss: 1.289 | Precision@1: 53.229% (11719/22016)
Loss: 1.288 | Precision@1: 53.251% (11792/22144)
Loss: 1.288 | Precision@1: 53.269% (11864/22272)
Loss: 1.288 | Precision@1: 53.263% (11931/22400)
Loss: 1.287 | Precision@1: 53.294% (12006/22528)
Loss: 1.286 | Precision@1: 53.332% (12083/22656)
Loss: 1.286 | Precision@1: 53.358% (12157/22784)
Loss: 1.285 | Precision@1: 53.361% (12226/22912)
Loss: 1.285 | Precision@1: 53.372% (12297/23040)
Loss: 1.285 | Precision@1: 53.367% (12364/23168)
Loss: 1.285 | Precision@1: 53.361% (12431/23296)
Loss: 1.286 | Precision@1: 53.351% (12497/23424)
Loss: 1.286 | Precision@1: 53.359% (12567/23552)
Loss: 1.286 | Precision@1: 53.336% (12630/23680)
Loss: 1.287 | Precision@1: 53.327% (12696/23808)
Loss: 1.287 | Precision@1: 53.326% (12764/23936)
Loss: 1.287 | Precision@1: 53.324% (12832/24064)
Loss: 1.287 | Precision@1: 53.340% (12904/24192)
Loss: 1.287 | Precision@1: 53.380% (12982/24320)
Loss: 1.287 | Precision@1: 53.358% (13045/24448)
Loss: 1.287 | Precision@1: 53.349% (13111/24576)
Loss: 1.288 | Precision@1: 53.335% (13176/24704)
Loss: 1.288 | Precision@1: 53.338% (13245/24832)
Loss: 1.288 | Precision@1: 53.333% (13312/24960)
Loss: 1.287 | Precision@1: 53.364% (13388/25088)
Loss: 1.287 | Precision@1: 53.351% (13453/25216)
Loss: 1.286 | Precision@1: 53.362% (13524/25344)
Loss: 1.286 | Precision@1: 53.361% (13592/25472)
Loss: 1.286 | Precision@1: 53.367% (13662/25600)
Loss: 1.286 | Precision@1: 53.385% (13735/25728)
Loss: 1.286 | Precision@1: 53.407% (13809/25856)
Loss: 1.286 | Precision@1: 53.425% (13882/25984)
Loss: 1.285 | Precision@1: 53.473% (13963/26112)
Loss: 1.285 | Precision@1: 53.468% (14030/26240)
Loss: 1.285 | Precision@1: 53.444% (14092/26368)
Loss: 1.285 | Precision@1: 53.446% (14161/26496)
Loss: 1.285 | Precision@1: 53.471% (14236/26624)
Loss: 1.285 | Precision@1: 53.495% (14311/26752)
Loss: 1.285 | Precision@1: 53.471% (14373/26880)
Loss: 1.285 | Precision@1: 53.484% (14445/27008)
Loss: 1.285 | Precision@1: 53.501% (14518/27136)
Loss: 1.286 | Precision@1: 53.484% (14582/27264)
Loss: 1.284 | Precision@1: 53.541% (14666/27392)
Loss: 1.284 | Precision@1: 53.565% (14741/27520)
Loss: 1.283 | Precision@1: 53.573% (14812/27648)
Loss: 1.283 | Precision@1: 53.579% (14882/27776)
Loss: 1.283 | Precision@1: 53.594% (14955/27904)
Loss: 1.283 | Precision@1: 53.603% (15026/28032)
Loss: 1.283 | Precision@1: 53.604% (15095/28160)
Loss: 1.283 | Precision@1: 53.613% (15166/28288)
Loss: 1.282 | Precision@1: 53.611% (15234/28416)
Loss: 1.282 | Precision@1: 53.615% (15304/28544)
Loss: 1.282 | Precision@1: 53.610% (15371/28672)
Loss: 1.280 | Precision@1: 53.670% (15457/28800)
Loss: 1.280 | Precision@1: 53.682% (15529/28928)
Loss: 1.279 | Precision@1: 53.734% (15613/29056)
Loss: 1.280 | Precision@1: 53.728% (15680/29184)
Loss: 1.279 | Precision@1: 53.760% (15758/29312)
Loss: 1.278 | Precision@1: 53.818% (15844/29440)
Loss: 1.277 | Precision@1: 53.842% (15920/29568)
Loss: 1.277 | Precision@1: 53.836% (15987/29696)
Loss: 1.277 | Precision@1: 53.846% (16059/29824)
Loss: 1.276 | Precision@1: 53.876% (16137/29952)
Loss: 1.275 | Precision@1: 53.903% (16214/30080)
Loss: 1.275 | Precision@1: 53.913% (16286/30208)
Loss: 1.274 | Precision@1: 53.962% (16370/30336)
Loss: 1.273 | Precision@1: 53.972% (16442/30464)
Loss: 1.273 | Precision@1: 53.985% (16515/30592)
Loss: 1.272 | Precision@1: 54.017% (16594/30720)
Loss: 1.271 | Precision@1: 54.055% (16675/30848)
Loss: 1.271 | Precision@1: 54.048% (16742/30976)
Loss: 1.271 | Precision@1: 54.083% (16822/31104)
Loss: 1.270 | Precision@1: 54.127% (16905/31232)
Loss: 1.270 | Precision@1: 54.126% (16974/31360)
Loss: 1.270 | Precision@1: 54.132% (17045/31488)
Loss: 1.270 | Precision@1: 54.143% (17118/31616)
Loss: 1.269 | Precision@1: 54.165% (17194/31744)
Loss: 1.269 | Precision@1: 54.182% (17269/31872)
Loss: 1.268 | Precision@1: 54.203% (17345/32000)
Loss: 1.267 | Precision@1: 54.214% (17418/32128)
Loss: 1.268 | Precision@1: 54.222% (17490/32256)
Loss: 1.267 | Precision@1: 54.240% (17565/32384)
Loss: 1.267 | Precision@1: 54.235% (17633/32512)
Loss: 1.267 | Precision@1: 54.228% (17700/32640)
Loss: 1.267 | Precision@1: 54.239% (17773/32768)
Loss: 1.267 | Precision@1: 54.207% (17832/32896)
Loss: 1.268 | Precision@1: 54.203% (17900/33024)
Loss: 1.268 | Precision@1: 54.193% (17966/33152)
Loss: 1.268 | Precision@1: 54.186% (18033/33280)
Loss: 1.268 | Precision@1: 54.182% (18101/33408)
Loss: 1.267 | Precision@1: 54.207% (18179/33536)
Loss: 1.266 | Precision@1: 54.239% (18259/33664)
Loss: 1.266 | Precision@1: 54.252% (18333/33792)
Loss: 1.266 | Precision@1: 54.254% (18403/33920)
Loss: 1.266 | Precision@1: 54.259% (18474/34048)
Loss: 1.266 | Precision@1: 54.254% (18542/34176)
Loss: 1.266 | Precision@1: 54.250% (18610/34304)
Loss: 1.264 | Precision@1: 54.301% (18697/34432)
Loss: 1.265 | Precision@1: 54.291% (18763/34560)
Loss: 1.265 | Precision@1: 54.281% (18829/34688)
Loss: 1.265 | Precision@1: 54.314% (18910/34816)
Loss: 1.265 | Precision@1: 54.318% (18981/34944)
Loss: 1.265 | Precision@1: 54.320% (19051/35072)
Loss: 1.264 | Precision@1: 54.344% (19129/35200)
Loss: 1.264 | Precision@1: 54.370% (19208/35328)
Loss: 1.264 | Precision@1: 54.377% (19280/35456)
Loss: 1.264 | Precision@1: 54.370% (19347/35584)
Loss: 1.263 | Precision@1: 54.399% (19427/35712)
Loss: 1.262 | Precision@1: 54.406% (19499/35840)
Loss: 1.262 | Precision@1: 54.443% (19582/35968)
Loss: 1.261 | Precision@1: 54.449% (19654/36096)
Loss: 1.261 | Precision@1: 54.450% (19724/36224)
Loss: 1.260 | Precision@1: 54.478% (19804/36352)
Loss: 1.259 | Precision@1: 54.526% (19891/36480)
Loss: 1.259 | Precision@1: 54.551% (19970/36608)
Loss: 1.258 | Precision@1: 54.592% (20055/36736)
Loss: 1.258 | Precision@1: 54.593% (20125/36864)
Loss: 1.257 | Precision@1: 54.631% (20209/36992)
Loss: 1.256 | Precision@1: 54.639% (20282/37120)
Loss: 1.256 | Precision@1: 54.655% (20358/37248)
Loss: 1.256 | Precision@1: 54.661% (20430/37376)
Loss: 1.256 | Precision@1: 54.653% (20497/37504)
Loss: 1.255 | Precision@1: 54.674% (20575/37632)
Loss: 1.254 | Precision@1: 54.717% (20661/37760)
Loss: 1.254 | Precision@1: 54.711% (20729/37888)
Loss: 1.253 | Precision@1: 54.732% (20807/38016)
Loss: 1.252 | Precision@1: 54.756% (20886/38144)
Loss: 1.252 | Precision@1: 54.776% (20964/38272)
Loss: 1.251 | Precision@1: 54.786% (21038/38400)
Loss: 1.251 | Precision@1: 54.786% (21108/38528)
Loss: 1.251 | Precision@1: 54.809% (21187/38656)
Loss: 1.251 | Precision@1: 54.822% (21262/38784)
Loss: 1.251 | Precision@1: 54.842% (21340/38912)
Loss: 1.251 | Precision@1: 54.839% (21409/39040)
Loss: 1.251 | Precision@1: 54.841% (21480/39168)
Loss: 1.250 | Precision@1: 54.868% (21561/39296)
Loss: 1.250 | Precision@1: 54.893% (21641/39424)
Loss: 1.250 | Precision@1: 54.890% (21710/39552)
Loss: 1.249 | Precision@1: 54.917% (21791/39680)
Loss: 1.248 | Precision@1: 54.944% (21872/39808)
Loss: 1.248 | Precision@1: 54.948% (21944/39936)
Loss: 1.248 | Precision@1: 54.935% (22009/40064)
Loss: 1.248 | Precision@1: 54.936% (22080/40192)
Loss: 1.247 | Precision@1: 54.983% (22169/40320)
Loss: 1.247 | Precision@1: 55.001% (22247/40448)
Loss: 1.246 | Precision@1: 55.042% (22334/40576)
Loss: 1.246 | Precision@1: 55.034% (22401/40704)
Loss: 1.245 | Precision@1: 55.082% (22491/40832)
Loss: 1.244 | Precision@1: 55.103% (22570/40960)
Loss: 1.243 | Precision@1: 55.123% (22649/41088)
Loss: 1.243 | Precision@1: 55.139% (22726/41216)
Loss: 1.243 | Precision@1: 55.162% (22806/41344)
Loss: 1.243 | Precision@1: 55.143% (22869/41472)
Loss: 1.244 | Precision@1: 55.123% (22931/41600)
Loss: 1.244 | Precision@1: 55.124% (23002/41728)
Loss: 1.244 | Precision@1: 55.113% (23068/41856)
Loss: 1.243 | Precision@1: 55.133% (23147/41984)
Loss: 1.243 | Precision@1: 55.141% (23221/42112)
Loss: 1.242 | Precision@1: 55.170% (23304/42240)
Loss: 1.242 | Precision@1: 55.162% (23371/42368)
Loss: 1.241 | Precision@1: 55.175% (23447/42496)
Loss: 1.241 | Precision@1: 55.213% (23534/42624)
Loss: 1.241 | Precision@1: 55.209% (23603/42752)
Loss: 1.240 | Precision@1: 55.231% (23683/42880)
Loss: 1.240 | Precision@1: 55.248% (23761/43008)
Loss: 1.240 | Precision@1: 55.265% (23839/43136)
Loss: 1.239 | Precision@1: 55.286% (23919/43264)
Loss: 1.239 | Precision@1: 55.312% (24001/43392)
Loss: 1.238 | Precision@1: 55.347% (24087/43520)
Loss: 1.238 | Precision@1: 55.350% (24159/43648)
Loss: 1.238 | Precision@1: 55.350% (24230/43776)
Loss: 1.238 | Precision@1: 55.355% (24303/43904)
Loss: 1.238 | Precision@1: 55.367% (24379/44032)
Loss: 1.238 | Precision@1: 55.349% (24442/44160)
Loss: 1.238 | Precision@1: 55.342% (24510/44288)
Loss: 1.238 | Precision@1: 55.329% (24575/44416)
Loss: 1.238 | Precision@1: 55.339% (24650/44544)
Loss: 1.237 | Precision@1: 55.350% (24726/44672)
Loss: 1.237 | Precision@1: 55.346% (24795/44800)
Loss: 1.237 | Precision@1: 55.357% (24871/44928)
Loss: 1.237 | Precision@1: 55.382% (24953/45056)
Loss: 1.237 | Precision@1: 55.380% (25023/45184)
Loss: 1.236 | Precision@1: 55.403% (25104/45312)
Loss: 1.236 | Precision@1: 55.414% (25180/45440)
Loss: 1.235 | Precision@1: 55.451% (25268/45568)
Loss: 1.235 | Precision@1: 55.458% (25342/45696)
Loss: 1.236 | Precision@1: 55.456% (25412/45824)
Loss: 1.235 | Precision@1: 55.469% (25489/45952)
Loss: 1.234 | Precision@1: 55.486% (25568/46080)
Loss: 1.234 | Precision@1: 55.499% (25645/46208)
Loss: 1.234 | Precision@1: 55.490% (25712/46336)
Loss: 1.234 | Precision@1: 55.490% (25783/46464)
Loss: 1.234 | Precision@1: 55.503% (25860/46592)
Loss: 1.234 | Precision@1: 55.505% (25932/46720)
Loss: 1.234 | Precision@1: 55.501% (26001/46848)
Loss: 1.234 | Precision@1: 55.528% (26085/46976)
Loss: 1.233 | Precision@1: 55.539% (26161/47104)
Loss: 1.233 | Precision@1: 55.558% (26241/47232)
Loss: 1.232 | Precision@1: 55.589% (26327/47360)
Loss: 1.232 | Precision@1: 55.604% (26405/47488)
Loss: 1.232 | Precision@1: 55.616% (26482/47616)
Loss: 1.232 | Precision@1: 55.630% (26560/47744)
Loss: 1.232 | Precision@1: 55.630% (26631/47872)
Loss: 1.232 | Precision@1: 55.635% (26705/48000)
Loss: 1.232 | Precision@1: 55.639% (26778/48128)
Loss: 1.232 | Precision@1: 55.647% (26853/48256)
Loss: 1.232 | Precision@1: 55.661% (26931/48384)
Loss: 1.231 | Precision@1: 55.681% (27012/48512)
Loss: 1.231 | Precision@1: 55.676% (27081/48640)
Loss: 1.231 | Precision@1: 55.680% (27154/48768)
Loss: 1.231 | Precision@1: 55.681% (27226/48896)
Loss: 1.230 | Precision@1: 55.709% (27311/49024)
Loss: 1.230 | Precision@1: 55.737% (27396/49152)
Loss: 1.230 | Precision@1: 55.741% (27469/49280)
Loss: 1.229 | Precision@1: 55.756% (27548/49408)
Loss: 1.229 | Precision@1: 55.768% (27625/49536)
Loss: 1.228 | Precision@1: 55.773% (27699/49664)
Loss: 1.228 | Precision@1: 55.788% (27778/49792)
Loss: 1.227 | Precision@1: 55.809% (27860/49920)
Loss: 1.227 | Precision@1: 55.826% (27913/50000)

Aggregates: 			
 	 DataLoader Time: 1.3600 			
 	 Mini-batch Time: 5110.3187 			
 	 Training Epoch Time: 5110.6965
 			
 Averages: 			
 	 Training Loss: 1.2269

 Test set Averages: Loss: 1.189 | Precision@1: 57.400% (5740/10000)

Epoch: 3
Loss: 1.021 | Precision@1: 61.719% (79/128)
Loss: 0.994 | Precision@1: 63.672% (163/256)
Loss: 1.002 | Precision@1: 64.323% (247/384)
Loss: 1.022 | Precision@1: 64.062% (328/512)
Loss: 1.035 | Precision@1: 63.125% (404/640)
Loss: 1.039 | Precision@1: 63.542% (488/768)
Loss: 1.059 | Precision@1: 62.835% (563/896)
Loss: 1.065 | Precision@1: 62.500% (640/1024)
Loss: 1.051 | Precision@1: 63.108% (727/1152)
Loss: 1.052 | Precision@1: 63.203% (809/1280)
Loss: 1.055 | Precision@1: 62.571% (881/1408)
Loss: 1.081 | Precision@1: 61.914% (951/1536)
Loss: 1.094 | Precision@1: 61.599% (1025/1664)
Loss: 1.089 | Precision@1: 61.775% (1107/1792)
Loss: 1.088 | Precision@1: 61.771% (1186/1920)
Loss: 1.082 | Precision@1: 61.670% (1263/2048)
Loss: 1.076 | Precision@1: 61.994% (1349/2176)
Loss: 1.095 | Precision@1: 61.372% (1414/2304)
Loss: 1.094 | Precision@1: 61.390% (1493/2432)
Loss: 1.093 | Precision@1: 61.523% (1575/2560)
Loss: 1.100 | Precision@1: 61.272% (1647/2688)
Loss: 1.098 | Precision@1: 61.328% (1727/2816)
Loss: 1.098 | Precision@1: 61.243% (1803/2944)
Loss: 1.097 | Precision@1: 61.361% (1885/3072)
Loss: 1.100 | Precision@1: 61.125% (1956/3200)
Loss: 1.101 | Precision@1: 60.938% (2028/3328)
Loss: 1.107 | Precision@1: 60.503% (2091/3456)
Loss: 1.106 | Precision@1: 60.770% (2178/3584)
Loss: 1.105 | Precision@1: 60.830% (2258/3712)
Loss: 1.106 | Precision@1: 60.964% (2341/3840)
Loss: 1.108 | Precision@1: 60.811% (2413/3968)
Loss: 1.105 | Precision@1: 60.791% (2490/4096)
Loss: 1.105 | Precision@1: 60.819% (2569/4224)
Loss: 1.109 | Precision@1: 60.616% (2638/4352)
Loss: 1.108 | Precision@1: 60.737% (2721/4480)
Loss: 1.109 | Precision@1: 60.677% (2796/4608)
Loss: 1.104 | Precision@1: 60.811% (2880/4736)
Loss: 1.102 | Precision@1: 61.040% (2969/4864)
Loss: 1.101 | Precision@1: 60.998% (3045/4992)
Loss: 1.102 | Precision@1: 60.938% (3120/5120)
Loss: 1.106 | Precision@1: 60.842% (3193/5248)
Loss: 1.104 | Precision@1: 60.919% (3275/5376)
Loss: 1.103 | Precision@1: 60.938% (3354/5504)
Loss: 1.103 | Precision@1: 60.902% (3430/5632)
Loss: 1.100 | Precision@1: 60.903% (3508/5760)
Loss: 1.102 | Precision@1: 60.717% (3575/5888)
Loss: 1.102 | Precision@1: 60.655% (3649/6016)
Loss: 1.098 | Precision@1: 60.872% (3740/6144)
Loss: 1.100 | Precision@1: 60.810% (3814/6272)
Loss: 1.095 | Precision@1: 60.984% (3903/6400)
Loss: 1.097 | Precision@1: 61.075% (3987/6528)
Loss: 1.095 | Precision@1: 61.223% (4075/6656)
Loss: 1.098 | Precision@1: 61.114% (4146/6784)
Loss: 1.098 | Precision@1: 61.126% (4225/6912)
Loss: 1.097 | Precision@1: 61.193% (4308/7040)
Loss: 1.093 | Precision@1: 61.370% (4399/7168)
Loss: 1.090 | Precision@1: 61.527% (4489/7296)
Loss: 1.090 | Precision@1: 61.611% (4574/7424)
Loss: 1.091 | Precision@1: 61.586% (4651/7552)
Loss: 1.089 | Precision@1: 61.628% (4733/7680)
Loss: 1.088 | Precision@1: 61.668% (4815/7808)
Loss: 1.088 | Precision@1: 61.668% (4894/7936)
Loss: 1.090 | Precision@1: 61.657% (4972/8064)
Loss: 1.090 | Precision@1: 61.658% (5051/8192)
Loss: 1.090 | Precision@1: 61.683% (5132/8320)
Loss: 1.089 | Precision@1: 61.683% (5211/8448)
Loss: 1.091 | Precision@1: 61.602% (5283/8576)
Loss: 1.089 | Precision@1: 61.627% (5364/8704)
Loss: 1.089 | Precision@1: 61.594% (5440/8832)
Loss: 1.087 | Precision@1: 61.641% (5523/8960)
Loss: 1.089 | Precision@1: 61.587% (5597/9088)
Loss: 1.089 | Precision@1: 61.599% (5677/9216)
Loss: 1.088 | Precision@1: 61.644% (5760/9344)
Loss: 1.088 | Precision@1: 61.634% (5838/9472)
Loss: 1.086 | Precision@1: 61.719% (5925/9600)
Loss: 1.085 | Precision@1: 61.770% (6009/9728)
Loss: 1.083 | Precision@1: 61.851% (6096/9856)
Loss: 1.085 | Precision@1: 61.809% (6171/9984)
Loss: 1.088 | Precision@1: 61.699% (6239/10112)
Loss: 1.086 | Precision@1: 61.738% (6322/10240)
Loss: 1.087 | Precision@1: 61.690% (6396/10368)
Loss: 1.086 | Precision@1: 61.728% (6479/10496)
Loss: 1.084 | Precision@1: 61.794% (6565/10624)
Loss: 1.083 | Precision@1: 61.849% (6650/10752)
Loss: 1.087 | Precision@1: 61.728% (6716/10880)
Loss: 1.084 | Precision@1: 61.791% (6802/11008)
Loss: 1.083 | Precision@1: 61.800% (6882/11136)
Loss: 1.082 | Precision@1: 61.816% (6963/11264)
Loss: 1.083 | Precision@1: 61.815% (7042/11392)
Loss: 1.082 | Precision@1: 61.866% (7127/11520)
Loss: 1.084 | Precision@1: 61.830% (7202/11648)
Loss: 1.084 | Precision@1: 61.804% (7278/11776)
Loss: 1.084 | Precision@1: 61.752% (7351/11904)
Loss: 1.084 | Precision@1: 61.744% (7429/12032)
Loss: 1.085 | Precision@1: 61.686% (7501/12160)
Loss: 1.085 | Precision@1: 61.719% (7584/12288)
Loss: 1.085 | Precision@1: 61.743% (7666/12416)
Loss: 1.084 | Precision@1: 61.751% (7746/12544)
Loss: 1.083 | Precision@1: 61.750% (7825/12672)
Loss: 1.083 | Precision@1: 61.758% (7905/12800)
Loss: 1.083 | Precision@1: 61.796% (7989/12928)
Loss: 1.082 | Precision@1: 61.826% (8072/13056)
Loss: 1.082 | Precision@1: 61.833% (8152/13184)
Loss: 1.083 | Precision@1: 61.794% (8226/13312)
Loss: 1.082 | Precision@1: 61.801% (8306/13440)
Loss: 1.080 | Precision@1: 61.859% (8393/13568)
Loss: 1.079 | Precision@1: 61.872% (8474/13696)
Loss: 1.078 | Precision@1: 61.965% (8566/13824)
Loss: 1.078 | Precision@1: 61.934% (8641/13952)
Loss: 1.078 | Precision@1: 61.967% (8725/14080)
Loss: 1.077 | Precision@1: 61.965% (8804/14208)
Loss: 1.076 | Precision@1: 61.956% (8882/14336)
Loss: 1.075 | Precision@1: 61.995% (8967/14464)
Loss: 1.077 | Precision@1: 61.979% (9044/14592)
Loss: 1.076 | Precision@1: 62.031% (9131/14720)
Loss: 1.076 | Precision@1: 62.049% (9213/14848)
Loss: 1.078 | Precision@1: 61.986% (9283/14976)
Loss: 1.078 | Precision@1: 61.964% (9359/15104)
Loss: 1.077 | Precision@1: 62.001% (9444/15232)
Loss: 1.078 | Precision@1: 61.973% (9519/15360)
Loss: 1.078 | Precision@1: 61.971% (9598/15488)
Loss: 1.078 | Precision@1: 61.898% (9666/15616)
Loss: 1.078 | Precision@1: 61.897% (9745/15744)
Loss: 1.079 | Precision@1: 61.845% (9816/15872)
Loss: 1.079 | Precision@1: 61.837% (9894/16000)
Loss: 1.079 | Precision@1: 61.874% (9979/16128)
Loss: 1.078 | Precision@1: 61.897% (10062/16256)
Loss: 1.077 | Precision@1: 61.981% (10155/16384)
Loss: 1.076 | Precision@1: 61.961% (10231/16512)
Loss: 1.076 | Precision@1: 62.001% (10317/16640)
Loss: 1.075 | Precision@1: 62.047% (10404/16768)
Loss: 1.074 | Precision@1: 62.103% (10493/16896)
Loss: 1.074 | Precision@1: 62.118% (10575/17024)
Loss: 1.075 | Precision@1: 62.086% (10649/17152)
Loss: 1.075 | Precision@1: 62.078% (10727/17280)
Loss: 1.074 | Precision@1: 62.132% (10816/17408)
Loss: 1.074 | Precision@1: 62.152% (10899/17536)
Loss: 1.074 | Precision@1: 62.149% (10978/17664)
Loss: 1.073 | Precision@1: 62.180% (11063/17792)
Loss: 1.073 | Precision@1: 62.188% (11144/17920)
Loss: 1.073 | Precision@1: 62.195% (11225/18048)
Loss: 1.072 | Precision@1: 62.225% (11310/18176)
Loss: 1.072 | Precision@1: 62.249% (11394/18304)
Loss: 1.072 | Precision@1: 62.234% (11471/18432)
Loss: 1.071 | Precision@1: 62.268% (11557/18560)
Loss: 1.071 | Precision@1: 62.265% (11636/18688)
Loss: 1.072 | Precision@1: 62.282% (11719/18816)
Loss: 1.072 | Precision@1: 62.299% (11802/18944)
Loss: 1.071 | Precision@1: 62.353% (11892/19072)
Loss: 1.071 | Precision@1: 62.333% (11968/19200)
Loss: 1.070 | Precision@1: 62.376% (12056/19328)
Loss: 1.069 | Precision@1: 62.397% (12140/19456)
Loss: 1.069 | Precision@1: 62.372% (12215/19584)
Loss: 1.068 | Precision@1: 62.399% (12300/19712)
Loss: 1.068 | Precision@1: 62.414% (12383/19840)
Loss: 1.068 | Precision@1: 62.390% (12458/19968)
Loss: 1.068 | Precision@1: 62.386% (12537/20096)
Loss: 1.066 | Precision@1: 62.455% (12631/20224)
Loss: 1.066 | Precision@1: 62.500% (12720/20352)
Loss: 1.065 | Precision@1: 62.529% (12806/20480)
Loss: 1.065 | Precision@1: 62.544% (12889/20608)
Loss: 1.063 | Precision@1: 62.568% (12974/20736)
Loss: 1.062 | Precision@1: 62.610% (13063/20864)
Loss: 1.062 | Precision@1: 62.619% (13145/20992)
Loss: 1.062 | Precision@1: 62.623% (13226/21120)
Loss: 1.062 | Precision@1: 62.604% (13302/21248)
Loss: 1.062 | Precision@1: 62.612% (13384/21376)
Loss: 1.061 | Precision@1: 62.635% (13469/21504)
Loss: 1.060 | Precision@1: 62.676% (13558/21632)
Loss: 1.060 | Precision@1: 62.684% (13640/21760)
Loss: 1.060 | Precision@1: 62.696% (13723/21888)
Loss: 1.060 | Precision@1: 62.727% (13810/22016)
Loss: 1.060 | Precision@1: 62.694% (13883/22144)
Loss: 1.060 | Precision@1: 62.698% (13964/22272)
Loss: 1.060 | Precision@1: 62.696% (14044/22400)
Loss: 1.060 | Precision@1: 62.709% (14127/22528)
Loss: 1.060 | Precision@1: 62.685% (14202/22656)
Loss: 1.059 | Precision@1: 62.711% (14288/22784)
Loss: 1.060 | Precision@1: 62.701% (14366/22912)
Loss: 1.059 | Precision@1: 62.721% (14451/23040)
Loss: 1.059 | Precision@1: 62.724% (14532/23168)
Loss: 1.059 | Precision@1: 62.710% (14609/23296)
Loss: 1.058 | Precision@1: 62.722% (14692/23424)
Loss: 1.058 | Precision@1: 62.725% (14773/23552)
Loss: 1.058 | Precision@1: 62.728% (14854/23680)
Loss: 1.058 | Precision@1: 62.760% (14942/23808)
Loss: 1.058 | Precision@1: 62.738% (15017/23936)
Loss: 1.058 | Precision@1: 62.758% (15102/24064)
Loss: 1.058 | Precision@1: 62.748% (15180/24192)
Loss: 1.058 | Precision@1: 62.722% (15254/24320)
Loss: 1.059 | Precision@1: 62.700% (15329/24448)
Loss: 1.059 | Precision@1: 62.687% (15406/24576)
Loss: 1.059 | Precision@1: 62.723% (15495/24704)
Loss: 1.059 | Precision@1: 62.721% (15575/24832)
Loss: 1.059 | Precision@1: 62.704% (15651/24960)
Loss: 1.059 | Precision@1: 62.695% (15729/25088)
Loss: 1.060 | Precision@1: 62.678% (15805/25216)
Loss: 1.060 | Precision@1: 62.666% (15882/25344)
Loss: 1.060 | Precision@1: 62.677% (15965/25472)
Loss: 1.060 | Precision@1: 62.664% (16042/25600)
Loss: 1.059 | Precision@1: 62.675% (16125/25728)
Loss: 1.058 | Precision@1: 62.693% (16210/25856)
Loss: 1.059 | Precision@1: 62.700% (16292/25984)
Loss: 1.058 | Precision@1: 62.726% (16379/26112)
Loss: 1.057 | Precision@1: 62.759% (16468/26240)
Loss: 1.057 | Precision@1: 62.754% (16547/26368)
Loss: 1.057 | Precision@1: 62.772% (16632/26496)
Loss: 1.056 | Precision@1: 62.804% (16721/26624)
Loss: 1.055 | Precision@1: 62.836% (16810/26752)
Loss: 1.055 | Precision@1: 62.850% (16894/26880)
Loss: 1.054 | Precision@1: 62.833% (16970/27008)
Loss: 1.054 | Precision@1: 62.846% (17054/27136)
Loss: 1.053 | Precision@1: 62.859% (17138/27264)
Loss: 1.053 | Precision@1: 62.894% (17228/27392)
Loss: 1.052 | Precision@1: 62.907% (17312/27520)
Loss: 1.052 | Precision@1: 62.916% (17395/27648)
Loss: 1.053 | Precision@1: 62.907% (17473/27776)
Loss: 1.053 | Precision@1: 62.901% (17552/27904)
Loss: 1.052 | Precision@1: 62.907% (17634/28032)
Loss: 1.052 | Precision@1: 62.926% (17720/28160)
Loss: 1.051 | Precision@1: 62.942% (17805/28288)
Loss: 1.050 | Precision@1: 62.940% (17885/28416)
Loss: 1.051 | Precision@1: 62.952% (17969/28544)
Loss: 1.050 | Precision@1: 62.967% (18054/28672)
Loss: 1.049 | Precision@1: 63.007% (18146/28800)
Loss: 1.049 | Precision@1: 63.015% (18229/28928)
Loss: 1.049 | Precision@1: 62.996% (18304/29056)
Loss: 1.049 | Precision@1: 62.973% (18378/29184)
Loss: 1.048 | Precision@1: 62.967% (18457/29312)
Loss: 1.049 | Precision@1: 62.972% (18539/29440)
Loss: 1.049 | Precision@1: 62.994% (18626/29568)
Loss: 1.048 | Precision@1: 63.029% (18717/29696)
Loss: 1.048 | Precision@1: 62.996% (18788/29824)
Loss: 1.048 | Precision@1: 63.017% (18875/29952)
Loss: 1.048 | Precision@1: 63.022% (18957/30080)
Loss: 1.048 | Precision@1: 63.020% (19037/30208)
Loss: 1.048 | Precision@1: 63.027% (19120/30336)
Loss: 1.047 | Precision@1: 63.038% (19204/30464)
Loss: 1.047 | Precision@1: 63.039% (19285/30592)
Loss: 1.047 | Precision@1: 63.044% (19367/30720)
Loss: 1.046 | Precision@1: 63.058% (19452/30848)
Loss: 1.045 | Precision@1: 63.071% (19537/30976)
Loss: 1.045 | Precision@1: 63.050% (19611/31104)
Loss: 1.045 | Precision@1: 63.064% (19696/31232)
Loss: 1.045 | Precision@1: 63.074% (19780/31360)
Loss: 1.045 | Precision@1: 63.084% (19864/31488)
Loss: 1.044 | Precision@1: 63.088% (19946/31616)
Loss: 1.044 | Precision@1: 63.095% (20029/31744)
Loss: 1.044 | Precision@1: 63.099% (20111/31872)
Loss: 1.044 | Precision@1: 63.125% (20200/32000)
Loss: 1.043 | Precision@1: 63.113% (20277/32128)
Loss: 1.043 | Precision@1: 63.126% (20362/32256)
Loss: 1.043 | Precision@1: 63.139% (20447/32384)
Loss: 1.043 | Precision@1: 63.118% (20521/32512)
Loss: 1.043 | Precision@1: 63.119% (20602/32640)
Loss: 1.042 | Precision@1: 63.156% (20695/32768)
Loss: 1.042 | Precision@1: 63.169% (20780/32896)
Loss: 1.042 | Precision@1: 63.187% (20867/33024)
Loss: 1.041 | Precision@1: 63.197% (20951/33152)
Loss: 1.041 | Precision@1: 63.203% (21034/33280)
Loss: 1.041 | Precision@1: 63.215% (21119/33408)
Loss: 1.040 | Precision@1: 63.240% (21208/33536)
Loss: 1.041 | Precision@1: 63.222% (21283/33664)
Loss: 1.040 | Precision@1: 63.237% (21369/33792)
Loss: 1.041 | Precision@1: 63.246% (21453/33920)
Loss: 1.040 | Precision@1: 63.255% (21537/34048)
Loss: 1.040 | Precision@1: 63.261% (21620/34176)
Loss: 1.040 | Precision@1: 63.273% (21705/34304)
Loss: 1.039 | Precision@1: 63.284% (21790/34432)
Loss: 1.039 | Precision@1: 63.299% (21876/34560)
Loss: 1.039 | Precision@1: 63.299% (21957/34688)
Loss: 1.039 | Precision@1: 63.278% (22031/34816)
Loss: 1.039 | Precision@1: 63.284% (22114/34944)
Loss: 1.039 | Precision@1: 63.293% (22198/35072)
Loss: 1.040 | Precision@1: 63.256% (22266/35200)
Loss: 1.040 | Precision@1: 63.242% (22342/35328)
Loss: 1.039 | Precision@1: 63.270% (22433/35456)
Loss: 1.040 | Precision@1: 63.242% (22504/35584)
Loss: 1.040 | Precision@1: 63.262% (22592/35712)
Loss: 1.039 | Precision@1: 63.259% (22672/35840)
Loss: 1.039 | Precision@1: 63.253% (22751/35968)
Loss: 1.040 | Precision@1: 63.234% (22825/36096)
Loss: 1.039 | Precision@1: 63.251% (22912/36224)
Loss: 1.039 | Precision@1: 63.248% (22992/36352)
Loss: 1.039 | Precision@1: 63.268% (23080/36480)
Loss: 1.039 | Precision@1: 63.279% (23165/36608)
Loss: 1.038 | Precision@1: 63.306% (23256/36736)
Loss: 1.038 | Precision@1: 63.311% (23339/36864)
Loss: 1.038 | Precision@1: 63.319% (23423/36992)
Loss: 1.038 | Precision@1: 63.300% (23497/37120)
Loss: 1.037 | Precision@1: 63.330% (23589/37248)
Loss: 1.037 | Precision@1: 63.324% (23668/37376)
Loss: 1.038 | Precision@1: 63.295% (23738/37504)
Loss: 1.037 | Precision@1: 63.318% (23828/37632)
Loss: 1.037 | Precision@1: 63.337% (23916/37760)
Loss: 1.036 | Precision@1: 63.342% (23999/37888)
Loss: 1.036 | Precision@1: 63.347% (24082/38016)
Loss: 1.036 | Precision@1: 63.336% (24159/38144)
Loss: 1.036 | Precision@1: 63.339% (24241/38272)
Loss: 1.035 | Precision@1: 63.349% (24326/38400)
Loss: 1.035 | Precision@1: 63.359% (24411/38528)
Loss: 1.035 | Precision@1: 63.377% (24499/38656)
Loss: 1.035 | Precision@1: 63.395% (24587/38784)
Loss: 1.034 | Precision@1: 63.412% (24675/38912)
Loss: 1.034 | Precision@1: 63.422% (24760/39040)
Loss: 1.034 | Precision@1: 63.411% (24837/39168)
Loss: 1.034 | Precision@1: 63.398% (24913/39296)
Loss: 1.034 | Precision@1: 63.395% (24993/39424)
Loss: 1.034 | Precision@1: 63.398% (25075/39552)
Loss: 1.034 | Precision@1: 63.390% (25153/39680)
Loss: 1.034 | Precision@1: 63.389% (25234/39808)
Loss: 1.034 | Precision@1: 63.419% (25327/39936)
Loss: 1.034 | Precision@1: 63.401% (25401/40064)
Loss: 1.034 | Precision@1: 63.398% (25481/40192)
Loss: 1.034 | Precision@1: 63.378% (25554/40320)
Loss: 1.033 | Precision@1: 63.400% (25644/40448)
Loss: 1.033 | Precision@1: 63.409% (25729/40576)
Loss: 1.033 | Precision@1: 63.419% (25814/40704)
Loss: 1.032 | Precision@1: 63.438% (25903/40832)
Loss: 1.032 | Precision@1: 63.452% (25990/40960)
Loss: 1.032 | Precision@1: 63.461% (26075/41088)
Loss: 1.031 | Precision@1: 63.483% (26165/41216)
Loss: 1.031 | Precision@1: 63.487% (26248/41344)
Loss: 1.031 | Precision@1: 63.498% (26334/41472)
Loss: 1.031 | Precision@1: 63.512% (26421/41600)
Loss: 1.030 | Precision@1: 63.516% (26504/41728)
Loss: 1.030 | Precision@1: 63.534% (26593/41856)
Loss: 1.030 | Precision@1: 63.503% (26661/41984)
Loss: 1.030 | Precision@1: 63.512% (26746/42112)
Loss: 1.030 | Precision@1: 63.513% (26828/42240)
Loss: 1.031 | Precision@1: 63.515% (26910/42368)
Loss: 1.030 | Precision@1: 63.517% (26992/42496)
Loss: 1.030 | Precision@1: 63.537% (27082/42624)
Loss: 1.029 | Precision@1: 63.560% (27173/42752)
Loss: 1.029 | Precision@1: 63.559% (27254/42880)
Loss: 1.028 | Precision@1: 63.570% (27340/43008)
Loss: 1.029 | Precision@1: 63.559% (27417/43136)
Loss: 1.029 | Precision@1: 63.522% (27482/43264)
Loss: 1.029 | Precision@1: 63.539% (27571/43392)
Loss: 1.029 | Precision@1: 63.520% (27644/43520)
Loss: 1.029 | Precision@1: 63.522% (27726/43648)
Loss: 1.029 | Precision@1: 63.535% (27813/43776)
Loss: 1.028 | Precision@1: 63.545% (27899/43904)
Loss: 1.028 | Precision@1: 63.570% (27991/44032)
Loss: 1.027 | Precision@1: 63.582% (28078/44160)
Loss: 1.027 | Precision@1: 63.575% (28156/44288)
Loss: 1.027 | Precision@1: 63.594% (28246/44416)
Loss: 1.026 | Precision@1: 63.602% (28331/44544)
Loss: 1.026 | Precision@1: 63.610% (28416/44672)
Loss: 1.026 | Precision@1: 63.614% (28499/44800)
Loss: 1.026 | Precision@1: 63.617% (28582/44928)
Loss: 1.026 | Precision@1: 63.610% (28660/45056)
Loss: 1.026 | Precision@1: 63.631% (28751/45184)
Loss: 1.025 | Precision@1: 63.648% (28840/45312)
Loss: 1.025 | Precision@1: 63.649% (28922/45440)
Loss: 1.025 | Precision@1: 63.665% (29011/45568)
Loss: 1.025 | Precision@1: 63.682% (29100/45696)
Loss: 1.025 | Precision@1: 63.674% (29178/45824)
Loss: 1.025 | Precision@1: 63.673% (29259/45952)
Loss: 1.024 | Precision@1: 63.704% (29355/46080)
Loss: 1.024 | Precision@1: 63.721% (29444/46208)
Loss: 1.024 | Precision@1: 63.737% (29533/46336)
Loss: 1.023 | Precision@1: 63.740% (29616/46464)
Loss: 1.024 | Precision@1: 63.743% (29699/46592)
Loss: 1.024 | Precision@1: 63.744% (29781/46720)
Loss: 1.023 | Precision@1: 63.766% (29873/46848)
Loss: 1.023 | Precision@1: 63.762% (29953/46976)
Loss: 1.023 | Precision@1: 63.765% (30036/47104)
Loss: 1.023 | Precision@1: 63.770% (30120/47232)
Loss: 1.023 | Precision@1: 63.771% (30202/47360)
Loss: 1.023 | Precision@1: 63.772% (30284/47488)
Loss: 1.023 | Precision@1: 63.775% (30367/47616)
Loss: 1.023 | Precision@1: 63.786% (30454/47744)
Loss: 1.023 | Precision@1: 63.799% (30542/47872)
Loss: 1.023 | Precision@1: 63.804% (30626/48000)
Loss: 1.023 | Precision@1: 63.811% (30711/48128)
Loss: 1.023 | Precision@1: 63.808% (30791/48256)
Loss: 1.023 | Precision@1: 63.802% (30870/48384)
Loss: 1.022 | Precision@1: 63.819% (30960/48512)
Loss: 1.022 | Precision@1: 63.830% (31047/48640)
Loss: 1.022 | Precision@1: 63.849% (31138/48768)
Loss: 1.021 | Precision@1: 63.872% (31231/48896)
Loss: 1.021 | Precision@1: 63.871% (31312/49024)
Loss: 1.021 | Precision@1: 63.873% (31395/49152)
Loss: 1.020 | Precision@1: 63.880% (31480/49280)
Loss: 1.020 | Precision@1: 63.886% (31565/49408)
Loss: 1.020 | Precision@1: 63.905% (31656/49536)
Loss: 1.019 | Precision@1: 63.920% (31745/49664)
Loss: 1.019 | Precision@1: 63.926% (31830/49792)
Loss: 1.019 | Precision@1: 63.932% (31915/49920)
Loss: 1.019 | Precision@1: 63.942% (31971/50000)

Aggregates: 			
 	 DataLoader Time: 1.3851 			
 	 Mini-batch Time: 5103.3769 			
 	 Training Epoch Time: 5103.7455
 			
 Averages: 			
 	 Training Loss: 1.0187

 Test set Averages: Loss: 1.088 | Precision@1: 61.130% (6113/10000)

Epoch: 4
Loss: 0.802 | Precision@1: 71.094% (91/128)
Loss: 0.923 | Precision@1: 66.016% (169/256)
Loss: 0.903 | Precision@1: 67.448% (259/384)
Loss: 0.891 | Precision@1: 67.578% (346/512)
Loss: 0.883 | Precision@1: 68.750% (440/640)
Loss: 0.876 | Precision@1: 69.661% (535/768)
Loss: 0.915 | Precision@1: 67.969% (609/896)
Loss: 0.926 | Precision@1: 67.676% (693/1024)
Loss: 0.930 | Precision@1: 67.274% (775/1152)
Loss: 0.934 | Precision@1: 67.188% (860/1280)
Loss: 0.923 | Precision@1: 67.472% (950/1408)
Loss: 0.924 | Precision@1: 67.448% (1036/1536)
Loss: 0.922 | Precision@1: 67.548% (1124/1664)
Loss: 0.928 | Precision@1: 67.299% (1206/1792)
Loss: 0.924 | Precision@1: 67.188% (1290/1920)
Loss: 0.915 | Precision@1: 67.480% (1382/2048)
Loss: 0.908 | Precision@1: 67.785% (1475/2176)
Loss: 0.908 | Precision@1: 67.969% (1566/2304)
Loss: 0.907 | Precision@1: 67.969% (1653/2432)
Loss: 0.905 | Precision@1: 68.086% (1743/2560)
Loss: 0.911 | Precision@1: 67.857% (1824/2688)
Loss: 0.906 | Precision@1: 68.040% (1916/2816)
Loss: 0.904 | Precision@1: 68.173% (2007/2944)
Loss: 0.900 | Precision@1: 68.294% (2098/3072)
Loss: 0.901 | Precision@1: 68.188% (2182/3200)
Loss: 0.898 | Precision@1: 68.359% (2275/3328)
Loss: 0.891 | Precision@1: 68.403% (2364/3456)
Loss: 0.891 | Precision@1: 68.471% (2454/3584)
Loss: 0.902 | Precision@1: 67.942% (2522/3712)
Loss: 0.904 | Precision@1: 67.865% (2606/3840)
Loss: 0.905 | Precision@1: 67.767% (2689/3968)
Loss: 0.909 | Precision@1: 67.676% (2772/4096)
Loss: 0.907 | Precision@1: 67.850% (2866/4224)
Loss: 0.911 | Precision@1: 67.578% (2941/4352)
Loss: 0.911 | Precision@1: 67.545% (3026/4480)
Loss: 0.910 | Precision@1: 67.643% (3117/4608)
Loss: 0.912 | Precision@1: 67.525% (3198/4736)
Loss: 0.916 | Precision@1: 67.290% (3273/4864)
Loss: 0.919 | Precision@1: 67.208% (3355/4992)
Loss: 0.920 | Precision@1: 67.207% (3441/5120)
Loss: 0.923 | Precision@1: 67.111% (3522/5248)
Loss: 0.926 | Precision@1: 67.039% (3604/5376)
Loss: 0.923 | Precision@1: 67.078% (3692/5504)
Loss: 0.926 | Precision@1: 67.134% (3781/5632)
Loss: 0.924 | Precision@1: 67.188% (3870/5760)
Loss: 0.922 | Precision@1: 67.289% (3962/5888)
Loss: 0.921 | Precision@1: 67.354% (4052/6016)
Loss: 0.920 | Precision@1: 67.464% (4145/6144)
Loss: 0.919 | Precision@1: 67.538% (4236/6272)
Loss: 0.918 | Precision@1: 67.547% (4323/6400)
Loss: 0.916 | Precision@1: 67.540% (4409/6528)
Loss: 0.916 | Precision@1: 67.473% (4491/6656)
Loss: 0.915 | Precision@1: 67.541% (4582/6784)
Loss: 0.917 | Precision@1: 67.462% (4663/6912)
Loss: 0.920 | Precision@1: 67.372% (4743/7040)
Loss: 0.920 | Precision@1: 67.411% (4832/7168)
Loss: 0.921 | Precision@1: 67.393% (4917/7296)
Loss: 0.919 | Precision@1: 67.443% (5007/7424)
Loss: 0.919 | Precision@1: 67.426% (5092/7552)
Loss: 0.918 | Precision@1: 67.513% (5185/7680)
Loss: 0.919 | Precision@1: 67.405% (5263/7808)
Loss: 0.921 | Precision@1: 67.288% (5340/7936)
Loss: 0.922 | Precision@1: 67.274% (5425/8064)
Loss: 0.924 | Precision@1: 67.236% (5508/8192)
Loss: 0.925 | Precision@1: 67.188% (5590/8320)
Loss: 0.926 | Precision@1: 67.105% (5669/8448)
Loss: 0.925 | Precision@1: 67.059% (5751/8576)
Loss: 0.925 | Precision@1: 67.050% (5836/8704)
Loss: 0.925 | Precision@1: 67.018% (5919/8832)
Loss: 0.926 | Precision@1: 66.987% (6002/8960)
Loss: 0.925 | Precision@1: 67.033% (6092/9088)
Loss: 0.926 | Precision@1: 66.938% (6169/9216)
Loss: 0.925 | Precision@1: 66.973% (6258/9344)
Loss: 0.926 | Precision@1: 66.955% (6342/9472)
Loss: 0.927 | Precision@1: 66.938% (6426/9600)
Loss: 0.926 | Precision@1: 66.982% (6516/9728)
Loss: 0.925 | Precision@1: 66.985% (6602/9856)
Loss: 0.923 | Precision@1: 67.027% (6692/9984)
Loss: 0.923 | Precision@1: 67.000% (6775/10112)
Loss: 0.924 | Precision@1: 66.953% (6856/10240)
Loss: 0.926 | Precision@1: 66.898% (6936/10368)
Loss: 0.925 | Precision@1: 66.987% (7031/10496)
Loss: 0.924 | Precision@1: 67.027% (7121/10624)
Loss: 0.926 | Precision@1: 66.946% (7198/10752)
Loss: 0.927 | Precision@1: 66.958% (7285/10880)
Loss: 0.925 | Precision@1: 66.997% (7375/11008)
Loss: 0.926 | Precision@1: 66.981% (7459/11136)
Loss: 0.925 | Precision@1: 67.001% (7547/11264)
Loss: 0.925 | Precision@1: 66.994% (7632/11392)
Loss: 0.925 | Precision@1: 66.962% (7714/11520)
Loss: 0.925 | Precision@1: 66.956% (7799/11648)
Loss: 0.924 | Precision@1: 67.001% (7890/11776)
Loss: 0.923 | Precision@1: 67.019% (7978/11904)
Loss: 0.922 | Precision@1: 67.063% (8069/12032)
Loss: 0.922 | Precision@1: 67.072% (8156/12160)
Loss: 0.922 | Precision@1: 67.090% (8244/12288)
Loss: 0.920 | Precision@1: 67.123% (8334/12416)
Loss: 0.919 | Precision@1: 67.156% (8424/12544)
Loss: 0.918 | Precision@1: 67.164% (8511/12672)
Loss: 0.917 | Precision@1: 67.180% (8599/12800)
Loss: 0.915 | Precision@1: 67.249% (8694/12928)
Loss: 0.914 | Precision@1: 67.318% (8789/13056)
Loss: 0.914 | Precision@1: 67.301% (8873/13184)
Loss: 0.915 | Precision@1: 67.300% (8959/13312)
Loss: 0.915 | Precision@1: 67.314% (9047/13440)
Loss: 0.914 | Precision@1: 67.357% (9139/13568)
Loss: 0.912 | Precision@1: 67.414% (9233/13696)
Loss: 0.911 | Precision@1: 67.448% (9324/13824)
Loss: 0.911 | Precision@1: 67.481% (9415/13952)
Loss: 0.912 | Precision@1: 67.457% (9498/14080)
Loss: 0.910 | Precision@1: 67.525% (9594/14208)
Loss: 0.910 | Precision@1: 67.543% (9683/14336)
Loss: 0.910 | Precision@1: 67.540% (9769/14464)
Loss: 0.909 | Precision@1: 67.578% (9861/14592)
Loss: 0.908 | Precision@1: 67.609% (9952/14720)
Loss: 0.907 | Precision@1: 67.652% (10045/14848)
Loss: 0.907 | Precision@1: 67.628% (10128/14976)
Loss: 0.907 | Precision@1: 67.624% (10214/15104)
Loss: 0.907 | Precision@1: 67.634% (10302/15232)
Loss: 0.909 | Precision@1: 67.591% (10382/15360)
Loss: 0.907 | Precision@1: 67.639% (10476/15488)
Loss: 0.908 | Precision@1: 67.604% (10557/15616)
Loss: 0.909 | Precision@1: 67.600% (10643/15744)
Loss: 0.909 | Precision@1: 67.597% (10729/15872)
Loss: 0.908 | Precision@1: 67.638% (10822/16000)
Loss: 0.907 | Precision@1: 67.665% (10913/16128)
Loss: 0.907 | Precision@1: 67.673% (11001/16256)
Loss: 0.907 | Precision@1: 67.682% (11089/16384)
Loss: 0.907 | Precision@1: 67.684% (11176/16512)
Loss: 0.905 | Precision@1: 67.746% (11273/16640)
Loss: 0.905 | Precision@1: 67.766% (11363/16768)
Loss: 0.905 | Precision@1: 67.773% (11451/16896)
Loss: 0.905 | Precision@1: 67.798% (11542/17024)
Loss: 0.905 | Precision@1: 67.782% (11626/17152)
Loss: 0.905 | Precision@1: 67.778% (11712/17280)
Loss: 0.905 | Precision@1: 67.785% (11800/17408)
Loss: 0.905 | Precision@1: 67.769% (11884/17536)
Loss: 0.904 | Precision@1: 67.816% (11979/17664)
Loss: 0.903 | Precision@1: 67.873% (12076/17792)
Loss: 0.904 | Precision@1: 67.857% (12160/17920)
Loss: 0.905 | Precision@1: 67.847% (12245/18048)
Loss: 0.905 | Precision@1: 67.848% (12332/18176)
Loss: 0.904 | Precision@1: 67.881% (12425/18304)
Loss: 0.904 | Precision@1: 67.909% (12517/18432)
Loss: 0.904 | Precision@1: 67.936% (12609/18560)
Loss: 0.904 | Precision@1: 67.921% (12693/18688)
Loss: 0.905 | Precision@1: 67.900% (12776/18816)
Loss: 0.904 | Precision@1: 67.927% (12868/18944)
Loss: 0.904 | Precision@1: 67.932% (12956/19072)
Loss: 0.903 | Precision@1: 67.979% (13052/19200)
Loss: 0.904 | Precision@1: 67.938% (13131/19328)
Loss: 0.904 | Precision@1: 67.958% (13222/19456)
Loss: 0.904 | Precision@1: 67.984% (13314/19584)
Loss: 0.903 | Precision@1: 68.025% (13409/19712)
Loss: 0.903 | Precision@1: 68.009% (13493/19840)
Loss: 0.904 | Precision@1: 67.989% (13576/19968)
Loss: 0.904 | Precision@1: 67.984% (13662/20096)
Loss: 0.904 | Precision@1: 67.979% (13748/20224)
Loss: 0.905 | Precision@1: 67.964% (13832/20352)
Loss: 0.904 | Precision@1: 67.983% (13923/20480)
Loss: 0.904 | Precision@1: 67.978% (14009/20608)
Loss: 0.904 | Precision@1: 68.017% (14104/20736)
Loss: 0.905 | Precision@1: 68.002% (14188/20864)
Loss: 0.905 | Precision@1: 68.002% (14275/20992)
Loss: 0.904 | Precision@1: 68.011% (14364/21120)
Loss: 0.904 | Precision@1: 67.997% (14448/21248)
Loss: 0.904 | Precision@1: 68.020% (14540/21376)
Loss: 0.903 | Precision@1: 68.052% (14634/21504)
Loss: 0.902 | Precision@1: 68.066% (14724/21632)
Loss: 0.902 | Precision@1: 68.079% (14814/21760)
Loss: 0.901 | Precision@1: 68.097% (14905/21888)
Loss: 0.901 | Precision@1: 68.132% (15000/22016)
Loss: 0.900 | Precision@1: 68.163% (15094/22144)
Loss: 0.900 | Precision@1: 68.153% (15179/22272)
Loss: 0.901 | Precision@1: 68.134% (15262/22400)
Loss: 0.901 | Precision@1: 68.129% (15348/22528)
Loss: 0.902 | Precision@1: 68.128% (15435/22656)
Loss: 0.902 | Precision@1: 68.118% (15520/22784)
Loss: 0.903 | Precision@1: 68.122% (15608/22912)
Loss: 0.902 | Precision@1: 68.151% (15702/23040)
Loss: 0.901 | Precision@1: 68.146% (15788/23168)
Loss: 0.901 | Precision@1: 68.149% (15876/23296)
Loss: 0.902 | Precision@1: 68.122% (15957/23424)
Loss: 0.902 | Precision@1: 68.113% (16042/23552)
Loss: 0.902 | Precision@1: 68.125% (16132/23680)
Loss: 0.901 | Precision@1: 68.166% (16229/23808)
Loss: 0.900 | Precision@1: 68.211% (16327/23936)
Loss: 0.900 | Precision@1: 68.222% (16417/24064)
Loss: 0.900 | Precision@1: 68.217% (16503/24192)
Loss: 0.899 | Precision@1: 68.215% (16590/24320)
Loss: 0.899 | Precision@1: 68.239% (16683/24448)
Loss: 0.899 | Precision@1: 68.229% (16768/24576)
Loss: 0.898 | Precision@1: 68.224% (16854/24704)
Loss: 0.898 | Precision@1: 68.222% (16941/24832)
Loss: 0.898 | Precision@1: 68.249% (17035/24960)
Loss: 0.898 | Precision@1: 68.248% (17122/25088)
Loss: 0.899 | Precision@1: 68.230% (17205/25216)
Loss: 0.899 | Precision@1: 68.257% (17299/25344)
Loss: 0.898 | Precision@1: 68.251% (17385/25472)
Loss: 0.899 | Precision@1: 68.250% (17472/25600)
Loss: 0.899 | Precision@1: 68.233% (17555/25728)
Loss: 0.899 | Precision@1: 68.243% (17645/25856)
Loss: 0.899 | Precision@1: 68.242% (17732/25984)
Loss: 0.898 | Precision@1: 68.267% (17826/26112)
Loss: 0.898 | Precision@1: 68.258% (17911/26240)
Loss: 0.898 | Precision@1: 68.287% (18006/26368)
Loss: 0.898 | Precision@1: 68.293% (18095/26496)
Loss: 0.897 | Precision@1: 68.296% (18183/26624)
Loss: 0.897 | Precision@1: 68.324% (18278/26752)
Loss: 0.897 | Precision@1: 68.337% (18369/26880)
Loss: 0.897 | Precision@1: 68.346% (18459/27008)
Loss: 0.897 | Precision@1: 68.341% (18545/27136)
Loss: 0.897 | Precision@1: 68.354% (18636/27264)
Loss: 0.897 | Precision@1: 68.348% (18722/27392)
Loss: 0.896 | Precision@1: 68.354% (18811/27520)
Loss: 0.897 | Precision@1: 68.345% (18896/27648)
Loss: 0.896 | Precision@1: 68.386% (18995/27776)
Loss: 0.897 | Precision@1: 68.384% (19082/27904)
Loss: 0.896 | Precision@1: 68.379% (19168/28032)
Loss: 0.896 | Precision@1: 68.409% (19264/28160)
Loss: 0.896 | Precision@1: 68.411% (19352/28288)
Loss: 0.896 | Precision@1: 68.426% (19444/28416)
Loss: 0.896 | Precision@1: 68.424% (19531/28544)
Loss: 0.897 | Precision@1: 68.419% (19617/28672)
Loss: 0.897 | Precision@1: 68.406% (19701/28800)
Loss: 0.897 | Precision@1: 68.397% (19786/28928)
Loss: 0.897 | Precision@1: 68.399% (19874/29056)
Loss: 0.898 | Precision@1: 68.373% (19954/29184)
Loss: 0.898 | Precision@1: 68.351% (20035/29312)
Loss: 0.898 | Precision@1: 68.315% (20112/29440)
Loss: 0.898 | Precision@1: 68.320% (20201/29568)
Loss: 0.898 | Precision@1: 68.329% (20291/29696)
Loss: 0.898 | Precision@1: 68.328% (20378/29824)
Loss: 0.899 | Precision@1: 68.293% (20455/29952)
Loss: 0.899 | Precision@1: 68.271% (20536/30080)
Loss: 0.899 | Precision@1: 68.280% (20626/30208)
Loss: 0.899 | Precision@1: 68.295% (20718/30336)
Loss: 0.898 | Precision@1: 68.330% (20816/30464)
Loss: 0.898 | Precision@1: 68.348% (20909/30592)
Loss: 0.898 | Precision@1: 68.372% (21004/30720)
Loss: 0.897 | Precision@1: 68.397% (21099/30848)
Loss: 0.897 | Precision@1: 68.401% (21188/30976)
Loss: 0.896 | Precision@1: 68.432% (21285/31104)
Loss: 0.896 | Precision@1: 68.439% (21375/31232)
Loss: 0.896 | Precision@1: 68.438% (21462/31360)
Loss: 0.895 | Precision@1: 68.467% (21559/31488)
Loss: 0.895 | Precision@1: 68.472% (21648/31616)
Loss: 0.894 | Precision@1: 68.495% (21743/31744)
Loss: 0.894 | Precision@1: 68.480% (21826/31872)
Loss: 0.894 | Precision@1: 68.484% (21915/32000)
Loss: 0.894 | Precision@1: 68.495% (22006/32128)
Loss: 0.894 | Precision@1: 68.508% (22098/32256)
Loss: 0.894 | Precision@1: 68.534% (22194/32384)
Loss: 0.894 | Precision@1: 68.513% (22275/32512)
Loss: 0.894 | Precision@1: 68.502% (22359/32640)
Loss: 0.894 | Precision@1: 68.509% (22449/32768)
Loss: 0.893 | Precision@1: 68.510% (22537/32896)
Loss: 0.894 | Precision@1: 68.511% (22625/33024)
Loss: 0.894 | Precision@1: 68.509% (22712/33152)
Loss: 0.894 | Precision@1: 68.519% (22803/33280)
Loss: 0.894 | Precision@1: 68.502% (22885/33408)
Loss: 0.894 | Precision@1: 68.500% (22972/33536)
Loss: 0.893 | Precision@1: 68.509% (23063/33664)
Loss: 0.893 | Precision@1: 68.549% (23164/33792)
Loss: 0.893 | Precision@1: 68.529% (23245/33920)
Loss: 0.893 | Precision@1: 68.527% (23332/34048)
Loss: 0.894 | Precision@1: 68.513% (23415/34176)
Loss: 0.893 | Precision@1: 68.534% (23510/34304)
Loss: 0.892 | Precision@1: 68.544% (23601/34432)
Loss: 0.893 | Precision@1: 68.521% (23681/34560)
Loss: 0.893 | Precision@1: 68.493% (23759/34688)
Loss: 0.894 | Precision@1: 68.469% (23838/34816)
Loss: 0.894 | Precision@1: 68.452% (23920/34944)
Loss: 0.894 | Precision@1: 68.442% (24004/35072)
Loss: 0.893 | Precision@1: 68.469% (24101/35200)
Loss: 0.893 | Precision@1: 68.470% (24189/35328)
Loss: 0.894 | Precision@1: 68.457% (24272/35456)
Loss: 0.894 | Precision@1: 68.441% (24354/35584)
Loss: 0.894 | Precision@1: 68.464% (24450/35712)
Loss: 0.893 | Precision@1: 68.485% (24545/35840)
Loss: 0.894 | Precision@1: 68.478% (24630/35968)
Loss: 0.894 | Precision@1: 68.487% (24721/36096)
Loss: 0.893 | Precision@1: 68.504% (24815/36224)
Loss: 0.894 | Precision@1: 68.491% (24898/36352)
Loss: 0.894 | Precision@1: 68.487% (24984/36480)
Loss: 0.894 | Precision@1: 68.496% (25075/36608)
Loss: 0.894 | Precision@1: 68.491% (25161/36736)
Loss: 0.894 | Precision@1: 68.492% (25249/36864)
Loss: 0.895 | Precision@1: 68.466% (25327/36992)
Loss: 0.895 | Precision@1: 68.464% (25414/37120)
Loss: 0.895 | Precision@1: 68.455% (25498/37248)
Loss: 0.895 | Precision@1: 68.448% (25583/37376)
Loss: 0.895 | Precision@1: 68.470% (25679/37504)
Loss: 0.895 | Precision@1: 68.508% (25781/37632)
Loss: 0.895 | Precision@1: 68.488% (25861/37760)
Loss: 0.895 | Precision@1: 68.486% (25948/37888)
Loss: 0.895 | Precision@1: 68.482% (26034/38016)
Loss: 0.894 | Precision@1: 68.501% (26129/38144)
Loss: 0.894 | Precision@1: 68.517% (26223/38272)
Loss: 0.894 | Precision@1: 68.510% (26308/38400)
Loss: 0.894 | Precision@1: 68.529% (26403/38528)
Loss: 0.893 | Precision@1: 68.559% (26502/38656)
Loss: 0.893 | Precision@1: 68.559% (26590/38784)
Loss: 0.893 | Precision@1: 68.550% (26674/38912)
Loss: 0.893 | Precision@1: 68.537% (26757/39040)
Loss: 0.892 | Precision@1: 68.551% (26850/39168)
Loss: 0.892 | Precision@1: 68.559% (26941/39296)
Loss: 0.892 | Precision@1: 68.567% (27032/39424)
Loss: 0.891 | Precision@1: 68.576% (27123/39552)
Loss: 0.892 | Precision@1: 68.584% (27214/39680)
Loss: 0.891 | Precision@1: 68.589% (27304/39808)
Loss: 0.891 | Precision@1: 68.592% (27393/39936)
Loss: 0.891 | Precision@1: 68.600% (27484/40064)
Loss: 0.891 | Precision@1: 68.606% (27574/40192)
Loss: 0.890 | Precision@1: 68.619% (27667/40320)
Loss: 0.891 | Precision@1: 68.602% (27748/40448)
Loss: 0.891 | Precision@1: 68.587% (27830/40576)
Loss: 0.891 | Precision@1: 68.600% (27923/40704)
Loss: 0.891 | Precision@1: 68.606% (28013/40832)
Loss: 0.891 | Precision@1: 68.621% (28107/40960)
Loss: 0.891 | Precision@1: 68.606% (28189/41088)
Loss: 0.891 | Precision@1: 68.595% (28272/41216)
Loss: 0.890 | Precision@1: 68.617% (28369/41344)
Loss: 0.891 | Precision@1: 68.613% (28455/41472)
Loss: 0.891 | Precision@1: 68.599% (28537/41600)
Loss: 0.890 | Precision@1: 68.585% (28619/41728)
Loss: 0.890 | Precision@1: 68.597% (28712/41856)
Loss: 0.890 | Precision@1: 68.605% (28803/41984)
Loss: 0.890 | Precision@1: 68.612% (28894/42112)
Loss: 0.890 | Precision@1: 68.625% (28987/42240)
Loss: 0.889 | Precision@1: 68.653% (29087/42368)
Loss: 0.889 | Precision@1: 68.654% (29175/42496)
Loss: 0.889 | Precision@1: 68.642% (29258/42624)
Loss: 0.889 | Precision@1: 68.647% (29348/42752)
Loss: 0.889 | Precision@1: 68.643% (29434/42880)
Loss: 0.889 | Precision@1: 68.634% (29518/43008)
Loss: 0.889 | Precision@1: 68.643% (29610/43136)
Loss: 0.889 | Precision@1: 68.658% (29704/43264)
Loss: 0.888 | Precision@1: 68.676% (29800/43392)
Loss: 0.888 | Precision@1: 68.683% (29891/43520)
Loss: 0.888 | Precision@1: 68.688% (29981/43648)
Loss: 0.888 | Precision@1: 68.693% (30071/43776)
Loss: 0.887 | Precision@1: 68.700% (30162/43904)
Loss: 0.887 | Precision@1: 68.702% (30251/44032)
Loss: 0.887 | Precision@1: 68.698% (30337/44160)
Loss: 0.887 | Precision@1: 68.716% (30433/44288)
Loss: 0.887 | Precision@1: 68.727% (30526/44416)
Loss: 0.886 | Precision@1: 68.741% (30620/44544)
Loss: 0.886 | Precision@1: 68.741% (30708/44672)
Loss: 0.886 | Precision@1: 68.750% (30800/44800)
Loss: 0.885 | Precision@1: 68.754% (30890/44928)
Loss: 0.885 | Precision@1: 68.759% (30980/45056)
Loss: 0.885 | Precision@1: 68.777% (31076/45184)
Loss: 0.885 | Precision@1: 68.785% (31168/45312)
Loss: 0.884 | Precision@1: 68.814% (31269/45440)
Loss: 0.884 | Precision@1: 68.798% (31350/45568)
Loss: 0.884 | Precision@1: 68.816% (31446/45696)
Loss: 0.884 | Precision@1: 68.831% (31541/45824)
Loss: 0.884 | Precision@1: 68.831% (31629/45952)
Loss: 0.883 | Precision@1: 68.841% (31722/46080)
Loss: 0.883 | Precision@1: 68.839% (31809/46208)
Loss: 0.884 | Precision@1: 68.826% (31891/46336)
Loss: 0.884 | Precision@1: 68.815% (31974/46464)
Loss: 0.884 | Precision@1: 68.827% (32068/46592)
Loss: 0.883 | Precision@1: 68.833% (32159/46720)
Loss: 0.883 | Precision@1: 68.844% (32252/46848)
Loss: 0.882 | Precision@1: 68.865% (32350/46976)
Loss: 0.882 | Precision@1: 68.875% (32443/47104)
Loss: 0.882 | Precision@1: 68.875% (32531/47232)
Loss: 0.882 | Precision@1: 68.866% (32615/47360)
Loss: 0.882 | Precision@1: 68.887% (32713/47488)
Loss: 0.882 | Precision@1: 68.893% (32804/47616)
Loss: 0.881 | Precision@1: 68.903% (32897/47744)
Loss: 0.881 | Precision@1: 68.909% (32988/47872)
Loss: 0.881 | Precision@1: 68.925% (33084/48000)
Loss: 0.881 | Precision@1: 68.914% (33167/48128)
Loss: 0.881 | Precision@1: 68.924% (33260/48256)
Loss: 0.881 | Precision@1: 68.928% (33350/48384)
Loss: 0.880 | Precision@1: 68.942% (33445/48512)
Loss: 0.880 | Precision@1: 68.943% (33534/48640)
Loss: 0.880 | Precision@1: 68.943% (33622/48768)
Loss: 0.880 | Precision@1: 68.948% (33713/48896)
Loss: 0.880 | Precision@1: 68.968% (33811/49024)
Loss: 0.880 | Precision@1: 68.962% (33896/49152)
Loss: 0.880 | Precision@1: 68.975% (33991/49280)
Loss: 0.879 | Precision@1: 68.989% (34086/49408)
Loss: 0.879 | Precision@1: 69.008% (34184/49536)
Loss: 0.879 | Precision@1: 69.006% (34271/49664)
Loss: 0.879 | Precision@1: 69.015% (34364/49792)
Loss: 0.879 | Precision@1: 69.028% (34459/49920)
Loss: 0.879 | Precision@1: 69.022% (34511/50000)

Aggregates: 			
 	 DataLoader Time: 1.3766 			
 	 Mini-batch Time: 5108.2622 			
 	 Training Epoch Time: 5108.6523
 			
 Averages: 			
 	 Training Loss: 0.8790

 Test set Averages: Loss: 0.893 | Precision@1: 69.310% (6931/10000)
Average dataloader time is 1.38
