model name	: Intel(R) Xeon(R) Gold 6152 CPU @ 2.10GHz
Tue Oct 29 18:42:25 2019       
+-----------------------------------------------------------------------------+
| NVIDIA-SMI 418.74       Driver Version: 418.74       CUDA Version: 10.1     |
|-------------------------------+----------------------+----------------------+
| GPU  Name        Persistence-M| Bus-Id        Disp.A | Volatile Uncorr. ECC |
| Fan  Temp  Perf  Pwr:Usage/Cap|         Memory-Usage | GPU-Util  Compute M. |
|===============================+======================+======================|
|   0  GeForce RTX 208...  On   | 00000000:3B:00.0 Off |                  N/A |
| 29%   28C    P2    66W / 250W |    990MiB / 10989MiB |      4%      Default |
+-------------------------------+----------------------+----------------------+
                                                                               
+-----------------------------------------------------------------------------+
| Processes:                                                       GPU Memory |
|  GPU       PID   Type   Process name                             Usage      |
|=============================================================================|
|    0    252183      C   python3                                      979MiB |
+-----------------------------------------------------------------------------+
Files already downloaded and verified
Files already downloaded and verified

Epoch: 0
Loss: 2.378 | Precision@1: 12.500% (16/128)
Loss: 2.817 | Precision@1: 12.109% (31/256)
Loss: 3.158 | Precision@1: 13.021% (50/384)
Loss: 3.626 | Precision@1: 12.891% (66/512)
Loss: 3.966 | Precision@1: 12.969% (83/640)
Loss: 4.207 | Precision@1: 12.370% (95/768)
Loss: 4.645 | Precision@1: 11.942% (107/896)
Loss: 5.121 | Precision@1: 12.012% (123/1024)
Loss: 5.190 | Precision@1: 11.719% (135/1152)
Loss: 5.465 | Precision@1: 11.484% (147/1280)
Loss: 5.571 | Precision@1: 11.293% (159/1408)
Loss: 5.554 | Precision@1: 11.393% (175/1536)
Loss: 5.439 | Precision@1: 11.478% (191/1664)
Loss: 5.485 | Precision@1: 11.217% (201/1792)
Loss: 5.375 | Precision@1: 10.938% (210/1920)
Loss: 5.304 | Precision@1: 10.791% (221/2048)
Loss: 5.266 | Precision@1: 10.708% (233/2176)
Loss: 5.173 | Precision@1: 10.547% (243/2304)
Loss: 5.117 | Precision@1: 10.403% (253/2432)
Loss: 5.078 | Precision@1: 10.430% (267/2560)
Loss: 5.001 | Precision@1: 10.528% (283/2688)
Loss: 4.912 | Precision@1: 10.476% (295/2816)
Loss: 4.826 | Precision@1: 10.428% (307/2944)
Loss: 4.735 | Precision@1: 10.579% (325/3072)
Loss: 4.660 | Precision@1: 10.750% (344/3200)
Loss: 4.572 | Precision@1: 11.088% (369/3328)
Loss: 4.501 | Precision@1: 11.024% (381/3456)
Loss: 4.445 | Precision@1: 11.049% (396/3584)
Loss: 4.372 | Precision@1: 11.045% (410/3712)
Loss: 4.329 | Precision@1: 11.042% (424/3840)
Loss: 4.327 | Precision@1: 11.038% (438/3968)
Loss: 4.277 | Precision@1: 10.938% (448/4096)
Loss: 4.223 | Precision@1: 11.151% (471/4224)
Loss: 4.185 | Precision@1: 11.236% (489/4352)
Loss: 4.142 | Precision@1: 11.272% (505/4480)
Loss: 4.100 | Precision@1: 11.176% (515/4608)
Loss: 4.053 | Precision@1: 11.233% (532/4736)
Loss: 4.005 | Precision@1: 11.225% (546/4864)
Loss: 3.963 | Precision@1: 11.579% (578/4992)
Loss: 3.924 | Precision@1: 11.719% (600/5120)
Loss: 3.890 | Precision@1: 11.795% (619/5248)
Loss: 3.861 | Precision@1: 11.849% (637/5376)
Loss: 3.828 | Precision@1: 12.100% (666/5504)
Loss: 3.796 | Precision@1: 12.180% (686/5632)
Loss: 3.768 | Precision@1: 12.309% (709/5760)
Loss: 3.734 | Precision@1: 12.483% (735/5888)
Loss: 3.704 | Precision@1: 12.500% (752/6016)
Loss: 3.675 | Precision@1: 12.467% (766/6144)
Loss: 3.648 | Precision@1: 12.388% (777/6272)
Loss: 3.621 | Precision@1: 12.453% (797/6400)
Loss: 3.594 | Precision@1: 12.454% (813/6528)
Loss: 3.567 | Precision@1: 12.515% (833/6656)
Loss: 3.542 | Precision@1: 12.647% (858/6784)
Loss: 3.517 | Precision@1: 12.804% (885/6912)
Loss: 3.493 | Precision@1: 12.898% (908/7040)
Loss: 3.469 | Precision@1: 13.072% (937/7168)
Loss: 3.448 | Precision@1: 13.199% (963/7296)
Loss: 3.430 | Precision@1: 13.254% (984/7424)
Loss: 3.410 | Precision@1: 13.334% (1007/7552)
Loss: 3.389 | Precision@1: 13.438% (1032/7680)
Loss: 3.368 | Precision@1: 13.627% (1064/7808)
Loss: 3.348 | Precision@1: 13.697% (1087/7936)
Loss: 3.330 | Precision@1: 13.765% (1110/8064)
Loss: 3.312 | Precision@1: 13.867% (1136/8192)
Loss: 3.294 | Precision@1: 13.906% (1157/8320)
Loss: 3.278 | Precision@1: 13.968% (1180/8448)
Loss: 3.261 | Precision@1: 13.969% (1198/8576)
Loss: 3.245 | Precision@1: 14.005% (1219/8704)
Loss: 3.227 | Precision@1: 14.108% (1246/8832)
Loss: 3.211 | Precision@1: 14.196% (1272/8960)
Loss: 3.196 | Precision@1: 14.228% (1293/9088)
Loss: 3.180 | Precision@1: 14.301% (1318/9216)
Loss: 3.166 | Precision@1: 14.373% (1343/9344)
Loss: 3.152 | Precision@1: 14.390% (1363/9472)
Loss: 3.141 | Precision@1: 14.427% (1385/9600)
Loss: 3.126 | Precision@1: 14.556% (1416/9728)
Loss: 3.113 | Precision@1: 14.661% (1445/9856)
Loss: 3.099 | Precision@1: 14.764% (1474/9984)
Loss: 3.088 | Precision@1: 14.725% (1489/10112)
Loss: 3.076 | Precision@1: 14.795% (1515/10240)
Loss: 3.063 | Precision@1: 14.931% (1548/10368)
Loss: 3.052 | Precision@1: 14.929% (1567/10496)
Loss: 3.041 | Precision@1: 14.928% (1586/10624)
Loss: 3.029 | Precision@1: 15.048% (1618/10752)
Loss: 3.018 | Precision@1: 15.074% (1640/10880)
Loss: 3.006 | Precision@1: 15.098% (1662/11008)
Loss: 2.995 | Precision@1: 15.131% (1685/11136)
Loss: 2.986 | Precision@1: 15.181% (1710/11264)
Loss: 2.976 | Precision@1: 15.230% (1735/11392)
Loss: 2.967 | Precision@1: 15.226% (1754/11520)
Loss: 2.958 | Precision@1: 15.239% (1775/11648)
Loss: 2.947 | Precision@1: 15.345% (1807/11776)
Loss: 2.939 | Precision@1: 15.415% (1835/11904)
Loss: 2.929 | Precision@1: 15.500% (1865/12032)
Loss: 2.921 | Precision@1: 15.502% (1885/12160)
Loss: 2.911 | Precision@1: 15.601% (1917/12288)
Loss: 2.902 | Precision@1: 15.714% (1951/12416)
Loss: 2.893 | Precision@1: 15.792% (1981/12544)
Loss: 2.885 | Precision@1: 15.814% (2004/12672)
Loss: 2.878 | Precision@1: 15.945% (2041/12800)
Loss: 2.868 | Precision@1: 16.112% (2083/12928)
Loss: 2.860 | Precision@1: 16.215% (2117/13056)
Loss: 2.853 | Precision@1: 16.262% (2144/13184)
Loss: 2.846 | Precision@1: 16.346% (2176/13312)
Loss: 2.839 | Precision@1: 16.399% (2204/13440)
Loss: 2.831 | Precision@1: 16.414% (2227/13568)
Loss: 2.824 | Precision@1: 16.530% (2264/13696)
Loss: 2.817 | Precision@1: 16.558% (2289/13824)
Loss: 2.809 | Precision@1: 16.643% (2322/13952)
Loss: 2.801 | Precision@1: 16.705% (2352/14080)
Loss: 2.794 | Precision@1: 16.744% (2379/14208)
Loss: 2.788 | Precision@1: 16.776% (2405/14336)
Loss: 2.781 | Precision@1: 16.869% (2440/14464)
Loss: 2.774 | Precision@1: 16.900% (2466/14592)
Loss: 2.767 | Precision@1: 16.936% (2493/14720)
Loss: 2.761 | Precision@1: 16.945% (2516/14848)
Loss: 2.754 | Precision@1: 17.014% (2548/14976)
Loss: 2.747 | Precision@1: 17.088% (2581/15104)
Loss: 2.741 | Precision@1: 17.161% (2614/15232)
Loss: 2.735 | Precision@1: 17.201% (2642/15360)
Loss: 2.730 | Precision@1: 17.226% (2668/15488)
Loss: 2.724 | Precision@1: 17.303% (2702/15616)
Loss: 2.718 | Precision@1: 17.353% (2732/15744)
Loss: 2.713 | Precision@1: 17.440% (2768/15872)
Loss: 2.706 | Precision@1: 17.550% (2808/16000)
Loss: 2.701 | Precision@1: 17.591% (2837/16128)
Loss: 2.697 | Precision@1: 17.686% (2875/16256)
Loss: 2.693 | Precision@1: 17.682% (2897/16384)
Loss: 2.687 | Precision@1: 17.745% (2930/16512)
Loss: 2.682 | Precision@1: 17.776% (2958/16640)
Loss: 2.677 | Precision@1: 17.832% (2990/16768)
Loss: 2.672 | Precision@1: 17.915% (3027/16896)
Loss: 2.667 | Precision@1: 17.934% (3053/17024)
Loss: 2.662 | Precision@1: 17.980% (3084/17152)
Loss: 2.657 | Precision@1: 18.044% (3118/17280)
Loss: 2.653 | Precision@1: 18.066% (3145/17408)
Loss: 2.648 | Precision@1: 18.071% (3169/17536)
Loss: 2.644 | Precision@1: 18.076% (3193/17664)
Loss: 2.639 | Precision@1: 18.126% (3225/17792)
Loss: 2.634 | Precision@1: 18.170% (3256/17920)
Loss: 2.629 | Precision@1: 18.213% (3287/18048)
Loss: 2.625 | Precision@1: 18.238% (3315/18176)
Loss: 2.620 | Precision@1: 18.302% (3350/18304)
Loss: 2.616 | Precision@1: 18.359% (3384/18432)
Loss: 2.611 | Precision@1: 18.438% (3422/18560)
Loss: 2.608 | Precision@1: 18.472% (3452/18688)
Loss: 2.603 | Precision@1: 18.548% (3490/18816)
Loss: 2.599 | Precision@1: 18.607% (3525/18944)
Loss: 2.595 | Precision@1: 18.661% (3559/19072)
Loss: 2.590 | Precision@1: 18.719% (3594/19200)
Loss: 2.586 | Precision@1: 18.729% (3620/19328)
Loss: 2.582 | Precision@1: 18.714% (3641/19456)
Loss: 2.578 | Precision@1: 18.770% (3676/19584)
Loss: 2.575 | Precision@1: 18.796% (3705/19712)
Loss: 2.571 | Precision@1: 18.856% (3741/19840)
Loss: 2.567 | Precision@1: 18.885% (3771/19968)
Loss: 2.563 | Precision@1: 18.944% (3807/20096)
Loss: 2.559 | Precision@1: 19.032% (3849/20224)
Loss: 2.555 | Precision@1: 19.114% (3890/20352)
Loss: 2.551 | Precision@1: 19.170% (3926/20480)
Loss: 2.546 | Precision@1: 19.206% (3958/20608)
Loss: 2.542 | Precision@1: 19.334% (4009/20736)
Loss: 2.538 | Precision@1: 19.383% (4044/20864)
Loss: 2.534 | Precision@1: 19.436% (4080/20992)
Loss: 2.531 | Precision@1: 19.493% (4117/21120)
Loss: 2.527 | Precision@1: 19.583% (4161/21248)
Loss: 2.524 | Precision@1: 19.615% (4193/21376)
Loss: 2.522 | Precision@1: 19.615% (4218/21504)
Loss: 2.519 | Precision@1: 19.619% (4244/21632)
Loss: 2.514 | Precision@1: 19.655% (4277/21760)
Loss: 2.511 | Precision@1: 19.700% (4312/21888)
Loss: 2.507 | Precision@1: 19.736% (4345/22016)
Loss: 2.504 | Precision@1: 19.793% (4383/22144)
Loss: 2.501 | Precision@1: 19.855% (4422/22272)
Loss: 2.497 | Precision@1: 19.884% (4454/22400)
Loss: 2.494 | Precision@1: 19.940% (4492/22528)
Loss: 2.491 | Precision@1: 19.981% (4527/22656)
Loss: 2.487 | Precision@1: 20.014% (4560/22784)
Loss: 2.484 | Precision@1: 20.086% (4602/22912)
Loss: 2.481 | Precision@1: 20.104% (4632/23040)
Loss: 2.478 | Precision@1: 20.105% (4658/23168)
Loss: 2.476 | Precision@1: 20.149% (4694/23296)
Loss: 2.472 | Precision@1: 20.248% (4743/23424)
Loss: 2.469 | Precision@1: 20.291% (4779/23552)
Loss: 2.466 | Precision@1: 20.334% (4815/23680)
Loss: 2.462 | Precision@1: 20.355% (4846/23808)
Loss: 2.460 | Precision@1: 20.384% (4879/23936)
Loss: 2.457 | Precision@1: 20.437% (4918/24064)
Loss: 2.454 | Precision@1: 20.453% (4948/24192)
Loss: 2.452 | Precision@1: 20.469% (4978/24320)
Loss: 2.450 | Precision@1: 20.509% (5014/24448)
Loss: 2.447 | Precision@1: 20.569% (5055/24576)
Loss: 2.444 | Precision@1: 20.616% (5093/24704)
Loss: 2.440 | Precision@1: 20.699% (5140/24832)
Loss: 2.437 | Precision@1: 20.725% (5173/24960)
Loss: 2.435 | Precision@1: 20.699% (5193/25088)
Loss: 2.433 | Precision@1: 20.749% (5232/25216)
Loss: 2.430 | Precision@1: 20.818% (5276/25344)
Loss: 2.427 | Precision@1: 20.850% (5311/25472)
Loss: 2.424 | Precision@1: 20.930% (5358/25600)
Loss: 2.422 | Precision@1: 20.981% (5398/25728)
Loss: 2.419 | Precision@1: 21.032% (5438/25856)
Loss: 2.416 | Precision@1: 21.075% (5476/25984)
Loss: 2.413 | Precision@1: 21.136% (5519/26112)
Loss: 2.410 | Precision@1: 21.181% (5558/26240)
Loss: 2.408 | Precision@1: 21.215% (5594/26368)
Loss: 2.405 | Precision@1: 21.256% (5632/26496)
Loss: 2.402 | Precision@1: 21.312% (5674/26624)
Loss: 2.400 | Precision@1: 21.307% (5700/26752)
Loss: 2.397 | Precision@1: 21.343% (5737/26880)
Loss: 2.394 | Precision@1: 21.408% (5782/27008)
Loss: 2.392 | Precision@1: 21.455% (5822/27136)
Loss: 2.389 | Precision@1: 21.468% (5853/27264)
Loss: 2.387 | Precision@1: 21.492% (5887/27392)
Loss: 2.385 | Precision@1: 21.512% (5920/27520)
Loss: 2.383 | Precision@1: 21.528% (5952/27648)
Loss: 2.381 | Precision@1: 21.569% (5991/27776)
Loss: 2.378 | Precision@1: 21.613% (6031/27904)
Loss: 2.376 | Precision@1: 21.629% (6063/28032)
Loss: 2.373 | Precision@1: 21.694% (6109/28160)
Loss: 2.371 | Precision@1: 21.698% (6138/28288)
Loss: 2.369 | Precision@1: 21.741% (6178/28416)
Loss: 2.366 | Precision@1: 21.749% (6208/28544)
Loss: 2.364 | Precision@1: 21.770% (6242/28672)
Loss: 2.363 | Precision@1: 21.785% (6274/28800)
Loss: 2.360 | Precision@1: 21.795% (6305/28928)
Loss: 2.358 | Precision@1: 21.823% (6341/29056)
Loss: 2.356 | Precision@1: 21.854% (6378/29184)
Loss: 2.354 | Precision@1: 21.882% (6414/29312)
Loss: 2.352 | Precision@1: 21.885% (6443/29440)
Loss: 2.350 | Precision@1: 21.912% (6479/29568)
Loss: 2.348 | Precision@1: 21.966% (6523/29696)
Loss: 2.345 | Precision@1: 22.009% (6564/29824)
Loss: 2.343 | Precision@1: 22.055% (6606/29952)
Loss: 2.341 | Precision@1: 22.111% (6651/30080)
Loss: 2.339 | Precision@1: 22.120% (6682/30208)
Loss: 2.338 | Precision@1: 22.168% (6725/30336)
Loss: 2.336 | Precision@1: 22.190% (6760/30464)
Loss: 2.333 | Precision@1: 22.235% (6802/30592)
Loss: 2.331 | Precision@1: 22.295% (6849/30720)
Loss: 2.328 | Precision@1: 22.329% (6888/30848)
Loss: 2.326 | Precision@1: 22.382% (6933/30976)
Loss: 2.325 | Precision@1: 22.412% (6971/31104)
Loss: 2.323 | Precision@1: 22.448% (7011/31232)
Loss: 2.320 | Precision@1: 22.516% (7061/31360)
Loss: 2.318 | Precision@1: 22.558% (7103/31488)
Loss: 2.316 | Precision@1: 22.602% (7146/31616)
Loss: 2.314 | Precision@1: 22.650% (7190/31744)
Loss: 2.312 | Precision@1: 22.694% (7233/31872)
Loss: 2.310 | Precision@1: 22.744% (7278/32000)
Loss: 2.308 | Precision@1: 22.765% (7314/32128)
Loss: 2.305 | Precision@1: 22.821% (7361/32256)
Loss: 2.304 | Precision@1: 22.860% (7403/32384)
Loss: 2.302 | Precision@1: 22.856% (7431/32512)
Loss: 2.300 | Precision@1: 22.892% (7472/32640)
Loss: 2.298 | Precision@1: 22.937% (7516/32768)
Loss: 2.296 | Precision@1: 22.985% (7561/32896)
Loss: 2.294 | Precision@1: 23.038% (7608/33024)
Loss: 2.292 | Precision@1: 23.073% (7649/33152)
Loss: 2.289 | Precision@1: 23.143% (7702/33280)
Loss: 2.288 | Precision@1: 23.192% (7748/33408)
Loss: 2.286 | Precision@1: 23.220% (7787/33536)
Loss: 2.284 | Precision@1: 23.256% (7829/33664)
Loss: 2.283 | Precision@1: 23.278% (7866/33792)
Loss: 2.282 | Precision@1: 23.284% (7898/33920)
Loss: 2.281 | Precision@1: 23.302% (7934/34048)
Loss: 2.279 | Precision@1: 23.341% (7977/34176)
Loss: 2.277 | Precision@1: 23.376% (8019/34304)
Loss: 2.275 | Precision@1: 23.432% (8068/34432)
Loss: 2.273 | Precision@1: 23.440% (8101/34560)
Loss: 2.271 | Precision@1: 23.492% (8149/34688)
Loss: 2.269 | Precision@1: 23.535% (8194/34816)
Loss: 2.267 | Precision@1: 23.558% (8232/34944)
Loss: 2.265 | Precision@1: 23.591% (8274/35072)
Loss: 2.264 | Precision@1: 23.611% (8311/35200)
Loss: 2.262 | Precision@1: 23.607% (8340/35328)
Loss: 2.261 | Precision@1: 23.635% (8380/35456)
Loss: 2.259 | Precision@1: 23.676% (8425/35584)
Loss: 2.258 | Precision@1: 23.690% (8460/35712)
Loss: 2.256 | Precision@1: 23.739% (8508/35840)
Loss: 2.255 | Precision@1: 23.768% (8549/35968)
Loss: 2.253 | Precision@1: 23.781% (8584/36096)
Loss: 2.252 | Precision@1: 23.807% (8624/36224)
Loss: 2.250 | Precision@1: 23.842% (8667/36352)
Loss: 2.249 | Precision@1: 23.860% (8704/36480)
Loss: 2.248 | Precision@1: 23.864% (8736/36608)
Loss: 2.246 | Precision@1: 23.903% (8781/36736)
Loss: 2.244 | Precision@1: 23.904% (8812/36864)
Loss: 2.243 | Precision@1: 23.927% (8851/36992)
Loss: 2.241 | Precision@1: 23.987% (8904/37120)
Loss: 2.240 | Precision@1: 24.031% (8951/37248)
Loss: 2.238 | Precision@1: 24.058% (8992/37376)
Loss: 2.236 | Precision@1: 24.093% (9036/37504)
Loss: 2.235 | Precision@1: 24.118% (9076/37632)
Loss: 2.234 | Precision@1: 24.155% (9121/37760)
Loss: 2.232 | Precision@1: 24.182% (9162/37888)
Loss: 2.231 | Precision@1: 24.235% (9213/38016)
Loss: 2.229 | Precision@1: 24.279% (9261/38144)
Loss: 2.228 | Precision@1: 24.331% (9312/38272)
Loss: 2.226 | Precision@1: 24.362% (9355/38400)
Loss: 2.224 | Precision@1: 24.406% (9403/38528)
Loss: 2.223 | Precision@1: 24.400% (9432/38656)
Loss: 2.222 | Precision@1: 24.415% (9469/38784)
Loss: 2.221 | Precision@1: 24.450% (9514/38912)
Loss: 2.219 | Precision@1: 24.488% (9560/39040)
Loss: 2.218 | Precision@1: 24.528% (9607/39168)
Loss: 2.216 | Precision@1: 24.565% (9653/39296)
Loss: 2.215 | Precision@1: 24.592% (9695/39424)
Loss: 2.213 | Precision@1: 24.631% (9742/39552)
Loss: 2.211 | Precision@1: 24.677% (9792/39680)
Loss: 2.210 | Precision@1: 24.716% (9839/39808)
Loss: 2.208 | Precision@1: 24.725% (9874/39936)
Loss: 2.207 | Precision@1: 24.775% (9926/40064)
Loss: 2.205 | Precision@1: 24.838% (9983/40192)
Loss: 2.203 | Precision@1: 24.888% (10035/40320)
Loss: 2.202 | Precision@1: 24.911% (10076/40448)
Loss: 2.200 | Precision@1: 24.963% (10129/40576)
Loss: 2.199 | Precision@1: 24.993% (10173/40704)
Loss: 2.197 | Precision@1: 25.020% (10216/40832)
Loss: 2.196 | Precision@1: 25.059% (10264/40960)
Loss: 2.195 | Precision@1: 25.085% (10307/41088)
Loss: 2.193 | Precision@1: 25.121% (10354/41216)
Loss: 2.192 | Precision@1: 25.150% (10398/41344)
Loss: 2.191 | Precision@1: 25.178% (10442/41472)
Loss: 2.189 | Precision@1: 25.204% (10485/41600)
Loss: 2.188 | Precision@1: 25.208% (10519/41728)
Loss: 2.187 | Precision@1: 25.225% (10558/41856)
Loss: 2.186 | Precision@1: 25.250% (10601/41984)
Loss: 2.184 | Precision@1: 25.275% (10644/42112)
Loss: 2.183 | Precision@1: 25.298% (10686/42240)
Loss: 2.182 | Precision@1: 25.347% (10739/42368)
Loss: 2.181 | Precision@1: 25.374% (10783/42496)
Loss: 2.179 | Precision@1: 25.418% (10834/42624)
Loss: 2.178 | Precision@1: 25.449% (10880/42752)
Loss: 2.176 | Precision@1: 25.492% (10931/42880)
Loss: 2.175 | Precision@1: 25.512% (10972/43008)
Loss: 2.173 | Precision@1: 25.536% (11015/43136)
Loss: 2.172 | Precision@1: 25.555% (11056/43264)
Loss: 2.171 | Precision@1: 25.558% (11090/43392)
Loss: 2.169 | Precision@1: 25.607% (11144/43520)
Loss: 2.168 | Precision@1: 25.641% (11192/43648)
Loss: 2.167 | Precision@1: 25.658% (11232/43776)
Loss: 2.165 | Precision@1: 25.686% (11277/43904)
Loss: 2.164 | Precision@1: 25.697% (11315/44032)
Loss: 2.163 | Precision@1: 25.720% (11358/44160)
Loss: 2.161 | Precision@1: 25.752% (11405/44288)
Loss: 2.160 | Precision@1: 25.777% (11449/44416)
Loss: 2.159 | Precision@1: 25.788% (11487/44544)
Loss: 2.158 | Precision@1: 25.817% (11533/44672)
Loss: 2.156 | Precision@1: 25.873% (11591/44800)
Loss: 2.155 | Precision@1: 25.908% (11640/44928)
Loss: 2.154 | Precision@1: 25.932% (11684/45056)
Loss: 2.153 | Precision@1: 25.961% (11730/45184)
Loss: 2.152 | Precision@1: 25.951% (11759/45312)
Loss: 2.151 | Precision@1: 25.971% (11801/45440)
Loss: 2.150 | Precision@1: 25.994% (11845/45568)
Loss: 2.148 | Precision@1: 26.042% (11900/45696)
Loss: 2.147 | Precision@1: 26.069% (11946/45824)
Loss: 2.147 | Precision@1: 26.095% (11991/45952)
Loss: 2.145 | Precision@1: 26.109% (12031/46080)
Loss: 2.144 | Precision@1: 26.128% (12073/46208)
Loss: 2.143 | Precision@1: 26.129% (12107/46336)
Loss: 2.142 | Precision@1: 26.162% (12156/46464)
Loss: 2.141 | Precision@1: 26.193% (12204/46592)
Loss: 2.140 | Precision@1: 26.218% (12249/46720)
Loss: 2.139 | Precision@1: 26.225% (12286/46848)
Loss: 2.138 | Precision@1: 26.252% (12332/46976)
Loss: 2.137 | Precision@1: 26.280% (12379/47104)
Loss: 2.135 | Precision@1: 26.306% (12425/47232)
Loss: 2.134 | Precision@1: 26.343% (12476/47360)
Loss: 2.133 | Precision@1: 26.369% (12522/47488)
Loss: 2.132 | Precision@1: 26.392% (12567/47616)
Loss: 2.131 | Precision@1: 26.412% (12610/47744)
Loss: 2.129 | Precision@1: 26.435% (12655/47872)
Loss: 2.128 | Precision@1: 26.450% (12696/48000)
Loss: 2.127 | Precision@1: 26.473% (12741/48128)
Loss: 2.126 | Precision@1: 26.492% (12784/48256)
Loss: 2.124 | Precision@1: 26.531% (12837/48384)
Loss: 2.123 | Precision@1: 26.565% (12887/48512)
Loss: 2.121 | Precision@1: 26.606% (12941/48640)
Loss: 2.120 | Precision@1: 26.638% (12991/48768)
Loss: 2.118 | Precision@1: 26.673% (13042/48896)
Loss: 2.117 | Precision@1: 26.687% (13083/49024)
Loss: 2.116 | Precision@1: 26.719% (13133/49152)
Loss: 2.115 | Precision@1: 26.751% (13183/49280)
Loss: 2.114 | Precision@1: 26.771% (13227/49408)
Loss: 2.112 | Precision@1: 26.799% (13275/49536)
Loss: 2.112 | Precision@1: 26.814% (13317/49664)
Loss: 2.111 | Precision@1: 26.834% (13361/49792)
Loss: 2.109 | Precision@1: 26.877% (13417/49920)
Loss: 2.109 | Precision@1: 26.894% (13447/50000)

Aggregates: 			
 	 DataLoader Time: 7.8775 			
 	 Mini-batch Time: 11.4120 			
 	 Training Epoch Time: 31.3440
 			
 Averages: 			
 	 Training Loss: 2.1085

 Test set Averages: Loss: 1.687 | Precision@1: 37.620% (3762/10000)

Epoch: 1
Loss: 1.667 | Precision@1: 39.062% (50/128)
Loss: 1.765 | Precision@1: 34.766% (89/256)
Loss: 1.734 | Precision@1: 33.594% (129/384)
Loss: 1.718 | Precision@1: 34.570% (177/512)
Loss: 1.694 | Precision@1: 36.719% (235/640)
Loss: 1.692 | Precision@1: 37.240% (286/768)
Loss: 1.698 | Precision@1: 36.830% (330/896)
Loss: 1.711 | Precision@1: 36.816% (377/1024)
Loss: 1.708 | Precision@1: 36.806% (424/1152)
Loss: 1.711 | Precision@1: 36.484% (467/1280)
Loss: 1.699 | Precision@1: 36.364% (512/1408)
Loss: 1.690 | Precision@1: 36.719% (564/1536)
Loss: 1.689 | Precision@1: 36.839% (613/1664)
Loss: 1.678 | Precision@1: 37.109% (665/1792)
Loss: 1.691 | Precision@1: 36.302% (697/1920)
Loss: 1.689 | Precision@1: 36.133% (740/2048)
Loss: 1.681 | Precision@1: 36.535% (795/2176)
Loss: 1.678 | Precision@1: 36.502% (841/2304)
Loss: 1.671 | Precision@1: 36.595% (890/2432)
Loss: 1.668 | Precision@1: 36.875% (944/2560)
Loss: 1.666 | Precision@1: 36.942% (993/2688)
Loss: 1.664 | Precision@1: 36.967% (1041/2816)
Loss: 1.662 | Precision@1: 36.889% (1086/2944)
Loss: 1.665 | Precision@1: 36.979% (1136/3072)
Loss: 1.667 | Precision@1: 36.719% (1175/3200)
Loss: 1.662 | Precision@1: 37.049% (1233/3328)
Loss: 1.655 | Precision@1: 37.355% (1291/3456)
Loss: 1.653 | Precision@1: 37.416% (1341/3584)
Loss: 1.654 | Precision@1: 37.446% (1390/3712)
Loss: 1.654 | Precision@1: 37.604% (1444/3840)
Loss: 1.657 | Precision@1: 37.626% (1493/3968)
Loss: 1.655 | Precision@1: 37.769% (1547/4096)
Loss: 1.653 | Precision@1: 37.831% (1598/4224)
Loss: 1.655 | Precision@1: 37.753% (1643/4352)
Loss: 1.653 | Precision@1: 37.879% (1697/4480)
Loss: 1.651 | Precision@1: 37.956% (1749/4608)
Loss: 1.651 | Precision@1: 37.922% (1796/4736)
Loss: 1.652 | Precision@1: 37.911% (1844/4864)
Loss: 1.650 | Precision@1: 38.021% (1898/4992)
Loss: 1.651 | Precision@1: 38.027% (1947/5120)
Loss: 1.652 | Precision@1: 37.957% (1992/5248)
Loss: 1.652 | Precision@1: 37.928% (2039/5376)
Loss: 1.651 | Precision@1: 37.972% (2090/5504)
Loss: 1.652 | Precision@1: 37.766% (2127/5632)
Loss: 1.654 | Precision@1: 37.795% (2177/5760)
Loss: 1.654 | Precision@1: 37.840% (2228/5888)
Loss: 1.655 | Precision@1: 37.799% (2274/6016)
Loss: 1.653 | Precision@1: 37.923% (2330/6144)
Loss: 1.653 | Precision@1: 37.787% (2370/6272)
Loss: 1.653 | Precision@1: 37.734% (2415/6400)
Loss: 1.654 | Precision@1: 37.714% (2462/6528)
Loss: 1.657 | Precision@1: 37.695% (2509/6656)
Loss: 1.656 | Precision@1: 37.721% (2559/6784)
Loss: 1.656 | Precision@1: 37.746% (2609/6912)
Loss: 1.655 | Precision@1: 37.756% (2658/7040)
Loss: 1.658 | Precision@1: 37.695% (2702/7168)
Loss: 1.658 | Precision@1: 37.664% (2748/7296)
Loss: 1.657 | Precision@1: 37.742% (2802/7424)
Loss: 1.657 | Precision@1: 37.871% (2860/7552)
Loss: 1.657 | Precision@1: 37.904% (2911/7680)
Loss: 1.659 | Precision@1: 37.769% (2949/7808)
Loss: 1.660 | Precision@1: 37.739% (2995/7936)
Loss: 1.658 | Precision@1: 37.884% (3055/8064)
Loss: 1.656 | Precision@1: 37.927% (3107/8192)
Loss: 1.656 | Precision@1: 37.981% (3160/8320)
Loss: 1.655 | Precision@1: 38.033% (3213/8448)
Loss: 1.655 | Precision@1: 38.106% (3268/8576)
Loss: 1.654 | Precision@1: 38.028% (3310/8704)
Loss: 1.653 | Precision@1: 37.998% (3356/8832)
Loss: 1.653 | Precision@1: 37.958% (3401/8960)
Loss: 1.650 | Precision@1: 38.072% (3460/9088)
Loss: 1.650 | Precision@1: 38.053% (3507/9216)
Loss: 1.648 | Precision@1: 38.121% (3562/9344)
Loss: 1.649 | Precision@1: 38.091% (3608/9472)
Loss: 1.649 | Precision@1: 38.062% (3654/9600)
Loss: 1.648 | Precision@1: 38.096% (3706/9728)
Loss: 1.649 | Precision@1: 38.068% (3752/9856)
Loss: 1.648 | Precision@1: 38.151% (3809/9984)
Loss: 1.649 | Precision@1: 38.123% (3855/10112)
Loss: 1.648 | Precision@1: 38.193% (3911/10240)
Loss: 1.647 | Precision@1: 38.233% (3964/10368)
Loss: 1.649 | Precision@1: 38.243% (4014/10496)
Loss: 1.648 | Precision@1: 38.281% (4067/10624)
Loss: 1.646 | Precision@1: 38.393% (4128/10752)
Loss: 1.647 | Precision@1: 38.327% (4170/10880)
Loss: 1.647 | Precision@1: 38.354% (4222/11008)
Loss: 1.648 | Precision@1: 38.308% (4266/11136)
Loss: 1.648 | Precision@1: 38.343% (4319/11264)
Loss: 1.648 | Precision@1: 38.308% (4364/11392)
Loss: 1.647 | Precision@1: 38.307% (4413/11520)
Loss: 1.646 | Precision@1: 38.359% (4468/11648)
Loss: 1.645 | Precision@1: 38.451% (4528/11776)
Loss: 1.646 | Precision@1: 38.348% (4565/11904)
Loss: 1.646 | Precision@1: 38.331% (4612/12032)
Loss: 1.645 | Precision@1: 38.355% (4664/12160)
Loss: 1.645 | Precision@1: 38.354% (4713/12288)
Loss: 1.646 | Precision@1: 38.370% (4764/12416)
Loss: 1.647 | Precision@1: 38.337% (4809/12544)
Loss: 1.646 | Precision@1: 38.360% (4861/12672)
Loss: 1.647 | Precision@1: 38.352% (4909/12800)
Loss: 1.645 | Precision@1: 38.436% (4969/12928)
Loss: 1.646 | Precision@1: 38.411% (5015/13056)
Loss: 1.646 | Precision@1: 38.456% (5070/13184)
Loss: 1.647 | Precision@1: 38.462% (5120/13312)
Loss: 1.646 | Precision@1: 38.460% (5169/13440)
Loss: 1.646 | Precision@1: 38.488% (5222/13568)
Loss: 1.646 | Precision@1: 38.508% (5274/13696)
Loss: 1.645 | Precision@1: 38.600% (5336/13824)
Loss: 1.645 | Precision@1: 38.582% (5383/13952)
Loss: 1.645 | Precision@1: 38.601% (5435/14080)
Loss: 1.645 | Precision@1: 38.605% (5485/14208)
Loss: 1.646 | Precision@1: 38.623% (5537/14336)
Loss: 1.647 | Precision@1: 38.613% (5585/14464)
Loss: 1.647 | Precision@1: 38.576% (5629/14592)
Loss: 1.646 | Precision@1: 38.655% (5690/14720)
Loss: 1.646 | Precision@1: 38.591% (5730/14848)
Loss: 1.646 | Precision@1: 38.582% (5778/14976)
Loss: 1.646 | Precision@1: 38.553% (5823/15104)
Loss: 1.646 | Precision@1: 38.596% (5879/15232)
Loss: 1.645 | Precision@1: 38.665% (5939/15360)
Loss: 1.644 | Precision@1: 38.669% (5989/15488)
Loss: 1.645 | Precision@1: 38.614% (6030/15616)
Loss: 1.645 | Precision@1: 38.643% (6084/15744)
Loss: 1.645 | Precision@1: 38.666% (6137/15872)
Loss: 1.644 | Precision@1: 38.719% (6195/16000)
Loss: 1.642 | Precision@1: 38.777% (6254/16128)
Loss: 1.641 | Precision@1: 38.866% (6318/16256)
Loss: 1.642 | Precision@1: 38.812% (6359/16384)
Loss: 1.641 | Precision@1: 38.857% (6416/16512)
Loss: 1.641 | Precision@1: 38.864% (6467/16640)
Loss: 1.640 | Precision@1: 38.836% (6512/16768)
Loss: 1.640 | Precision@1: 38.861% (6566/16896)
Loss: 1.640 | Precision@1: 38.828% (6610/17024)
Loss: 1.639 | Precision@1: 38.858% (6665/17152)
Loss: 1.639 | Precision@1: 38.889% (6720/17280)
Loss: 1.637 | Precision@1: 38.994% (6788/17408)
Loss: 1.637 | Precision@1: 39.000% (6839/17536)
Loss: 1.638 | Precision@1: 38.978% (6885/17664)
Loss: 1.637 | Precision@1: 38.973% (6934/17792)
Loss: 1.637 | Precision@1: 38.984% (6986/17920)
Loss: 1.636 | Precision@1: 39.013% (7041/18048)
Loss: 1.635 | Precision@1: 39.090% (7105/18176)
Loss: 1.634 | Precision@1: 39.068% (7151/18304)
Loss: 1.635 | Precision@1: 39.062% (7200/18432)
Loss: 1.635 | Precision@1: 39.068% (7251/18560)
Loss: 1.634 | Precision@1: 39.046% (7297/18688)
Loss: 1.635 | Precision@1: 39.031% (7344/18816)
Loss: 1.635 | Precision@1: 39.057% (7399/18944)
Loss: 1.635 | Precision@1: 39.026% (7443/19072)
Loss: 1.635 | Precision@1: 39.042% (7496/19200)
Loss: 1.635 | Precision@1: 39.031% (7544/19328)
Loss: 1.635 | Precision@1: 39.027% (7593/19456)
Loss: 1.634 | Precision@1: 39.052% (7648/19584)
Loss: 1.633 | Precision@1: 39.093% (7706/19712)
Loss: 1.632 | Precision@1: 39.128% (7763/19840)
Loss: 1.632 | Precision@1: 39.163% (7820/19968)
Loss: 1.631 | Precision@1: 39.172% (7872/20096)
Loss: 1.631 | Precision@1: 39.152% (7918/20224)
Loss: 1.630 | Precision@1: 39.151% (7968/20352)
Loss: 1.629 | Precision@1: 39.219% (8032/20480)
Loss: 1.628 | Precision@1: 39.271% (8093/20608)
Loss: 1.627 | Precision@1: 39.323% (8154/20736)
Loss: 1.626 | Precision@1: 39.345% (8209/20864)
Loss: 1.626 | Precision@1: 39.377% (8266/20992)
Loss: 1.625 | Precision@1: 39.408% (8323/21120)
Loss: 1.624 | Precision@1: 39.444% (8381/21248)
Loss: 1.624 | Precision@1: 39.460% (8435/21376)
Loss: 1.624 | Precision@1: 39.467% (8487/21504)
Loss: 1.624 | Precision@1: 39.483% (8541/21632)
Loss: 1.625 | Precision@1: 39.462% (8587/21760)
Loss: 1.624 | Precision@1: 39.483% (8642/21888)
Loss: 1.624 | Precision@1: 39.508% (8698/22016)
Loss: 1.623 | Precision@1: 39.541% (8756/22144)
Loss: 1.623 | Precision@1: 39.561% (8811/22272)
Loss: 1.622 | Precision@1: 39.598% (8870/22400)
Loss: 1.623 | Precision@1: 39.613% (8924/22528)
Loss: 1.623 | Precision@1: 39.610% (8974/22656)
Loss: 1.622 | Precision@1: 39.607% (9024/22784)
Loss: 1.622 | Precision@1: 39.599% (9073/22912)
Loss: 1.622 | Precision@1: 39.601% (9124/23040)
Loss: 1.622 | Precision@1: 39.589% (9172/23168)
Loss: 1.621 | Precision@1: 39.612% (9228/23296)
Loss: 1.620 | Precision@1: 39.656% (9289/23424)
Loss: 1.620 | Precision@1: 39.682% (9346/23552)
Loss: 1.619 | Precision@1: 39.688% (9398/23680)
Loss: 1.619 | Precision@1: 39.684% (9448/23808)
Loss: 1.619 | Precision@1: 39.681% (9498/23936)
Loss: 1.618 | Precision@1: 39.723% (9559/24064)
Loss: 1.617 | Precision@1: 39.761% (9619/24192)
Loss: 1.617 | Precision@1: 39.774% (9673/24320)
Loss: 1.617 | Precision@1: 39.782% (9726/24448)
Loss: 1.617 | Precision@1: 39.775% (9775/24576)
Loss: 1.617 | Precision@1: 39.787% (9829/24704)
Loss: 1.616 | Precision@1: 39.824% (9889/24832)
Loss: 1.616 | Precision@1: 39.844% (9945/24960)
Loss: 1.616 | Precision@1: 39.856% (9999/25088)
Loss: 1.615 | Precision@1: 39.907% (10063/25216)
Loss: 1.615 | Precision@1: 39.935% (10121/25344)
Loss: 1.614 | Precision@1: 39.938% (10173/25472)
Loss: 1.615 | Precision@1: 39.957% (10229/25600)
Loss: 1.615 | Precision@1: 39.960% (10281/25728)
Loss: 1.614 | Precision@1: 40.002% (10343/25856)
Loss: 1.615 | Precision@1: 39.978% (10388/25984)
Loss: 1.614 | Precision@1: 39.997% (10444/26112)
Loss: 1.615 | Precision@1: 39.996% (10495/26240)
Loss: 1.615 | Precision@1: 40.030% (10555/26368)
Loss: 1.614 | Precision@1: 40.074% (10618/26496)
Loss: 1.614 | Precision@1: 40.084% (10672/26624)
Loss: 1.613 | Precision@1: 40.090% (10725/26752)
Loss: 1.613 | Precision@1: 40.119% (10784/26880)
Loss: 1.612 | Precision@1: 40.140% (10841/27008)
Loss: 1.612 | Precision@1: 40.139% (10892/27136)
Loss: 1.612 | Precision@1: 40.156% (10948/27264)
Loss: 1.611 | Precision@1: 40.169% (11003/27392)
Loss: 1.611 | Precision@1: 40.185% (11059/27520)
Loss: 1.611 | Precision@1: 40.198% (11114/27648)
Loss: 1.610 | Precision@1: 40.222% (11172/27776)
Loss: 1.610 | Precision@1: 40.188% (11214/27904)
Loss: 1.610 | Precision@1: 40.197% (11268/28032)
Loss: 1.609 | Precision@1: 40.245% (11333/28160)
Loss: 1.608 | Precision@1: 40.240% (11383/28288)
Loss: 1.607 | Precision@1: 40.266% (11442/28416)
Loss: 1.607 | Precision@1: 40.257% (11491/28544)
Loss: 1.606 | Precision@1: 40.266% (11545/28672)
Loss: 1.606 | Precision@1: 40.264% (11596/28800)
Loss: 1.605 | Precision@1: 40.297% (11657/28928)
Loss: 1.605 | Precision@1: 40.319% (11715/29056)
Loss: 1.605 | Precision@1: 40.327% (11769/29184)
Loss: 1.606 | Precision@1: 40.287% (11809/29312)
Loss: 1.605 | Precision@1: 40.329% (11873/29440)
Loss: 1.605 | Precision@1: 40.344% (11929/29568)
Loss: 1.604 | Precision@1: 40.372% (11989/29696)
Loss: 1.603 | Precision@1: 40.417% (12054/29824)
Loss: 1.603 | Precision@1: 40.418% (12106/29952)
Loss: 1.603 | Precision@1: 40.422% (12159/30080)
Loss: 1.603 | Precision@1: 40.407% (12206/30208)
Loss: 1.603 | Precision@1: 40.401% (12256/30336)
Loss: 1.603 | Precision@1: 40.399% (12307/30464)
Loss: 1.603 | Precision@1: 40.403% (12360/30592)
Loss: 1.603 | Precision@1: 40.420% (12417/30720)
Loss: 1.603 | Precision@1: 40.434% (12473/30848)
Loss: 1.602 | Precision@1: 40.467% (12535/30976)
Loss: 1.602 | Precision@1: 40.467% (12587/31104)
Loss: 1.601 | Precision@1: 40.519% (12655/31232)
Loss: 1.600 | Precision@1: 40.542% (12714/31360)
Loss: 1.599 | Precision@1: 40.558% (12771/31488)
Loss: 1.598 | Precision@1: 40.616% (12841/31616)
Loss: 1.599 | Precision@1: 40.612% (12892/31744)
Loss: 1.599 | Precision@1: 40.644% (12954/31872)
Loss: 1.598 | Precision@1: 40.659% (13011/32000)
Loss: 1.598 | Precision@1: 40.665% (13065/32128)
Loss: 1.598 | Precision@1: 40.712% (13132/32256)
Loss: 1.598 | Precision@1: 40.702% (13181/32384)
Loss: 1.597 | Precision@1: 40.730% (13242/32512)
Loss: 1.597 | Precision@1: 40.738% (13297/32640)
Loss: 1.597 | Precision@1: 40.759% (13356/32768)
Loss: 1.597 | Precision@1: 40.750% (13405/32896)
Loss: 1.596 | Precision@1: 40.779% (13467/33024)
Loss: 1.596 | Precision@1: 40.812% (13530/33152)
Loss: 1.595 | Precision@1: 40.823% (13586/33280)
Loss: 1.595 | Precision@1: 40.829% (13640/33408)
Loss: 1.594 | Precision@1: 40.864% (13704/33536)
Loss: 1.594 | Precision@1: 40.866% (13757/33664)
Loss: 1.593 | Precision@1: 40.877% (13813/33792)
Loss: 1.593 | Precision@1: 40.905% (13875/33920)
Loss: 1.593 | Precision@1: 40.910% (13929/34048)
Loss: 1.592 | Precision@1: 40.935% (13990/34176)
Loss: 1.592 | Precision@1: 40.925% (14039/34304)
Loss: 1.591 | Precision@1: 40.950% (14100/34432)
Loss: 1.591 | Precision@1: 40.975% (14161/34560)
Loss: 1.591 | Precision@1: 40.985% (14217/34688)
Loss: 1.591 | Precision@1: 40.996% (14273/34816)
Loss: 1.590 | Precision@1: 41.008% (14330/34944)
Loss: 1.590 | Precision@1: 41.021% (14387/35072)
Loss: 1.589 | Precision@1: 41.043% (14447/35200)
Loss: 1.590 | Precision@1: 41.047% (14501/35328)
Loss: 1.590 | Precision@1: 41.054% (14556/35456)
Loss: 1.589 | Precision@1: 41.052% (14608/35584)
Loss: 1.589 | Precision@1: 41.053% (14661/35712)
Loss: 1.589 | Precision@1: 41.046% (14711/35840)
Loss: 1.589 | Precision@1: 41.059% (14768/35968)
Loss: 1.589 | Precision@1: 41.077% (14827/36096)
Loss: 1.589 | Precision@1: 41.067% (14876/36224)
Loss: 1.589 | Precision@1: 41.057% (14925/36352)
Loss: 1.588 | Precision@1: 41.072% (14983/36480)
Loss: 1.588 | Precision@1: 41.070% (15035/36608)
Loss: 1.588 | Precision@1: 41.093% (15096/36736)
Loss: 1.587 | Precision@1: 41.119% (15158/36864)
Loss: 1.587 | Precision@1: 41.131% (15215/36992)
Loss: 1.586 | Precision@1: 41.156% (15277/37120)
Loss: 1.585 | Precision@1: 41.191% (15343/37248)
Loss: 1.585 | Precision@1: 41.211% (15403/37376)
Loss: 1.584 | Precision@1: 41.225% (15461/37504)
Loss: 1.584 | Precision@1: 41.234% (15517/37632)
Loss: 1.584 | Precision@1: 41.247% (15575/37760)
Loss: 1.584 | Precision@1: 41.248% (15628/37888)
Loss: 1.584 | Precision@1: 41.243% (15679/38016)
Loss: 1.583 | Precision@1: 41.238% (15730/38144)
Loss: 1.583 | Precision@1: 41.249% (15787/38272)
Loss: 1.582 | Precision@1: 41.258% (15843/38400)
Loss: 1.583 | Precision@1: 41.225% (15883/38528)
Loss: 1.583 | Precision@1: 41.230% (15938/38656)
Loss: 1.583 | Precision@1: 41.231% (15991/38784)
Loss: 1.583 | Precision@1: 41.244% (16049/38912)
Loss: 1.583 | Precision@1: 41.278% (16115/39040)
Loss: 1.582 | Precision@1: 41.296% (16175/39168)
Loss: 1.582 | Precision@1: 41.304% (16231/39296)
Loss: 1.582 | Precision@1: 41.312% (16287/39424)
Loss: 1.581 | Precision@1: 41.348% (16354/39552)
Loss: 1.580 | Precision@1: 41.384% (16421/39680)
Loss: 1.580 | Precision@1: 41.406% (16483/39808)
Loss: 1.581 | Precision@1: 41.421% (16542/39936)
Loss: 1.580 | Precision@1: 41.446% (16605/40064)
Loss: 1.580 | Precision@1: 41.431% (16652/40192)
Loss: 1.580 | Precision@1: 41.451% (16713/40320)
Loss: 1.580 | Precision@1: 41.466% (16772/40448)
Loss: 1.580 | Precision@1: 41.470% (16827/40576)
Loss: 1.580 | Precision@1: 41.480% (16884/40704)
Loss: 1.580 | Precision@1: 41.494% (16943/40832)
Loss: 1.579 | Precision@1: 41.504% (17000/40960)
Loss: 1.579 | Precision@1: 41.506% (17054/41088)
Loss: 1.579 | Precision@1: 41.523% (17114/41216)
Loss: 1.578 | Precision@1: 41.534% (17172/41344)
Loss: 1.578 | Precision@1: 41.558% (17235/41472)
Loss: 1.577 | Precision@1: 41.584% (17299/41600)
Loss: 1.577 | Precision@1: 41.576% (17349/41728)
Loss: 1.577 | Precision@1: 41.588% (17407/41856)
Loss: 1.577 | Precision@1: 41.604% (17467/41984)
Loss: 1.576 | Precision@1: 41.615% (17525/42112)
Loss: 1.576 | Precision@1: 41.634% (17586/42240)
Loss: 1.576 | Precision@1: 41.664% (17652/42368)
Loss: 1.575 | Precision@1: 41.677% (17711/42496)
Loss: 1.575 | Precision@1: 41.711% (17779/42624)
Loss: 1.575 | Precision@1: 41.689% (17823/42752)
Loss: 1.574 | Precision@1: 41.705% (17883/42880)
Loss: 1.574 | Precision@1: 41.732% (17948/43008)
Loss: 1.573 | Precision@1: 41.731% (18001/43136)
Loss: 1.573 | Precision@1: 41.769% (18071/43264)
Loss: 1.572 | Precision@1: 41.770% (18125/43392)
Loss: 1.572 | Precision@1: 41.790% (18187/43520)
Loss: 1.572 | Precision@1: 41.828% (18257/43648)
Loss: 1.571 | Precision@1: 41.854% (18322/43776)
Loss: 1.571 | Precision@1: 41.866% (18381/43904)
Loss: 1.570 | Precision@1: 41.892% (18446/44032)
Loss: 1.570 | Precision@1: 41.925% (18514/44160)
Loss: 1.569 | Precision@1: 41.948% (18578/44288)
Loss: 1.569 | Precision@1: 41.960% (18637/44416)
Loss: 1.568 | Precision@1: 41.965% (18693/44544)
Loss: 1.568 | Precision@1: 41.968% (18748/44672)
Loss: 1.568 | Precision@1: 41.962% (18799/44800)
Loss: 1.568 | Precision@1: 41.978% (18860/44928)
Loss: 1.568 | Precision@1: 41.988% (18918/45056)
Loss: 1.568 | Precision@1: 41.995% (18975/45184)
Loss: 1.567 | Precision@1: 42.000% (19031/45312)
Loss: 1.567 | Precision@1: 42.025% (19096/45440)
Loss: 1.566 | Precision@1: 42.047% (19160/45568)
Loss: 1.566 | Precision@1: 42.021% (19202/45696)
Loss: 1.566 | Precision@1: 42.019% (19255/45824)
Loss: 1.566 | Precision@1: 42.020% (19309/45952)
Loss: 1.565 | Precision@1: 42.031% (19368/46080)
Loss: 1.565 | Precision@1: 42.040% (19426/46208)
Loss: 1.565 | Precision@1: 42.071% (19494/46336)
Loss: 1.565 | Precision@1: 42.086% (19555/46464)
Loss: 1.564 | Precision@1: 42.093% (19612/46592)
Loss: 1.564 | Precision@1: 42.113% (19675/46720)
Loss: 1.563 | Precision@1: 42.121% (19733/46848)
Loss: 1.563 | Precision@1: 42.143% (19797/46976)
Loss: 1.562 | Precision@1: 42.158% (19858/47104)
Loss: 1.562 | Precision@1: 42.188% (19926/47232)
Loss: 1.562 | Precision@1: 42.181% (19977/47360)
Loss: 1.561 | Precision@1: 42.179% (20030/47488)
Loss: 1.561 | Precision@1: 42.204% (20096/47616)
Loss: 1.560 | Precision@1: 42.223% (20159/47744)
Loss: 1.560 | Precision@1: 42.254% (20228/47872)
Loss: 1.560 | Precision@1: 42.254% (20282/48000)
Loss: 1.559 | Precision@1: 42.260% (20339/48128)
Loss: 1.559 | Precision@1: 42.268% (20397/48256)
Loss: 1.558 | Precision@1: 42.285% (20459/48384)
Loss: 1.558 | Precision@1: 42.326% (20533/48512)
Loss: 1.558 | Precision@1: 42.325% (20587/48640)
Loss: 1.557 | Precision@1: 42.337% (20647/48768)
Loss: 1.557 | Precision@1: 42.353% (20709/48896)
Loss: 1.556 | Precision@1: 42.383% (20778/49024)
Loss: 1.556 | Precision@1: 42.413% (20847/49152)
Loss: 1.556 | Precision@1: 42.421% (20905/49280)
Loss: 1.555 | Precision@1: 42.426% (20962/49408)
Loss: 1.555 | Precision@1: 42.450% (21028/49536)
Loss: 1.555 | Precision@1: 42.447% (21081/49664)
Loss: 1.555 | Precision@1: 42.453% (21138/49792)
Loss: 1.555 | Precision@1: 42.466% (21199/49920)
Loss: 1.554 | Precision@1: 42.464% (21232/50000)

Aggregates: 			
 	 DataLoader Time: 7.8849 			
 	 Mini-batch Time: 11.4044 			
 	 Training Epoch Time: 31.4419
 			
 Averages: 			
 	 Training Loss: 1.5543

 Test set Averages: Loss: 1.426 | Precision@1: 47.710% (4771/10000)

Epoch: 2
Loss: 1.340 | Precision@1: 52.344% (67/128)
Loss: 1.332 | Precision@1: 49.609% (127/256)
Loss: 1.401 | Precision@1: 47.917% (184/384)
Loss: 1.422 | Precision@1: 47.266% (242/512)
Loss: 1.436 | Precision@1: 47.969% (307/640)
Loss: 1.437 | Precision@1: 48.828% (375/768)
Loss: 1.433 | Precision@1: 48.996% (439/896)
Loss: 1.416 | Precision@1: 50.195% (514/1024)
Loss: 1.402 | Precision@1: 50.868% (586/1152)
Loss: 1.395 | Precision@1: 50.703% (649/1280)
Loss: 1.391 | Precision@1: 50.497% (711/1408)
Loss: 1.394 | Precision@1: 50.521% (776/1536)
Loss: 1.402 | Precision@1: 50.000% (832/1664)
Loss: 1.413 | Precision@1: 49.442% (886/1792)
Loss: 1.406 | Precision@1: 49.375% (948/1920)
Loss: 1.412 | Precision@1: 49.072% (1005/2048)
Loss: 1.402 | Precision@1: 49.311% (1073/2176)
Loss: 1.402 | Precision@1: 49.306% (1136/2304)
Loss: 1.393 | Precision@1: 49.548% (1205/2432)
Loss: 1.395 | Precision@1: 49.375% (1264/2560)
Loss: 1.395 | Precision@1: 49.256% (1324/2688)
Loss: 1.393 | Precision@1: 49.645% (1398/2816)
Loss: 1.394 | Precision@1: 49.457% (1456/2944)
Loss: 1.394 | Precision@1: 49.219% (1512/3072)
Loss: 1.401 | Precision@1: 49.031% (1569/3200)
Loss: 1.407 | Precision@1: 48.528% (1615/3328)
Loss: 1.408 | Precision@1: 48.264% (1668/3456)
Loss: 1.412 | Precision@1: 48.075% (1723/3584)
Loss: 1.410 | Precision@1: 48.141% (1787/3712)
Loss: 1.409 | Precision@1: 48.125% (1848/3840)
Loss: 1.407 | Precision@1: 48.160% (1911/3968)
Loss: 1.411 | Precision@1: 48.047% (1968/4096)
Loss: 1.411 | Precision@1: 48.011% (2028/4224)
Loss: 1.407 | Precision@1: 48.162% (2096/4352)
Loss: 1.405 | Precision@1: 48.170% (2158/4480)
Loss: 1.405 | Precision@1: 48.047% (2214/4608)
Loss: 1.403 | Precision@1: 48.079% (2277/4736)
Loss: 1.401 | Precision@1: 48.170% (2343/4864)
Loss: 1.402 | Precision@1: 48.117% (2402/4992)
Loss: 1.405 | Precision@1: 48.125% (2464/5120)
Loss: 1.401 | Precision@1: 48.209% (2530/5248)
Loss: 1.404 | Precision@1: 48.158% (2589/5376)
Loss: 1.401 | Precision@1: 48.201% (2653/5504)
Loss: 1.400 | Precision@1: 48.171% (2713/5632)
Loss: 1.400 | Precision@1: 48.247% (2779/5760)
Loss: 1.400 | Precision@1: 48.217% (2839/5888)
Loss: 1.402 | Precision@1: 48.188% (2899/6016)
Loss: 1.399 | Precision@1: 48.275% (2966/6144)
Loss: 1.403 | Precision@1: 48.039% (3013/6272)
Loss: 1.403 | Precision@1: 48.000% (3072/6400)
Loss: 1.405 | Precision@1: 48.116% (3141/6528)
Loss: 1.407 | Precision@1: 47.972% (3193/6656)
Loss: 1.409 | Precision@1: 47.951% (3253/6784)
Loss: 1.408 | Precision@1: 47.975% (3316/6912)
Loss: 1.407 | Precision@1: 48.040% (3382/7040)
Loss: 1.406 | Precision@1: 48.158% (3452/7168)
Loss: 1.407 | Precision@1: 48.067% (3507/7296)
Loss: 1.405 | Precision@1: 48.033% (3566/7424)
Loss: 1.406 | Precision@1: 48.001% (3625/7552)
Loss: 1.405 | Precision@1: 48.021% (3688/7680)
Loss: 1.406 | Precision@1: 48.040% (3751/7808)
Loss: 1.408 | Precision@1: 47.984% (3808/7936)
Loss: 1.410 | Precision@1: 47.954% (3867/8064)
Loss: 1.413 | Precision@1: 47.888% (3923/8192)
Loss: 1.412 | Precision@1: 47.957% (3990/8320)
Loss: 1.414 | Precision@1: 47.976% (4053/8448)
Loss: 1.416 | Precision@1: 47.889% (4107/8576)
Loss: 1.416 | Precision@1: 47.875% (4167/8704)
Loss: 1.417 | Precision@1: 47.871% (4228/8832)
Loss: 1.415 | Precision@1: 47.913% (4293/8960)
Loss: 1.413 | Precision@1: 47.997% (4362/9088)
Loss: 1.413 | Precision@1: 48.047% (4428/9216)
Loss: 1.414 | Precision@1: 47.999% (4485/9344)
Loss: 1.413 | Precision@1: 47.984% (4545/9472)
Loss: 1.413 | Precision@1: 48.000% (4608/9600)
Loss: 1.413 | Precision@1: 48.057% (4675/9728)
Loss: 1.413 | Precision@1: 48.052% (4736/9856)
Loss: 1.412 | Precision@1: 48.077% (4800/9984)
Loss: 1.411 | Precision@1: 48.101% (4864/10112)
Loss: 1.411 | Precision@1: 48.223% (4938/10240)
Loss: 1.410 | Precision@1: 48.177% (4995/10368)
Loss: 1.409 | Precision@1: 48.199% (5059/10496)
Loss: 1.409 | Precision@1: 48.174% (5118/10624)
Loss: 1.410 | Precision@1: 48.140% (5176/10752)
Loss: 1.410 | Precision@1: 48.125% (5236/10880)
Loss: 1.409 | Precision@1: 48.183% (5304/11008)
Loss: 1.409 | Precision@1: 48.096% (5356/11136)
Loss: 1.408 | Precision@1: 48.109% (5419/11264)
Loss: 1.408 | Precision@1: 48.174% (5488/11392)
Loss: 1.410 | Precision@1: 48.099% (5541/11520)
Loss: 1.409 | Precision@1: 48.189% (5613/11648)
Loss: 1.411 | Precision@1: 48.115% (5666/11776)
Loss: 1.410 | Precision@1: 48.152% (5732/11904)
Loss: 1.409 | Precision@1: 48.255% (5806/12032)
Loss: 1.409 | Precision@1: 48.306% (5874/12160)
Loss: 1.409 | Precision@1: 48.315% (5937/12288)
Loss: 1.410 | Precision@1: 48.284% (5995/12416)
Loss: 1.410 | Precision@1: 48.270% (6055/12544)
Loss: 1.410 | Precision@1: 48.272% (6117/12672)
Loss: 1.409 | Precision@1: 48.312% (6184/12800)
Loss: 1.409 | Precision@1: 48.345% (6250/12928)
Loss: 1.410 | Precision@1: 48.330% (6310/13056)
Loss: 1.410 | Precision@1: 48.362% (6376/13184)
Loss: 1.409 | Precision@1: 48.422% (6446/13312)
Loss: 1.409 | Precision@1: 48.415% (6507/13440)
Loss: 1.409 | Precision@1: 48.460% (6575/13568)
Loss: 1.408 | Precision@1: 48.452% (6636/13696)
Loss: 1.408 | Precision@1: 48.503% (6705/13824)
Loss: 1.405 | Precision@1: 48.545% (6773/13952)
Loss: 1.405 | Precision@1: 48.544% (6835/14080)
Loss: 1.404 | Precision@1: 48.522% (6894/14208)
Loss: 1.403 | Precision@1: 48.612% (6969/14336)
Loss: 1.403 | Precision@1: 48.652% (7037/14464)
Loss: 1.401 | Precision@1: 48.629% (7096/14592)
Loss: 1.401 | Precision@1: 48.655% (7162/14720)
Loss: 1.401 | Precision@1: 48.693% (7230/14848)
Loss: 1.399 | Precision@1: 48.745% (7300/14976)
Loss: 1.399 | Precision@1: 48.729% (7360/15104)
Loss: 1.399 | Precision@1: 48.726% (7422/15232)
Loss: 1.397 | Precision@1: 48.815% (7498/15360)
Loss: 1.396 | Precision@1: 48.844% (7565/15488)
Loss: 1.395 | Precision@1: 48.835% (7626/15616)
Loss: 1.395 | Precision@1: 48.819% (7686/15744)
Loss: 1.395 | Precision@1: 48.822% (7749/15872)
Loss: 1.395 | Precision@1: 48.769% (7803/16000)
Loss: 1.394 | Precision@1: 48.803% (7871/16128)
Loss: 1.394 | Precision@1: 48.819% (7936/16256)
Loss: 1.393 | Precision@1: 48.883% (8009/16384)
Loss: 1.393 | Precision@1: 48.880% (8071/16512)
Loss: 1.393 | Precision@1: 48.942% (8144/16640)
Loss: 1.392 | Precision@1: 48.956% (8209/16768)
Loss: 1.390 | Precision@1: 49.023% (8283/16896)
Loss: 1.390 | Precision@1: 49.037% (8348/17024)
Loss: 1.389 | Precision@1: 49.044% (8412/17152)
Loss: 1.388 | Precision@1: 49.120% (8488/17280)
Loss: 1.388 | Precision@1: 49.127% (8552/17408)
Loss: 1.389 | Precision@1: 49.122% (8614/17536)
Loss: 1.389 | Precision@1: 49.106% (8674/17664)
Loss: 1.389 | Precision@1: 49.123% (8740/17792)
Loss: 1.389 | Precision@1: 49.118% (8802/17920)
Loss: 1.388 | Precision@1: 49.136% (8868/18048)
Loss: 1.387 | Precision@1: 49.158% (8935/18176)
Loss: 1.387 | Precision@1: 49.153% (8997/18304)
Loss: 1.385 | Precision@1: 49.213% (9071/18432)
Loss: 1.384 | Precision@1: 49.273% (9145/18560)
Loss: 1.382 | Precision@1: 49.304% (9214/18688)
Loss: 1.382 | Precision@1: 49.320% (9280/18816)
Loss: 1.383 | Precision@1: 49.308% (9341/18944)
Loss: 1.384 | Precision@1: 49.271% (9397/19072)
Loss: 1.384 | Precision@1: 49.286% (9463/19200)
Loss: 1.383 | Precision@1: 49.312% (9531/19328)
Loss: 1.382 | Precision@1: 49.332% (9598/19456)
Loss: 1.382 | Precision@1: 49.357% (9666/19584)
Loss: 1.381 | Precision@1: 49.325% (9723/19712)
Loss: 1.381 | Precision@1: 49.350% (9791/19840)
Loss: 1.380 | Precision@1: 49.389% (9862/19968)
Loss: 1.381 | Precision@1: 49.388% (9925/20096)
Loss: 1.380 | Precision@1: 49.436% (9998/20224)
Loss: 1.380 | Precision@1: 49.425% (10059/20352)
Loss: 1.380 | Precision@1: 49.438% (10125/20480)
Loss: 1.380 | Precision@1: 49.413% (10183/20608)
Loss: 1.380 | Precision@1: 49.402% (10244/20736)
Loss: 1.380 | Precision@1: 49.420% (10311/20864)
Loss: 1.380 | Precision@1: 49.409% (10372/20992)
Loss: 1.380 | Precision@1: 49.413% (10436/21120)
Loss: 1.379 | Precision@1: 49.459% (10509/21248)
Loss: 1.379 | Precision@1: 49.467% (10574/21376)
Loss: 1.379 | Precision@1: 49.479% (10640/21504)
Loss: 1.379 | Precision@1: 49.496% (10707/21632)
Loss: 1.379 | Precision@1: 49.499% (10771/21760)
Loss: 1.379 | Precision@1: 49.470% (10828/21888)
Loss: 1.379 | Precision@1: 49.473% (10892/22016)
Loss: 1.379 | Precision@1: 49.490% (10959/22144)
Loss: 1.380 | Precision@1: 49.466% (11017/22272)
Loss: 1.380 | Precision@1: 49.406% (11067/22400)
Loss: 1.381 | Precision@1: 49.401% (11129/22528)
Loss: 1.380 | Precision@1: 49.435% (11200/22656)
Loss: 1.380 | Precision@1: 49.434% (11263/22784)
Loss: 1.380 | Precision@1: 49.424% (11324/22912)
Loss: 1.380 | Precision@1: 49.436% (11390/23040)
Loss: 1.379 | Precision@1: 49.452% (11457/23168)
Loss: 1.379 | Precision@1: 49.481% (11527/23296)
Loss: 1.379 | Precision@1: 49.483% (11591/23424)
Loss: 1.379 | Precision@1: 49.465% (11650/23552)
Loss: 1.379 | Precision@1: 49.485% (11718/23680)
Loss: 1.380 | Precision@1: 49.483% (11781/23808)
Loss: 1.378 | Precision@1: 49.536% (11857/23936)
Loss: 1.377 | Precision@1: 49.580% (11931/24064)
Loss: 1.377 | Precision@1: 49.645% (12010/24192)
Loss: 1.376 | Precision@1: 49.679% (12082/24320)
Loss: 1.377 | Precision@1: 49.656% (12140/24448)
Loss: 1.376 | Precision@1: 49.650% (12202/24576)
Loss: 1.376 | Precision@1: 49.668% (12270/24704)
Loss: 1.375 | Precision@1: 49.650% (12329/24832)
Loss: 1.375 | Precision@1: 49.655% (12394/24960)
Loss: 1.375 | Precision@1: 49.649% (12456/25088)
Loss: 1.375 | Precision@1: 49.647% (12519/25216)
Loss: 1.374 | Precision@1: 49.684% (12592/25344)
Loss: 1.374 | Precision@1: 49.702% (12660/25472)
Loss: 1.374 | Precision@1: 49.715% (12727/25600)
Loss: 1.374 | Precision@1: 49.712% (12790/25728)
Loss: 1.375 | Precision@1: 49.702% (12851/25856)
Loss: 1.374 | Precision@1: 49.734% (12923/25984)
Loss: 1.374 | Precision@1: 49.736% (12987/26112)
Loss: 1.374 | Precision@1: 49.699% (13041/26240)
Loss: 1.374 | Precision@1: 49.693% (13103/26368)
Loss: 1.374 | Precision@1: 49.691% (13166/26496)
Loss: 1.373 | Precision@1: 49.752% (13246/26624)
Loss: 1.373 | Precision@1: 49.757% (13311/26752)
Loss: 1.373 | Precision@1: 49.747% (13372/26880)
Loss: 1.373 | Precision@1: 49.741% (13434/27008)
Loss: 1.373 | Precision@1: 49.768% (13505/27136)
Loss: 1.372 | Precision@1: 49.754% (13565/27264)
Loss: 1.371 | Precision@1: 49.770% (13633/27392)
Loss: 1.370 | Precision@1: 49.782% (13700/27520)
Loss: 1.371 | Precision@1: 49.787% (13765/27648)
Loss: 1.371 | Precision@1: 49.791% (13830/27776)
Loss: 1.371 | Precision@1: 49.799% (13896/27904)
Loss: 1.370 | Precision@1: 49.814% (13964/28032)
Loss: 1.370 | Precision@1: 49.805% (14025/28160)
Loss: 1.371 | Precision@1: 49.784% (14083/28288)
Loss: 1.370 | Precision@1: 49.799% (14151/28416)
Loss: 1.370 | Precision@1: 49.839% (14226/28544)
Loss: 1.369 | Precision@1: 49.860% (14296/28672)
Loss: 1.369 | Precision@1: 49.861% (14360/28800)
Loss: 1.368 | Precision@1: 49.876% (14428/28928)
Loss: 1.368 | Precision@1: 49.893% (14497/29056)
Loss: 1.368 | Precision@1: 49.897% (14562/29184)
Loss: 1.368 | Precision@1: 49.881% (14621/29312)
Loss: 1.368 | Precision@1: 49.888% (14687/29440)
Loss: 1.369 | Precision@1: 49.865% (14744/29568)
Loss: 1.369 | Precision@1: 49.855% (14805/29696)
Loss: 1.369 | Precision@1: 49.869% (14873/29824)
Loss: 1.368 | Precision@1: 49.886% (14942/29952)
Loss: 1.368 | Precision@1: 49.894% (15008/30080)
Loss: 1.368 | Precision@1: 49.924% (15081/30208)
Loss: 1.369 | Precision@1: 49.911% (15141/30336)
Loss: 1.367 | Precision@1: 49.941% (15214/30464)
Loss: 1.368 | Precision@1: 49.935% (15276/30592)
Loss: 1.368 | Precision@1: 49.925% (15337/30720)
Loss: 1.367 | Precision@1: 49.948% (15408/30848)
Loss: 1.367 | Precision@1: 49.958% (15475/30976)
Loss: 1.367 | Precision@1: 49.977% (15545/31104)
Loss: 1.367 | Precision@1: 49.974% (15608/31232)
Loss: 1.367 | Precision@1: 49.984% (15675/31360)
Loss: 1.367 | Precision@1: 49.971% (15735/31488)
Loss: 1.366 | Precision@1: 50.016% (15813/31616)
Loss: 1.366 | Precision@1: 50.044% (15886/31744)
Loss: 1.366 | Precision@1: 50.031% (15946/31872)
Loss: 1.366 | Precision@1: 50.034% (16011/32000)
Loss: 1.366 | Precision@1: 50.053% (16081/32128)
Loss: 1.365 | Precision@1: 50.081% (16154/32256)
Loss: 1.364 | Precision@1: 50.117% (16230/32384)
Loss: 1.364 | Precision@1: 50.129% (16298/32512)
Loss: 1.364 | Precision@1: 50.129% (16362/32640)
Loss: 1.364 | Precision@1: 50.116% (16422/32768)
Loss: 1.363 | Precision@1: 50.128% (16490/32896)
Loss: 1.363 | Precision@1: 50.136% (16557/33024)
Loss: 1.363 | Precision@1: 50.124% (16617/33152)
Loss: 1.363 | Precision@1: 50.126% (16682/33280)
Loss: 1.362 | Precision@1: 50.180% (16764/33408)
Loss: 1.362 | Precision@1: 50.191% (16832/33536)
Loss: 1.362 | Precision@1: 50.193% (16897/33664)
Loss: 1.362 | Precision@1: 50.210% (16967/33792)
Loss: 1.361 | Precision@1: 50.218% (17034/33920)
Loss: 1.361 | Precision@1: 50.235% (17104/34048)
Loss: 1.361 | Precision@1: 50.269% (17180/34176)
Loss: 1.361 | Precision@1: 50.257% (17240/34304)
Loss: 1.360 | Precision@1: 50.273% (17310/34432)
Loss: 1.360 | Precision@1: 50.269% (17373/34560)
Loss: 1.361 | Precision@1: 50.245% (17429/34688)
Loss: 1.360 | Precision@1: 50.244% (17493/34816)
Loss: 1.360 | Precision@1: 50.258% (17562/34944)
Loss: 1.360 | Precision@1: 50.271% (17631/35072)
Loss: 1.360 | Precision@1: 50.281% (17699/35200)
Loss: 1.360 | Precision@1: 50.309% (17773/35328)
Loss: 1.359 | Precision@1: 50.344% (17850/35456)
Loss: 1.359 | Precision@1: 50.357% (17919/35584)
Loss: 1.359 | Precision@1: 50.356% (17983/35712)
Loss: 1.359 | Precision@1: 50.388% (18059/35840)
Loss: 1.359 | Precision@1: 50.395% (18126/35968)
Loss: 1.358 | Precision@1: 50.404% (18194/36096)
Loss: 1.357 | Precision@1: 50.422% (18265/36224)
Loss: 1.357 | Precision@1: 50.429% (18332/36352)
Loss: 1.357 | Precision@1: 50.444% (18402/36480)
Loss: 1.357 | Precision@1: 50.448% (18468/36608)
Loss: 1.357 | Precision@1: 50.441% (18530/36736)
Loss: 1.357 | Precision@1: 50.439% (18594/36864)
Loss: 1.357 | Precision@1: 50.443% (18660/36992)
Loss: 1.357 | Precision@1: 50.450% (18727/37120)
Loss: 1.357 | Precision@1: 50.459% (18795/37248)
Loss: 1.356 | Precision@1: 50.471% (18864/37376)
Loss: 1.356 | Precision@1: 50.504% (18941/37504)
Loss: 1.356 | Precision@1: 50.494% (19002/37632)
Loss: 1.356 | Precision@1: 50.487% (19064/37760)
Loss: 1.356 | Precision@1: 50.499% (19133/37888)
Loss: 1.356 | Precision@1: 50.487% (19193/38016)
Loss: 1.356 | Precision@1: 50.488% (19258/38144)
Loss: 1.356 | Precision@1: 50.504% (19329/38272)
Loss: 1.355 | Precision@1: 50.542% (19408/38400)
Loss: 1.355 | Precision@1: 50.537% (19471/38528)
Loss: 1.355 | Precision@1: 50.530% (19533/38656)
Loss: 1.355 | Precision@1: 50.539% (19601/38784)
Loss: 1.354 | Precision@1: 50.553% (19671/38912)
Loss: 1.354 | Precision@1: 50.579% (19746/39040)
Loss: 1.353 | Precision@1: 50.605% (19821/39168)
Loss: 1.353 | Precision@1: 50.629% (19895/39296)
Loss: 1.353 | Precision@1: 50.634% (19962/39424)
Loss: 1.352 | Precision@1: 50.667% (20040/39552)
Loss: 1.352 | Precision@1: 50.683% (20111/39680)
Loss: 1.352 | Precision@1: 50.681% (20175/39808)
Loss: 1.351 | Precision@1: 50.676% (20238/39936)
Loss: 1.351 | Precision@1: 50.679% (20304/40064)
Loss: 1.351 | Precision@1: 50.684% (20371/40192)
Loss: 1.351 | Precision@1: 50.675% (20432/40320)
Loss: 1.351 | Precision@1: 50.697% (20506/40448)
Loss: 1.351 | Precision@1: 50.707% (20575/40576)
Loss: 1.350 | Precision@1: 50.715% (20643/40704)
Loss: 1.350 | Precision@1: 50.735% (20716/40832)
Loss: 1.349 | Precision@1: 50.757% (20790/40960)
Loss: 1.349 | Precision@1: 50.779% (20864/41088)
Loss: 1.349 | Precision@1: 50.786% (20932/41216)
Loss: 1.348 | Precision@1: 50.815% (21009/41344)
Loss: 1.348 | Precision@1: 50.832% (21081/41472)
Loss: 1.348 | Precision@1: 50.841% (21150/41600)
Loss: 1.348 | Precision@1: 50.853% (21220/41728)
Loss: 1.347 | Precision@1: 50.865% (21290/41856)
Loss: 1.347 | Precision@1: 50.884% (21363/41984)
Loss: 1.347 | Precision@1: 50.890% (21431/42112)
Loss: 1.347 | Precision@1: 50.885% (21494/42240)
Loss: 1.347 | Precision@1: 50.880% (21557/42368)
Loss: 1.346 | Precision@1: 50.897% (21629/42496)
Loss: 1.346 | Precision@1: 50.892% (21692/42624)
Loss: 1.346 | Precision@1: 50.898% (21760/42752)
Loss: 1.345 | Precision@1: 50.914% (21832/42880)
Loss: 1.345 | Precision@1: 50.914% (21897/43008)
Loss: 1.345 | Precision@1: 50.932% (21970/43136)
Loss: 1.345 | Precision@1: 50.920% (22030/43264)
Loss: 1.345 | Precision@1: 50.903% (22088/43392)
Loss: 1.344 | Precision@1: 50.915% (22158/43520)
Loss: 1.344 | Precision@1: 50.930% (22230/43648)
Loss: 1.344 | Precision@1: 50.923% (22292/43776)
Loss: 1.344 | Precision@1: 50.904% (22349/43904)
Loss: 1.344 | Precision@1: 50.924% (22423/44032)
Loss: 1.344 | Precision@1: 50.931% (22491/44160)
Loss: 1.344 | Precision@1: 50.937% (22559/44288)
Loss: 1.343 | Precision@1: 50.970% (22639/44416)
Loss: 1.342 | Precision@1: 50.995% (22715/44544)
Loss: 1.341 | Precision@1: 51.023% (22793/44672)
Loss: 1.342 | Precision@1: 51.038% (22865/44800)
Loss: 1.341 | Precision@1: 51.059% (22940/44928)
Loss: 1.341 | Precision@1: 51.081% (23015/45056)
Loss: 1.340 | Precision@1: 51.089% (23084/45184)
Loss: 1.340 | Precision@1: 51.126% (23166/45312)
Loss: 1.339 | Precision@1: 51.155% (23245/45440)
Loss: 1.339 | Precision@1: 51.167% (23316/45568)
Loss: 1.339 | Precision@1: 51.184% (23389/45696)
Loss: 1.338 | Precision@1: 51.192% (23458/45824)
Loss: 1.338 | Precision@1: 51.203% (23529/45952)
Loss: 1.338 | Precision@1: 51.211% (23598/46080)
Loss: 1.337 | Precision@1: 51.223% (23669/46208)
Loss: 1.337 | Precision@1: 51.241% (23743/46336)
Loss: 1.337 | Precision@1: 51.229% (23803/46464)
Loss: 1.337 | Precision@1: 51.238% (23873/46592)
Loss: 1.336 | Precision@1: 51.267% (23952/46720)
Loss: 1.335 | Precision@1: 51.276% (24022/46848)
Loss: 1.336 | Precision@1: 51.256% (24078/46976)
Loss: 1.336 | Precision@1: 51.248% (24140/47104)
Loss: 1.336 | Precision@1: 51.239% (24201/47232)
Loss: 1.336 | Precision@1: 51.246% (24270/47360)
Loss: 1.336 | Precision@1: 51.247% (24336/47488)
Loss: 1.336 | Precision@1: 51.235% (24396/47616)
Loss: 1.335 | Precision@1: 51.248% (24468/47744)
Loss: 1.335 | Precision@1: 51.247% (24533/47872)
Loss: 1.335 | Precision@1: 51.233% (24592/48000)
Loss: 1.335 | Precision@1: 51.226% (24654/48128)
Loss: 1.335 | Precision@1: 51.239% (24726/48256)
Loss: 1.335 | Precision@1: 51.234% (24789/48384)
Loss: 1.335 | Precision@1: 51.222% (24849/48512)
Loss: 1.335 | Precision@1: 51.238% (24922/48640)
Loss: 1.335 | Precision@1: 51.230% (24984/48768)
Loss: 1.335 | Precision@1: 51.215% (25042/48896)
Loss: 1.335 | Precision@1: 51.218% (25109/49024)
Loss: 1.335 | Precision@1: 51.227% (25179/49152)
Loss: 1.335 | Precision@1: 51.236% (25249/49280)
Loss: 1.334 | Precision@1: 51.263% (25328/49408)
Loss: 1.334 | Precision@1: 51.266% (25395/49536)
Loss: 1.334 | Precision@1: 51.281% (25468/49664)
Loss: 1.333 | Precision@1: 51.311% (25549/49792)
Loss: 1.333 | Precision@1: 51.324% (25621/49920)
Loss: 1.333 | Precision@1: 51.336% (25668/50000)

Aggregates: 			
 	 DataLoader Time: 7.8455 			
 	 Mini-batch Time: 11.3480 			
 	 Training Epoch Time: 31.4756
 			
 Averages: 			
 	 Training Loss: 1.3327

 Test set Averages: Loss: 1.418 | Precision@1: 50.850% (5085/10000)

Epoch: 3
Loss: 1.229 | Precision@1: 53.906% (69/128)
Loss: 1.217 | Precision@1: 55.469% (142/256)
Loss: 1.247 | Precision@1: 53.906% (207/384)
Loss: 1.247 | Precision@1: 54.688% (280/512)
Loss: 1.246 | Precision@1: 55.469% (355/640)
Loss: 1.269 | Precision@1: 55.078% (423/768)
Loss: 1.253 | Precision@1: 56.138% (503/896)
Loss: 1.272 | Precision@1: 55.176% (565/1024)
Loss: 1.275 | Precision@1: 54.774% (631/1152)
Loss: 1.257 | Precision@1: 55.234% (707/1280)
Loss: 1.251 | Precision@1: 55.540% (782/1408)
Loss: 1.263 | Precision@1: 54.948% (844/1536)
Loss: 1.259 | Precision@1: 55.048% (916/1664)
Loss: 1.252 | Precision@1: 55.580% (996/1792)
Loss: 1.253 | Precision@1: 55.208% (1060/1920)
Loss: 1.237 | Precision@1: 55.957% (1146/2048)
Loss: 1.226 | Precision@1: 56.480% (1229/2176)
Loss: 1.232 | Precision@1: 56.250% (1296/2304)
Loss: 1.234 | Precision@1: 56.044% (1363/2432)
Loss: 1.241 | Precision@1: 55.938% (1432/2560)
Loss: 1.248 | Precision@1: 55.766% (1499/2688)
Loss: 1.240 | Precision@1: 55.930% (1575/2816)
Loss: 1.236 | Precision@1: 55.978% (1648/2944)
Loss: 1.239 | Precision@1: 55.859% (1716/3072)
Loss: 1.248 | Precision@1: 55.531% (1777/3200)
Loss: 1.249 | Precision@1: 55.409% (1844/3328)
Loss: 1.247 | Precision@1: 55.382% (1914/3456)
Loss: 1.245 | Precision@1: 55.301% (1982/3584)
Loss: 1.239 | Precision@1: 55.550% (2062/3712)
Loss: 1.236 | Precision@1: 55.651% (2137/3840)
Loss: 1.238 | Precision@1: 55.469% (2201/3968)
Loss: 1.241 | Precision@1: 55.469% (2272/4096)
Loss: 1.245 | Precision@1: 55.350% (2338/4224)
Loss: 1.251 | Precision@1: 55.055% (2396/4352)
Loss: 1.251 | Precision@1: 55.156% (2471/4480)
Loss: 1.249 | Precision@1: 55.208% (2544/4608)
Loss: 1.248 | Precision@1: 55.321% (2620/4736)
Loss: 1.246 | Precision@1: 55.325% (2691/4864)
Loss: 1.246 | Precision@1: 55.268% (2759/4992)
Loss: 1.245 | Precision@1: 55.371% (2835/5120)
Loss: 1.246 | Precision@1: 55.335% (2904/5248)
Loss: 1.246 | Precision@1: 55.320% (2974/5376)
Loss: 1.249 | Precision@1: 55.124% (3034/5504)
Loss: 1.249 | Precision@1: 55.131% (3105/5632)
Loss: 1.253 | Precision@1: 54.931% (3164/5760)
Loss: 1.253 | Precision@1: 54.942% (3235/5888)
Loss: 1.251 | Precision@1: 55.037% (3311/6016)
Loss: 1.247 | Precision@1: 55.273% (3396/6144)
Loss: 1.244 | Precision@1: 55.309% (3469/6272)
Loss: 1.245 | Precision@1: 55.250% (3536/6400)
Loss: 1.244 | Precision@1: 55.285% (3609/6528)
Loss: 1.244 | Precision@1: 55.213% (3675/6656)
Loss: 1.244 | Precision@1: 55.262% (3749/6784)
Loss: 1.240 | Precision@1: 55.425% (3831/6912)
Loss: 1.243 | Precision@1: 55.398% (3900/7040)
Loss: 1.241 | Precision@1: 55.483% (3977/7168)
Loss: 1.243 | Precision@1: 55.482% (4048/7296)
Loss: 1.244 | Precision@1: 55.469% (4118/7424)
Loss: 1.243 | Precision@1: 55.469% (4189/7552)
Loss: 1.240 | Precision@1: 55.638% (4273/7680)
Loss: 1.238 | Precision@1: 55.648% (4345/7808)
Loss: 1.235 | Precision@1: 55.771% (4426/7936)
Loss: 1.235 | Precision@1: 55.717% (4493/8064)
Loss: 1.234 | Precision@1: 55.688% (4562/8192)
Loss: 1.233 | Precision@1: 55.709% (4635/8320)
Loss: 1.235 | Precision@1: 55.646% (4701/8448)
Loss: 1.234 | Precision@1: 55.574% (4766/8576)
Loss: 1.234 | Precision@1: 55.607% (4840/8704)
Loss: 1.233 | Precision@1: 55.548% (4906/8832)
Loss: 1.232 | Precision@1: 55.592% (4981/8960)
Loss: 1.235 | Precision@1: 55.436% (5038/9088)
Loss: 1.234 | Precision@1: 55.501% (5115/9216)
Loss: 1.232 | Precision@1: 55.512% (5187/9344)
Loss: 1.232 | Precision@1: 55.564% (5263/9472)
Loss: 1.231 | Precision@1: 55.562% (5334/9600)
Loss: 1.230 | Precision@1: 55.644% (5413/9728)
Loss: 1.231 | Precision@1: 55.601% (5480/9856)
Loss: 1.229 | Precision@1: 55.639% (5555/9984)
Loss: 1.227 | Precision@1: 55.756% (5638/10112)
Loss: 1.228 | Precision@1: 55.703% (5704/10240)
Loss: 1.226 | Precision@1: 55.720% (5777/10368)
Loss: 1.225 | Precision@1: 55.736% (5850/10496)
Loss: 1.224 | Precision@1: 55.723% (5920/10624)
Loss: 1.227 | Precision@1: 55.701% (5989/10752)
Loss: 1.226 | Precision@1: 55.763% (6067/10880)
Loss: 1.227 | Precision@1: 55.778% (6140/11008)
Loss: 1.227 | Precision@1: 55.747% (6208/11136)
Loss: 1.227 | Precision@1: 55.762% (6281/11264)
Loss: 1.226 | Precision@1: 55.758% (6352/11392)
Loss: 1.226 | Precision@1: 55.703% (6417/11520)
Loss: 1.229 | Precision@1: 55.615% (6478/11648)
Loss: 1.228 | Precision@1: 55.613% (6549/11776)
Loss: 1.229 | Precision@1: 55.586% (6617/11904)
Loss: 1.230 | Precision@1: 55.560% (6685/12032)
Loss: 1.230 | Precision@1: 55.535% (6753/12160)
Loss: 1.231 | Precision@1: 55.501% (6820/12288)
Loss: 1.230 | Precision@1: 55.525% (6894/12416)
Loss: 1.231 | Precision@1: 55.525% (6965/12544)
Loss: 1.230 | Precision@1: 55.540% (7038/12672)
Loss: 1.230 | Precision@1: 55.523% (7107/12800)
Loss: 1.231 | Precision@1: 55.500% (7175/12928)
Loss: 1.229 | Precision@1: 55.599% (7259/13056)
Loss: 1.228 | Precision@1: 55.666% (7339/13184)
Loss: 1.229 | Precision@1: 55.649% (7408/13312)
Loss: 1.228 | Precision@1: 55.699% (7486/13440)
Loss: 1.227 | Precision@1: 55.764% (7566/13568)
Loss: 1.225 | Precision@1: 55.870% (7652/13696)
Loss: 1.225 | Precision@1: 55.888% (7726/13824)
Loss: 1.225 | Precision@1: 55.906% (7800/13952)
Loss: 1.224 | Precision@1: 55.902% (7871/14080)
Loss: 1.224 | Precision@1: 55.898% (7942/14208)
Loss: 1.226 | Precision@1: 55.845% (8006/14336)
Loss: 1.226 | Precision@1: 55.890% (8084/14464)
Loss: 1.227 | Precision@1: 55.866% (8152/14592)
Loss: 1.227 | Precision@1: 55.822% (8217/14720)
Loss: 1.227 | Precision@1: 55.846% (8292/14848)
Loss: 1.227 | Precision@1: 55.823% (8360/14976)
Loss: 1.225 | Precision@1: 55.899% (8443/15104)
Loss: 1.223 | Precision@1: 55.981% (8527/15232)
Loss: 1.222 | Precision@1: 56.042% (8608/15360)
Loss: 1.221 | Precision@1: 56.069% (8684/15488)
Loss: 1.220 | Precision@1: 56.135% (8766/15616)
Loss: 1.219 | Precision@1: 56.193% (8847/15744)
Loss: 1.219 | Precision@1: 56.155% (8913/15872)
Loss: 1.219 | Precision@1: 56.212% (8994/16000)
Loss: 1.217 | Precision@1: 56.312% (9082/16128)
Loss: 1.216 | Precision@1: 56.355% (9161/16256)
Loss: 1.214 | Precision@1: 56.403% (9241/16384)
Loss: 1.213 | Precision@1: 56.432% (9318/16512)
Loss: 1.214 | Precision@1: 56.394% (9384/16640)
Loss: 1.213 | Precision@1: 56.381% (9454/16768)
Loss: 1.214 | Precision@1: 56.368% (9524/16896)
Loss: 1.212 | Precision@1: 56.420% (9605/17024)
Loss: 1.212 | Precision@1: 56.460% (9684/17152)
Loss: 1.212 | Precision@1: 56.487% (9761/17280)
Loss: 1.213 | Precision@1: 56.468% (9830/17408)
Loss: 1.212 | Precision@1: 56.495% (9907/17536)
Loss: 1.211 | Precision@1: 56.522% (9984/17664)
Loss: 1.211 | Precision@1: 56.486% (10050/17792)
Loss: 1.210 | Precision@1: 56.568% (10137/17920)
Loss: 1.209 | Precision@1: 56.588% (10213/18048)
Loss: 1.208 | Precision@1: 56.641% (10295/18176)
Loss: 1.207 | Precision@1: 56.611% (10362/18304)
Loss: 1.206 | Precision@1: 56.619% (10436/18432)
Loss: 1.207 | Precision@1: 56.589% (10503/18560)
Loss: 1.207 | Precision@1: 56.576% (10573/18688)
Loss: 1.206 | Precision@1: 56.627% (10655/18816)
Loss: 1.205 | Precision@1: 56.656% (10733/18944)
Loss: 1.204 | Precision@1: 56.680% (10810/19072)
Loss: 1.204 | Precision@1: 56.740% (10894/19200)
Loss: 1.203 | Precision@1: 56.788% (10976/19328)
Loss: 1.203 | Precision@1: 56.815% (11054/19456)
Loss: 1.204 | Precision@1: 56.807% (11125/19584)
Loss: 1.204 | Precision@1: 56.757% (11188/19712)
Loss: 1.204 | Precision@1: 56.729% (11255/19840)
Loss: 1.203 | Precision@1: 56.746% (11331/19968)
Loss: 1.203 | Precision@1: 56.728% (11400/20096)
Loss: 1.203 | Precision@1: 56.705% (11468/20224)
Loss: 1.203 | Precision@1: 56.717% (11543/20352)
Loss: 1.202 | Precision@1: 56.753% (11623/20480)
Loss: 1.201 | Precision@1: 56.803% (11706/20608)
Loss: 1.201 | Precision@1: 56.800% (11778/20736)
Loss: 1.200 | Precision@1: 56.844% (11860/20864)
Loss: 1.200 | Precision@1: 56.845% (11933/20992)
Loss: 1.200 | Precision@1: 56.851% (12007/21120)
Loss: 1.199 | Precision@1: 56.848% (12079/21248)
Loss: 1.199 | Precision@1: 56.882% (12159/21376)
Loss: 1.198 | Precision@1: 56.896% (12235/21504)
Loss: 1.198 | Precision@1: 56.930% (12315/21632)
Loss: 1.197 | Precision@1: 56.962% (12395/21760)
Loss: 1.197 | Precision@1: 56.949% (12465/21888)
Loss: 1.197 | Precision@1: 56.977% (12544/22016)
Loss: 1.196 | Precision@1: 56.982% (12618/22144)
Loss: 1.196 | Precision@1: 56.995% (12694/22272)
Loss: 1.195 | Precision@1: 57.040% (12777/22400)
Loss: 1.194 | Precision@1: 57.045% (12851/22528)
Loss: 1.193 | Precision@1: 57.089% (12934/22656)
Loss: 1.193 | Precision@1: 57.115% (13013/22784)
Loss: 1.191 | Precision@1: 57.153% (13095/22912)
Loss: 1.191 | Precision@1: 57.135% (13164/23040)
Loss: 1.190 | Precision@1: 57.165% (13244/23168)
Loss: 1.191 | Precision@1: 57.139% (13311/23296)
Loss: 1.191 | Precision@1: 57.147% (13386/23424)
Loss: 1.191 | Precision@1: 57.142% (13458/23552)
Loss: 1.191 | Precision@1: 57.141% (13531/23680)
Loss: 1.191 | Precision@1: 57.136% (13603/23808)
Loss: 1.191 | Precision@1: 57.102% (13668/23936)
Loss: 1.191 | Precision@1: 57.119% (13745/24064)
Loss: 1.190 | Precision@1: 57.159% (13828/24192)
Loss: 1.190 | Precision@1: 57.146% (13898/24320)
Loss: 1.189 | Precision@1: 57.162% (13975/24448)
Loss: 1.189 | Precision@1: 57.161% (14048/24576)
Loss: 1.189 | Precision@1: 57.197% (14130/24704)
Loss: 1.189 | Precision@1: 57.253% (14217/24832)
Loss: 1.190 | Precision@1: 57.208% (14279/24960)
Loss: 1.189 | Precision@1: 57.227% (14357/25088)
Loss: 1.188 | Precision@1: 57.261% (14439/25216)
Loss: 1.187 | Precision@1: 57.304% (14523/25344)
Loss: 1.187 | Precision@1: 57.302% (14596/25472)
Loss: 1.187 | Precision@1: 57.309% (14671/25600)
Loss: 1.187 | Precision@1: 57.272% (14735/25728)
Loss: 1.186 | Precision@1: 57.298% (14815/25856)
Loss: 1.185 | Precision@1: 57.328% (14896/25984)
Loss: 1.185 | Precision@1: 57.341% (14973/26112)
Loss: 1.185 | Precision@1: 57.367% (15053/26240)
Loss: 1.185 | Precision@1: 57.384% (15131/26368)
Loss: 1.184 | Precision@1: 57.424% (15215/26496)
Loss: 1.184 | Precision@1: 57.426% (15289/26624)
Loss: 1.183 | Precision@1: 57.442% (15367/26752)
Loss: 1.182 | Precision@1: 57.478% (15450/26880)
Loss: 1.181 | Precision@1: 57.509% (15532/27008)
Loss: 1.181 | Precision@1: 57.499% (15603/27136)
Loss: 1.181 | Precision@1: 57.493% (15675/27264)
Loss: 1.181 | Precision@1: 57.488% (15747/27392)
Loss: 1.181 | Precision@1: 57.482% (15819/27520)
Loss: 1.180 | Precision@1: 57.498% (15897/27648)
Loss: 1.180 | Precision@1: 57.492% (15969/27776)
Loss: 1.180 | Precision@1: 57.508% (16047/27904)
Loss: 1.180 | Precision@1: 57.513% (16122/28032)
Loss: 1.180 | Precision@1: 57.550% (16206/28160)
Loss: 1.180 | Precision@1: 57.523% (16272/28288)
Loss: 1.181 | Precision@1: 57.496% (16338/28416)
Loss: 1.180 | Precision@1: 57.525% (16420/28544)
Loss: 1.179 | Precision@1: 57.558% (16503/28672)
Loss: 1.179 | Precision@1: 57.576% (16582/28800)
Loss: 1.178 | Precision@1: 57.584% (16658/28928)
Loss: 1.177 | Precision@1: 57.606% (16738/29056)
Loss: 1.177 | Precision@1: 57.638% (16821/29184)
Loss: 1.177 | Precision@1: 57.639% (16895/29312)
Loss: 1.176 | Precision@1: 57.660% (16975/29440)
Loss: 1.175 | Precision@1: 57.677% (17054/29568)
Loss: 1.175 | Precision@1: 57.681% (17129/29696)
Loss: 1.176 | Precision@1: 57.655% (17195/29824)
Loss: 1.174 | Precision@1: 57.732% (17292/29952)
Loss: 1.174 | Precision@1: 57.739% (17368/30080)
Loss: 1.173 | Precision@1: 57.766% (17450/30208)
Loss: 1.173 | Precision@1: 57.756% (17521/30336)
Loss: 1.172 | Precision@1: 57.793% (17606/30464)
Loss: 1.172 | Precision@1: 57.799% (17682/30592)
Loss: 1.172 | Precision@1: 57.819% (17762/30720)
Loss: 1.171 | Precision@1: 57.848% (17845/30848)
Loss: 1.171 | Precision@1: 57.842% (17917/30976)
Loss: 1.171 | Precision@1: 57.874% (18001/31104)
Loss: 1.170 | Precision@1: 57.902% (18084/31232)
Loss: 1.170 | Precision@1: 57.915% (18162/31360)
Loss: 1.170 | Precision@1: 57.917% (18237/31488)
Loss: 1.170 | Precision@1: 57.917% (18311/31616)
Loss: 1.169 | Precision@1: 57.929% (18389/31744)
Loss: 1.168 | Precision@1: 57.960% (18473/31872)
Loss: 1.168 | Precision@1: 57.966% (18549/32000)
Loss: 1.168 | Precision@1: 57.968% (18624/32128)
Loss: 1.168 | Precision@1: 57.980% (18702/32256)
Loss: 1.168 | Precision@1: 57.998% (18782/32384)
Loss: 1.167 | Precision@1: 58.025% (18865/32512)
Loss: 1.167 | Precision@1: 58.030% (18941/32640)
Loss: 1.166 | Precision@1: 58.038% (19018/32768)
Loss: 1.165 | Precision@1: 58.083% (19107/32896)
Loss: 1.164 | Precision@1: 58.112% (19191/33024)
Loss: 1.164 | Precision@1: 58.129% (19271/33152)
Loss: 1.164 | Precision@1: 58.143% (19350/33280)
Loss: 1.163 | Precision@1: 58.172% (19434/33408)
Loss: 1.163 | Precision@1: 58.152% (19502/33536)
Loss: 1.162 | Precision@1: 58.187% (19588/33664)
Loss: 1.162 | Precision@1: 58.203% (19668/33792)
Loss: 1.162 | Precision@1: 58.190% (19738/33920)
Loss: 1.162 | Precision@1: 58.191% (19813/34048)
Loss: 1.162 | Precision@1: 58.219% (19897/34176)
Loss: 1.161 | Precision@1: 58.247% (19981/34304)
Loss: 1.161 | Precision@1: 58.257% (20059/34432)
Loss: 1.160 | Precision@1: 58.255% (20133/34560)
Loss: 1.160 | Precision@1: 58.271% (20213/34688)
Loss: 1.160 | Precision@1: 58.295% (20296/34816)
Loss: 1.160 | Precision@1: 58.299% (20372/34944)
Loss: 1.159 | Precision@1: 58.303% (20448/35072)
Loss: 1.159 | Precision@1: 58.335% (20534/35200)
Loss: 1.158 | Precision@1: 58.376% (20623/35328)
Loss: 1.158 | Precision@1: 58.365% (20694/35456)
Loss: 1.158 | Precision@1: 58.372% (20771/35584)
Loss: 1.158 | Precision@1: 58.361% (20842/35712)
Loss: 1.158 | Precision@1: 58.362% (20917/35840)
Loss: 1.157 | Precision@1: 58.394% (21003/35968)
Loss: 1.157 | Precision@1: 58.411% (21084/36096)
Loss: 1.157 | Precision@1: 58.417% (21161/36224)
Loss: 1.157 | Precision@1: 58.423% (21238/36352)
Loss: 1.156 | Precision@1: 58.446% (21321/36480)
Loss: 1.156 | Precision@1: 58.408% (21382/36608)
Loss: 1.156 | Precision@1: 58.436% (21467/36736)
Loss: 1.155 | Precision@1: 58.453% (21548/36864)
Loss: 1.155 | Precision@1: 58.464% (21627/36992)
Loss: 1.155 | Precision@1: 58.491% (21712/37120)
Loss: 1.154 | Precision@1: 58.519% (21797/37248)
Loss: 1.153 | Precision@1: 58.522% (21873/37376)
Loss: 1.153 | Precision@1: 58.532% (21952/37504)
Loss: 1.153 | Precision@1: 58.525% (22024/37632)
Loss: 1.153 | Precision@1: 58.535% (22103/37760)
Loss: 1.153 | Precision@1: 58.528% (22175/37888)
Loss: 1.152 | Precision@1: 58.562% (22263/38016)
Loss: 1.151 | Precision@1: 58.586% (22347/38144)
Loss: 1.151 | Precision@1: 58.599% (22427/38272)
Loss: 1.151 | Precision@1: 58.617% (22509/38400)
Loss: 1.151 | Precision@1: 58.612% (22582/38528)
Loss: 1.150 | Precision@1: 58.612% (22657/38656)
Loss: 1.150 | Precision@1: 58.601% (22728/38784)
Loss: 1.150 | Precision@1: 58.604% (22804/38912)
Loss: 1.150 | Precision@1: 58.607% (22880/39040)
Loss: 1.150 | Precision@1: 58.622% (22961/39168)
Loss: 1.149 | Precision@1: 58.642% (23044/39296)
Loss: 1.149 | Precision@1: 58.650% (23122/39424)
Loss: 1.148 | Precision@1: 58.665% (23203/39552)
Loss: 1.148 | Precision@1: 58.695% (23290/39680)
Loss: 1.148 | Precision@1: 58.689% (23363/39808)
Loss: 1.148 | Precision@1: 58.689% (23438/39936)
Loss: 1.148 | Precision@1: 58.694% (23515/40064)
Loss: 1.148 | Precision@1: 58.681% (23585/40192)
Loss: 1.147 | Precision@1: 58.693% (23665/40320)
Loss: 1.147 | Precision@1: 58.705% (23745/40448)
Loss: 1.147 | Precision@1: 58.715% (23824/40576)
Loss: 1.147 | Precision@1: 58.702% (23894/40704)
Loss: 1.147 | Precision@1: 58.721% (23977/40832)
Loss: 1.146 | Precision@1: 58.762% (24069/40960)
Loss: 1.146 | Precision@1: 58.781% (24152/41088)
Loss: 1.146 | Precision@1: 58.795% (24233/41216)
Loss: 1.146 | Precision@1: 58.790% (24306/41344)
Loss: 1.146 | Precision@1: 58.765% (24371/41472)
Loss: 1.146 | Precision@1: 58.791% (24457/41600)
Loss: 1.145 | Precision@1: 58.785% (24530/41728)
Loss: 1.145 | Precision@1: 58.775% (24601/41856)
Loss: 1.146 | Precision@1: 58.777% (24677/41984)
Loss: 1.146 | Precision@1: 58.762% (24746/42112)
Loss: 1.145 | Precision@1: 58.800% (24837/42240)
Loss: 1.145 | Precision@1: 58.801% (24913/42368)
Loss: 1.144 | Precision@1: 58.820% (24996/42496)
Loss: 1.145 | Precision@1: 58.814% (25069/42624)
Loss: 1.144 | Precision@1: 58.823% (25148/42752)
Loss: 1.144 | Precision@1: 58.848% (25234/42880)
Loss: 1.144 | Precision@1: 58.856% (25313/43008)
Loss: 1.143 | Precision@1: 58.870% (25394/43136)
Loss: 1.143 | Precision@1: 58.866% (25468/43264)
Loss: 1.143 | Precision@1: 58.880% (25549/43392)
Loss: 1.143 | Precision@1: 58.897% (25632/43520)
Loss: 1.143 | Precision@1: 58.903% (25710/43648)
Loss: 1.143 | Precision@1: 58.891% (25780/43776)
Loss: 1.143 | Precision@1: 58.876% (25849/43904)
Loss: 1.143 | Precision@1: 58.898% (25934/44032)
Loss: 1.143 | Precision@1: 58.927% (26022/44160)
Loss: 1.143 | Precision@1: 58.935% (26101/44288)
Loss: 1.142 | Precision@1: 58.945% (26181/44416)
Loss: 1.142 | Precision@1: 58.955% (26261/44544)
Loss: 1.142 | Precision@1: 58.981% (26348/44672)
Loss: 1.142 | Precision@1: 58.993% (26429/44800)
Loss: 1.142 | Precision@1: 58.985% (26501/44928)
Loss: 1.142 | Precision@1: 58.991% (26579/45056)
Loss: 1.142 | Precision@1: 58.992% (26655/45184)
Loss: 1.142 | Precision@1: 58.998% (26733/45312)
Loss: 1.141 | Precision@1: 59.010% (26814/45440)
Loss: 1.142 | Precision@1: 59.004% (26887/45568)
Loss: 1.142 | Precision@1: 58.999% (26960/45696)
Loss: 1.142 | Precision@1: 59.024% (27047/45824)
Loss: 1.141 | Precision@1: 59.038% (27129/45952)
Loss: 1.141 | Precision@1: 59.052% (27211/46080)
Loss: 1.140 | Precision@1: 59.066% (27293/46208)
Loss: 1.141 | Precision@1: 59.040% (27357/46336)
Loss: 1.141 | Precision@1: 59.046% (27435/46464)
Loss: 1.140 | Precision@1: 59.057% (27516/46592)
Loss: 1.140 | Precision@1: 59.077% (27601/46720)
Loss: 1.140 | Precision@1: 59.074% (27675/46848)
Loss: 1.140 | Precision@1: 59.068% (27748/46976)
Loss: 1.140 | Precision@1: 59.086% (27832/47104)
Loss: 1.139 | Precision@1: 59.123% (27925/47232)
Loss: 1.139 | Precision@1: 59.141% (28009/47360)
Loss: 1.139 | Precision@1: 59.137% (28083/47488)
Loss: 1.138 | Precision@1: 59.146% (28163/47616)
Loss: 1.138 | Precision@1: 59.145% (28238/47744)
Loss: 1.138 | Precision@1: 59.145% (28314/47872)
Loss: 1.138 | Precision@1: 59.158% (28396/48000)
Loss: 1.138 | Precision@1: 59.184% (28484/48128)
Loss: 1.138 | Precision@1: 59.201% (28568/48256)
Loss: 1.138 | Precision@1: 59.210% (28648/48384)
Loss: 1.138 | Precision@1: 59.216% (28727/48512)
Loss: 1.137 | Precision@1: 59.231% (28810/48640)
Loss: 1.137 | Precision@1: 59.238% (28889/48768)
Loss: 1.137 | Precision@1: 59.242% (28967/48896)
Loss: 1.136 | Precision@1: 59.251% (29047/49024)
Loss: 1.136 | Precision@1: 59.281% (29138/49152)
Loss: 1.135 | Precision@1: 59.290% (29218/49280)
Loss: 1.135 | Precision@1: 59.310% (29304/49408)
Loss: 1.135 | Precision@1: 59.333% (29391/49536)
Loss: 1.134 | Precision@1: 59.337% (29469/49664)
Loss: 1.134 | Precision@1: 59.351% (29552/49792)
Loss: 1.134 | Precision@1: 59.351% (29628/49920)
Loss: 1.134 | Precision@1: 59.348% (29674/50000)

Aggregates: 			
 	 DataLoader Time: 7.8496 			
 	 Mini-batch Time: 11.3516 			
 	 Training Epoch Time: 31.4968
 			
 Averages: 			
 	 Training Loss: 1.1338

 Test set Averages: Loss: 1.090 | Precision@1: 61.620% (6162/10000)

Epoch: 4
Loss: 1.064 | Precision@1: 61.719% (79/128)
Loss: 1.017 | Precision@1: 65.234% (167/256)
Loss: 0.984 | Precision@1: 66.146% (254/384)
Loss: 1.013 | Precision@1: 64.258% (329/512)
Loss: 0.993 | Precision@1: 65.469% (419/640)
Loss: 1.006 | Precision@1: 64.714% (497/768)
Loss: 1.008 | Precision@1: 63.951% (573/896)
Loss: 1.007 | Precision@1: 64.453% (660/1024)
Loss: 1.020 | Precision@1: 63.976% (737/1152)
Loss: 1.009 | Precision@1: 64.141% (821/1280)
Loss: 1.012 | Precision@1: 64.418% (907/1408)
Loss: 1.030 | Precision@1: 63.672% (978/1536)
Loss: 1.025 | Precision@1: 63.942% (1064/1664)
Loss: 1.029 | Precision@1: 63.449% (1137/1792)
Loss: 1.033 | Precision@1: 63.385% (1217/1920)
Loss: 1.032 | Precision@1: 63.721% (1305/2048)
Loss: 1.036 | Precision@1: 63.557% (1383/2176)
Loss: 1.028 | Precision@1: 63.932% (1473/2304)
Loss: 1.029 | Precision@1: 64.062% (1558/2432)
Loss: 1.028 | Precision@1: 63.984% (1638/2560)
Loss: 1.029 | Precision@1: 63.876% (1717/2688)
Loss: 1.020 | Precision@1: 64.062% (1804/2816)
Loss: 1.021 | Precision@1: 63.961% (1883/2944)
Loss: 1.022 | Precision@1: 64.030% (1967/3072)
Loss: 1.018 | Precision@1: 64.406% (2061/3200)
Loss: 1.022 | Precision@1: 64.153% (2135/3328)
Loss: 1.028 | Precision@1: 63.802% (2205/3456)
Loss: 1.026 | Precision@1: 63.867% (2289/3584)
Loss: 1.027 | Precision@1: 63.685% (2364/3712)
Loss: 1.027 | Precision@1: 63.750% (2448/3840)
Loss: 1.030 | Precision@1: 63.609% (2524/3968)
Loss: 1.031 | Precision@1: 63.599% (2605/4096)
Loss: 1.036 | Precision@1: 63.494% (2682/4224)
Loss: 1.037 | Precision@1: 63.488% (2763/4352)
Loss: 1.035 | Precision@1: 63.638% (2851/4480)
Loss: 1.035 | Precision@1: 63.498% (2926/4608)
Loss: 1.035 | Precision@1: 63.429% (3004/4736)
Loss: 1.036 | Precision@1: 63.384% (3083/4864)
Loss: 1.036 | Precision@1: 63.221% (3156/4992)
Loss: 1.033 | Precision@1: 63.281% (3240/5120)
Loss: 1.034 | Precision@1: 63.243% (3319/5248)
Loss: 1.036 | Precision@1: 63.244% (3400/5376)
Loss: 1.036 | Precision@1: 63.263% (3482/5504)
Loss: 1.037 | Precision@1: 63.192% (3559/5632)
Loss: 1.035 | Precision@1: 63.299% (3646/5760)
Loss: 1.037 | Precision@1: 63.247% (3724/5888)
Loss: 1.035 | Precision@1: 63.348% (3811/6016)
Loss: 1.034 | Precision@1: 63.363% (3893/6144)
Loss: 1.033 | Precision@1: 63.377% (3975/6272)
Loss: 1.036 | Precision@1: 63.328% (4053/6400)
Loss: 1.034 | Precision@1: 63.388% (4138/6528)
Loss: 1.034 | Precision@1: 63.341% (4216/6656)
Loss: 1.033 | Precision@1: 63.281% (4293/6784)
Loss: 1.032 | Precision@1: 63.368% (4380/6912)
Loss: 1.032 | Precision@1: 63.352% (4460/7040)
Loss: 1.033 | Precision@1: 63.351% (4541/7168)
Loss: 1.032 | Precision@1: 63.432% (4628/7296)
Loss: 1.034 | Precision@1: 63.335% (4702/7424)
Loss: 1.031 | Precision@1: 63.480% (4794/7552)
Loss: 1.030 | Precision@1: 63.477% (4875/7680)
Loss: 1.030 | Precision@1: 63.461% (4955/7808)
Loss: 1.029 | Precision@1: 63.470% (5037/7936)
Loss: 1.028 | Precision@1: 63.504% (5121/8064)
Loss: 1.030 | Precision@1: 63.501% (5202/8192)
Loss: 1.029 | Precision@1: 63.534% (5286/8320)
Loss: 1.028 | Precision@1: 63.506% (5365/8448)
Loss: 1.029 | Precision@1: 63.491% (5445/8576)
Loss: 1.028 | Precision@1: 63.500% (5527/8704)
Loss: 1.027 | Precision@1: 63.508% (5609/8832)
Loss: 1.025 | Precision@1: 63.583% (5697/8960)
Loss: 1.026 | Precision@1: 63.567% (5777/9088)
Loss: 1.026 | Precision@1: 63.531% (5855/9216)
Loss: 1.026 | Precision@1: 63.560% (5939/9344)
Loss: 1.027 | Precision@1: 63.598% (6024/9472)
Loss: 1.025 | Precision@1: 63.677% (6113/9600)
Loss: 1.025 | Precision@1: 63.713% (6198/9728)
Loss: 1.025 | Precision@1: 63.707% (6279/9856)
Loss: 1.024 | Precision@1: 63.722% (6362/9984)
Loss: 1.024 | Precision@1: 63.746% (6446/10112)
Loss: 1.023 | Precision@1: 63.770% (6530/10240)
Loss: 1.022 | Precision@1: 63.821% (6617/10368)
Loss: 1.022 | Precision@1: 63.815% (6698/10496)
Loss: 1.022 | Precision@1: 63.855% (6784/10624)
Loss: 1.021 | Precision@1: 63.867% (6867/10752)
Loss: 1.020 | Precision@1: 63.971% (6960/10880)
Loss: 1.019 | Precision@1: 63.963% (7041/11008)
Loss: 1.021 | Precision@1: 63.901% (7116/11136)
Loss: 1.019 | Precision@1: 63.965% (7205/11264)
Loss: 1.017 | Precision@1: 64.019% (7293/11392)
Loss: 1.017 | Precision@1: 64.010% (7374/11520)
Loss: 1.018 | Precision@1: 63.959% (7450/11648)
Loss: 1.019 | Precision@1: 63.884% (7523/11776)
Loss: 1.017 | Precision@1: 63.953% (7613/11904)
Loss: 1.016 | Precision@1: 63.979% (7698/12032)
Loss: 1.017 | Precision@1: 63.947% (7776/12160)
Loss: 1.016 | Precision@1: 64.046% (7870/12288)
Loss: 1.015 | Precision@1: 64.095% (7958/12416)
Loss: 1.014 | Precision@1: 64.150% (8047/12544)
Loss: 1.014 | Precision@1: 64.157% (8130/12672)
Loss: 1.012 | Precision@1: 64.250% (8224/12800)
Loss: 1.012 | Precision@1: 64.240% (8305/12928)
Loss: 1.012 | Precision@1: 64.231% (8386/13056)
Loss: 1.012 | Precision@1: 64.184% (8462/13184)
Loss: 1.012 | Precision@1: 64.258% (8554/13312)
Loss: 1.011 | Precision@1: 64.308% (8643/13440)
Loss: 1.009 | Precision@1: 64.379% (8735/13568)
Loss: 1.009 | Precision@1: 64.398% (8820/13696)
Loss: 1.008 | Precision@1: 64.431% (8907/13824)
Loss: 1.009 | Precision@1: 64.399% (8985/13952)
Loss: 1.008 | Precision@1: 64.432% (9072/14080)
Loss: 1.008 | Precision@1: 64.393% (9149/14208)
Loss: 1.009 | Precision@1: 64.369% (9228/14336)
Loss: 1.008 | Precision@1: 64.374% (9311/14464)
Loss: 1.006 | Precision@1: 64.467% (9407/14592)
Loss: 1.005 | Precision@1: 64.524% (9498/14720)
Loss: 1.005 | Precision@1: 64.507% (9578/14848)
Loss: 1.005 | Precision@1: 64.476% (9656/14976)
Loss: 1.006 | Precision@1: 64.394% (9726/15104)
Loss: 1.006 | Precision@1: 64.397% (9809/15232)
Loss: 1.006 | Precision@1: 64.375% (9888/15360)
Loss: 1.008 | Precision@1: 64.321% (9962/15488)
Loss: 1.007 | Precision@1: 64.331% (10046/15616)
Loss: 1.006 | Precision@1: 64.348% (10131/15744)
Loss: 1.004 | Precision@1: 64.428% (10226/15872)
Loss: 1.004 | Precision@1: 64.444% (10311/16000)
Loss: 1.004 | Precision@1: 64.435% (10392/16128)
Loss: 1.004 | Precision@1: 64.475% (10481/16256)
Loss: 1.003 | Precision@1: 64.441% (10558/16384)
Loss: 1.003 | Precision@1: 64.456% (10643/16512)
Loss: 1.003 | Precision@1: 64.429% (10721/16640)
Loss: 1.005 | Precision@1: 64.379% (10795/16768)
Loss: 1.004 | Precision@1: 64.412% (10883/16896)
Loss: 1.006 | Precision@1: 64.362% (10957/17024)
Loss: 1.007 | Precision@1: 64.354% (11038/17152)
Loss: 1.005 | Precision@1: 64.398% (11128/17280)
Loss: 1.005 | Precision@1: 64.419% (11214/17408)
Loss: 1.004 | Precision@1: 64.450% (11302/17536)
Loss: 1.004 | Precision@1: 64.436% (11382/17664)
Loss: 1.004 | Precision@1: 64.388% (11456/17792)
Loss: 1.003 | Precision@1: 64.448% (11549/17920)
Loss: 1.002 | Precision@1: 64.495% (11640/18048)
Loss: 1.002 | Precision@1: 64.481% (11720/18176)
Loss: 1.003 | Precision@1: 64.456% (11798/18304)
Loss: 1.004 | Precision@1: 64.437% (11877/18432)
Loss: 1.004 | Precision@1: 64.445% (11961/18560)
Loss: 1.006 | Precision@1: 64.416% (12038/18688)
Loss: 1.006 | Precision@1: 64.408% (12119/18816)
Loss: 1.006 | Precision@1: 64.406% (12201/18944)
Loss: 1.006 | Precision@1: 64.430% (12288/19072)
Loss: 1.007 | Precision@1: 64.401% (12365/19200)
Loss: 1.007 | Precision@1: 64.373% (12442/19328)
Loss: 1.007 | Precision@1: 64.366% (12523/19456)
Loss: 1.006 | Precision@1: 64.369% (12606/19584)
Loss: 1.006 | Precision@1: 64.372% (12689/19712)
Loss: 1.006 | Precision@1: 64.360% (12769/19840)
Loss: 1.007 | Precision@1: 64.323% (12844/19968)
Loss: 1.006 | Precision@1: 64.316% (12925/20096)
Loss: 1.006 | Precision@1: 64.315% (13007/20224)
Loss: 1.006 | Precision@1: 64.333% (13093/20352)
Loss: 1.007 | Precision@1: 64.287% (13166/20480)
Loss: 1.007 | Precision@1: 64.310% (13253/20608)
Loss: 1.006 | Precision@1: 64.328% (13339/20736)
Loss: 1.005 | Precision@1: 64.345% (13425/20864)
Loss: 1.006 | Precision@1: 64.334% (13505/20992)
Loss: 1.006 | Precision@1: 64.389% (13599/21120)
Loss: 1.005 | Precision@1: 64.401% (13684/21248)
Loss: 1.005 | Precision@1: 64.399% (13766/21376)
Loss: 1.005 | Precision@1: 64.393% (13847/21504)
Loss: 1.004 | Precision@1: 64.423% (13936/21632)
Loss: 1.004 | Precision@1: 64.426% (14019/21760)
Loss: 1.005 | Precision@1: 64.414% (14099/21888)
Loss: 1.004 | Precision@1: 64.439% (14187/22016)
Loss: 1.004 | Precision@1: 64.437% (14269/22144)
Loss: 1.005 | Precision@1: 64.435% (14351/22272)
Loss: 1.004 | Precision@1: 64.433% (14433/22400)
Loss: 1.004 | Precision@1: 64.435% (14516/22528)
Loss: 1.003 | Precision@1: 64.455% (14603/22656)
Loss: 1.003 | Precision@1: 64.510% (14698/22784)
Loss: 1.003 | Precision@1: 64.538% (14787/22912)
Loss: 1.003 | Precision@1: 64.514% (14864/23040)
Loss: 1.002 | Precision@1: 64.550% (14955/23168)
Loss: 1.003 | Precision@1: 64.556% (15039/23296)
Loss: 1.003 | Precision@1: 64.545% (15119/23424)
Loss: 1.002 | Precision@1: 64.576% (15209/23552)
Loss: 1.002 | Precision@1: 64.578% (15292/23680)
Loss: 1.002 | Precision@1: 64.575% (15374/23808)
Loss: 1.002 | Precision@1: 64.618% (15467/23936)
Loss: 1.001 | Precision@1: 64.586% (15542/24064)
Loss: 1.002 | Precision@1: 64.616% (15632/24192)
Loss: 1.001 | Precision@1: 64.655% (15724/24320)
Loss: 1.000 | Precision@1: 64.643% (15804/24448)
Loss: 0.999 | Precision@1: 64.714% (15904/24576)
Loss: 1.000 | Precision@1: 64.670% (15976/24704)
Loss: 0.999 | Precision@1: 64.707% (16068/24832)
Loss: 0.998 | Precision@1: 64.732% (16157/24960)
Loss: 0.997 | Precision@1: 64.740% (16242/25088)
Loss: 0.997 | Precision@1: 64.749% (16327/25216)
Loss: 0.997 | Precision@1: 64.745% (16409/25344)
Loss: 0.998 | Precision@1: 64.722% (16486/25472)
Loss: 0.998 | Precision@1: 64.719% (16568/25600)
Loss: 0.998 | Precision@1: 64.708% (16648/25728)
Loss: 0.998 | Precision@1: 64.697% (16728/25856)
Loss: 0.998 | Precision@1: 64.705% (16813/25984)
Loss: 0.997 | Precision@1: 64.729% (16902/26112)
Loss: 0.997 | Precision@1: 64.745% (16989/26240)
Loss: 0.996 | Precision@1: 64.772% (17079/26368)
Loss: 0.996 | Precision@1: 64.757% (17158/26496)
Loss: 0.996 | Precision@1: 64.761% (17242/26624)
Loss: 0.996 | Precision@1: 64.743% (17320/26752)
Loss: 0.996 | Precision@1: 64.758% (17407/26880)
Loss: 0.996 | Precision@1: 64.773% (17494/27008)
Loss: 0.996 | Precision@1: 64.774% (17577/27136)
Loss: 0.995 | Precision@1: 64.785% (17663/27264)
Loss: 0.995 | Precision@1: 64.793% (17748/27392)
Loss: 0.995 | Precision@1: 64.800% (17833/27520)
Loss: 0.995 | Precision@1: 64.804% (17917/27648)
Loss: 0.994 | Precision@1: 64.826% (18006/27776)
Loss: 0.994 | Precision@1: 64.833% (18091/27904)
Loss: 0.993 | Precision@1: 64.865% (18183/28032)
Loss: 0.994 | Precision@1: 64.837% (18258/28160)
Loss: 0.994 | Precision@1: 64.815% (18335/28288)
Loss: 0.994 | Precision@1: 64.840% (18425/28416)
Loss: 0.994 | Precision@1: 64.854% (18512/28544)
Loss: 0.994 | Precision@1: 64.823% (18586/28672)
Loss: 0.994 | Precision@1: 64.799% (18662/28800)
Loss: 0.994 | Precision@1: 64.788% (18742/28928)
Loss: 0.994 | Precision@1: 64.771% (18820/29056)
Loss: 0.994 | Precision@1: 64.803% (18912/29184)
Loss: 0.993 | Precision@1: 64.823% (19001/29312)
Loss: 0.993 | Precision@1: 64.813% (19081/29440)
Loss: 0.993 | Precision@1: 64.813% (19164/29568)
Loss: 0.993 | Precision@1: 64.837% (19254/29696)
Loss: 0.993 | Precision@1: 64.844% (19339/29824)
Loss: 0.993 | Precision@1: 64.837% (19420/29952)
Loss: 0.993 | Precision@1: 64.834% (19502/30080)
Loss: 0.992 | Precision@1: 64.864% (19594/30208)
Loss: 0.992 | Precision@1: 64.850% (19673/30336)
Loss: 0.992 | Precision@1: 64.847% (19755/30464)
Loss: 0.993 | Precision@1: 64.821% (19830/30592)
Loss: 0.993 | Precision@1: 64.811% (19910/30720)
Loss: 0.993 | Precision@1: 64.824% (19997/30848)
Loss: 0.992 | Precision@1: 64.831% (20082/30976)
Loss: 0.992 | Precision@1: 64.869% (20177/31104)
Loss: 0.992 | Precision@1: 64.885% (20265/31232)
Loss: 0.992 | Precision@1: 64.885% (20348/31360)
Loss: 0.992 | Precision@1: 64.901% (20436/31488)
Loss: 0.991 | Precision@1: 64.904% (20520/31616)
Loss: 0.991 | Precision@1: 64.926% (20610/31744)
Loss: 0.991 | Precision@1: 64.916% (20690/31872)
Loss: 0.991 | Precision@1: 64.891% (20765/32000)
Loss: 0.992 | Precision@1: 64.869% (20841/32128)
Loss: 0.992 | Precision@1: 64.862% (20922/32256)
Loss: 0.992 | Precision@1: 64.878% (21010/32384)
Loss: 0.991 | Precision@1: 64.887% (21096/32512)
Loss: 0.991 | Precision@1: 64.884% (21178/32640)
Loss: 0.991 | Precision@1: 64.896% (21265/32768)
Loss: 0.991 | Precision@1: 64.902% (21350/32896)
Loss: 0.990 | Precision@1: 64.926% (21441/33024)
Loss: 0.990 | Precision@1: 64.943% (21530/33152)
Loss: 0.989 | Precision@1: 64.949% (21615/33280)
Loss: 0.990 | Precision@1: 64.937% (21694/33408)
Loss: 0.989 | Precision@1: 64.954% (21783/33536)
Loss: 0.989 | Precision@1: 64.960% (21868/33664)
Loss: 0.988 | Precision@1: 64.986% (21960/33792)
Loss: 0.987 | Precision@1: 65.006% (22050/33920)
Loss: 0.988 | Precision@1: 65.014% (22136/34048)
Loss: 0.987 | Precision@1: 65.025% (22223/34176)
Loss: 0.987 | Precision@1: 65.042% (22312/34304)
Loss: 0.986 | Precision@1: 65.059% (22401/34432)
Loss: 0.986 | Precision@1: 65.058% (22484/34560)
Loss: 0.986 | Precision@1: 65.071% (22572/34688)
Loss: 0.986 | Precision@1: 65.088% (22661/34816)
Loss: 0.986 | Precision@1: 65.098% (22748/34944)
Loss: 0.986 | Precision@1: 65.092% (22829/35072)
Loss: 0.985 | Precision@1: 65.114% (22920/35200)
Loss: 0.985 | Precision@1: 65.101% (22999/35328)
Loss: 0.985 | Precision@1: 65.112% (23086/35456)
Loss: 0.985 | Precision@1: 65.102% (23166/35584)
Loss: 0.984 | Precision@1: 65.099% (23248/35712)
Loss: 0.985 | Precision@1: 65.086% (23327/35840)
Loss: 0.984 | Precision@1: 65.102% (23416/35968)
Loss: 0.984 | Precision@1: 65.101% (23499/36096)
Loss: 0.984 | Precision@1: 65.106% (23584/36224)
Loss: 0.984 | Precision@1: 65.111% (23669/36352)
Loss: 0.984 | Precision@1: 65.096% (23747/36480)
Loss: 0.984 | Precision@1: 65.101% (23832/36608)
Loss: 0.984 | Precision@1: 65.105% (23917/36736)
Loss: 0.983 | Precision@1: 65.115% (24004/36864)
Loss: 0.983 | Precision@1: 65.147% (24099/36992)
Loss: 0.983 | Precision@1: 65.151% (24184/37120)
Loss: 0.983 | Precision@1: 65.152% (24268/37248)
Loss: 0.983 | Precision@1: 65.149% (24350/37376)
Loss: 0.983 | Precision@1: 65.140% (24430/37504)
Loss: 0.982 | Precision@1: 65.163% (24522/37632)
Loss: 0.982 | Precision@1: 65.159% (24604/37760)
Loss: 0.982 | Precision@1: 65.182% (24696/37888)
Loss: 0.982 | Precision@1: 65.180% (24779/38016)
Loss: 0.982 | Precision@1: 65.156% (24853/38144)
Loss: 0.982 | Precision@1: 65.160% (24938/38272)
Loss: 0.981 | Precision@1: 65.180% (25029/38400)
Loss: 0.981 | Precision@1: 65.186% (25115/38528)
Loss: 0.981 | Precision@1: 65.175% (25194/38656)
Loss: 0.982 | Precision@1: 65.169% (25275/38784)
Loss: 0.982 | Precision@1: 65.173% (25360/38912)
Loss: 0.982 | Precision@1: 65.187% (25449/39040)
Loss: 0.983 | Precision@1: 65.150% (25518/39168)
Loss: 0.983 | Precision@1: 65.169% (25609/39296)
Loss: 0.983 | Precision@1: 65.166% (25691/39424)
Loss: 0.983 | Precision@1: 65.172% (25777/39552)
Loss: 0.983 | Precision@1: 65.161% (25856/39680)
Loss: 0.983 | Precision@1: 65.168% (25942/39808)
Loss: 0.983 | Precision@1: 65.174% (26028/39936)
Loss: 0.982 | Precision@1: 65.193% (26119/40064)
Loss: 0.982 | Precision@1: 65.195% (26203/40192)
Loss: 0.982 | Precision@1: 65.206% (26291/40320)
Loss: 0.982 | Precision@1: 65.205% (26374/40448)
Loss: 0.982 | Precision@1: 65.199% (26455/40576)
Loss: 0.982 | Precision@1: 65.210% (26543/40704)
Loss: 0.981 | Precision@1: 65.218% (26630/40832)
Loss: 0.981 | Precision@1: 65.220% (26714/40960)
Loss: 0.981 | Precision@1: 65.228% (26801/41088)
Loss: 0.981 | Precision@1: 65.227% (26884/41216)
Loss: 0.981 | Precision@1: 65.216% (26963/41344)
Loss: 0.981 | Precision@1: 65.242% (27057/41472)
Loss: 0.980 | Precision@1: 65.255% (27146/41600)
Loss: 0.981 | Precision@1: 65.232% (27220/41728)
Loss: 0.981 | Precision@1: 65.233% (27304/41856)
Loss: 0.981 | Precision@1: 65.246% (27393/41984)
Loss: 0.981 | Precision@1: 65.259% (27482/42112)
Loss: 0.980 | Precision@1: 65.275% (27572/42240)
Loss: 0.980 | Precision@1: 65.302% (27667/42368)
Loss: 0.979 | Precision@1: 65.319% (27758/42496)
Loss: 0.979 | Precision@1: 65.327% (27845/42624)
Loss: 0.979 | Precision@1: 65.340% (27934/42752)
Loss: 0.978 | Precision@1: 65.347% (28021/42880)
Loss: 0.978 | Precision@1: 65.351% (28106/43008)
Loss: 0.978 | Precision@1: 65.351% (28190/43136)
Loss: 0.979 | Precision@1: 65.327% (28263/43264)
Loss: 0.979 | Precision@1: 65.316% (28342/43392)
Loss: 0.979 | Precision@1: 65.322% (28428/43520)
Loss: 0.979 | Precision@1: 65.307% (28505/43648)
Loss: 0.979 | Precision@1: 65.294% (28583/43776)
Loss: 0.978 | Precision@1: 65.315% (28676/43904)
Loss: 0.978 | Precision@1: 65.339% (28770/44032)
Loss: 0.978 | Precision@1: 65.326% (28848/44160)
Loss: 0.978 | Precision@1: 65.327% (28932/44288)
Loss: 0.978 | Precision@1: 65.332% (29018/44416)
Loss: 0.978 | Precision@1: 65.335% (29103/44544)
Loss: 0.978 | Precision@1: 65.330% (29184/44672)
Loss: 0.978 | Precision@1: 65.326% (29266/44800)
Loss: 0.977 | Precision@1: 65.349% (29360/44928)
Loss: 0.977 | Precision@1: 65.339% (29439/45056)
Loss: 0.977 | Precision@1: 65.364% (29534/45184)
Loss: 0.977 | Precision@1: 65.380% (29625/45312)
Loss: 0.977 | Precision@1: 65.376% (29707/45440)
Loss: 0.977 | Precision@1: 65.388% (29796/45568)
Loss: 0.977 | Precision@1: 65.391% (29881/45696)
Loss: 0.976 | Precision@1: 65.407% (29972/45824)
Loss: 0.976 | Precision@1: 65.410% (30057/45952)
Loss: 0.976 | Precision@1: 65.432% (30151/46080)
Loss: 0.976 | Precision@1: 65.437% (30237/46208)
Loss: 0.975 | Precision@1: 65.448% (30326/46336)
Loss: 0.975 | Precision@1: 65.449% (30410/46464)
Loss: 0.974 | Precision@1: 65.477% (30507/46592)
Loss: 0.974 | Precision@1: 65.484% (30594/46720)
Loss: 0.974 | Precision@1: 65.478% (30675/46848)
Loss: 0.974 | Precision@1: 65.480% (30760/46976)
Loss: 0.973 | Precision@1: 65.491% (30849/47104)
Loss: 0.973 | Precision@1: 65.502% (30938/47232)
Loss: 0.973 | Precision@1: 65.492% (31017/47360)
Loss: 0.973 | Precision@1: 65.509% (31109/47488)
Loss: 0.972 | Precision@1: 65.509% (31193/47616)
Loss: 0.973 | Precision@1: 65.501% (31273/47744)
Loss: 0.972 | Precision@1: 65.500% (31356/47872)
Loss: 0.972 | Precision@1: 65.502% (31441/48000)
Loss: 0.972 | Precision@1: 65.536% (31541/48128)
Loss: 0.972 | Precision@1: 65.540% (31627/48256)
Loss: 0.972 | Precision@1: 65.542% (31712/48384)
Loss: 0.971 | Precision@1: 65.569% (31809/48512)
Loss: 0.971 | Precision@1: 65.561% (31889/48640)
Loss: 0.971 | Precision@1: 65.572% (31978/48768)
Loss: 0.971 | Precision@1: 65.572% (32062/48896)
Loss: 0.971 | Precision@1: 65.564% (32142/49024)
Loss: 0.971 | Precision@1: 65.582% (32235/49152)
Loss: 0.971 | Precision@1: 65.593% (32324/49280)
Loss: 0.971 | Precision@1: 65.597% (32410/49408)
Loss: 0.970 | Precision@1: 65.623% (32507/49536)
Loss: 0.969 | Precision@1: 65.643% (32601/49664)
Loss: 0.969 | Precision@1: 65.657% (32692/49792)
Loss: 0.969 | Precision@1: 65.643% (32769/49920)
Loss: 0.969 | Precision@1: 65.644% (32822/50000)

Aggregates: 			
 	 DataLoader Time: 7.8514 			
 	 Mini-batch Time: 11.3616 			
 	 Training Epoch Time: 31.5123
 			
 Averages: 			
 	 Training Loss: 0.9690

 Test set Averages: Loss: 0.927 | Precision@1: 67.760% (6776/10000)
Average dataloader time is 7.86
