model name	: Intel(R) Xeon(R) Gold 6152 CPU @ 2.10GHz
Tue Oct 29 18:45:22 2019       
+-----------------------------------------------------------------------------+
| NVIDIA-SMI 418.74       Driver Version: 418.74       CUDA Version: 10.1     |
|-------------------------------+----------------------+----------------------+
| GPU  Name        Persistence-M| Bus-Id        Disp.A | Volatile Uncorr. ECC |
| Fan  Temp  Perf  Pwr:Usage/Cap|         Memory-Usage | GPU-Util  Compute M. |
|===============================+======================+======================|
|   0  GeForce RTX 208...  On   | 00000000:3B:00.0 Off |                  N/A |
| 33%   48C    P2    78W / 250W |    990MiB / 10989MiB |      6%      Default |
+-------------------------------+----------------------+----------------------+
                                                                               
+-----------------------------------------------------------------------------+
| Processes:                                                       GPU Memory |
|  GPU       PID   Type   Process name                             Usage      |
|=============================================================================|
|    0    252417      C   python3                                      979MiB |
+-----------------------------------------------------------------------------+
Files already downloaded and verified
Files already downloaded and verified

Epoch: 0
Loss: 2.415 | Precision@1: 12.500% (16/128)
Loss: 3.011 | Precision@1: 8.984% (23/256)
Loss: 3.285 | Precision@1: 11.719% (45/384)
Loss: 3.559 | Precision@1: 11.914% (61/512)
Loss: 3.658 | Precision@1: 12.188% (78/640)
Loss: 3.526 | Precision@1: 11.719% (90/768)
Loss: 3.402 | Precision@1: 11.830% (106/896)
Loss: 3.382 | Precision@1: 11.621% (119/1024)
Loss: 3.301 | Precision@1: 11.285% (130/1152)
Loss: 3.240 | Precision@1: 11.094% (142/1280)
Loss: 3.209 | Precision@1: 11.009% (155/1408)
Loss: 3.142 | Precision@1: 11.263% (173/1536)
Loss: 3.164 | Precision@1: 11.899% (198/1664)
Loss: 3.139 | Precision@1: 12.221% (219/1792)
Loss: 3.103 | Precision@1: 12.448% (239/1920)
Loss: 3.069 | Precision@1: 12.793% (262/2048)
Loss: 3.059 | Precision@1: 13.006% (283/2176)
Loss: 3.045 | Precision@1: 13.108% (302/2304)
Loss: 3.018 | Precision@1: 13.322% (324/2432)
Loss: 2.999 | Precision@1: 13.984% (358/2560)
Loss: 2.970 | Precision@1: 14.174% (381/2688)
Loss: 2.943 | Precision@1: 14.418% (406/2816)
Loss: 2.923 | Precision@1: 14.504% (427/2944)
Loss: 2.888 | Precision@1: 14.876% (457/3072)
Loss: 2.855 | Precision@1: 15.188% (486/3200)
Loss: 2.860 | Precision@1: 15.535% (517/3328)
Loss: 2.851 | Precision@1: 15.856% (548/3456)
Loss: 2.830 | Precision@1: 15.904% (570/3584)
Loss: 2.805 | Precision@1: 16.083% (597/3712)
Loss: 2.784 | Precision@1: 16.120% (619/3840)
Loss: 2.772 | Precision@1: 16.280% (646/3968)
Loss: 2.755 | Precision@1: 16.455% (674/4096)
Loss: 2.738 | Precision@1: 16.501% (697/4224)
Loss: 2.725 | Precision@1: 16.544% (720/4352)
Loss: 2.714 | Precision@1: 16.719% (749/4480)
Loss: 2.698 | Precision@1: 16.970% (782/4608)
Loss: 2.689 | Precision@1: 17.209% (815/4736)
Loss: 2.679 | Precision@1: 17.249% (839/4864)
Loss: 2.674 | Precision@1: 17.288% (863/4992)
Loss: 2.667 | Precision@1: 17.305% (886/5120)
Loss: 2.655 | Precision@1: 17.226% (904/5248)
Loss: 2.643 | Precision@1: 17.318% (931/5376)
Loss: 2.636 | Precision@1: 17.442% (960/5504)
Loss: 2.621 | Precision@1: 17.773% (1001/5632)
Loss: 2.622 | Precision@1: 17.795% (1025/5760)
Loss: 2.615 | Precision@1: 17.901% (1054/5888)
Loss: 2.604 | Precision@1: 18.035% (1085/6016)
Loss: 2.593 | Precision@1: 18.180% (1117/6144)
Loss: 2.583 | Precision@1: 18.288% (1147/6272)
Loss: 2.572 | Precision@1: 18.281% (1170/6400)
Loss: 2.561 | Precision@1: 18.551% (1211/6528)
Loss: 2.552 | Precision@1: 18.660% (1242/6656)
Loss: 2.543 | Precision@1: 18.691% (1268/6784)
Loss: 2.537 | Precision@1: 18.793% (1299/6912)
Loss: 2.527 | Precision@1: 18.935% (1333/7040)
Loss: 2.521 | Precision@1: 18.959% (1359/7168)
Loss: 2.513 | Precision@1: 18.956% (1383/7296)
Loss: 2.504 | Precision@1: 19.073% (1416/7424)
Loss: 2.497 | Precision@1: 19.280% (1456/7552)
Loss: 2.490 | Precision@1: 19.323% (1484/7680)
Loss: 2.483 | Precision@1: 19.442% (1518/7808)
Loss: 2.476 | Precision@1: 19.544% (1551/7936)
Loss: 2.471 | Precision@1: 19.544% (1576/8064)
Loss: 2.462 | Precision@1: 19.604% (1606/8192)
Loss: 2.455 | Precision@1: 19.663% (1636/8320)
Loss: 2.450 | Precision@1: 19.685% (1663/8448)
Loss: 2.444 | Precision@1: 19.799% (1698/8576)
Loss: 2.437 | Precision@1: 19.933% (1735/8704)
Loss: 2.431 | Precision@1: 20.052% (1771/8832)
Loss: 2.424 | Precision@1: 20.134% (1804/8960)
Loss: 2.417 | Precision@1: 20.191% (1835/9088)
Loss: 2.410 | Precision@1: 20.367% (1877/9216)
Loss: 2.405 | Precision@1: 20.409% (1907/9344)
Loss: 2.400 | Precision@1: 20.397% (1932/9472)
Loss: 2.394 | Precision@1: 20.458% (1964/9600)
Loss: 2.390 | Precision@1: 20.498% (1994/9728)
Loss: 2.383 | Precision@1: 20.586% (2029/9856)
Loss: 2.377 | Precision@1: 20.693% (2066/9984)
Loss: 2.371 | Precision@1: 20.807% (2104/10112)
Loss: 2.365 | Precision@1: 20.928% (2143/10240)
Loss: 2.360 | Precision@1: 20.978% (2175/10368)
Loss: 2.354 | Precision@1: 21.122% (2217/10496)
Loss: 2.350 | Precision@1: 21.150% (2247/10624)
Loss: 2.346 | Precision@1: 21.215% (2281/10752)
Loss: 2.340 | Precision@1: 21.314% (2319/10880)
Loss: 2.336 | Precision@1: 21.384% (2354/11008)
Loss: 2.331 | Precision@1: 21.471% (2391/11136)
Loss: 2.325 | Precision@1: 21.520% (2424/11264)
Loss: 2.320 | Precision@1: 21.577% (2458/11392)
Loss: 2.316 | Precision@1: 21.623% (2491/11520)
Loss: 2.312 | Precision@1: 21.738% (2532/11648)
Loss: 2.307 | Precision@1: 21.782% (2565/11776)
Loss: 2.302 | Precision@1: 21.900% (2607/11904)
Loss: 2.298 | Precision@1: 21.975% (2644/12032)
Loss: 2.296 | Precision@1: 22.072% (2684/12160)
Loss: 2.293 | Precision@1: 22.127% (2719/12288)
Loss: 2.289 | Precision@1: 22.197% (2756/12416)
Loss: 2.285 | Precision@1: 22.234% (2789/12544)
Loss: 2.281 | Precision@1: 22.254% (2820/12672)
Loss: 2.278 | Precision@1: 22.297% (2854/12800)
Loss: 2.274 | Precision@1: 22.324% (2886/12928)
Loss: 2.269 | Precision@1: 22.419% (2927/13056)
Loss: 2.263 | Precision@1: 22.535% (2971/13184)
Loss: 2.260 | Precision@1: 22.634% (3013/13312)
Loss: 2.257 | Precision@1: 22.656% (3045/13440)
Loss: 2.255 | Precision@1: 22.686% (3078/13568)
Loss: 2.252 | Precision@1: 22.678% (3106/13696)
Loss: 2.248 | Precision@1: 22.729% (3142/13824)
Loss: 2.244 | Precision@1: 22.800% (3181/13952)
Loss: 2.241 | Precision@1: 22.891% (3223/14080)
Loss: 2.237 | Precision@1: 23.001% (3268/14208)
Loss: 2.233 | Precision@1: 23.019% (3300/14336)
Loss: 2.230 | Precision@1: 23.085% (3339/14464)
Loss: 2.228 | Precision@1: 23.095% (3370/14592)
Loss: 2.227 | Precision@1: 23.057% (3394/14720)
Loss: 2.224 | Precision@1: 23.087% (3428/14848)
Loss: 2.220 | Precision@1: 23.150% (3467/14976)
Loss: 2.217 | Precision@1: 23.279% (3516/15104)
Loss: 2.215 | Precision@1: 23.319% (3552/15232)
Loss: 2.213 | Precision@1: 23.353% (3587/15360)
Loss: 2.211 | Precision@1: 23.425% (3628/15488)
Loss: 2.208 | Precision@1: 23.476% (3666/15616)
Loss: 2.205 | Precision@1: 23.514% (3702/15744)
Loss: 2.202 | Precision@1: 23.570% (3741/15872)
Loss: 2.198 | Precision@1: 23.675% (3788/16000)
Loss: 2.196 | Precision@1: 23.729% (3827/16128)
Loss: 2.193 | Precision@1: 23.776% (3865/16256)
Loss: 2.191 | Precision@1: 23.785% (3897/16384)
Loss: 2.188 | Precision@1: 23.849% (3938/16512)
Loss: 2.185 | Precision@1: 23.906% (3978/16640)
Loss: 2.183 | Precision@1: 23.968% (4019/16768)
Loss: 2.181 | Precision@1: 24.012% (4057/16896)
Loss: 2.178 | Precision@1: 24.060% (4096/17024)
Loss: 2.175 | Precision@1: 24.120% (4137/17152)
Loss: 2.172 | Precision@1: 24.225% (4186/17280)
Loss: 2.169 | Precision@1: 24.276% (4226/17408)
Loss: 2.169 | Precision@1: 24.242% (4251/17536)
Loss: 2.166 | Precision@1: 24.275% (4288/17664)
Loss: 2.163 | Precision@1: 24.337% (4330/17792)
Loss: 2.161 | Precision@1: 24.369% (4367/17920)
Loss: 2.158 | Precision@1: 24.418% (4407/18048)
Loss: 2.155 | Precision@1: 24.488% (4451/18176)
Loss: 2.153 | Precision@1: 24.585% (4500/18304)
Loss: 2.151 | Precision@1: 24.620% (4538/18432)
Loss: 2.148 | Precision@1: 24.682% (4581/18560)
Loss: 2.146 | Precision@1: 24.738% (4623/18688)
Loss: 2.143 | Precision@1: 24.798% (4666/18816)
Loss: 2.140 | Precision@1: 24.836% (4705/18944)
Loss: 2.137 | Precision@1: 24.911% (4751/19072)
Loss: 2.134 | Precision@1: 24.990% (4798/19200)
Loss: 2.132 | Precision@1: 25.057% (4843/19328)
Loss: 2.130 | Precision@1: 25.113% (4886/19456)
Loss: 2.127 | Precision@1: 25.153% (4926/19584)
Loss: 2.124 | Precision@1: 25.218% (4971/19712)
Loss: 2.121 | Precision@1: 25.292% (5018/19840)
Loss: 2.119 | Precision@1: 25.371% (5066/19968)
Loss: 2.116 | Precision@1: 25.473% (5119/20096)
Loss: 2.115 | Precision@1: 25.485% (5154/20224)
Loss: 2.113 | Precision@1: 25.526% (5195/20352)
Loss: 2.111 | Precision@1: 25.576% (5238/20480)
Loss: 2.108 | Precision@1: 25.670% (5290/20608)
Loss: 2.107 | Precision@1: 25.670% (5323/20736)
Loss: 2.105 | Precision@1: 25.729% (5368/20864)
Loss: 2.103 | Precision@1: 25.772% (5410/20992)
Loss: 2.101 | Precision@1: 25.819% (5453/21120)
Loss: 2.099 | Precision@1: 25.871% (5497/21248)
Loss: 2.098 | Precision@1: 25.894% (5535/21376)
Loss: 2.096 | Precision@1: 25.907% (5571/21504)
Loss: 2.095 | Precision@1: 25.929% (5609/21632)
Loss: 2.093 | Precision@1: 25.965% (5650/21760)
Loss: 2.091 | Precision@1: 26.042% (5700/21888)
Loss: 2.089 | Precision@1: 26.058% (5737/22016)
Loss: 2.087 | Precision@1: 26.075% (5774/22144)
Loss: 2.085 | Precision@1: 26.122% (5818/22272)
Loss: 2.083 | Precision@1: 26.174% (5863/22400)
Loss: 2.081 | Precision@1: 26.247% (5913/22528)
Loss: 2.079 | Precision@1: 26.289% (5956/22656)
Loss: 2.078 | Precision@1: 26.312% (5995/22784)
Loss: 2.076 | Precision@1: 26.340% (6035/22912)
Loss: 2.074 | Precision@1: 26.424% (6088/23040)
Loss: 2.072 | Precision@1: 26.476% (6134/23168)
Loss: 2.070 | Precision@1: 26.515% (6177/23296)
Loss: 2.069 | Precision@1: 26.554% (6220/23424)
Loss: 2.067 | Precision@1: 26.579% (6260/23552)
Loss: 2.066 | Precision@1: 26.588% (6296/23680)
Loss: 2.063 | Precision@1: 26.642% (6343/23808)
Loss: 2.061 | Precision@1: 26.713% (6394/23936)
Loss: 2.059 | Precision@1: 26.774% (6443/24064)
Loss: 2.057 | Precision@1: 26.835% (6492/24192)
Loss: 2.056 | Precision@1: 26.809% (6520/24320)
Loss: 2.055 | Precision@1: 26.877% (6571/24448)
Loss: 2.054 | Precision@1: 26.917% (6615/24576)
Loss: 2.053 | Precision@1: 26.935% (6654/24704)
Loss: 2.051 | Precision@1: 26.989% (6702/24832)
Loss: 2.049 | Precision@1: 27.047% (6751/24960)
Loss: 2.047 | Precision@1: 27.097% (6798/25088)
Loss: 2.046 | Precision@1: 27.197% (6858/25216)
Loss: 2.044 | Precision@1: 27.257% (6908/25344)
Loss: 2.042 | Precision@1: 27.348% (6966/25472)
Loss: 2.041 | Precision@1: 27.375% (7008/25600)
Loss: 2.039 | Precision@1: 27.421% (7055/25728)
Loss: 2.037 | Precision@1: 27.475% (7104/25856)
Loss: 2.036 | Precision@1: 27.486% (7142/25984)
Loss: 2.034 | Precision@1: 27.516% (7185/26112)
Loss: 2.033 | Precision@1: 27.538% (7226/26240)
Loss: 2.033 | Precision@1: 27.549% (7264/26368)
Loss: 2.032 | Precision@1: 27.563% (7303/26496)
Loss: 2.030 | Precision@1: 27.614% (7352/26624)
Loss: 2.028 | Precision@1: 27.658% (7399/26752)
Loss: 2.026 | Precision@1: 27.708% (7448/26880)
Loss: 2.025 | Precision@1: 27.725% (7488/27008)
Loss: 2.025 | Precision@1: 27.716% (7521/27136)
Loss: 2.022 | Precision@1: 27.799% (7579/27264)
Loss: 2.021 | Precision@1: 27.829% (7623/27392)
Loss: 2.020 | Precision@1: 27.882% (7673/27520)
Loss: 2.018 | Precision@1: 27.901% (7714/27648)
Loss: 2.017 | Precision@1: 27.920% (7755/27776)
Loss: 2.016 | Precision@1: 27.946% (7798/27904)
Loss: 2.015 | Precision@1: 27.968% (7840/28032)
Loss: 2.014 | Precision@1: 27.987% (7881/28160)
Loss: 2.013 | Precision@1: 28.019% (7926/28288)
Loss: 2.012 | Precision@1: 28.044% (7969/28416)
Loss: 2.010 | Precision@1: 28.062% (8010/28544)
Loss: 2.010 | Precision@1: 28.087% (8053/28672)
Loss: 2.009 | Precision@1: 28.108% (8095/28800)
Loss: 2.007 | Precision@1: 28.125% (8136/28928)
Loss: 2.006 | Precision@1: 28.139% (8176/29056)
Loss: 2.005 | Precision@1: 28.156% (8217/29184)
Loss: 2.003 | Precision@1: 28.214% (8270/29312)
Loss: 2.002 | Precision@1: 28.257% (8319/29440)
Loss: 2.001 | Precision@1: 28.294% (8366/29568)
Loss: 2.000 | Precision@1: 28.300% (8404/29696)
Loss: 1.999 | Precision@1: 28.326% (8448/29824)
Loss: 1.997 | Precision@1: 28.362% (8495/29952)
Loss: 1.996 | Precision@1: 28.401% (8543/30080)
Loss: 1.995 | Precision@1: 28.413% (8583/30208)
Loss: 1.993 | Precision@1: 28.465% (8635/30336)
Loss: 1.992 | Precision@1: 28.512% (8686/30464)
Loss: 1.990 | Precision@1: 28.547% (8733/30592)
Loss: 1.989 | Precision@1: 28.584% (8781/30720)
Loss: 1.988 | Precision@1: 28.611% (8826/30848)
Loss: 1.987 | Precision@1: 28.658% (8877/30976)
Loss: 1.985 | Precision@1: 28.681% (8921/31104)
Loss: 1.984 | Precision@1: 28.711% (8967/31232)
Loss: 1.983 | Precision@1: 28.744% (9014/31360)
Loss: 1.981 | Precision@1: 28.782% (9063/31488)
Loss: 1.980 | Precision@1: 28.827% (9114/31616)
Loss: 1.979 | Precision@1: 28.837% (9154/31744)
Loss: 1.977 | Precision@1: 28.916% (9216/31872)
Loss: 1.975 | Precision@1: 28.978% (9273/32000)
Loss: 1.975 | Precision@1: 28.997% (9316/32128)
Loss: 1.973 | Precision@1: 29.046% (9369/32256)
Loss: 1.972 | Precision@1: 29.082% (9418/32384)
Loss: 1.970 | Precision@1: 29.146% (9476/32512)
Loss: 1.969 | Precision@1: 29.164% (9519/32640)
Loss: 1.968 | Precision@1: 29.175% (9560/32768)
Loss: 1.967 | Precision@1: 29.210% (9609/32896)
Loss: 1.966 | Precision@1: 29.239% (9656/33024)
Loss: 1.964 | Precision@1: 29.298% (9713/33152)
Loss: 1.963 | Precision@1: 29.324% (9759/33280)
Loss: 1.962 | Precision@1: 29.346% (9804/33408)
Loss: 1.960 | Precision@1: 29.407% (9862/33536)
Loss: 1.959 | Precision@1: 29.450% (9914/33664)
Loss: 1.958 | Precision@1: 29.489% (9965/33792)
Loss: 1.957 | Precision@1: 29.496% (10005/33920)
Loss: 1.956 | Precision@1: 29.535% (10056/34048)
Loss: 1.954 | Precision@1: 29.582% (10110/34176)
Loss: 1.953 | Precision@1: 29.615% (10159/34304)
Loss: 1.952 | Precision@1: 29.676% (10218/34432)
Loss: 1.951 | Precision@1: 29.725% (10273/34560)
Loss: 1.948 | Precision@1: 29.794% (10335/34688)
Loss: 1.948 | Precision@1: 29.820% (10382/34816)
Loss: 1.946 | Precision@1: 29.871% (10438/34944)
Loss: 1.945 | Precision@1: 29.921% (10494/35072)
Loss: 1.944 | Precision@1: 29.946% (10541/35200)
Loss: 1.943 | Precision@1: 29.985% (10593/35328)
Loss: 1.942 | Precision@1: 30.015% (10642/35456)
Loss: 1.941 | Precision@1: 30.067% (10699/35584)
Loss: 1.940 | Precision@1: 30.091% (10746/35712)
Loss: 1.939 | Precision@1: 30.112% (10792/35840)
Loss: 1.937 | Precision@1: 30.149% (10844/35968)
Loss: 1.936 | Precision@1: 30.200% (10901/36096)
Loss: 1.934 | Precision@1: 30.245% (10956/36224)
Loss: 1.933 | Precision@1: 30.295% (11013/36352)
Loss: 1.932 | Precision@1: 30.304% (11055/36480)
Loss: 1.931 | Precision@1: 30.338% (11106/36608)
Loss: 1.930 | Precision@1: 30.373% (11158/36736)
Loss: 1.929 | Precision@1: 30.396% (11205/36864)
Loss: 1.929 | Precision@1: 30.420% (11253/36992)
Loss: 1.927 | Precision@1: 30.439% (11299/37120)
Loss: 1.926 | Precision@1: 30.496% (11359/37248)
Loss: 1.925 | Precision@1: 30.552% (11419/37376)
Loss: 1.923 | Precision@1: 30.591% (11473/37504)
Loss: 1.922 | Precision@1: 30.615% (11521/37632)
Loss: 1.921 | Precision@1: 30.649% (11573/37760)
Loss: 1.920 | Precision@1: 30.704% (11633/37888)
Loss: 1.919 | Precision@1: 30.724% (11680/38016)
Loss: 1.917 | Precision@1: 30.762% (11734/38144)
Loss: 1.916 | Precision@1: 30.780% (11780/38272)
Loss: 1.915 | Precision@1: 30.831% (11839/38400)
Loss: 1.913 | Precision@1: 30.881% (11898/38528)
Loss: 1.913 | Precision@1: 30.911% (11949/38656)
Loss: 1.912 | Precision@1: 30.948% (12003/38784)
Loss: 1.911 | Precision@1: 30.970% (12051/38912)
Loss: 1.910 | Precision@1: 31.017% (12109/39040)
Loss: 1.909 | Precision@1: 31.046% (12160/39168)
Loss: 1.908 | Precision@1: 31.087% (12216/39296)
Loss: 1.907 | Precision@1: 31.103% (12262/39424)
Loss: 1.906 | Precision@1: 31.126% (12311/39552)
Loss: 1.905 | Precision@1: 31.144% (12358/39680)
Loss: 1.904 | Precision@1: 31.152% (12401/39808)
Loss: 1.904 | Precision@1: 31.160% (12444/39936)
Loss: 1.903 | Precision@1: 31.180% (12492/40064)
Loss: 1.902 | Precision@1: 31.203% (12541/40192)
Loss: 1.902 | Precision@1: 31.225% (12590/40320)
Loss: 1.901 | Precision@1: 31.272% (12649/40448)
Loss: 1.900 | Precision@1: 31.304% (12702/40576)
Loss: 1.899 | Precision@1: 31.346% (12759/40704)
Loss: 1.898 | Precision@1: 31.358% (12804/40832)
Loss: 1.897 | Precision@1: 31.392% (12858/40960)
Loss: 1.897 | Precision@1: 31.435% (12916/41088)
Loss: 1.896 | Precision@1: 31.451% (12963/41216)
Loss: 1.895 | Precision@1: 31.477% (13014/41344)
Loss: 1.894 | Precision@1: 31.508% (13067/41472)
Loss: 1.893 | Precision@1: 31.548% (13124/41600)
Loss: 1.893 | Precision@1: 31.564% (13171/41728)
Loss: 1.892 | Precision@1: 31.594% (13224/41856)
Loss: 1.891 | Precision@1: 31.595% (13265/41984)
Loss: 1.890 | Precision@1: 31.609% (13311/42112)
Loss: 1.889 | Precision@1: 31.648% (13368/42240)
Loss: 1.889 | Precision@1: 31.651% (13410/42368)
Loss: 1.888 | Precision@1: 31.683% (13464/42496)
Loss: 1.887 | Precision@1: 31.707% (13515/42624)
Loss: 1.887 | Precision@1: 31.713% (13558/42752)
Loss: 1.886 | Precision@1: 31.744% (13612/42880)
Loss: 1.885 | Precision@1: 31.778% (13667/43008)
Loss: 1.884 | Precision@1: 31.809% (13721/43136)
Loss: 1.884 | Precision@1: 31.839% (13775/43264)
Loss: 1.883 | Precision@1: 31.870% (13829/43392)
Loss: 1.882 | Precision@1: 31.880% (13874/43520)
Loss: 1.881 | Precision@1: 31.933% (13938/43648)
Loss: 1.881 | Precision@1: 31.954% (13988/43776)
Loss: 1.880 | Precision@1: 31.999% (14049/43904)
Loss: 1.879 | Precision@1: 32.045% (14110/44032)
Loss: 1.878 | Precision@1: 32.070% (14162/44160)
Loss: 1.877 | Precision@1: 32.083% (14209/44288)
Loss: 1.876 | Precision@1: 32.106% (14260/44416)
Loss: 1.875 | Precision@1: 32.135% (14314/44544)
Loss: 1.874 | Precision@1: 32.172% (14372/44672)
Loss: 1.873 | Precision@1: 32.217% (14433/44800)
Loss: 1.873 | Precision@1: 32.243% (14486/44928)
Loss: 1.872 | Precision@1: 32.275% (14542/45056)
Loss: 1.871 | Precision@1: 32.303% (14596/45184)
Loss: 1.870 | Precision@1: 32.303% (14637/45312)
Loss: 1.869 | Precision@1: 32.339% (14695/45440)
Loss: 1.868 | Precision@1: 32.371% (14751/45568)
Loss: 1.868 | Precision@1: 32.401% (14806/45696)
Loss: 1.867 | Precision@1: 32.418% (14855/45824)
Loss: 1.866 | Precision@1: 32.449% (14911/45952)
Loss: 1.865 | Precision@1: 32.483% (14968/46080)
Loss: 1.864 | Precision@1: 32.514% (15024/46208)
Loss: 1.863 | Precision@1: 32.547% (15081/46336)
Loss: 1.862 | Precision@1: 32.576% (15136/46464)
Loss: 1.861 | Precision@1: 32.591% (15185/46592)
Loss: 1.861 | Precision@1: 32.607% (15234/46720)
Loss: 1.860 | Precision@1: 32.616% (15280/46848)
Loss: 1.860 | Precision@1: 32.623% (15325/46976)
Loss: 1.860 | Precision@1: 32.624% (15367/47104)
Loss: 1.859 | Precision@1: 32.647% (15420/47232)
Loss: 1.858 | Precision@1: 32.660% (15468/47360)
Loss: 1.858 | Precision@1: 32.680% (15519/47488)
Loss: 1.857 | Precision@1: 32.699% (15570/47616)
Loss: 1.857 | Precision@1: 32.710% (15617/47744)
Loss: 1.856 | Precision@1: 32.733% (15670/47872)
Loss: 1.855 | Precision@1: 32.748% (15719/48000)
Loss: 1.854 | Precision@1: 32.781% (15777/48128)
Loss: 1.853 | Precision@1: 32.835% (15845/48256)
Loss: 1.852 | Precision@1: 32.870% (15904/48384)
Loss: 1.851 | Precision@1: 32.891% (15956/48512)
Loss: 1.850 | Precision@1: 32.909% (16007/48640)
Loss: 1.850 | Precision@1: 32.933% (16061/48768)
Loss: 1.849 | Precision@1: 32.954% (16113/48896)
Loss: 1.848 | Precision@1: 32.976% (16166/49024)
Loss: 1.847 | Precision@1: 32.994% (16217/49152)
Loss: 1.846 | Precision@1: 33.036% (16280/49280)
Loss: 1.845 | Precision@1: 33.061% (16335/49408)
Loss: 1.845 | Precision@1: 33.075% (16384/49536)
Loss: 1.844 | Precision@1: 33.102% (16440/49664)
Loss: 1.843 | Precision@1: 33.132% (16497/49792)
Loss: 1.842 | Precision@1: 33.171% (16559/49920)
Loss: 1.841 | Precision@1: 33.194% (16597/50000)

Aggregates: 			
 	 DataLoader Time: 0.3608 			
 	 Mini-batch Time: 12.3565 			
 	 Training Epoch Time: 29.8697
 			
 Averages: 			
 	 Training Loss: 1.8413

 Test set Averages: Loss: 1.586 | Precision@1: 41.320% (4132/10000)

Epoch: 1
Loss: 1.562 | Precision@1: 39.062% (50/128)
Loss: 1.544 | Precision@1: 41.406% (106/256)
Loss: 1.578 | Precision@1: 41.146% (158/384)
Loss: 1.568 | Precision@1: 42.383% (217/512)
Loss: 1.543 | Precision@1: 42.500% (272/640)
Loss: 1.533 | Precision@1: 44.010% (338/768)
Loss: 1.531 | Precision@1: 44.308% (397/896)
Loss: 1.525 | Precision@1: 44.043% (451/1024)
Loss: 1.512 | Precision@1: 44.705% (515/1152)
Loss: 1.498 | Precision@1: 45.547% (583/1280)
Loss: 1.508 | Precision@1: 45.028% (634/1408)
Loss: 1.524 | Precision@1: 44.727% (687/1536)
Loss: 1.520 | Precision@1: 44.651% (743/1664)
Loss: 1.519 | Precision@1: 44.364% (795/1792)
Loss: 1.507 | Precision@1: 44.167% (848/1920)
Loss: 1.508 | Precision@1: 44.043% (902/2048)
Loss: 1.521 | Precision@1: 43.244% (941/2176)
Loss: 1.520 | Precision@1: 43.403% (1000/2304)
Loss: 1.524 | Precision@1: 43.051% (1047/2432)
Loss: 1.519 | Precision@1: 43.164% (1105/2560)
Loss: 1.516 | Precision@1: 43.192% (1161/2688)
Loss: 1.511 | Precision@1: 43.359% (1221/2816)
Loss: 1.508 | Precision@1: 43.308% (1275/2944)
Loss: 1.512 | Precision@1: 42.936% (1319/3072)
Loss: 1.520 | Precision@1: 42.750% (1368/3200)
Loss: 1.519 | Precision@1: 42.728% (1422/3328)
Loss: 1.518 | Precision@1: 42.882% (1482/3456)
Loss: 1.516 | Precision@1: 42.941% (1539/3584)
Loss: 1.519 | Precision@1: 42.565% (1580/3712)
Loss: 1.519 | Precision@1: 42.578% (1635/3840)
Loss: 1.521 | Precision@1: 42.465% (1685/3968)
Loss: 1.525 | Precision@1: 42.358% (1735/4096)
Loss: 1.524 | Precision@1: 42.401% (1791/4224)
Loss: 1.524 | Precision@1: 42.394% (1845/4352)
Loss: 1.527 | Precision@1: 42.388% (1899/4480)
Loss: 1.524 | Precision@1: 42.513% (1959/4608)
Loss: 1.527 | Precision@1: 42.441% (2010/4736)
Loss: 1.525 | Precision@1: 42.475% (2066/4864)
Loss: 1.525 | Precision@1: 42.508% (2122/4992)
Loss: 1.523 | Precision@1: 42.715% (2187/5120)
Loss: 1.521 | Precision@1: 42.740% (2243/5248)
Loss: 1.519 | Precision@1: 42.839% (2303/5376)
Loss: 1.520 | Precision@1: 42.823% (2357/5504)
Loss: 1.523 | Precision@1: 42.685% (2404/5632)
Loss: 1.517 | Precision@1: 42.969% (2475/5760)
Loss: 1.515 | Precision@1: 42.986% (2531/5888)
Loss: 1.513 | Precision@1: 42.952% (2584/6016)
Loss: 1.514 | Precision@1: 42.952% (2639/6144)
Loss: 1.513 | Precision@1: 42.985% (2696/6272)
Loss: 1.512 | Precision@1: 43.078% (2757/6400)
Loss: 1.507 | Precision@1: 43.275% (2825/6528)
Loss: 1.504 | Precision@1: 43.450% (2892/6656)
Loss: 1.503 | Precision@1: 43.440% (2947/6784)
Loss: 1.502 | Precision@1: 43.374% (2998/6912)
Loss: 1.501 | Precision@1: 43.423% (3057/7040)
Loss: 1.499 | Precision@1: 43.638% (3128/7168)
Loss: 1.501 | Precision@1: 43.613% (3182/7296)
Loss: 1.500 | Precision@1: 43.696% (3244/7424)
Loss: 1.500 | Precision@1: 43.724% (3302/7552)
Loss: 1.501 | Precision@1: 43.776% (3362/7680)
Loss: 1.502 | Precision@1: 43.750% (3416/7808)
Loss: 1.500 | Precision@1: 43.775% (3474/7936)
Loss: 1.500 | Precision@1: 43.800% (3532/8064)
Loss: 1.500 | Precision@1: 43.835% (3591/8192)
Loss: 1.500 | Precision@1: 43.906% (3653/8320)
Loss: 1.500 | Precision@1: 43.963% (3714/8448)
Loss: 1.499 | Precision@1: 44.053% (3778/8576)
Loss: 1.497 | Precision@1: 44.106% (3839/8704)
Loss: 1.498 | Precision@1: 44.180% (3902/8832)
Loss: 1.497 | Precision@1: 44.219% (3962/8960)
Loss: 1.496 | Precision@1: 44.245% (4021/9088)
Loss: 1.495 | Precision@1: 44.303% (4083/9216)
Loss: 1.495 | Precision@1: 44.307% (4140/9344)
Loss: 1.495 | Precision@1: 44.288% (4195/9472)
Loss: 1.496 | Precision@1: 44.177% (4241/9600)
Loss: 1.495 | Precision@1: 44.161% (4296/9728)
Loss: 1.495 | Precision@1: 44.125% (4349/9856)
Loss: 1.494 | Precision@1: 44.181% (4411/9984)
Loss: 1.494 | Precision@1: 44.175% (4467/10112)
Loss: 1.494 | Precision@1: 44.238% (4530/10240)
Loss: 1.492 | Precision@1: 44.387% (4602/10368)
Loss: 1.490 | Precision@1: 44.465% (4667/10496)
Loss: 1.489 | Precision@1: 44.503% (4728/10624)
Loss: 1.488 | Precision@1: 44.494% (4784/10752)
Loss: 1.488 | Precision@1: 44.485% (4840/10880)
Loss: 1.489 | Precision@1: 44.531% (4902/11008)
Loss: 1.487 | Precision@1: 44.549% (4961/11136)
Loss: 1.488 | Precision@1: 44.505% (5013/11264)
Loss: 1.488 | Precision@1: 44.505% (5070/11392)
Loss: 1.487 | Precision@1: 44.531% (5130/11520)
Loss: 1.487 | Precision@1: 44.540% (5188/11648)
Loss: 1.487 | Precision@1: 44.514% (5242/11776)
Loss: 1.486 | Precision@1: 44.565% (5305/11904)
Loss: 1.485 | Precision@1: 44.614% (5368/12032)
Loss: 1.485 | Precision@1: 44.613% (5425/12160)
Loss: 1.485 | Precision@1: 44.653% (5487/12288)
Loss: 1.484 | Precision@1: 44.644% (5543/12416)
Loss: 1.484 | Precision@1: 44.643% (5600/12544)
Loss: 1.485 | Precision@1: 44.642% (5657/12672)
Loss: 1.485 | Precision@1: 44.648% (5715/12800)
Loss: 1.486 | Precision@1: 44.578% (5763/12928)
Loss: 1.487 | Precision@1: 44.539% (5815/13056)
Loss: 1.486 | Precision@1: 44.615% (5882/13184)
Loss: 1.487 | Precision@1: 44.539% (5929/13312)
Loss: 1.487 | Precision@1: 44.568% (5990/13440)
Loss: 1.485 | Precision@1: 44.642% (6057/13568)
Loss: 1.485 | Precision@1: 44.670% (6118/13696)
Loss: 1.486 | Precision@1: 44.640% (6171/13824)
Loss: 1.486 | Precision@1: 44.660% (6231/13952)
Loss: 1.485 | Precision@1: 44.645% (6286/14080)
Loss: 1.486 | Precision@1: 44.609% (6338/14208)
Loss: 1.485 | Precision@1: 44.608% (6395/14336)
Loss: 1.485 | Precision@1: 44.614% (6453/14464)
Loss: 1.486 | Precision@1: 44.552% (6501/14592)
Loss: 1.487 | Precision@1: 44.558% (6559/14720)
Loss: 1.488 | Precision@1: 44.585% (6620/14848)
Loss: 1.489 | Precision@1: 44.578% (6676/14976)
Loss: 1.489 | Precision@1: 44.564% (6731/15104)
Loss: 1.489 | Precision@1: 44.623% (6797/15232)
Loss: 1.488 | Precision@1: 44.661% (6860/15360)
Loss: 1.487 | Precision@1: 44.680% (6920/15488)
Loss: 1.487 | Precision@1: 44.711% (6982/15616)
Loss: 1.486 | Precision@1: 44.722% (7041/15744)
Loss: 1.484 | Precision@1: 44.846% (7118/15872)
Loss: 1.483 | Precision@1: 44.831% (7173/16000)
Loss: 1.485 | Precision@1: 44.754% (7218/16128)
Loss: 1.484 | Precision@1: 44.802% (7283/16256)
Loss: 1.484 | Precision@1: 44.830% (7345/16384)
Loss: 1.484 | Precision@1: 44.822% (7401/16512)
Loss: 1.483 | Precision@1: 44.850% (7463/16640)
Loss: 1.483 | Precision@1: 44.841% (7519/16768)
Loss: 1.483 | Precision@1: 44.863% (7580/16896)
Loss: 1.483 | Precision@1: 44.919% (7647/17024)
Loss: 1.483 | Precision@1: 44.922% (7705/17152)
Loss: 1.482 | Precision@1: 44.954% (7768/17280)
Loss: 1.482 | Precision@1: 45.002% (7834/17408)
Loss: 1.482 | Precision@1: 44.970% (7886/17536)
Loss: 1.482 | Precision@1: 44.956% (7941/17664)
Loss: 1.482 | Precision@1: 44.953% (7998/17792)
Loss: 1.482 | Precision@1: 44.955% (8056/17920)
Loss: 1.482 | Precision@1: 44.991% (8120/18048)
Loss: 1.483 | Precision@1: 44.949% (8170/18176)
Loss: 1.482 | Precision@1: 45.007% (8238/18304)
Loss: 1.481 | Precision@1: 45.014% (8297/18432)
Loss: 1.480 | Precision@1: 45.022% (8356/18560)
Loss: 1.481 | Precision@1: 44.986% (8407/18688)
Loss: 1.481 | Precision@1: 44.988% (8465/18816)
Loss: 1.480 | Precision@1: 45.038% (8532/18944)
Loss: 1.480 | Precision@1: 45.045% (8591/19072)
Loss: 1.479 | Precision@1: 45.083% (8656/19200)
Loss: 1.478 | Precision@1: 45.111% (8719/19328)
Loss: 1.477 | Precision@1: 45.138% (8782/19456)
Loss: 1.478 | Precision@1: 45.124% (8837/19584)
Loss: 1.479 | Precision@1: 45.079% (8886/19712)
Loss: 1.479 | Precision@1: 45.121% (8952/19840)
Loss: 1.479 | Precision@1: 45.132% (9012/19968)
Loss: 1.478 | Precision@1: 45.183% (9080/20096)
Loss: 1.477 | Precision@1: 45.219% (9145/20224)
Loss: 1.476 | Precision@1: 45.249% (9209/20352)
Loss: 1.475 | Precision@1: 45.293% (9276/20480)
Loss: 1.475 | Precision@1: 45.317% (9339/20608)
Loss: 1.474 | Precision@1: 45.312% (9396/20736)
Loss: 1.474 | Precision@1: 45.298% (9451/20864)
Loss: 1.473 | Precision@1: 45.312% (9512/20992)
Loss: 1.473 | Precision@1: 45.341% (9576/21120)
Loss: 1.473 | Precision@1: 45.369% (9640/21248)
Loss: 1.473 | Precision@1: 45.406% (9706/21376)
Loss: 1.472 | Precision@1: 45.438% (9771/21504)
Loss: 1.471 | Precision@1: 45.470% (9836/21632)
Loss: 1.471 | Precision@1: 45.478% (9896/21760)
Loss: 1.470 | Precision@1: 45.472% (9953/21888)
Loss: 1.470 | Precision@1: 45.512% (10020/22016)
Loss: 1.469 | Precision@1: 45.525% (10081/22144)
Loss: 1.468 | Precision@1: 45.555% (10146/22272)
Loss: 1.467 | Precision@1: 45.607% (10216/22400)
Loss: 1.466 | Precision@1: 45.641% (10282/22528)
Loss: 1.466 | Precision@1: 45.683% (10350/22656)
Loss: 1.465 | Precision@1: 45.721% (10417/22784)
Loss: 1.465 | Precision@1: 45.758% (10484/22912)
Loss: 1.464 | Precision@1: 45.768% (10545/23040)
Loss: 1.464 | Precision@1: 45.766% (10603/23168)
Loss: 1.464 | Precision@1: 45.780% (10665/23296)
Loss: 1.463 | Precision@1: 45.803% (10729/23424)
Loss: 1.462 | Precision@1: 45.847% (10798/23552)
Loss: 1.463 | Precision@1: 45.828% (10852/23680)
Loss: 1.463 | Precision@1: 45.833% (10912/23808)
Loss: 1.463 | Precision@1: 45.851% (10975/23936)
Loss: 1.462 | Precision@1: 45.849% (11033/24064)
Loss: 1.462 | Precision@1: 45.850% (11092/24192)
Loss: 1.462 | Precision@1: 45.896% (11162/24320)
Loss: 1.461 | Precision@1: 45.914% (11225/24448)
Loss: 1.460 | Precision@1: 45.951% (11293/24576)
Loss: 1.460 | Precision@1: 45.968% (11356/24704)
Loss: 1.460 | Precision@1: 45.965% (11414/24832)
Loss: 1.460 | Precision@1: 45.954% (11470/24960)
Loss: 1.460 | Precision@1: 45.938% (11525/25088)
Loss: 1.459 | Precision@1: 45.951% (11587/25216)
Loss: 1.459 | Precision@1: 45.928% (11640/25344)
Loss: 1.458 | Precision@1: 45.937% (11701/25472)
Loss: 1.458 | Precision@1: 45.969% (11768/25600)
Loss: 1.458 | Precision@1: 45.954% (11823/25728)
Loss: 1.457 | Precision@1: 45.970% (11886/25856)
Loss: 1.457 | Precision@1: 46.005% (11954/25984)
Loss: 1.457 | Precision@1: 46.032% (12020/26112)
Loss: 1.456 | Precision@1: 46.063% (12087/26240)
Loss: 1.457 | Precision@1: 46.060% (12145/26368)
Loss: 1.456 | Precision@1: 46.116% (12219/26496)
Loss: 1.456 | Precision@1: 46.143% (12285/26624)
Loss: 1.456 | Precision@1: 46.157% (12348/26752)
Loss: 1.455 | Precision@1: 46.168% (12410/26880)
Loss: 1.455 | Precision@1: 46.186% (12474/27008)
Loss: 1.454 | Precision@1: 46.193% (12535/27136)
Loss: 1.455 | Precision@1: 46.193% (12594/27264)
Loss: 1.455 | Precision@1: 46.200% (12655/27392)
Loss: 1.454 | Precision@1: 46.199% (12714/27520)
Loss: 1.454 | Precision@1: 46.253% (12788/27648)
Loss: 1.453 | Precision@1: 46.285% (12856/27776)
Loss: 1.452 | Precision@1: 46.302% (12920/27904)
Loss: 1.451 | Precision@1: 46.318% (12984/28032)
Loss: 1.451 | Precision@1: 46.339% (13049/28160)
Loss: 1.450 | Precision@1: 46.369% (13117/28288)
Loss: 1.450 | Precision@1: 46.361% (13174/28416)
Loss: 1.450 | Precision@1: 46.381% (13239/28544)
Loss: 1.449 | Precision@1: 46.404% (13305/28672)
Loss: 1.449 | Precision@1: 46.410% (13366/28800)
Loss: 1.449 | Precision@1: 46.415% (13427/28928)
Loss: 1.449 | Precision@1: 46.428% (13490/29056)
Loss: 1.449 | Precision@1: 46.423% (13548/29184)
Loss: 1.448 | Precision@1: 46.469% (13621/29312)
Loss: 1.447 | Precision@1: 46.498% (13689/29440)
Loss: 1.447 | Precision@1: 46.503% (13750/29568)
Loss: 1.446 | Precision@1: 46.515% (13813/29696)
Loss: 1.446 | Precision@1: 46.533% (13878/29824)
Loss: 1.445 | Precision@1: 46.544% (13941/29952)
Loss: 1.445 | Precision@1: 46.569% (14008/30080)
Loss: 1.444 | Precision@1: 46.600% (14077/30208)
Loss: 1.443 | Precision@1: 46.648% (14151/30336)
Loss: 1.443 | Precision@1: 46.675% (14219/30464)
Loss: 1.443 | Precision@1: 46.708% (14289/30592)
Loss: 1.442 | Precision@1: 46.732% (14356/30720)
Loss: 1.441 | Precision@1: 46.755% (14423/30848)
Loss: 1.441 | Precision@1: 46.775% (14489/30976)
Loss: 1.441 | Precision@1: 46.779% (14550/31104)
Loss: 1.441 | Precision@1: 46.769% (14607/31232)
Loss: 1.441 | Precision@1: 46.776% (14669/31360)
Loss: 1.440 | Precision@1: 46.767% (14726/31488)
Loss: 1.441 | Precision@1: 46.774% (14788/31616)
Loss: 1.440 | Precision@1: 46.809% (14859/31744)
Loss: 1.440 | Precision@1: 46.784% (14911/31872)
Loss: 1.440 | Precision@1: 46.791% (14973/32000)
Loss: 1.440 | Precision@1: 46.825% (15044/32128)
Loss: 1.440 | Precision@1: 46.822% (15103/32256)
Loss: 1.439 | Precision@1: 46.863% (15176/32384)
Loss: 1.438 | Precision@1: 46.903% (15249/32512)
Loss: 1.438 | Precision@1: 46.936% (15320/32640)
Loss: 1.437 | Precision@1: 46.918% (15374/32768)
Loss: 1.437 | Precision@1: 46.927% (15437/32896)
Loss: 1.436 | Precision@1: 46.972% (15512/33024)
Loss: 1.436 | Precision@1: 47.005% (15583/33152)
Loss: 1.435 | Precision@1: 47.001% (15642/33280)
Loss: 1.435 | Precision@1: 47.022% (15709/33408)
Loss: 1.434 | Precision@1: 47.042% (15776/33536)
Loss: 1.434 | Precision@1: 47.047% (15838/33664)
Loss: 1.434 | Precision@1: 47.061% (15903/33792)
Loss: 1.434 | Precision@1: 47.084% (15971/33920)
Loss: 1.433 | Precision@1: 47.092% (16034/34048)
Loss: 1.433 | Precision@1: 47.115% (16102/34176)
Loss: 1.432 | Precision@1: 47.149% (16174/34304)
Loss: 1.431 | Precision@1: 47.177% (16244/34432)
Loss: 1.431 | Precision@1: 47.193% (16310/34560)
Loss: 1.430 | Precision@1: 47.221% (16380/34688)
Loss: 1.430 | Precision@1: 47.231% (16444/34816)
Loss: 1.430 | Precision@1: 47.253% (16512/34944)
Loss: 1.430 | Precision@1: 47.257% (16574/35072)
Loss: 1.429 | Precision@1: 47.284% (16644/35200)
Loss: 1.428 | Precision@1: 47.305% (16712/35328)
Loss: 1.429 | Precision@1: 47.315% (16776/35456)
Loss: 1.428 | Precision@1: 47.327% (16841/35584)
Loss: 1.427 | Precision@1: 47.365% (16915/35712)
Loss: 1.427 | Precision@1: 47.369% (16977/35840)
Loss: 1.427 | Precision@1: 47.384% (17043/35968)
Loss: 1.428 | Precision@1: 47.360% (17095/36096)
Loss: 1.427 | Precision@1: 47.375% (17161/36224)
Loss: 1.427 | Precision@1: 47.384% (17225/36352)
Loss: 1.427 | Precision@1: 47.396% (17290/36480)
Loss: 1.426 | Precision@1: 47.416% (17358/36608)
Loss: 1.426 | Precision@1: 47.428% (17423/36736)
Loss: 1.426 | Precision@1: 47.426% (17483/36864)
Loss: 1.426 | Precision@1: 47.437% (17548/36992)
Loss: 1.425 | Precision@1: 47.449% (17613/37120)
Loss: 1.425 | Precision@1: 47.460% (17678/37248)
Loss: 1.425 | Precision@1: 47.469% (17742/37376)
Loss: 1.424 | Precision@1: 47.515% (17820/37504)
Loss: 1.424 | Precision@1: 47.515% (17881/37632)
Loss: 1.424 | Precision@1: 47.548% (17954/37760)
Loss: 1.423 | Precision@1: 47.556% (18018/37888)
Loss: 1.423 | Precision@1: 47.583% (18089/38016)
Loss: 1.422 | Precision@1: 47.601% (18157/38144)
Loss: 1.422 | Precision@1: 47.620% (18225/38272)
Loss: 1.422 | Precision@1: 47.615% (18284/38400)
Loss: 1.422 | Precision@1: 47.617% (18346/38528)
Loss: 1.422 | Precision@1: 47.625% (18410/38656)
Loss: 1.421 | Precision@1: 47.674% (18490/38784)
Loss: 1.421 | Precision@1: 47.705% (18563/38912)
Loss: 1.420 | Precision@1: 47.731% (18634/39040)
Loss: 1.420 | Precision@1: 47.751% (18703/39168)
Loss: 1.420 | Precision@1: 47.748% (18763/39296)
Loss: 1.419 | Precision@1: 47.760% (18829/39424)
Loss: 1.419 | Precision@1: 47.778% (18897/39552)
Loss: 1.418 | Precision@1: 47.795% (18965/39680)
Loss: 1.417 | Precision@1: 47.822% (19037/39808)
Loss: 1.417 | Precision@1: 47.837% (19104/39936)
Loss: 1.417 | Precision@1: 47.843% (19168/40064)
Loss: 1.416 | Precision@1: 47.883% (19245/40192)
Loss: 1.416 | Precision@1: 47.892% (19310/40320)
Loss: 1.416 | Precision@1: 47.881% (19367/40448)
Loss: 1.415 | Precision@1: 47.925% (19446/40576)
Loss: 1.415 | Precision@1: 47.926% (19508/40704)
Loss: 1.414 | Precision@1: 47.957% (19582/40832)
Loss: 1.414 | Precision@1: 47.986% (19655/40960)
Loss: 1.414 | Precision@1: 47.982% (19715/41088)
Loss: 1.414 | Precision@1: 47.993% (19781/41216)
Loss: 1.413 | Precision@1: 48.017% (19852/41344)
Loss: 1.413 | Precision@1: 48.032% (19920/41472)
Loss: 1.413 | Precision@1: 48.043% (19986/41600)
Loss: 1.413 | Precision@1: 48.064% (20056/41728)
Loss: 1.412 | Precision@1: 48.070% (20120/41856)
Loss: 1.412 | Precision@1: 48.090% (20190/41984)
Loss: 1.411 | Precision@1: 48.103% (20257/42112)
Loss: 1.411 | Precision@1: 48.125% (20328/42240)
Loss: 1.410 | Precision@1: 48.140% (20396/42368)
Loss: 1.410 | Precision@1: 48.162% (20467/42496)
Loss: 1.410 | Precision@1: 48.175% (20534/42624)
Loss: 1.410 | Precision@1: 48.183% (20599/42752)
Loss: 1.409 | Precision@1: 48.207% (20671/42880)
Loss: 1.409 | Precision@1: 48.224% (20740/43008)
Loss: 1.408 | Precision@1: 48.233% (20806/43136)
Loss: 1.408 | Precision@1: 48.225% (20864/43264)
Loss: 1.408 | Precision@1: 48.244% (20934/43392)
Loss: 1.407 | Precision@1: 48.263% (21004/43520)
Loss: 1.407 | Precision@1: 48.266% (21067/43648)
Loss: 1.406 | Precision@1: 48.291% (21140/43776)
Loss: 1.407 | Precision@1: 48.276% (21195/43904)
Loss: 1.406 | Precision@1: 48.294% (21265/44032)
Loss: 1.406 | Precision@1: 48.306% (21332/44160)
Loss: 1.406 | Precision@1: 48.316% (21398/44288)
Loss: 1.405 | Precision@1: 48.332% (21467/44416)
Loss: 1.405 | Precision@1: 48.352% (21538/44544)
Loss: 1.405 | Precision@1: 48.364% (21605/44672)
Loss: 1.405 | Precision@1: 48.368% (21669/44800)
Loss: 1.404 | Precision@1: 48.386% (21739/44928)
Loss: 1.404 | Precision@1: 48.404% (21809/45056)
Loss: 1.404 | Precision@1: 48.380% (21860/45184)
Loss: 1.404 | Precision@1: 48.387% (21925/45312)
Loss: 1.404 | Precision@1: 48.391% (21989/45440)
Loss: 1.404 | Precision@1: 48.400% (22055/45568)
Loss: 1.403 | Precision@1: 48.416% (22124/45696)
Loss: 1.402 | Precision@1: 48.422% (22189/45824)
Loss: 1.402 | Precision@1: 48.435% (22257/45952)
Loss: 1.401 | Precision@1: 48.483% (22341/46080)
Loss: 1.401 | Precision@1: 48.455% (22390/46208)
Loss: 1.401 | Precision@1: 48.463% (22456/46336)
Loss: 1.401 | Precision@1: 48.474% (22523/46464)
Loss: 1.400 | Precision@1: 48.491% (22593/46592)
Loss: 1.399 | Precision@1: 48.523% (22670/46720)
Loss: 1.399 | Precision@1: 48.544% (22742/46848)
Loss: 1.399 | Precision@1: 48.550% (22807/46976)
Loss: 1.399 | Precision@1: 48.552% (22870/47104)
Loss: 1.399 | Precision@1: 48.562% (22937/47232)
Loss: 1.398 | Precision@1: 48.573% (23004/47360)
Loss: 1.398 | Precision@1: 48.591% (23075/47488)
Loss: 1.397 | Precision@1: 48.597% (23140/47616)
Loss: 1.397 | Precision@1: 48.607% (23207/47744)
Loss: 1.397 | Precision@1: 48.615% (23273/47872)
Loss: 1.397 | Precision@1: 48.629% (23342/48000)
Loss: 1.396 | Precision@1: 48.647% (23413/48128)
Loss: 1.396 | Precision@1: 48.651% (23477/48256)
Loss: 1.396 | Precision@1: 48.657% (23542/48384)
Loss: 1.396 | Precision@1: 48.664% (23608/48512)
Loss: 1.396 | Precision@1: 48.676% (23676/48640)
Loss: 1.395 | Precision@1: 48.679% (23740/48768)
Loss: 1.395 | Precision@1: 48.693% (23809/48896)
Loss: 1.394 | Precision@1: 48.711% (23880/49024)
Loss: 1.394 | Precision@1: 48.720% (23947/49152)
Loss: 1.394 | Precision@1: 48.734% (24016/49280)
Loss: 1.393 | Precision@1: 48.761% (24092/49408)
Loss: 1.393 | Precision@1: 48.765% (24156/49536)
Loss: 1.393 | Precision@1: 48.782% (24227/49664)
Loss: 1.392 | Precision@1: 48.795% (24296/49792)
Loss: 1.392 | Precision@1: 48.786% (24354/49920)
Loss: 1.392 | Precision@1: 48.804% (24402/50000)

Aggregates: 			
 	 DataLoader Time: 0.3621 			
 	 Mini-batch Time: 12.3249 			
 	 Training Epoch Time: 29.8520
 			
 Averages: 			
 	 Training Loss: 1.3916

 Test set Averages: Loss: 1.319 | Precision@1: 53.790% (5379/10000)

Epoch: 2
Loss: 1.259 | Precision@1: 57.031% (73/128)
Loss: 1.300 | Precision@1: 53.906% (138/256)
Loss: 1.273 | Precision@1: 54.688% (210/384)
Loss: 1.298 | Precision@1: 53.711% (275/512)
Loss: 1.279 | Precision@1: 53.594% (343/640)
Loss: 1.293 | Precision@1: 52.995% (407/768)
Loss: 1.293 | Precision@1: 53.013% (475/896)
Loss: 1.265 | Precision@1: 54.297% (556/1024)
Loss: 1.260 | Precision@1: 55.295% (637/1152)
Loss: 1.252 | Precision@1: 55.781% (714/1280)
Loss: 1.257 | Precision@1: 55.327% (779/1408)
Loss: 1.259 | Precision@1: 55.469% (852/1536)
Loss: 1.258 | Precision@1: 55.288% (920/1664)
Loss: 1.269 | Precision@1: 54.967% (985/1792)
Loss: 1.270 | Precision@1: 54.635% (1049/1920)
Loss: 1.254 | Precision@1: 55.078% (1128/2048)
Loss: 1.263 | Precision@1: 54.917% (1195/2176)
Loss: 1.253 | Precision@1: 55.165% (1271/2304)
Loss: 1.249 | Precision@1: 55.263% (1344/2432)
Loss: 1.251 | Precision@1: 55.273% (1415/2560)
Loss: 1.253 | Precision@1: 55.097% (1481/2688)
Loss: 1.246 | Precision@1: 55.540% (1564/2816)
Loss: 1.250 | Precision@1: 55.333% (1629/2944)
Loss: 1.250 | Precision@1: 55.208% (1696/3072)
Loss: 1.250 | Precision@1: 54.875% (1756/3200)
Loss: 1.249 | Precision@1: 54.898% (1827/3328)
Loss: 1.241 | Precision@1: 55.324% (1912/3456)
Loss: 1.240 | Precision@1: 55.580% (1992/3584)
Loss: 1.245 | Precision@1: 55.145% (2047/3712)
Loss: 1.247 | Precision@1: 54.922% (2109/3840)
Loss: 1.249 | Precision@1: 54.788% (2174/3968)
Loss: 1.250 | Precision@1: 54.761% (2243/4096)
Loss: 1.244 | Precision@1: 54.948% (2321/4224)
Loss: 1.241 | Precision@1: 55.101% (2398/4352)
Loss: 1.245 | Precision@1: 54.888% (2459/4480)
Loss: 1.248 | Precision@1: 54.557% (2514/4608)
Loss: 1.246 | Precision@1: 54.709% (2591/4736)
Loss: 1.250 | Precision@1: 54.502% (2651/4864)
Loss: 1.247 | Precision@1: 54.667% (2729/4992)
Loss: 1.249 | Precision@1: 54.609% (2796/5120)
Loss: 1.250 | Precision@1: 54.592% (2865/5248)
Loss: 1.253 | Precision@1: 54.408% (2925/5376)
Loss: 1.252 | Precision@1: 54.524% (3001/5504)
Loss: 1.252 | Precision@1: 54.510% (3070/5632)
Loss: 1.250 | Precision@1: 54.618% (3146/5760)
Loss: 1.248 | Precision@1: 54.569% (3213/5888)
Loss: 1.249 | Precision@1: 54.638% (3287/6016)
Loss: 1.250 | Precision@1: 54.639% (3357/6144)
Loss: 1.255 | Precision@1: 54.448% (3415/6272)
Loss: 1.254 | Precision@1: 54.578% (3493/6400)
Loss: 1.251 | Precision@1: 54.550% (3561/6528)
Loss: 1.250 | Precision@1: 54.582% (3633/6656)
Loss: 1.249 | Precision@1: 54.614% (3705/6784)
Loss: 1.244 | Precision@1: 54.745% (3784/6912)
Loss: 1.243 | Precision@1: 54.688% (3850/7040)
Loss: 1.243 | Precision@1: 54.688% (3920/7168)
Loss: 1.242 | Precision@1: 54.715% (3992/7296)
Loss: 1.241 | Precision@1: 54.795% (4068/7424)
Loss: 1.238 | Precision@1: 54.939% (4149/7552)
Loss: 1.237 | Precision@1: 55.013% (4225/7680)
Loss: 1.237 | Precision@1: 55.020% (4296/7808)
Loss: 1.235 | Precision@1: 55.066% (4370/7936)
Loss: 1.237 | Precision@1: 54.998% (4435/8064)
Loss: 1.237 | Precision@1: 54.956% (4502/8192)
Loss: 1.239 | Precision@1: 54.904% (4568/8320)
Loss: 1.241 | Precision@1: 54.936% (4641/8448)
Loss: 1.239 | Precision@1: 54.967% (4714/8576)
Loss: 1.240 | Precision@1: 54.906% (4779/8704)
Loss: 1.239 | Precision@1: 55.005% (4858/8832)
Loss: 1.238 | Precision@1: 54.911% (4920/8960)
Loss: 1.236 | Precision@1: 55.073% (5005/9088)
Loss: 1.236 | Precision@1: 55.165% (5084/9216)
Loss: 1.236 | Precision@1: 55.137% (5152/9344)
Loss: 1.233 | Precision@1: 55.342% (5242/9472)
Loss: 1.232 | Precision@1: 55.344% (5313/9600)
Loss: 1.231 | Precision@1: 55.407% (5390/9728)
Loss: 1.230 | Precision@1: 55.418% (5462/9856)
Loss: 1.229 | Precision@1: 55.499% (5541/9984)
Loss: 1.227 | Precision@1: 55.548% (5617/10112)
Loss: 1.225 | Precision@1: 55.615% (5695/10240)
Loss: 1.222 | Precision@1: 55.662% (5771/10368)
Loss: 1.222 | Precision@1: 55.669% (5843/10496)
Loss: 1.224 | Precision@1: 55.648% (5912/10624)
Loss: 1.225 | Precision@1: 55.618% (5980/10752)
Loss: 1.224 | Precision@1: 55.616% (6051/10880)
Loss: 1.224 | Precision@1: 55.605% (6121/11008)
Loss: 1.225 | Precision@1: 55.621% (6194/11136)
Loss: 1.225 | Precision@1: 55.655% (6269/11264)
Loss: 1.225 | Precision@1: 55.679% (6343/11392)
Loss: 1.225 | Precision@1: 55.712% (6418/11520)
Loss: 1.224 | Precision@1: 55.718% (6490/11648)
Loss: 1.224 | Precision@1: 55.681% (6557/11776)
Loss: 1.224 | Precision@1: 55.662% (6626/11904)
Loss: 1.223 | Precision@1: 55.768% (6710/12032)
Loss: 1.222 | Precision@1: 55.773% (6782/12160)
Loss: 1.222 | Precision@1: 55.811% (6858/12288)
Loss: 1.222 | Precision@1: 55.799% (6928/12416)
Loss: 1.221 | Precision@1: 55.843% (7005/12544)
Loss: 1.221 | Precision@1: 55.855% (7078/12672)
Loss: 1.222 | Precision@1: 55.805% (7143/12800)
Loss: 1.222 | Precision@1: 55.786% (7212/12928)
Loss: 1.222 | Precision@1: 55.752% (7279/13056)
Loss: 1.222 | Precision@1: 55.704% (7344/13184)
Loss: 1.223 | Precision@1: 55.724% (7418/13312)
Loss: 1.222 | Precision@1: 55.714% (7488/13440)
Loss: 1.223 | Precision@1: 55.697% (7557/13568)
Loss: 1.223 | Precision@1: 55.688% (7627/13696)
Loss: 1.223 | Precision@1: 55.671% (7696/13824)
Loss: 1.223 | Precision@1: 55.669% (7767/13952)
Loss: 1.223 | Precision@1: 55.661% (7837/14080)
Loss: 1.223 | Precision@1: 55.687% (7912/14208)
Loss: 1.223 | Precision@1: 55.685% (7983/14336)
Loss: 1.223 | Precision@1: 55.697% (8056/14464)
Loss: 1.225 | Precision@1: 55.640% (8119/14592)
Loss: 1.226 | Precision@1: 55.632% (8189/14720)
Loss: 1.225 | Precision@1: 55.704% (8271/14848)
Loss: 1.224 | Precision@1: 55.776% (8353/14976)
Loss: 1.223 | Precision@1: 55.800% (8428/15104)
Loss: 1.224 | Precision@1: 55.817% (8502/15232)
Loss: 1.223 | Precision@1: 55.846% (8578/15360)
Loss: 1.223 | Precision@1: 55.824% (8646/15488)
Loss: 1.223 | Precision@1: 55.853% (8722/15616)
Loss: 1.223 | Precision@1: 55.882% (8798/15744)
Loss: 1.224 | Precision@1: 55.878% (8869/15872)
Loss: 1.223 | Precision@1: 55.869% (8939/16000)
Loss: 1.223 | Precision@1: 55.884% (9013/16128)
Loss: 1.222 | Precision@1: 55.881% (9084/16256)
Loss: 1.221 | Precision@1: 55.914% (9161/16384)
Loss: 1.221 | Precision@1: 55.905% (9231/16512)
Loss: 1.223 | Precision@1: 55.847% (9293/16640)
Loss: 1.223 | Precision@1: 55.874% (9369/16768)
Loss: 1.222 | Precision@1: 55.871% (9440/16896)
Loss: 1.222 | Precision@1: 55.868% (9511/17024)
Loss: 1.222 | Precision@1: 55.842% (9578/17152)
Loss: 1.221 | Precision@1: 55.868% (9654/17280)
Loss: 1.221 | Precision@1: 55.877% (9727/17408)
Loss: 1.220 | Precision@1: 55.948% (9811/17536)
Loss: 1.221 | Precision@1: 55.927% (9879/17664)
Loss: 1.220 | Precision@1: 55.975% (9959/17792)
Loss: 1.219 | Precision@1: 56.021% (10039/17920)
Loss: 1.219 | Precision@1: 55.990% (10105/18048)
Loss: 1.219 | Precision@1: 55.991% (10177/18176)
Loss: 1.218 | Precision@1: 56.004% (10251/18304)
Loss: 1.218 | Precision@1: 56.028% (10327/18432)
Loss: 1.217 | Precision@1: 56.008% (10395/18560)
Loss: 1.217 | Precision@1: 56.057% (10476/18688)
Loss: 1.217 | Precision@1: 56.032% (10543/18816)
Loss: 1.217 | Precision@1: 56.012% (10611/18944)
Loss: 1.217 | Precision@1: 55.998% (10680/19072)
Loss: 1.217 | Precision@1: 56.036% (10759/19200)
Loss: 1.217 | Precision@1: 56.059% (10835/19328)
Loss: 1.216 | Precision@1: 56.080% (10911/19456)
Loss: 1.216 | Precision@1: 56.107% (10988/19584)
Loss: 1.216 | Precision@1: 56.103% (11059/19712)
Loss: 1.216 | Precision@1: 56.089% (11128/19840)
Loss: 1.216 | Precision@1: 56.130% (11208/19968)
Loss: 1.214 | Precision@1: 56.185% (11291/20096)
Loss: 1.213 | Precision@1: 56.245% (11375/20224)
Loss: 1.212 | Precision@1: 56.260% (11450/20352)
Loss: 1.211 | Precision@1: 56.309% (11532/20480)
Loss: 1.211 | Precision@1: 56.342% (11611/20608)
Loss: 1.211 | Precision@1: 56.366% (11688/20736)
Loss: 1.210 | Precision@1: 56.403% (11768/20864)
Loss: 1.210 | Precision@1: 56.426% (11845/20992)
Loss: 1.208 | Precision@1: 56.454% (11923/21120)
Loss: 1.207 | Precision@1: 56.485% (12002/21248)
Loss: 1.206 | Precision@1: 56.517% (12081/21376)
Loss: 1.206 | Precision@1: 56.520% (12154/21504)
Loss: 1.206 | Precision@1: 56.527% (12228/21632)
Loss: 1.206 | Precision@1: 56.521% (12299/21760)
Loss: 1.205 | Precision@1: 56.579% (12384/21888)
Loss: 1.205 | Precision@1: 56.600% (12461/22016)
Loss: 1.205 | Precision@1: 56.620% (12538/22144)
Loss: 1.205 | Precision@1: 56.641% (12615/22272)
Loss: 1.204 | Precision@1: 56.688% (12698/22400)
Loss: 1.204 | Precision@1: 56.681% (12769/22528)
Loss: 1.202 | Precision@1: 56.749% (12857/22656)
Loss: 1.202 | Precision@1: 56.768% (12934/22784)
Loss: 1.202 | Precision@1: 56.756% (13004/22912)
Loss: 1.201 | Precision@1: 56.740% (13073/23040)
Loss: 1.200 | Precision@1: 56.790% (13157/23168)
Loss: 1.200 | Precision@1: 56.791% (13230/23296)
Loss: 1.200 | Precision@1: 56.796% (13304/23424)
Loss: 1.199 | Precision@1: 56.827% (13384/23552)
Loss: 1.200 | Precision@1: 56.833% (13458/23680)
Loss: 1.199 | Precision@1: 56.846% (13534/23808)
Loss: 1.199 | Precision@1: 56.885% (13616/23936)
Loss: 1.199 | Precision@1: 56.877% (13687/24064)
Loss: 1.198 | Precision@1: 56.866% (13757/24192)
Loss: 1.198 | Precision@1: 56.867% (13830/24320)
Loss: 1.197 | Precision@1: 56.909% (13913/24448)
Loss: 1.196 | Precision@1: 56.978% (14003/24576)
Loss: 1.195 | Precision@1: 57.023% (14087/24704)
Loss: 1.195 | Precision@1: 57.031% (14162/24832)
Loss: 1.193 | Precision@1: 57.079% (14247/24960)
Loss: 1.192 | Precision@1: 57.139% (14335/25088)
Loss: 1.192 | Precision@1: 57.146% (14410/25216)
Loss: 1.192 | Precision@1: 57.165% (14488/25344)
Loss: 1.191 | Precision@1: 57.184% (14566/25472)
Loss: 1.190 | Precision@1: 57.238% (14653/25600)
Loss: 1.189 | Precision@1: 57.245% (14728/25728)
Loss: 1.188 | Precision@1: 57.290% (14813/25856)
Loss: 1.188 | Precision@1: 57.301% (14889/25984)
Loss: 1.187 | Precision@1: 57.341% (14973/26112)
Loss: 1.187 | Precision@1: 57.374% (15055/26240)
Loss: 1.186 | Precision@1: 57.403% (15136/26368)
Loss: 1.186 | Precision@1: 57.431% (15217/26496)
Loss: 1.184 | Precision@1: 57.489% (15306/26624)
Loss: 1.183 | Precision@1: 57.528% (15390/26752)
Loss: 1.183 | Precision@1: 57.541% (15467/26880)
Loss: 1.182 | Precision@1: 57.564% (15547/27008)
Loss: 1.182 | Precision@1: 57.595% (15629/27136)
Loss: 1.180 | Precision@1: 57.636% (15714/27264)
Loss: 1.180 | Precision@1: 57.615% (15782/27392)
Loss: 1.180 | Precision@1: 57.613% (15855/27520)
Loss: 1.180 | Precision@1: 57.617% (15930/27648)
Loss: 1.181 | Precision@1: 57.604% (16000/27776)
Loss: 1.180 | Precision@1: 57.655% (16088/27904)
Loss: 1.179 | Precision@1: 57.645% (16159/28032)
Loss: 1.179 | Precision@1: 57.653% (16235/28160)
Loss: 1.178 | Precision@1: 57.660% (16311/28288)
Loss: 1.178 | Precision@1: 57.672% (16388/28416)
Loss: 1.177 | Precision@1: 57.711% (16473/28544)
Loss: 1.177 | Precision@1: 57.704% (16545/28672)
Loss: 1.176 | Precision@1: 57.764% (16636/28800)
Loss: 1.175 | Precision@1: 57.774% (16713/28928)
Loss: 1.176 | Precision@1: 57.754% (16781/29056)
Loss: 1.176 | Precision@1: 57.744% (16852/29184)
Loss: 1.174 | Precision@1: 57.792% (16940/29312)
Loss: 1.174 | Precision@1: 57.833% (17026/29440)
Loss: 1.173 | Precision@1: 57.850% (17105/29568)
Loss: 1.172 | Precision@1: 57.870% (17185/29696)
Loss: 1.172 | Precision@1: 57.856% (17255/29824)
Loss: 1.172 | Precision@1: 57.876% (17335/29952)
Loss: 1.171 | Precision@1: 57.909% (17419/30080)
Loss: 1.170 | Precision@1: 57.925% (17498/30208)
Loss: 1.170 | Precision@1: 57.928% (17573/30336)
Loss: 1.169 | Precision@1: 57.963% (17658/30464)
Loss: 1.169 | Precision@1: 57.992% (17741/30592)
Loss: 1.168 | Precision@1: 58.024% (17825/30720)
Loss: 1.168 | Precision@1: 58.043% (17905/30848)
Loss: 1.167 | Precision@1: 58.087% (17993/30976)
Loss: 1.167 | Precision@1: 58.073% (18063/31104)
Loss: 1.166 | Precision@1: 58.097% (18145/31232)
Loss: 1.166 | Precision@1: 58.099% (18220/31360)
Loss: 1.165 | Precision@1: 58.136% (18306/31488)
Loss: 1.165 | Precision@1: 58.132% (18379/31616)
Loss: 1.165 | Precision@1: 58.143% (18457/31744)
Loss: 1.165 | Precision@1: 58.180% (18543/31872)
Loss: 1.164 | Precision@1: 58.181% (18618/32000)
Loss: 1.164 | Precision@1: 58.180% (18692/32128)
Loss: 1.164 | Precision@1: 58.175% (18765/32256)
Loss: 1.164 | Precision@1: 58.186% (18843/32384)
Loss: 1.163 | Precision@1: 58.200% (18922/32512)
Loss: 1.163 | Precision@1: 58.208% (18999/32640)
Loss: 1.163 | Precision@1: 58.212% (19075/32768)
Loss: 1.162 | Precision@1: 58.244% (19160/32896)
Loss: 1.162 | Precision@1: 58.261% (19240/33024)
Loss: 1.162 | Precision@1: 58.280% (19321/33152)
Loss: 1.162 | Precision@1: 58.272% (19393/33280)
Loss: 1.162 | Precision@1: 58.288% (19473/33408)
Loss: 1.162 | Precision@1: 58.307% (19554/33536)
Loss: 1.162 | Precision@1: 58.317% (19632/33664)
Loss: 1.162 | Precision@1: 58.316% (19706/33792)
Loss: 1.162 | Precision@1: 58.320% (19782/33920)
Loss: 1.162 | Precision@1: 58.294% (19848/34048)
Loss: 1.162 | Precision@1: 58.301% (19925/34176)
Loss: 1.162 | Precision@1: 58.314% (20004/34304)
Loss: 1.161 | Precision@1: 58.341% (20088/34432)
Loss: 1.161 | Precision@1: 58.330% (20159/34560)
Loss: 1.161 | Precision@1: 58.354% (20242/34688)
Loss: 1.161 | Precision@1: 58.347% (20314/34816)
Loss: 1.161 | Precision@1: 58.388% (20403/34944)
Loss: 1.161 | Precision@1: 58.391% (20479/35072)
Loss: 1.160 | Precision@1: 58.392% (20554/35200)
Loss: 1.160 | Precision@1: 58.396% (20630/35328)
Loss: 1.160 | Precision@1: 58.416% (20712/35456)
Loss: 1.159 | Precision@1: 58.434% (20793/35584)
Loss: 1.159 | Precision@1: 58.462% (20878/35712)
Loss: 1.158 | Precision@1: 58.485% (20961/35840)
Loss: 1.158 | Precision@1: 58.510% (21045/35968)
Loss: 1.158 | Precision@1: 58.511% (21120/36096)
Loss: 1.157 | Precision@1: 58.519% (21198/36224)
Loss: 1.157 | Precision@1: 58.517% (21272/36352)
Loss: 1.157 | Precision@1: 58.536% (21354/36480)
Loss: 1.156 | Precision@1: 58.553% (21435/36608)
Loss: 1.156 | Precision@1: 58.572% (21517/36736)
Loss: 1.155 | Precision@1: 58.615% (21608/36864)
Loss: 1.155 | Precision@1: 58.618% (21684/36992)
Loss: 1.154 | Precision@1: 58.629% (21763/37120)
Loss: 1.154 | Precision@1: 58.642% (21843/37248)
Loss: 1.153 | Precision@1: 58.661% (21925/37376)
Loss: 1.152 | Precision@1: 58.698% (22014/37504)
Loss: 1.152 | Precision@1: 58.687% (22085/37632)
Loss: 1.151 | Precision@1: 58.705% (22167/37760)
Loss: 1.151 | Precision@1: 58.718% (22247/37888)
Loss: 1.150 | Precision@1: 58.754% (22336/38016)
Loss: 1.150 | Precision@1: 58.759% (22413/38144)
Loss: 1.150 | Precision@1: 58.766% (22491/38272)
Loss: 1.150 | Precision@1: 58.768% (22567/38400)
Loss: 1.150 | Precision@1: 58.781% (22647/38528)
Loss: 1.148 | Precision@1: 58.840% (22745/38656)
Loss: 1.148 | Precision@1: 58.844% (22822/38784)
Loss: 1.149 | Precision@1: 58.820% (22888/38912)
Loss: 1.148 | Precision@1: 58.842% (22972/39040)
Loss: 1.148 | Precision@1: 58.867% (23057/39168)
Loss: 1.148 | Precision@1: 58.856% (23128/39296)
Loss: 1.148 | Precision@1: 58.868% (23208/39424)
Loss: 1.148 | Precision@1: 58.864% (23282/39552)
Loss: 1.147 | Precision@1: 58.876% (23362/39680)
Loss: 1.147 | Precision@1: 58.858% (23430/39808)
Loss: 1.147 | Precision@1: 58.864% (23508/39936)
Loss: 1.146 | Precision@1: 58.893% (23595/40064)
Loss: 1.146 | Precision@1: 58.920% (23681/40192)
Loss: 1.146 | Precision@1: 58.919% (23756/40320)
Loss: 1.145 | Precision@1: 58.957% (23847/40448)
Loss: 1.145 | Precision@1: 58.958% (23923/40576)
Loss: 1.145 | Precision@1: 58.962% (24000/40704)
Loss: 1.145 | Precision@1: 58.971% (24079/40832)
Loss: 1.144 | Precision@1: 58.970% (24154/40960)
Loss: 1.144 | Precision@1: 58.998% (24241/41088)
Loss: 1.143 | Precision@1: 59.021% (24326/41216)
Loss: 1.143 | Precision@1: 59.044% (24411/41344)
Loss: 1.142 | Precision@1: 59.049% (24489/41472)
Loss: 1.142 | Precision@1: 59.060% (24569/41600)
Loss: 1.141 | Precision@1: 59.092% (24658/41728)
Loss: 1.141 | Precision@1: 59.122% (24746/41856)
Loss: 1.140 | Precision@1: 59.158% (24837/41984)
Loss: 1.140 | Precision@1: 59.159% (24913/42112)
Loss: 1.140 | Precision@1: 59.176% (24996/42240)
Loss: 1.140 | Precision@1: 59.177% (25072/42368)
Loss: 1.140 | Precision@1: 59.168% (25144/42496)
Loss: 1.140 | Precision@1: 59.192% (25230/42624)
Loss: 1.139 | Precision@1: 59.232% (25323/42752)
Loss: 1.139 | Precision@1: 59.249% (25406/42880)
Loss: 1.138 | Precision@1: 59.268% (25490/43008)
Loss: 1.138 | Precision@1: 59.282% (25572/43136)
Loss: 1.138 | Precision@1: 59.280% (25647/43264)
Loss: 1.138 | Precision@1: 59.260% (25714/43392)
Loss: 1.138 | Precision@1: 59.274% (25796/43520)
Loss: 1.137 | Precision@1: 59.297% (25882/43648)
Loss: 1.138 | Precision@1: 59.284% (25952/43776)
Loss: 1.138 | Precision@1: 59.275% (26024/43904)
Loss: 1.137 | Precision@1: 59.289% (26106/44032)
Loss: 1.136 | Precision@1: 59.314% (26193/44160)
Loss: 1.136 | Precision@1: 59.334% (26278/44288)
Loss: 1.135 | Precision@1: 59.346% (26359/44416)
Loss: 1.135 | Precision@1: 59.353% (26438/44544)
Loss: 1.135 | Precision@1: 59.377% (26525/44672)
Loss: 1.134 | Precision@1: 59.386% (26605/44800)
Loss: 1.134 | Precision@1: 59.393% (26684/44928)
Loss: 1.134 | Precision@1: 59.402% (26764/45056)
Loss: 1.134 | Precision@1: 59.410% (26844/45184)
Loss: 1.134 | Precision@1: 59.432% (26930/45312)
Loss: 1.133 | Precision@1: 59.456% (27017/45440)
Loss: 1.133 | Precision@1: 59.476% (27102/45568)
Loss: 1.132 | Precision@1: 59.480% (27180/45696)
Loss: 1.132 | Precision@1: 59.506% (27268/45824)
Loss: 1.131 | Precision@1: 59.519% (27350/45952)
Loss: 1.132 | Precision@1: 59.518% (27426/46080)
Loss: 1.131 | Precision@1: 59.520% (27503/46208)
Loss: 1.131 | Precision@1: 59.535% (27586/46336)
Loss: 1.131 | Precision@1: 59.530% (27660/46464)
Loss: 1.131 | Precision@1: 59.530% (27736/46592)
Loss: 1.131 | Precision@1: 59.531% (27813/46720)
Loss: 1.131 | Precision@1: 59.548% (27897/46848)
Loss: 1.131 | Precision@1: 59.545% (27972/46976)
Loss: 1.131 | Precision@1: 59.534% (28043/47104)
Loss: 1.131 | Precision@1: 59.540% (28122/47232)
Loss: 1.131 | Precision@1: 59.554% (28205/47360)
Loss: 1.130 | Precision@1: 59.569% (28288/47488)
Loss: 1.130 | Precision@1: 59.556% (28358/47616)
Loss: 1.130 | Precision@1: 59.580% (28446/47744)
Loss: 1.129 | Precision@1: 59.594% (28529/47872)
Loss: 1.129 | Precision@1: 59.608% (28612/48000)
Loss: 1.128 | Precision@1: 59.614% (28691/48128)
Loss: 1.128 | Precision@1: 59.624% (28772/48256)
Loss: 1.128 | Precision@1: 59.633% (28853/48384)
Loss: 1.128 | Precision@1: 59.631% (28928/48512)
Loss: 1.127 | Precision@1: 59.632% (29005/48640)
Loss: 1.127 | Precision@1: 59.652% (29091/48768)
Loss: 1.126 | Precision@1: 59.682% (29182/48896)
Loss: 1.126 | Precision@1: 59.695% (29265/49024)
Loss: 1.126 | Precision@1: 59.713% (29350/49152)
Loss: 1.126 | Precision@1: 59.712% (29426/49280)
Loss: 1.125 | Precision@1: 59.725% (29509/49408)
Loss: 1.125 | Precision@1: 59.724% (29585/49536)
Loss: 1.125 | Precision@1: 59.731% (29665/49664)
Loss: 1.125 | Precision@1: 59.761% (29756/49792)
Loss: 1.124 | Precision@1: 59.776% (29840/49920)
Loss: 1.124 | Precision@1: 59.782% (29891/50000)

Aggregates: 			
 	 DataLoader Time: 0.3635 			
 	 Mini-batch Time: 12.2808 			
 	 Training Epoch Time: 29.7992
 			
 Averages: 			
 	 Training Loss: 1.1241

 Test set Averages: Loss: 1.111 | Precision@1: 60.290% (6029/10000)

Epoch: 3
Loss: 1.058 | Precision@1: 64.844% (83/128)
Loss: 1.065 | Precision@1: 64.062% (164/256)
Loss: 1.085 | Precision@1: 61.458% (236/384)
Loss: 1.079 | Precision@1: 62.109% (318/512)
Loss: 1.041 | Precision@1: 62.656% (401/640)
Loss: 1.043 | Precision@1: 62.760% (482/768)
Loss: 1.042 | Precision@1: 62.835% (563/896)
Loss: 1.043 | Precision@1: 62.891% (644/1024)
Loss: 1.042 | Precision@1: 62.500% (720/1152)
Loss: 1.026 | Precision@1: 63.203% (809/1280)
Loss: 1.020 | Precision@1: 63.139% (889/1408)
Loss: 1.027 | Precision@1: 63.281% (972/1536)
Loss: 1.023 | Precision@1: 63.642% (1059/1664)
Loss: 1.025 | Precision@1: 63.393% (1136/1792)
Loss: 1.028 | Precision@1: 63.229% (1214/1920)
Loss: 1.013 | Precision@1: 63.770% (1306/2048)
Loss: 1.016 | Precision@1: 63.695% (1386/2176)
Loss: 1.022 | Precision@1: 63.498% (1463/2304)
Loss: 1.024 | Precision@1: 63.199% (1537/2432)
Loss: 1.019 | Precision@1: 63.633% (1629/2560)
Loss: 1.019 | Precision@1: 63.690% (1712/2688)
Loss: 1.027 | Precision@1: 63.388% (1785/2816)
Loss: 1.018 | Precision@1: 63.757% (1877/2944)
Loss: 1.020 | Precision@1: 63.672% (1956/3072)
Loss: 1.017 | Precision@1: 63.656% (2037/3200)
Loss: 1.014 | Precision@1: 63.732% (2121/3328)
Loss: 1.017 | Precision@1: 63.686% (2201/3456)
Loss: 1.017 | Precision@1: 63.672% (2282/3584)
Loss: 1.016 | Precision@1: 63.739% (2366/3712)
Loss: 1.016 | Precision@1: 63.802% (2450/3840)
Loss: 1.018 | Precision@1: 63.836% (2533/3968)
Loss: 1.011 | Precision@1: 64.111% (2626/4096)
Loss: 1.010 | Precision@1: 63.991% (2703/4224)
Loss: 1.010 | Precision@1: 63.948% (2783/4352)
Loss: 1.008 | Precision@1: 63.951% (2865/4480)
Loss: 1.010 | Precision@1: 63.845% (2942/4608)
Loss: 1.013 | Precision@1: 63.872% (3025/4736)
Loss: 1.008 | Precision@1: 64.104% (3118/4864)
Loss: 1.006 | Precision@1: 64.083% (3199/4992)
Loss: 1.006 | Precision@1: 64.102% (3282/5120)
Loss: 1.008 | Precision@1: 64.139% (3366/5248)
Loss: 1.009 | Precision@1: 64.174% (3450/5376)
Loss: 1.006 | Precision@1: 64.281% (3538/5504)
Loss: 1.004 | Precision@1: 64.347% (3624/5632)
Loss: 1.002 | Precision@1: 64.253% (3701/5760)
Loss: 1.003 | Precision@1: 64.046% (3771/5888)
Loss: 1.000 | Precision@1: 64.212% (3863/6016)
Loss: 1.000 | Precision@1: 64.193% (3944/6144)
Loss: 0.997 | Precision@1: 64.334% (4035/6272)
Loss: 0.995 | Precision@1: 64.344% (4118/6400)
Loss: 0.995 | Precision@1: 64.292% (4197/6528)
Loss: 0.999 | Precision@1: 64.183% (4272/6656)
Loss: 0.996 | Precision@1: 64.269% (4360/6784)
Loss: 0.997 | Precision@1: 64.236% (4440/6912)
Loss: 0.998 | Precision@1: 64.148% (4516/7040)
Loss: 0.998 | Precision@1: 64.202% (4602/7168)
Loss: 0.996 | Precision@1: 64.309% (4692/7296)
Loss: 0.995 | Precision@1: 64.332% (4776/7424)
Loss: 0.996 | Precision@1: 64.341% (4859/7552)
Loss: 0.998 | Precision@1: 64.245% (4934/7680)
Loss: 0.999 | Precision@1: 64.165% (5010/7808)
Loss: 0.997 | Precision@1: 64.214% (5096/7936)
Loss: 0.998 | Precision@1: 64.187% (5176/8064)
Loss: 0.998 | Precision@1: 64.258% (5264/8192)
Loss: 0.997 | Precision@1: 64.291% (5349/8320)
Loss: 0.997 | Precision@1: 64.276% (5430/8448)
Loss: 0.996 | Precision@1: 64.342% (5518/8576)
Loss: 0.995 | Precision@1: 64.350% (5601/8704)
Loss: 0.995 | Precision@1: 64.402% (5688/8832)
Loss: 0.994 | Precision@1: 64.509% (5780/8960)
Loss: 0.992 | Precision@1: 64.602% (5871/9088)
Loss: 0.993 | Precision@1: 64.605% (5954/9216)
Loss: 0.992 | Precision@1: 64.747% (6050/9344)
Loss: 0.992 | Precision@1: 64.738% (6132/9472)
Loss: 0.994 | Precision@1: 64.594% (6201/9600)
Loss: 0.993 | Precision@1: 64.710% (6295/9728)
Loss: 0.990 | Precision@1: 64.793% (6386/9856)
Loss: 0.989 | Precision@1: 64.794% (6469/9984)
Loss: 0.990 | Precision@1: 64.784% (6551/10112)
Loss: 0.991 | Precision@1: 64.766% (6632/10240)
Loss: 0.990 | Precision@1: 64.796% (6718/10368)
Loss: 0.991 | Precision@1: 64.777% (6799/10496)
Loss: 0.990 | Precision@1: 64.816% (6886/10624)
Loss: 0.989 | Precision@1: 64.807% (6968/10752)
Loss: 0.988 | Precision@1: 64.853% (7056/10880)
Loss: 0.989 | Precision@1: 64.880% (7142/11008)
Loss: 0.990 | Precision@1: 64.817% (7218/11136)
Loss: 0.989 | Precision@1: 64.853% (7305/11264)
Loss: 0.990 | Precision@1: 64.791% (7381/11392)
Loss: 0.989 | Precision@1: 64.861% (7472/11520)
Loss: 0.988 | Precision@1: 64.947% (7565/11648)
Loss: 0.988 | Precision@1: 64.929% (7646/11776)
Loss: 0.989 | Precision@1: 64.970% (7734/11904)
Loss: 0.988 | Precision@1: 65.018% (7823/12032)
Loss: 0.987 | Precision@1: 65.033% (7908/12160)
Loss: 0.985 | Precision@1: 65.047% (7993/12288)
Loss: 0.985 | Precision@1: 65.101% (8083/12416)
Loss: 0.985 | Precision@1: 65.115% (8168/12544)
Loss: 0.984 | Precision@1: 65.120% (8252/12672)
Loss: 0.984 | Precision@1: 65.086% (8331/12800)
Loss: 0.985 | Precision@1: 65.076% (8413/12928)
Loss: 0.985 | Precision@1: 65.066% (8495/13056)
Loss: 0.985 | Precision@1: 65.071% (8579/13184)
Loss: 0.984 | Precision@1: 65.144% (8672/13312)
Loss: 0.984 | Precision@1: 65.149% (8756/13440)
Loss: 0.984 | Precision@1: 65.212% (8848/13568)
Loss: 0.984 | Precision@1: 65.172% (8926/13696)
Loss: 0.984 | Precision@1: 65.213% (9015/13824)
Loss: 0.983 | Precision@1: 65.231% (9101/13952)
Loss: 0.983 | Precision@1: 65.277% (9191/14080)
Loss: 0.981 | Precision@1: 65.358% (9286/14208)
Loss: 0.982 | Precision@1: 65.339% (9367/14336)
Loss: 0.981 | Precision@1: 65.390% (9458/14464)
Loss: 0.980 | Precision@1: 65.447% (9550/14592)
Loss: 0.981 | Precision@1: 65.408% (9628/14720)
Loss: 0.980 | Precision@1: 65.430% (9715/14848)
Loss: 0.980 | Precision@1: 65.418% (9797/14976)
Loss: 0.979 | Precision@1: 65.473% (9889/15104)
Loss: 0.978 | Precision@1: 65.487% (9975/15232)
Loss: 0.979 | Precision@1: 65.469% (10056/15360)
Loss: 0.979 | Precision@1: 65.451% (10137/15488)
Loss: 0.979 | Precision@1: 65.446% (10220/15616)
Loss: 0.979 | Precision@1: 65.460% (10306/15744)
Loss: 0.978 | Precision@1: 65.493% (10395/15872)
Loss: 0.978 | Precision@1: 65.531% (10485/16000)
Loss: 0.978 | Precision@1: 65.575% (10576/16128)
Loss: 0.978 | Precision@1: 65.539% (10654/16256)
Loss: 0.978 | Precision@1: 65.533% (10737/16384)
Loss: 0.977 | Precision@1: 65.589% (10830/16512)
Loss: 0.978 | Precision@1: 65.571% (10911/16640)
Loss: 0.978 | Precision@1: 65.547% (10991/16768)
Loss: 0.978 | Precision@1: 65.566% (11078/16896)
Loss: 0.976 | Precision@1: 65.590% (11166/17024)
Loss: 0.978 | Precision@1: 65.520% (11238/17152)
Loss: 0.978 | Precision@1: 65.509% (11320/17280)
Loss: 0.977 | Precision@1: 65.562% (11413/17408)
Loss: 0.978 | Precision@1: 65.608% (11505/17536)
Loss: 0.976 | Precision@1: 65.653% (11597/17664)
Loss: 0.975 | Precision@1: 65.692% (11688/17792)
Loss: 0.975 | Precision@1: 65.725% (11778/17920)
Loss: 0.975 | Precision@1: 65.758% (11868/18048)
Loss: 0.976 | Precision@1: 65.691% (11940/18176)
Loss: 0.975 | Precision@1: 65.723% (12030/18304)
Loss: 0.975 | Precision@1: 65.734% (12116/18432)
Loss: 0.975 | Precision@1: 65.733% (12200/18560)
Loss: 0.974 | Precision@1: 65.727% (12283/18688)
Loss: 0.973 | Precision@1: 65.763% (12374/18816)
Loss: 0.973 | Precision@1: 65.789% (12463/18944)
Loss: 0.972 | Precision@1: 65.850% (12559/19072)
Loss: 0.971 | Precision@1: 65.880% (12649/19200)
Loss: 0.971 | Precision@1: 65.904% (12738/19328)
Loss: 0.970 | Precision@1: 65.908% (12823/19456)
Loss: 0.970 | Precision@1: 65.931% (12912/19584)
Loss: 0.971 | Precision@1: 65.874% (12985/19712)
Loss: 0.971 | Precision@1: 65.862% (13067/19840)
Loss: 0.971 | Precision@1: 65.865% (13152/19968)
Loss: 0.971 | Precision@1: 65.824% (13228/20096)
Loss: 0.971 | Precision@1: 65.833% (13314/20224)
Loss: 0.970 | Precision@1: 65.866% (13405/20352)
Loss: 0.971 | Precision@1: 65.820% (13480/20480)
Loss: 0.970 | Precision@1: 65.834% (13567/20608)
Loss: 0.971 | Precision@1: 65.813% (13647/20736)
Loss: 0.970 | Precision@1: 65.831% (13735/20864)
Loss: 0.970 | Precision@1: 65.825% (13818/20992)
Loss: 0.970 | Precision@1: 65.795% (13896/21120)
Loss: 0.970 | Precision@1: 65.785% (13978/21248)
Loss: 0.971 | Precision@1: 65.761% (14057/21376)
Loss: 0.970 | Precision@1: 65.774% (14144/21504)
Loss: 0.970 | Precision@1: 65.778% (14229/21632)
Loss: 0.971 | Precision@1: 65.777% (14313/21760)
Loss: 0.970 | Precision@1: 65.789% (14400/21888)
Loss: 0.971 | Precision@1: 65.757% (14477/22016)
Loss: 0.971 | Precision@1: 65.747% (14559/22144)
Loss: 0.971 | Precision@1: 65.751% (14644/22272)
Loss: 0.970 | Precision@1: 65.759% (14730/22400)
Loss: 0.971 | Precision@1: 65.718% (14805/22528)
Loss: 0.971 | Precision@1: 65.735% (14893/22656)
Loss: 0.970 | Precision@1: 65.744% (14979/22784)
Loss: 0.970 | Precision@1: 65.738% (15062/22912)
Loss: 0.969 | Precision@1: 65.742% (15147/23040)
Loss: 0.968 | Precision@1: 65.776% (15239/23168)
Loss: 0.968 | Precision@1: 65.788% (15326/23296)
Loss: 0.967 | Precision@1: 65.796% (15412/23424)
Loss: 0.967 | Precision@1: 65.816% (15501/23552)
Loss: 0.967 | Precision@1: 65.819% (15586/23680)
Loss: 0.966 | Precision@1: 65.848% (15677/23808)
Loss: 0.965 | Precision@1: 65.897% (15773/23936)
Loss: 0.966 | Precision@1: 65.874% (15852/24064)
Loss: 0.966 | Precision@1: 65.877% (15937/24192)
Loss: 0.966 | Precision@1: 65.880% (16022/24320)
Loss: 0.965 | Precision@1: 65.903% (16112/24448)
Loss: 0.965 | Precision@1: 65.910% (16198/24576)
Loss: 0.964 | Precision@1: 65.933% (16288/24704)
Loss: 0.965 | Precision@1: 65.931% (16372/24832)
Loss: 0.965 | Precision@1: 65.925% (16455/24960)
Loss: 0.964 | Precision@1: 65.968% (16550/25088)
Loss: 0.964 | Precision@1: 65.986% (16639/25216)
Loss: 0.963 | Precision@1: 66.004% (16728/25344)
Loss: 0.962 | Precision@1: 66.022% (16817/25472)
Loss: 0.962 | Precision@1: 66.016% (16900/25600)
Loss: 0.963 | Precision@1: 65.990% (16978/25728)
Loss: 0.964 | Precision@1: 65.958% (17054/25856)
Loss: 0.964 | Precision@1: 65.948% (17136/25984)
Loss: 0.963 | Precision@1: 65.951% (17221/26112)
Loss: 0.964 | Precision@1: 65.907% (17294/26240)
Loss: 0.963 | Precision@1: 65.925% (17383/26368)
Loss: 0.963 | Precision@1: 65.953% (17475/26496)
Loss: 0.962 | Precision@1: 65.937% (17555/26624)
Loss: 0.962 | Precision@1: 65.969% (17648/26752)
Loss: 0.962 | Precision@1: 65.945% (17726/26880)
Loss: 0.962 | Precision@1: 65.977% (17819/27008)
Loss: 0.962 | Precision@1: 65.957% (17898/27136)
Loss: 0.962 | Precision@1: 66.003% (17995/27264)
Loss: 0.962 | Precision@1: 65.957% (18067/27392)
Loss: 0.962 | Precision@1: 65.970% (18155/27520)
Loss: 0.962 | Precision@1: 65.987% (18244/27648)
Loss: 0.961 | Precision@1: 65.989% (18329/27776)
Loss: 0.961 | Precision@1: 65.965% (18407/27904)
Loss: 0.961 | Precision@1: 65.967% (18492/28032)
Loss: 0.962 | Precision@1: 65.945% (18570/28160)
Loss: 0.962 | Precision@1: 65.961% (18659/28288)
Loss: 0.963 | Precision@1: 65.921% (18732/28416)
Loss: 0.963 | Precision@1: 65.912% (18814/28544)
Loss: 0.962 | Precision@1: 65.894% (18893/28672)
Loss: 0.962 | Precision@1: 65.913% (18983/28800)
Loss: 0.962 | Precision@1: 65.922% (19070/28928)
Loss: 0.962 | Precision@1: 65.938% (19159/29056)
Loss: 0.962 | Precision@1: 65.937% (19243/29184)
Loss: 0.962 | Precision@1: 65.953% (19332/29312)
Loss: 0.962 | Precision@1: 65.961% (19419/29440)
Loss: 0.962 | Precision@1: 65.960% (19503/29568)
Loss: 0.962 | Precision@1: 65.979% (19593/29696)
Loss: 0.963 | Precision@1: 65.967% (19674/29824)
Loss: 0.964 | Precision@1: 65.929% (19747/29952)
Loss: 0.963 | Precision@1: 65.921% (19829/30080)
Loss: 0.963 | Precision@1: 65.933% (19917/30208)
Loss: 0.963 | Precision@1: 65.941% (20004/30336)
Loss: 0.963 | Precision@1: 65.927% (20084/30464)
Loss: 0.962 | Precision@1: 65.949% (20175/30592)
Loss: 0.962 | Precision@1: 65.947% (20259/30720)
Loss: 0.961 | Precision@1: 65.975% (20352/30848)
Loss: 0.961 | Precision@1: 65.999% (20444/30976)
Loss: 0.961 | Precision@1: 65.998% (20528/31104)
Loss: 0.961 | Precision@1: 65.996% (20612/31232)
Loss: 0.961 | Precision@1: 65.979% (20691/31360)
Loss: 0.960 | Precision@1: 66.003% (20783/31488)
Loss: 0.961 | Precision@1: 65.989% (20863/31616)
Loss: 0.960 | Precision@1: 66.012% (20955/31744)
Loss: 0.960 | Precision@1: 66.023% (21043/31872)
Loss: 0.960 | Precision@1: 66.031% (21130/32000)
Loss: 0.959 | Precision@1: 66.042% (21218/32128)
Loss: 0.959 | Precision@1: 66.053% (21306/32256)
Loss: 0.959 | Precision@1: 66.085% (21401/32384)
Loss: 0.959 | Precision@1: 66.074% (21482/32512)
Loss: 0.959 | Precision@1: 66.075% (21567/32640)
Loss: 0.958 | Precision@1: 66.098% (21659/32768)
Loss: 0.958 | Precision@1: 66.121% (21751/32896)
Loss: 0.958 | Precision@1: 66.088% (21825/33024)
Loss: 0.958 | Precision@1: 66.114% (21918/33152)
Loss: 0.957 | Precision@1: 66.121% (22005/33280)
Loss: 0.957 | Precision@1: 66.107% (22085/33408)
Loss: 0.957 | Precision@1: 66.093% (22165/33536)
Loss: 0.958 | Precision@1: 66.088% (22248/33664)
Loss: 0.957 | Precision@1: 66.098% (22336/33792)
Loss: 0.957 | Precision@1: 66.123% (22429/33920)
Loss: 0.956 | Precision@1: 66.130% (22516/34048)
Loss: 0.956 | Precision@1: 66.128% (22600/34176)
Loss: 0.957 | Precision@1: 66.103% (22676/34304)
Loss: 0.957 | Precision@1: 66.116% (22765/34432)
Loss: 0.956 | Precision@1: 66.111% (22848/34560)
Loss: 0.956 | Precision@1: 66.121% (22936/34688)
Loss: 0.956 | Precision@1: 66.128% (23023/34816)
Loss: 0.956 | Precision@1: 66.120% (23105/34944)
Loss: 0.956 | Precision@1: 66.113% (23187/35072)
Loss: 0.956 | Precision@1: 66.099% (23267/35200)
Loss: 0.956 | Precision@1: 66.126% (23361/35328)
Loss: 0.956 | Precision@1: 66.150% (23454/35456)
Loss: 0.955 | Precision@1: 66.170% (23546/35584)
Loss: 0.955 | Precision@1: 66.171% (23631/35712)
Loss: 0.955 | Precision@1: 66.166% (23714/35840)
Loss: 0.955 | Precision@1: 66.156% (23795/35968)
Loss: 0.955 | Precision@1: 66.162% (23882/36096)
Loss: 0.955 | Precision@1: 66.191% (23977/36224)
Loss: 0.955 | Precision@1: 66.181% (24058/36352)
Loss: 0.953 | Precision@1: 66.234% (24162/36480)
Loss: 0.953 | Precision@1: 66.231% (24246/36608)
Loss: 0.953 | Precision@1: 66.235% (24332/36736)
Loss: 0.953 | Precision@1: 66.238% (24418/36864)
Loss: 0.953 | Precision@1: 66.252% (24508/36992)
Loss: 0.952 | Precision@1: 66.255% (24594/37120)
Loss: 0.951 | Precision@1: 66.296% (24694/37248)
Loss: 0.951 | Precision@1: 66.305% (24782/37376)
Loss: 0.951 | Precision@1: 66.308% (24868/37504)
Loss: 0.951 | Precision@1: 66.316% (24956/37632)
Loss: 0.950 | Precision@1: 66.348% (25053/37760)
Loss: 0.950 | Precision@1: 66.346% (25137/37888)
Loss: 0.950 | Precision@1: 66.367% (25230/38016)
Loss: 0.950 | Precision@1: 66.367% (25315/38144)
Loss: 0.950 | Precision@1: 66.383% (25406/38272)
Loss: 0.950 | Precision@1: 66.378% (25489/38400)
Loss: 0.950 | Precision@1: 66.378% (25574/38528)
Loss: 0.951 | Precision@1: 66.360% (25652/38656)
Loss: 0.951 | Precision@1: 66.344% (25731/38784)
Loss: 0.951 | Precision@1: 66.342% (25815/38912)
Loss: 0.951 | Precision@1: 66.342% (25900/39040)
Loss: 0.951 | Precision@1: 66.348% (25987/39168)
Loss: 0.951 | Precision@1: 66.350% (26073/39296)
Loss: 0.950 | Precision@1: 66.381% (26170/39424)
Loss: 0.950 | Precision@1: 66.419% (26270/39552)
Loss: 0.949 | Precision@1: 66.414% (26353/39680)
Loss: 0.949 | Precision@1: 66.419% (26440/39808)
Loss: 0.948 | Precision@1: 66.449% (26537/39936)
Loss: 0.948 | Precision@1: 66.446% (26621/40064)
Loss: 0.948 | Precision@1: 66.446% (26706/40192)
Loss: 0.947 | Precision@1: 66.471% (26801/40320)
Loss: 0.947 | Precision@1: 66.505% (26900/40448)
Loss: 0.947 | Precision@1: 66.495% (26981/40576)
Loss: 0.947 | Precision@1: 66.490% (27064/40704)
Loss: 0.947 | Precision@1: 66.507% (27156/40832)
Loss: 0.946 | Precision@1: 66.526% (27249/40960)
Loss: 0.946 | Precision@1: 66.540% (27340/41088)
Loss: 0.946 | Precision@1: 66.537% (27424/41216)
Loss: 0.946 | Precision@1: 66.549% (27514/41344)
Loss: 0.946 | Precision@1: 66.563% (27605/41472)
Loss: 0.946 | Precision@1: 66.553% (27686/41600)
Loss: 0.946 | Precision@1: 66.560% (27774/41728)
Loss: 0.945 | Precision@1: 66.569% (27863/41856)
Loss: 0.945 | Precision@1: 66.575% (27951/41984)
Loss: 0.945 | Precision@1: 66.582% (28039/42112)
Loss: 0.945 | Precision@1: 66.586% (28126/42240)
Loss: 0.945 | Precision@1: 66.583% (28210/42368)
Loss: 0.944 | Precision@1: 66.599% (28302/42496)
Loss: 0.944 | Precision@1: 66.596% (28386/42624)
Loss: 0.944 | Precision@1: 66.605% (28475/42752)
Loss: 0.943 | Precision@1: 66.611% (28563/42880)
Loss: 0.943 | Precision@1: 66.616% (28650/43008)
Loss: 0.943 | Precision@1: 66.624% (28739/43136)
Loss: 0.943 | Precision@1: 66.635% (28829/43264)
Loss: 0.942 | Precision@1: 66.655% (28923/43392)
Loss: 0.942 | Precision@1: 66.666% (29013/43520)
Loss: 0.942 | Precision@1: 66.688% (29108/43648)
Loss: 0.941 | Precision@1: 66.708% (29202/43776)
Loss: 0.942 | Precision@1: 66.691% (29280/43904)
Loss: 0.942 | Precision@1: 66.699% (29369/44032)
Loss: 0.942 | Precision@1: 66.705% (29457/44160)
Loss: 0.942 | Precision@1: 66.700% (29540/44288)
Loss: 0.942 | Precision@1: 66.685% (29619/44416)
Loss: 0.942 | Precision@1: 66.678% (29701/44544)
Loss: 0.942 | Precision@1: 66.684% (29789/44672)
Loss: 0.942 | Precision@1: 66.690% (29877/44800)
Loss: 0.941 | Precision@1: 66.693% (29964/44928)
Loss: 0.941 | Precision@1: 66.693% (30049/45056)
Loss: 0.941 | Precision@1: 66.678% (30128/45184)
Loss: 0.941 | Precision@1: 66.680% (30214/45312)
Loss: 0.942 | Precision@1: 66.668% (30294/45440)
Loss: 0.941 | Precision@1: 66.674% (30382/45568)
Loss: 0.941 | Precision@1: 66.689% (30474/45696)
Loss: 0.941 | Precision@1: 66.703% (30566/45824)
Loss: 0.940 | Precision@1: 66.728% (30663/45952)
Loss: 0.940 | Precision@1: 66.721% (30745/46080)
Loss: 0.940 | Precision@1: 66.714% (30827/46208)
Loss: 0.940 | Precision@1: 66.719% (30915/46336)
Loss: 0.940 | Precision@1: 66.714% (30998/46464)
Loss: 0.939 | Precision@1: 66.730% (31091/46592)
Loss: 0.939 | Precision@1: 66.734% (31178/46720)
Loss: 0.939 | Precision@1: 66.752% (31272/46848)
Loss: 0.939 | Precision@1: 66.762% (31362/46976)
Loss: 0.939 | Precision@1: 66.752% (31443/47104)
Loss: 0.939 | Precision@1: 66.773% (31538/47232)
Loss: 0.939 | Precision@1: 66.782% (31628/47360)
Loss: 0.939 | Precision@1: 66.768% (31707/47488)
Loss: 0.939 | Precision@1: 66.791% (31803/47616)
Loss: 0.938 | Precision@1: 66.796% (31891/47744)
Loss: 0.939 | Precision@1: 66.791% (31974/47872)
Loss: 0.939 | Precision@1: 66.796% (32062/48000)
Loss: 0.938 | Precision@1: 66.811% (32155/48128)
Loss: 0.938 | Precision@1: 66.835% (32252/48256)
Loss: 0.937 | Precision@1: 66.857% (32348/48384)
Loss: 0.937 | Precision@1: 66.852% (32431/48512)
Loss: 0.937 | Precision@1: 66.883% (32532/48640)
Loss: 0.936 | Precision@1: 66.884% (32618/48768)
Loss: 0.936 | Precision@1: 66.899% (32711/48896)
Loss: 0.936 | Precision@1: 66.900% (32797/49024)
Loss: 0.936 | Precision@1: 66.905% (32885/49152)
Loss: 0.936 | Precision@1: 66.922% (32979/49280)
Loss: 0.936 | Precision@1: 66.920% (33064/49408)
Loss: 0.935 | Precision@1: 66.935% (33157/49536)
Loss: 0.935 | Precision@1: 66.924% (33237/49664)
Loss: 0.935 | Precision@1: 66.924% (33323/49792)
Loss: 0.935 | Precision@1: 66.931% (33412/49920)
Loss: 0.935 | Precision@1: 66.934% (33467/50000)

Aggregates: 			
 	 DataLoader Time: 0.3619 			
 	 Mini-batch Time: 12.2916 			
 	 Training Epoch Time: 29.7769
 			
 Averages: 			
 	 Training Loss: 0.9351

 Test set Averages: Loss: 0.914 | Precision@1: 68.080% (6808/10000)

Epoch: 4
Loss: 0.848 | Precision@1: 71.094% (91/128)
Loss: 0.728 | Precision@1: 74.219% (190/256)
Loss: 0.738 | Precision@1: 73.958% (284/384)
Loss: 0.762 | Precision@1: 73.047% (374/512)
Loss: 0.823 | Precision@1: 71.562% (458/640)
Loss: 0.819 | Precision@1: 71.745% (551/768)
Loss: 0.847 | Precision@1: 70.982% (636/896)
Loss: 0.859 | Precision@1: 70.703% (724/1024)
Loss: 0.866 | Precision@1: 69.878% (805/1152)
Loss: 0.863 | Precision@1: 70.234% (899/1280)
Loss: 0.851 | Precision@1: 70.241% (989/1408)
Loss: 0.848 | Precision@1: 70.117% (1077/1536)
Loss: 0.856 | Precision@1: 69.591% (1158/1664)
Loss: 0.851 | Precision@1: 69.754% (1250/1792)
Loss: 0.856 | Precision@1: 69.323% (1331/1920)
Loss: 0.854 | Precision@1: 69.531% (1424/2048)
Loss: 0.850 | Precision@1: 69.761% (1518/2176)
Loss: 0.841 | Precision@1: 70.226% (1618/2304)
Loss: 0.837 | Precision@1: 70.230% (1708/2432)
Loss: 0.840 | Precision@1: 70.039% (1793/2560)
Loss: 0.839 | Precision@1: 70.052% (1883/2688)
Loss: 0.842 | Precision@1: 69.886% (1968/2816)
Loss: 0.837 | Precision@1: 70.075% (2063/2944)
Loss: 0.837 | Precision@1: 70.312% (2160/3072)
Loss: 0.849 | Precision@1: 70.094% (2243/3200)
Loss: 0.848 | Precision@1: 70.072% (2332/3328)
Loss: 0.857 | Precision@1: 69.705% (2409/3456)
Loss: 0.859 | Precision@1: 69.754% (2500/3584)
Loss: 0.859 | Precision@1: 69.828% (2592/3712)
Loss: 0.855 | Precision@1: 70.052% (2690/3840)
Loss: 0.858 | Precision@1: 69.884% (2773/3968)
Loss: 0.857 | Precision@1: 69.922% (2864/4096)
Loss: 0.856 | Precision@1: 70.076% (2960/4224)
Loss: 0.852 | Precision@1: 70.244% (3057/4352)
Loss: 0.847 | Precision@1: 70.446% (3156/4480)
Loss: 0.850 | Precision@1: 70.312% (3240/4608)
Loss: 0.848 | Precision@1: 70.207% (3325/4736)
Loss: 0.850 | Precision@1: 70.086% (3409/4864)
Loss: 0.853 | Precision@1: 69.972% (3493/4992)
Loss: 0.854 | Precision@1: 69.902% (3579/5120)
Loss: 0.853 | Precision@1: 69.950% (3671/5248)
Loss: 0.849 | Precision@1: 70.089% (3768/5376)
Loss: 0.852 | Precision@1: 69.985% (3852/5504)
Loss: 0.848 | Precision@1: 70.082% (3947/5632)
Loss: 0.847 | Precision@1: 70.122% (4039/5760)
Loss: 0.846 | Precision@1: 70.177% (4132/5888)
Loss: 0.849 | Precision@1: 69.963% (4209/6016)
Loss: 0.852 | Precision@1: 69.824% (4290/6144)
Loss: 0.851 | Precision@1: 69.834% (4380/6272)
Loss: 0.849 | Precision@1: 69.844% (4470/6400)
Loss: 0.849 | Precision@1: 69.838% (4559/6528)
Loss: 0.846 | Precision@1: 69.982% (4658/6656)
Loss: 0.843 | Precision@1: 70.077% (4754/6784)
Loss: 0.844 | Precision@1: 70.139% (4848/6912)
Loss: 0.843 | Precision@1: 70.156% (4939/7040)
Loss: 0.845 | Precision@1: 70.033% (5020/7168)
Loss: 0.846 | Precision@1: 70.011% (5108/7296)
Loss: 0.846 | Precision@1: 69.976% (5195/7424)
Loss: 0.845 | Precision@1: 70.034% (5289/7552)
Loss: 0.843 | Precision@1: 70.013% (5377/7680)
Loss: 0.842 | Precision@1: 70.044% (5469/7808)
Loss: 0.843 | Precision@1: 70.136% (5566/7936)
Loss: 0.841 | Precision@1: 70.226% (5663/8064)
Loss: 0.841 | Precision@1: 70.203% (5751/8192)
Loss: 0.839 | Precision@1: 70.325% (5851/8320)
Loss: 0.837 | Precision@1: 70.407% (5948/8448)
Loss: 0.837 | Precision@1: 70.406% (6038/8576)
Loss: 0.835 | Precision@1: 70.450% (6132/8704)
Loss: 0.836 | Precision@1: 70.437% (6221/8832)
Loss: 0.834 | Precision@1: 70.469% (6314/8960)
Loss: 0.833 | Precision@1: 70.566% (6413/9088)
Loss: 0.833 | Precision@1: 70.540% (6501/9216)
Loss: 0.834 | Precision@1: 70.559% (6593/9344)
Loss: 0.831 | Precision@1: 70.682% (6695/9472)
Loss: 0.833 | Precision@1: 70.594% (6777/9600)
Loss: 0.831 | Precision@1: 70.662% (6874/9728)
Loss: 0.832 | Precision@1: 70.597% (6958/9856)
Loss: 0.833 | Precision@1: 70.613% (7050/9984)
Loss: 0.830 | Precision@1: 70.708% (7150/10112)
Loss: 0.830 | Precision@1: 70.645% (7234/10240)
Loss: 0.829 | Precision@1: 70.708% (7331/10368)
Loss: 0.829 | Precision@1: 70.694% (7420/10496)
Loss: 0.829 | Precision@1: 70.708% (7512/10624)
Loss: 0.829 | Precision@1: 70.694% (7601/10752)
Loss: 0.828 | Precision@1: 70.671% (7689/10880)
Loss: 0.828 | Precision@1: 70.730% (7786/11008)
Loss: 0.827 | Precision@1: 70.681% (7871/11136)
Loss: 0.828 | Precision@1: 70.650% (7958/11264)
Loss: 0.827 | Precision@1: 70.629% (8046/11392)
Loss: 0.829 | Precision@1: 70.564% (8129/11520)
Loss: 0.829 | Precision@1: 70.587% (8222/11648)
Loss: 0.827 | Precision@1: 70.652% (8320/11776)
Loss: 0.826 | Precision@1: 70.716% (8418/11904)
Loss: 0.825 | Precision@1: 70.803% (8519/12032)
Loss: 0.825 | Precision@1: 70.798% (8609/12160)
Loss: 0.827 | Precision@1: 70.671% (8684/12288)
Loss: 0.826 | Precision@1: 70.747% (8784/12416)
Loss: 0.824 | Precision@1: 70.783% (8879/12544)
Loss: 0.824 | Precision@1: 70.754% (8966/12672)
Loss: 0.825 | Precision@1: 70.734% (9054/12800)
Loss: 0.825 | Precision@1: 70.738% (9145/12928)
Loss: 0.823 | Precision@1: 70.780% (9241/13056)
Loss: 0.823 | Precision@1: 70.806% (9335/13184)
Loss: 0.822 | Precision@1: 70.831% (9429/13312)
Loss: 0.822 | Precision@1: 70.856% (9523/13440)
Loss: 0.822 | Precision@1: 70.873% (9616/13568)
Loss: 0.820 | Precision@1: 70.926% (9714/13696)
Loss: 0.821 | Precision@1: 70.841% (9793/13824)
Loss: 0.822 | Precision@1: 70.829% (9882/13952)
Loss: 0.822 | Precision@1: 70.810% (9970/14080)
Loss: 0.822 | Precision@1: 70.840% (10065/14208)
Loss: 0.821 | Precision@1: 70.864% (10159/14336)
Loss: 0.820 | Precision@1: 70.879% (10252/14464)
Loss: 0.820 | Precision@1: 70.909% (10347/14592)
Loss: 0.819 | Precision@1: 70.965% (10446/14720)
Loss: 0.819 | Precision@1: 70.979% (10539/14848)
Loss: 0.819 | Precision@1: 70.960% (10627/14976)
Loss: 0.820 | Precision@1: 70.941% (10715/15104)
Loss: 0.821 | Precision@1: 70.969% (10810/15232)
Loss: 0.821 | Precision@1: 70.911% (10892/15360)
Loss: 0.821 | Precision@1: 70.939% (10987/15488)
Loss: 0.822 | Precision@1: 70.940% (11078/15616)
Loss: 0.822 | Precision@1: 70.916% (11165/15744)
Loss: 0.822 | Precision@1: 70.898% (11253/15872)
Loss: 0.823 | Precision@1: 70.869% (11339/16000)
Loss: 0.823 | Precision@1: 70.877% (11431/16128)
Loss: 0.824 | Precision@1: 70.835% (11515/16256)
Loss: 0.822 | Precision@1: 70.862% (11610/16384)
Loss: 0.822 | Precision@1: 70.858% (11700/16512)
Loss: 0.822 | Precision@1: 70.865% (11792/16640)
Loss: 0.822 | Precision@1: 70.873% (11884/16768)
Loss: 0.822 | Precision@1: 70.928% (11984/16896)
Loss: 0.821 | Precision@1: 70.965% (12081/17024)
Loss: 0.821 | Precision@1: 70.983% (12175/17152)
Loss: 0.821 | Precision@1: 70.966% (12263/17280)
Loss: 0.821 | Precision@1: 70.973% (12355/17408)
Loss: 0.820 | Precision@1: 71.014% (12453/17536)
Loss: 0.820 | Precision@1: 71.043% (12549/17664)
Loss: 0.820 | Precision@1: 71.060% (12643/17792)
Loss: 0.820 | Precision@1: 71.083% (12738/17920)
Loss: 0.822 | Precision@1: 71.000% (12814/18048)
Loss: 0.821 | Precision@1: 71.006% (12906/18176)
Loss: 0.821 | Precision@1: 71.006% (12997/18304)
Loss: 0.820 | Precision@1: 71.067% (13099/18432)
Loss: 0.820 | Precision@1: 71.040% (13185/18560)
Loss: 0.819 | Precision@1: 71.051% (13278/18688)
Loss: 0.820 | Precision@1: 71.035% (13366/18816)
Loss: 0.821 | Precision@1: 70.962% (13443/18944)
Loss: 0.820 | Precision@1: 71.031% (13547/19072)
Loss: 0.820 | Precision@1: 71.031% (13638/19200)
Loss: 0.819 | Precision@1: 71.083% (13739/19328)
Loss: 0.818 | Precision@1: 71.104% (13834/19456)
Loss: 0.818 | Precision@1: 71.078% (13920/19584)
Loss: 0.819 | Precision@1: 71.058% (14007/19712)
Loss: 0.818 | Precision@1: 71.084% (14103/19840)
Loss: 0.818 | Precision@1: 71.074% (14192/19968)
Loss: 0.819 | Precision@1: 71.044% (14277/20096)
Loss: 0.818 | Precision@1: 71.064% (14372/20224)
Loss: 0.818 | Precision@1: 71.040% (14458/20352)
Loss: 0.818 | Precision@1: 71.045% (14550/20480)
Loss: 0.818 | Precision@1: 71.074% (14647/20608)
Loss: 0.818 | Precision@1: 71.050% (14733/20736)
Loss: 0.818 | Precision@1: 71.094% (14833/20864)
Loss: 0.817 | Precision@1: 71.122% (14930/20992)
Loss: 0.816 | Precision@1: 71.160% (15029/21120)
Loss: 0.816 | Precision@1: 71.169% (15122/21248)
Loss: 0.816 | Precision@1: 71.187% (15217/21376)
Loss: 0.815 | Precision@1: 71.219% (15315/21504)
Loss: 0.815 | Precision@1: 71.232% (15409/21632)
Loss: 0.814 | Precision@1: 71.291% (15513/21760)
Loss: 0.812 | Precision@1: 71.340% (15615/21888)
Loss: 0.812 | Precision@1: 71.357% (15710/22016)
Loss: 0.812 | Precision@1: 71.356% (15801/22144)
Loss: 0.812 | Precision@1: 71.372% (15896/22272)
Loss: 0.813 | Precision@1: 71.348% (15982/22400)
Loss: 0.812 | Precision@1: 71.378% (16080/22528)
Loss: 0.811 | Precision@1: 71.394% (16175/22656)
Loss: 0.811 | Precision@1: 71.419% (16272/22784)
Loss: 0.812 | Precision@1: 71.404% (16360/22912)
Loss: 0.813 | Precision@1: 71.350% (16439/23040)
Loss: 0.812 | Precision@1: 71.370% (16535/23168)
Loss: 0.812 | Precision@1: 71.381% (16629/23296)
Loss: 0.813 | Precision@1: 71.367% (16717/23424)
Loss: 0.812 | Precision@1: 71.382% (16812/23552)
Loss: 0.811 | Precision@1: 71.427% (16914/23680)
Loss: 0.811 | Precision@1: 71.447% (17010/23808)
Loss: 0.812 | Precision@1: 71.390% (17088/23936)
Loss: 0.812 | Precision@1: 71.368% (17174/24064)
Loss: 0.811 | Precision@1: 71.379% (17268/24192)
Loss: 0.810 | Precision@1: 71.394% (17363/24320)
Loss: 0.811 | Precision@1: 71.364% (17447/24448)
Loss: 0.811 | Precision@1: 71.395% (17546/24576)
Loss: 0.810 | Precision@1: 71.418% (17643/24704)
Loss: 0.810 | Precision@1: 71.460% (17745/24832)
Loss: 0.809 | Precision@1: 71.494% (17845/24960)
Loss: 0.808 | Precision@1: 71.532% (17946/25088)
Loss: 0.808 | Precision@1: 71.534% (18038/25216)
Loss: 0.808 | Precision@1: 71.532% (18129/25344)
Loss: 0.809 | Precision@1: 71.486% (18209/25472)
Loss: 0.809 | Precision@1: 71.516% (18308/25600)
Loss: 0.808 | Precision@1: 71.521% (18401/25728)
Loss: 0.808 | Precision@1: 71.542% (18498/25856)
Loss: 0.808 | Precision@1: 71.548% (18591/25984)
Loss: 0.808 | Precision@1: 71.546% (18682/26112)
Loss: 0.807 | Precision@1: 71.566% (18779/26240)
Loss: 0.808 | Precision@1: 71.541% (18864/26368)
Loss: 0.808 | Precision@1: 71.562% (18961/26496)
Loss: 0.807 | Precision@1: 71.582% (19058/26624)
Loss: 0.807 | Precision@1: 71.591% (19152/26752)
Loss: 0.806 | Precision@1: 71.644% (19258/26880)
Loss: 0.806 | Precision@1: 71.645% (19350/27008)
Loss: 0.806 | Precision@1: 71.650% (19443/27136)
Loss: 0.806 | Precision@1: 71.648% (19534/27264)
Loss: 0.806 | Precision@1: 71.671% (19632/27392)
Loss: 0.806 | Precision@1: 71.657% (19720/27520)
Loss: 0.806 | Precision@1: 71.665% (19814/27648)
Loss: 0.806 | Precision@1: 71.688% (19912/27776)
Loss: 0.805 | Precision@1: 71.707% (20009/27904)
Loss: 0.805 | Precision@1: 71.707% (20101/28032)
Loss: 0.805 | Precision@1: 71.729% (20199/28160)
Loss: 0.804 | Precision@1: 71.741% (20294/28288)
Loss: 0.805 | Precision@1: 71.713% (20378/28416)
Loss: 0.804 | Precision@1: 71.721% (20472/28544)
Loss: 0.805 | Precision@1: 71.718% (20563/28672)
Loss: 0.805 | Precision@1: 71.719% (20655/28800)
Loss: 0.804 | Precision@1: 71.744% (20754/28928)
Loss: 0.804 | Precision@1: 71.748% (20847/29056)
Loss: 0.804 | Precision@1: 71.745% (20938/29184)
Loss: 0.803 | Precision@1: 71.745% (21030/29312)
Loss: 0.804 | Precision@1: 71.749% (21123/29440)
Loss: 0.803 | Precision@1: 71.757% (21217/29568)
Loss: 0.804 | Precision@1: 71.730% (21301/29696)
Loss: 0.804 | Precision@1: 71.744% (21397/29824)
Loss: 0.804 | Precision@1: 71.761% (21494/29952)
Loss: 0.803 | Precision@1: 71.779% (21591/30080)
Loss: 0.803 | Precision@1: 71.762% (21678/30208)
Loss: 0.803 | Precision@1: 71.793% (21779/30336)
Loss: 0.803 | Precision@1: 71.790% (21870/30464)
Loss: 0.803 | Precision@1: 71.783% (21960/30592)
Loss: 0.802 | Precision@1: 71.807% (22059/30720)
Loss: 0.801 | Precision@1: 71.833% (22159/30848)
Loss: 0.801 | Precision@1: 71.839% (22253/30976)
Loss: 0.800 | Precision@1: 71.881% (22358/31104)
Loss: 0.800 | Precision@1: 71.888% (22452/31232)
Loss: 0.799 | Precision@1: 71.907% (22550/31360)
Loss: 0.799 | Precision@1: 71.919% (22646/31488)
Loss: 0.799 | Precision@1: 71.922% (22739/31616)
Loss: 0.798 | Precision@1: 71.947% (22839/31744)
Loss: 0.798 | Precision@1: 71.941% (22929/31872)
Loss: 0.798 | Precision@1: 71.919% (23014/32000)
Loss: 0.799 | Precision@1: 71.881% (23094/32128)
Loss: 0.800 | Precision@1: 71.872% (23183/32256)
Loss: 0.800 | Precision@1: 71.866% (23273/32384)
Loss: 0.799 | Precision@1: 71.878% (23369/32512)
Loss: 0.799 | Precision@1: 71.903% (23469/32640)
Loss: 0.798 | Precision@1: 71.927% (23569/32768)
Loss: 0.798 | Precision@1: 71.933% (23663/32896)
Loss: 0.798 | Precision@1: 71.926% (23753/33024)
Loss: 0.798 | Precision@1: 71.950% (23853/33152)
Loss: 0.797 | Precision@1: 71.977% (23954/33280)
Loss: 0.797 | Precision@1: 72.001% (24054/33408)
Loss: 0.798 | Precision@1: 72.000% (24146/33536)
Loss: 0.798 | Precision@1: 71.985% (24233/33664)
Loss: 0.797 | Precision@1: 72.014% (24335/33792)
Loss: 0.797 | Precision@1: 72.019% (24429/33920)
Loss: 0.797 | Precision@1: 72.028% (24524/34048)
Loss: 0.797 | Precision@1: 72.007% (24609/34176)
Loss: 0.797 | Precision@1: 72.012% (24703/34304)
Loss: 0.796 | Precision@1: 72.032% (24802/34432)
Loss: 0.796 | Precision@1: 72.031% (24894/34560)
Loss: 0.797 | Precision@1: 72.016% (24981/34688)
Loss: 0.797 | Precision@1: 72.004% (25069/34816)
Loss: 0.797 | Precision@1: 71.995% (25158/34944)
Loss: 0.797 | Precision@1: 72.009% (25255/35072)
Loss: 0.797 | Precision@1: 72.020% (25351/35200)
Loss: 0.797 | Precision@1: 72.017% (25442/35328)
Loss: 0.797 | Precision@1: 72.016% (25534/35456)
Loss: 0.796 | Precision@1: 72.032% (25632/35584)
Loss: 0.796 | Precision@1: 72.049% (25730/35712)
Loss: 0.795 | Precision@1: 72.068% (25829/35840)
Loss: 0.795 | Precision@1: 72.084% (25927/35968)
Loss: 0.794 | Precision@1: 72.099% (26025/36096)
Loss: 0.795 | Precision@1: 72.085% (26112/36224)
Loss: 0.794 | Precision@1: 72.095% (26208/36352)
Loss: 0.795 | Precision@1: 72.081% (26295/36480)
Loss: 0.794 | Precision@1: 72.094% (26392/36608)
Loss: 0.795 | Precision@1: 72.082% (26480/36736)
Loss: 0.795 | Precision@1: 72.068% (26567/36864)
Loss: 0.794 | Precision@1: 72.059% (26656/36992)
Loss: 0.795 | Precision@1: 72.053% (26746/37120)
Loss: 0.794 | Precision@1: 72.058% (26840/37248)
Loss: 0.794 | Precision@1: 72.052% (26930/37376)
Loss: 0.795 | Precision@1: 72.054% (27023/37504)
Loss: 0.794 | Precision@1: 72.064% (27119/37632)
Loss: 0.794 | Precision@1: 72.076% (27216/37760)
Loss: 0.795 | Precision@1: 72.057% (27301/37888)
Loss: 0.795 | Precision@1: 72.059% (27394/38016)
Loss: 0.795 | Precision@1: 72.059% (27486/38144)
Loss: 0.794 | Precision@1: 72.092% (27591/38272)
Loss: 0.794 | Precision@1: 72.107% (27689/38400)
Loss: 0.794 | Precision@1: 72.101% (27779/38528)
Loss: 0.793 | Precision@1: 72.123% (27880/38656)
Loss: 0.793 | Precision@1: 72.135% (27977/38784)
Loss: 0.793 | Precision@1: 72.160% (28079/38912)
Loss: 0.793 | Precision@1: 72.170% (28175/39040)
Loss: 0.792 | Precision@1: 72.186% (28274/39168)
Loss: 0.792 | Precision@1: 72.211% (28376/39296)
Loss: 0.792 | Precision@1: 72.212% (28469/39424)
Loss: 0.791 | Precision@1: 72.219% (28564/39552)
Loss: 0.792 | Precision@1: 72.210% (28653/39680)
Loss: 0.792 | Precision@1: 72.217% (28748/39808)
Loss: 0.791 | Precision@1: 72.228% (28845/39936)
Loss: 0.791 | Precision@1: 72.229% (28938/40064)
Loss: 0.791 | Precision@1: 72.243% (29036/40192)
Loss: 0.790 | Precision@1: 72.274% (29141/40320)
Loss: 0.790 | Precision@1: 72.280% (29236/40448)
Loss: 0.790 | Precision@1: 72.287% (29331/40576)
Loss: 0.790 | Precision@1: 72.307% (29432/40704)
Loss: 0.789 | Precision@1: 72.308% (29525/40832)
Loss: 0.789 | Precision@1: 72.322% (29623/40960)
Loss: 0.788 | Precision@1: 72.342% (29724/41088)
Loss: 0.789 | Precision@1: 72.334% (29813/41216)
Loss: 0.789 | Precision@1: 72.335% (29906/41344)
Loss: 0.789 | Precision@1: 72.348% (30004/41472)
Loss: 0.788 | Precision@1: 72.358% (30101/41600)
Loss: 0.788 | Precision@1: 72.361% (30195/41728)
Loss: 0.788 | Precision@1: 72.384% (30297/41856)
Loss: 0.787 | Precision@1: 72.409% (30400/41984)
Loss: 0.787 | Precision@1: 72.424% (30499/42112)
Loss: 0.787 | Precision@1: 72.429% (30594/42240)
Loss: 0.786 | Precision@1: 72.437% (30690/42368)
Loss: 0.786 | Precision@1: 72.456% (30791/42496)
Loss: 0.786 | Precision@1: 72.476% (30892/42624)
Loss: 0.785 | Precision@1: 72.478% (30986/42752)
Loss: 0.786 | Precision@1: 72.467% (31074/42880)
Loss: 0.785 | Precision@1: 72.484% (31174/43008)
Loss: 0.785 | Precision@1: 72.492% (31270/43136)
Loss: 0.784 | Precision@1: 72.501% (31367/43264)
Loss: 0.784 | Precision@1: 72.511% (31464/43392)
Loss: 0.784 | Precision@1: 72.521% (31561/43520)
Loss: 0.784 | Precision@1: 72.521% (31654/43648)
Loss: 0.784 | Precision@1: 72.526% (31749/43776)
Loss: 0.784 | Precision@1: 72.540% (31848/43904)
Loss: 0.784 | Precision@1: 72.509% (31927/44032)
Loss: 0.784 | Precision@1: 72.509% (32020/44160)
Loss: 0.784 | Precision@1: 72.498% (32108/44288)
Loss: 0.784 | Precision@1: 72.494% (32199/44416)
Loss: 0.784 | Precision@1: 72.510% (32299/44544)
Loss: 0.784 | Precision@1: 72.517% (32395/44672)
Loss: 0.784 | Precision@1: 72.520% (32489/44800)
Loss: 0.783 | Precision@1: 72.552% (32596/44928)
Loss: 0.783 | Precision@1: 72.554% (32690/45056)
Loss: 0.783 | Precision@1: 72.552% (32782/45184)
Loss: 0.783 | Precision@1: 72.566% (32881/45312)
Loss: 0.782 | Precision@1: 72.581% (32981/45440)
Loss: 0.782 | Precision@1: 72.579% (33073/45568)
Loss: 0.781 | Precision@1: 72.593% (33172/45696)
Loss: 0.782 | Precision@1: 72.582% (33260/45824)
Loss: 0.782 | Precision@1: 72.578% (33351/45952)
Loss: 0.781 | Precision@1: 72.582% (33446/46080)
Loss: 0.781 | Precision@1: 72.598% (33546/46208)
Loss: 0.781 | Precision@1: 72.594% (33637/46336)
Loss: 0.781 | Precision@1: 72.579% (33723/46464)
Loss: 0.781 | Precision@1: 72.577% (33815/46592)
Loss: 0.782 | Precision@1: 72.562% (33901/46720)
Loss: 0.781 | Precision@1: 72.579% (34002/46848)
Loss: 0.781 | Precision@1: 72.609% (34109/46976)
Loss: 0.781 | Precision@1: 72.610% (34202/47104)
Loss: 0.781 | Precision@1: 72.622% (34301/47232)
Loss: 0.781 | Precision@1: 72.627% (34396/47360)
Loss: 0.781 | Precision@1: 72.618% (34485/47488)
Loss: 0.781 | Precision@1: 72.618% (34578/47616)
Loss: 0.781 | Precision@1: 72.616% (34670/47744)
Loss: 0.781 | Precision@1: 72.627% (34768/47872)
Loss: 0.781 | Precision@1: 72.642% (34868/48000)
Loss: 0.780 | Precision@1: 72.656% (34968/48128)
Loss: 0.781 | Precision@1: 72.642% (35054/48256)
Loss: 0.781 | Precision@1: 72.646% (35149/48384)
Loss: 0.780 | Precision@1: 72.652% (35245/48512)
Loss: 0.780 | Precision@1: 72.667% (35345/48640)
Loss: 0.780 | Precision@1: 72.677% (35443/48768)
Loss: 0.780 | Precision@1: 72.687% (35541/48896)
Loss: 0.780 | Precision@1: 72.683% (35632/49024)
Loss: 0.780 | Precision@1: 72.685% (35726/49152)
Loss: 0.780 | Precision@1: 72.683% (35818/49280)
Loss: 0.780 | Precision@1: 72.679% (35909/49408)
Loss: 0.780 | Precision@1: 72.689% (36007/49536)
Loss: 0.779 | Precision@1: 72.692% (36102/49664)
Loss: 0.779 | Precision@1: 72.706% (36202/49792)
Loss: 0.779 | Precision@1: 72.706% (36295/49920)
Loss: 0.779 | Precision@1: 72.716% (36358/50000)

Aggregates: 			
 	 DataLoader Time: 0.3604 			
 	 Mini-batch Time: 12.2984 			
 	 Training Epoch Time: 29.8750
 			
 Averages: 			
 	 Training Loss: 0.7786

 Test set Averages: Loss: 0.879 | Precision@1: 70.640% (7064/10000)
Average dataloader time is 0.36
