model name	: Intel(R) Xeon(R) Gold 6152 CPU @ 2.10GHz
Tue Oct 29 18:53:56 2019       
+-----------------------------------------------------------------------------+
| NVIDIA-SMI 418.74       Driver Version: 418.74       CUDA Version: 10.1     |
|-------------------------------+----------------------+----------------------+
| GPU  Name        Persistence-M| Bus-Id        Disp.A | Volatile Uncorr. ECC |
| Fan  Temp  Perf  Pwr:Usage/Cap|         Memory-Usage | GPU-Util  Compute M. |
|===============================+======================+======================|
|   0  GeForce RTX 208...  On   | 00000000:3B:00.0 Off |                  N/A |
| 34%   48C    P2    77W / 250W |    990MiB / 10989MiB |      6%      Default |
+-------------------------------+----------------------+----------------------+
                                                                               
+-----------------------------------------------------------------------------+
| Processes:                                                       GPU Memory |
|  GPU       PID   Type   Process name                             Usage      |
|=============================================================================|
|    0    253562      C   python3                                      979MiB |
+-----------------------------------------------------------------------------+
Files already downloaded and verified
Files already downloaded and verified

Epoch: 0
Loss: 2.382 | Precision@1: 14.844% (19/128)
Loss: 2.728 | Precision@1: 12.500% (32/256)
Loss: 3.223 | Precision@1: 11.198% (43/384)
Loss: 4.043 | Precision@1: 11.328% (58/512)
Loss: 4.670 | Precision@1: 11.094% (71/640)
Loss: 4.818 | Precision@1: 10.938% (84/768)
Loss: 4.997 | Precision@1: 11.049% (99/896)
Loss: 5.290 | Precision@1: 10.742% (110/1024)
Loss: 5.130 | Precision@1: 11.024% (127/1152)
Loss: 5.038 | Precision@1: 11.641% (149/1280)
Loss: 4.974 | Precision@1: 11.364% (160/1408)
Loss: 5.061 | Precision@1: 11.393% (175/1536)
Loss: 4.923 | Precision@1: 11.118% (185/1664)
Loss: 4.764 | Precision@1: 11.161% (200/1792)
Loss: 4.644 | Precision@1: 11.146% (214/1920)
Loss: 4.578 | Precision@1: 11.328% (232/2048)
Loss: 4.477 | Precision@1: 11.259% (245/2176)
Loss: 4.398 | Precision@1: 11.328% (261/2304)
Loss: 4.314 | Precision@1: 11.184% (272/2432)
Loss: 4.227 | Precision@1: 11.094% (284/2560)
Loss: 4.164 | Precision@1: 11.049% (297/2688)
Loss: 4.115 | Precision@1: 11.293% (318/2816)
Loss: 4.053 | Precision@1: 11.481% (338/2944)
Loss: 4.043 | Precision@1: 11.230% (345/3072)
Loss: 3.981 | Precision@1: 11.156% (357/3200)
Loss: 3.916 | Precision@1: 11.178% (372/3328)
Loss: 3.869 | Precision@1: 10.938% (378/3456)
Loss: 3.818 | Precision@1: 10.965% (393/3584)
Loss: 3.772 | Precision@1: 10.991% (408/3712)
Loss: 3.726 | Precision@1: 11.042% (424/3840)
Loss: 3.685 | Precision@1: 11.013% (437/3968)
Loss: 3.643 | Precision@1: 11.011% (451/4096)
Loss: 3.603 | Precision@1: 10.961% (463/4224)
Loss: 3.564 | Precision@1: 10.983% (478/4352)
Loss: 3.529 | Precision@1: 11.049% (495/4480)
Loss: 3.498 | Precision@1: 11.068% (510/4608)
Loss: 3.468 | Precision@1: 11.043% (523/4736)
Loss: 3.441 | Precision@1: 10.999% (535/4864)
Loss: 3.411 | Precision@1: 11.038% (551/4992)
Loss: 3.382 | Precision@1: 11.055% (566/5120)
Loss: 3.372 | Precision@1: 11.147% (585/5248)
Loss: 3.347 | Precision@1: 11.235% (604/5376)
Loss: 3.323 | Precision@1: 11.501% (633/5504)
Loss: 3.298 | Precision@1: 11.630% (655/5632)
Loss: 3.283 | Precision@1: 11.615% (669/5760)
Loss: 3.271 | Precision@1: 11.736% (691/5888)
Loss: 3.261 | Precision@1: 11.735% (706/6016)
Loss: 3.241 | Precision@1: 11.735% (721/6144)
Loss: 3.223 | Precision@1: 11.846% (743/6272)
Loss: 3.204 | Precision@1: 11.859% (759/6400)
Loss: 3.188 | Precision@1: 11.903% (777/6528)
Loss: 3.168 | Precision@1: 12.004% (799/6656)
Loss: 3.149 | Precision@1: 12.146% (824/6784)
Loss: 3.131 | Precision@1: 12.341% (853/6912)
Loss: 3.121 | Precision@1: 12.372% (871/7040)
Loss: 3.109 | Precision@1: 12.556% (900/7168)
Loss: 3.096 | Precision@1: 12.719% (928/7296)
Loss: 3.083 | Precision@1: 12.742% (946/7424)
Loss: 3.067 | Precision@1: 12.738% (962/7552)
Loss: 3.051 | Precision@1: 12.865% (988/7680)
Loss: 3.037 | Precision@1: 12.987% (1014/7808)
Loss: 3.023 | Precision@1: 13.092% (1039/7936)
Loss: 3.010 | Precision@1: 13.170% (1062/8064)
Loss: 2.997 | Precision@1: 13.220% (1083/8192)
Loss: 2.986 | Precision@1: 13.257% (1103/8320)
Loss: 2.974 | Precision@1: 13.269% (1121/8448)
Loss: 2.962 | Precision@1: 13.398% (1149/8576)
Loss: 2.949 | Precision@1: 13.545% (1179/8704)
Loss: 2.934 | Precision@1: 13.745% (1214/8832)
Loss: 2.923 | Precision@1: 13.817% (1238/8960)
Loss: 2.913 | Precision@1: 13.875% (1261/9088)
Loss: 2.901 | Precision@1: 14.041% (1294/9216)
Loss: 2.891 | Precision@1: 14.159% (1323/9344)
Loss: 2.879 | Precision@1: 14.348% (1359/9472)
Loss: 2.869 | Precision@1: 14.406% (1383/9600)
Loss: 2.860 | Precision@1: 14.422% (1403/9728)
Loss: 2.851 | Precision@1: 14.509% (1430/9856)
Loss: 2.842 | Precision@1: 14.553% (1453/9984)
Loss: 2.831 | Precision@1: 14.686% (1485/10112)
Loss: 2.822 | Precision@1: 14.795% (1515/10240)
Loss: 2.813 | Precision@1: 14.853% (1540/10368)
Loss: 2.804 | Precision@1: 14.929% (1567/10496)
Loss: 2.797 | Precision@1: 14.910% (1584/10624)
Loss: 2.789 | Precision@1: 15.011% (1614/10752)
Loss: 2.780 | Precision@1: 15.147% (1648/10880)
Loss: 2.772 | Precision@1: 15.280% (1682/11008)
Loss: 2.763 | Precision@1: 15.356% (1710/11136)
Loss: 2.755 | Precision@1: 15.474% (1743/11264)
Loss: 2.748 | Precision@1: 15.511% (1767/11392)
Loss: 2.739 | Precision@1: 15.582% (1795/11520)
Loss: 2.732 | Precision@1: 15.694% (1828/11648)
Loss: 2.723 | Precision@1: 15.803% (1861/11776)
Loss: 2.716 | Precision@1: 15.835% (1885/11904)
Loss: 2.710 | Precision@1: 15.858% (1908/12032)
Loss: 2.702 | Precision@1: 16.012% (1947/12160)
Loss: 2.696 | Precision@1: 16.064% (1974/12288)
Loss: 2.689 | Precision@1: 16.108% (2000/12416)
Loss: 2.682 | Precision@1: 16.215% (2034/12544)
Loss: 2.678 | Precision@1: 16.225% (2056/12672)
Loss: 2.671 | Precision@1: 16.367% (2095/12800)
Loss: 2.664 | Precision@1: 16.484% (2131/12928)
Loss: 2.658 | Precision@1: 16.552% (2161/13056)
Loss: 2.651 | Precision@1: 16.679% (2199/13184)
Loss: 2.645 | Precision@1: 16.737% (2228/13312)
Loss: 2.639 | Precision@1: 16.868% (2267/13440)
Loss: 2.633 | Precision@1: 16.952% (2300/13568)
Loss: 2.627 | Precision@1: 17.012% (2330/13696)
Loss: 2.621 | Precision@1: 17.093% (2363/13824)
Loss: 2.614 | Precision@1: 17.173% (2396/13952)
Loss: 2.609 | Precision@1: 17.237% (2427/14080)
Loss: 2.603 | Precision@1: 17.335% (2463/14208)
Loss: 2.596 | Precision@1: 17.460% (2503/14336)
Loss: 2.591 | Precision@1: 17.526% (2535/14464)
Loss: 2.585 | Precision@1: 17.599% (2568/14592)
Loss: 2.580 | Precision@1: 17.656% (2599/14720)
Loss: 2.574 | Precision@1: 17.807% (2644/14848)
Loss: 2.569 | Precision@1: 17.895% (2680/14976)
Loss: 2.563 | Precision@1: 17.995% (2718/15104)
Loss: 2.558 | Precision@1: 18.061% (2751/15232)
Loss: 2.552 | Precision@1: 18.223% (2799/15360)
Loss: 2.547 | Precision@1: 18.285% (2832/15488)
Loss: 2.542 | Precision@1: 18.366% (2868/15616)
Loss: 2.538 | Precision@1: 18.407% (2898/15744)
Loss: 2.534 | Precision@1: 18.454% (2929/15872)
Loss: 2.528 | Precision@1: 18.581% (2973/16000)
Loss: 2.523 | Precision@1: 18.626% (3004/16128)
Loss: 2.519 | Precision@1: 18.688% (3038/16256)
Loss: 2.515 | Precision@1: 18.817% (3083/16384)
Loss: 2.510 | Precision@1: 18.889% (3119/16512)
Loss: 2.506 | Precision@1: 18.930% (3150/16640)
Loss: 2.501 | Precision@1: 19.042% (3193/16768)
Loss: 2.497 | Precision@1: 19.135% (3233/16896)
Loss: 2.494 | Precision@1: 19.161% (3262/17024)
Loss: 2.490 | Precision@1: 19.216% (3296/17152)
Loss: 2.485 | Precision@1: 19.265% (3329/17280)
Loss: 2.482 | Precision@1: 19.324% (3364/17408)
Loss: 2.479 | Precision@1: 19.320% (3388/17536)
Loss: 2.474 | Precision@1: 19.390% (3425/17664)
Loss: 2.470 | Precision@1: 19.447% (3460/17792)
Loss: 2.466 | Precision@1: 19.526% (3499/17920)
Loss: 2.463 | Precision@1: 19.581% (3534/18048)
Loss: 2.459 | Precision@1: 19.658% (3573/18176)
Loss: 2.455 | Precision@1: 19.695% (3605/18304)
Loss: 2.451 | Precision@1: 19.781% (3646/18432)
Loss: 2.448 | Precision@1: 19.860% (3686/18560)
Loss: 2.445 | Precision@1: 19.900% (3719/18688)
Loss: 2.441 | Precision@1: 19.925% (3749/18816)
Loss: 2.437 | Precision@1: 19.932% (3776/18944)
Loss: 2.434 | Precision@1: 19.972% (3809/19072)
Loss: 2.431 | Precision@1: 20.010% (3842/19200)
Loss: 2.427 | Precision@1: 20.080% (3881/19328)
Loss: 2.424 | Precision@1: 20.091% (3909/19456)
Loss: 2.421 | Precision@1: 20.149% (3946/19584)
Loss: 2.417 | Precision@1: 20.226% (3987/19712)
Loss: 2.414 | Precision@1: 20.267% (4021/19840)
Loss: 2.410 | Precision@1: 20.353% (4064/19968)
Loss: 2.407 | Precision@1: 20.422% (4104/20096)
Loss: 2.404 | Precision@1: 20.441% (4134/20224)
Loss: 2.400 | Precision@1: 20.504% (4173/20352)
Loss: 2.397 | Precision@1: 20.542% (4207/20480)
Loss: 2.393 | Precision@1: 20.633% (4252/20608)
Loss: 2.390 | Precision@1: 20.669% (4286/20736)
Loss: 2.387 | Precision@1: 20.720% (4323/20864)
Loss: 2.385 | Precision@1: 20.756% (4357/20992)
Loss: 2.382 | Precision@1: 20.795% (4392/21120)
Loss: 2.379 | Precision@1: 20.863% (4433/21248)
Loss: 2.375 | Precision@1: 20.935% (4475/21376)
Loss: 2.372 | Precision@1: 21.001% (4516/21504)
Loss: 2.369 | Precision@1: 21.112% (4567/21632)
Loss: 2.365 | Precision@1: 21.149% (4602/21760)
Loss: 2.363 | Precision@1: 21.176% (4635/21888)
Loss: 2.360 | Precision@1: 21.239% (4676/22016)
Loss: 2.357 | Precision@1: 21.311% (4719/22144)
Loss: 2.355 | Precision@1: 21.341% (4753/22272)
Loss: 2.353 | Precision@1: 21.344% (4781/22400)
Loss: 2.350 | Precision@1: 21.391% (4819/22528)
Loss: 2.347 | Precision@1: 21.465% (4863/22656)
Loss: 2.344 | Precision@1: 21.480% (4894/22784)
Loss: 2.343 | Precision@1: 21.504% (4927/22912)
Loss: 2.340 | Precision@1: 21.523% (4959/23040)
Loss: 2.337 | Precision@1: 21.599% (5004/23168)
Loss: 2.334 | Precision@1: 21.635% (5040/23296)
Loss: 2.331 | Precision@1: 21.691% (5081/23424)
Loss: 2.329 | Precision@1: 21.688% (5108/23552)
Loss: 2.327 | Precision@1: 21.719% (5143/23680)
Loss: 2.325 | Precision@1: 21.720% (5171/23808)
Loss: 2.322 | Precision@1: 21.791% (5216/23936)
Loss: 2.319 | Precision@1: 21.792% (5244/24064)
Loss: 2.317 | Precision@1: 21.850% (5286/24192)
Loss: 2.314 | Precision@1: 21.875% (5320/24320)
Loss: 2.312 | Precision@1: 21.928% (5361/24448)
Loss: 2.309 | Precision@1: 21.985% (5403/24576)
Loss: 2.306 | Precision@1: 22.069% (5452/24704)
Loss: 2.303 | Precision@1: 22.129% (5495/24832)
Loss: 2.300 | Precision@1: 22.192% (5539/24960)
Loss: 2.298 | Precision@1: 22.214% (5573/25088)
Loss: 2.296 | Precision@1: 22.256% (5612/25216)
Loss: 2.294 | Precision@1: 22.281% (5647/25344)
Loss: 2.292 | Precision@1: 22.346% (5692/25472)
Loss: 2.290 | Precision@1: 22.371% (5727/25600)
Loss: 2.288 | Precision@1: 22.423% (5769/25728)
Loss: 2.286 | Precision@1: 22.459% (5807/25856)
Loss: 2.284 | Precision@1: 22.487% (5843/25984)
Loss: 2.282 | Precision@1: 22.503% (5876/26112)
Loss: 2.281 | Precision@1: 22.546% (5916/26240)
Loss: 2.279 | Precision@1: 22.565% (5950/26368)
Loss: 2.276 | Precision@1: 22.619% (5993/26496)
Loss: 2.275 | Precision@1: 22.671% (6036/26624)
Loss: 2.274 | Precision@1: 22.701% (6073/26752)
Loss: 2.273 | Precision@1: 22.727% (6109/26880)
Loss: 2.271 | Precision@1: 22.775% (6151/27008)
Loss: 2.269 | Precision@1: 22.782% (6182/27136)
Loss: 2.267 | Precision@1: 22.840% (6227/27264)
Loss: 2.265 | Precision@1: 22.883% (6268/27392)
Loss: 2.264 | Precision@1: 22.900% (6302/27520)
Loss: 2.261 | Precision@1: 22.924% (6338/27648)
Loss: 2.259 | Precision@1: 22.995% (6387/27776)
Loss: 2.257 | Precision@1: 23.054% (6433/27904)
Loss: 2.255 | Precision@1: 23.070% (6467/28032)
Loss: 2.253 | Precision@1: 23.129% (6513/28160)
Loss: 2.251 | Precision@1: 23.148% (6548/28288)
Loss: 2.249 | Precision@1: 23.174% (6585/28416)
Loss: 2.247 | Precision@1: 23.217% (6627/28544)
Loss: 2.245 | Precision@1: 23.267% (6671/28672)
Loss: 2.242 | Precision@1: 23.316% (6715/28800)
Loss: 2.241 | Precision@1: 23.337% (6751/28928)
Loss: 2.239 | Precision@1: 23.351% (6785/29056)
Loss: 2.237 | Precision@1: 23.424% (6836/29184)
Loss: 2.235 | Precision@1: 23.448% (6873/29312)
Loss: 2.233 | Precision@1: 23.492% (6916/29440)
Loss: 2.231 | Precision@1: 23.542% (6961/29568)
Loss: 2.229 | Precision@1: 23.596% (7007/29696)
Loss: 2.227 | Precision@1: 23.612% (7042/29824)
Loss: 2.225 | Precision@1: 23.631% (7078/29952)
Loss: 2.224 | Precision@1: 23.660% (7117/30080)
Loss: 2.223 | Precision@1: 23.686% (7155/30208)
Loss: 2.221 | Precision@1: 23.718% (7195/30336)
Loss: 2.219 | Precision@1: 23.733% (7230/30464)
Loss: 2.218 | Precision@1: 23.774% (7273/30592)
Loss: 2.217 | Precision@1: 23.789% (7308/30720)
Loss: 2.216 | Precision@1: 23.823% (7349/30848)
Loss: 2.215 | Precision@1: 23.847% (7387/30976)
Loss: 2.213 | Precision@1: 23.907% (7436/31104)
Loss: 2.210 | Precision@1: 23.975% (7488/31232)
Loss: 2.209 | Precision@1: 24.005% (7528/31360)
Loss: 2.206 | Precision@1: 24.069% (7579/31488)
Loss: 2.204 | Precision@1: 24.121% (7626/31616)
Loss: 2.202 | Precision@1: 24.171% (7673/31744)
Loss: 2.200 | Precision@1: 24.203% (7714/31872)
Loss: 2.199 | Precision@1: 24.247% (7759/32000)
Loss: 2.197 | Precision@1: 24.272% (7798/32128)
Loss: 2.196 | Precision@1: 24.299% (7838/32256)
Loss: 2.194 | Precision@1: 24.355% (7887/32384)
Loss: 2.193 | Precision@1: 24.382% (7927/32512)
Loss: 2.191 | Precision@1: 24.390% (7961/32640)
Loss: 2.189 | Precision@1: 24.417% (8001/32768)
Loss: 2.188 | Precision@1: 24.471% (8050/32896)
Loss: 2.186 | Precision@1: 24.516% (8096/33024)
Loss: 2.184 | Precision@1: 24.551% (8139/33152)
Loss: 2.183 | Precision@1: 24.573% (8178/33280)
Loss: 2.182 | Precision@1: 24.596% (8217/33408)
Loss: 2.180 | Precision@1: 24.618% (8256/33536)
Loss: 2.178 | Precision@1: 24.682% (8309/33664)
Loss: 2.178 | Precision@1: 24.672% (8337/33792)
Loss: 2.176 | Precision@1: 24.699% (8378/33920)
Loss: 2.175 | Precision@1: 24.730% (8420/34048)
Loss: 2.173 | Precision@1: 24.798% (8475/34176)
Loss: 2.171 | Precision@1: 24.843% (8522/34304)
Loss: 2.170 | Precision@1: 24.878% (8566/34432)
Loss: 2.168 | Precision@1: 24.913% (8610/34560)
Loss: 2.167 | Precision@1: 24.937% (8650/34688)
Loss: 2.165 | Precision@1: 24.997% (8703/34816)
Loss: 2.163 | Precision@1: 25.054% (8755/34944)
Loss: 2.161 | Precision@1: 25.086% (8798/35072)
Loss: 2.160 | Precision@1: 25.131% (8846/35200)
Loss: 2.158 | Precision@1: 25.159% (8888/35328)
Loss: 2.156 | Precision@1: 25.197% (8934/35456)
Loss: 2.155 | Precision@1: 25.225% (8976/35584)
Loss: 2.153 | Precision@1: 25.294% (9033/35712)
Loss: 2.152 | Precision@1: 25.329% (9078/35840)
Loss: 2.150 | Precision@1: 25.386% (9131/35968)
Loss: 2.149 | Precision@1: 25.452% (9187/36096)
Loss: 2.147 | Precision@1: 25.486% (9232/36224)
Loss: 2.146 | Precision@1: 25.509% (9273/36352)
Loss: 2.145 | Precision@1: 25.554% (9322/36480)
Loss: 2.143 | Precision@1: 25.601% (9372/36608)
Loss: 2.142 | Precision@1: 25.623% (9413/36736)
Loss: 2.140 | Precision@1: 25.648% (9455/36864)
Loss: 2.139 | Precision@1: 25.697% (9506/36992)
Loss: 2.137 | Precision@1: 25.746% (9557/37120)
Loss: 2.136 | Precision@1: 25.760% (9595/37248)
Loss: 2.135 | Precision@1: 25.800% (9643/37376)
Loss: 2.134 | Precision@1: 25.816% (9682/37504)
Loss: 2.132 | Precision@1: 25.840% (9724/37632)
Loss: 2.131 | Precision@1: 25.877% (9771/37760)
Loss: 2.129 | Precision@1: 25.926% (9823/37888)
Loss: 2.128 | Precision@1: 25.960% (9869/38016)
Loss: 2.126 | Precision@1: 25.994% (9915/38144)
Loss: 2.125 | Precision@1: 26.011% (9955/38272)
Loss: 2.124 | Precision@1: 26.065% (10009/38400)
Loss: 2.122 | Precision@1: 26.100% (10056/38528)
Loss: 2.120 | Precision@1: 26.151% (10109/38656)
Loss: 2.119 | Precision@1: 26.173% (10151/38784)
Loss: 2.118 | Precision@1: 26.195% (10193/38912)
Loss: 2.116 | Precision@1: 26.245% (10246/39040)
Loss: 2.115 | Precision@1: 26.266% (10288/39168)
Loss: 2.114 | Precision@1: 26.295% (10333/39296)
Loss: 2.112 | Precision@1: 26.334% (10382/39424)
Loss: 2.110 | Precision@1: 26.370% (10430/39552)
Loss: 2.109 | Precision@1: 26.419% (10483/39680)
Loss: 2.107 | Precision@1: 26.467% (10536/39808)
Loss: 2.106 | Precision@1: 26.497% (10582/39936)
Loss: 2.105 | Precision@1: 26.518% (10624/40064)
Loss: 2.103 | Precision@1: 26.553% (10672/40192)
Loss: 2.102 | Precision@1: 26.582% (10718/40320)
Loss: 2.101 | Precision@1: 26.607% (10762/40448)
Loss: 2.099 | Precision@1: 26.641% (10810/40576)
Loss: 2.098 | Precision@1: 26.666% (10854/40704)
Loss: 2.097 | Precision@1: 26.683% (10895/40832)
Loss: 2.096 | Precision@1: 26.699% (10936/40960)
Loss: 2.095 | Precision@1: 26.706% (10973/41088)
Loss: 2.094 | Precision@1: 26.715% (11011/41216)
Loss: 2.093 | Precision@1: 26.744% (11057/41344)
Loss: 2.092 | Precision@1: 26.765% (11100/41472)
Loss: 2.091 | Precision@1: 26.796% (11147/41600)
Loss: 2.090 | Precision@1: 26.824% (11193/41728)
Loss: 2.089 | Precision@1: 26.861% (11243/41856)
Loss: 2.087 | Precision@1: 26.915% (11300/41984)
Loss: 2.085 | Precision@1: 26.985% (11364/42112)
Loss: 2.084 | Precision@1: 27.010% (11409/42240)
Loss: 2.083 | Precision@1: 27.070% (11469/42368)
Loss: 2.082 | Precision@1: 27.099% (11516/42496)
Loss: 2.081 | Precision@1: 27.107% (11554/42624)
Loss: 2.080 | Precision@1: 27.131% (11599/42752)
Loss: 2.079 | Precision@1: 27.174% (11652/42880)
Loss: 2.078 | Precision@1: 27.181% (11690/43008)
Loss: 2.077 | Precision@1: 27.186% (11727/43136)
Loss: 2.076 | Precision@1: 27.228% (11780/43264)
Loss: 2.075 | Precision@1: 27.215% (11809/43392)
Loss: 2.074 | Precision@1: 27.233% (11852/43520)
Loss: 2.073 | Precision@1: 27.259% (11898/43648)
Loss: 2.072 | Precision@1: 27.291% (11947/43776)
Loss: 2.071 | Precision@1: 27.328% (11998/43904)
Loss: 2.070 | Precision@1: 27.369% (12051/44032)
Loss: 2.068 | Precision@1: 27.414% (12106/44160)
Loss: 2.068 | Precision@1: 27.434% (12150/44288)
Loss: 2.067 | Precision@1: 27.463% (12198/44416)
Loss: 2.065 | Precision@1: 27.487% (12244/44544)
Loss: 2.064 | Precision@1: 27.512% (12290/44672)
Loss: 2.063 | Precision@1: 27.562% (12348/44800)
Loss: 2.062 | Precision@1: 27.591% (12396/44928)
Loss: 2.061 | Precision@1: 27.606% (12438/45056)
Loss: 2.060 | Precision@1: 27.638% (12488/45184)
Loss: 2.059 | Precision@1: 27.653% (12530/45312)
Loss: 2.058 | Precision@1: 27.700% (12587/45440)
Loss: 2.057 | Precision@1: 27.721% (12632/45568)
Loss: 2.056 | Precision@1: 27.733% (12673/45696)
Loss: 2.055 | Precision@1: 27.767% (12724/45824)
Loss: 2.054 | Precision@1: 27.792% (12771/45952)
Loss: 2.053 | Precision@1: 27.823% (12821/46080)
Loss: 2.052 | Precision@1: 27.846% (12867/46208)
Loss: 2.051 | Precision@1: 27.881% (12919/46336)
Loss: 2.050 | Precision@1: 27.895% (12961/46464)
Loss: 2.049 | Precision@1: 27.925% (13011/46592)
Loss: 2.048 | Precision@1: 27.939% (13053/46720)
Loss: 2.047 | Precision@1: 27.978% (13107/46848)
Loss: 2.046 | Precision@1: 28.016% (13161/46976)
Loss: 2.045 | Precision@1: 28.046% (13211/47104)
Loss: 2.044 | Precision@1: 28.051% (13249/47232)
Loss: 2.043 | Precision@1: 28.064% (13291/47360)
Loss: 2.043 | Precision@1: 28.091% (13340/47488)
Loss: 2.042 | Precision@1: 28.114% (13387/47616)
Loss: 2.040 | Precision@1: 28.161% (13445/47744)
Loss: 2.039 | Precision@1: 28.173% (13487/47872)
Loss: 2.038 | Precision@1: 28.188% (13530/48000)
Loss: 2.037 | Precision@1: 28.239% (13591/48128)
Loss: 2.036 | Precision@1: 28.251% (13633/48256)
Loss: 2.035 | Precision@1: 28.278% (13682/48384)
Loss: 2.035 | Precision@1: 28.282% (13720/48512)
Loss: 2.034 | Precision@1: 28.304% (13767/48640)
Loss: 2.033 | Precision@1: 28.336% (13819/48768)
Loss: 2.032 | Precision@1: 28.346% (13860/48896)
Loss: 2.031 | Precision@1: 28.378% (13912/49024)
Loss: 2.031 | Precision@1: 28.400% (13959/49152)
Loss: 2.030 | Precision@1: 28.415% (14003/49280)
Loss: 2.029 | Precision@1: 28.420% (14042/49408)
Loss: 2.028 | Precision@1: 28.450% (14093/49536)
Loss: 2.027 | Precision@1: 28.457% (14133/49664)
Loss: 2.026 | Precision@1: 28.480% (14181/49792)
Loss: 2.025 | Precision@1: 28.482% (14218/49920)
Loss: 2.024 | Precision@1: 28.496% (14248/50000)

Aggregates: 			
 	 DataLoader Time: 0.3706 			
 	 Mini-batch Time: 12.4775 			
 	 Training Epoch Time: 30.3997
 			
 Averages: 			
 	 Training Loss: 2.0244

 Test set Averages: Loss: 1.702 | Precision@1: 36.090% (3609/10000)

Epoch: 1
Loss: 1.869 | Precision@1: 33.594% (43/128)
Loss: 1.756 | Precision@1: 37.109% (95/256)
Loss: 1.699 | Precision@1: 36.198% (139/384)
Loss: 1.669 | Precision@1: 38.086% (195/512)
Loss: 1.673 | Precision@1: 38.438% (246/640)
Loss: 1.657 | Precision@1: 38.802% (298/768)
Loss: 1.674 | Precision@1: 38.170% (342/896)
Loss: 1.674 | Precision@1: 38.281% (392/1024)
Loss: 1.662 | Precision@1: 38.976% (449/1152)
Loss: 1.657 | Precision@1: 39.219% (502/1280)
Loss: 1.654 | Precision@1: 39.489% (556/1408)
Loss: 1.646 | Precision@1: 39.323% (604/1536)
Loss: 1.657 | Precision@1: 39.002% (649/1664)
Loss: 1.667 | Precision@1: 38.560% (691/1792)
Loss: 1.657 | Precision@1: 39.219% (753/1920)
Loss: 1.654 | Precision@1: 39.258% (804/2048)
Loss: 1.663 | Precision@1: 38.787% (844/2176)
Loss: 1.667 | Precision@1: 38.802% (894/2304)
Loss: 1.658 | Precision@1: 39.021% (949/2432)
Loss: 1.668 | Precision@1: 38.555% (987/2560)
Loss: 1.669 | Precision@1: 38.728% (1041/2688)
Loss: 1.666 | Precision@1: 38.956% (1097/2816)
Loss: 1.661 | Precision@1: 38.927% (1146/2944)
Loss: 1.658 | Precision@1: 39.225% (1205/3072)
Loss: 1.660 | Precision@1: 39.125% (1252/3200)
Loss: 1.663 | Precision@1: 38.702% (1288/3328)
Loss: 1.661 | Precision@1: 38.773% (1340/3456)
Loss: 1.665 | Precision@1: 38.504% (1380/3584)
Loss: 1.662 | Precision@1: 38.578% (1432/3712)
Loss: 1.666 | Precision@1: 38.438% (1476/3840)
Loss: 1.660 | Precision@1: 38.659% (1534/3968)
Loss: 1.657 | Precision@1: 38.721% (1586/4096)
Loss: 1.656 | Precision@1: 38.873% (1642/4224)
Loss: 1.657 | Precision@1: 38.994% (1697/4352)
Loss: 1.658 | Precision@1: 39.062% (1750/4480)
Loss: 1.658 | Precision@1: 38.911% (1793/4608)
Loss: 1.656 | Precision@1: 38.915% (1843/4736)
Loss: 1.653 | Precision@1: 39.104% (1902/4864)
Loss: 1.652 | Precision@1: 39.123% (1953/4992)
Loss: 1.652 | Precision@1: 39.199% (2007/5120)
Loss: 1.651 | Precision@1: 39.310% (2063/5248)
Loss: 1.650 | Precision@1: 39.267% (2111/5376)
Loss: 1.650 | Precision@1: 39.244% (2160/5504)
Loss: 1.650 | Precision@1: 39.347% (2216/5632)
Loss: 1.648 | Precision@1: 39.358% (2267/5760)
Loss: 1.646 | Precision@1: 39.334% (2316/5888)
Loss: 1.647 | Precision@1: 39.262% (2362/6016)
Loss: 1.645 | Precision@1: 39.290% (2414/6144)
Loss: 1.647 | Precision@1: 39.174% (2457/6272)
Loss: 1.646 | Precision@1: 39.234% (2511/6400)
Loss: 1.643 | Precision@1: 39.369% (2570/6528)
Loss: 1.641 | Precision@1: 39.408% (2623/6656)
Loss: 1.638 | Precision@1: 39.431% (2675/6784)
Loss: 1.638 | Precision@1: 39.482% (2729/6912)
Loss: 1.638 | Precision@1: 39.474% (2779/7040)
Loss: 1.638 | Precision@1: 39.453% (2828/7168)
Loss: 1.634 | Precision@1: 39.638% (2892/7296)
Loss: 1.632 | Precision@1: 39.857% (2959/7424)
Loss: 1.633 | Precision@1: 39.778% (3004/7552)
Loss: 1.636 | Precision@1: 39.753% (3053/7680)
Loss: 1.634 | Precision@1: 39.869% (3113/7808)
Loss: 1.632 | Precision@1: 39.907% (3167/7936)
Loss: 1.631 | Precision@1: 39.968% (3223/8064)
Loss: 1.629 | Precision@1: 40.002% (3277/8192)
Loss: 1.629 | Precision@1: 40.024% (3330/8320)
Loss: 1.629 | Precision@1: 40.057% (3384/8448)
Loss: 1.628 | Precision@1: 40.089% (3438/8576)
Loss: 1.628 | Precision@1: 40.108% (3491/8704)
Loss: 1.627 | Precision@1: 40.115% (3543/8832)
Loss: 1.626 | Precision@1: 40.134% (3596/8960)
Loss: 1.629 | Precision@1: 40.086% (3643/9088)
Loss: 1.627 | Precision@1: 40.169% (3702/9216)
Loss: 1.626 | Precision@1: 40.143% (3751/9344)
Loss: 1.626 | Precision@1: 40.139% (3802/9472)
Loss: 1.627 | Precision@1: 40.115% (3851/9600)
Loss: 1.626 | Precision@1: 40.142% (3905/9728)
Loss: 1.625 | Precision@1: 40.229% (3965/9856)
Loss: 1.625 | Precision@1: 40.234% (4017/9984)
Loss: 1.623 | Precision@1: 40.259% (4071/10112)
Loss: 1.622 | Precision@1: 40.303% (4127/10240)
Loss: 1.622 | Precision@1: 40.268% (4175/10368)
Loss: 1.624 | Precision@1: 40.168% (4216/10496)
Loss: 1.624 | Precision@1: 40.164% (4267/10624)
Loss: 1.623 | Precision@1: 40.169% (4319/10752)
Loss: 1.620 | Precision@1: 40.267% (4381/10880)
Loss: 1.621 | Precision@1: 40.225% (4428/11008)
Loss: 1.620 | Precision@1: 40.239% (4481/11136)
Loss: 1.619 | Precision@1: 40.217% (4530/11264)
Loss: 1.619 | Precision@1: 40.221% (4582/11392)
Loss: 1.619 | Precision@1: 40.191% (4630/11520)
Loss: 1.620 | Precision@1: 40.118% (4673/11648)
Loss: 1.619 | Precision@1: 40.090% (4721/11776)
Loss: 1.619 | Precision@1: 40.180% (4783/11904)
Loss: 1.618 | Precision@1: 40.193% (4836/12032)
Loss: 1.615 | Precision@1: 40.197% (4888/12160)
Loss: 1.613 | Precision@1: 40.283% (4950/12288)
Loss: 1.613 | Precision@1: 40.311% (5005/12416)
Loss: 1.613 | Precision@1: 40.306% (5056/12544)
Loss: 1.610 | Precision@1: 40.428% (5123/12672)
Loss: 1.609 | Precision@1: 40.484% (5182/12800)
Loss: 1.609 | Precision@1: 40.501% (5236/12928)
Loss: 1.609 | Precision@1: 40.541% (5293/13056)
Loss: 1.609 | Precision@1: 40.534% (5344/13184)
Loss: 1.609 | Precision@1: 40.542% (5397/13312)
Loss: 1.608 | Precision@1: 40.580% (5454/13440)
Loss: 1.608 | Precision@1: 40.573% (5505/13568)
Loss: 1.606 | Precision@1: 40.618% (5563/13696)
Loss: 1.606 | Precision@1: 40.668% (5622/13824)
Loss: 1.606 | Precision@1: 40.682% (5676/13952)
Loss: 1.605 | Precision@1: 40.696% (5730/14080)
Loss: 1.605 | Precision@1: 40.759% (5791/14208)
Loss: 1.605 | Precision@1: 40.695% (5834/14336)
Loss: 1.605 | Precision@1: 40.743% (5893/14464)
Loss: 1.604 | Precision@1: 40.769% (5949/14592)
Loss: 1.604 | Precision@1: 40.836% (6011/14720)
Loss: 1.604 | Precision@1: 40.834% (6063/14848)
Loss: 1.603 | Precision@1: 40.885% (6123/14976)
Loss: 1.603 | Precision@1: 40.850% (6170/15104)
Loss: 1.603 | Precision@1: 40.848% (6222/15232)
Loss: 1.601 | Precision@1: 40.905% (6283/15360)
Loss: 1.599 | Precision@1: 40.954% (6343/15488)
Loss: 1.598 | Precision@1: 40.990% (6401/15616)
Loss: 1.597 | Precision@1: 41.057% (6464/15744)
Loss: 1.597 | Precision@1: 41.053% (6516/15872)
Loss: 1.596 | Precision@1: 41.125% (6580/16000)
Loss: 1.596 | Precision@1: 41.115% (6631/16128)
Loss: 1.596 | Precision@1: 41.111% (6683/16256)
Loss: 1.595 | Precision@1: 41.180% (6747/16384)
Loss: 1.595 | Precision@1: 41.194% (6802/16512)
Loss: 1.595 | Precision@1: 41.202% (6856/16640)
Loss: 1.594 | Precision@1: 41.233% (6914/16768)
Loss: 1.595 | Precision@1: 41.205% (6962/16896)
Loss: 1.595 | Precision@1: 41.218% (7017/17024)
Loss: 1.595 | Precision@1: 41.202% (7067/17152)
Loss: 1.594 | Precision@1: 41.233% (7125/17280)
Loss: 1.593 | Precision@1: 41.286% (7187/17408)
Loss: 1.592 | Precision@1: 41.304% (7243/17536)
Loss: 1.591 | Precision@1: 41.310% (7297/17664)
Loss: 1.591 | Precision@1: 41.277% (7344/17792)
Loss: 1.591 | Precision@1: 41.311% (7403/17920)
Loss: 1.590 | Precision@1: 41.356% (7464/18048)
Loss: 1.591 | Precision@1: 41.329% (7512/18176)
Loss: 1.591 | Precision@1: 41.292% (7558/18304)
Loss: 1.591 | Precision@1: 41.276% (7608/18432)
Loss: 1.591 | Precision@1: 41.288% (7663/18560)
Loss: 1.591 | Precision@1: 41.246% (7708/18688)
Loss: 1.591 | Precision@1: 41.268% (7765/18816)
Loss: 1.591 | Precision@1: 41.258% (7816/18944)
Loss: 1.592 | Precision@1: 41.249% (7867/19072)
Loss: 1.591 | Precision@1: 41.297% (7929/19200)
Loss: 1.591 | Precision@1: 41.313% (7985/19328)
Loss: 1.591 | Precision@1: 41.314% (8038/19456)
Loss: 1.590 | Precision@1: 41.294% (8087/19584)
Loss: 1.590 | Precision@1: 41.274% (8136/19712)
Loss: 1.590 | Precision@1: 41.295% (8193/19840)
Loss: 1.589 | Precision@1: 41.301% (8247/19968)
Loss: 1.588 | Precision@1: 41.322% (8304/20096)
Loss: 1.588 | Precision@1: 41.293% (8351/20224)
Loss: 1.589 | Precision@1: 41.293% (8404/20352)
Loss: 1.589 | Precision@1: 41.294% (8457/20480)
Loss: 1.589 | Precision@1: 41.285% (8508/20608)
Loss: 1.589 | Precision@1: 41.281% (8560/20736)
Loss: 1.589 | Precision@1: 41.301% (8617/20864)
Loss: 1.588 | Precision@1: 41.321% (8674/20992)
Loss: 1.588 | Precision@1: 41.387% (8741/21120)
Loss: 1.588 | Precision@1: 41.359% (8788/21248)
Loss: 1.588 | Precision@1: 41.336% (8836/21376)
Loss: 1.588 | Precision@1: 41.313% (8884/21504)
Loss: 1.587 | Precision@1: 41.360% (8947/21632)
Loss: 1.587 | Precision@1: 41.392% (9007/21760)
Loss: 1.587 | Precision@1: 41.393% (9060/21888)
Loss: 1.588 | Precision@1: 41.347% (9103/22016)
Loss: 1.588 | Precision@1: 41.343% (9155/22144)
Loss: 1.587 | Precision@1: 41.366% (9213/22272)
Loss: 1.586 | Precision@1: 41.366% (9266/22400)
Loss: 1.586 | Precision@1: 41.371% (9320/22528)
Loss: 1.586 | Precision@1: 41.362% (9371/22656)
Loss: 1.586 | Precision@1: 41.340% (9419/22784)
Loss: 1.585 | Precision@1: 41.411% (9488/22912)
Loss: 1.584 | Precision@1: 41.398% (9538/23040)
Loss: 1.584 | Precision@1: 41.411% (9594/23168)
Loss: 1.584 | Precision@1: 41.393% (9643/23296)
Loss: 1.583 | Precision@1: 41.406% (9699/23424)
Loss: 1.583 | Precision@1: 41.415% (9754/23552)
Loss: 1.582 | Precision@1: 41.423% (9809/23680)
Loss: 1.582 | Precision@1: 41.461% (9871/23808)
Loss: 1.582 | Precision@1: 41.461% (9924/23936)
Loss: 1.581 | Precision@1: 41.473% (9980/24064)
Loss: 1.581 | Precision@1: 41.485% (10036/24192)
Loss: 1.580 | Precision@1: 41.521% (10098/24320)
Loss: 1.580 | Precision@1: 41.521% (10151/24448)
Loss: 1.579 | Precision@1: 41.536% (10208/24576)
Loss: 1.578 | Precision@1: 41.568% (10269/24704)
Loss: 1.577 | Precision@1: 41.563% (10321/24832)
Loss: 1.576 | Precision@1: 41.611% (10386/24960)
Loss: 1.575 | Precision@1: 41.629% (10444/25088)
Loss: 1.574 | Precision@1: 41.688% (10512/25216)
Loss: 1.574 | Precision@1: 41.690% (10566/25344)
Loss: 1.573 | Precision@1: 41.748% (10634/25472)
Loss: 1.572 | Precision@1: 41.789% (10698/25600)
Loss: 1.571 | Precision@1: 41.838% (10764/25728)
Loss: 1.570 | Precision@1: 41.863% (10824/25856)
Loss: 1.571 | Precision@1: 41.857% (10876/25984)
Loss: 1.571 | Precision@1: 41.873% (10934/26112)
Loss: 1.571 | Precision@1: 41.883% (10990/26240)
Loss: 1.571 | Precision@1: 41.903% (11049/26368)
Loss: 1.570 | Precision@1: 41.912% (11105/26496)
Loss: 1.569 | Precision@1: 41.940% (11166/26624)
Loss: 1.570 | Precision@1: 41.922% (11215/26752)
Loss: 1.569 | Precision@1: 41.942% (11274/26880)
Loss: 1.570 | Precision@1: 41.902% (11317/27008)
Loss: 1.570 | Precision@1: 41.871% (11362/27136)
Loss: 1.570 | Precision@1: 41.879% (11418/27264)
Loss: 1.569 | Precision@1: 41.914% (11481/27392)
Loss: 1.569 | Precision@1: 41.922% (11537/27520)
Loss: 1.569 | Precision@1: 41.902% (11585/27648)
Loss: 1.568 | Precision@1: 41.914% (11642/27776)
Loss: 1.568 | Precision@1: 41.912% (11695/27904)
Loss: 1.568 | Precision@1: 41.927% (11753/28032)
Loss: 1.567 | Precision@1: 41.942% (11811/28160)
Loss: 1.566 | Precision@1: 41.961% (11870/28288)
Loss: 1.566 | Precision@1: 41.959% (11923/28416)
Loss: 1.566 | Precision@1: 41.974% (11981/28544)
Loss: 1.566 | Precision@1: 41.985% (12038/28672)
Loss: 1.564 | Precision@1: 42.028% (12104/28800)
Loss: 1.564 | Precision@1: 42.042% (12162/28928)
Loss: 1.564 | Precision@1: 42.043% (12216/29056)
Loss: 1.563 | Precision@1: 42.054% (12273/29184)
Loss: 1.564 | Precision@1: 42.010% (12314/29312)
Loss: 1.564 | Precision@1: 42.048% (12379/29440)
Loss: 1.563 | Precision@1: 42.066% (12438/29568)
Loss: 1.563 | Precision@1: 42.049% (12487/29696)
Loss: 1.563 | Precision@1: 42.070% (12547/29824)
Loss: 1.563 | Precision@1: 42.074% (12602/29952)
Loss: 1.563 | Precision@1: 42.074% (12656/30080)
Loss: 1.562 | Precision@1: 42.085% (12713/30208)
Loss: 1.562 | Precision@1: 42.112% (12775/30336)
Loss: 1.562 | Precision@1: 42.102% (12826/30464)
Loss: 1.562 | Precision@1: 42.093% (12877/30592)
Loss: 1.561 | Precision@1: 42.129% (12942/30720)
Loss: 1.561 | Precision@1: 42.103% (12988/30848)
Loss: 1.561 | Precision@1: 42.120% (13047/30976)
Loss: 1.561 | Precision@1: 42.136% (13106/31104)
Loss: 1.560 | Precision@1: 42.155% (13166/31232)
Loss: 1.560 | Precision@1: 42.162% (13222/31360)
Loss: 1.560 | Precision@1: 42.149% (13272/31488)
Loss: 1.560 | Precision@1: 42.118% (13316/31616)
Loss: 1.560 | Precision@1: 42.121% (13371/31744)
Loss: 1.560 | Precision@1: 42.122% (13425/31872)
Loss: 1.559 | Precision@1: 42.138% (13484/32000)
Loss: 1.559 | Precision@1: 42.156% (13544/32128)
Loss: 1.558 | Precision@1: 42.163% (13600/32256)
Loss: 1.558 | Precision@1: 42.181% (13660/32384)
Loss: 1.558 | Precision@1: 42.200% (13720/32512)
Loss: 1.558 | Precision@1: 42.233% (13785/32640)
Loss: 1.558 | Precision@1: 42.233% (13839/32768)
Loss: 1.557 | Precision@1: 42.270% (13905/32896)
Loss: 1.557 | Precision@1: 42.281% (13963/33024)
Loss: 1.557 | Precision@1: 42.287% (14019/33152)
Loss: 1.556 | Precision@1: 42.308% (14080/33280)
Loss: 1.556 | Precision@1: 42.334% (14143/33408)
Loss: 1.556 | Precision@1: 42.325% (14194/33536)
Loss: 1.556 | Precision@1: 42.354% (14258/33664)
Loss: 1.555 | Precision@1: 42.386% (14323/33792)
Loss: 1.555 | Precision@1: 42.356% (14367/33920)
Loss: 1.555 | Precision@1: 42.390% (14433/34048)
Loss: 1.555 | Precision@1: 42.398% (14490/34176)
Loss: 1.555 | Precision@1: 42.392% (14542/34304)
Loss: 1.555 | Precision@1: 42.385% (14594/34432)
Loss: 1.555 | Precision@1: 42.393% (14651/34560)
Loss: 1.554 | Precision@1: 42.418% (14714/34688)
Loss: 1.553 | Precision@1: 42.449% (14779/34816)
Loss: 1.553 | Precision@1: 42.419% (14823/34944)
Loss: 1.553 | Precision@1: 42.427% (14880/35072)
Loss: 1.553 | Precision@1: 42.409% (14928/35200)
Loss: 1.553 | Precision@1: 42.422% (14987/35328)
Loss: 1.552 | Precision@1: 42.441% (15048/35456)
Loss: 1.552 | Precision@1: 42.440% (15102/35584)
Loss: 1.551 | Precision@1: 42.451% (15160/35712)
Loss: 1.551 | Precision@1: 42.492% (15229/35840)
Loss: 1.550 | Precision@1: 42.488% (15282/35968)
Loss: 1.550 | Precision@1: 42.512% (15345/36096)
Loss: 1.549 | Precision@1: 42.533% (15407/36224)
Loss: 1.549 | Precision@1: 42.548% (15467/36352)
Loss: 1.549 | Precision@1: 42.558% (15525/36480)
Loss: 1.549 | Precision@1: 42.564% (15582/36608)
Loss: 1.548 | Precision@1: 42.585% (15644/36736)
Loss: 1.548 | Precision@1: 42.619% (15711/36864)
Loss: 1.547 | Precision@1: 42.650% (15777/36992)
Loss: 1.547 | Precision@1: 42.659% (15835/37120)
Loss: 1.547 | Precision@1: 42.681% (15898/37248)
Loss: 1.547 | Precision@1: 42.666% (15947/37376)
Loss: 1.546 | Precision@1: 42.683% (16008/37504)
Loss: 1.546 | Precision@1: 42.695% (16067/37632)
Loss: 1.546 | Precision@1: 42.693% (16121/37760)
Loss: 1.545 | Precision@1: 42.710% (16182/37888)
Loss: 1.545 | Precision@1: 42.703% (16234/38016)
Loss: 1.545 | Precision@1: 42.701% (16288/38144)
Loss: 1.544 | Precision@1: 42.707% (16345/38272)
Loss: 1.545 | Precision@1: 42.685% (16391/38400)
Loss: 1.545 | Precision@1: 42.691% (16448/38528)
Loss: 1.545 | Precision@1: 42.669% (16494/38656)
Loss: 1.546 | Precision@1: 42.657% (16544/38784)
Loss: 1.545 | Precision@1: 42.663% (16601/38912)
Loss: 1.545 | Precision@1: 42.687% (16665/39040)
Loss: 1.545 | Precision@1: 42.701% (16725/39168)
Loss: 1.544 | Precision@1: 42.704% (16781/39296)
Loss: 1.544 | Precision@1: 42.702% (16835/39424)
Loss: 1.544 | Precision@1: 42.713% (16894/39552)
Loss: 1.543 | Precision@1: 42.742% (16960/39680)
Loss: 1.543 | Precision@1: 42.750% (17018/39808)
Loss: 1.542 | Precision@1: 42.786% (17087/39936)
Loss: 1.542 | Precision@1: 42.789% (17143/40064)
Loss: 1.541 | Precision@1: 42.810% (17206/40192)
Loss: 1.541 | Precision@1: 42.810% (17261/40320)
Loss: 1.541 | Precision@1: 42.828% (17323/40448)
Loss: 1.541 | Precision@1: 42.836% (17381/40576)
Loss: 1.540 | Precision@1: 42.834% (17435/40704)
Loss: 1.540 | Precision@1: 42.834% (17490/40832)
Loss: 1.540 | Precision@1: 42.876% (17562/40960)
Loss: 1.539 | Precision@1: 42.905% (17629/41088)
Loss: 1.539 | Precision@1: 42.915% (17688/41216)
Loss: 1.539 | Precision@1: 42.920% (17745/41344)
Loss: 1.539 | Precision@1: 42.911% (17796/41472)
Loss: 1.538 | Precision@1: 42.938% (17862/41600)
Loss: 1.538 | Precision@1: 42.954% (17924/41728)
Loss: 1.538 | Precision@1: 42.962% (17982/41856)
Loss: 1.537 | Precision@1: 42.976% (18043/41984)
Loss: 1.536 | Precision@1: 42.997% (18107/42112)
Loss: 1.536 | Precision@1: 43.021% (18172/42240)
Loss: 1.535 | Precision@1: 43.030% (18231/42368)
Loss: 1.535 | Precision@1: 43.028% (18285/42496)
Loss: 1.535 | Precision@1: 43.070% (18358/42624)
Loss: 1.534 | Precision@1: 43.095% (18424/42752)
Loss: 1.533 | Precision@1: 43.113% (18487/42880)
Loss: 1.533 | Precision@1: 43.118% (18544/43008)
Loss: 1.533 | Precision@1: 43.136% (18607/43136)
Loss: 1.532 | Precision@1: 43.151% (18669/43264)
Loss: 1.533 | Precision@1: 43.160% (18728/43392)
Loss: 1.533 | Precision@1: 43.166% (18786/43520)
Loss: 1.532 | Precision@1: 43.196% (18854/43648)
Loss: 1.532 | Precision@1: 43.218% (18919/43776)
Loss: 1.531 | Precision@1: 43.247% (18987/43904)
Loss: 1.531 | Precision@1: 43.257% (19047/44032)
Loss: 1.531 | Precision@1: 43.243% (19096/44160)
Loss: 1.531 | Precision@1: 43.226% (19144/44288)
Loss: 1.531 | Precision@1: 43.232% (19202/44416)
Loss: 1.531 | Precision@1: 43.249% (19265/44544)
Loss: 1.531 | Precision@1: 43.240% (19316/44672)
Loss: 1.530 | Precision@1: 43.243% (19373/44800)
Loss: 1.530 | Precision@1: 43.267% (19439/44928)
Loss: 1.529 | Precision@1: 43.291% (19505/45056)
Loss: 1.529 | Precision@1: 43.292% (19561/45184)
Loss: 1.529 | Precision@1: 43.304% (19622/45312)
Loss: 1.529 | Precision@1: 43.321% (19685/45440)
Loss: 1.529 | Precision@1: 43.326% (19743/45568)
Loss: 1.528 | Precision@1: 43.336% (19803/45696)
Loss: 1.528 | Precision@1: 43.344% (19862/45824)
Loss: 1.528 | Precision@1: 43.360% (19925/45952)
Loss: 1.527 | Precision@1: 43.370% (19985/46080)
Loss: 1.527 | Precision@1: 43.393% (20051/46208)
Loss: 1.527 | Precision@1: 43.387% (20104/46336)
Loss: 1.526 | Precision@1: 43.406% (20168/46464)
Loss: 1.526 | Precision@1: 43.389% (20216/46592)
Loss: 1.526 | Precision@1: 43.405% (20279/46720)
Loss: 1.526 | Precision@1: 43.417% (20340/46848)
Loss: 1.525 | Precision@1: 43.433% (20403/46976)
Loss: 1.525 | Precision@1: 43.455% (20469/47104)
Loss: 1.525 | Precision@1: 43.460% (20527/47232)
Loss: 1.525 | Precision@1: 43.484% (20594/47360)
Loss: 1.524 | Precision@1: 43.504% (20659/47488)
Loss: 1.523 | Precision@1: 43.527% (20726/47616)
Loss: 1.523 | Precision@1: 43.541% (20788/47744)
Loss: 1.523 | Precision@1: 43.560% (20853/47872)
Loss: 1.523 | Precision@1: 43.567% (20912/48000)
Loss: 1.523 | Precision@1: 43.575% (20972/48128)
Loss: 1.522 | Precision@1: 43.574% (21027/48256)
Loss: 1.522 | Precision@1: 43.591% (21091/48384)
Loss: 1.522 | Precision@1: 43.614% (21158/48512)
Loss: 1.521 | Precision@1: 43.641% (21227/48640)
Loss: 1.520 | Precision@1: 43.668% (21296/48768)
Loss: 1.520 | Precision@1: 43.699% (21367/48896)
Loss: 1.519 | Precision@1: 43.734% (21440/49024)
Loss: 1.519 | Precision@1: 43.744% (21501/49152)
Loss: 1.518 | Precision@1: 43.774% (21572/49280)
Loss: 1.518 | Precision@1: 43.786% (21634/49408)
Loss: 1.517 | Precision@1: 43.805% (21699/49536)
Loss: 1.517 | Precision@1: 43.827% (21766/49664)
Loss: 1.517 | Precision@1: 43.824% (21821/49792)
Loss: 1.517 | Precision@1: 43.820% (21875/49920)
Loss: 1.517 | Precision@1: 43.820% (21910/50000)

Aggregates: 			
 	 DataLoader Time: 0.3650 			
 	 Mini-batch Time: 12.2513 			
 	 Training Epoch Time: 30.2405
 			
 Averages: 			
 	 Training Loss: 1.5167

 Test set Averages: Loss: 1.426 | Precision@1: 48.000% (4800/10000)

Epoch: 2
Loss: 1.360 | Precision@1: 51.562% (66/128)
Loss: 1.399 | Precision@1: 49.609% (127/256)
Loss: 1.396 | Precision@1: 48.698% (187/384)
Loss: 1.402 | Precision@1: 49.023% (251/512)
Loss: 1.401 | Precision@1: 48.594% (311/640)
Loss: 1.396 | Precision@1: 48.568% (373/768)
Loss: 1.395 | Precision@1: 48.103% (431/896)
Loss: 1.386 | Precision@1: 48.047% (492/1024)
Loss: 1.409 | Precision@1: 47.135% (543/1152)
Loss: 1.423 | Precision@1: 47.266% (605/1280)
Loss: 1.413 | Precision@1: 47.656% (671/1408)
Loss: 1.411 | Precision@1: 47.461% (729/1536)
Loss: 1.406 | Precision@1: 47.476% (790/1664)
Loss: 1.412 | Precision@1: 47.266% (847/1792)
Loss: 1.404 | Precision@1: 47.344% (909/1920)
Loss: 1.403 | Precision@1: 47.461% (972/2048)
Loss: 1.402 | Precision@1: 47.610% (1036/2176)
Loss: 1.396 | Precision@1: 47.700% (1099/2304)
Loss: 1.393 | Precision@1: 47.780% (1162/2432)
Loss: 1.394 | Precision@1: 47.969% (1228/2560)
Loss: 1.392 | Precision@1: 47.991% (1290/2688)
Loss: 1.395 | Precision@1: 47.834% (1347/2816)
Loss: 1.392 | Precision@1: 47.928% (1411/2944)
Loss: 1.392 | Precision@1: 48.210% (1481/3072)
Loss: 1.394 | Precision@1: 48.125% (1540/3200)
Loss: 1.400 | Precision@1: 47.837% (1592/3328)
Loss: 1.406 | Precision@1: 47.656% (1647/3456)
Loss: 1.405 | Precision@1: 47.628% (1707/3584)
Loss: 1.400 | Precision@1: 47.845% (1776/3712)
Loss: 1.394 | Precision@1: 48.203% (1851/3840)
Loss: 1.395 | Precision@1: 48.211% (1913/3968)
Loss: 1.393 | Precision@1: 48.242% (1976/4096)
Loss: 1.394 | Precision@1: 48.059% (2030/4224)
Loss: 1.393 | Precision@1: 48.231% (2099/4352)
Loss: 1.388 | Precision@1: 48.549% (2175/4480)
Loss: 1.392 | Precision@1: 48.459% (2233/4608)
Loss: 1.390 | Precision@1: 48.606% (2302/4736)
Loss: 1.390 | Precision@1: 48.417% (2355/4864)
Loss: 1.390 | Precision@1: 48.397% (2416/4992)
Loss: 1.388 | Precision@1: 48.555% (2486/5120)
Loss: 1.382 | Precision@1: 48.723% (2557/5248)
Loss: 1.380 | Precision@1: 48.828% (2625/5376)
Loss: 1.379 | Precision@1: 48.801% (2686/5504)
Loss: 1.378 | Precision@1: 48.846% (2751/5632)
Loss: 1.378 | Precision@1: 48.958% (2820/5760)
Loss: 1.377 | Precision@1: 48.896% (2879/5888)
Loss: 1.375 | Precision@1: 49.003% (2948/6016)
Loss: 1.374 | Precision@1: 49.056% (3014/6144)
Loss: 1.378 | Precision@1: 48.868% (3065/6272)
Loss: 1.372 | Precision@1: 49.016% (3137/6400)
Loss: 1.372 | Precision@1: 49.020% (3200/6528)
Loss: 1.372 | Precision@1: 49.069% (3266/6656)
Loss: 1.374 | Precision@1: 49.175% (3336/6784)
Loss: 1.373 | Precision@1: 49.248% (3404/6912)
Loss: 1.371 | Precision@1: 49.489% (3484/7040)
Loss: 1.369 | Precision@1: 49.637% (3558/7168)
Loss: 1.369 | Precision@1: 49.575% (3617/7296)
Loss: 1.369 | Precision@1: 49.582% (3681/7424)
Loss: 1.370 | Precision@1: 49.523% (3740/7552)
Loss: 1.366 | Precision@1: 49.792% (3824/7680)
Loss: 1.364 | Precision@1: 49.923% (3898/7808)
Loss: 1.362 | Precision@1: 50.013% (3969/7936)
Loss: 1.361 | Precision@1: 50.037% (4035/8064)
Loss: 1.362 | Precision@1: 49.915% (4089/8192)
Loss: 1.361 | Precision@1: 49.940% (4155/8320)
Loss: 1.359 | Precision@1: 50.012% (4225/8448)
Loss: 1.361 | Precision@1: 50.023% (4290/8576)
Loss: 1.361 | Precision@1: 50.011% (4353/8704)
Loss: 1.361 | Precision@1: 50.000% (4416/8832)
Loss: 1.360 | Precision@1: 50.033% (4483/8960)
Loss: 1.362 | Precision@1: 50.011% (4545/9088)
Loss: 1.361 | Precision@1: 50.000% (4608/9216)
Loss: 1.362 | Precision@1: 49.946% (4667/9344)
Loss: 1.364 | Precision@1: 49.821% (4719/9472)
Loss: 1.364 | Precision@1: 49.792% (4780/9600)
Loss: 1.365 | Precision@1: 49.764% (4841/9728)
Loss: 1.363 | Precision@1: 49.899% (4918/9856)
Loss: 1.364 | Precision@1: 49.920% (4984/9984)
Loss: 1.363 | Precision@1: 49.911% (5047/10112)
Loss: 1.362 | Precision@1: 49.912% (5111/10240)
Loss: 1.362 | Precision@1: 49.875% (5171/10368)
Loss: 1.361 | Precision@1: 49.857% (5233/10496)
Loss: 1.362 | Precision@1: 49.821% (5293/10624)
Loss: 1.363 | Precision@1: 49.833% (5358/10752)
Loss: 1.361 | Precision@1: 49.890% (5428/10880)
Loss: 1.360 | Precision@1: 49.964% (5500/11008)
Loss: 1.360 | Precision@1: 50.000% (5568/11136)
Loss: 1.360 | Precision@1: 50.000% (5632/11264)
Loss: 1.360 | Precision@1: 50.035% (5700/11392)
Loss: 1.361 | Precision@1: 50.043% (5765/11520)
Loss: 1.360 | Precision@1: 50.060% (5831/11648)
Loss: 1.360 | Precision@1: 50.051% (5894/11776)
Loss: 1.360 | Precision@1: 50.101% (5964/11904)
Loss: 1.360 | Precision@1: 50.108% (6029/12032)
Loss: 1.359 | Precision@1: 50.140% (6097/12160)
Loss: 1.359 | Precision@1: 50.122% (6159/12288)
Loss: 1.358 | Precision@1: 50.185% (6231/12416)
Loss: 1.356 | Precision@1: 50.239% (6302/12544)
Loss: 1.358 | Precision@1: 50.213% (6363/12672)
Loss: 1.357 | Precision@1: 50.180% (6423/12800)
Loss: 1.357 | Precision@1: 50.232% (6494/12928)
Loss: 1.358 | Precision@1: 50.230% (6558/13056)
Loss: 1.356 | Precision@1: 50.296% (6631/13184)
Loss: 1.356 | Precision@1: 50.285% (6694/13312)
Loss: 1.357 | Precision@1: 50.260% (6755/13440)
Loss: 1.358 | Precision@1: 50.280% (6822/13568)
Loss: 1.357 | Precision@1: 50.292% (6888/13696)
Loss: 1.358 | Precision@1: 50.318% (6956/13824)
Loss: 1.357 | Precision@1: 50.344% (7024/13952)
Loss: 1.358 | Precision@1: 50.284% (7080/14080)
Loss: 1.356 | Precision@1: 50.359% (7155/14208)
Loss: 1.357 | Precision@1: 50.335% (7216/14336)
Loss: 1.355 | Precision@1: 50.387% (7288/14464)
Loss: 1.354 | Precision@1: 50.418% (7357/14592)
Loss: 1.353 | Precision@1: 50.482% (7431/14720)
Loss: 1.352 | Precision@1: 50.519% (7501/14848)
Loss: 1.351 | Precision@1: 50.541% (7569/14976)
Loss: 1.352 | Precision@1: 50.536% (7633/15104)
Loss: 1.351 | Precision@1: 50.565% (7702/15232)
Loss: 1.350 | Precision@1: 50.566% (7767/15360)
Loss: 1.351 | Precision@1: 50.568% (7832/15488)
Loss: 1.350 | Precision@1: 50.583% (7899/15616)
Loss: 1.350 | Precision@1: 50.572% (7962/15744)
Loss: 1.349 | Precision@1: 50.636% (8037/15872)
Loss: 1.349 | Precision@1: 50.631% (8101/16000)
Loss: 1.350 | Precision@1: 50.564% (8155/16128)
Loss: 1.349 | Precision@1: 50.640% (8232/16256)
Loss: 1.349 | Precision@1: 50.647% (8298/16384)
Loss: 1.349 | Precision@1: 50.690% (8370/16512)
Loss: 1.349 | Precision@1: 50.715% (8439/16640)
Loss: 1.348 | Precision@1: 50.751% (8510/16768)
Loss: 1.347 | Precision@1: 50.758% (8576/16896)
Loss: 1.347 | Precision@1: 50.775% (8644/17024)
Loss: 1.347 | Precision@1: 50.799% (8713/17152)
Loss: 1.347 | Precision@1: 50.747% (8769/17280)
Loss: 1.346 | Precision@1: 50.758% (8836/17408)
Loss: 1.345 | Precision@1: 50.815% (8911/17536)
Loss: 1.345 | Precision@1: 50.821% (8977/17664)
Loss: 1.345 | Precision@1: 50.815% (9041/17792)
Loss: 1.345 | Precision@1: 50.798% (9103/17920)
Loss: 1.344 | Precision@1: 50.820% (9172/18048)
Loss: 1.345 | Precision@1: 50.776% (9229/18176)
Loss: 1.345 | Precision@1: 50.781% (9295/18304)
Loss: 1.344 | Precision@1: 50.798% (9363/18432)
Loss: 1.345 | Precision@1: 50.765% (9422/18560)
Loss: 1.344 | Precision@1: 50.835% (9500/18688)
Loss: 1.344 | Precision@1: 50.818% (9562/18816)
Loss: 1.344 | Precision@1: 50.823% (9628/18944)
Loss: 1.343 | Precision@1: 50.839% (9696/19072)
Loss: 1.343 | Precision@1: 50.854% (9764/19200)
Loss: 1.343 | Precision@1: 50.885% (9835/19328)
Loss: 1.341 | Precision@1: 50.966% (9916/19456)
Loss: 1.341 | Precision@1: 50.980% (9984/19584)
Loss: 1.341 | Precision@1: 51.015% (10056/19712)
Loss: 1.340 | Precision@1: 51.074% (10133/19840)
Loss: 1.340 | Precision@1: 51.072% (10198/19968)
Loss: 1.340 | Precision@1: 51.105% (10270/20096)
Loss: 1.338 | Precision@1: 51.127% (10340/20224)
Loss: 1.337 | Precision@1: 51.219% (10424/20352)
Loss: 1.338 | Precision@1: 51.206% (10487/20480)
Loss: 1.337 | Precision@1: 51.237% (10559/20608)
Loss: 1.336 | Precision@1: 51.268% (10631/20736)
Loss: 1.337 | Precision@1: 51.294% (10702/20864)
Loss: 1.337 | Precision@1: 51.296% (10768/20992)
Loss: 1.336 | Precision@1: 51.335% (10842/21120)
Loss: 1.335 | Precision@1: 51.360% (10913/21248)
Loss: 1.334 | Precision@1: 51.408% (10989/21376)
Loss: 1.334 | Precision@1: 51.386% (11050/21504)
Loss: 1.335 | Precision@1: 51.359% (11110/21632)
Loss: 1.334 | Precision@1: 51.374% (11179/21760)
Loss: 1.334 | Precision@1: 51.357% (11241/21888)
Loss: 1.334 | Precision@1: 51.344% (11304/22016)
Loss: 1.334 | Precision@1: 51.368% (11375/22144)
Loss: 1.333 | Precision@1: 51.396% (11447/22272)
Loss: 1.333 | Precision@1: 51.406% (11515/22400)
Loss: 1.333 | Precision@1: 51.425% (11585/22528)
Loss: 1.333 | Precision@1: 51.487% (11665/22656)
Loss: 1.333 | Precision@1: 51.466% (11726/22784)
Loss: 1.332 | Precision@1: 51.514% (11803/22912)
Loss: 1.332 | Precision@1: 51.532% (11873/23040)
Loss: 1.331 | Precision@1: 51.554% (11944/23168)
Loss: 1.331 | Precision@1: 51.545% (12008/23296)
Loss: 1.331 | Precision@1: 51.533% (12071/23424)
Loss: 1.331 | Precision@1: 51.562% (12144/23552)
Loss: 1.331 | Precision@1: 51.567% (12211/23680)
Loss: 1.331 | Precision@1: 51.609% (12287/23808)
Loss: 1.329 | Precision@1: 51.634% (12359/23936)
Loss: 1.328 | Precision@1: 51.675% (12435/24064)
Loss: 1.327 | Precision@1: 51.707% (12509/24192)
Loss: 1.327 | Precision@1: 51.727% (12580/24320)
Loss: 1.326 | Precision@1: 51.779% (12659/24448)
Loss: 1.326 | Precision@1: 51.794% (12729/24576)
Loss: 1.325 | Precision@1: 51.789% (12794/24704)
Loss: 1.325 | Precision@1: 51.784% (12859/24832)
Loss: 1.324 | Precision@1: 51.807% (12931/24960)
Loss: 1.323 | Precision@1: 51.818% (13000/25088)
Loss: 1.324 | Precision@1: 51.812% (13065/25216)
Loss: 1.323 | Precision@1: 51.862% (13144/25344)
Loss: 1.323 | Precision@1: 51.896% (13219/25472)
Loss: 1.323 | Precision@1: 51.891% (13284/25600)
Loss: 1.323 | Precision@1: 51.881% (13348/25728)
Loss: 1.323 | Precision@1: 51.887% (13416/25856)
Loss: 1.324 | Precision@1: 51.828% (13467/25984)
Loss: 1.323 | Precision@1: 51.831% (13534/26112)
Loss: 1.323 | Precision@1: 51.833% (13601/26240)
Loss: 1.323 | Precision@1: 51.809% (13661/26368)
Loss: 1.323 | Precision@1: 51.834% (13734/26496)
Loss: 1.323 | Precision@1: 51.822% (13797/26624)
Loss: 1.323 | Precision@1: 51.854% (13872/26752)
Loss: 1.322 | Precision@1: 51.864% (13941/26880)
Loss: 1.322 | Precision@1: 51.881% (14012/27008)
Loss: 1.322 | Precision@1: 51.898% (14083/27136)
Loss: 1.320 | Precision@1: 51.977% (14171/27264)
Loss: 1.319 | Precision@1: 51.975% (14237/27392)
Loss: 1.319 | Precision@1: 51.999% (14310/27520)
Loss: 1.319 | Precision@1: 52.018% (14382/27648)
Loss: 1.319 | Precision@1: 52.023% (14450/27776)
Loss: 1.318 | Precision@1: 52.039% (14521/27904)
Loss: 1.318 | Precision@1: 52.048% (14590/28032)
Loss: 1.318 | Precision@1: 52.049% (14657/28160)
Loss: 1.317 | Precision@1: 52.079% (14732/28288)
Loss: 1.318 | Precision@1: 52.066% (14795/28416)
Loss: 1.318 | Precision@1: 52.092% (14869/28544)
Loss: 1.317 | Precision@1: 52.114% (14942/28672)
Loss: 1.318 | Precision@1: 52.108% (15007/28800)
Loss: 1.317 | Precision@1: 52.119% (15077/28928)
Loss: 1.317 | Precision@1: 52.120% (15144/29056)
Loss: 1.315 | Precision@1: 52.169% (15225/29184)
Loss: 1.315 | Precision@1: 52.194% (15299/29312)
Loss: 1.315 | Precision@1: 52.232% (15377/29440)
Loss: 1.314 | Precision@1: 52.263% (15453/29568)
Loss: 1.314 | Precision@1: 52.283% (15526/29696)
Loss: 1.314 | Precision@1: 52.273% (15590/29824)
Loss: 1.313 | Precision@1: 52.294% (15663/29952)
Loss: 1.312 | Precision@1: 52.297% (15731/30080)
Loss: 1.312 | Precision@1: 52.314% (15803/30208)
Loss: 1.313 | Precision@1: 52.314% (15870/30336)
Loss: 1.312 | Precision@1: 52.340% (15945/30464)
Loss: 1.313 | Precision@1: 52.311% (16003/30592)
Loss: 1.313 | Precision@1: 52.301% (16067/30720)
Loss: 1.312 | Precision@1: 52.324% (16141/30848)
Loss: 1.312 | Precision@1: 52.331% (16210/30976)
Loss: 1.312 | Precision@1: 52.353% (16284/31104)
Loss: 1.312 | Precision@1: 52.350% (16350/31232)
Loss: 1.312 | Precision@1: 52.350% (16417/31360)
Loss: 1.312 | Precision@1: 52.388% (16496/31488)
Loss: 1.312 | Precision@1: 52.394% (16565/31616)
Loss: 1.311 | Precision@1: 52.385% (16629/31744)
Loss: 1.311 | Precision@1: 52.378% (16694/31872)
Loss: 1.311 | Precision@1: 52.413% (16772/32000)
Loss: 1.310 | Precision@1: 52.428% (16844/32128)
Loss: 1.310 | Precision@1: 52.434% (16913/32256)
Loss: 1.310 | Precision@1: 52.455% (16987/32384)
Loss: 1.309 | Precision@1: 52.473% (17060/32512)
Loss: 1.309 | Precision@1: 52.479% (17129/32640)
Loss: 1.308 | Precision@1: 52.512% (17207/32768)
Loss: 1.308 | Precision@1: 52.523% (17278/32896)
Loss: 1.307 | Precision@1: 52.553% (17355/33024)
Loss: 1.307 | Precision@1: 52.570% (17428/33152)
Loss: 1.307 | Precision@1: 52.569% (17495/33280)
Loss: 1.307 | Precision@1: 52.592% (17570/33408)
Loss: 1.308 | Precision@1: 52.570% (17630/33536)
Loss: 1.308 | Precision@1: 52.593% (17705/33664)
Loss: 1.308 | Precision@1: 52.595% (17773/33792)
Loss: 1.307 | Precision@1: 52.633% (17853/33920)
Loss: 1.307 | Precision@1: 52.637% (17922/34048)
Loss: 1.307 | Precision@1: 52.622% (17984/34176)
Loss: 1.307 | Precision@1: 52.635% (18056/34304)
Loss: 1.306 | Precision@1: 52.660% (18132/34432)
Loss: 1.306 | Precision@1: 52.674% (18204/34560)
Loss: 1.306 | Precision@1: 52.695% (18279/34688)
Loss: 1.305 | Precision@1: 52.709% (18351/34816)
Loss: 1.305 | Precision@1: 52.710% (18419/34944)
Loss: 1.305 | Precision@1: 52.726% (18492/35072)
Loss: 1.305 | Precision@1: 52.730% (18561/35200)
Loss: 1.304 | Precision@1: 52.757% (18638/35328)
Loss: 1.304 | Precision@1: 52.784% (18715/35456)
Loss: 1.303 | Precision@1: 52.796% (18787/35584)
Loss: 1.302 | Precision@1: 52.825% (18865/35712)
Loss: 1.302 | Precision@1: 52.832% (18935/35840)
Loss: 1.301 | Precision@1: 52.875% (19018/35968)
Loss: 1.301 | Precision@1: 52.878% (19087/36096)
Loss: 1.300 | Precision@1: 52.890% (19159/36224)
Loss: 1.300 | Precision@1: 52.910% (19234/36352)
Loss: 1.299 | Precision@1: 52.939% (19312/36480)
Loss: 1.299 | Precision@1: 52.945% (19382/36608)
Loss: 1.298 | Precision@1: 52.962% (19456/36736)
Loss: 1.298 | Precision@1: 52.968% (19526/36864)
Loss: 1.298 | Precision@1: 52.974% (19596/36992)
Loss: 1.298 | Precision@1: 52.980% (19666/37120)
Loss: 1.299 | Precision@1: 52.988% (19737/37248)
Loss: 1.298 | Precision@1: 53.013% (19814/37376)
Loss: 1.298 | Precision@1: 53.008% (19880/37504)
Loss: 1.297 | Precision@1: 53.029% (19956/37632)
Loss: 1.297 | Precision@1: 53.043% (20029/37760)
Loss: 1.296 | Precision@1: 53.051% (20100/37888)
Loss: 1.296 | Precision@1: 53.054% (20169/38016)
Loss: 1.295 | Precision@1: 53.062% (20240/38144)
Loss: 1.294 | Precision@1: 53.133% (20335/38272)
Loss: 1.294 | Precision@1: 53.135% (20404/38400)
Loss: 1.293 | Precision@1: 53.151% (20478/38528)
Loss: 1.293 | Precision@1: 53.169% (20553/38656)
Loss: 1.293 | Precision@1: 53.153% (20615/38784)
Loss: 1.292 | Precision@1: 53.171% (20690/38912)
Loss: 1.291 | Precision@1: 53.207% (20772/39040)
Loss: 1.291 | Precision@1: 53.232% (20850/39168)
Loss: 1.290 | Precision@1: 53.260% (20929/39296)
Loss: 1.290 | Precision@1: 53.259% (20997/39424)
Loss: 1.290 | Precision@1: 53.279% (21073/39552)
Loss: 1.289 | Precision@1: 53.306% (21152/39680)
Loss: 1.290 | Precision@1: 53.288% (21213/39808)
Loss: 1.289 | Precision@1: 53.295% (21284/39936)
Loss: 1.289 | Precision@1: 53.315% (21360/40064)
Loss: 1.288 | Precision@1: 53.327% (21433/40192)
Loss: 1.288 | Precision@1: 53.351% (21511/40320)
Loss: 1.287 | Precision@1: 53.377% (21590/40448)
Loss: 1.287 | Precision@1: 53.371% (21656/40576)
Loss: 1.287 | Precision@1: 53.381% (21728/40704)
Loss: 1.286 | Precision@1: 53.385% (21798/40832)
Loss: 1.286 | Precision@1: 53.394% (21870/40960)
Loss: 1.286 | Precision@1: 53.402% (21942/41088)
Loss: 1.286 | Precision@1: 53.411% (22014/41216)
Loss: 1.286 | Precision@1: 53.408% (22081/41344)
Loss: 1.285 | Precision@1: 53.429% (22158/41472)
Loss: 1.285 | Precision@1: 53.440% (22231/41600)
Loss: 1.285 | Precision@1: 53.437% (22298/41728)
Loss: 1.285 | Precision@1: 53.433% (22365/41856)
Loss: 1.284 | Precision@1: 53.470% (22449/41984)
Loss: 1.284 | Precision@1: 53.446% (22507/42112)
Loss: 1.284 | Precision@1: 53.471% (22586/42240)
Loss: 1.284 | Precision@1: 53.474% (22656/42368)
Loss: 1.283 | Precision@1: 53.499% (22735/42496)
Loss: 1.282 | Precision@1: 53.524% (22814/42624)
Loss: 1.282 | Precision@1: 53.541% (22890/42752)
Loss: 1.281 | Precision@1: 53.577% (22974/42880)
Loss: 1.281 | Precision@1: 53.569% (23039/43008)
Loss: 1.281 | Precision@1: 53.554% (23101/43136)
Loss: 1.281 | Precision@1: 53.592% (23186/43264)
Loss: 1.281 | Precision@1: 53.586% (23252/43392)
Loss: 1.281 | Precision@1: 53.603% (23328/43520)
Loss: 1.280 | Precision@1: 53.615% (23402/43648)
Loss: 1.279 | Precision@1: 53.634% (23479/43776)
Loss: 1.279 | Precision@1: 53.656% (23557/43904)
Loss: 1.279 | Precision@1: 53.666% (23630/44032)
Loss: 1.278 | Precision@1: 53.684% (23707/44160)
Loss: 1.278 | Precision@1: 53.694% (23780/44288)
Loss: 1.277 | Precision@1: 53.706% (23854/44416)
Loss: 1.277 | Precision@1: 53.720% (23929/44544)
Loss: 1.276 | Precision@1: 53.754% (24013/44672)
Loss: 1.276 | Precision@1: 53.795% (24100/44800)
Loss: 1.276 | Precision@1: 53.788% (24166/44928)
Loss: 1.275 | Precision@1: 53.813% (24246/45056)
Loss: 1.276 | Precision@1: 53.809% (24313/45184)
Loss: 1.275 | Precision@1: 53.816% (24385/45312)
Loss: 1.275 | Precision@1: 53.829% (24460/45440)
Loss: 1.274 | Precision@1: 53.838% (24533/45568)
Loss: 1.274 | Precision@1: 53.852% (24608/45696)
Loss: 1.274 | Precision@1: 53.874% (24687/45824)
Loss: 1.274 | Precision@1: 53.884% (24761/45952)
Loss: 1.273 | Precision@1: 53.900% (24837/46080)
Loss: 1.273 | Precision@1: 53.911% (24911/46208)
Loss: 1.273 | Precision@1: 53.924% (24986/46336)
Loss: 1.272 | Precision@1: 53.936% (25061/46464)
Loss: 1.272 | Precision@1: 53.960% (25141/46592)
Loss: 1.272 | Precision@1: 53.964% (25212/46720)
Loss: 1.271 | Precision@1: 53.992% (25294/46848)
Loss: 1.271 | Precision@1: 54.013% (25373/46976)
Loss: 1.270 | Precision@1: 54.027% (25449/47104)
Loss: 1.270 | Precision@1: 54.033% (25521/47232)
Loss: 1.269 | Precision@1: 54.041% (25594/47360)
Loss: 1.269 | Precision@1: 54.041% (25663/47488)
Loss: 1.269 | Precision@1: 54.032% (25728/47616)
Loss: 1.269 | Precision@1: 54.044% (25803/47744)
Loss: 1.268 | Precision@1: 54.061% (25880/47872)
Loss: 1.268 | Precision@1: 54.069% (25953/48000)
Loss: 1.268 | Precision@1: 54.064% (26020/48128)
Loss: 1.267 | Precision@1: 54.076% (26095/48256)
Loss: 1.267 | Precision@1: 54.098% (26175/48384)
Loss: 1.266 | Precision@1: 54.117% (26253/48512)
Loss: 1.266 | Precision@1: 54.145% (26336/48640)
Loss: 1.265 | Precision@1: 54.171% (26418/48768)
Loss: 1.265 | Precision@1: 54.193% (26498/48896)
Loss: 1.265 | Precision@1: 54.218% (26580/49024)
Loss: 1.265 | Precision@1: 54.226% (26653/49152)
Loss: 1.265 | Precision@1: 54.233% (26726/49280)
Loss: 1.264 | Precision@1: 54.246% (26802/49408)
Loss: 1.264 | Precision@1: 54.245% (26871/49536)
Loss: 1.264 | Precision@1: 54.251% (26943/49664)
Loss: 1.264 | Precision@1: 54.268% (27021/49792)
Loss: 1.263 | Precision@1: 54.279% (27096/49920)
Loss: 1.263 | Precision@1: 54.270% (27135/50000)

Aggregates: 			
 	 DataLoader Time: 0.3815 			
 	 Mini-batch Time: 12.2627 			
 	 Training Epoch Time: 30.2797
 			
 Averages: 			
 	 Training Loss: 1.2631

 Test set Averages: Loss: 1.177 | Precision@1: 57.730% (5773/10000)

Epoch: 3
Loss: 1.056 | Precision@1: 60.938% (78/128)
Loss: 1.106 | Precision@1: 58.594% (150/256)
Loss: 1.108 | Precision@1: 59.115% (227/384)
Loss: 1.094 | Precision@1: 59.570% (305/512)
Loss: 1.083 | Precision@1: 60.469% (387/640)
Loss: 1.071 | Precision@1: 61.979% (476/768)
Loss: 1.072 | Precision@1: 62.388% (559/896)
Loss: 1.079 | Precision@1: 61.914% (634/1024)
Loss: 1.072 | Precision@1: 61.979% (714/1152)
Loss: 1.081 | Precision@1: 61.875% (792/1280)
Loss: 1.080 | Precision@1: 61.861% (871/1408)
Loss: 1.086 | Precision@1: 61.784% (949/1536)
Loss: 1.092 | Precision@1: 61.839% (1029/1664)
Loss: 1.094 | Precision@1: 61.830% (1108/1792)
Loss: 1.096 | Precision@1: 61.667% (1184/1920)
Loss: 1.098 | Precision@1: 61.328% (1256/2048)
Loss: 1.099 | Precision@1: 61.213% (1332/2176)
Loss: 1.099 | Precision@1: 61.024% (1406/2304)
Loss: 1.110 | Precision@1: 60.362% (1468/2432)
Loss: 1.112 | Precision@1: 60.312% (1544/2560)
Loss: 1.114 | Precision@1: 60.193% (1618/2688)
Loss: 1.117 | Precision@1: 60.050% (1691/2816)
Loss: 1.122 | Precision@1: 59.749% (1759/2944)
Loss: 1.123 | Precision@1: 59.766% (1836/3072)
Loss: 1.122 | Precision@1: 59.656% (1909/3200)
Loss: 1.124 | Precision@1: 59.525% (1981/3328)
Loss: 1.133 | Precision@1: 59.144% (2044/3456)
Loss: 1.134 | Precision@1: 59.124% (2119/3584)
Loss: 1.136 | Precision@1: 59.213% (2198/3712)
Loss: 1.135 | Precision@1: 59.297% (2277/3840)
Loss: 1.138 | Precision@1: 59.047% (2343/3968)
Loss: 1.140 | Precision@1: 59.058% (2419/4096)
Loss: 1.147 | Precision@1: 58.902% (2488/4224)
Loss: 1.143 | Precision@1: 59.099% (2572/4352)
Loss: 1.143 | Precision@1: 59.196% (2652/4480)
Loss: 1.137 | Precision@1: 59.614% (2747/4608)
Loss: 1.138 | Precision@1: 59.523% (2819/4736)
Loss: 1.140 | Precision@1: 59.457% (2892/4864)
Loss: 1.140 | Precision@1: 59.535% (2972/4992)
Loss: 1.138 | Precision@1: 59.531% (3048/5120)
Loss: 1.139 | Precision@1: 59.394% (3117/5248)
Loss: 1.139 | Precision@1: 59.375% (3192/5376)
Loss: 1.138 | Precision@1: 59.375% (3268/5504)
Loss: 1.134 | Precision@1: 59.446% (3348/5632)
Loss: 1.134 | Precision@1: 59.444% (3424/5760)
Loss: 1.130 | Precision@1: 59.715% (3516/5888)
Loss: 1.129 | Precision@1: 59.857% (3601/6016)
Loss: 1.130 | Precision@1: 59.749% (3671/6144)
Loss: 1.132 | Precision@1: 59.630% (3740/6272)
Loss: 1.135 | Precision@1: 59.594% (3814/6400)
Loss: 1.134 | Precision@1: 59.544% (3887/6528)
Loss: 1.135 | Precision@1: 59.510% (3961/6656)
Loss: 1.134 | Precision@1: 59.581% (4042/6784)
Loss: 1.134 | Precision@1: 59.534% (4115/6912)
Loss: 1.133 | Precision@1: 59.588% (4195/7040)
Loss: 1.135 | Precision@1: 59.542% (4268/7168)
Loss: 1.134 | Precision@1: 59.608% (4349/7296)
Loss: 1.135 | Precision@1: 59.658% (4429/7424)
Loss: 1.138 | Precision@1: 59.521% (4495/7552)
Loss: 1.138 | Precision@1: 59.544% (4573/7680)
Loss: 1.139 | Precision@1: 59.490% (4645/7808)
Loss: 1.140 | Precision@1: 59.413% (4715/7936)
Loss: 1.140 | Precision@1: 59.350% (4786/8064)
Loss: 1.140 | Precision@1: 59.338% (4861/8192)
Loss: 1.138 | Precision@1: 59.447% (4946/8320)
Loss: 1.135 | Precision@1: 59.458% (5023/8448)
Loss: 1.133 | Precision@1: 59.503% (5103/8576)
Loss: 1.132 | Precision@1: 59.570% (5185/8704)
Loss: 1.128 | Precision@1: 59.771% (5279/8832)
Loss: 1.127 | Precision@1: 59.743% (5353/8960)
Loss: 1.127 | Precision@1: 59.738% (5429/9088)
Loss: 1.129 | Precision@1: 59.733% (5505/9216)
Loss: 1.130 | Precision@1: 59.728% (5581/9344)
Loss: 1.130 | Precision@1: 59.639% (5649/9472)
Loss: 1.129 | Precision@1: 59.625% (5724/9600)
Loss: 1.129 | Precision@1: 59.622% (5800/9728)
Loss: 1.131 | Precision@1: 59.578% (5872/9856)
Loss: 1.132 | Precision@1: 59.545% (5945/9984)
Loss: 1.130 | Precision@1: 59.622% (6029/10112)
Loss: 1.131 | Precision@1: 59.629% (6106/10240)
Loss: 1.130 | Precision@1: 59.626% (6182/10368)
Loss: 1.129 | Precision@1: 59.699% (6266/10496)
Loss: 1.130 | Precision@1: 59.657% (6338/10624)
Loss: 1.131 | Precision@1: 59.645% (6413/10752)
Loss: 1.129 | Precision@1: 59.697% (6495/10880)
Loss: 1.132 | Precision@1: 59.548% (6555/11008)
Loss: 1.131 | Precision@1: 59.582% (6635/11136)
Loss: 1.132 | Precision@1: 59.570% (6710/11264)
Loss: 1.132 | Precision@1: 59.542% (6783/11392)
Loss: 1.132 | Precision@1: 59.523% (6857/11520)
Loss: 1.134 | Precision@1: 59.444% (6924/11648)
Loss: 1.134 | Precision@1: 59.383% (6993/11776)
Loss: 1.133 | Precision@1: 59.417% (7073/11904)
Loss: 1.134 | Precision@1: 59.383% (7145/12032)
Loss: 1.134 | Precision@1: 59.433% (7227/12160)
Loss: 1.134 | Precision@1: 59.399% (7299/12288)
Loss: 1.132 | Precision@1: 59.496% (7387/12416)
Loss: 1.131 | Precision@1: 59.542% (7469/12544)
Loss: 1.129 | Precision@1: 59.596% (7552/12672)
Loss: 1.130 | Precision@1: 59.641% (7634/12800)
Loss: 1.130 | Precision@1: 59.661% (7713/12928)
Loss: 1.128 | Precision@1: 59.735% (7799/13056)
Loss: 1.129 | Precision@1: 59.739% (7876/13184)
Loss: 1.128 | Precision@1: 59.751% (7954/13312)
Loss: 1.127 | Precision@1: 59.836% (8042/13440)
Loss: 1.126 | Precision@1: 59.832% (8118/13568)
Loss: 1.126 | Precision@1: 59.806% (8191/13696)
Loss: 1.126 | Precision@1: 59.816% (8269/13824)
Loss: 1.126 | Precision@1: 59.827% (8347/13952)
Loss: 1.127 | Precision@1: 59.815% (8422/14080)
Loss: 1.125 | Precision@1: 59.889% (8509/14208)
Loss: 1.124 | Precision@1: 59.933% (8592/14336)
Loss: 1.124 | Precision@1: 59.900% (8664/14464)
Loss: 1.123 | Precision@1: 59.923% (8744/14592)
Loss: 1.122 | Precision@1: 59.918% (8820/14720)
Loss: 1.122 | Precision@1: 59.894% (8893/14848)
Loss: 1.121 | Precision@1: 59.882% (8968/14976)
Loss: 1.119 | Precision@1: 59.951% (9055/15104)
Loss: 1.119 | Precision@1: 59.972% (9135/15232)
Loss: 1.120 | Precision@1: 59.928% (9205/15360)
Loss: 1.120 | Precision@1: 59.937% (9283/15488)
Loss: 1.119 | Precision@1: 59.919% (9357/15616)
Loss: 1.118 | Precision@1: 59.947% (9438/15744)
Loss: 1.118 | Precision@1: 59.967% (9518/15872)
Loss: 1.116 | Precision@1: 60.056% (9609/16000)
Loss: 1.116 | Precision@1: 60.026% (9681/16128)
Loss: 1.116 | Precision@1: 60.039% (9760/16256)
Loss: 1.115 | Precision@1: 60.077% (9843/16384)
Loss: 1.116 | Precision@1: 60.102% (9924/16512)
Loss: 1.116 | Precision@1: 60.084% (9998/16640)
Loss: 1.115 | Precision@1: 60.144% (10085/16768)
Loss: 1.115 | Precision@1: 60.168% (10166/16896)
Loss: 1.113 | Precision@1: 60.227% (10253/17024)
Loss: 1.112 | Precision@1: 60.267% (10337/17152)
Loss: 1.112 | Precision@1: 60.255% (10412/17280)
Loss: 1.110 | Precision@1: 60.323% (10501/17408)
Loss: 1.111 | Precision@1: 60.339% (10581/17536)
Loss: 1.110 | Precision@1: 60.383% (10666/17664)
Loss: 1.110 | Precision@1: 60.415% (10749/17792)
Loss: 1.110 | Precision@1: 60.402% (10824/17920)
Loss: 1.110 | Precision@1: 60.372% (10896/18048)
Loss: 1.110 | Precision@1: 60.365% (10972/18176)
Loss: 1.110 | Precision@1: 60.320% (11041/18304)
Loss: 1.110 | Precision@1: 60.362% (11126/18432)
Loss: 1.110 | Precision@1: 60.372% (11205/18560)
Loss: 1.110 | Precision@1: 60.360% (11280/18688)
Loss: 1.111 | Precision@1: 60.337% (11353/18816)
Loss: 1.113 | Precision@1: 60.267% (11417/18944)
Loss: 1.112 | Precision@1: 60.350% (11510/19072)
Loss: 1.112 | Precision@1: 60.328% (11583/19200)
Loss: 1.112 | Precision@1: 60.301% (11655/19328)
Loss: 1.113 | Precision@1: 60.259% (11724/19456)
Loss: 1.112 | Precision@1: 60.284% (11806/19584)
Loss: 1.112 | Precision@1: 60.268% (11880/19712)
Loss: 1.113 | Precision@1: 60.267% (11957/19840)
Loss: 1.113 | Precision@1: 60.251% (12031/19968)
Loss: 1.113 | Precision@1: 60.231% (12104/20096)
Loss: 1.113 | Precision@1: 60.156% (12166/20224)
Loss: 1.113 | Precision@1: 60.176% (12247/20352)
Loss: 1.113 | Precision@1: 60.151% (12319/20480)
Loss: 1.112 | Precision@1: 60.171% (12400/20608)
Loss: 1.112 | Precision@1: 60.185% (12480/20736)
Loss: 1.111 | Precision@1: 60.271% (12575/20864)
Loss: 1.110 | Precision@1: 60.309% (12660/20992)
Loss: 1.110 | Precision@1: 60.312% (12738/21120)
Loss: 1.109 | Precision@1: 60.321% (12817/21248)
Loss: 1.109 | Precision@1: 60.278% (12885/21376)
Loss: 1.109 | Precision@1: 60.296% (12966/21504)
Loss: 1.110 | Precision@1: 60.258% (13035/21632)
Loss: 1.110 | Precision@1: 60.276% (13116/21760)
Loss: 1.110 | Precision@1: 60.275% (13193/21888)
Loss: 1.109 | Precision@1: 60.293% (13274/22016)
Loss: 1.109 | Precision@1: 60.319% (13357/22144)
Loss: 1.110 | Precision@1: 60.322% (13435/22272)
Loss: 1.108 | Precision@1: 60.375% (13524/22400)
Loss: 1.109 | Precision@1: 60.378% (13602/22528)
Loss: 1.109 | Precision@1: 60.386% (13681/22656)
Loss: 1.109 | Precision@1: 60.393% (13760/22784)
Loss: 1.107 | Precision@1: 60.431% (13846/22912)
Loss: 1.107 | Precision@1: 60.477% (13934/23040)
Loss: 1.106 | Precision@1: 60.510% (14019/23168)
Loss: 1.104 | Precision@1: 60.555% (14107/23296)
Loss: 1.105 | Precision@1: 60.570% (14188/23424)
Loss: 1.105 | Precision@1: 60.572% (14266/23552)
Loss: 1.104 | Precision@1: 60.591% (14348/23680)
Loss: 1.103 | Precision@1: 60.614% (14431/23808)
Loss: 1.103 | Precision@1: 60.607% (14507/23936)
Loss: 1.102 | Precision@1: 60.638% (14592/24064)
Loss: 1.102 | Precision@1: 60.652% (14673/24192)
Loss: 1.102 | Precision@1: 60.658% (14752/24320)
Loss: 1.102 | Precision@1: 60.672% (14833/24448)
Loss: 1.101 | Precision@1: 60.718% (14922/24576)
Loss: 1.100 | Precision@1: 60.751% (15008/24704)
Loss: 1.099 | Precision@1: 60.772% (15091/24832)
Loss: 1.099 | Precision@1: 60.797% (15175/24960)
Loss: 1.098 | Precision@1: 60.806% (15255/25088)
Loss: 1.097 | Precision@1: 60.858% (15346/25216)
Loss: 1.097 | Precision@1: 60.870% (15427/25344)
Loss: 1.098 | Precision@1: 60.859% (15502/25472)
Loss: 1.097 | Precision@1: 60.871% (15583/25600)
Loss: 1.097 | Precision@1: 60.875% (15662/25728)
Loss: 1.096 | Precision@1: 60.930% (15754/25856)
Loss: 1.096 | Precision@1: 60.930% (15832/25984)
Loss: 1.095 | Precision@1: 60.945% (15914/26112)
Loss: 1.095 | Precision@1: 60.960% (15996/26240)
Loss: 1.094 | Precision@1: 60.991% (16082/26368)
Loss: 1.093 | Precision@1: 61.054% (16177/26496)
Loss: 1.092 | Precision@1: 61.054% (16255/26624)
Loss: 1.092 | Precision@1: 61.050% (16332/26752)
Loss: 1.091 | Precision@1: 61.086% (16420/26880)
Loss: 1.091 | Precision@1: 61.097% (16501/27008)
Loss: 1.090 | Precision@1: 61.122% (16586/27136)
Loss: 1.089 | Precision@1: 61.169% (16677/27264)
Loss: 1.089 | Precision@1: 61.178% (16758/27392)
Loss: 1.089 | Precision@1: 61.185% (16838/27520)
Loss: 1.090 | Precision@1: 61.144% (16905/27648)
Loss: 1.091 | Precision@1: 61.139% (16982/27776)
Loss: 1.091 | Precision@1: 61.131% (17058/27904)
Loss: 1.090 | Precision@1: 61.155% (17143/28032)
Loss: 1.089 | Precision@1: 61.161% (17223/28160)
Loss: 1.088 | Precision@1: 61.185% (17308/28288)
Loss: 1.089 | Precision@1: 61.156% (17378/28416)
Loss: 1.089 | Precision@1: 61.169% (17460/28544)
Loss: 1.089 | Precision@1: 61.150% (17533/28672)
Loss: 1.089 | Precision@1: 61.142% (17609/28800)
Loss: 1.088 | Precision@1: 61.159% (17692/28928)
Loss: 1.088 | Precision@1: 61.168% (17773/29056)
Loss: 1.087 | Precision@1: 61.205% (17862/29184)
Loss: 1.086 | Precision@1: 61.262% (17957/29312)
Loss: 1.086 | Precision@1: 61.257% (18034/29440)
Loss: 1.087 | Precision@1: 61.266% (18115/29568)
Loss: 1.087 | Precision@1: 61.291% (18201/29696)
Loss: 1.086 | Precision@1: 61.286% (18278/29824)
Loss: 1.086 | Precision@1: 61.308% (18363/29952)
Loss: 1.086 | Precision@1: 61.316% (18444/30080)
Loss: 1.086 | Precision@1: 61.328% (18526/30208)
Loss: 1.086 | Precision@1: 61.336% (18607/30336)
Loss: 1.086 | Precision@1: 61.338% (18686/30464)
Loss: 1.086 | Precision@1: 61.349% (18768/30592)
Loss: 1.086 | Precision@1: 61.322% (18838/30720)
Loss: 1.085 | Precision@1: 61.339% (18922/30848)
Loss: 1.085 | Precision@1: 61.351% (19004/30976)
Loss: 1.084 | Precision@1: 61.372% (19089/31104)
Loss: 1.083 | Precision@1: 61.405% (19178/31232)
Loss: 1.083 | Precision@1: 61.413% (19259/31360)
Loss: 1.083 | Precision@1: 61.395% (19332/31488)
Loss: 1.083 | Precision@1: 61.399% (19412/31616)
Loss: 1.083 | Precision@1: 61.419% (19497/31744)
Loss: 1.082 | Precision@1: 61.433% (19580/31872)
Loss: 1.082 | Precision@1: 61.459% (19667/32000)
Loss: 1.081 | Precision@1: 61.479% (19752/32128)
Loss: 1.080 | Precision@1: 61.523% (19845/32256)
Loss: 1.079 | Precision@1: 61.549% (19932/32384)
Loss: 1.080 | Precision@1: 61.562% (20015/32512)
Loss: 1.080 | Precision@1: 61.559% (20093/32640)
Loss: 1.080 | Precision@1: 61.554% (20170/32768)
Loss: 1.079 | Precision@1: 61.570% (20254/32896)
Loss: 1.079 | Precision@1: 61.576% (20335/33024)
Loss: 1.079 | Precision@1: 61.583% (20416/33152)
Loss: 1.080 | Precision@1: 61.553% (20485/33280)
Loss: 1.079 | Precision@1: 61.554% (20564/33408)
Loss: 1.079 | Precision@1: 61.576% (20650/33536)
Loss: 1.078 | Precision@1: 61.573% (20728/33664)
Loss: 1.078 | Precision@1: 61.577% (20808/33792)
Loss: 1.079 | Precision@1: 61.571% (20885/33920)
Loss: 1.079 | Precision@1: 61.569% (20963/34048)
Loss: 1.079 | Precision@1: 61.555% (21037/34176)
Loss: 1.079 | Precision@1: 61.561% (21118/34304)
Loss: 1.079 | Precision@1: 61.574% (21201/34432)
Loss: 1.078 | Precision@1: 61.580% (21282/34560)
Loss: 1.078 | Precision@1: 61.580% (21361/34688)
Loss: 1.078 | Precision@1: 61.601% (21447/34816)
Loss: 1.078 | Precision@1: 61.601% (21526/34944)
Loss: 1.077 | Precision@1: 61.610% (21608/35072)
Loss: 1.078 | Precision@1: 61.582% (21677/35200)
Loss: 1.078 | Precision@1: 61.591% (21759/35328)
Loss: 1.078 | Precision@1: 61.609% (21844/35456)
Loss: 1.077 | Precision@1: 61.598% (21919/35584)
Loss: 1.077 | Precision@1: 61.584% (21993/35712)
Loss: 1.078 | Precision@1: 61.568% (22066/35840)
Loss: 1.079 | Precision@1: 61.541% (22135/35968)
Loss: 1.078 | Precision@1: 61.566% (22223/36096)
Loss: 1.078 | Precision@1: 61.553% (22297/36224)
Loss: 1.078 | Precision@1: 61.573% (22383/36352)
Loss: 1.078 | Precision@1: 61.590% (22468/36480)
Loss: 1.078 | Precision@1: 61.590% (22547/36608)
Loss: 1.078 | Precision@1: 61.613% (22634/36736)
Loss: 1.078 | Precision@1: 61.618% (22715/36864)
Loss: 1.077 | Precision@1: 61.648% (22805/36992)
Loss: 1.077 | Precision@1: 61.657% (22887/37120)
Loss: 1.077 | Precision@1: 61.673% (22972/37248)
Loss: 1.077 | Precision@1: 61.687% (23056/37376)
Loss: 1.077 | Precision@1: 61.700% (23140/37504)
Loss: 1.076 | Precision@1: 61.711% (23223/37632)
Loss: 1.076 | Precision@1: 61.703% (23299/37760)
Loss: 1.076 | Precision@1: 61.711% (23381/37888)
Loss: 1.076 | Precision@1: 61.700% (23456/38016)
Loss: 1.076 | Precision@1: 61.708% (23538/38144)
Loss: 1.076 | Precision@1: 61.703% (23615/38272)
Loss: 1.076 | Precision@1: 61.711% (23697/38400)
Loss: 1.075 | Precision@1: 61.732% (23784/38528)
Loss: 1.075 | Precision@1: 61.768% (23877/38656)
Loss: 1.075 | Precision@1: 61.765% (23955/38784)
Loss: 1.075 | Precision@1: 61.768% (24035/38912)
Loss: 1.074 | Precision@1: 61.788% (24122/39040)
Loss: 1.074 | Precision@1: 61.816% (24212/39168)
Loss: 1.074 | Precision@1: 61.800% (24285/39296)
Loss: 1.074 | Precision@1: 61.800% (24364/39424)
Loss: 1.074 | Precision@1: 61.802% (24444/39552)
Loss: 1.074 | Precision@1: 61.812% (24527/39680)
Loss: 1.074 | Precision@1: 61.814% (24607/39808)
Loss: 1.074 | Precision@1: 61.816% (24687/39936)
Loss: 1.074 | Precision@1: 61.826% (24770/40064)
Loss: 1.073 | Precision@1: 61.833% (24852/40192)
Loss: 1.073 | Precision@1: 61.868% (24945/40320)
Loss: 1.073 | Precision@1: 61.865% (25023/40448)
Loss: 1.073 | Precision@1: 61.872% (25105/40576)
Loss: 1.073 | Precision@1: 61.864% (25181/40704)
Loss: 1.073 | Precision@1: 61.866% (25261/40832)
Loss: 1.072 | Precision@1: 61.882% (25347/40960)
Loss: 1.072 | Precision@1: 61.896% (25432/41088)
Loss: 1.071 | Precision@1: 61.910% (25517/41216)
Loss: 1.071 | Precision@1: 61.932% (25605/41344)
Loss: 1.071 | Precision@1: 61.921% (25680/41472)
Loss: 1.071 | Precision@1: 61.930% (25763/41600)
Loss: 1.071 | Precision@1: 61.951% (25851/41728)
Loss: 1.071 | Precision@1: 61.946% (25928/41856)
Loss: 1.071 | Precision@1: 61.924% (25998/41984)
Loss: 1.071 | Precision@1: 61.944% (26086/42112)
Loss: 1.071 | Precision@1: 61.963% (26173/42240)
Loss: 1.071 | Precision@1: 61.969% (26255/42368)
Loss: 1.071 | Precision@1: 61.961% (26331/42496)
Loss: 1.071 | Precision@1: 61.967% (26413/42624)
Loss: 1.070 | Precision@1: 61.990% (26502/42752)
Loss: 1.070 | Precision@1: 62.003% (26587/42880)
Loss: 1.070 | Precision@1: 62.026% (26676/43008)
Loss: 1.069 | Precision@1: 62.036% (26760/43136)
Loss: 1.069 | Precision@1: 62.038% (26840/43264)
Loss: 1.069 | Precision@1: 62.046% (26923/43392)
Loss: 1.069 | Precision@1: 62.040% (27000/43520)
Loss: 1.069 | Precision@1: 62.039% (27079/43648)
Loss: 1.069 | Precision@1: 62.045% (27161/43776)
Loss: 1.068 | Precision@1: 62.054% (27244/43904)
Loss: 1.068 | Precision@1: 62.075% (27333/44032)
Loss: 1.067 | Precision@1: 62.104% (27425/44160)
Loss: 1.067 | Precision@1: 62.107% (27506/44288)
Loss: 1.066 | Precision@1: 62.144% (27602/44416)
Loss: 1.065 | Precision@1: 62.161% (27689/44544)
Loss: 1.065 | Precision@1: 62.169% (27772/44672)
Loss: 1.065 | Precision@1: 62.176% (27855/44800)
Loss: 1.064 | Precision@1: 62.211% (27950/44928)
Loss: 1.064 | Precision@1: 62.220% (28034/45056)
Loss: 1.063 | Precision@1: 62.241% (28123/45184)
Loss: 1.063 | Precision@1: 62.266% (28214/45312)
Loss: 1.062 | Precision@1: 62.282% (28301/45440)
Loss: 1.062 | Precision@1: 62.292% (28385/45568)
Loss: 1.062 | Precision@1: 62.294% (28466/45696)
Loss: 1.061 | Precision@1: 62.306% (28551/45824)
Loss: 1.061 | Precision@1: 62.322% (28638/45952)
Loss: 1.061 | Precision@1: 62.326% (28720/46080)
Loss: 1.060 | Precision@1: 62.340% (28806/46208)
Loss: 1.060 | Precision@1: 62.342% (28887/46336)
Loss: 1.060 | Precision@1: 62.351% (28971/46464)
Loss: 1.059 | Precision@1: 62.373% (29061/46592)
Loss: 1.059 | Precision@1: 62.372% (29140/46720)
Loss: 1.059 | Precision@1: 62.380% (29224/46848)
Loss: 1.059 | Precision@1: 62.385% (29306/46976)
Loss: 1.058 | Precision@1: 62.398% (29392/47104)
Loss: 1.058 | Precision@1: 62.413% (29479/47232)
Loss: 1.057 | Precision@1: 62.437% (29570/47360)
Loss: 1.057 | Precision@1: 62.449% (29656/47488)
Loss: 1.057 | Precision@1: 62.456% (29739/47616)
Loss: 1.057 | Precision@1: 62.456% (29819/47744)
Loss: 1.056 | Precision@1: 62.458% (29900/47872)
Loss: 1.056 | Precision@1: 62.479% (29990/48000)
Loss: 1.055 | Precision@1: 62.477% (30069/48128)
Loss: 1.055 | Precision@1: 62.490% (30155/48256)
Loss: 1.055 | Precision@1: 62.486% (30233/48384)
Loss: 1.055 | Precision@1: 62.471% (30306/48512)
Loss: 1.055 | Precision@1: 62.473% (30387/48640)
Loss: 1.055 | Precision@1: 62.492% (30476/48768)
Loss: 1.055 | Precision@1: 62.518% (30569/48896)
Loss: 1.054 | Precision@1: 62.533% (30656/49024)
Loss: 1.054 | Precision@1: 62.531% (30735/49152)
Loss: 1.054 | Precision@1: 62.553% (30826/49280)
Loss: 1.053 | Precision@1: 62.563% (30911/49408)
Loss: 1.053 | Precision@1: 62.575% (30997/49536)
Loss: 1.053 | Precision@1: 62.575% (31077/49664)
Loss: 1.053 | Precision@1: 62.574% (31157/49792)
Loss: 1.052 | Precision@1: 62.604% (31252/49920)
Loss: 1.053 | Precision@1: 62.596% (31298/50000)

Aggregates: 			
 	 DataLoader Time: 0.4864 			
 	 Mini-batch Time: 12.2741 			
 	 Training Epoch Time: 30.3937
 			
 Averages: 			
 	 Training Loss: 1.0529

 Test set Averages: Loss: 0.955 | Precision@1: 66.310% (6631/10000)

Epoch: 4
Loss: 0.906 | Precision@1: 68.750% (88/128)
Loss: 0.998 | Precision@1: 63.672% (163/256)
Loss: 0.986 | Precision@1: 63.021% (242/384)
Loss: 0.954 | Precision@1: 64.258% (329/512)
Loss: 0.934 | Precision@1: 65.469% (419/640)
Loss: 0.928 | Precision@1: 66.276% (509/768)
Loss: 0.939 | Precision@1: 66.071% (592/896)
Loss: 0.954 | Precision@1: 65.918% (675/1024)
Loss: 0.949 | Precision@1: 65.972% (760/1152)
Loss: 0.964 | Precision@1: 65.781% (842/1280)
Loss: 0.973 | Precision@1: 65.341% (920/1408)
Loss: 0.966 | Precision@1: 65.755% (1010/1536)
Loss: 0.962 | Precision@1: 65.685% (1093/1664)
Loss: 0.964 | Precision@1: 65.458% (1173/1792)
Loss: 0.969 | Precision@1: 65.573% (1259/1920)
Loss: 0.964 | Precision@1: 65.625% (1344/2048)
Loss: 0.957 | Precision@1: 66.085% (1438/2176)
Loss: 0.952 | Precision@1: 66.319% (1528/2304)
Loss: 0.952 | Precision@1: 66.324% (1613/2432)
Loss: 0.951 | Precision@1: 66.406% (1700/2560)
Loss: 0.949 | Precision@1: 66.481% (1787/2688)
Loss: 0.943 | Precision@1: 66.726% (1879/2816)
Loss: 0.940 | Precision@1: 67.154% (1977/2944)
Loss: 0.939 | Precision@1: 67.122% (2062/3072)
Loss: 0.943 | Precision@1: 66.938% (2142/3200)
Loss: 0.938 | Precision@1: 67.157% (2235/3328)
Loss: 0.939 | Precision@1: 67.159% (2321/3456)
Loss: 0.941 | Precision@1: 66.964% (2400/3584)
Loss: 0.945 | Precision@1: 66.891% (2483/3712)
Loss: 0.945 | Precision@1: 66.953% (2571/3840)
Loss: 0.944 | Precision@1: 67.087% (2662/3968)
Loss: 0.950 | Precision@1: 66.992% (2744/4096)
Loss: 0.947 | Precision@1: 67.140% (2836/4224)
Loss: 0.954 | Precision@1: 66.912% (2912/4352)
Loss: 0.950 | Precision@1: 67.165% (3009/4480)
Loss: 0.947 | Precision@1: 67.383% (3105/4608)
Loss: 0.948 | Precision@1: 67.209% (3183/4736)
Loss: 0.949 | Precision@1: 67.331% (3275/4864)
Loss: 0.943 | Precision@1: 67.488% (3369/4992)
Loss: 0.942 | Precision@1: 67.598% (3461/5120)
Loss: 0.943 | Precision@1: 67.607% (3548/5248)
Loss: 0.946 | Precision@1: 67.411% (3624/5376)
Loss: 0.942 | Precision@1: 67.569% (3719/5504)
Loss: 0.942 | Precision@1: 67.560% (3805/5632)
Loss: 0.942 | Precision@1: 67.517% (3889/5760)
Loss: 0.941 | Precision@1: 67.493% (3974/5888)
Loss: 0.941 | Precision@1: 67.570% (4065/6016)
Loss: 0.939 | Precision@1: 67.676% (4158/6144)
Loss: 0.940 | Precision@1: 67.682% (4245/6272)
Loss: 0.938 | Precision@1: 67.703% (4333/6400)
Loss: 0.941 | Precision@1: 67.586% (4412/6528)
Loss: 0.940 | Precision@1: 67.533% (4495/6656)
Loss: 0.939 | Precision@1: 67.585% (4585/6784)
Loss: 0.939 | Precision@1: 67.607% (4673/6912)
Loss: 0.939 | Precision@1: 67.486% (4751/7040)
Loss: 0.941 | Precision@1: 67.341% (4827/7168)
Loss: 0.940 | Precision@1: 67.242% (4906/7296)
Loss: 0.938 | Precision@1: 67.255% (4993/7424)
Loss: 0.937 | Precision@1: 67.280% (5081/7552)
Loss: 0.938 | Precision@1: 67.214% (5162/7680)
Loss: 0.935 | Precision@1: 67.264% (5252/7808)
Loss: 0.933 | Precision@1: 67.326% (5343/7936)
Loss: 0.932 | Precision@1: 67.336% (5430/8064)
Loss: 0.932 | Precision@1: 67.322% (5515/8192)
Loss: 0.934 | Precision@1: 67.272% (5597/8320)
Loss: 0.935 | Precision@1: 67.223% (5679/8448)
Loss: 0.933 | Precision@1: 67.292% (5771/8576)
Loss: 0.934 | Precision@1: 67.256% (5854/8704)
Loss: 0.936 | Precision@1: 67.221% (5937/8832)
Loss: 0.936 | Precision@1: 67.199% (6021/8960)
Loss: 0.935 | Precision@1: 67.199% (6107/9088)
Loss: 0.936 | Precision@1: 67.188% (6192/9216)
Loss: 0.935 | Precision@1: 67.123% (6272/9344)
Loss: 0.936 | Precision@1: 67.135% (6359/9472)
Loss: 0.935 | Precision@1: 67.146% (6446/9600)
Loss: 0.935 | Precision@1: 67.085% (6526/9728)
Loss: 0.935 | Precision@1: 67.066% (6610/9856)
Loss: 0.935 | Precision@1: 67.097% (6699/9984)
Loss: 0.934 | Precision@1: 67.049% (6780/10112)
Loss: 0.933 | Precision@1: 67.139% (6875/10240)
Loss: 0.934 | Precision@1: 67.130% (6960/10368)
Loss: 0.935 | Precision@1: 67.130% (7046/10496)
Loss: 0.937 | Precision@1: 67.065% (7125/10624)
Loss: 0.937 | Precision@1: 67.029% (7207/10752)
Loss: 0.936 | Precision@1: 67.059% (7296/10880)
Loss: 0.938 | Precision@1: 67.033% (7379/11008)
Loss: 0.940 | Precision@1: 66.927% (7453/11136)
Loss: 0.938 | Precision@1: 67.001% (7547/11264)
Loss: 0.937 | Precision@1: 67.029% (7636/11392)
Loss: 0.937 | Precision@1: 66.970% (7715/11520)
Loss: 0.936 | Precision@1: 67.024% (7807/11648)
Loss: 0.935 | Precision@1: 67.069% (7898/11776)
Loss: 0.932 | Precision@1: 67.129% (7991/11904)
Loss: 0.933 | Precision@1: 67.055% (8068/12032)
Loss: 0.933 | Precision@1: 67.064% (8155/12160)
Loss: 0.933 | Precision@1: 67.049% (8239/12288)
Loss: 0.930 | Precision@1: 67.131% (8335/12416)
Loss: 0.930 | Precision@1: 67.124% (8420/12544)
Loss: 0.929 | Precision@1: 67.124% (8506/12672)
Loss: 0.927 | Precision@1: 67.234% (8606/12800)
Loss: 0.927 | Precision@1: 67.226% (8691/12928)
Loss: 0.927 | Precision@1: 67.210% (8775/13056)
Loss: 0.929 | Precision@1: 67.210% (8861/13184)
Loss: 0.929 | Precision@1: 67.165% (8941/13312)
Loss: 0.928 | Precision@1: 67.210% (9033/13440)
Loss: 0.928 | Precision@1: 67.188% (9116/13568)
Loss: 0.929 | Precision@1: 67.166% (9199/13696)
Loss: 0.930 | Precision@1: 67.151% (9283/13824)
Loss: 0.930 | Precision@1: 67.137% (9367/13952)
Loss: 0.929 | Precision@1: 67.152% (9455/14080)
Loss: 0.929 | Precision@1: 67.138% (9539/14208)
Loss: 0.930 | Precision@1: 67.076% (9616/14336)
Loss: 0.929 | Precision@1: 67.139% (9711/14464)
Loss: 0.928 | Precision@1: 67.160% (9800/14592)
Loss: 0.928 | Precision@1: 67.147% (9884/14720)
Loss: 0.929 | Precision@1: 67.093% (9962/14848)
Loss: 0.928 | Precision@1: 67.107% (10050/14976)
Loss: 0.929 | Precision@1: 67.082% (10132/15104)
Loss: 0.929 | Precision@1: 67.096% (10220/15232)
Loss: 0.928 | Precision@1: 67.122% (10310/15360)
Loss: 0.927 | Precision@1: 67.155% (10401/15488)
Loss: 0.926 | Precision@1: 67.168% (10489/15616)
Loss: 0.926 | Precision@1: 67.200% (10580/15744)
Loss: 0.926 | Precision@1: 67.181% (10663/15872)
Loss: 0.926 | Precision@1: 67.206% (10753/16000)
Loss: 0.925 | Precision@1: 67.281% (10851/16128)
Loss: 0.924 | Precision@1: 67.286% (10938/16256)
Loss: 0.924 | Precision@1: 67.316% (11029/16384)
Loss: 0.923 | Precision@1: 67.351% (11121/16512)
Loss: 0.923 | Precision@1: 67.368% (11210/16640)
Loss: 0.923 | Precision@1: 67.349% (11293/16768)
Loss: 0.922 | Precision@1: 67.383% (11385/16896)
Loss: 0.922 | Precision@1: 67.387% (11472/17024)
Loss: 0.922 | Precision@1: 67.415% (11563/17152)
Loss: 0.922 | Precision@1: 67.413% (11649/17280)
Loss: 0.922 | Precision@1: 67.429% (11738/17408)
Loss: 0.922 | Precision@1: 67.421% (11823/17536)
Loss: 0.921 | Precision@1: 67.408% (11907/17664)
Loss: 0.922 | Precision@1: 67.384% (11989/17792)
Loss: 0.922 | Precision@1: 67.377% (12074/17920)
Loss: 0.921 | Precision@1: 67.426% (12169/18048)
Loss: 0.921 | Precision@1: 67.391% (12249/18176)
Loss: 0.922 | Precision@1: 67.346% (12327/18304)
Loss: 0.923 | Precision@1: 67.329% (12410/18432)
Loss: 0.922 | Precision@1: 67.338% (12498/18560)
Loss: 0.921 | Precision@1: 67.337% (12584/18688)
Loss: 0.921 | Precision@1: 67.374% (12677/18816)
Loss: 0.921 | Precision@1: 67.346% (12758/18944)
Loss: 0.920 | Precision@1: 67.355% (12846/19072)
Loss: 0.920 | Precision@1: 67.339% (12929/19200)
Loss: 0.921 | Precision@1: 67.306% (13009/19328)
Loss: 0.921 | Precision@1: 67.326% (13099/19456)
Loss: 0.921 | Precision@1: 67.351% (13190/19584)
Loss: 0.922 | Precision@1: 67.330% (13272/19712)
Loss: 0.920 | Precision@1: 67.384% (13369/19840)
Loss: 0.921 | Precision@1: 67.368% (13452/19968)
Loss: 0.920 | Precision@1: 67.372% (13539/20096)
Loss: 0.920 | Precision@1: 67.370% (13625/20224)
Loss: 0.922 | Precision@1: 67.301% (13697/20352)
Loss: 0.922 | Precision@1: 67.295% (13782/20480)
Loss: 0.922 | Precision@1: 67.294% (13868/20608)
Loss: 0.922 | Precision@1: 67.289% (13953/20736)
Loss: 0.922 | Precision@1: 67.307% (14043/20864)
Loss: 0.921 | Precision@1: 67.321% (14132/20992)
Loss: 0.921 | Precision@1: 67.306% (14215/21120)
Loss: 0.921 | Precision@1: 67.310% (14302/21248)
Loss: 0.922 | Precision@1: 67.295% (14385/21376)
Loss: 0.921 | Precision@1: 67.322% (14477/21504)
Loss: 0.922 | Precision@1: 67.303% (14559/21632)
Loss: 0.922 | Precision@1: 67.293% (14643/21760)
Loss: 0.922 | Precision@1: 67.270% (14724/21888)
Loss: 0.922 | Precision@1: 67.251% (14806/22016)
Loss: 0.921 | Precision@1: 67.278% (14898/22144)
Loss: 0.921 | Precision@1: 67.259% (14980/22272)
Loss: 0.920 | Precision@1: 67.286% (15072/22400)
Loss: 0.920 | Precision@1: 67.281% (15157/22528)
Loss: 0.920 | Precision@1: 67.289% (15245/22656)
Loss: 0.920 | Precision@1: 67.306% (15335/22784)
Loss: 0.919 | Precision@1: 67.349% (15431/22912)
Loss: 0.918 | Precision@1: 67.378% (15524/23040)
Loss: 0.917 | Precision@1: 67.408% (15617/23168)
Loss: 0.916 | Precision@1: 67.445% (15712/23296)
Loss: 0.917 | Precision@1: 67.422% (15793/23424)
Loss: 0.917 | Precision@1: 67.430% (15881/23552)
Loss: 0.916 | Precision@1: 67.458% (15974/23680)
Loss: 0.916 | Precision@1: 67.486% (16067/23808)
Loss: 0.916 | Precision@1: 67.513% (16160/23936)
Loss: 0.917 | Precision@1: 67.495% (16242/24064)
Loss: 0.916 | Precision@1: 67.514% (16333/24192)
Loss: 0.916 | Precision@1: 67.541% (16426/24320)
Loss: 0.917 | Precision@1: 67.515% (16506/24448)
Loss: 0.919 | Precision@1: 67.452% (16577/24576)
Loss: 0.918 | Precision@1: 67.459% (16665/24704)
Loss: 0.917 | Precision@1: 67.477% (16756/24832)
Loss: 0.917 | Precision@1: 67.496% (16847/24960)
Loss: 0.917 | Precision@1: 67.518% (16939/25088)
Loss: 0.916 | Precision@1: 67.556% (17035/25216)
Loss: 0.916 | Precision@1: 67.507% (17109/25344)
Loss: 0.917 | Precision@1: 67.451% (17181/25472)
Loss: 0.916 | Precision@1: 67.473% (17273/25600)
Loss: 0.917 | Precision@1: 67.436% (17350/25728)
Loss: 0.917 | Precision@1: 67.447% (17439/25856)
Loss: 0.916 | Precision@1: 67.488% (17536/25984)
Loss: 0.917 | Precision@1: 67.479% (17620/26112)
Loss: 0.917 | Precision@1: 67.485% (17708/26240)
Loss: 0.916 | Precision@1: 67.498% (17798/26368)
Loss: 0.916 | Precision@1: 67.501% (17885/26496)
Loss: 0.917 | Precision@1: 67.473% (17964/26624)
Loss: 0.917 | Precision@1: 67.475% (18051/26752)
Loss: 0.916 | Precision@1: 67.493% (18142/26880)
Loss: 0.917 | Precision@1: 67.495% (18229/27008)
Loss: 0.917 | Precision@1: 67.501% (18317/27136)
Loss: 0.916 | Precision@1: 67.521% (18409/27264)
Loss: 0.916 | Precision@1: 67.523% (18496/27392)
Loss: 0.916 | Precision@1: 67.536% (18586/27520)
Loss: 0.916 | Precision@1: 67.546% (18675/27648)
Loss: 0.917 | Precision@1: 67.530% (18757/27776)
Loss: 0.916 | Precision@1: 67.539% (18846/27904)
Loss: 0.917 | Precision@1: 67.523% (18928/28032)
Loss: 0.916 | Precision@1: 67.557% (19024/28160)
Loss: 0.917 | Precision@1: 67.545% (19107/28288)
Loss: 0.917 | Precision@1: 67.532% (19190/28416)
Loss: 0.917 | Precision@1: 67.527% (19275/28544)
Loss: 0.916 | Precision@1: 67.568% (19373/28672)
Loss: 0.916 | Precision@1: 67.569% (19460/28800)
Loss: 0.917 | Precision@1: 67.533% (19536/28928)
Loss: 0.917 | Precision@1: 67.542% (19625/29056)
Loss: 0.917 | Precision@1: 67.523% (19706/29184)
Loss: 0.916 | Precision@1: 67.542% (19798/29312)
Loss: 0.916 | Precision@1: 67.531% (19881/29440)
Loss: 0.916 | Precision@1: 67.543% (19971/29568)
Loss: 0.916 | Precision@1: 67.521% (20051/29696)
Loss: 0.917 | Precision@1: 67.483% (20126/29824)
Loss: 0.916 | Precision@1: 67.475% (20210/29952)
Loss: 0.916 | Precision@1: 67.500% (20304/30080)
Loss: 0.916 | Precision@1: 67.509% (20393/30208)
Loss: 0.916 | Precision@1: 67.520% (20483/30336)
Loss: 0.916 | Precision@1: 67.522% (20570/30464)
Loss: 0.916 | Precision@1: 67.521% (20656/30592)
Loss: 0.916 | Precision@1: 67.526% (20744/30720)
Loss: 0.915 | Precision@1: 67.551% (20838/30848)
Loss: 0.915 | Precision@1: 67.565% (20929/30976)
Loss: 0.915 | Precision@1: 67.564% (21015/31104)
Loss: 0.915 | Precision@1: 67.559% (21100/31232)
Loss: 0.915 | Precision@1: 67.548% (21183/31360)
Loss: 0.914 | Precision@1: 67.578% (21279/31488)
Loss: 0.915 | Precision@1: 67.567% (21362/31616)
Loss: 0.914 | Precision@1: 67.578% (21452/31744)
Loss: 0.914 | Precision@1: 67.589% (21542/31872)
Loss: 0.914 | Precision@1: 67.597% (21631/32000)
Loss: 0.914 | Precision@1: 67.595% (21717/32128)
Loss: 0.914 | Precision@1: 67.609% (21808/32256)
Loss: 0.914 | Precision@1: 67.607% (21894/32384)
Loss: 0.914 | Precision@1: 67.600% (21978/32512)
Loss: 0.914 | Precision@1: 67.601% (22065/32640)
Loss: 0.914 | Precision@1: 67.606% (22153/32768)
Loss: 0.913 | Precision@1: 67.613% (22242/32896)
Loss: 0.913 | Precision@1: 67.605% (22326/33024)
Loss: 0.913 | Precision@1: 67.646% (22426/33152)
Loss: 0.913 | Precision@1: 67.638% (22510/33280)
Loss: 0.913 | Precision@1: 67.639% (22597/33408)
Loss: 0.912 | Precision@1: 67.647% (22686/33536)
Loss: 0.912 | Precision@1: 67.639% (22770/33664)
Loss: 0.912 | Precision@1: 67.673% (22868/33792)
Loss: 0.911 | Precision@1: 67.683% (22958/33920)
Loss: 0.911 | Precision@1: 67.675% (23042/34048)
Loss: 0.912 | Precision@1: 67.653% (23121/34176)
Loss: 0.912 | Precision@1: 67.666% (23212/34304)
Loss: 0.911 | Precision@1: 67.687% (23306/34432)
Loss: 0.911 | Precision@1: 67.685% (23392/34560)
Loss: 0.911 | Precision@1: 67.678% (23476/34688)
Loss: 0.910 | Precision@1: 67.719% (23577/34816)
Loss: 0.910 | Precision@1: 67.731% (23668/34944)
Loss: 0.909 | Precision@1: 67.749% (23761/35072)
Loss: 0.909 | Precision@1: 67.744% (23846/35200)
Loss: 0.909 | Precision@1: 67.768% (23941/35328)
Loss: 0.909 | Precision@1: 67.791% (24036/35456)
Loss: 0.909 | Precision@1: 67.786% (24121/35584)
Loss: 0.909 | Precision@1: 67.787% (24208/35712)
Loss: 0.908 | Precision@1: 67.810% (24303/35840)
Loss: 0.908 | Precision@1: 67.830% (24397/35968)
Loss: 0.908 | Precision@1: 67.841% (24488/36096)
Loss: 0.907 | Precision@1: 67.861% (24582/36224)
Loss: 0.907 | Precision@1: 67.867% (24671/36352)
Loss: 0.907 | Precision@1: 67.881% (24763/36480)
Loss: 0.907 | Precision@1: 67.879% (24849/36608)
Loss: 0.907 | Precision@1: 67.893% (24941/36736)
Loss: 0.907 | Precision@1: 67.909% (25034/36864)
Loss: 0.906 | Precision@1: 67.920% (25125/36992)
Loss: 0.906 | Precision@1: 67.915% (25210/37120)
Loss: 0.906 | Precision@1: 67.920% (25299/37248)
Loss: 0.907 | Precision@1: 67.902% (25379/37376)
Loss: 0.907 | Precision@1: 67.894% (25463/37504)
Loss: 0.907 | Precision@1: 67.908% (25555/37632)
Loss: 0.907 | Precision@1: 67.897% (25638/37760)
Loss: 0.906 | Precision@1: 67.916% (25732/37888)
Loss: 0.906 | Precision@1: 67.921% (25821/38016)
Loss: 0.906 | Precision@1: 67.911% (25904/38144)
Loss: 0.907 | Precision@1: 67.898% (25986/38272)
Loss: 0.906 | Precision@1: 67.893% (26071/38400)
Loss: 0.906 | Precision@1: 67.904% (26162/38528)
Loss: 0.906 | Precision@1: 67.914% (26253/38656)
Loss: 0.906 | Precision@1: 67.927% (26345/38784)
Loss: 0.906 | Precision@1: 67.946% (26439/38912)
Loss: 0.906 | Precision@1: 67.941% (26524/39040)
Loss: 0.906 | Precision@1: 67.948% (26614/39168)
Loss: 0.905 | Precision@1: 67.953% (26703/39296)
Loss: 0.905 | Precision@1: 67.959% (26792/39424)
Loss: 0.905 | Precision@1: 67.971% (26884/39552)
Loss: 0.905 | Precision@1: 67.984% (26976/39680)
Loss: 0.906 | Precision@1: 67.986% (27064/39808)
Loss: 0.905 | Precision@1: 67.991% (27153/39936)
Loss: 0.905 | Precision@1: 67.991% (27240/40064)
Loss: 0.905 | Precision@1: 67.999% (27330/40192)
Loss: 0.905 | Precision@1: 67.999% (27417/40320)
Loss: 0.905 | Precision@1: 68.008% (27508/40448)
Loss: 0.905 | Precision@1: 68.018% (27599/40576)
Loss: 0.905 | Precision@1: 68.045% (27697/40704)
Loss: 0.904 | Precision@1: 68.054% (27788/40832)
Loss: 0.904 | Precision@1: 68.066% (27880/40960)
Loss: 0.904 | Precision@1: 68.069% (27968/41088)
Loss: 0.904 | Precision@1: 68.073% (28057/41216)
Loss: 0.904 | Precision@1: 68.053% (28136/41344)
Loss: 0.904 | Precision@1: 68.053% (28223/41472)
Loss: 0.905 | Precision@1: 68.026% (28299/41600)
Loss: 0.904 | Precision@1: 68.026% (28386/41728)
Loss: 0.905 | Precision@1: 68.019% (28470/41856)
Loss: 0.904 | Precision@1: 68.031% (28562/41984)
Loss: 0.905 | Precision@1: 68.007% (28639/42112)
Loss: 0.905 | Precision@1: 67.995% (28721/42240)
Loss: 0.905 | Precision@1: 68.002% (28811/42368)
Loss: 0.905 | Precision@1: 67.992% (28894/42496)
Loss: 0.905 | Precision@1: 68.004% (28986/42624)
Loss: 0.905 | Precision@1: 68.023% (29081/42752)
Loss: 0.904 | Precision@1: 68.029% (29171/42880)
Loss: 0.904 | Precision@1: 68.052% (29268/43008)
Loss: 0.904 | Precision@1: 68.075% (29365/43136)
Loss: 0.903 | Precision@1: 68.098% (29462/43264)
Loss: 0.903 | Precision@1: 68.107% (29553/43392)
Loss: 0.903 | Precision@1: 68.114% (29643/43520)
Loss: 0.903 | Precision@1: 68.131% (29738/43648)
Loss: 0.902 | Precision@1: 68.165% (29840/43776)
Loss: 0.902 | Precision@1: 68.156% (29923/43904)
Loss: 0.902 | Precision@1: 68.178% (30020/44032)
Loss: 0.901 | Precision@1: 68.184% (30110/44160)
Loss: 0.901 | Precision@1: 68.195% (30202/44288)
Loss: 0.901 | Precision@1: 68.201% (30292/44416)
Loss: 0.901 | Precision@1: 68.216% (30386/44544)
Loss: 0.900 | Precision@1: 68.240% (30484/44672)
Loss: 0.900 | Precision@1: 68.252% (30577/44800)
Loss: 0.900 | Precision@1: 68.265% (30670/44928)
Loss: 0.899 | Precision@1: 68.291% (30769/45056)
Loss: 0.899 | Precision@1: 68.285% (30854/45184)
Loss: 0.899 | Precision@1: 68.306% (30951/45312)
Loss: 0.898 | Precision@1: 68.321% (31045/45440)
Loss: 0.899 | Precision@1: 68.307% (31126/45568)
Loss: 0.899 | Precision@1: 68.304% (31212/45696)
Loss: 0.899 | Precision@1: 68.287% (31292/45824)
Loss: 0.899 | Precision@1: 68.291% (31381/45952)
Loss: 0.899 | Precision@1: 68.301% (31473/46080)
Loss: 0.899 | Precision@1: 68.291% (31556/46208)
Loss: 0.899 | Precision@1: 68.303% (31649/46336)
Loss: 0.898 | Precision@1: 68.317% (31743/46464)
Loss: 0.898 | Precision@1: 68.338% (31840/46592)
Loss: 0.898 | Precision@1: 68.326% (31922/46720)
Loss: 0.898 | Precision@1: 68.310% (32002/46848)
Loss: 0.898 | Precision@1: 68.305% (32087/46976)
Loss: 0.897 | Precision@1: 68.323% (32183/47104)
Loss: 0.898 | Precision@1: 68.301% (32260/47232)
Loss: 0.898 | Precision@1: 68.302% (32348/47360)
Loss: 0.897 | Precision@1: 68.323% (32445/47488)
Loss: 0.897 | Precision@1: 68.307% (32525/47616)
Loss: 0.897 | Precision@1: 68.302% (32610/47744)
Loss: 0.897 | Precision@1: 68.330% (32711/47872)
Loss: 0.897 | Precision@1: 68.331% (32799/48000)
Loss: 0.897 | Precision@1: 68.341% (32891/48128)
Loss: 0.897 | Precision@1: 68.329% (32973/48256)
Loss: 0.897 | Precision@1: 68.335% (33063/48384)
Loss: 0.896 | Precision@1: 68.350% (33158/48512)
Loss: 0.896 | Precision@1: 68.357% (33249/48640)
Loss: 0.896 | Precision@1: 68.354% (33335/48768)
Loss: 0.896 | Precision@1: 68.370% (33430/48896)
Loss: 0.896 | Precision@1: 68.356% (33511/49024)
Loss: 0.896 | Precision@1: 68.359% (33600/49152)
Loss: 0.896 | Precision@1: 68.348% (33682/49280)
Loss: 0.896 | Precision@1: 68.339% (33765/49408)
Loss: 0.896 | Precision@1: 68.350% (33858/49536)
Loss: 0.896 | Precision@1: 68.353% (33947/49664)
Loss: 0.897 | Precision@1: 68.344% (34030/49792)
Loss: 0.897 | Precision@1: 68.351% (34121/49920)
Loss: 0.897 | Precision@1: 68.352% (34176/50000)

Aggregates: 			
 	 DataLoader Time: 0.3796 			
 	 Mini-batch Time: 12.1615 			
 	 Training Epoch Time: 30.3986
 			
 Averages: 			
 	 Training Loss: 0.8966

 Test set Averages: Loss: 1.273 | Precision@1: 59.830% (5983/10000)
Average dataloader time is 0.40
