model name	: Intel(R) Xeon(R) Gold 6152 CPU @ 2.10GHz
Tue Oct 29 18:48:11 2019       
+-----------------------------------------------------------------------------+
| NVIDIA-SMI 418.74       Driver Version: 418.74       CUDA Version: 10.1     |
|-------------------------------+----------------------+----------------------+
| GPU  Name        Persistence-M| Bus-Id        Disp.A | Volatile Uncorr. ECC |
| Fan  Temp  Perf  Pwr:Usage/Cap|         Memory-Usage | GPU-Util  Compute M. |
|===============================+======================+======================|
|   0  GeForce RTX 208...  On   | 00000000:3B:00.0 Off |                  N/A |
| 34%   49C    P2    78W / 250W |    990MiB / 10989MiB |      5%      Default |
+-------------------------------+----------------------+----------------------+
                                                                               
+-----------------------------------------------------------------------------+
| Processes:                                                       GPU Memory |
|  GPU       PID   Type   Process name                             Usage      |
|=============================================================================|
|    0    252675      C   python3                                      979MiB |
+-----------------------------------------------------------------------------+
Files already downloaded and verified
Files already downloaded and verified

Epoch: 0
Loss: 2.416 | Precision@1: 13.281% (17/128)
Loss: 2.908 | Precision@1: 12.891% (33/256)
Loss: 3.428 | Precision@1: 13.281% (51/384)
Loss: 4.281 | Precision@1: 13.477% (69/512)
Loss: 4.986 | Precision@1: 13.750% (88/640)
Loss: 5.032 | Precision@1: 13.542% (104/768)
Loss: 5.136 | Precision@1: 12.946% (116/896)
Loss: 5.038 | Precision@1: 12.891% (132/1024)
Loss: 5.021 | Precision@1: 12.674% (146/1152)
Loss: 5.058 | Precision@1: 12.188% (156/1280)
Loss: 5.225 | Precision@1: 12.003% (169/1408)
Loss: 5.163 | Precision@1: 12.240% (188/1536)
Loss: 5.072 | Precision@1: 12.440% (207/1664)
Loss: 4.958 | Precision@1: 12.221% (219/1792)
Loss: 4.833 | Precision@1: 12.396% (238/1920)
Loss: 4.724 | Precision@1: 12.402% (254/2048)
Loss: 4.691 | Precision@1: 12.454% (271/2176)
Loss: 4.577 | Precision@1: 12.240% (282/2304)
Loss: 4.489 | Precision@1: 11.883% (289/2432)
Loss: 4.391 | Precision@1: 11.758% (301/2560)
Loss: 4.435 | Precision@1: 11.682% (314/2688)
Loss: 4.371 | Precision@1: 11.541% (325/2816)
Loss: 4.323 | Precision@1: 11.617% (342/2944)
Loss: 4.246 | Precision@1: 11.621% (357/3072)
Loss: 4.176 | Precision@1: 11.344% (363/3200)
Loss: 4.157 | Precision@1: 11.268% (375/3328)
Loss: 4.126 | Precision@1: 11.227% (388/3456)
Loss: 4.089 | Precision@1: 11.523% (413/3584)
Loss: 4.059 | Precision@1: 11.557% (429/3712)
Loss: 4.022 | Precision@1: 11.328% (435/3840)
Loss: 3.973 | Precision@1: 11.265% (447/3968)
Loss: 3.930 | Precision@1: 11.353% (465/4096)
Loss: 3.883 | Precision@1: 11.577% (489/4224)
Loss: 3.847 | Precision@1: 11.673% (508/4352)
Loss: 3.807 | Precision@1: 11.607% (520/4480)
Loss: 3.770 | Precision@1: 11.675% (538/4608)
Loss: 3.737 | Precision@1: 11.698% (554/4736)
Loss: 3.711 | Precision@1: 11.739% (571/4864)
Loss: 3.686 | Precision@1: 11.498% (574/4992)
Loss: 3.655 | Precision@1: 11.504% (589/5120)
Loss: 3.626 | Precision@1: 11.414% (599/5248)
Loss: 3.603 | Precision@1: 11.328% (609/5376)
Loss: 3.574 | Precision@1: 11.319% (623/5504)
Loss: 3.551 | Precision@1: 11.239% (633/5632)
Loss: 3.525 | Precision@1: 11.198% (645/5760)
Loss: 3.499 | Precision@1: 11.192% (659/5888)
Loss: 3.473 | Precision@1: 11.270% (678/6016)
Loss: 3.451 | Precision@1: 11.247% (691/6144)
Loss: 3.431 | Precision@1: 11.129% (698/6272)
Loss: 3.414 | Precision@1: 11.156% (714/6400)
Loss: 3.390 | Precision@1: 11.275% (736/6528)
Loss: 3.368 | Precision@1: 11.418% (760/6656)
Loss: 3.348 | Precision@1: 11.512% (781/6784)
Loss: 3.329 | Precision@1: 11.502% (795/6912)
Loss: 3.311 | Precision@1: 11.591% (816/7040)
Loss: 3.292 | Precision@1: 11.677% (837/7168)
Loss: 3.274 | Precision@1: 11.664% (851/7296)
Loss: 3.262 | Precision@1: 11.665% (866/7424)
Loss: 3.246 | Precision@1: 11.666% (881/7552)
Loss: 3.229 | Precision@1: 11.758% (903/7680)
Loss: 3.219 | Precision@1: 11.885% (928/7808)
Loss: 3.203 | Precision@1: 11.983% (951/7936)
Loss: 3.188 | Precision@1: 12.078% (974/8064)
Loss: 3.174 | Precision@1: 12.158% (996/8192)
Loss: 3.159 | Precision@1: 12.188% (1014/8320)
Loss: 3.144 | Precision@1: 12.251% (1035/8448)
Loss: 3.130 | Precision@1: 12.360% (1060/8576)
Loss: 3.116 | Precision@1: 12.408% (1080/8704)
Loss: 3.103 | Precision@1: 12.523% (1106/8832)
Loss: 3.090 | Precision@1: 12.545% (1124/8960)
Loss: 3.078 | Precision@1: 12.599% (1145/9088)
Loss: 3.065 | Precision@1: 12.717% (1172/9216)
Loss: 3.053 | Precision@1: 12.757% (1192/9344)
Loss: 3.041 | Precision@1: 12.880% (1220/9472)
Loss: 3.028 | Precision@1: 12.948% (1243/9600)
Loss: 3.016 | Precision@1: 13.014% (1266/9728)
Loss: 3.003 | Precision@1: 13.200% (1301/9856)
Loss: 2.993 | Precision@1: 13.271% (1325/9984)
Loss: 2.982 | Precision@1: 13.370% (1352/10112)
Loss: 2.971 | Precision@1: 13.369% (1369/10240)
Loss: 2.959 | Precision@1: 13.513% (1401/10368)
Loss: 2.950 | Precision@1: 13.615% (1429/10496)
Loss: 2.939 | Precision@1: 13.667% (1452/10624)
Loss: 2.929 | Precision@1: 13.718% (1475/10752)
Loss: 2.919 | Precision@1: 13.759% (1497/10880)
Loss: 2.909 | Precision@1: 13.817% (1521/11008)
Loss: 2.900 | Precision@1: 13.919% (1550/11136)
Loss: 2.891 | Precision@1: 14.000% (1577/11264)
Loss: 2.882 | Precision@1: 14.124% (1609/11392)
Loss: 2.873 | Precision@1: 14.158% (1631/11520)
Loss: 2.864 | Precision@1: 14.226% (1657/11648)
Loss: 2.855 | Precision@1: 14.215% (1674/11776)
Loss: 2.845 | Precision@1: 14.281% (1700/11904)
Loss: 2.839 | Precision@1: 14.362% (1728/12032)
Loss: 2.831 | Precision@1: 14.400% (1751/12160)
Loss: 2.824 | Precision@1: 14.469% (1778/12288)
Loss: 2.817 | Precision@1: 14.465% (1796/12416)
Loss: 2.809 | Precision@1: 14.573% (1828/12544)
Loss: 2.803 | Precision@1: 14.615% (1852/12672)
Loss: 2.795 | Precision@1: 14.688% (1880/12800)
Loss: 2.788 | Precision@1: 14.782% (1911/12928)
Loss: 2.781 | Precision@1: 14.805% (1933/13056)
Loss: 2.774 | Precision@1: 14.882% (1962/13184)
Loss: 2.767 | Precision@1: 14.986% (1995/13312)
Loss: 2.759 | Precision@1: 15.104% (2030/13440)
Loss: 2.752 | Precision@1: 15.168% (2058/13568)
Loss: 2.745 | Precision@1: 15.223% (2085/13696)
Loss: 2.738 | Precision@1: 15.271% (2111/13824)
Loss: 2.731 | Precision@1: 15.374% (2145/13952)
Loss: 2.725 | Precision@1: 15.447% (2175/14080)
Loss: 2.720 | Precision@1: 15.534% (2207/14208)
Loss: 2.713 | Precision@1: 15.604% (2237/14336)
Loss: 2.707 | Precision@1: 15.660% (2265/14464)
Loss: 2.702 | Precision@1: 15.707% (2292/14592)
Loss: 2.696 | Precision@1: 15.747% (2318/14720)
Loss: 2.689 | Precision@1: 15.820% (2349/14848)
Loss: 2.683 | Precision@1: 15.832% (2371/14976)
Loss: 2.678 | Precision@1: 15.896% (2401/15104)
Loss: 2.672 | Precision@1: 15.960% (2431/15232)
Loss: 2.668 | Precision@1: 16.035% (2463/15360)
Loss: 2.664 | Precision@1: 16.103% (2494/15488)
Loss: 2.660 | Precision@1: 16.112% (2516/15616)
Loss: 2.654 | Precision@1: 16.159% (2544/15744)
Loss: 2.649 | Precision@1: 16.186% (2569/15872)
Loss: 2.644 | Precision@1: 16.244% (2599/16000)
Loss: 2.640 | Precision@1: 16.251% (2621/16128)
Loss: 2.635 | Precision@1: 16.308% (2651/16256)
Loss: 2.631 | Precision@1: 16.345% (2678/16384)
Loss: 2.626 | Precision@1: 16.473% (2720/16512)
Loss: 2.621 | Precision@1: 16.550% (2754/16640)
Loss: 2.616 | Precision@1: 16.627% (2788/16768)
Loss: 2.611 | Precision@1: 16.673% (2817/16896)
Loss: 2.608 | Precision@1: 16.729% (2848/17024)
Loss: 2.604 | Precision@1: 16.750% (2873/17152)
Loss: 2.600 | Precision@1: 16.846% (2911/17280)
Loss: 2.596 | Precision@1: 16.849% (2933/17408)
Loss: 2.591 | Precision@1: 16.908% (2965/17536)
Loss: 2.587 | Precision@1: 16.933% (2991/17664)
Loss: 2.584 | Precision@1: 16.929% (3012/17792)
Loss: 2.579 | Precision@1: 16.953% (3038/17920)
Loss: 2.575 | Precision@1: 17.032% (3074/18048)
Loss: 2.571 | Precision@1: 17.066% (3102/18176)
Loss: 2.567 | Precision@1: 17.116% (3133/18304)
Loss: 2.564 | Precision@1: 17.133% (3158/18432)
Loss: 2.560 | Precision@1: 17.177% (3188/18560)
Loss: 2.557 | Precision@1: 17.193% (3213/18688)
Loss: 2.552 | Precision@1: 17.251% (3246/18816)
Loss: 2.548 | Precision@1: 17.304% (3278/18944)
Loss: 2.545 | Precision@1: 17.371% (3313/19072)
Loss: 2.542 | Precision@1: 17.375% (3336/19200)
Loss: 2.538 | Precision@1: 17.436% (3370/19328)
Loss: 2.533 | Precision@1: 17.491% (3403/19456)
Loss: 2.530 | Precision@1: 17.530% (3433/19584)
Loss: 2.527 | Precision@1: 17.543% (3458/19712)
Loss: 2.523 | Precision@1: 17.566% (3485/19840)
Loss: 2.519 | Precision@1: 17.653% (3525/19968)
Loss: 2.516 | Precision@1: 17.730% (3563/20096)
Loss: 2.512 | Precision@1: 17.796% (3599/20224)
Loss: 2.509 | Precision@1: 17.836% (3630/20352)
Loss: 2.505 | Precision@1: 17.915% (3669/20480)
Loss: 2.502 | Precision@1: 17.974% (3704/20608)
Loss: 2.498 | Precision@1: 18.051% (3743/20736)
Loss: 2.495 | Precision@1: 18.093% (3775/20864)
Loss: 2.493 | Precision@1: 18.131% (3806/20992)
Loss: 2.489 | Precision@1: 18.196% (3843/21120)
Loss: 2.486 | Precision@1: 18.209% (3869/21248)
Loss: 2.483 | Precision@1: 18.273% (3906/21376)
Loss: 2.480 | Precision@1: 18.299% (3935/21504)
Loss: 2.477 | Precision@1: 18.343% (3968/21632)
Loss: 2.474 | Precision@1: 18.369% (3997/21760)
Loss: 2.471 | Precision@1: 18.453% (4039/21888)
Loss: 2.468 | Precision@1: 18.473% (4067/22016)
Loss: 2.465 | Precision@1: 18.538% (4105/22144)
Loss: 2.462 | Precision@1: 18.606% (4144/22272)
Loss: 2.459 | Precision@1: 18.638% (4175/22400)
Loss: 2.456 | Precision@1: 18.683% (4209/22528)
Loss: 2.453 | Precision@1: 18.772% (4253/22656)
Loss: 2.450 | Precision@1: 18.794% (4282/22784)
Loss: 2.447 | Precision@1: 18.863% (4322/22912)
Loss: 2.444 | Precision@1: 18.924% (4360/23040)
Loss: 2.442 | Precision@1: 18.987% (4399/23168)
Loss: 2.439 | Precision@1: 19.012% (4429/23296)
Loss: 2.436 | Precision@1: 19.083% (4470/23424)
Loss: 2.434 | Precision@1: 19.124% (4504/23552)
Loss: 2.432 | Precision@1: 19.130% (4530/23680)
Loss: 2.429 | Precision@1: 19.187% (4568/23808)
Loss: 2.426 | Precision@1: 19.239% (4605/23936)
Loss: 2.423 | Precision@1: 19.294% (4643/24064)
Loss: 2.420 | Precision@1: 19.345% (4680/24192)
Loss: 2.418 | Precision@1: 19.400% (4718/24320)
Loss: 2.416 | Precision@1: 19.441% (4753/24448)
Loss: 2.413 | Precision@1: 19.438% (4777/24576)
Loss: 2.411 | Precision@1: 19.466% (4809/24704)
Loss: 2.408 | Precision@1: 19.467% (4834/24832)
Loss: 2.406 | Precision@1: 19.515% (4871/24960)
Loss: 2.404 | Precision@1: 19.571% (4910/25088)
Loss: 2.401 | Precision@1: 19.611% (4945/25216)
Loss: 2.399 | Precision@1: 19.634% (4976/25344)
Loss: 2.396 | Precision@1: 19.708% (5020/25472)
Loss: 2.395 | Precision@1: 19.719% (5048/25600)
Loss: 2.392 | Precision@1: 19.753% (5082/25728)
Loss: 2.390 | Precision@1: 19.787% (5116/25856)
Loss: 2.387 | Precision@1: 19.851% (5158/25984)
Loss: 2.384 | Precision@1: 19.914% (5200/26112)
Loss: 2.381 | Precision@1: 19.973% (5241/26240)
Loss: 2.379 | Precision@1: 20.005% (5275/26368)
Loss: 2.377 | Precision@1: 20.029% (5307/26496)
Loss: 2.374 | Precision@1: 20.065% (5342/26624)
Loss: 2.372 | Precision@1: 20.118% (5382/26752)
Loss: 2.370 | Precision@1: 20.160% (5419/26880)
Loss: 2.368 | Precision@1: 20.183% (5451/27008)
Loss: 2.366 | Precision@1: 20.198% (5481/27136)
Loss: 2.364 | Precision@1: 20.228% (5515/27264)
Loss: 2.362 | Precision@1: 20.269% (5552/27392)
Loss: 2.359 | Precision@1: 20.316% (5591/27520)
Loss: 2.357 | Precision@1: 20.374% (5633/27648)
Loss: 2.355 | Precision@1: 20.410% (5669/27776)
Loss: 2.353 | Precision@1: 20.449% (5706/27904)
Loss: 2.351 | Precision@1: 20.491% (5744/28032)
Loss: 2.350 | Precision@1: 20.511% (5776/28160)
Loss: 2.347 | Precision@1: 20.574% (5820/28288)
Loss: 2.345 | Precision@1: 20.626% (5861/28416)
Loss: 2.343 | Precision@1: 20.698% (5908/28544)
Loss: 2.340 | Precision@1: 20.766% (5954/28672)
Loss: 2.339 | Precision@1: 20.819% (5996/28800)
Loss: 2.336 | Precision@1: 20.873% (6038/28928)
Loss: 2.335 | Precision@1: 20.894% (6071/29056)
Loss: 2.332 | Precision@1: 20.933% (6109/29184)
Loss: 2.330 | Precision@1: 20.995% (6154/29312)
Loss: 2.329 | Precision@1: 21.056% (6199/29440)
Loss: 2.327 | Precision@1: 21.077% (6232/29568)
Loss: 2.325 | Precision@1: 21.104% (6267/29696)
Loss: 2.324 | Precision@1: 21.107% (6295/29824)
Loss: 2.322 | Precision@1: 21.140% (6332/29952)
Loss: 2.320 | Precision@1: 21.190% (6374/30080)
Loss: 2.317 | Precision@1: 21.226% (6412/30208)
Loss: 2.315 | Precision@1: 21.292% (6459/30336)
Loss: 2.313 | Precision@1: 21.330% (6498/30464)
Loss: 2.311 | Precision@1: 21.368% (6537/30592)
Loss: 2.309 | Precision@1: 21.393% (6572/30720)
Loss: 2.308 | Precision@1: 21.418% (6607/30848)
Loss: 2.306 | Precision@1: 21.452% (6645/30976)
Loss: 2.304 | Precision@1: 21.489% (6684/31104)
Loss: 2.302 | Precision@1: 21.529% (6724/31232)
Loss: 2.300 | Precision@1: 21.566% (6763/31360)
Loss: 2.298 | Precision@1: 21.602% (6802/31488)
Loss: 2.296 | Precision@1: 21.647% (6844/31616)
Loss: 2.294 | Precision@1: 21.673% (6880/31744)
Loss: 2.292 | Precision@1: 21.746% (6931/31872)
Loss: 2.290 | Precision@1: 21.775% (6968/32000)
Loss: 2.289 | Precision@1: 21.813% (7008/32128)
Loss: 2.286 | Precision@1: 21.847% (7047/32256)
Loss: 2.285 | Precision@1: 21.863% (7080/32384)
Loss: 2.283 | Precision@1: 21.884% (7115/32512)
Loss: 2.282 | Precision@1: 21.909% (7151/32640)
Loss: 2.280 | Precision@1: 21.936% (7188/32768)
Loss: 2.278 | Precision@1: 22.042% (7251/32896)
Loss: 2.277 | Precision@1: 22.060% (7285/33024)
Loss: 2.275 | Precision@1: 22.086% (7322/33152)
Loss: 2.273 | Precision@1: 22.109% (7358/33280)
Loss: 2.271 | Precision@1: 22.150% (7400/33408)
Loss: 2.270 | Precision@1: 22.176% (7437/33536)
Loss: 2.268 | Precision@1: 22.199% (7473/33664)
Loss: 2.267 | Precision@1: 22.227% (7511/33792)
Loss: 2.265 | Precision@1: 22.273% (7555/33920)
Loss: 2.263 | Precision@1: 22.304% (7594/34048)
Loss: 2.261 | Precision@1: 22.349% (7638/34176)
Loss: 2.259 | Precision@1: 22.408% (7687/34304)
Loss: 2.257 | Precision@1: 22.447% (7729/34432)
Loss: 2.256 | Precision@1: 22.465% (7764/34560)
Loss: 2.254 | Precision@1: 22.501% (7805/34688)
Loss: 2.252 | Precision@1: 22.533% (7845/34816)
Loss: 2.250 | Precision@1: 22.582% (7891/34944)
Loss: 2.248 | Precision@1: 22.619% (7933/35072)
Loss: 2.247 | Precision@1: 22.651% (7973/35200)
Loss: 2.245 | Precision@1: 22.690% (8016/35328)
Loss: 2.244 | Precision@1: 22.744% (8064/35456)
Loss: 2.242 | Precision@1: 22.777% (8105/35584)
Loss: 2.241 | Precision@1: 22.807% (8145/35712)
Loss: 2.240 | Precision@1: 22.832% (8183/35840)
Loss: 2.239 | Precision@1: 22.862% (8223/35968)
Loss: 2.237 | Precision@1: 22.892% (8263/36096)
Loss: 2.236 | Precision@1: 22.919% (8302/36224)
Loss: 2.234 | Precision@1: 22.959% (8346/36352)
Loss: 2.232 | Precision@1: 23.010% (8394/36480)
Loss: 2.231 | Precision@1: 23.030% (8431/36608)
Loss: 2.229 | Precision@1: 23.078% (8478/36736)
Loss: 2.228 | Precision@1: 23.093% (8513/36864)
Loss: 2.226 | Precision@1: 23.121% (8553/36992)
Loss: 2.225 | Precision@1: 23.176% (8603/37120)
Loss: 2.223 | Precision@1: 23.196% (8640/37248)
Loss: 2.222 | Precision@1: 23.218% (8678/37376)
Loss: 2.220 | Precision@1: 23.256% (8722/37504)
Loss: 2.219 | Precision@1: 23.307% (8771/37632)
Loss: 2.217 | Precision@1: 23.347% (8816/37760)
Loss: 2.216 | Precision@1: 23.348% (8846/37888)
Loss: 2.215 | Precision@1: 23.380% (8888/38016)
Loss: 2.213 | Precision@1: 23.422% (8934/38144)
Loss: 2.212 | Precision@1: 23.448% (8974/38272)
Loss: 2.210 | Precision@1: 23.477% (9015/38400)
Loss: 2.209 | Precision@1: 23.508% (9057/38528)
Loss: 2.207 | Precision@1: 23.556% (9106/38656)
Loss: 2.206 | Precision@1: 23.579% (9145/38784)
Loss: 2.204 | Precision@1: 23.602% (9184/38912)
Loss: 2.203 | Precision@1: 23.642% (9230/39040)
Loss: 2.201 | Precision@1: 23.708% (9286/39168)
Loss: 2.200 | Precision@1: 23.740% (9329/39296)
Loss: 2.199 | Precision@1: 23.765% (9369/39424)
Loss: 2.198 | Precision@1: 23.797% (9412/39552)
Loss: 2.196 | Precision@1: 23.858% (9467/39680)
Loss: 2.194 | Precision@1: 23.880% (9506/39808)
Loss: 2.193 | Precision@1: 23.893% (9542/39936)
Loss: 2.192 | Precision@1: 23.934% (9589/40064)
Loss: 2.190 | Precision@1: 23.958% (9629/40192)
Loss: 2.189 | Precision@1: 24.000% (9677/40320)
Loss: 2.188 | Precision@1: 24.043% (9725/40448)
Loss: 2.186 | Precision@1: 24.086% (9773/40576)
Loss: 2.184 | Precision@1: 24.140% (9826/40704)
Loss: 2.183 | Precision@1: 24.165% (9867/40832)
Loss: 2.182 | Precision@1: 24.202% (9913/40960)
Loss: 2.181 | Precision@1: 24.250% (9964/41088)
Loss: 2.179 | Precision@1: 24.292% (10012/41216)
Loss: 2.178 | Precision@1: 24.325% (10057/41344)
Loss: 2.176 | Precision@1: 24.342% (10095/41472)
Loss: 2.175 | Precision@1: 24.377% (10141/41600)
Loss: 2.174 | Precision@1: 24.391% (10178/41728)
Loss: 2.173 | Precision@1: 24.422% (10222/41856)
Loss: 2.172 | Precision@1: 24.447% (10264/41984)
Loss: 2.171 | Precision@1: 24.475% (10307/42112)
Loss: 2.169 | Precision@1: 24.517% (10356/42240)
Loss: 2.167 | Precision@1: 24.568% (10409/42368)
Loss: 2.166 | Precision@1: 24.591% (10450/42496)
Loss: 2.165 | Precision@1: 24.611% (10490/42624)
Loss: 2.164 | Precision@1: 24.640% (10534/42752)
Loss: 2.163 | Precision@1: 24.667% (10577/42880)
Loss: 2.161 | Precision@1: 24.688% (10618/43008)
Loss: 2.160 | Precision@1: 24.738% (10671/43136)
Loss: 2.159 | Precision@1: 24.750% (10708/43264)
Loss: 2.158 | Precision@1: 24.783% (10754/43392)
Loss: 2.156 | Precision@1: 24.830% (10806/43520)
Loss: 2.155 | Precision@1: 24.844% (10844/43648)
Loss: 2.154 | Precision@1: 24.872% (10888/43776)
Loss: 2.152 | Precision@1: 24.916% (10939/43904)
Loss: 2.151 | Precision@1: 24.934% (10979/44032)
Loss: 2.150 | Precision@1: 24.959% (11022/44160)
Loss: 2.149 | Precision@1: 24.998% (11071/44288)
Loss: 2.147 | Precision@1: 25.063% (11132/44416)
Loss: 2.146 | Precision@1: 25.106% (11183/44544)
Loss: 2.145 | Precision@1: 25.116% (11220/44672)
Loss: 2.144 | Precision@1: 25.156% (11270/44800)
Loss: 2.143 | Precision@1: 25.185% (11315/44928)
Loss: 2.141 | Precision@1: 25.233% (11369/45056)
Loss: 2.140 | Precision@1: 25.268% (11417/45184)
Loss: 2.139 | Precision@1: 25.316% (11471/45312)
Loss: 2.137 | Precision@1: 25.343% (11516/45440)
Loss: 2.136 | Precision@1: 25.375% (11563/45568)
Loss: 2.135 | Precision@1: 25.403% (11608/45696)
Loss: 2.134 | Precision@1: 25.417% (11647/45824)
Loss: 2.133 | Precision@1: 25.450% (11695/45952)
Loss: 2.131 | Precision@1: 25.490% (11746/46080)
Loss: 2.130 | Precision@1: 25.517% (11791/46208)
Loss: 2.129 | Precision@1: 25.559% (11843/46336)
Loss: 2.128 | Precision@1: 25.581% (11886/46464)
Loss: 2.127 | Precision@1: 25.620% (11937/46592)
Loss: 2.126 | Precision@1: 25.646% (11982/46720)
Loss: 2.125 | Precision@1: 25.677% (12029/46848)
Loss: 2.124 | Precision@1: 25.700% (12073/46976)
Loss: 2.122 | Precision@1: 25.728% (12119/47104)
Loss: 2.122 | Precision@1: 25.741% (12158/47232)
Loss: 2.121 | Precision@1: 25.773% (12206/47360)
Loss: 2.120 | Precision@1: 25.804% (12254/47488)
Loss: 2.119 | Precision@1: 25.834% (12301/47616)
Loss: 2.118 | Precision@1: 25.855% (12344/47744)
Loss: 2.117 | Precision@1: 25.879% (12389/47872)
Loss: 2.116 | Precision@1: 25.919% (12441/48000)
Loss: 2.115 | Precision@1: 25.956% (12492/48128)
Loss: 2.114 | Precision@1: 25.974% (12534/48256)
Loss: 2.113 | Precision@1: 25.998% (12579/48384)
Loss: 2.112 | Precision@1: 26.024% (12625/48512)
Loss: 2.111 | Precision@1: 26.063% (12677/48640)
Loss: 2.110 | Precision@1: 26.074% (12716/48768)
Loss: 2.109 | Precision@1: 26.141% (12782/48896)
Loss: 2.108 | Precision@1: 26.163% (12826/49024)
Loss: 2.107 | Precision@1: 26.178% (12867/49152)
Loss: 2.106 | Precision@1: 26.224% (12923/49280)
Loss: 2.105 | Precision@1: 26.253% (12971/49408)
Loss: 2.104 | Precision@1: 26.278% (13017/49536)
Loss: 2.103 | Precision@1: 26.309% (13066/49664)
Loss: 2.103 | Precision@1: 26.326% (13108/49792)
Loss: 2.101 | Precision@1: 26.346% (13152/49920)
Loss: 2.100 | Precision@1: 26.348% (13174/50000)

Aggregates: 			
 	 DataLoader Time: 0.3552 			
 	 Mini-batch Time: 12.4589 			
 	 Training Epoch Time: 30.1056
 			
 Averages: 			
 	 Training Loss: 2.1003

 Test set Averages: Loss: 1.631 | Precision@1: 38.790% (3879/10000)

Epoch: 1
Loss: 1.659 | Precision@1: 38.281% (49/128)
Loss: 1.700 | Precision@1: 33.594% (86/256)
Loss: 1.787 | Precision@1: 29.948% (115/384)
Loss: 1.770 | Precision@1: 31.250% (160/512)
Loss: 1.751 | Precision@1: 31.406% (201/640)
Loss: 1.754 | Precision@1: 30.729% (236/768)
Loss: 1.748 | Precision@1: 31.808% (285/896)
Loss: 1.759 | Precision@1: 31.348% (321/1024)
Loss: 1.752 | Precision@1: 31.771% (366/1152)
Loss: 1.757 | Precision@1: 32.188% (412/1280)
Loss: 1.756 | Precision@1: 32.528% (458/1408)
Loss: 1.741 | Precision@1: 33.464% (514/1536)
Loss: 1.734 | Precision@1: 33.834% (563/1664)
Loss: 1.727 | Precision@1: 34.096% (611/1792)
Loss: 1.724 | Precision@1: 34.583% (664/1920)
Loss: 1.736 | Precision@1: 34.473% (706/2048)
Loss: 1.735 | Precision@1: 34.375% (748/2176)
Loss: 1.737 | Precision@1: 34.288% (790/2304)
Loss: 1.732 | Precision@1: 34.539% (840/2432)
Loss: 1.729 | Precision@1: 34.844% (892/2560)
Loss: 1.719 | Precision@1: 35.379% (951/2688)
Loss: 1.717 | Precision@1: 35.192% (991/2816)
Loss: 1.722 | Precision@1: 35.122% (1034/2944)
Loss: 1.722 | Precision@1: 35.091% (1078/3072)
Loss: 1.721 | Precision@1: 34.969% (1119/3200)
Loss: 1.720 | Precision@1: 34.946% (1163/3328)
Loss: 1.721 | Precision@1: 34.809% (1203/3456)
Loss: 1.722 | Precision@1: 34.710% (1244/3584)
Loss: 1.723 | Precision@1: 34.779% (1291/3712)
Loss: 1.723 | Precision@1: 34.792% (1336/3840)
Loss: 1.715 | Precision@1: 34.980% (1388/3968)
Loss: 1.714 | Precision@1: 35.229% (1443/4096)
Loss: 1.714 | Precision@1: 35.251% (1489/4224)
Loss: 1.713 | Precision@1: 35.340% (1538/4352)
Loss: 1.709 | Precision@1: 35.402% (1586/4480)
Loss: 1.708 | Precision@1: 35.547% (1638/4608)
Loss: 1.708 | Precision@1: 35.367% (1675/4736)
Loss: 1.707 | Precision@1: 35.382% (1721/4864)
Loss: 1.708 | Precision@1: 35.357% (1765/4992)
Loss: 1.709 | Precision@1: 35.312% (1808/5120)
Loss: 1.708 | Precision@1: 35.385% (1857/5248)
Loss: 1.710 | Precision@1: 35.305% (1898/5376)
Loss: 1.710 | Precision@1: 35.265% (1941/5504)
Loss: 1.706 | Precision@1: 35.476% (1998/5632)
Loss: 1.706 | Precision@1: 35.538% (2047/5760)
Loss: 1.706 | Precision@1: 35.649% (2099/5888)
Loss: 1.707 | Precision@1: 35.605% (2142/6016)
Loss: 1.705 | Precision@1: 35.645% (2190/6144)
Loss: 1.704 | Precision@1: 35.666% (2237/6272)
Loss: 1.702 | Precision@1: 35.719% (2286/6400)
Loss: 1.698 | Precision@1: 35.861% (2341/6528)
Loss: 1.698 | Precision@1: 35.862% (2387/6656)
Loss: 1.700 | Precision@1: 35.805% (2429/6784)
Loss: 1.697 | Precision@1: 35.909% (2482/6912)
Loss: 1.697 | Precision@1: 35.966% (2532/7040)
Loss: 1.696 | Precision@1: 35.979% (2579/7168)
Loss: 1.694 | Precision@1: 35.965% (2624/7296)
Loss: 1.693 | Precision@1: 35.978% (2671/7424)
Loss: 1.693 | Precision@1: 36.030% (2721/7552)
Loss: 1.691 | Precision@1: 36.081% (2771/7680)
Loss: 1.691 | Precision@1: 36.091% (2818/7808)
Loss: 1.693 | Precision@1: 36.076% (2863/7936)
Loss: 1.688 | Precision@1: 36.161% (2916/8064)
Loss: 1.689 | Precision@1: 36.230% (2968/8192)
Loss: 1.689 | Precision@1: 36.250% (3016/8320)
Loss: 1.688 | Precision@1: 36.257% (3063/8448)
Loss: 1.686 | Precision@1: 36.404% (3122/8576)
Loss: 1.686 | Precision@1: 36.489% (3176/8704)
Loss: 1.684 | Precision@1: 36.572% (3230/8832)
Loss: 1.684 | Precision@1: 36.574% (3277/8960)
Loss: 1.681 | Precision@1: 36.631% (3329/9088)
Loss: 1.681 | Precision@1: 36.708% (3383/9216)
Loss: 1.679 | Precision@1: 36.804% (3439/9344)
Loss: 1.679 | Precision@1: 36.814% (3487/9472)
Loss: 1.678 | Precision@1: 36.885% (3541/9600)
Loss: 1.677 | Precision@1: 36.863% (3586/9728)
Loss: 1.675 | Precision@1: 36.901% (3637/9856)
Loss: 1.674 | Precision@1: 37.009% (3695/9984)
Loss: 1.673 | Precision@1: 37.164% (3758/10112)
Loss: 1.672 | Precision@1: 37.158% (3805/10240)
Loss: 1.671 | Precision@1: 37.201% (3857/10368)
Loss: 1.670 | Precision@1: 37.329% (3918/10496)
Loss: 1.669 | Precision@1: 37.396% (3973/10624)
Loss: 1.667 | Precision@1: 37.435% (4025/10752)
Loss: 1.666 | Precision@1: 37.518% (4082/10880)
Loss: 1.666 | Precision@1: 37.536% (4132/11008)
Loss: 1.667 | Precision@1: 37.545% (4181/11136)
Loss: 1.666 | Precision@1: 37.642% (4240/11264)
Loss: 1.665 | Precision@1: 37.667% (4291/11392)
Loss: 1.665 | Precision@1: 37.708% (4344/11520)
Loss: 1.664 | Precision@1: 37.775% (4400/11648)
Loss: 1.664 | Precision@1: 37.780% (4449/11776)
Loss: 1.662 | Precision@1: 37.836% (4504/11904)
Loss: 1.660 | Precision@1: 37.916% (4562/12032)
Loss: 1.659 | Precision@1: 37.993% (4620/12160)
Loss: 1.658 | Precision@1: 38.037% (4674/12288)
Loss: 1.657 | Precision@1: 38.128% (4734/12416)
Loss: 1.656 | Precision@1: 38.114% (4781/12544)
Loss: 1.656 | Precision@1: 38.163% (4836/12672)
Loss: 1.655 | Precision@1: 38.219% (4892/12800)
Loss: 1.654 | Precision@1: 38.235% (4943/12928)
Loss: 1.654 | Precision@1: 38.243% (4993/13056)
Loss: 1.654 | Precision@1: 38.251% (5043/13184)
Loss: 1.655 | Precision@1: 38.229% (5089/13312)
Loss: 1.654 | Precision@1: 38.214% (5136/13440)
Loss: 1.654 | Precision@1: 38.178% (5180/13568)
Loss: 1.653 | Precision@1: 38.223% (5235/13696)
Loss: 1.652 | Precision@1: 38.252% (5288/13824)
Loss: 1.652 | Precision@1: 38.303% (5344/13952)
Loss: 1.650 | Precision@1: 38.317% (5395/14080)
Loss: 1.649 | Precision@1: 38.373% (5452/14208)
Loss: 1.649 | Precision@1: 38.379% (5502/14336)
Loss: 1.647 | Precision@1: 38.406% (5555/14464)
Loss: 1.647 | Precision@1: 38.411% (5605/14592)
Loss: 1.646 | Precision@1: 38.451% (5660/14720)
Loss: 1.645 | Precision@1: 38.483% (5714/14848)
Loss: 1.645 | Precision@1: 38.482% (5763/14976)
Loss: 1.644 | Precision@1: 38.460% (5809/15104)
Loss: 1.644 | Precision@1: 38.452% (5857/15232)
Loss: 1.645 | Precision@1: 38.464% (5908/15360)
Loss: 1.644 | Precision@1: 38.552% (5971/15488)
Loss: 1.644 | Precision@1: 38.557% (6021/15616)
Loss: 1.644 | Precision@1: 38.592% (6076/15744)
Loss: 1.644 | Precision@1: 38.590% (6125/15872)
Loss: 1.644 | Precision@1: 38.606% (6177/16000)
Loss: 1.643 | Precision@1: 38.659% (6235/16128)
Loss: 1.641 | Precision@1: 38.712% (6293/16256)
Loss: 1.642 | Precision@1: 38.757% (6350/16384)
Loss: 1.642 | Precision@1: 38.766% (6401/16512)
Loss: 1.641 | Precision@1: 38.786% (6454/16640)
Loss: 1.640 | Precision@1: 38.794% (6505/16768)
Loss: 1.640 | Precision@1: 38.826% (6560/16896)
Loss: 1.639 | Precision@1: 38.875% (6618/17024)
Loss: 1.639 | Precision@1: 38.853% (6664/17152)
Loss: 1.638 | Precision@1: 38.872% (6717/17280)
Loss: 1.637 | Precision@1: 38.884% (6769/17408)
Loss: 1.638 | Precision@1: 38.834% (6810/17536)
Loss: 1.638 | Precision@1: 38.819% (6857/17664)
Loss: 1.638 | Precision@1: 38.821% (6907/17792)
Loss: 1.636 | Precision@1: 38.850% (6962/17920)
Loss: 1.636 | Precision@1: 38.813% (7005/18048)
Loss: 1.637 | Precision@1: 38.815% (7055/18176)
Loss: 1.636 | Precision@1: 38.828% (7107/18304)
Loss: 1.635 | Precision@1: 38.878% (7166/18432)
Loss: 1.634 | Precision@1: 38.933% (7226/18560)
Loss: 1.635 | Precision@1: 38.891% (7268/18688)
Loss: 1.635 | Precision@1: 38.876% (7315/18816)
Loss: 1.634 | Precision@1: 38.936% (7376/18944)
Loss: 1.634 | Precision@1: 38.979% (7434/19072)
Loss: 1.634 | Precision@1: 38.969% (7482/19200)
Loss: 1.634 | Precision@1: 38.980% (7534/19328)
Loss: 1.634 | Precision@1: 38.949% (7578/19456)
Loss: 1.633 | Precision@1: 38.991% (7636/19584)
Loss: 1.632 | Precision@1: 39.007% (7689/19712)
Loss: 1.631 | Precision@1: 39.062% (7750/19840)
Loss: 1.630 | Precision@1: 39.098% (7807/19968)
Loss: 1.631 | Precision@1: 39.072% (7852/20096)
Loss: 1.630 | Precision@1: 39.092% (7906/20224)
Loss: 1.631 | Precision@1: 39.102% (7958/20352)
Loss: 1.631 | Precision@1: 39.067% (8001/20480)
Loss: 1.630 | Precision@1: 39.096% (8057/20608)
Loss: 1.629 | Precision@1: 39.116% (8111/20736)
Loss: 1.629 | Precision@1: 39.144% (8167/20864)
Loss: 1.628 | Precision@1: 39.182% (8225/20992)
Loss: 1.628 | Precision@1: 39.238% (8287/21120)
Loss: 1.627 | Precision@1: 39.246% (8339/21248)
Loss: 1.627 | Precision@1: 39.240% (8388/21376)
Loss: 1.628 | Precision@1: 39.207% (8431/21504)
Loss: 1.628 | Precision@1: 39.257% (8492/21632)
Loss: 1.627 | Precision@1: 39.301% (8552/21760)
Loss: 1.626 | Precision@1: 39.373% (8618/21888)
Loss: 1.625 | Precision@1: 39.435% (8682/22016)
Loss: 1.625 | Precision@1: 39.464% (8739/22144)
Loss: 1.624 | Precision@1: 39.480% (8793/22272)
Loss: 1.623 | Precision@1: 39.531% (8855/22400)
Loss: 1.623 | Precision@1: 39.555% (8911/22528)
Loss: 1.622 | Precision@1: 39.610% (8974/22656)
Loss: 1.621 | Precision@1: 39.642% (9032/22784)
Loss: 1.620 | Precision@1: 39.669% (9089/22912)
Loss: 1.620 | Precision@1: 39.670% (9140/23040)
Loss: 1.620 | Precision@1: 39.684% (9194/23168)
Loss: 1.619 | Precision@1: 39.715% (9252/23296)
Loss: 1.620 | Precision@1: 39.716% (9303/23424)
Loss: 1.619 | Precision@1: 39.750% (9362/23552)
Loss: 1.619 | Precision@1: 39.764% (9416/23680)
Loss: 1.619 | Precision@1: 39.781% (9471/23808)
Loss: 1.619 | Precision@1: 39.798% (9526/23936)
Loss: 1.619 | Precision@1: 39.806% (9579/24064)
Loss: 1.618 | Precision@1: 39.765% (9620/24192)
Loss: 1.618 | Precision@1: 39.753% (9668/24320)
Loss: 1.618 | Precision@1: 39.774% (9724/24448)
Loss: 1.618 | Precision@1: 39.771% (9774/24576)
Loss: 1.618 | Precision@1: 39.815% (9836/24704)
Loss: 1.618 | Precision@1: 39.812% (9886/24832)
Loss: 1.618 | Precision@1: 39.832% (9942/24960)
Loss: 1.617 | Precision@1: 39.816% (9989/25088)
Loss: 1.616 | Precision@1: 39.832% (10044/25216)
Loss: 1.616 | Precision@1: 39.812% (10090/25344)
Loss: 1.616 | Precision@1: 39.781% (10133/25472)
Loss: 1.616 | Precision@1: 39.750% (10176/25600)
Loss: 1.616 | Precision@1: 39.708% (10216/25728)
Loss: 1.616 | Precision@1: 39.701% (10265/25856)
Loss: 1.616 | Precision@1: 39.728% (10323/25984)
Loss: 1.616 | Precision@1: 39.752% (10380/26112)
Loss: 1.615 | Precision@1: 39.745% (10429/26240)
Loss: 1.616 | Precision@1: 39.745% (10480/26368)
Loss: 1.616 | Precision@1: 39.761% (10535/26496)
Loss: 1.615 | Precision@1: 39.780% (10591/26624)
Loss: 1.614 | Precision@1: 39.821% (10653/26752)
Loss: 1.613 | Precision@1: 39.874% (10718/26880)
Loss: 1.613 | Precision@1: 39.899% (10776/27008)
Loss: 1.613 | Precision@1: 39.895% (10826/27136)
Loss: 1.613 | Precision@1: 39.910% (10881/27264)
Loss: 1.612 | Precision@1: 39.899% (10929/27392)
Loss: 1.612 | Precision@1: 39.916% (10985/27520)
Loss: 1.612 | Precision@1: 39.920% (11037/27648)
Loss: 1.611 | Precision@1: 39.999% (11110/27776)
Loss: 1.611 | Precision@1: 40.034% (11171/27904)
Loss: 1.611 | Precision@1: 40.044% (11225/28032)
Loss: 1.610 | Precision@1: 40.103% (11293/28160)
Loss: 1.610 | Precision@1: 40.134% (11353/28288)
Loss: 1.610 | Precision@1: 40.132% (11404/28416)
Loss: 1.610 | Precision@1: 40.159% (11463/28544)
Loss: 1.609 | Precision@1: 40.206% (11528/28672)
Loss: 1.609 | Precision@1: 40.208% (11580/28800)
Loss: 1.609 | Precision@1: 40.196% (11628/28928)
Loss: 1.608 | Precision@1: 40.209% (11683/29056)
Loss: 1.608 | Precision@1: 40.186% (11728/29184)
Loss: 1.608 | Precision@1: 40.188% (11780/29312)
Loss: 1.608 | Precision@1: 40.173% (11827/29440)
Loss: 1.607 | Precision@1: 40.172% (11878/29568)
Loss: 1.607 | Precision@1: 40.191% (11935/29696)
Loss: 1.607 | Precision@1: 40.166% (11979/29824)
Loss: 1.607 | Precision@1: 40.161% (12029/29952)
Loss: 1.606 | Precision@1: 40.173% (12084/30080)
Loss: 1.606 | Precision@1: 40.175% (12136/30208)
Loss: 1.606 | Precision@1: 40.183% (12190/30336)
Loss: 1.606 | Precision@1: 40.179% (12240/30464)
Loss: 1.605 | Precision@1: 40.203% (12299/30592)
Loss: 1.605 | Precision@1: 40.221% (12356/30720)
Loss: 1.605 | Precision@1: 40.239% (12413/30848)
Loss: 1.605 | Precision@1: 40.228% (12461/30976)
Loss: 1.604 | Precision@1: 40.271% (12526/31104)
Loss: 1.603 | Precision@1: 40.298% (12586/31232)
Loss: 1.603 | Precision@1: 40.300% (12638/31360)
Loss: 1.603 | Precision@1: 40.323% (12697/31488)
Loss: 1.602 | Precision@1: 40.375% (12765/31616)
Loss: 1.602 | Precision@1: 40.354% (12810/31744)
Loss: 1.602 | Precision@1: 40.380% (12870/31872)
Loss: 1.601 | Precision@1: 40.419% (12934/32000)
Loss: 1.600 | Precision@1: 40.448% (12995/32128)
Loss: 1.600 | Precision@1: 40.470% (13054/32256)
Loss: 1.599 | Precision@1: 40.498% (13115/32384)
Loss: 1.599 | Precision@1: 40.496% (13166/32512)
Loss: 1.599 | Precision@1: 40.493% (13217/32640)
Loss: 1.599 | Precision@1: 40.503% (13272/32768)
Loss: 1.598 | Precision@1: 40.537% (13335/32896)
Loss: 1.597 | Precision@1: 40.570% (13398/33024)
Loss: 1.597 | Precision@1: 40.577% (13452/33152)
Loss: 1.596 | Precision@1: 40.595% (13510/33280)
Loss: 1.596 | Precision@1: 40.607% (13566/33408)
Loss: 1.595 | Precision@1: 40.610% (13619/33536)
Loss: 1.595 | Precision@1: 40.655% (13686/33664)
Loss: 1.595 | Precision@1: 40.663% (13741/33792)
Loss: 1.594 | Precision@1: 40.684% (13800/33920)
Loss: 1.594 | Precision@1: 40.693% (13855/34048)
Loss: 1.593 | Precision@1: 40.701% (13910/34176)
Loss: 1.593 | Precision@1: 40.721% (13969/34304)
Loss: 1.592 | Precision@1: 40.747% (14030/34432)
Loss: 1.592 | Precision@1: 40.775% (14092/34560)
Loss: 1.592 | Precision@1: 40.778% (14145/34688)
Loss: 1.592 | Precision@1: 40.774% (14196/34816)
Loss: 1.592 | Precision@1: 40.785% (14252/34944)
Loss: 1.591 | Precision@1: 40.793% (14307/35072)
Loss: 1.591 | Precision@1: 40.793% (14359/35200)
Loss: 1.590 | Precision@1: 40.815% (14419/35328)
Loss: 1.590 | Precision@1: 40.856% (14486/35456)
Loss: 1.589 | Precision@1: 40.869% (14543/35584)
Loss: 1.589 | Precision@1: 40.897% (14605/35712)
Loss: 1.588 | Precision@1: 40.924% (14667/35840)
Loss: 1.588 | Precision@1: 40.945% (14727/35968)
Loss: 1.587 | Precision@1: 40.957% (14784/36096)
Loss: 1.587 | Precision@1: 40.965% (14839/36224)
Loss: 1.587 | Precision@1: 40.983% (14898/36352)
Loss: 1.587 | Precision@1: 40.981% (14950/36480)
Loss: 1.587 | Precision@1: 41.016% (15015/36608)
Loss: 1.586 | Precision@1: 41.014% (15067/36736)
Loss: 1.586 | Precision@1: 41.013% (15119/36864)
Loss: 1.586 | Precision@1: 40.998% (15166/36992)
Loss: 1.585 | Precision@1: 41.010% (15223/37120)
Loss: 1.586 | Precision@1: 41.033% (15284/37248)
Loss: 1.585 | Precision@1: 41.048% (15342/37376)
Loss: 1.585 | Precision@1: 41.081% (15407/37504)
Loss: 1.585 | Precision@1: 41.087% (15462/37632)
Loss: 1.585 | Precision@1: 41.054% (15502/37760)
Loss: 1.584 | Precision@1: 41.068% (15560/37888)
Loss: 1.585 | Precision@1: 41.070% (15613/38016)
Loss: 1.585 | Precision@1: 41.076% (15668/38144)
Loss: 1.584 | Precision@1: 41.095% (15728/38272)
Loss: 1.584 | Precision@1: 41.125% (15792/38400)
Loss: 1.583 | Precision@1: 41.152% (15855/38528)
Loss: 1.583 | Precision@1: 41.160% (15911/38656)
Loss: 1.582 | Precision@1: 41.197% (15978/38784)
Loss: 1.582 | Precision@1: 41.224% (16041/38912)
Loss: 1.582 | Precision@1: 41.237% (16099/39040)
Loss: 1.581 | Precision@1: 41.261% (16161/39168)
Loss: 1.581 | Precision@1: 41.261% (16214/39296)
Loss: 1.581 | Precision@1: 41.277% (16273/39424)
Loss: 1.580 | Precision@1: 41.325% (16345/39552)
Loss: 1.580 | Precision@1: 41.348% (16407/39680)
Loss: 1.579 | Precision@1: 41.364% (16466/39808)
Loss: 1.579 | Precision@1: 41.381% (16526/39936)
Loss: 1.579 | Precision@1: 41.391% (16583/40064)
Loss: 1.579 | Precision@1: 41.399% (16639/40192)
Loss: 1.578 | Precision@1: 41.404% (16694/40320)
Loss: 1.578 | Precision@1: 41.419% (16753/40448)
Loss: 1.578 | Precision@1: 41.428% (16810/40576)
Loss: 1.578 | Precision@1: 41.438% (16867/40704)
Loss: 1.578 | Precision@1: 41.465% (16931/40832)
Loss: 1.577 | Precision@1: 41.492% (16995/40960)
Loss: 1.577 | Precision@1: 41.499% (17051/41088)
Loss: 1.576 | Precision@1: 41.520% (17113/41216)
Loss: 1.576 | Precision@1: 41.525% (17168/41344)
Loss: 1.576 | Precision@1: 41.536% (17226/41472)
Loss: 1.576 | Precision@1: 41.534% (17278/41600)
Loss: 1.576 | Precision@1: 41.548% (17337/41728)
Loss: 1.575 | Precision@1: 41.573% (17401/41856)
Loss: 1.574 | Precision@1: 41.585% (17459/41984)
Loss: 1.574 | Precision@1: 41.572% (17507/42112)
Loss: 1.574 | Precision@1: 41.589% (17567/42240)
Loss: 1.573 | Precision@1: 41.619% (17633/42368)
Loss: 1.573 | Precision@1: 41.625% (17689/42496)
Loss: 1.573 | Precision@1: 41.622% (17741/42624)
Loss: 1.572 | Precision@1: 41.645% (17804/42752)
Loss: 1.573 | Precision@1: 41.649% (17859/42880)
Loss: 1.573 | Precision@1: 41.643% (17910/43008)
Loss: 1.573 | Precision@1: 41.645% (17964/43136)
Loss: 1.572 | Precision@1: 41.674% (18030/43264)
Loss: 1.572 | Precision@1: 41.687% (18089/43392)
Loss: 1.572 | Precision@1: 41.696% (18146/43520)
Loss: 1.572 | Precision@1: 41.697% (18200/43648)
Loss: 1.571 | Precision@1: 41.699% (18254/43776)
Loss: 1.571 | Precision@1: 41.716% (18315/43904)
Loss: 1.571 | Precision@1: 41.731% (18375/44032)
Loss: 1.571 | Precision@1: 41.721% (18424/44160)
Loss: 1.570 | Precision@1: 41.754% (18492/44288)
Loss: 1.569 | Precision@1: 41.769% (18552/44416)
Loss: 1.569 | Precision@1: 41.786% (18613/44544)
Loss: 1.569 | Precision@1: 41.807% (18676/44672)
Loss: 1.569 | Precision@1: 41.815% (18733/44800)
Loss: 1.568 | Precision@1: 41.856% (18805/44928)
Loss: 1.567 | Precision@1: 41.870% (18865/45056)
Loss: 1.566 | Precision@1: 41.917% (18940/45184)
Loss: 1.566 | Precision@1: 41.949% (19008/45312)
Loss: 1.566 | Precision@1: 41.943% (19059/45440)
Loss: 1.566 | Precision@1: 41.957% (19119/45568)
Loss: 1.565 | Precision@1: 41.973% (19180/45696)
Loss: 1.565 | Precision@1: 41.995% (19244/45824)
Loss: 1.565 | Precision@1: 42.013% (19306/45952)
Loss: 1.565 | Precision@1: 42.020% (19363/46080)
Loss: 1.564 | Precision@1: 42.032% (19422/46208)
Loss: 1.565 | Precision@1: 42.021% (19471/46336)
Loss: 1.564 | Precision@1: 42.035% (19531/46464)
Loss: 1.564 | Precision@1: 42.074% (19603/46592)
Loss: 1.563 | Precision@1: 42.093% (19666/46720)
Loss: 1.562 | Precision@1: 42.115% (19730/46848)
Loss: 1.562 | Precision@1: 42.122% (19787/46976)
Loss: 1.562 | Precision@1: 42.130% (19845/47104)
Loss: 1.561 | Precision@1: 42.149% (19908/47232)
Loss: 1.561 | Precision@1: 42.154% (19964/47360)
Loss: 1.561 | Precision@1: 42.164% (20023/47488)
Loss: 1.561 | Precision@1: 42.179% (20084/47616)
Loss: 1.560 | Precision@1: 42.192% (20144/47744)
Loss: 1.559 | Precision@1: 42.215% (20209/47872)
Loss: 1.559 | Precision@1: 42.223% (20267/48000)
Loss: 1.558 | Precision@1: 42.246% (20332/48128)
Loss: 1.558 | Precision@1: 42.270% (20398/48256)
Loss: 1.557 | Precision@1: 42.303% (20468/48384)
Loss: 1.556 | Precision@1: 42.313% (20527/48512)
Loss: 1.556 | Precision@1: 42.327% (20588/48640)
Loss: 1.556 | Precision@1: 42.345% (20651/48768)
Loss: 1.556 | Precision@1: 42.361% (20713/48896)
Loss: 1.555 | Precision@1: 42.369% (20771/49024)
Loss: 1.556 | Precision@1: 42.379% (20830/49152)
Loss: 1.556 | Precision@1: 42.374% (20882/49280)
Loss: 1.555 | Precision@1: 42.388% (20943/49408)
Loss: 1.555 | Precision@1: 42.408% (21007/49536)
Loss: 1.555 | Precision@1: 42.431% (21073/49664)
Loss: 1.554 | Precision@1: 42.437% (21130/49792)
Loss: 1.554 | Precision@1: 42.442% (21187/49920)
Loss: 1.554 | Precision@1: 42.440% (21220/50000)

Aggregates: 			
 	 DataLoader Time: 0.3818 			
 	 Mini-batch Time: 12.2753 			
 	 Training Epoch Time: 29.8453
 			
 Averages: 			
 	 Training Loss: 1.5542

 Test set Averages: Loss: 1.535 | Precision@1: 44.640% (4464/10000)

Epoch: 2
Loss: 1.312 | Precision@1: 50.781% (65/128)
Loss: 1.447 | Precision@1: 47.656% (122/256)
Loss: 1.485 | Precision@1: 45.573% (175/384)
Loss: 1.470 | Precision@1: 46.875% (240/512)
Loss: 1.490 | Precision@1: 45.469% (291/640)
Loss: 1.481 | Precision@1: 46.875% (360/768)
Loss: 1.488 | Precision@1: 46.205% (414/896)
Loss: 1.481 | Precision@1: 46.777% (479/1024)
Loss: 1.470 | Precision@1: 46.701% (538/1152)
Loss: 1.461 | Precision@1: 47.344% (606/1280)
Loss: 1.472 | Precision@1: 46.946% (661/1408)
Loss: 1.470 | Precision@1: 47.266% (726/1536)
Loss: 1.474 | Precision@1: 46.454% (773/1664)
Loss: 1.464 | Precision@1: 46.652% (836/1792)
Loss: 1.454 | Precision@1: 46.719% (897/1920)
Loss: 1.445 | Precision@1: 47.266% (968/2048)
Loss: 1.447 | Precision@1: 47.564% (1035/2176)
Loss: 1.443 | Precision@1: 47.786% (1101/2304)
Loss: 1.439 | Precision@1: 47.821% (1163/2432)
Loss: 1.433 | Precision@1: 47.969% (1228/2560)
Loss: 1.426 | Precision@1: 48.326% (1299/2688)
Loss: 1.425 | Precision@1: 48.473% (1365/2816)
Loss: 1.423 | Precision@1: 48.336% (1423/2944)
Loss: 1.424 | Precision@1: 48.405% (1487/3072)
Loss: 1.423 | Precision@1: 48.344% (1547/3200)
Loss: 1.418 | Precision@1: 48.468% (1613/3328)
Loss: 1.414 | Precision@1: 48.669% (1682/3456)
Loss: 1.417 | Precision@1: 48.577% (1741/3584)
Loss: 1.422 | Precision@1: 48.518% (1801/3712)
Loss: 1.424 | Precision@1: 48.516% (1863/3840)
Loss: 1.422 | Precision@1: 48.488% (1924/3968)
Loss: 1.422 | Precision@1: 48.413% (1983/4096)
Loss: 1.424 | Precision@1: 48.343% (2042/4224)
Loss: 1.428 | Precision@1: 48.070% (2092/4352)
Loss: 1.425 | Precision@1: 47.991% (2150/4480)
Loss: 1.426 | Precision@1: 48.025% (2213/4608)
Loss: 1.430 | Precision@1: 47.846% (2266/4736)
Loss: 1.432 | Precision@1: 47.759% (2323/4864)
Loss: 1.433 | Precision@1: 47.696% (2381/4992)
Loss: 1.434 | Precision@1: 47.832% (2449/5120)
Loss: 1.434 | Precision@1: 47.752% (2506/5248)
Loss: 1.434 | Precision@1: 47.675% (2563/5376)
Loss: 1.437 | Precision@1: 47.493% (2614/5504)
Loss: 1.436 | Precision@1: 47.408% (2670/5632)
Loss: 1.434 | Precision@1: 47.656% (2745/5760)
Loss: 1.428 | Precision@1: 47.945% (2823/5888)
Loss: 1.428 | Precision@1: 47.889% (2881/6016)
Loss: 1.429 | Precision@1: 47.852% (2940/6144)
Loss: 1.431 | Precision@1: 47.784% (2997/6272)
Loss: 1.437 | Precision@1: 47.688% (3052/6400)
Loss: 1.436 | Precision@1: 47.656% (3111/6528)
Loss: 1.435 | Precision@1: 47.686% (3174/6656)
Loss: 1.434 | Precision@1: 47.642% (3232/6784)
Loss: 1.432 | Precision@1: 47.671% (3295/6912)
Loss: 1.432 | Precision@1: 47.628% (3353/7040)
Loss: 1.432 | Precision@1: 47.545% (3408/7168)
Loss: 1.431 | Precision@1: 47.519% (3467/7296)
Loss: 1.431 | Precision@1: 47.589% (3533/7424)
Loss: 1.431 | Precision@1: 47.577% (3593/7552)
Loss: 1.433 | Precision@1: 47.513% (3649/7680)
Loss: 1.432 | Precision@1: 47.541% (3712/7808)
Loss: 1.433 | Precision@1: 47.581% (3776/7936)
Loss: 1.434 | Precision@1: 47.557% (3835/8064)
Loss: 1.433 | Precision@1: 47.607% (3900/8192)
Loss: 1.432 | Precision@1: 47.680% (3967/8320)
Loss: 1.428 | Precision@1: 47.881% (4045/8448)
Loss: 1.428 | Precision@1: 47.889% (4107/8576)
Loss: 1.426 | Precision@1: 47.909% (4170/8704)
Loss: 1.426 | Precision@1: 47.849% (4226/8832)
Loss: 1.430 | Precision@1: 47.734% (4277/8960)
Loss: 1.429 | Precision@1: 47.810% (4345/9088)
Loss: 1.429 | Precision@1: 47.895% (4414/9216)
Loss: 1.427 | Precision@1: 47.988% (4484/9344)
Loss: 1.426 | Precision@1: 48.036% (4550/9472)
Loss: 1.425 | Precision@1: 48.031% (4611/9600)
Loss: 1.424 | Precision@1: 48.057% (4675/9728)
Loss: 1.424 | Precision@1: 48.093% (4740/9856)
Loss: 1.425 | Precision@1: 48.037% (4796/9984)
Loss: 1.423 | Precision@1: 48.072% (4861/10112)
Loss: 1.423 | Precision@1: 47.979% (4913/10240)
Loss: 1.425 | Precision@1: 47.907% (4967/10368)
Loss: 1.426 | Precision@1: 47.885% (5026/10496)
Loss: 1.425 | Precision@1: 47.882% (5087/10624)
Loss: 1.423 | Precision@1: 47.935% (5154/10752)
Loss: 1.421 | Precision@1: 47.960% (5218/10880)
Loss: 1.422 | Precision@1: 47.911% (5274/11008)
Loss: 1.423 | Precision@1: 47.755% (5318/11136)
Loss: 1.424 | Precision@1: 47.727% (5376/11264)
Loss: 1.424 | Precision@1: 47.735% (5438/11392)
Loss: 1.426 | Precision@1: 47.656% (5490/11520)
Loss: 1.425 | Precision@1: 47.622% (5547/11648)
Loss: 1.423 | Precision@1: 47.767% (5625/11776)
Loss: 1.422 | Precision@1: 47.833% (5694/11904)
Loss: 1.421 | Precision@1: 47.881% (5761/12032)
Loss: 1.421 | Precision@1: 47.928% (5828/12160)
Loss: 1.420 | Precision@1: 47.965% (5894/12288)
Loss: 1.419 | Precision@1: 48.003% (5960/12416)
Loss: 1.419 | Precision@1: 47.983% (6019/12544)
Loss: 1.420 | Precision@1: 47.948% (6076/12672)
Loss: 1.418 | Precision@1: 47.922% (6134/12800)
Loss: 1.419 | Precision@1: 47.888% (6191/12928)
Loss: 1.418 | Precision@1: 47.932% (6258/13056)
Loss: 1.418 | Precision@1: 47.929% (6319/13184)
Loss: 1.417 | Precision@1: 47.934% (6381/13312)
Loss: 1.418 | Precision@1: 47.946% (6444/13440)
Loss: 1.417 | Precision@1: 48.017% (6515/13568)
Loss: 1.417 | Precision@1: 48.043% (6580/13696)
Loss: 1.417 | Precision@1: 48.040% (6641/13824)
Loss: 1.416 | Precision@1: 48.115% (6713/13952)
Loss: 1.415 | Precision@1: 48.075% (6769/14080)
Loss: 1.415 | Precision@1: 48.093% (6833/14208)
Loss: 1.416 | Precision@1: 48.082% (6893/14336)
Loss: 1.416 | Precision@1: 48.092% (6956/14464)
Loss: 1.415 | Precision@1: 48.170% (7029/14592)
Loss: 1.413 | Precision@1: 48.261% (7104/14720)
Loss: 1.413 | Precision@1: 48.269% (7167/14848)
Loss: 1.414 | Precision@1: 48.284% (7231/14976)
Loss: 1.414 | Precision@1: 48.219% (7283/15104)
Loss: 1.414 | Precision@1: 48.201% (7342/15232)
Loss: 1.414 | Precision@1: 48.236% (7409/15360)
Loss: 1.412 | Precision@1: 48.289% (7479/15488)
Loss: 1.412 | Precision@1: 48.335% (7548/15616)
Loss: 1.411 | Precision@1: 48.387% (7618/15744)
Loss: 1.411 | Precision@1: 48.406% (7683/15872)
Loss: 1.412 | Precision@1: 48.400% (7744/16000)
Loss: 1.412 | Precision@1: 48.394% (7805/16128)
Loss: 1.411 | Precision@1: 48.382% (7865/16256)
Loss: 1.411 | Precision@1: 48.383% (7927/16384)
Loss: 1.412 | Precision@1: 48.359% (7985/16512)
Loss: 1.411 | Precision@1: 48.395% (8053/16640)
Loss: 1.412 | Precision@1: 48.366% (8110/16768)
Loss: 1.410 | Precision@1: 48.455% (8187/16896)
Loss: 1.410 | Precision@1: 48.526% (8261/17024)
Loss: 1.408 | Precision@1: 48.642% (8343/17152)
Loss: 1.408 | Precision@1: 48.640% (8405/17280)
Loss: 1.408 | Precision@1: 48.604% (8461/17408)
Loss: 1.408 | Precision@1: 48.609% (8524/17536)
Loss: 1.408 | Precision@1: 48.619% (8588/17664)
Loss: 1.407 | Precision@1: 48.629% (8652/17792)
Loss: 1.407 | Precision@1: 48.650% (8718/17920)
Loss: 1.407 | Precision@1: 48.665% (8783/18048)
Loss: 1.406 | Precision@1: 48.685% (8849/18176)
Loss: 1.407 | Precision@1: 48.651% (8905/18304)
Loss: 1.407 | Precision@1: 48.671% (8971/18432)
Loss: 1.406 | Precision@1: 48.734% (9045/18560)
Loss: 1.405 | Precision@1: 48.743% (9109/18688)
Loss: 1.405 | Precision@1: 48.740% (9171/18816)
Loss: 1.405 | Precision@1: 48.738% (9233/18944)
Loss: 1.405 | Precision@1: 48.715% (9291/19072)
Loss: 1.405 | Precision@1: 48.750% (9360/19200)
Loss: 1.405 | Precision@1: 48.722% (9417/19328)
Loss: 1.405 | Precision@1: 48.746% (9484/19456)
Loss: 1.404 | Precision@1: 48.754% (9548/19584)
Loss: 1.404 | Precision@1: 48.737% (9607/19712)
Loss: 1.404 | Precision@1: 48.750% (9672/19840)
Loss: 1.403 | Precision@1: 48.753% (9735/19968)
Loss: 1.403 | Precision@1: 48.776% (9802/20096)
Loss: 1.402 | Precision@1: 48.789% (9867/20224)
Loss: 1.403 | Precision@1: 48.757% (9923/20352)
Loss: 1.402 | Precision@1: 48.755% (9985/20480)
Loss: 1.401 | Precision@1: 48.792% (10055/20608)
Loss: 1.402 | Precision@1: 48.785% (10116/20736)
Loss: 1.401 | Precision@1: 48.783% (10178/20864)
Loss: 1.401 | Precision@1: 48.766% (10237/20992)
Loss: 1.400 | Precision@1: 48.783% (10303/21120)
Loss: 1.400 | Precision@1: 48.790% (10367/21248)
Loss: 1.400 | Precision@1: 48.816% (10435/21376)
Loss: 1.400 | Precision@1: 48.810% (10496/21504)
Loss: 1.400 | Precision@1: 48.793% (10555/21632)
Loss: 1.400 | Precision@1: 48.810% (10621/21760)
Loss: 1.399 | Precision@1: 48.876% (10698/21888)
Loss: 1.398 | Precision@1: 48.892% (10764/22016)
Loss: 1.398 | Precision@1: 48.921% (10833/22144)
Loss: 1.397 | Precision@1: 48.922% (10896/22272)
Loss: 1.397 | Precision@1: 48.938% (10962/22400)
Loss: 1.396 | Precision@1: 48.957% (11029/22528)
Loss: 1.397 | Precision@1: 48.932% (11086/22656)
Loss: 1.396 | Precision@1: 48.951% (11153/22784)
Loss: 1.397 | Precision@1: 48.957% (11217/22912)
Loss: 1.395 | Precision@1: 49.006% (11291/23040)
Loss: 1.395 | Precision@1: 49.042% (11362/23168)
Loss: 1.394 | Precision@1: 49.060% (11429/23296)
Loss: 1.394 | Precision@1: 49.086% (11498/23424)
Loss: 1.393 | Precision@1: 49.138% (11573/23552)
Loss: 1.392 | Precision@1: 49.164% (11642/23680)
Loss: 1.391 | Precision@1: 49.227% (11720/23808)
Loss: 1.392 | Precision@1: 49.190% (11774/23936)
Loss: 1.391 | Precision@1: 49.210% (11842/24064)
Loss: 1.391 | Precision@1: 49.227% (11909/24192)
Loss: 1.391 | Precision@1: 49.239% (11975/24320)
Loss: 1.390 | Precision@1: 49.260% (12043/24448)
Loss: 1.388 | Precision@1: 49.316% (12120/24576)
Loss: 1.389 | Precision@1: 49.308% (12181/24704)
Loss: 1.389 | Precision@1: 49.319% (12247/24832)
Loss: 1.388 | Precision@1: 49.331% (12313/24960)
Loss: 1.388 | Precision@1: 49.342% (12379/25088)
Loss: 1.388 | Precision@1: 49.350% (12444/25216)
Loss: 1.388 | Precision@1: 49.357% (12509/25344)
Loss: 1.387 | Precision@1: 49.340% (12568/25472)
Loss: 1.387 | Precision@1: 49.363% (12637/25600)
Loss: 1.386 | Precision@1: 49.405% (12711/25728)
Loss: 1.386 | Precision@1: 49.431% (12781/25856)
Loss: 1.385 | Precision@1: 49.442% (12847/25984)
Loss: 1.384 | Precision@1: 49.464% (12916/26112)
Loss: 1.384 | Precision@1: 49.482% (12984/26240)
Loss: 1.383 | Precision@1: 49.503% (13053/26368)
Loss: 1.383 | Precision@1: 49.536% (13125/26496)
Loss: 1.383 | Precision@1: 49.538% (13189/26624)
Loss: 1.383 | Precision@1: 49.533% (13251/26752)
Loss: 1.383 | Precision@1: 49.490% (13303/26880)
Loss: 1.384 | Precision@1: 49.441% (13353/27008)
Loss: 1.384 | Precision@1: 49.447% (13418/27136)
Loss: 1.384 | Precision@1: 49.428% (13476/27264)
Loss: 1.384 | Precision@1: 49.438% (13542/27392)
Loss: 1.383 | Precision@1: 49.469% (13614/27520)
Loss: 1.384 | Precision@1: 49.472% (13678/27648)
Loss: 1.383 | Precision@1: 49.474% (13742/27776)
Loss: 1.383 | Precision@1: 49.488% (13809/27904)
Loss: 1.384 | Precision@1: 49.483% (13871/28032)
Loss: 1.383 | Precision@1: 49.528% (13947/28160)
Loss: 1.383 | Precision@1: 49.533% (14012/28288)
Loss: 1.383 | Precision@1: 49.539% (14077/28416)
Loss: 1.383 | Precision@1: 49.510% (14132/28544)
Loss: 1.382 | Precision@1: 49.540% (14204/28672)
Loss: 1.381 | Precision@1: 49.559% (14273/28800)
Loss: 1.381 | Precision@1: 49.582% (14343/28928)
Loss: 1.381 | Precision@1: 49.597% (14411/29056)
Loss: 1.380 | Precision@1: 49.627% (14483/29184)
Loss: 1.380 | Precision@1: 49.638% (14550/29312)
Loss: 1.380 | Precision@1: 49.623% (14609/29440)
Loss: 1.379 | Precision@1: 49.655% (14682/29568)
Loss: 1.378 | Precision@1: 49.710% (14762/29696)
Loss: 1.378 | Precision@1: 49.728% (14831/29824)
Loss: 1.377 | Precision@1: 49.756% (14903/29952)
Loss: 1.377 | Precision@1: 49.777% (14973/30080)
Loss: 1.376 | Precision@1: 49.798% (15043/30208)
Loss: 1.376 | Precision@1: 49.812% (15111/30336)
Loss: 1.375 | Precision@1: 49.846% (15185/30464)
Loss: 1.375 | Precision@1: 49.850% (15250/30592)
Loss: 1.374 | Precision@1: 49.883% (15324/30720)
Loss: 1.373 | Precision@1: 49.916% (15398/30848)
Loss: 1.374 | Precision@1: 49.897% (15456/30976)
Loss: 1.374 | Precision@1: 49.913% (15525/31104)
Loss: 1.373 | Precision@1: 49.942% (15598/31232)
Loss: 1.373 | Precision@1: 49.920% (15655/31360)
Loss: 1.373 | Precision@1: 49.952% (15729/31488)
Loss: 1.372 | Precision@1: 49.968% (15798/31616)
Loss: 1.372 | Precision@1: 49.981% (15866/31744)
Loss: 1.372 | Precision@1: 49.991% (15933/31872)
Loss: 1.372 | Precision@1: 50.006% (16002/32000)
Loss: 1.371 | Precision@1: 50.028% (16073/32128)
Loss: 1.371 | Precision@1: 50.050% (16144/32256)
Loss: 1.371 | Precision@1: 50.046% (16207/32384)
Loss: 1.371 | Precision@1: 50.055% (16274/32512)
Loss: 1.370 | Precision@1: 50.070% (16343/32640)
Loss: 1.370 | Precision@1: 50.098% (16416/32768)
Loss: 1.370 | Precision@1: 50.116% (16486/32896)
Loss: 1.370 | Precision@1: 50.118% (16551/33024)
Loss: 1.369 | Precision@1: 50.118% (16615/33152)
Loss: 1.370 | Precision@1: 50.087% (16669/33280)
Loss: 1.369 | Precision@1: 50.129% (16747/33408)
Loss: 1.368 | Precision@1: 50.143% (16816/33536)
Loss: 1.368 | Precision@1: 50.140% (16879/33664)
Loss: 1.368 | Precision@1: 50.151% (16947/33792)
Loss: 1.368 | Precision@1: 50.150% (17011/33920)
Loss: 1.368 | Precision@1: 50.167% (17081/34048)
Loss: 1.368 | Precision@1: 50.167% (17145/34176)
Loss: 1.367 | Precision@1: 50.184% (17215/34304)
Loss: 1.368 | Precision@1: 50.180% (17278/34432)
Loss: 1.367 | Precision@1: 50.214% (17354/34560)
Loss: 1.367 | Precision@1: 50.234% (17425/34688)
Loss: 1.366 | Precision@1: 50.270% (17502/34816)
Loss: 1.366 | Precision@1: 50.298% (17576/34944)
Loss: 1.365 | Precision@1: 50.311% (17645/35072)
Loss: 1.364 | Precision@1: 50.332% (17717/35200)
Loss: 1.364 | Precision@1: 50.354% (17789/35328)
Loss: 1.364 | Precision@1: 50.369% (17859/35456)
Loss: 1.364 | Precision@1: 50.393% (17932/35584)
Loss: 1.363 | Precision@1: 50.420% (18006/35712)
Loss: 1.363 | Precision@1: 50.432% (18075/35840)
Loss: 1.363 | Precision@1: 50.450% (18146/35968)
Loss: 1.362 | Precision@1: 50.485% (18223/36096)
Loss: 1.362 | Precision@1: 50.508% (18296/36224)
Loss: 1.362 | Precision@1: 50.512% (18362/36352)
Loss: 1.361 | Precision@1: 50.526% (18432/36480)
Loss: 1.362 | Precision@1: 50.494% (18485/36608)
Loss: 1.361 | Precision@1: 50.501% (18552/36736)
Loss: 1.361 | Precision@1: 50.507% (18619/36864)
Loss: 1.360 | Precision@1: 50.514% (18686/36992)
Loss: 1.360 | Precision@1: 50.533% (18758/37120)
Loss: 1.360 | Precision@1: 50.537% (18824/37248)
Loss: 1.360 | Precision@1: 50.532% (18887/37376)
Loss: 1.360 | Precision@1: 50.531% (18951/37504)
Loss: 1.360 | Precision@1: 50.529% (19015/37632)
Loss: 1.359 | Precision@1: 50.535% (19082/37760)
Loss: 1.359 | Precision@1: 50.544% (19150/37888)
Loss: 1.359 | Precision@1: 50.563% (19222/38016)
Loss: 1.359 | Precision@1: 50.566% (19288/38144)
Loss: 1.358 | Precision@1: 50.580% (19358/38272)
Loss: 1.359 | Precision@1: 50.557% (19414/38400)
Loss: 1.358 | Precision@1: 50.558% (19479/38528)
Loss: 1.358 | Precision@1: 50.577% (19551/38656)
Loss: 1.358 | Precision@1: 50.593% (19622/38784)
Loss: 1.358 | Precision@1: 50.589% (19685/38912)
Loss: 1.358 | Precision@1: 50.584% (19748/39040)
Loss: 1.358 | Precision@1: 50.585% (19813/39168)
Loss: 1.357 | Precision@1: 50.570% (19872/39296)
Loss: 1.357 | Precision@1: 50.573% (19938/39424)
Loss: 1.357 | Precision@1: 50.564% (19999/39552)
Loss: 1.357 | Precision@1: 50.572% (20067/39680)
Loss: 1.357 | Precision@1: 50.588% (20138/39808)
Loss: 1.356 | Precision@1: 50.603% (20209/39936)
Loss: 1.356 | Precision@1: 50.617% (20279/40064)
Loss: 1.355 | Precision@1: 50.657% (20360/40192)
Loss: 1.355 | Precision@1: 50.665% (20428/40320)
Loss: 1.354 | Precision@1: 50.697% (20506/40448)
Loss: 1.354 | Precision@1: 50.697% (20571/40576)
Loss: 1.353 | Precision@1: 50.712% (20642/40704)
Loss: 1.354 | Precision@1: 50.698% (20701/40832)
Loss: 1.353 | Precision@1: 50.701% (20767/40960)
Loss: 1.353 | Precision@1: 50.735% (20846/41088)
Loss: 1.353 | Precision@1: 50.752% (20918/41216)
Loss: 1.352 | Precision@1: 50.752% (20983/41344)
Loss: 1.352 | Precision@1: 50.752% (21048/41472)
Loss: 1.352 | Precision@1: 50.776% (21123/41600)
Loss: 1.352 | Precision@1: 50.784% (21191/41728)
Loss: 1.351 | Precision@1: 50.827% (21274/41856)
Loss: 1.351 | Precision@1: 50.822% (21337/41984)
Loss: 1.350 | Precision@1: 50.852% (21415/42112)
Loss: 1.350 | Precision@1: 50.855% (21481/42240)
Loss: 1.350 | Precision@1: 50.850% (21544/42368)
Loss: 1.350 | Precision@1: 50.847% (21608/42496)
Loss: 1.350 | Precision@1: 50.859% (21678/42624)
Loss: 1.349 | Precision@1: 50.884% (21754/42752)
Loss: 1.348 | Precision@1: 50.910% (21830/42880)
Loss: 1.348 | Precision@1: 50.921% (21900/43008)
Loss: 1.348 | Precision@1: 50.925% (21967/43136)
Loss: 1.348 | Precision@1: 50.922% (22031/43264)
Loss: 1.347 | Precision@1: 50.929% (22099/43392)
Loss: 1.347 | Precision@1: 50.938% (22168/43520)
Loss: 1.347 | Precision@1: 50.958% (22242/43648)
Loss: 1.347 | Precision@1: 50.978% (22316/43776)
Loss: 1.346 | Precision@1: 50.989% (22386/43904)
Loss: 1.346 | Precision@1: 50.983% (22449/44032)
Loss: 1.345 | Precision@1: 51.010% (22526/44160)
Loss: 1.345 | Precision@1: 51.012% (22592/44288)
Loss: 1.344 | Precision@1: 51.051% (22675/44416)
Loss: 1.345 | Precision@1: 51.039% (22735/44544)
Loss: 1.345 | Precision@1: 51.048% (22804/44672)
Loss: 1.344 | Precision@1: 51.067% (22878/44800)
Loss: 1.344 | Precision@1: 51.086% (22952/44928)
Loss: 1.343 | Precision@1: 51.101% (23024/45056)
Loss: 1.343 | Precision@1: 51.129% (23102/45184)
Loss: 1.342 | Precision@1: 51.126% (23166/45312)
Loss: 1.342 | Precision@1: 51.142% (23239/45440)
Loss: 1.341 | Precision@1: 51.167% (23316/45568)
Loss: 1.341 | Precision@1: 51.171% (23383/45696)
Loss: 1.341 | Precision@1: 51.178% (23452/45824)
Loss: 1.340 | Precision@1: 51.197% (23526/45952)
Loss: 1.340 | Precision@1: 51.215% (23600/46080)
Loss: 1.340 | Precision@1: 51.208% (23662/46208)
Loss: 1.339 | Precision@1: 51.239% (23742/46336)
Loss: 1.339 | Precision@1: 51.268% (23821/46464)
Loss: 1.338 | Precision@1: 51.290% (23897/46592)
Loss: 1.338 | Precision@1: 51.321% (23977/46720)
Loss: 1.337 | Precision@1: 51.338% (24051/46848)
Loss: 1.337 | Precision@1: 51.352% (24123/46976)
Loss: 1.337 | Precision@1: 51.335% (24181/47104)
Loss: 1.337 | Precision@1: 51.357% (24257/47232)
Loss: 1.336 | Precision@1: 51.379% (24333/47360)
Loss: 1.336 | Precision@1: 51.394% (24406/47488)
Loss: 1.335 | Precision@1: 51.432% (24490/47616)
Loss: 1.335 | Precision@1: 51.449% (24564/47744)
Loss: 1.334 | Precision@1: 51.464% (24637/47872)
Loss: 1.334 | Precision@1: 51.471% (24706/48000)
Loss: 1.334 | Precision@1: 51.492% (24782/48128)
Loss: 1.333 | Precision@1: 51.517% (24860/48256)
Loss: 1.332 | Precision@1: 51.546% (24940/48384)
Loss: 1.332 | Precision@1: 51.571% (25018/48512)
Loss: 1.331 | Precision@1: 51.602% (25099/48640)
Loss: 1.331 | Precision@1: 51.620% (25174/48768)
Loss: 1.331 | Precision@1: 51.620% (25240/48896)
Loss: 1.330 | Precision@1: 51.644% (25318/49024)
Loss: 1.330 | Precision@1: 51.668% (25396/49152)
Loss: 1.329 | Precision@1: 51.682% (25469/49280)
Loss: 1.329 | Precision@1: 51.678% (25533/49408)
Loss: 1.329 | Precision@1: 51.692% (25606/49536)
Loss: 1.329 | Precision@1: 51.705% (25679/49664)
Loss: 1.329 | Precision@1: 51.713% (25749/49792)
Loss: 1.328 | Precision@1: 51.721% (25819/49920)
Loss: 1.328 | Precision@1: 51.738% (25869/50000)

Aggregates: 			
 	 DataLoader Time: 0.3842 			
 	 Mini-batch Time: 12.3491 			
 	 Training Epoch Time: 29.9659
 			
 Averages: 			
 	 Training Loss: 1.3276

 Test set Averages: Loss: 1.347 | Precision@1: 52.490% (5249/10000)

Epoch: 3
Loss: 1.207 | Precision@1: 57.812% (74/128)
Loss: 1.275 | Precision@1: 54.297% (139/256)
Loss: 1.204 | Precision@1: 56.771% (218/384)
Loss: 1.169 | Precision@1: 58.203% (298/512)
Loss: 1.199 | Precision@1: 57.188% (366/640)
Loss: 1.197 | Precision@1: 57.812% (444/768)
Loss: 1.203 | Precision@1: 57.366% (514/896)
Loss: 1.186 | Precision@1: 57.715% (591/1024)
Loss: 1.188 | Precision@1: 57.292% (660/1152)
Loss: 1.205 | Precision@1: 57.109% (731/1280)
Loss: 1.199 | Precision@1: 57.670% (812/1408)
Loss: 1.207 | Precision@1: 57.552% (884/1536)
Loss: 1.210 | Precision@1: 57.151% (951/1664)
Loss: 1.202 | Precision@1: 57.645% (1033/1792)
Loss: 1.200 | Precision@1: 57.500% (1104/1920)
Loss: 1.201 | Precision@1: 57.617% (1180/2048)
Loss: 1.204 | Precision@1: 57.077% (1242/2176)
Loss: 1.197 | Precision@1: 57.161% (1317/2304)
Loss: 1.193 | Precision@1: 57.237% (1392/2432)
Loss: 1.193 | Precision@1: 57.383% (1469/2560)
Loss: 1.201 | Precision@1: 57.068% (1534/2688)
Loss: 1.199 | Precision@1: 57.138% (1609/2816)
Loss: 1.195 | Precision@1: 57.405% (1690/2944)
Loss: 1.195 | Precision@1: 57.227% (1758/3072)
Loss: 1.190 | Precision@1: 57.312% (1834/3200)
Loss: 1.193 | Precision@1: 57.091% (1900/3328)
Loss: 1.190 | Precision@1: 57.350% (1982/3456)
Loss: 1.184 | Precision@1: 57.478% (2060/3584)
Loss: 1.181 | Precision@1: 57.597% (2138/3712)
Loss: 1.182 | Precision@1: 57.578% (2211/3840)
Loss: 1.184 | Precision@1: 57.308% (2274/3968)
Loss: 1.183 | Precision@1: 57.300% (2347/4096)
Loss: 1.185 | Precision@1: 57.481% (2428/4224)
Loss: 1.184 | Precision@1: 57.514% (2503/4352)
Loss: 1.182 | Precision@1: 57.478% (2575/4480)
Loss: 1.182 | Precision@1: 57.574% (2653/4608)
Loss: 1.185 | Precision@1: 57.454% (2721/4736)
Loss: 1.188 | Precision@1: 57.442% (2794/4864)
Loss: 1.184 | Precision@1: 57.592% (2875/4992)
Loss: 1.181 | Precision@1: 57.695% (2954/5120)
Loss: 1.182 | Precision@1: 57.622% (3024/5248)
Loss: 1.181 | Precision@1: 57.571% (3095/5376)
Loss: 1.188 | Precision@1: 57.340% (3156/5504)
Loss: 1.188 | Precision@1: 57.244% (3224/5632)
Loss: 1.186 | Precision@1: 57.344% (3303/5760)
Loss: 1.184 | Precision@1: 57.405% (3380/5888)
Loss: 1.184 | Precision@1: 57.364% (3451/6016)
Loss: 1.182 | Precision@1: 57.438% (3529/6144)
Loss: 1.182 | Precision@1: 57.510% (3607/6272)
Loss: 1.184 | Precision@1: 57.375% (3672/6400)
Loss: 1.185 | Precision@1: 57.384% (3746/6528)
Loss: 1.187 | Precision@1: 57.317% (3815/6656)
Loss: 1.189 | Precision@1: 57.311% (3888/6784)
Loss: 1.192 | Precision@1: 57.248% (3957/6912)
Loss: 1.191 | Precision@1: 57.259% (4031/7040)
Loss: 1.189 | Precision@1: 57.366% (4112/7168)
Loss: 1.188 | Precision@1: 57.292% (4180/7296)
Loss: 1.187 | Precision@1: 57.301% (4254/7424)
Loss: 1.189 | Precision@1: 57.164% (4317/7552)
Loss: 1.190 | Precision@1: 57.188% (4392/7680)
Loss: 1.187 | Precision@1: 57.377% (4480/7808)
Loss: 1.187 | Precision@1: 57.271% (4545/7936)
Loss: 1.187 | Precision@1: 57.205% (4613/8064)
Loss: 1.188 | Precision@1: 57.202% (4686/8192)
Loss: 1.189 | Precision@1: 57.127% (4753/8320)
Loss: 1.187 | Precision@1: 57.244% (4836/8448)
Loss: 1.188 | Precision@1: 57.218% (4907/8576)
Loss: 1.186 | Precision@1: 57.284% (4986/8704)
Loss: 1.187 | Precision@1: 57.326% (5063/8832)
Loss: 1.187 | Precision@1: 57.366% (5140/8960)
Loss: 1.187 | Precision@1: 57.339% (5211/9088)
Loss: 1.186 | Precision@1: 57.378% (5288/9216)
Loss: 1.184 | Precision@1: 57.449% (5368/9344)
Loss: 1.183 | Precision@1: 57.570% (5453/9472)
Loss: 1.181 | Precision@1: 57.646% (5534/9600)
Loss: 1.182 | Precision@1: 57.535% (5597/9728)
Loss: 1.179 | Precision@1: 57.610% (5678/9856)
Loss: 1.179 | Precision@1: 57.612% (5752/9984)
Loss: 1.179 | Precision@1: 57.654% (5830/10112)
Loss: 1.179 | Precision@1: 57.539% (5892/10240)
Loss: 1.179 | Precision@1: 57.533% (5965/10368)
Loss: 1.180 | Precision@1: 57.479% (6033/10496)
Loss: 1.180 | Precision@1: 57.492% (6108/10624)
Loss: 1.180 | Precision@1: 57.543% (6187/10752)
Loss: 1.179 | Precision@1: 57.555% (6262/10880)
Loss: 1.178 | Precision@1: 57.540% (6334/11008)
Loss: 1.177 | Precision@1: 57.552% (6409/11136)
Loss: 1.178 | Precision@1: 57.591% (6487/11264)
Loss: 1.177 | Precision@1: 57.628% (6565/11392)
Loss: 1.176 | Precision@1: 57.674% (6644/11520)
Loss: 1.176 | Precision@1: 57.581% (6707/11648)
Loss: 1.174 | Precision@1: 57.685% (6793/11776)
Loss: 1.174 | Precision@1: 57.686% (6867/11904)
Loss: 1.176 | Precision@1: 57.655% (6937/12032)
Loss: 1.174 | Precision@1: 57.714% (7018/12160)
Loss: 1.173 | Precision@1: 57.731% (7094/12288)
Loss: 1.172 | Precision@1: 57.780% (7174/12416)
Loss: 1.173 | Precision@1: 57.725% (7241/12544)
Loss: 1.173 | Precision@1: 57.741% (7317/12672)
Loss: 1.172 | Precision@1: 57.812% (7400/12800)
Loss: 1.170 | Precision@1: 57.874% (7482/12928)
Loss: 1.170 | Precision@1: 57.927% (7563/13056)
Loss: 1.170 | Precision@1: 57.926% (7637/13184)
Loss: 1.169 | Precision@1: 57.970% (7717/13312)
Loss: 1.168 | Precision@1: 58.036% (7800/13440)
Loss: 1.167 | Precision@1: 58.070% (7879/13568)
Loss: 1.166 | Precision@1: 58.112% (7959/13696)
Loss: 1.164 | Precision@1: 58.152% (8039/13824)
Loss: 1.165 | Precision@1: 58.114% (8108/13952)
Loss: 1.164 | Precision@1: 58.139% (8186/14080)
Loss: 1.164 | Precision@1: 58.143% (8261/14208)
Loss: 1.163 | Precision@1: 58.189% (8342/14336)
Loss: 1.163 | Precision@1: 58.165% (8413/14464)
Loss: 1.163 | Precision@1: 58.155% (8486/14592)
Loss: 1.162 | Precision@1: 58.186% (8565/14720)
Loss: 1.161 | Precision@1: 58.270% (8652/14848)
Loss: 1.161 | Precision@1: 58.287% (8729/14976)
Loss: 1.161 | Precision@1: 58.302% (8806/15104)
Loss: 1.161 | Precision@1: 58.325% (8884/15232)
Loss: 1.160 | Precision@1: 58.359% (8964/15360)
Loss: 1.160 | Precision@1: 58.368% (9040/15488)
Loss: 1.159 | Precision@1: 58.402% (9120/15616)
Loss: 1.158 | Precision@1: 58.435% (9200/15744)
Loss: 1.157 | Precision@1: 58.474% (9281/15872)
Loss: 1.157 | Precision@1: 58.475% (9356/16000)
Loss: 1.157 | Precision@1: 58.464% (9429/16128)
Loss: 1.157 | Precision@1: 58.483% (9507/16256)
Loss: 1.156 | Precision@1: 58.478% (9581/16384)
Loss: 1.156 | Precision@1: 58.448% (9651/16512)
Loss: 1.155 | Precision@1: 58.468% (9729/16640)
Loss: 1.155 | Precision@1: 58.480% (9806/16768)
Loss: 1.154 | Precision@1: 58.535% (9890/16896)
Loss: 1.153 | Precision@1: 58.559% (9969/17024)
Loss: 1.153 | Precision@1: 58.565% (10045/17152)
Loss: 1.152 | Precision@1: 58.600% (10126/17280)
Loss: 1.152 | Precision@1: 58.565% (10195/17408)
Loss: 1.151 | Precision@1: 58.594% (10275/17536)
Loss: 1.151 | Precision@1: 58.577% (10347/17664)
Loss: 1.152 | Precision@1: 58.538% (10415/17792)
Loss: 1.153 | Precision@1: 58.549% (10492/17920)
Loss: 1.153 | Precision@1: 58.572% (10571/18048)
Loss: 1.152 | Precision@1: 58.594% (10650/18176)
Loss: 1.150 | Precision@1: 58.654% (10736/18304)
Loss: 1.150 | Precision@1: 58.664% (10813/18432)
Loss: 1.149 | Precision@1: 58.664% (10888/18560)
Loss: 1.150 | Precision@1: 58.626% (10956/18688)
Loss: 1.150 | Precision@1: 58.615% (11029/18816)
Loss: 1.149 | Precision@1: 58.631% (11107/18944)
Loss: 1.150 | Precision@1: 58.636% (11183/19072)
Loss: 1.151 | Precision@1: 58.609% (11253/19200)
Loss: 1.151 | Precision@1: 58.599% (11326/19328)
Loss: 1.151 | Precision@1: 58.614% (11404/19456)
Loss: 1.152 | Precision@1: 58.599% (11476/19584)
Loss: 1.152 | Precision@1: 58.558% (11543/19712)
Loss: 1.152 | Precision@1: 58.553% (11617/19840)
Loss: 1.152 | Precision@1: 58.549% (11691/19968)
Loss: 1.152 | Precision@1: 58.549% (11766/20096)
Loss: 1.151 | Precision@1: 58.554% (11842/20224)
Loss: 1.152 | Precision@1: 58.550% (11916/20352)
Loss: 1.151 | Precision@1: 58.555% (11992/20480)
Loss: 1.151 | Precision@1: 58.565% (12069/20608)
Loss: 1.151 | Precision@1: 58.560% (12143/20736)
Loss: 1.152 | Precision@1: 58.531% (12212/20864)
Loss: 1.152 | Precision@1: 58.522% (12285/20992)
Loss: 1.153 | Precision@1: 58.513% (12358/21120)
Loss: 1.152 | Precision@1: 58.556% (12442/21248)
Loss: 1.151 | Precision@1: 58.598% (12526/21376)
Loss: 1.151 | Precision@1: 58.640% (12610/21504)
Loss: 1.150 | Precision@1: 58.663% (12690/21632)
Loss: 1.148 | Precision@1: 58.727% (12779/21760)
Loss: 1.148 | Precision@1: 58.690% (12846/21888)
Loss: 1.148 | Precision@1: 58.698% (12923/22016)
Loss: 1.149 | Precision@1: 58.689% (12996/22144)
Loss: 1.148 | Precision@1: 58.697% (13073/22272)
Loss: 1.148 | Precision@1: 58.719% (13153/22400)
Loss: 1.149 | Precision@1: 58.727% (13230/22528)
Loss: 1.148 | Precision@1: 58.757% (13312/22656)
Loss: 1.149 | Precision@1: 58.730% (13381/22784)
Loss: 1.149 | Precision@1: 58.720% (13454/22912)
Loss: 1.149 | Precision@1: 58.741% (13534/23040)
Loss: 1.148 | Precision@1: 58.771% (13616/23168)
Loss: 1.148 | Precision@1: 58.774% (13692/23296)
Loss: 1.148 | Precision@1: 58.794% (13772/23424)
Loss: 1.147 | Precision@1: 58.819% (13853/23552)
Loss: 1.147 | Precision@1: 58.818% (13928/23680)
Loss: 1.147 | Precision@1: 58.837% (14008/23808)
Loss: 1.147 | Precision@1: 58.840% (14084/23936)
Loss: 1.147 | Precision@1: 58.864% (14165/24064)
Loss: 1.146 | Precision@1: 58.900% (14249/24192)
Loss: 1.146 | Precision@1: 58.898% (14324/24320)
Loss: 1.146 | Precision@1: 58.905% (14401/24448)
Loss: 1.145 | Precision@1: 58.923% (14481/24576)
Loss: 1.145 | Precision@1: 58.934% (14559/24704)
Loss: 1.145 | Precision@1: 58.952% (14639/24832)
Loss: 1.144 | Precision@1: 58.962% (14717/24960)
Loss: 1.144 | Precision@1: 58.976% (14796/25088)
Loss: 1.144 | Precision@1: 59.006% (14879/25216)
Loss: 1.143 | Precision@1: 59.028% (14960/25344)
Loss: 1.143 | Precision@1: 59.041% (15039/25472)
Loss: 1.142 | Precision@1: 59.121% (15135/25600)
Loss: 1.141 | Precision@1: 59.188% (15228/25728)
Loss: 1.141 | Precision@1: 59.182% (15302/25856)
Loss: 1.140 | Precision@1: 59.210% (15385/25984)
Loss: 1.140 | Precision@1: 59.233% (15467/26112)
Loss: 1.139 | Precision@1: 59.299% (15560/26240)
Loss: 1.139 | Precision@1: 59.273% (15629/26368)
Loss: 1.139 | Precision@1: 59.292% (15710/26496)
Loss: 1.138 | Precision@1: 59.326% (15795/26624)
Loss: 1.138 | Precision@1: 59.300% (15864/26752)
Loss: 1.138 | Precision@1: 59.304% (15941/26880)
Loss: 1.139 | Precision@1: 59.268% (16007/27008)
Loss: 1.139 | Precision@1: 59.276% (16085/27136)
Loss: 1.139 | Precision@1: 59.272% (16160/27264)
Loss: 1.139 | Precision@1: 59.265% (16234/27392)
Loss: 1.139 | Precision@1: 59.273% (16312/27520)
Loss: 1.138 | Precision@1: 59.306% (16397/27648)
Loss: 1.138 | Precision@1: 59.325% (16478/27776)
Loss: 1.137 | Precision@1: 59.350% (16561/27904)
Loss: 1.137 | Precision@1: 59.368% (16642/28032)
Loss: 1.136 | Precision@1: 59.400% (16727/28160)
Loss: 1.135 | Precision@1: 59.432% (16812/28288)
Loss: 1.135 | Precision@1: 59.421% (16885/28416)
Loss: 1.136 | Precision@1: 59.421% (16961/28544)
Loss: 1.136 | Precision@1: 59.406% (17033/28672)
Loss: 1.136 | Precision@1: 59.413% (17111/28800)
Loss: 1.136 | Precision@1: 59.410% (17186/28928)
Loss: 1.136 | Precision@1: 59.420% (17265/29056)
Loss: 1.135 | Precision@1: 59.444% (17348/29184)
Loss: 1.135 | Precision@1: 59.467% (17431/29312)
Loss: 1.134 | Precision@1: 59.487% (17513/29440)
Loss: 1.134 | Precision@1: 59.500% (17593/29568)
Loss: 1.133 | Precision@1: 59.523% (17676/29696)
Loss: 1.133 | Precision@1: 59.556% (17762/29824)
Loss: 1.133 | Precision@1: 59.535% (17832/29952)
Loss: 1.134 | Precision@1: 59.551% (17913/30080)
Loss: 1.133 | Precision@1: 59.557% (17991/30208)
Loss: 1.133 | Precision@1: 59.593% (18078/30336)
Loss: 1.132 | Precision@1: 59.592% (18154/30464)
Loss: 1.132 | Precision@1: 59.591% (18230/30592)
Loss: 1.133 | Precision@1: 59.574% (18301/30720)
Loss: 1.133 | Precision@1: 59.563% (18374/30848)
Loss: 1.134 | Precision@1: 59.565% (18451/30976)
Loss: 1.134 | Precision@1: 59.549% (18522/31104)
Loss: 1.134 | Precision@1: 59.541% (18596/31232)
Loss: 1.133 | Precision@1: 59.566% (18680/31360)
Loss: 1.134 | Precision@1: 59.550% (18751/31488)
Loss: 1.134 | Precision@1: 59.543% (18825/31616)
Loss: 1.133 | Precision@1: 59.561% (18907/31744)
Loss: 1.132 | Precision@1: 59.579% (18989/31872)
Loss: 1.132 | Precision@1: 59.616% (19077/32000)
Loss: 1.131 | Precision@1: 59.615% (19153/32128)
Loss: 1.131 | Precision@1: 59.611% (19228/32256)
Loss: 1.131 | Precision@1: 59.622% (19308/32384)
Loss: 1.130 | Precision@1: 59.652% (19394/32512)
Loss: 1.129 | Precision@1: 59.712% (19490/32640)
Loss: 1.129 | Precision@1: 59.717% (19568/32768)
Loss: 1.129 | Precision@1: 59.709% (19642/32896)
Loss: 1.128 | Precision@1: 59.723% (19723/33024)
Loss: 1.128 | Precision@1: 59.707% (19794/33152)
Loss: 1.128 | Precision@1: 59.739% (19881/33280)
Loss: 1.128 | Precision@1: 59.743% (19959/33408)
Loss: 1.127 | Precision@1: 59.742% (20035/33536)
Loss: 1.127 | Precision@1: 59.767% (20120/33664)
Loss: 1.126 | Precision@1: 59.783% (20202/33792)
Loss: 1.126 | Precision@1: 59.788% (20280/33920)
Loss: 1.126 | Precision@1: 59.786% (20356/34048)
Loss: 1.126 | Precision@1: 59.785% (20432/34176)
Loss: 1.126 | Precision@1: 59.815% (20519/34304)
Loss: 1.125 | Precision@1: 59.845% (20606/34432)
Loss: 1.125 | Precision@1: 59.823% (20675/34560)
Loss: 1.125 | Precision@1: 59.854% (20762/34688)
Loss: 1.125 | Precision@1: 59.829% (20830/34816)
Loss: 1.125 | Precision@1: 59.819% (20903/34944)
Loss: 1.125 | Precision@1: 59.826% (20982/35072)
Loss: 1.125 | Precision@1: 59.838% (21063/35200)
Loss: 1.125 | Precision@1: 59.822% (21134/35328)
Loss: 1.125 | Precision@1: 59.815% (21208/35456)
Loss: 1.125 | Precision@1: 59.822% (21287/35584)
Loss: 1.125 | Precision@1: 59.831% (21367/35712)
Loss: 1.125 | Precision@1: 59.833% (21444/35840)
Loss: 1.125 | Precision@1: 59.825% (21518/35968)
Loss: 1.124 | Precision@1: 59.835% (21598/36096)
Loss: 1.124 | Precision@1: 59.872% (21688/36224)
Loss: 1.124 | Precision@1: 59.878% (21767/36352)
Loss: 1.123 | Precision@1: 59.868% (21840/36480)
Loss: 1.123 | Precision@1: 59.872% (21918/36608)
Loss: 1.123 | Precision@1: 59.868% (21993/36736)
Loss: 1.123 | Precision@1: 59.882% (22075/36864)
Loss: 1.122 | Precision@1: 59.894% (22156/36992)
Loss: 1.122 | Precision@1: 59.895% (22233/37120)
Loss: 1.122 | Precision@1: 59.880% (22304/37248)
Loss: 1.123 | Precision@1: 59.862% (22374/37376)
Loss: 1.123 | Precision@1: 59.866% (22452/37504)
Loss: 1.122 | Precision@1: 59.888% (22537/37632)
Loss: 1.122 | Precision@1: 59.891% (22615/37760)
Loss: 1.122 | Precision@1: 59.884% (22689/37888)
Loss: 1.122 | Precision@1: 59.893% (22769/38016)
Loss: 1.122 | Precision@1: 59.881% (22841/38144)
Loss: 1.121 | Precision@1: 59.908% (22928/38272)
Loss: 1.121 | Precision@1: 59.891% (22998/38400)
Loss: 1.121 | Precision@1: 59.884% (23072/38528)
Loss: 1.121 | Precision@1: 59.898% (23154/38656)
Loss: 1.121 | Precision@1: 59.898% (23231/38784)
Loss: 1.120 | Precision@1: 59.907% (23311/38912)
Loss: 1.121 | Precision@1: 59.900% (23385/39040)
Loss: 1.121 | Precision@1: 59.901% (23462/39168)
Loss: 1.121 | Precision@1: 59.884% (23532/39296)
Loss: 1.120 | Precision@1: 59.915% (23621/39424)
Loss: 1.120 | Precision@1: 59.921% (23700/39552)
Loss: 1.120 | Precision@1: 59.942% (23785/39680)
Loss: 1.119 | Precision@1: 59.953% (23866/39808)
Loss: 1.119 | Precision@1: 59.956% (23944/39936)
Loss: 1.119 | Precision@1: 59.972% (24027/40064)
Loss: 1.119 | Precision@1: 59.962% (24100/40192)
Loss: 1.119 | Precision@1: 59.973% (24181/40320)
Loss: 1.119 | Precision@1: 59.978% (24260/40448)
Loss: 1.118 | Precision@1: 60.008% (24349/40576)
Loss: 1.118 | Precision@1: 60.016% (24429/40704)
Loss: 1.118 | Precision@1: 59.987% (24494/40832)
Loss: 1.118 | Precision@1: 59.993% (24573/40960)
Loss: 1.118 | Precision@1: 59.981% (24645/41088)
Loss: 1.118 | Precision@1: 60.008% (24733/41216)
Loss: 1.118 | Precision@1: 60.018% (24814/41344)
Loss: 1.117 | Precision@1: 60.043% (24901/41472)
Loss: 1.117 | Precision@1: 60.038% (24976/41600)
Loss: 1.116 | Precision@1: 60.056% (25060/41728)
Loss: 1.117 | Precision@1: 60.039% (25130/41856)
Loss: 1.116 | Precision@1: 60.051% (25212/41984)
Loss: 1.116 | Precision@1: 60.059% (25292/42112)
Loss: 1.116 | Precision@1: 60.085% (25380/42240)
Loss: 1.115 | Precision@1: 60.093% (25460/42368)
Loss: 1.115 | Precision@1: 60.090% (25536/42496)
Loss: 1.115 | Precision@1: 60.079% (25608/42624)
Loss: 1.115 | Precision@1: 60.070% (25681/42752)
Loss: 1.115 | Precision@1: 60.077% (25761/42880)
Loss: 1.115 | Precision@1: 60.080% (25839/43008)
Loss: 1.115 | Precision@1: 60.094% (25922/43136)
Loss: 1.114 | Precision@1: 60.101% (26002/43264)
Loss: 1.114 | Precision@1: 60.126% (26090/43392)
Loss: 1.113 | Precision@1: 60.142% (26174/43520)
Loss: 1.113 | Precision@1: 60.170% (26263/43648)
Loss: 1.113 | Precision@1: 60.172% (26341/43776)
Loss: 1.113 | Precision@1: 60.193% (26427/43904)
Loss: 1.113 | Precision@1: 60.193% (26504/44032)
Loss: 1.112 | Precision@1: 60.195% (26582/44160)
Loss: 1.112 | Precision@1: 60.210% (26666/44288)
Loss: 1.112 | Precision@1: 60.228% (26751/44416)
Loss: 1.112 | Precision@1: 60.237% (26832/44544)
Loss: 1.112 | Precision@1: 60.226% (26904/44672)
Loss: 1.112 | Precision@1: 60.223% (26980/44800)
Loss: 1.112 | Precision@1: 60.236% (27063/44928)
Loss: 1.111 | Precision@1: 60.254% (27148/45056)
Loss: 1.110 | Precision@1: 60.267% (27231/45184)
Loss: 1.110 | Precision@1: 60.289% (27318/45312)
Loss: 1.109 | Precision@1: 60.326% (27412/45440)
Loss: 1.109 | Precision@1: 60.325% (27489/45568)
Loss: 1.109 | Precision@1: 60.325% (27566/45696)
Loss: 1.109 | Precision@1: 60.342% (27651/45824)
Loss: 1.109 | Precision@1: 60.343% (27729/45952)
Loss: 1.109 | Precision@1: 60.347% (27808/46080)
Loss: 1.108 | Precision@1: 60.370% (27896/46208)
Loss: 1.108 | Precision@1: 60.379% (27977/46336)
Loss: 1.107 | Precision@1: 60.399% (28064/46464)
Loss: 1.106 | Precision@1: 60.431% (28156/46592)
Loss: 1.106 | Precision@1: 60.443% (28239/46720)
Loss: 1.106 | Precision@1: 60.427% (28309/46848)
Loss: 1.106 | Precision@1: 60.431% (28388/46976)
Loss: 1.106 | Precision@1: 60.419% (28460/47104)
Loss: 1.106 | Precision@1: 60.429% (28542/47232)
Loss: 1.105 | Precision@1: 60.452% (28630/47360)
Loss: 1.105 | Precision@1: 60.476% (28719/47488)
Loss: 1.104 | Precision@1: 60.496% (28806/47616)
Loss: 1.103 | Precision@1: 60.535% (28902/47744)
Loss: 1.103 | Precision@1: 60.543% (28983/47872)
Loss: 1.102 | Precision@1: 60.560% (29069/48000)
Loss: 1.102 | Precision@1: 60.570% (29151/48128)
Loss: 1.102 | Precision@1: 60.583% (29235/48256)
Loss: 1.101 | Precision@1: 60.594% (29318/48384)
Loss: 1.101 | Precision@1: 60.608% (29402/48512)
Loss: 1.101 | Precision@1: 60.596% (29474/48640)
Loss: 1.101 | Precision@1: 60.591% (29549/48768)
Loss: 1.102 | Precision@1: 60.573% (29618/48896)
Loss: 1.101 | Precision@1: 60.599% (29708/49024)
Loss: 1.101 | Precision@1: 60.596% (29784/49152)
Loss: 1.101 | Precision@1: 60.615% (29871/49280)
Loss: 1.101 | Precision@1: 60.628% (29955/49408)
Loss: 1.100 | Precision@1: 60.633% (30035/49536)
Loss: 1.101 | Precision@1: 60.629% (30111/49664)
Loss: 1.101 | Precision@1: 60.630% (30189/49792)
Loss: 1.100 | Precision@1: 60.643% (30273/49920)
Loss: 1.100 | Precision@1: 60.652% (30326/50000)

Aggregates: 			
 	 DataLoader Time: 0.3934 			
 	 Mini-batch Time: 12.2974 			
 	 Training Epoch Time: 29.9339
 			
 Averages: 			
 	 Training Loss: 1.0999

 Test set Averages: Loss: 1.046 | Precision@1: 62.930% (6293/10000)

Epoch: 4
Loss: 1.100 | Precision@1: 63.281% (81/128)
Loss: 1.086 | Precision@1: 62.891% (161/256)
Loss: 1.073 | Precision@1: 63.021% (242/384)
Loss: 1.027 | Precision@1: 64.648% (331/512)
Loss: 1.035 | Precision@1: 63.750% (408/640)
Loss: 1.027 | Precision@1: 62.891% (483/768)
Loss: 1.043 | Precision@1: 61.942% (555/896)
Loss: 1.047 | Precision@1: 61.523% (630/1024)
Loss: 1.022 | Precision@1: 62.153% (716/1152)
Loss: 1.024 | Precision@1: 62.109% (795/1280)
Loss: 1.020 | Precision@1: 62.571% (881/1408)
Loss: 1.017 | Precision@1: 62.370% (958/1536)
Loss: 1.013 | Precision@1: 62.560% (1041/1664)
Loss: 1.013 | Precision@1: 62.612% (1122/1792)
Loss: 1.022 | Precision@1: 62.656% (1203/1920)
Loss: 1.026 | Precision@1: 62.744% (1285/2048)
Loss: 1.022 | Precision@1: 62.684% (1364/2176)
Loss: 1.023 | Precision@1: 62.630% (1443/2304)
Loss: 1.018 | Precision@1: 62.747% (1526/2432)
Loss: 1.009 | Precision@1: 63.203% (1618/2560)
Loss: 1.013 | Precision@1: 62.984% (1693/2688)
Loss: 1.007 | Precision@1: 63.388% (1785/2816)
Loss: 1.009 | Precision@1: 63.145% (1859/2944)
Loss: 1.008 | Precision@1: 63.379% (1947/3072)
Loss: 1.010 | Precision@1: 63.438% (2030/3200)
Loss: 1.007 | Precision@1: 63.672% (2119/3328)
Loss: 1.002 | Precision@1: 63.918% (2209/3456)
Loss: 1.005 | Precision@1: 64.007% (2294/3584)
Loss: 1.003 | Precision@1: 64.062% (2378/3712)
Loss: 1.006 | Precision@1: 63.958% (2456/3840)
Loss: 1.009 | Precision@1: 63.861% (2534/3968)
Loss: 1.009 | Precision@1: 63.940% (2619/4096)
Loss: 1.015 | Precision@1: 63.707% (2691/4224)
Loss: 1.013 | Precision@1: 63.902% (2781/4352)
Loss: 1.008 | Precision@1: 64.107% (2872/4480)
Loss: 1.007 | Precision@1: 64.236% (2960/4608)
Loss: 1.005 | Precision@1: 64.210% (3041/4736)
Loss: 1.002 | Precision@1: 64.248% (3125/4864)
Loss: 1.001 | Precision@1: 64.243% (3207/4992)
Loss: 1.004 | Precision@1: 64.062% (3280/5120)
Loss: 1.000 | Precision@1: 64.234% (3371/5248)
Loss: 0.997 | Precision@1: 64.323% (3458/5376)
Loss: 0.999 | Precision@1: 64.353% (3542/5504)
Loss: 1.000 | Precision@1: 64.364% (3625/5632)
Loss: 1.003 | Precision@1: 64.271% (3702/5760)
Loss: 1.004 | Precision@1: 64.283% (3785/5888)
Loss: 1.003 | Precision@1: 64.312% (3869/6016)
Loss: 0.996 | Precision@1: 64.616% (3970/6144)
Loss: 0.997 | Precision@1: 64.573% (4050/6272)
Loss: 0.995 | Precision@1: 64.734% (4143/6400)
Loss: 0.994 | Precision@1: 64.721% (4225/6528)
Loss: 0.993 | Precision@1: 64.754% (4310/6656)
Loss: 0.992 | Precision@1: 64.814% (4397/6784)
Loss: 0.992 | Precision@1: 64.786% (4478/6912)
Loss: 0.991 | Precision@1: 64.858% (4566/7040)
Loss: 0.994 | Precision@1: 64.774% (4643/7168)
Loss: 0.995 | Precision@1: 64.734% (4723/7296)
Loss: 0.996 | Precision@1: 64.763% (4808/7424)
Loss: 0.995 | Precision@1: 64.711% (4887/7552)
Loss: 0.996 | Precision@1: 64.622% (4963/7680)
Loss: 0.995 | Precision@1: 64.626% (5046/7808)
Loss: 0.995 | Precision@1: 64.693% (5134/7936)
Loss: 0.994 | Precision@1: 64.683% (5216/8064)
Loss: 0.993 | Precision@1: 64.746% (5304/8192)
Loss: 0.994 | Precision@1: 64.832% (5394/8320)
Loss: 0.992 | Precision@1: 64.844% (5478/8448)
Loss: 0.991 | Precision@1: 64.937% (5569/8576)
Loss: 0.992 | Precision@1: 64.924% (5651/8704)
Loss: 0.991 | Precision@1: 64.923% (5734/8832)
Loss: 0.991 | Precision@1: 64.855% (5811/8960)
Loss: 0.991 | Precision@1: 64.833% (5892/9088)
Loss: 0.990 | Precision@1: 64.833% (5975/9216)
Loss: 0.991 | Precision@1: 64.801% (6055/9344)
Loss: 0.991 | Precision@1: 64.823% (6140/9472)
Loss: 0.992 | Precision@1: 64.771% (6218/9600)
Loss: 0.993 | Precision@1: 64.720% (6296/9728)
Loss: 0.992 | Precision@1: 64.763% (6383/9856)
Loss: 0.991 | Precision@1: 64.814% (6471/9984)
Loss: 0.992 | Precision@1: 64.784% (6551/10112)
Loss: 0.994 | Precision@1: 64.658% (6621/10240)
Loss: 0.996 | Precision@1: 64.574% (6695/10368)
Loss: 0.996 | Precision@1: 64.577% (6778/10496)
Loss: 0.996 | Precision@1: 64.599% (6863/10624)
Loss: 0.995 | Precision@1: 64.537% (6939/10752)
Loss: 0.995 | Precision@1: 64.605% (7029/10880)
Loss: 0.994 | Precision@1: 64.589% (7110/11008)
Loss: 0.994 | Precision@1: 64.646% (7199/11136)
Loss: 0.994 | Precision@1: 64.622% (7279/11264)
Loss: 0.994 | Precision@1: 64.668% (7367/11392)
Loss: 0.996 | Precision@1: 64.575% (7439/11520)
Loss: 0.996 | Precision@1: 64.603% (7525/11648)
Loss: 0.995 | Precision@1: 64.631% (7611/11776)
Loss: 0.994 | Precision@1: 64.684% (7700/11904)
Loss: 0.993 | Precision@1: 64.736% (7789/12032)
Loss: 0.993 | Precision@1: 64.778% (7877/12160)
Loss: 0.993 | Precision@1: 64.762% (7958/12288)
Loss: 0.993 | Precision@1: 64.731% (8037/12416)
Loss: 0.993 | Precision@1: 64.748% (8122/12544)
Loss: 0.995 | Precision@1: 64.717% (8201/12672)
Loss: 0.995 | Precision@1: 64.688% (8280/12800)
Loss: 0.995 | Precision@1: 64.689% (8363/12928)
Loss: 0.995 | Precision@1: 64.683% (8445/13056)
Loss: 0.995 | Precision@1: 64.684% (8528/13184)
Loss: 0.993 | Precision@1: 64.769% (8622/13312)
Loss: 0.993 | Precision@1: 64.792% (8708/13440)
Loss: 0.994 | Precision@1: 64.748% (8785/13568)
Loss: 0.994 | Precision@1: 64.749% (8868/13696)
Loss: 0.993 | Precision@1: 64.800% (8958/13824)
Loss: 0.993 | Precision@1: 64.765% (9036/13952)
Loss: 0.994 | Precision@1: 64.737% (9115/14080)
Loss: 0.993 | Precision@1: 64.752% (9200/14208)
Loss: 0.993 | Precision@1: 64.774% (9286/14336)
Loss: 0.991 | Precision@1: 64.782% (9370/14464)
Loss: 0.990 | Precision@1: 64.816% (9458/14592)
Loss: 0.988 | Precision@1: 64.837% (9544/14720)
Loss: 0.989 | Precision@1: 64.837% (9627/14848)
Loss: 0.988 | Precision@1: 64.850% (9712/14976)
Loss: 0.987 | Precision@1: 64.870% (9798/15104)
Loss: 0.986 | Precision@1: 64.916% (9888/15232)
Loss: 0.984 | Precision@1: 65.007% (9985/15360)
Loss: 0.984 | Precision@1: 65.031% (10072/15488)
Loss: 0.984 | Precision@1: 65.042% (10157/15616)
Loss: 0.982 | Precision@1: 65.072% (10245/15744)
Loss: 0.982 | Precision@1: 65.077% (10329/15872)
Loss: 0.981 | Precision@1: 65.112% (10418/16000)
Loss: 0.981 | Precision@1: 65.092% (10498/16128)
Loss: 0.981 | Precision@1: 65.108% (10584/16256)
Loss: 0.981 | Precision@1: 65.045% (10657/16384)
Loss: 0.979 | Precision@1: 65.110% (10751/16512)
Loss: 0.980 | Precision@1: 65.084% (10830/16640)
Loss: 0.980 | Precision@1: 65.058% (10909/16768)
Loss: 0.980 | Precision@1: 65.057% (10992/16896)
Loss: 0.980 | Precision@1: 65.079% (11079/17024)
Loss: 0.979 | Precision@1: 65.147% (11174/17152)
Loss: 0.978 | Precision@1: 65.156% (11259/17280)
Loss: 0.977 | Precision@1: 65.211% (11352/17408)
Loss: 0.978 | Precision@1: 65.169% (11428/17536)
Loss: 0.978 | Precision@1: 65.149% (11508/17664)
Loss: 0.979 | Precision@1: 65.125% (11587/17792)
Loss: 0.979 | Precision@1: 65.089% (11664/17920)
Loss: 0.979 | Precision@1: 65.104% (11750/18048)
Loss: 0.979 | Precision@1: 65.069% (11827/18176)
Loss: 0.978 | Precision@1: 65.111% (11918/18304)
Loss: 0.980 | Precision@1: 65.066% (11993/18432)
Loss: 0.978 | Precision@1: 65.124% (12087/18560)
Loss: 0.978 | Precision@1: 65.133% (12172/18688)
Loss: 0.978 | Precision@1: 65.131% (12255/18816)
Loss: 0.976 | Precision@1: 65.192% (12350/18944)
Loss: 0.976 | Precision@1: 65.195% (12434/19072)
Loss: 0.976 | Precision@1: 65.208% (12520/19200)
Loss: 0.976 | Precision@1: 65.242% (12610/19328)
Loss: 0.976 | Precision@1: 65.250% (12695/19456)
Loss: 0.975 | Precision@1: 65.283% (12785/19584)
Loss: 0.974 | Precision@1: 65.290% (12870/19712)
Loss: 0.974 | Precision@1: 65.292% (12954/19840)
Loss: 0.974 | Precision@1: 65.309% (13041/19968)
Loss: 0.975 | Precision@1: 65.252% (13113/20096)
Loss: 0.975 | Precision@1: 65.259% (13198/20224)
Loss: 0.975 | Precision@1: 65.217% (13273/20352)
Loss: 0.975 | Precision@1: 65.264% (13366/20480)
Loss: 0.974 | Precision@1: 65.305% (13458/20608)
Loss: 0.973 | Precision@1: 65.369% (13555/20736)
Loss: 0.972 | Precision@1: 65.381% (13641/20864)
Loss: 0.972 | Precision@1: 65.368% (13722/20992)
Loss: 0.973 | Precision@1: 65.365% (13805/21120)
Loss: 0.971 | Precision@1: 65.404% (13897/21248)
Loss: 0.970 | Precision@1: 65.461% (13993/21376)
Loss: 0.970 | Precision@1: 65.476% (14080/21504)
Loss: 0.969 | Precision@1: 65.472% (14163/21632)
Loss: 0.969 | Precision@1: 65.496% (14252/21760)
Loss: 0.968 | Precision@1: 65.529% (14343/21888)
Loss: 0.967 | Precision@1: 65.561% (14434/22016)
Loss: 0.967 | Precision@1: 65.548% (14515/22144)
Loss: 0.967 | Precision@1: 65.580% (14606/22272)
Loss: 0.966 | Precision@1: 65.612% (14697/22400)
Loss: 0.966 | Precision@1: 65.585% (14775/22528)
Loss: 0.965 | Precision@1: 65.585% (14859/22656)
Loss: 0.965 | Precision@1: 65.607% (14948/22784)
Loss: 0.964 | Precision@1: 65.621% (15035/22912)
Loss: 0.965 | Precision@1: 65.590% (15112/23040)
Loss: 0.964 | Precision@1: 65.621% (15203/23168)
Loss: 0.964 | Precision@1: 65.638% (15291/23296)
Loss: 0.963 | Precision@1: 65.659% (15380/23424)
Loss: 0.963 | Precision@1: 65.659% (15464/23552)
Loss: 0.962 | Precision@1: 65.676% (15552/23680)
Loss: 0.962 | Precision@1: 65.671% (15635/23808)
Loss: 0.962 | Precision@1: 65.692% (15724/23936)
Loss: 0.961 | Precision@1: 65.716% (15814/24064)
Loss: 0.961 | Precision@1: 65.720% (15899/24192)
Loss: 0.961 | Precision@1: 65.720% (15983/24320)
Loss: 0.961 | Precision@1: 65.715% (16066/24448)
Loss: 0.961 | Precision@1: 65.727% (16153/24576)
Loss: 0.961 | Precision@1: 65.746% (16242/24704)
Loss: 0.960 | Precision@1: 65.750% (16327/24832)
Loss: 0.961 | Precision@1: 65.745% (16410/24960)
Loss: 0.961 | Precision@1: 65.753% (16496/25088)
Loss: 0.960 | Precision@1: 65.788% (16589/25216)
Loss: 0.961 | Precision@1: 65.791% (16674/25344)
Loss: 0.961 | Precision@1: 65.798% (16760/25472)
Loss: 0.961 | Precision@1: 65.805% (16846/25600)
Loss: 0.960 | Precision@1: 65.831% (16937/25728)
Loss: 0.960 | Precision@1: 65.842% (17024/25856)
Loss: 0.960 | Precision@1: 65.852% (17111/25984)
Loss: 0.959 | Precision@1: 65.870% (17200/26112)
Loss: 0.959 | Precision@1: 65.888% (17289/26240)
Loss: 0.959 | Precision@1: 65.894% (17375/26368)
Loss: 0.959 | Precision@1: 65.916% (17465/26496)
Loss: 0.958 | Precision@1: 65.910% (17548/26624)
Loss: 0.958 | Precision@1: 65.920% (17635/26752)
Loss: 0.958 | Precision@1: 65.919% (17719/26880)
Loss: 0.958 | Precision@1: 65.932% (17807/27008)
Loss: 0.957 | Precision@1: 65.953% (17897/27136)
Loss: 0.958 | Precision@1: 65.944% (17979/27264)
Loss: 0.957 | Precision@1: 65.935% (18061/27392)
Loss: 0.958 | Precision@1: 65.905% (18137/27520)
Loss: 0.958 | Precision@1: 65.929% (18228/27648)
Loss: 0.958 | Precision@1: 65.945% (18317/27776)
Loss: 0.959 | Precision@1: 65.905% (18390/27904)
Loss: 0.958 | Precision@1: 65.918% (18478/28032)
Loss: 0.958 | Precision@1: 65.930% (18566/28160)
Loss: 0.957 | Precision@1: 65.961% (18659/28288)
Loss: 0.956 | Precision@1: 65.987% (18751/28416)
Loss: 0.955 | Precision@1: 66.035% (18849/28544)
Loss: 0.955 | Precision@1: 66.075% (18945/28672)
Loss: 0.954 | Precision@1: 66.104% (19038/28800)
Loss: 0.954 | Precision@1: 66.119% (19127/28928)
Loss: 0.953 | Precision@1: 66.141% (19218/29056)
Loss: 0.953 | Precision@1: 66.153% (19306/29184)
Loss: 0.953 | Precision@1: 66.150% (19390/29312)
Loss: 0.953 | Precision@1: 66.155% (19476/29440)
Loss: 0.953 | Precision@1: 66.136% (19555/29568)
Loss: 0.952 | Precision@1: 66.144% (19642/29696)
Loss: 0.952 | Precision@1: 66.151% (19729/29824)
Loss: 0.952 | Precision@1: 66.129% (19807/29952)
Loss: 0.952 | Precision@1: 66.144% (19896/30080)
Loss: 0.951 | Precision@1: 66.161% (19986/30208)
Loss: 0.951 | Precision@1: 66.159% (20070/30336)
Loss: 0.951 | Precision@1: 66.196% (20166/30464)
Loss: 0.950 | Precision@1: 66.217% (20257/30592)
Loss: 0.949 | Precision@1: 66.217% (20342/30720)
Loss: 0.949 | Precision@1: 66.231% (20431/30848)
Loss: 0.949 | Precision@1: 66.222% (20513/30976)
Loss: 0.948 | Precision@1: 66.252% (20607/31104)
Loss: 0.948 | Precision@1: 66.269% (20697/31232)
Loss: 0.947 | Precision@1: 66.282% (20786/31360)
Loss: 0.948 | Precision@1: 66.267% (20866/31488)
Loss: 0.947 | Precision@1: 66.273% (20953/31616)
Loss: 0.947 | Precision@1: 66.255% (21032/31744)
Loss: 0.948 | Precision@1: 66.234% (21110/31872)
Loss: 0.948 | Precision@1: 66.219% (21190/32000)
Loss: 0.948 | Precision@1: 66.207% (21271/32128)
Loss: 0.948 | Precision@1: 66.220% (21360/32256)
Loss: 0.948 | Precision@1: 66.240% (21451/32384)
Loss: 0.948 | Precision@1: 66.222% (21530/32512)
Loss: 0.948 | Precision@1: 66.232% (21618/32640)
Loss: 0.947 | Precision@1: 66.229% (21702/32768)
Loss: 0.947 | Precision@1: 66.224% (21785/32896)
Loss: 0.948 | Precision@1: 66.225% (21870/33024)
Loss: 0.948 | Precision@1: 66.225% (21955/33152)
Loss: 0.948 | Precision@1: 66.235% (22043/33280)
Loss: 0.948 | Precision@1: 66.251% (22133/33408)
Loss: 0.947 | Precision@1: 66.266% (22223/33536)
Loss: 0.947 | Precision@1: 66.276% (22311/33664)
Loss: 0.947 | Precision@1: 66.297% (22403/33792)
Loss: 0.946 | Precision@1: 66.333% (22500/33920)
Loss: 0.946 | Precision@1: 66.339% (22587/34048)
Loss: 0.946 | Precision@1: 66.336% (22671/34176)
Loss: 0.946 | Precision@1: 66.348% (22760/34304)
Loss: 0.946 | Precision@1: 66.360% (22849/34432)
Loss: 0.945 | Precision@1: 66.372% (22938/34560)
Loss: 0.945 | Precision@1: 66.369% (23022/34688)
Loss: 0.944 | Precision@1: 66.412% (23122/34816)
Loss: 0.944 | Precision@1: 66.432% (23214/34944)
Loss: 0.943 | Precision@1: 66.475% (23314/35072)
Loss: 0.943 | Precision@1: 66.472% (23398/35200)
Loss: 0.943 | Precision@1: 66.469% (23482/35328)
Loss: 0.943 | Precision@1: 66.463% (23565/35456)
Loss: 0.943 | Precision@1: 66.471% (23653/35584)
Loss: 0.943 | Precision@1: 66.476% (23740/35712)
Loss: 0.942 | Precision@1: 66.509% (23837/35840)
Loss: 0.942 | Precision@1: 66.534% (23931/35968)
Loss: 0.942 | Precision@1: 66.512% (24008/36096)
Loss: 0.942 | Precision@1: 66.519% (24096/36224)
Loss: 0.941 | Precision@1: 66.541% (24189/36352)
Loss: 0.941 | Precision@1: 66.546% (24276/36480)
Loss: 0.941 | Precision@1: 66.556% (24365/36608)
Loss: 0.941 | Precision@1: 66.553% (24449/36736)
Loss: 0.941 | Precision@1: 66.566% (24539/36864)
Loss: 0.941 | Precision@1: 66.571% (24626/36992)
Loss: 0.941 | Precision@1: 66.581% (24715/37120)
Loss: 0.941 | Precision@1: 66.573% (24797/37248)
Loss: 0.941 | Precision@1: 66.599% (24892/37376)
Loss: 0.940 | Precision@1: 66.625% (24987/37504)
Loss: 0.940 | Precision@1: 66.651% (25082/37632)
Loss: 0.940 | Precision@1: 66.631% (25160/37760)
Loss: 0.940 | Precision@1: 66.631% (25245/37888)
Loss: 0.940 | Precision@1: 66.643% (25335/38016)
Loss: 0.940 | Precision@1: 66.650% (25423/38144)
Loss: 0.939 | Precision@1: 66.636% (25503/38272)
Loss: 0.939 | Precision@1: 66.651% (25594/38400)
Loss: 0.939 | Precision@1: 66.666% (25685/38528)
Loss: 0.938 | Precision@1: 66.680% (25776/38656)
Loss: 0.938 | Precision@1: 66.682% (25862/38784)
Loss: 0.938 | Precision@1: 66.679% (25946/38912)
Loss: 0.938 | Precision@1: 66.688% (26035/39040)
Loss: 0.938 | Precision@1: 66.682% (26118/39168)
Loss: 0.938 | Precision@1: 66.694% (26208/39296)
Loss: 0.937 | Precision@1: 66.700% (26296/39424)
Loss: 0.937 | Precision@1: 66.720% (26389/39552)
Loss: 0.936 | Precision@1: 66.744% (26484/39680)
Loss: 0.936 | Precision@1: 66.740% (26568/39808)
Loss: 0.936 | Precision@1: 66.739% (26653/39936)
Loss: 0.935 | Precision@1: 66.766% (26749/40064)
Loss: 0.935 | Precision@1: 66.755% (26830/40192)
Loss: 0.935 | Precision@1: 66.773% (26923/40320)
Loss: 0.935 | Precision@1: 66.792% (27016/40448)
Loss: 0.935 | Precision@1: 66.773% (27094/40576)
Loss: 0.935 | Precision@1: 66.780% (27182/40704)
Loss: 0.935 | Precision@1: 66.793% (27273/40832)
Loss: 0.935 | Precision@1: 66.794% (27359/40960)
Loss: 0.935 | Precision@1: 66.793% (27444/41088)
Loss: 0.935 | Precision@1: 66.797% (27531/41216)
Loss: 0.934 | Precision@1: 66.803% (27619/41344)
Loss: 0.934 | Precision@1: 66.809% (27707/41472)
Loss: 0.934 | Precision@1: 66.805% (27791/41600)
Loss: 0.934 | Precision@1: 66.816% (27881/41728)
Loss: 0.933 | Precision@1: 66.841% (27977/41856)
Loss: 0.934 | Precision@1: 66.840% (28062/41984)
Loss: 0.934 | Precision@1: 66.841% (28148/42112)
Loss: 0.934 | Precision@1: 66.839% (28233/42240)
Loss: 0.933 | Precision@1: 66.848% (28322/42368)
Loss: 0.933 | Precision@1: 66.844% (28406/42496)
Loss: 0.933 | Precision@1: 66.857% (28497/42624)
Loss: 0.933 | Precision@1: 66.855% (28582/42752)
Loss: 0.933 | Precision@1: 66.849% (28665/42880)
Loss: 0.933 | Precision@1: 66.841% (28747/43008)
Loss: 0.932 | Precision@1: 66.856% (28839/43136)
Loss: 0.932 | Precision@1: 66.859% (28926/43264)
Loss: 0.931 | Precision@1: 66.895% (29027/43392)
Loss: 0.931 | Precision@1: 66.907% (29118/43520)
Loss: 0.930 | Precision@1: 66.947% (29221/43648)
Loss: 0.931 | Precision@1: 66.948% (29307/43776)
Loss: 0.930 | Precision@1: 66.955% (29396/43904)
Loss: 0.930 | Precision@1: 66.954% (29481/44032)
Loss: 0.929 | Precision@1: 66.972% (29575/44160)
Loss: 0.929 | Precision@1: 66.984% (29666/44288)
Loss: 0.929 | Precision@1: 67.010% (29763/44416)
Loss: 0.929 | Precision@1: 66.992% (29841/44544)
Loss: 0.929 | Precision@1: 67.006% (29933/44672)
Loss: 0.928 | Precision@1: 67.031% (30030/44800)
Loss: 0.928 | Precision@1: 67.052% (30125/44928)
Loss: 0.927 | Precision@1: 67.070% (30219/45056)
Loss: 0.927 | Precision@1: 67.079% (30309/45184)
Loss: 0.927 | Precision@1: 67.110% (30409/45312)
Loss: 0.926 | Precision@1: 67.132% (30505/45440)
Loss: 0.926 | Precision@1: 67.157% (30602/45568)
Loss: 0.926 | Precision@1: 67.170% (30694/45696)
Loss: 0.925 | Precision@1: 67.179% (30784/45824)
Loss: 0.925 | Precision@1: 67.183% (30872/45952)
Loss: 0.925 | Precision@1: 67.168% (30951/46080)
Loss: 0.924 | Precision@1: 67.192% (31048/46208)
Loss: 0.924 | Precision@1: 67.211% (31143/46336)
Loss: 0.924 | Precision@1: 67.228% (31237/46464)
Loss: 0.924 | Precision@1: 67.226% (31322/46592)
Loss: 0.923 | Precision@1: 67.252% (31420/46720)
Loss: 0.923 | Precision@1: 67.260% (31510/46848)
Loss: 0.922 | Precision@1: 67.283% (31607/46976)
Loss: 0.922 | Precision@1: 67.289% (31696/47104)
Loss: 0.922 | Precision@1: 67.302% (31788/47232)
Loss: 0.922 | Precision@1: 67.299% (31873/47360)
Loss: 0.922 | Precision@1: 67.301% (31960/47488)
Loss: 0.922 | Precision@1: 67.314% (32052/47616)
Loss: 0.922 | Precision@1: 67.309% (32136/47744)
Loss: 0.922 | Precision@1: 67.292% (32214/47872)
Loss: 0.922 | Precision@1: 67.323% (32315/48000)
Loss: 0.921 | Precision@1: 67.341% (32410/48128)
Loss: 0.921 | Precision@1: 67.347% (32499/48256)
Loss: 0.921 | Precision@1: 67.355% (32589/48384)
Loss: 0.920 | Precision@1: 67.373% (32684/48512)
Loss: 0.920 | Precision@1: 67.387% (32777/48640)
Loss: 0.920 | Precision@1: 67.382% (32861/48768)
Loss: 0.920 | Precision@1: 67.390% (32951/48896)
Loss: 0.920 | Precision@1: 67.406% (33045/49024)
Loss: 0.920 | Precision@1: 67.405% (33131/49152)
Loss: 0.919 | Precision@1: 67.421% (33225/49280)
Loss: 0.919 | Precision@1: 67.422% (33312/49408)
Loss: 0.919 | Precision@1: 67.430% (33402/49536)
Loss: 0.919 | Precision@1: 67.435% (33491/49664)
Loss: 0.919 | Precision@1: 67.445% (33582/49792)
Loss: 0.919 | Precision@1: 67.440% (33666/49920)
Loss: 0.918 | Precision@1: 67.450% (33725/50000)

Aggregates: 			
 	 DataLoader Time: 0.3899 			
 	 Mini-batch Time: 12.2740 			
 	 Training Epoch Time: 30.0364
 			
 Averages: 			
 	 Training Loss: 0.9184

 Test set Averages: Loss: 0.845 | Precision@1: 70.370% (7037/10000)
Average dataloader time is 0.38
