model name	: Intel(R) Xeon(R) Gold 6152 CPU @ 2.10GHz
Tue Oct 29 18:56:52 2019       
+-----------------------------------------------------------------------------+
| NVIDIA-SMI 418.74       Driver Version: 418.74       CUDA Version: 10.1     |
|-------------------------------+----------------------+----------------------+
| GPU  Name        Persistence-M| Bus-Id        Disp.A | Volatile Uncorr. ECC |
| Fan  Temp  Perf  Pwr:Usage/Cap|         Memory-Usage | GPU-Util  Compute M. |
|===============================+======================+======================|
|   0  GeForce RTX 208...  On   | 00000000:3B:00.0 Off |                  N/A |
| 34%   48C    P2    76W / 250W |    990MiB / 10989MiB |      5%      Default |
+-------------------------------+----------------------+----------------------+
                                                                               
+-----------------------------------------------------------------------------+
| Processes:                                                       GPU Memory |
|  GPU       PID   Type   Process name                             Usage      |
|=============================================================================|
|    0    254241      C   python3                                      979MiB |
+-----------------------------------------------------------------------------+
Files already downloaded and verified
Files already downloaded and verified

Epoch: 0
Loss: 2.461 | Precision@1: 13.281% (17/128)
Loss: 2.912 | Precision@1: 11.328% (29/256)
Loss: 3.351 | Precision@1: 10.938% (42/384)
Loss: 3.824 | Precision@1: 11.719% (60/512)
Loss: 4.838 | Precision@1: 12.500% (80/640)
Loss: 5.617 | Precision@1: 12.109% (93/768)
Loss: 5.995 | Precision@1: 11.830% (106/896)
Loss: 6.256 | Precision@1: 11.621% (119/1024)
Loss: 6.430 | Precision@1: 11.806% (136/1152)
Loss: 6.538 | Precision@1: 12.188% (156/1280)
Loss: 6.403 | Precision@1: 11.932% (168/1408)
Loss: 6.317 | Precision@1: 11.849% (182/1536)
Loss: 6.525 | Precision@1: 11.298% (188/1664)
Loss: 6.457 | Precision@1: 11.496% (206/1792)
Loss: 6.452 | Precision@1: 11.510% (221/1920)
Loss: 6.252 | Precision@1: 11.084% (227/2048)
Loss: 6.171 | Precision@1: 11.305% (246/2176)
Loss: 5.972 | Precision@1: 11.285% (260/2304)
Loss: 5.839 | Precision@1: 11.061% (269/2432)
Loss: 5.663 | Precision@1: 10.938% (280/2560)
Loss: 5.525 | Precision@1: 11.012% (296/2688)
Loss: 5.408 | Precision@1: 11.080% (312/2816)
Loss: 5.284 | Precision@1: 11.209% (330/2944)
Loss: 5.169 | Precision@1: 11.133% (342/3072)
Loss: 5.064 | Precision@1: 11.125% (356/3200)
Loss: 4.984 | Precision@1: 10.938% (364/3328)
Loss: 4.913 | Precision@1: 10.909% (377/3456)
Loss: 4.832 | Precision@1: 10.965% (393/3584)
Loss: 4.749 | Precision@1: 10.911% (405/3712)
Loss: 4.673 | Precision@1: 10.911% (419/3840)
Loss: 4.603 | Precision@1: 10.938% (434/3968)
Loss: 4.530 | Precision@1: 11.133% (456/4096)
Loss: 4.489 | Precision@1: 10.985% (464/4224)
Loss: 4.448 | Precision@1: 10.960% (477/4352)
Loss: 4.387 | Precision@1: 10.915% (489/4480)
Loss: 4.330 | Precision@1: 10.916% (503/4608)
Loss: 4.283 | Precision@1: 10.959% (519/4736)
Loss: 4.233 | Precision@1: 10.896% (530/4864)
Loss: 4.185 | Precision@1: 10.857% (542/4992)
Loss: 4.138 | Precision@1: 10.898% (558/5120)
Loss: 4.092 | Precision@1: 10.995% (577/5248)
Loss: 4.048 | Precision@1: 11.012% (592/5376)
Loss: 4.016 | Precision@1: 11.065% (609/5504)
Loss: 3.976 | Precision@1: 11.204% (631/5632)
Loss: 3.941 | Precision@1: 11.302% (651/5760)
Loss: 3.908 | Precision@1: 11.379% (670/5888)
Loss: 3.874 | Precision@1: 11.586% (697/6016)
Loss: 3.838 | Precision@1: 11.751% (722/6144)
Loss: 3.810 | Precision@1: 11.783% (739/6272)
Loss: 3.779 | Precision@1: 11.922% (763/6400)
Loss: 3.751 | Precision@1: 11.994% (783/6528)
Loss: 3.723 | Precision@1: 12.034% (801/6656)
Loss: 3.699 | Precision@1: 11.999% (814/6784)
Loss: 3.671 | Precision@1: 12.138% (839/6912)
Loss: 3.647 | Precision@1: 12.173% (857/7040)
Loss: 3.624 | Precision@1: 12.235% (877/7168)
Loss: 3.600 | Precision@1: 12.349% (901/7296)
Loss: 3.575 | Precision@1: 12.554% (932/7424)
Loss: 3.555 | Precision@1: 12.646% (955/7552)
Loss: 3.535 | Precision@1: 12.721% (977/7680)
Loss: 3.514 | Precision@1: 12.871% (1005/7808)
Loss: 3.493 | Precision@1: 12.954% (1028/7936)
Loss: 3.474 | Precision@1: 13.046% (1052/8064)
Loss: 3.454 | Precision@1: 13.123% (1075/8192)
Loss: 3.435 | Precision@1: 13.113% (1091/8320)
Loss: 3.415 | Precision@1: 13.400% (1132/8448)
Loss: 3.397 | Precision@1: 13.433% (1152/8576)
Loss: 3.378 | Precision@1: 13.568% (1181/8704)
Loss: 3.361 | Precision@1: 13.655% (1206/8832)
Loss: 3.347 | Precision@1: 13.694% (1227/8960)
Loss: 3.330 | Precision@1: 13.864% (1260/9088)
Loss: 3.314 | Precision@1: 13.921% (1283/9216)
Loss: 3.298 | Precision@1: 14.009% (1309/9344)
Loss: 3.282 | Precision@1: 14.105% (1336/9472)
Loss: 3.268 | Precision@1: 14.229% (1366/9600)
Loss: 3.253 | Precision@1: 14.319% (1393/9728)
Loss: 3.238 | Precision@1: 14.357% (1415/9856)
Loss: 3.224 | Precision@1: 14.393% (1437/9984)
Loss: 3.212 | Precision@1: 14.468% (1463/10112)
Loss: 3.198 | Precision@1: 14.482% (1483/10240)
Loss: 3.184 | Precision@1: 14.525% (1506/10368)
Loss: 3.172 | Precision@1: 14.577% (1530/10496)
Loss: 3.159 | Precision@1: 14.608% (1552/10624)
Loss: 3.146 | Precision@1: 14.639% (1574/10752)
Loss: 3.134 | Precision@1: 14.715% (1601/10880)
Loss: 3.123 | Precision@1: 14.762% (1625/11008)
Loss: 3.112 | Precision@1: 14.790% (1647/11136)
Loss: 3.101 | Precision@1: 14.879% (1676/11264)
Loss: 3.090 | Precision@1: 15.002% (1709/11392)
Loss: 3.079 | Precision@1: 15.104% (1740/11520)
Loss: 3.069 | Precision@1: 15.136% (1763/11648)
Loss: 3.058 | Precision@1: 15.192% (1789/11776)
Loss: 3.048 | Precision@1: 15.239% (1814/11904)
Loss: 3.037 | Precision@1: 15.384% (1851/12032)
Loss: 3.027 | Precision@1: 15.387% (1871/12160)
Loss: 3.016 | Precision@1: 15.454% (1899/12288)
Loss: 3.006 | Precision@1: 15.544% (1930/12416)
Loss: 2.996 | Precision@1: 15.561% (1952/12544)
Loss: 2.987 | Precision@1: 15.641% (1982/12672)
Loss: 2.977 | Precision@1: 15.711% (2011/12800)
Loss: 2.968 | Precision@1: 15.764% (2038/12928)
Loss: 2.959 | Precision@1: 15.832% (2067/13056)
Loss: 2.950 | Precision@1: 15.928% (2100/13184)
Loss: 2.939 | Precision@1: 16.046% (2136/13312)
Loss: 2.931 | Precision@1: 16.116% (2166/13440)
Loss: 2.923 | Precision@1: 16.178% (2195/13568)
Loss: 2.915 | Precision@1: 16.246% (2225/13696)
Loss: 2.908 | Precision@1: 16.276% (2250/13824)
Loss: 2.900 | Precision@1: 16.342% (2280/13952)
Loss: 2.893 | Precision@1: 16.349% (2302/14080)
Loss: 2.885 | Precision@1: 16.371% (2326/14208)
Loss: 2.877 | Precision@1: 16.406% (2352/14336)
Loss: 2.869 | Precision@1: 16.475% (2383/14464)
Loss: 2.862 | Precision@1: 16.564% (2417/14592)
Loss: 2.855 | Precision@1: 16.637% (2449/14720)
Loss: 2.848 | Precision@1: 16.723% (2483/14848)
Loss: 2.840 | Precision@1: 16.827% (2520/14976)
Loss: 2.833 | Precision@1: 16.876% (2549/15104)
Loss: 2.826 | Precision@1: 16.977% (2586/15232)
Loss: 2.820 | Precision@1: 17.005% (2612/15360)
Loss: 2.813 | Precision@1: 17.084% (2646/15488)
Loss: 2.807 | Precision@1: 17.079% (2667/15616)
Loss: 2.800 | Precision@1: 17.118% (2695/15744)
Loss: 2.795 | Precision@1: 17.137% (2720/15872)
Loss: 2.789 | Precision@1: 17.156% (2745/16000)
Loss: 2.782 | Precision@1: 17.243% (2781/16128)
Loss: 2.776 | Precision@1: 17.298% (2812/16256)
Loss: 2.769 | Precision@1: 17.340% (2841/16384)
Loss: 2.763 | Precision@1: 17.381% (2870/16512)
Loss: 2.758 | Precision@1: 17.458% (2905/16640)
Loss: 2.752 | Precision@1: 17.516% (2937/16768)
Loss: 2.746 | Precision@1: 17.590% (2972/16896)
Loss: 2.740 | Precision@1: 17.657% (3006/17024)
Loss: 2.735 | Precision@1: 17.689% (3034/17152)
Loss: 2.729 | Precision@1: 17.714% (3061/17280)
Loss: 2.724 | Precision@1: 17.768% (3093/17408)
Loss: 2.719 | Precision@1: 17.843% (3129/17536)
Loss: 2.714 | Precision@1: 17.884% (3159/17664)
Loss: 2.708 | Precision@1: 17.918% (3188/17792)
Loss: 2.703 | Precision@1: 17.963% (3219/17920)
Loss: 2.699 | Precision@1: 18.013% (3251/18048)
Loss: 2.694 | Precision@1: 18.029% (3277/18176)
Loss: 2.690 | Precision@1: 18.062% (3306/18304)
Loss: 2.685 | Precision@1: 18.050% (3327/18432)
Loss: 2.680 | Precision@1: 18.141% (3367/18560)
Loss: 2.676 | Precision@1: 18.204% (3402/18688)
Loss: 2.671 | Precision@1: 18.213% (3427/18816)
Loss: 2.667 | Precision@1: 18.217% (3451/18944)
Loss: 2.663 | Precision@1: 18.247% (3480/19072)
Loss: 2.659 | Precision@1: 18.219% (3498/19200)
Loss: 2.655 | Precision@1: 18.222% (3522/19328)
Loss: 2.651 | Precision@1: 18.200% (3541/19456)
Loss: 2.647 | Precision@1: 18.250% (3574/19584)
Loss: 2.643 | Precision@1: 18.268% (3601/19712)
Loss: 2.638 | Precision@1: 18.322% (3635/19840)
Loss: 2.634 | Precision@1: 18.349% (3664/19968)
Loss: 2.630 | Precision@1: 18.382% (3694/20096)
Loss: 2.626 | Precision@1: 18.419% (3725/20224)
Loss: 2.621 | Precision@1: 18.465% (3758/20352)
Loss: 2.617 | Precision@1: 18.467% (3782/20480)
Loss: 2.613 | Precision@1: 18.507% (3814/20608)
Loss: 2.608 | Precision@1: 18.601% (3857/20736)
Loss: 2.604 | Precision@1: 18.640% (3889/20864)
Loss: 2.600 | Precision@1: 18.712% (3928/20992)
Loss: 2.596 | Precision@1: 18.774% (3965/21120)
Loss: 2.593 | Precision@1: 18.792% (3993/21248)
Loss: 2.590 | Precision@1: 18.815% (4022/21376)
Loss: 2.585 | Precision@1: 18.880% (4060/21504)
Loss: 2.582 | Precision@1: 18.958% (4101/21632)
Loss: 2.578 | Precision@1: 19.058% (4147/21760)
Loss: 2.574 | Precision@1: 19.115% (4184/21888)
Loss: 2.571 | Precision@1: 19.150% (4216/22016)
Loss: 2.567 | Precision@1: 19.197% (4251/22144)
Loss: 2.563 | Precision@1: 19.257% (4289/22272)
Loss: 2.559 | Precision@1: 19.339% (4332/22400)
Loss: 2.556 | Precision@1: 19.358% (4361/22528)
Loss: 2.552 | Precision@1: 19.408% (4397/22656)
Loss: 2.549 | Precision@1: 19.465% (4435/22784)
Loss: 2.545 | Precision@1: 19.531% (4475/22912)
Loss: 2.542 | Precision@1: 19.592% (4514/23040)
Loss: 2.539 | Precision@1: 19.626% (4547/23168)
Loss: 2.535 | Precision@1: 19.664% (4581/23296)
Loss: 2.531 | Precision@1: 19.732% (4622/23424)
Loss: 2.529 | Precision@1: 19.748% (4651/23552)
Loss: 2.526 | Precision@1: 19.797% (4688/23680)
Loss: 2.522 | Precision@1: 19.829% (4721/23808)
Loss: 2.520 | Precision@1: 19.857% (4753/23936)
Loss: 2.516 | Precision@1: 19.905% (4790/24064)
Loss: 2.513 | Precision@1: 19.957% (4828/24192)
Loss: 2.510 | Precision@1: 19.979% (4859/24320)
Loss: 2.507 | Precision@1: 20.002% (4890/24448)
Loss: 2.504 | Precision@1: 20.003% (4916/24576)
Loss: 2.500 | Precision@1: 20.037% (4950/24704)
Loss: 2.497 | Precision@1: 20.095% (4990/24832)
Loss: 2.494 | Precision@1: 20.140% (5027/24960)
Loss: 2.491 | Precision@1: 20.157% (5057/25088)
Loss: 2.488 | Precision@1: 20.233% (5102/25216)
Loss: 2.485 | Precision@1: 20.285% (5141/25344)
Loss: 2.482 | Precision@1: 20.328% (5178/25472)
Loss: 2.480 | Precision@1: 20.359% (5212/25600)
Loss: 2.477 | Precision@1: 20.449% (5261/25728)
Loss: 2.474 | Precision@1: 20.483% (5296/25856)
Loss: 2.470 | Precision@1: 20.567% (5344/25984)
Loss: 2.468 | Precision@1: 20.611% (5382/26112)
Loss: 2.464 | Precision@1: 20.640% (5416/26240)
Loss: 2.461 | Precision@1: 20.696% (5457/26368)
Loss: 2.458 | Precision@1: 20.743% (5496/26496)
Loss: 2.455 | Precision@1: 20.786% (5534/26624)
Loss: 2.452 | Precision@1: 20.877% (5585/26752)
Loss: 2.449 | Precision@1: 20.897% (5617/26880)
Loss: 2.447 | Precision@1: 20.927% (5652/27008)
Loss: 2.444 | Precision@1: 20.972% (5691/27136)
Loss: 2.442 | Precision@1: 20.998% (5725/27264)
Loss: 2.439 | Precision@1: 21.017% (5757/27392)
Loss: 2.437 | Precision@1: 21.043% (5791/27520)
Loss: 2.434 | Precision@1: 21.094% (5832/27648)
Loss: 2.432 | Precision@1: 21.173% (5881/27776)
Loss: 2.429 | Precision@1: 21.183% (5911/27904)
Loss: 2.427 | Precision@1: 21.258% (5959/28032)
Loss: 2.424 | Precision@1: 21.314% (6002/28160)
Loss: 2.421 | Precision@1: 21.366% (6044/28288)
Loss: 2.419 | Precision@1: 21.393% (6079/28416)
Loss: 2.417 | Precision@1: 21.409% (6111/28544)
Loss: 2.414 | Precision@1: 21.470% (6156/28672)
Loss: 2.411 | Precision@1: 21.503% (6193/28800)
Loss: 2.410 | Precision@1: 21.502% (6220/28928)
Loss: 2.408 | Precision@1: 21.555% (6263/29056)
Loss: 2.406 | Precision@1: 21.573% (6296/29184)
Loss: 2.403 | Precision@1: 21.612% (6335/29312)
Loss: 2.400 | Precision@1: 21.651% (6374/29440)
Loss: 2.398 | Precision@1: 21.696% (6415/29568)
Loss: 2.396 | Precision@1: 21.734% (6454/29696)
Loss: 2.394 | Precision@1: 21.778% (6495/29824)
Loss: 2.391 | Precision@1: 21.845% (6543/29952)
Loss: 2.389 | Precision@1: 21.875% (6580/30080)
Loss: 2.387 | Precision@1: 21.905% (6617/30208)
Loss: 2.384 | Precision@1: 21.974% (6666/30336)
Loss: 2.382 | Precision@1: 22.006% (6704/30464)
Loss: 2.380 | Precision@1: 22.038% (6742/30592)
Loss: 2.378 | Precision@1: 22.044% (6772/30720)
Loss: 2.376 | Precision@1: 22.066% (6807/30848)
Loss: 2.374 | Precision@1: 22.098% (6845/30976)
Loss: 2.372 | Precision@1: 22.116% (6879/31104)
Loss: 2.370 | Precision@1: 22.147% (6917/31232)
Loss: 2.368 | Precision@1: 22.207% (6964/31360)
Loss: 2.366 | Precision@1: 22.259% (7009/31488)
Loss: 2.363 | Precision@1: 22.315% (7055/31616)
Loss: 2.361 | Precision@1: 22.357% (7097/31744)
Loss: 2.359 | Precision@1: 22.374% (7131/31872)
Loss: 2.357 | Precision@1: 22.403% (7169/32000)
Loss: 2.355 | Precision@1: 22.457% (7215/32128)
Loss: 2.353 | Precision@1: 22.495% (7256/32256)
Loss: 2.350 | Precision@1: 22.554% (7304/32384)
Loss: 2.348 | Precision@1: 22.589% (7344/32512)
Loss: 2.346 | Precision@1: 22.629% (7386/32640)
Loss: 2.345 | Precision@1: 22.656% (7424/32768)
Loss: 2.342 | Precision@1: 22.693% (7465/32896)
Loss: 2.341 | Precision@1: 22.726% (7505/33024)
Loss: 2.339 | Precision@1: 22.768% (7548/33152)
Loss: 2.337 | Precision@1: 22.825% (7596/33280)
Loss: 2.335 | Precision@1: 22.830% (7627/33408)
Loss: 2.333 | Precision@1: 22.892% (7677/33536)
Loss: 2.331 | Precision@1: 22.935% (7721/33664)
Loss: 2.328 | Precision@1: 22.973% (7763/33792)
Loss: 2.327 | Precision@1: 22.995% (7800/33920)
Loss: 2.325 | Precision@1: 23.029% (7841/34048)
Loss: 2.323 | Precision@1: 23.072% (7885/34176)
Loss: 2.322 | Precision@1: 23.114% (7929/34304)
Loss: 2.320 | Precision@1: 23.147% (7970/34432)
Loss: 2.318 | Precision@1: 23.180% (8011/34560)
Loss: 2.316 | Precision@1: 23.187% (8043/34688)
Loss: 2.314 | Precision@1: 23.190% (8074/34816)
Loss: 2.313 | Precision@1: 23.217% (8113/34944)
Loss: 2.311 | Precision@1: 23.249% (8154/35072)
Loss: 2.309 | Precision@1: 23.284% (8196/35200)
Loss: 2.306 | Precision@1: 23.319% (8238/35328)
Loss: 2.305 | Precision@1: 23.350% (8279/35456)
Loss: 2.303 | Precision@1: 23.384% (8321/35584)
Loss: 2.301 | Precision@1: 23.438% (8370/35712)
Loss: 2.300 | Precision@1: 23.471% (8412/35840)
Loss: 2.298 | Precision@1: 23.526% (8462/35968)
Loss: 2.296 | Precision@1: 23.557% (8503/36096)
Loss: 2.294 | Precision@1: 23.587% (8544/36224)
Loss: 2.293 | Precision@1: 23.592% (8576/36352)
Loss: 2.291 | Precision@1: 23.621% (8617/36480)
Loss: 2.289 | Precision@1: 23.645% (8656/36608)
Loss: 2.287 | Precision@1: 23.666% (8694/36736)
Loss: 2.286 | Precision@1: 23.671% (8726/36864)
Loss: 2.284 | Precision@1: 23.713% (8772/36992)
Loss: 2.283 | Precision@1: 23.737% (8811/37120)
Loss: 2.281 | Precision@1: 23.760% (8850/37248)
Loss: 2.280 | Precision@1: 23.772% (8885/37376)
Loss: 2.278 | Precision@1: 23.792% (8923/37504)
Loss: 2.277 | Precision@1: 23.833% (8969/37632)
Loss: 2.275 | Precision@1: 23.864% (9011/37760)
Loss: 2.274 | Precision@1: 23.910% (9059/37888)
Loss: 2.272 | Precision@1: 23.924% (9095/38016)
Loss: 2.270 | Precision@1: 23.933% (9129/38144)
Loss: 2.269 | Precision@1: 23.957% (9169/38272)
Loss: 2.267 | Precision@1: 24.003% (9217/38400)
Loss: 2.266 | Precision@1: 24.019% (9254/38528)
Loss: 2.264 | Precision@1: 24.069% (9304/38656)
Loss: 2.262 | Precision@1: 24.098% (9346/38784)
Loss: 2.260 | Precision@1: 24.162% (9402/38912)
Loss: 2.258 | Precision@1: 24.203% (9449/39040)
Loss: 2.257 | Precision@1: 24.242% (9495/39168)
Loss: 2.255 | Precision@1: 24.287% (9544/39296)
Loss: 2.254 | Precision@1: 24.315% (9586/39424)
Loss: 2.252 | Precision@1: 24.360% (9635/39552)
Loss: 2.251 | Precision@1: 24.393% (9679/39680)
Loss: 2.248 | Precision@1: 24.445% (9731/39808)
Loss: 2.247 | Precision@1: 24.479% (9776/39936)
Loss: 2.245 | Precision@1: 24.518% (9823/40064)
Loss: 2.244 | Precision@1: 24.550% (9867/40192)
Loss: 2.242 | Precision@1: 24.578% (9910/40320)
Loss: 2.241 | Precision@1: 24.607% (9953/40448)
Loss: 2.239 | Precision@1: 24.643% (9999/40576)
Loss: 2.238 | Precision@1: 24.686% (10048/40704)
Loss: 2.236 | Precision@1: 24.736% (10100/40832)
Loss: 2.234 | Precision@1: 24.766% (10144/40960)
Loss: 2.233 | Precision@1: 24.805% (10192/41088)
Loss: 2.231 | Precision@1: 24.830% (10234/41216)
Loss: 2.230 | Precision@1: 24.867% (10281/41344)
Loss: 2.229 | Precision@1: 24.889% (10322/41472)
Loss: 2.227 | Precision@1: 24.928% (10370/41600)
Loss: 2.226 | Precision@1: 24.952% (10412/41728)
Loss: 2.225 | Precision@1: 24.976% (10454/41856)
Loss: 2.223 | Precision@1: 25.005% (10498/41984)
Loss: 2.222 | Precision@1: 25.007% (10531/42112)
Loss: 2.220 | Precision@1: 25.033% (10574/42240)
Loss: 2.218 | Precision@1: 25.042% (10610/42368)
Loss: 2.217 | Precision@1: 25.080% (10658/42496)
Loss: 2.216 | Precision@1: 25.096% (10697/42624)
Loss: 2.214 | Precision@1: 25.136% (10746/42752)
Loss: 2.212 | Precision@1: 25.175% (10795/42880)
Loss: 2.211 | Precision@1: 25.242% (10856/43008)
Loss: 2.210 | Precision@1: 25.253% (10893/43136)
Loss: 2.209 | Precision@1: 25.280% (10937/43264)
Loss: 2.207 | Precision@1: 25.304% (10980/43392)
Loss: 2.206 | Precision@1: 25.335% (11026/43520)
Loss: 2.204 | Precision@1: 25.357% (11068/43648)
Loss: 2.203 | Precision@1: 25.372% (11107/43776)
Loss: 2.202 | Precision@1: 25.396% (11150/43904)
Loss: 2.201 | Precision@1: 25.422% (11194/44032)
Loss: 2.199 | Precision@1: 25.446% (11237/44160)
Loss: 2.198 | Precision@1: 25.481% (11285/44288)
Loss: 2.196 | Precision@1: 25.525% (11337/44416)
Loss: 2.195 | Precision@1: 25.546% (11379/44544)
Loss: 2.193 | Precision@1: 25.584% (11429/44672)
Loss: 2.192 | Precision@1: 25.614% (11475/44800)
Loss: 2.191 | Precision@1: 25.619% (11510/44928)
Loss: 2.190 | Precision@1: 25.655% (11559/45056)
Loss: 2.188 | Precision@1: 25.695% (11610/45184)
Loss: 2.187 | Precision@1: 25.717% (11653/45312)
Loss: 2.186 | Precision@1: 25.726% (11690/45440)
Loss: 2.185 | Precision@1: 25.759% (11738/45568)
Loss: 2.183 | Precision@1: 25.781% (11781/45696)
Loss: 2.182 | Precision@1: 25.805% (11825/45824)
Loss: 2.181 | Precision@1: 25.831% (11870/45952)
Loss: 2.179 | Precision@1: 25.864% (11918/46080)
Loss: 2.178 | Precision@1: 25.881% (11959/46208)
Loss: 2.177 | Precision@1: 25.906% (12004/46336)
Loss: 2.176 | Precision@1: 25.925% (12046/46464)
Loss: 2.174 | Precision@1: 25.949% (12090/46592)
Loss: 2.173 | Precision@1: 25.987% (12141/46720)
Loss: 2.172 | Precision@1: 26.008% (12184/46848)
Loss: 2.171 | Precision@1: 26.030% (12228/46976)
Loss: 2.169 | Precision@1: 26.064% (12277/47104)
Loss: 2.168 | Precision@1: 26.101% (12328/47232)
Loss: 2.167 | Precision@1: 26.132% (12376/47360)
Loss: 2.166 | Precision@1: 26.183% (12434/47488)
Loss: 2.165 | Precision@1: 26.205% (12478/47616)
Loss: 2.163 | Precision@1: 26.225% (12521/47744)
Loss: 2.162 | Precision@1: 26.237% (12560/47872)
Loss: 2.161 | Precision@1: 26.252% (12601/48000)
Loss: 2.160 | Precision@1: 26.261% (12639/48128)
Loss: 2.159 | Precision@1: 26.306% (12694/48256)
Loss: 2.158 | Precision@1: 26.331% (12740/48384)
Loss: 2.157 | Precision@1: 26.369% (12792/48512)
Loss: 2.155 | Precision@1: 26.404% (12843/48640)
Loss: 2.153 | Precision@1: 26.448% (12898/48768)
Loss: 2.152 | Precision@1: 26.475% (12945/48896)
Loss: 2.151 | Precision@1: 26.495% (12989/49024)
Loss: 2.150 | Precision@1: 26.516% (13033/49152)
Loss: 2.149 | Precision@1: 26.540% (13079/49280)
Loss: 2.148 | Precision@1: 26.571% (13128/49408)
Loss: 2.146 | Precision@1: 26.603% (13178/49536)
Loss: 2.146 | Precision@1: 26.633% (13227/49664)
Loss: 2.145 | Precision@1: 26.647% (13268/49792)
Loss: 2.144 | Precision@1: 26.667% (13312/49920)
Loss: 2.142 | Precision@1: 26.678% (13339/50000)

Aggregates: 			
 	 DataLoader Time: 0.4137 			
 	 Mini-batch Time: 12.4683 			
 	 Training Epoch Time: 30.7341
 			
 Averages: 			
 	 Training Loss: 2.1424

 Test set Averages: Loss: 1.664 | Precision@1: 38.330% (3833/10000)

Epoch: 1
Loss: 1.778 | Precision@1: 35.938% (46/128)
Loss: 1.810 | Precision@1: 32.031% (82/256)
Loss: 1.729 | Precision@1: 36.198% (139/384)
Loss: 1.757 | Precision@1: 34.570% (177/512)
Loss: 1.745 | Precision@1: 35.469% (227/640)
Loss: 1.731 | Precision@1: 35.807% (275/768)
Loss: 1.715 | Precision@1: 36.830% (330/896)
Loss: 1.718 | Precision@1: 37.012% (379/1024)
Loss: 1.702 | Precision@1: 37.153% (428/1152)
Loss: 1.681 | Precision@1: 38.438% (492/1280)
Loss: 1.678 | Precision@1: 38.636% (544/1408)
Loss: 1.676 | Precision@1: 38.802% (596/1536)
Loss: 1.684 | Precision@1: 38.401% (639/1664)
Loss: 1.684 | Precision@1: 38.616% (692/1792)
Loss: 1.682 | Precision@1: 38.438% (738/1920)
Loss: 1.689 | Precision@1: 37.793% (774/2048)
Loss: 1.683 | Precision@1: 38.006% (827/2176)
Loss: 1.682 | Precision@1: 37.934% (874/2304)
Loss: 1.683 | Precision@1: 38.076% (926/2432)
Loss: 1.681 | Precision@1: 38.086% (975/2560)
Loss: 1.673 | Precision@1: 38.281% (1029/2688)
Loss: 1.676 | Precision@1: 38.068% (1072/2816)
Loss: 1.676 | Precision@1: 38.010% (1119/2944)
Loss: 1.679 | Precision@1: 37.923% (1165/3072)
Loss: 1.677 | Precision@1: 38.000% (1216/3200)
Loss: 1.679 | Precision@1: 38.041% (1266/3328)
Loss: 1.679 | Precision@1: 37.992% (1313/3456)
Loss: 1.675 | Precision@1: 38.086% (1365/3584)
Loss: 1.672 | Precision@1: 38.120% (1415/3712)
Loss: 1.668 | Precision@1: 38.047% (1461/3840)
Loss: 1.664 | Precision@1: 38.180% (1515/3968)
Loss: 1.666 | Precision@1: 38.208% (1565/4096)
Loss: 1.667 | Precision@1: 38.116% (1610/4224)
Loss: 1.667 | Precision@1: 38.189% (1662/4352)
Loss: 1.666 | Precision@1: 38.214% (1712/4480)
Loss: 1.661 | Precision@1: 38.238% (1762/4608)
Loss: 1.661 | Precision@1: 38.281% (1813/4736)
Loss: 1.663 | Precision@1: 38.240% (1860/4864)
Loss: 1.664 | Precision@1: 38.221% (1908/4992)
Loss: 1.662 | Precision@1: 38.359% (1964/5120)
Loss: 1.662 | Precision@1: 38.205% (2005/5248)
Loss: 1.658 | Precision@1: 38.411% (2065/5376)
Loss: 1.659 | Precision@1: 38.318% (2109/5504)
Loss: 1.662 | Precision@1: 38.263% (2155/5632)
Loss: 1.662 | Precision@1: 38.385% (2211/5760)
Loss: 1.662 | Precision@1: 38.468% (2265/5888)
Loss: 1.661 | Precision@1: 38.464% (2314/6016)
Loss: 1.658 | Precision@1: 38.493% (2365/6144)
Loss: 1.656 | Precision@1: 38.552% (2418/6272)
Loss: 1.654 | Precision@1: 38.672% (2475/6400)
Loss: 1.651 | Precision@1: 38.863% (2537/6528)
Loss: 1.650 | Precision@1: 39.002% (2596/6656)
Loss: 1.648 | Precision@1: 39.077% (2651/6784)
Loss: 1.650 | Precision@1: 39.120% (2704/6912)
Loss: 1.646 | Precision@1: 39.304% (2767/7040)
Loss: 1.645 | Precision@1: 39.369% (2822/7168)
Loss: 1.648 | Precision@1: 39.186% (2859/7296)
Loss: 1.646 | Precision@1: 39.224% (2912/7424)
Loss: 1.645 | Precision@1: 39.142% (2956/7552)
Loss: 1.642 | Precision@1: 39.206% (3011/7680)
Loss: 1.641 | Precision@1: 39.242% (3064/7808)
Loss: 1.640 | Precision@1: 39.378% (3125/7936)
Loss: 1.639 | Precision@1: 39.435% (3180/8064)
Loss: 1.642 | Precision@1: 39.392% (3227/8192)
Loss: 1.642 | Precision@1: 39.411% (3279/8320)
Loss: 1.641 | Precision@1: 39.489% (3336/8448)
Loss: 1.640 | Precision@1: 39.529% (3390/8576)
Loss: 1.637 | Precision@1: 39.660% (3452/8704)
Loss: 1.636 | Precision@1: 39.617% (3499/8832)
Loss: 1.637 | Precision@1: 39.565% (3545/8960)
Loss: 1.636 | Precision@1: 39.536% (3593/9088)
Loss: 1.635 | Precision@1: 39.638% (3653/9216)
Loss: 1.634 | Precision@1: 39.694% (3709/9344)
Loss: 1.633 | Precision@1: 39.633% (3754/9472)
Loss: 1.632 | Precision@1: 39.635% (3805/9600)
Loss: 1.630 | Precision@1: 39.638% (3856/9728)
Loss: 1.631 | Precision@1: 39.570% (3900/9856)
Loss: 1.631 | Precision@1: 39.553% (3949/9984)
Loss: 1.630 | Precision@1: 39.567% (4001/10112)
Loss: 1.630 | Precision@1: 39.590% (4054/10240)
Loss: 1.631 | Precision@1: 39.593% (4105/10368)
Loss: 1.630 | Precision@1: 39.663% (4163/10496)
Loss: 1.628 | Precision@1: 39.703% (4218/10624)
Loss: 1.627 | Precision@1: 39.714% (4270/10752)
Loss: 1.626 | Precision@1: 39.779% (4328/10880)
Loss: 1.626 | Precision@1: 39.798% (4381/11008)
Loss: 1.626 | Precision@1: 39.763% (4428/11136)
Loss: 1.625 | Precision@1: 39.719% (4474/11264)
Loss: 1.625 | Precision@1: 39.791% (4533/11392)
Loss: 1.625 | Precision@1: 39.774% (4582/11520)
Loss: 1.624 | Precision@1: 39.809% (4637/11648)
Loss: 1.625 | Precision@1: 39.759% (4682/11776)
Loss: 1.625 | Precision@1: 39.726% (4729/11904)
Loss: 1.625 | Precision@1: 39.686% (4775/12032)
Loss: 1.626 | Precision@1: 39.696% (4827/12160)
Loss: 1.626 | Precision@1: 39.705% (4879/12288)
Loss: 1.626 | Precision@1: 39.675% (4926/12416)
Loss: 1.627 | Precision@1: 39.629% (4971/12544)
Loss: 1.627 | Precision@1: 39.631% (5022/12672)
Loss: 1.627 | Precision@1: 39.617% (5071/12800)
Loss: 1.627 | Precision@1: 39.596% (5119/12928)
Loss: 1.627 | Precision@1: 39.668% (5179/13056)
Loss: 1.627 | Precision@1: 39.692% (5233/13184)
Loss: 1.627 | Precision@1: 39.724% (5288/13312)
Loss: 1.627 | Precision@1: 39.725% (5339/13440)
Loss: 1.626 | Precision@1: 39.741% (5392/13568)
Loss: 1.627 | Precision@1: 39.742% (5443/13696)
Loss: 1.624 | Precision@1: 39.822% (5505/13824)
Loss: 1.625 | Precision@1: 39.779% (5550/13952)
Loss: 1.624 | Precision@1: 39.844% (5610/14080)
Loss: 1.623 | Precision@1: 39.872% (5665/14208)
Loss: 1.623 | Precision@1: 39.858% (5714/14336)
Loss: 1.622 | Precision@1: 39.878% (5768/14464)
Loss: 1.622 | Precision@1: 39.912% (5824/14592)
Loss: 1.622 | Precision@1: 39.905% (5874/14720)
Loss: 1.622 | Precision@1: 39.938% (5930/14848)
Loss: 1.621 | Precision@1: 39.991% (5989/14976)
Loss: 1.622 | Precision@1: 39.930% (6031/15104)
Loss: 1.620 | Precision@1: 40.028% (6097/15232)
Loss: 1.619 | Precision@1: 40.033% (6149/15360)
Loss: 1.619 | Precision@1: 40.012% (6197/15488)
Loss: 1.619 | Precision@1: 40.049% (6254/15616)
Loss: 1.620 | Precision@1: 40.066% (6308/15744)
Loss: 1.620 | Precision@1: 40.115% (6367/15872)
Loss: 1.618 | Precision@1: 40.169% (6427/16000)
Loss: 1.618 | Precision@1: 40.185% (6481/16128)
Loss: 1.618 | Precision@1: 40.213% (6537/16256)
Loss: 1.618 | Precision@1: 40.247% (6594/16384)
Loss: 1.617 | Precision@1: 40.274% (6650/16512)
Loss: 1.617 | Precision@1: 40.288% (6704/16640)
Loss: 1.617 | Precision@1: 40.267% (6752/16768)
Loss: 1.617 | Precision@1: 40.246% (6800/16896)
Loss: 1.617 | Precision@1: 40.267% (6855/17024)
Loss: 1.617 | Precision@1: 40.252% (6904/17152)
Loss: 1.617 | Precision@1: 40.249% (6955/17280)
Loss: 1.617 | Precision@1: 40.246% (7006/17408)
Loss: 1.617 | Precision@1: 40.260% (7060/17536)
Loss: 1.616 | Precision@1: 40.263% (7112/17664)
Loss: 1.616 | Precision@1: 40.327% (7175/17792)
Loss: 1.616 | Precision@1: 40.335% (7228/17920)
Loss: 1.616 | Precision@1: 40.337% (7280/18048)
Loss: 1.616 | Precision@1: 40.399% (7343/18176)
Loss: 1.615 | Precision@1: 40.417% (7398/18304)
Loss: 1.616 | Precision@1: 40.408% (7448/18432)
Loss: 1.616 | Precision@1: 40.399% (7498/18560)
Loss: 1.616 | Precision@1: 40.374% (7545/18688)
Loss: 1.616 | Precision@1: 40.370% (7596/18816)
Loss: 1.616 | Precision@1: 40.356% (7645/18944)
Loss: 1.617 | Precision@1: 40.305% (7687/19072)
Loss: 1.617 | Precision@1: 40.312% (7740/19200)
Loss: 1.616 | Precision@1: 40.325% (7794/19328)
Loss: 1.615 | Precision@1: 40.368% (7854/19456)
Loss: 1.615 | Precision@1: 40.390% (7910/19584)
Loss: 1.615 | Precision@1: 40.402% (7964/19712)
Loss: 1.615 | Precision@1: 40.403% (8016/19840)
Loss: 1.614 | Precision@1: 40.405% (8068/19968)
Loss: 1.615 | Precision@1: 40.441% (8127/20096)
Loss: 1.613 | Precision@1: 40.511% (8193/20224)
Loss: 1.613 | Precision@1: 40.556% (8254/20352)
Loss: 1.613 | Precision@1: 40.557% (8306/20480)
Loss: 1.613 | Precision@1: 40.547% (8356/20608)
Loss: 1.613 | Precision@1: 40.543% (8407/20736)
Loss: 1.612 | Precision@1: 40.572% (8465/20864)
Loss: 1.612 | Precision@1: 40.606% (8524/20992)
Loss: 1.611 | Precision@1: 40.639% (8583/21120)
Loss: 1.611 | Precision@1: 40.658% (8639/21248)
Loss: 1.611 | Precision@1: 40.662% (8692/21376)
Loss: 1.611 | Precision@1: 40.676% (8747/21504)
Loss: 1.611 | Precision@1: 40.653% (8794/21632)
Loss: 1.610 | Precision@1: 40.657% (8847/21760)
Loss: 1.611 | Precision@1: 40.616% (8890/21888)
Loss: 1.610 | Precision@1: 40.643% (8948/22016)
Loss: 1.610 | Precision@1: 40.639% (8999/22144)
Loss: 1.610 | Precision@1: 40.612% (9045/22272)
Loss: 1.610 | Precision@1: 40.616% (9098/22400)
Loss: 1.610 | Precision@1: 40.634% (9154/22528)
Loss: 1.609 | Precision@1: 40.651% (9210/22656)
Loss: 1.609 | Precision@1: 40.634% (9258/22784)
Loss: 1.610 | Precision@1: 40.612% (9305/22912)
Loss: 1.610 | Precision@1: 40.638% (9363/23040)
Loss: 1.609 | Precision@1: 40.638% (9415/23168)
Loss: 1.608 | Precision@1: 40.694% (9480/23296)
Loss: 1.608 | Precision@1: 40.702% (9534/23424)
Loss: 1.608 | Precision@1: 40.680% (9581/23552)
Loss: 1.607 | Precision@1: 40.735% (9646/23680)
Loss: 1.608 | Precision@1: 40.680% (9685/23808)
Loss: 1.607 | Precision@1: 40.704% (9743/23936)
Loss: 1.607 | Precision@1: 40.708% (9796/24064)
Loss: 1.606 | Precision@1: 40.708% (9848/24192)
Loss: 1.606 | Precision@1: 40.724% (9904/24320)
Loss: 1.605 | Precision@1: 40.740% (9960/24448)
Loss: 1.605 | Precision@1: 40.792% (10025/24576)
Loss: 1.604 | Precision@1: 40.819% (10084/24704)
Loss: 1.604 | Precision@1: 40.834% (10140/24832)
Loss: 1.603 | Precision@1: 40.841% (10194/24960)
Loss: 1.602 | Precision@1: 40.856% (10250/25088)
Loss: 1.603 | Precision@1: 40.843% (10299/25216)
Loss: 1.602 | Precision@1: 40.870% (10358/25344)
Loss: 1.602 | Precision@1: 40.857% (10407/25472)
Loss: 1.602 | Precision@1: 40.848% (10457/25600)
Loss: 1.603 | Precision@1: 40.819% (10502/25728)
Loss: 1.603 | Precision@1: 40.826% (10556/25856)
Loss: 1.603 | Precision@1: 40.810% (10604/25984)
Loss: 1.602 | Precision@1: 40.794% (10652/26112)
Loss: 1.602 | Precision@1: 40.823% (10712/26240)
Loss: 1.601 | Precision@1: 40.872% (10777/26368)
Loss: 1.600 | Precision@1: 40.901% (10837/26496)
Loss: 1.599 | Precision@1: 40.944% (10901/26624)
Loss: 1.599 | Precision@1: 40.950% (10955/26752)
Loss: 1.598 | Precision@1: 40.997% (11020/26880)
Loss: 1.597 | Precision@1: 41.055% (11088/27008)
Loss: 1.597 | Precision@1: 41.078% (11147/27136)
Loss: 1.596 | Precision@1: 41.124% (11212/27264)
Loss: 1.596 | Precision@1: 41.136% (11268/27392)
Loss: 1.596 | Precision@1: 41.119% (11316/27520)
Loss: 1.595 | Precision@1: 41.135% (11373/27648)
Loss: 1.595 | Precision@1: 41.147% (11429/27776)
Loss: 1.595 | Precision@1: 41.148% (11482/27904)
Loss: 1.594 | Precision@1: 41.164% (11539/28032)
Loss: 1.594 | Precision@1: 41.154% (11589/28160)
Loss: 1.594 | Precision@1: 41.155% (11642/28288)
Loss: 1.594 | Precision@1: 41.146% (11692/28416)
Loss: 1.595 | Precision@1: 41.126% (11739/28544)
Loss: 1.594 | Precision@1: 41.141% (11796/28672)
Loss: 1.593 | Precision@1: 41.156% (11853/28800)
Loss: 1.593 | Precision@1: 41.150% (11904/28928)
Loss: 1.593 | Precision@1: 41.172% (11963/29056)
Loss: 1.592 | Precision@1: 41.190% (12021/29184)
Loss: 1.593 | Precision@1: 41.184% (12072/29312)
Loss: 1.592 | Precision@1: 41.196% (12128/29440)
Loss: 1.592 | Precision@1: 41.213% (12186/29568)
Loss: 1.592 | Precision@1: 41.214% (12239/29696)
Loss: 1.592 | Precision@1: 41.212% (12291/29824)
Loss: 1.593 | Precision@1: 41.189% (12337/29952)
Loss: 1.592 | Precision@1: 41.233% (12403/30080)
Loss: 1.592 | Precision@1: 41.214% (12450/30208)
Loss: 1.592 | Precision@1: 41.245% (12512/30336)
Loss: 1.591 | Precision@1: 41.245% (12565/30464)
Loss: 1.591 | Precision@1: 41.253% (12620/30592)
Loss: 1.591 | Precision@1: 41.276% (12680/30720)
Loss: 1.590 | Precision@1: 41.286% (12736/30848)
Loss: 1.590 | Precision@1: 41.280% (12787/30976)
Loss: 1.589 | Precision@1: 41.271% (12837/31104)
Loss: 1.589 | Precision@1: 41.272% (12890/31232)
Loss: 1.588 | Precision@1: 41.317% (12957/31360)
Loss: 1.588 | Precision@1: 41.333% (13015/31488)
Loss: 1.587 | Precision@1: 41.371% (13080/31616)
Loss: 1.587 | Precision@1: 41.390% (13139/31744)
Loss: 1.587 | Precision@1: 41.378% (13188/31872)
Loss: 1.586 | Precision@1: 41.394% (13246/32000)
Loss: 1.586 | Precision@1: 41.400% (13301/32128)
Loss: 1.586 | Precision@1: 41.394% (13352/32256)
Loss: 1.586 | Precision@1: 41.388% (13403/32384)
Loss: 1.586 | Precision@1: 41.412% (13464/32512)
Loss: 1.587 | Precision@1: 41.400% (13513/32640)
Loss: 1.587 | Precision@1: 41.400% (13566/32768)
Loss: 1.587 | Precision@1: 41.406% (13621/32896)
Loss: 1.587 | Precision@1: 41.412% (13676/33024)
Loss: 1.586 | Precision@1: 41.436% (13737/33152)
Loss: 1.586 | Precision@1: 41.451% (13795/33280)
Loss: 1.586 | Precision@1: 41.460% (13851/33408)
Loss: 1.585 | Precision@1: 41.472% (13908/33536)
Loss: 1.585 | Precision@1: 41.460% (13957/33664)
Loss: 1.585 | Precision@1: 41.451% (14007/33792)
Loss: 1.585 | Precision@1: 41.477% (14069/33920)
Loss: 1.584 | Precision@1: 41.509% (14133/34048)
Loss: 1.584 | Precision@1: 41.535% (14195/34176)
Loss: 1.584 | Precision@1: 41.555% (14255/34304)
Loss: 1.583 | Precision@1: 41.554% (14308/34432)
Loss: 1.583 | Precision@1: 41.591% (14374/34560)
Loss: 1.583 | Precision@1: 41.605% (14432/34688)
Loss: 1.582 | Precision@1: 41.607% (14486/34816)
Loss: 1.581 | Precision@1: 41.652% (14555/34944)
Loss: 1.581 | Precision@1: 41.651% (14608/35072)
Loss: 1.580 | Precision@1: 41.685% (14673/35200)
Loss: 1.580 | Precision@1: 41.689% (14728/35328)
Loss: 1.579 | Precision@1: 41.725% (14794/35456)
Loss: 1.579 | Precision@1: 41.738% (14852/35584)
Loss: 1.578 | Precision@1: 41.767% (14916/35712)
Loss: 1.578 | Precision@1: 41.786% (14976/35840)
Loss: 1.578 | Precision@1: 41.784% (15029/35968)
Loss: 1.578 | Precision@1: 41.794% (15086/36096)
Loss: 1.577 | Precision@1: 41.809% (15145/36224)
Loss: 1.577 | Precision@1: 41.813% (15200/36352)
Loss: 1.577 | Precision@1: 41.823% (15257/36480)
Loss: 1.577 | Precision@1: 41.832% (15314/36608)
Loss: 1.576 | Precision@1: 41.845% (15372/36736)
Loss: 1.576 | Precision@1: 41.848% (15427/36864)
Loss: 1.575 | Precision@1: 41.860% (15485/36992)
Loss: 1.576 | Precision@1: 41.845% (15533/37120)
Loss: 1.576 | Precision@1: 41.830% (15581/37248)
Loss: 1.576 | Precision@1: 41.808% (15626/37376)
Loss: 1.575 | Precision@1: 41.809% (15680/37504)
Loss: 1.575 | Precision@1: 41.808% (15733/37632)
Loss: 1.575 | Precision@1: 41.841% (15799/37760)
Loss: 1.575 | Precision@1: 41.847% (15855/37888)
Loss: 1.574 | Precision@1: 41.864% (15915/38016)
Loss: 1.574 | Precision@1: 41.868% (15970/38144)
Loss: 1.574 | Precision@1: 41.882% (16029/38272)
Loss: 1.574 | Precision@1: 41.885% (16084/38400)
Loss: 1.574 | Precision@1: 41.892% (16140/38528)
Loss: 1.573 | Precision@1: 41.890% (16193/38656)
Loss: 1.573 | Precision@1: 41.886% (16245/38784)
Loss: 1.573 | Precision@1: 41.882% (16297/38912)
Loss: 1.572 | Precision@1: 41.898% (16357/39040)
Loss: 1.572 | Precision@1: 41.884% (16405/39168)
Loss: 1.572 | Precision@1: 41.895% (16463/39296)
Loss: 1.572 | Precision@1: 41.919% (16526/39424)
Loss: 1.571 | Precision@1: 41.942% (16589/39552)
Loss: 1.571 | Precision@1: 41.951% (16646/39680)
Loss: 1.571 | Precision@1: 41.969% (16707/39808)
Loss: 1.571 | Precision@1: 41.975% (16763/39936)
Loss: 1.571 | Precision@1: 41.953% (16808/40064)
Loss: 1.570 | Precision@1: 41.993% (16878/40192)
Loss: 1.570 | Precision@1: 42.014% (16940/40320)
Loss: 1.570 | Precision@1: 41.995% (16986/40448)
Loss: 1.570 | Precision@1: 42.000% (17042/40576)
Loss: 1.570 | Precision@1: 41.998% (17095/40704)
Loss: 1.569 | Precision@1: 42.014% (17155/40832)
Loss: 1.569 | Precision@1: 42.017% (17210/40960)
Loss: 1.569 | Precision@1: 42.010% (17261/41088)
Loss: 1.568 | Precision@1: 42.006% (17313/41216)
Loss: 1.568 | Precision@1: 42.018% (17372/41344)
Loss: 1.568 | Precision@1: 42.021% (17427/41472)
Loss: 1.567 | Precision@1: 42.048% (17492/41600)
Loss: 1.567 | Precision@1: 42.068% (17554/41728)
Loss: 1.567 | Precision@1: 42.092% (17618/41856)
Loss: 1.567 | Precision@1: 42.104% (17677/41984)
Loss: 1.566 | Precision@1: 42.100% (17729/42112)
Loss: 1.566 | Precision@1: 42.114% (17789/42240)
Loss: 1.565 | Precision@1: 42.121% (17846/42368)
Loss: 1.565 | Precision@1: 42.164% (17918/42496)
Loss: 1.564 | Precision@1: 42.188% (17982/42624)
Loss: 1.563 | Precision@1: 42.195% (18039/42752)
Loss: 1.564 | Precision@1: 42.188% (18090/42880)
Loss: 1.563 | Precision@1: 42.199% (18149/43008)
Loss: 1.563 | Precision@1: 42.206% (18206/43136)
Loss: 1.563 | Precision@1: 42.222% (18267/43264)
Loss: 1.562 | Precision@1: 42.234% (18326/43392)
Loss: 1.562 | Precision@1: 42.215% (18372/43520)
Loss: 1.563 | Precision@1: 42.217% (18427/43648)
Loss: 1.563 | Precision@1: 42.194% (18471/43776)
Loss: 1.562 | Precision@1: 42.213% (18533/43904)
Loss: 1.562 | Precision@1: 42.237% (18598/44032)
Loss: 1.562 | Precision@1: 42.231% (18649/44160)
Loss: 1.562 | Precision@1: 42.257% (18715/44288)
Loss: 1.562 | Precision@1: 42.255% (18768/44416)
Loss: 1.561 | Precision@1: 42.255% (18822/44544)
Loss: 1.561 | Precision@1: 42.268% (18882/44672)
Loss: 1.561 | Precision@1: 42.277% (18940/44800)
Loss: 1.561 | Precision@1: 42.281% (18996/44928)
Loss: 1.561 | Precision@1: 42.287% (19053/45056)
Loss: 1.561 | Precision@1: 42.292% (19109/45184)
Loss: 1.561 | Precision@1: 42.274% (19155/45312)
Loss: 1.561 | Precision@1: 42.284% (19214/45440)
Loss: 1.560 | Precision@1: 42.326% (19287/45568)
Loss: 1.560 | Precision@1: 42.341% (19348/45696)
Loss: 1.560 | Precision@1: 42.334% (19399/45824)
Loss: 1.560 | Precision@1: 42.333% (19453/45952)
Loss: 1.560 | Precision@1: 42.324% (19503/46080)
Loss: 1.560 | Precision@1: 42.330% (19560/46208)
Loss: 1.560 | Precision@1: 42.339% (19618/46336)
Loss: 1.559 | Precision@1: 42.347% (19676/46464)
Loss: 1.559 | Precision@1: 42.372% (19742/46592)
Loss: 1.559 | Precision@1: 42.391% (19805/46720)
Loss: 1.558 | Precision@1: 42.397% (19862/46848)
Loss: 1.558 | Precision@1: 42.396% (19916/46976)
Loss: 1.558 | Precision@1: 42.398% (19971/47104)
Loss: 1.558 | Precision@1: 42.416% (20034/47232)
Loss: 1.557 | Precision@1: 42.435% (20097/47360)
Loss: 1.557 | Precision@1: 42.432% (20150/47488)
Loss: 1.556 | Precision@1: 42.450% (20213/47616)
Loss: 1.556 | Precision@1: 42.479% (20281/47744)
Loss: 1.555 | Precision@1: 42.503% (20347/47872)
Loss: 1.555 | Precision@1: 42.500% (20400/48000)
Loss: 1.554 | Precision@1: 42.522% (20465/48128)
Loss: 1.554 | Precision@1: 42.525% (20521/48256)
Loss: 1.553 | Precision@1: 42.531% (20578/48384)
Loss: 1.553 | Precision@1: 42.548% (20641/48512)
Loss: 1.553 | Precision@1: 42.547% (20695/48640)
Loss: 1.553 | Precision@1: 42.540% (20746/48768)
Loss: 1.553 | Precision@1: 42.560% (20810/48896)
Loss: 1.552 | Precision@1: 42.567% (20868/49024)
Loss: 1.552 | Precision@1: 42.572% (20925/49152)
Loss: 1.552 | Precision@1: 42.581% (20984/49280)
Loss: 1.552 | Precision@1: 42.598% (21047/49408)
Loss: 1.552 | Precision@1: 42.593% (21099/49536)
Loss: 1.552 | Precision@1: 42.598% (21156/49664)
Loss: 1.552 | Precision@1: 42.597% (21210/49792)
Loss: 1.551 | Precision@1: 42.596% (21264/49920)
Loss: 1.552 | Precision@1: 42.604% (21302/50000)

Aggregates: 			
 	 DataLoader Time: 0.4689 			
 	 Mini-batch Time: 12.2109 			
 	 Training Epoch Time: 30.4855
 			
 Averages: 			
 	 Training Loss: 1.5515

 Test set Averages: Loss: 1.488 | Precision@1: 46.450% (4645/10000)

Epoch: 2
Loss: 1.386 | Precision@1: 53.125% (68/128)
Loss: 1.332 | Precision@1: 51.562% (132/256)
Loss: 1.386 | Precision@1: 50.781% (195/384)
Loss: 1.364 | Precision@1: 51.562% (264/512)
Loss: 1.391 | Precision@1: 49.844% (319/640)
Loss: 1.389 | Precision@1: 49.870% (383/768)
Loss: 1.387 | Precision@1: 50.112% (449/896)
Loss: 1.404 | Precision@1: 49.414% (506/1024)
Loss: 1.400 | Precision@1: 50.000% (576/1152)
Loss: 1.403 | Precision@1: 49.922% (639/1280)
Loss: 1.404 | Precision@1: 50.000% (704/1408)
Loss: 1.408 | Precision@1: 50.260% (772/1536)
Loss: 1.416 | Precision@1: 49.399% (822/1664)
Loss: 1.416 | Precision@1: 49.051% (879/1792)
Loss: 1.420 | Precision@1: 48.958% (940/1920)
Loss: 1.418 | Precision@1: 48.730% (998/2048)
Loss: 1.408 | Precision@1: 48.805% (1062/2176)
Loss: 1.412 | Precision@1: 48.438% (1116/2304)
Loss: 1.410 | Precision@1: 48.643% (1183/2432)
Loss: 1.408 | Precision@1: 48.477% (1241/2560)
Loss: 1.410 | Precision@1: 48.400% (1301/2688)
Loss: 1.407 | Precision@1: 48.473% (1365/2816)
Loss: 1.405 | Precision@1: 48.539% (1429/2944)
Loss: 1.405 | Precision@1: 48.698% (1496/3072)
Loss: 1.404 | Precision@1: 48.875% (1564/3200)
Loss: 1.401 | Precision@1: 48.948% (1629/3328)
Loss: 1.398 | Precision@1: 49.161% (1699/3456)
Loss: 1.399 | Precision@1: 49.107% (1760/3584)
Loss: 1.398 | Precision@1: 49.084% (1822/3712)
Loss: 1.404 | Precision@1: 48.828% (1875/3840)
Loss: 1.401 | Precision@1: 48.790% (1936/3968)
Loss: 1.406 | Precision@1: 48.486% (1986/4096)
Loss: 1.406 | Precision@1: 48.414% (2045/4224)
Loss: 1.409 | Precision@1: 48.277% (2101/4352)
Loss: 1.409 | Precision@1: 48.214% (2160/4480)
Loss: 1.406 | Precision@1: 48.372% (2229/4608)
Loss: 1.404 | Precision@1: 48.353% (2290/4736)
Loss: 1.405 | Precision@1: 48.355% (2352/4864)
Loss: 1.401 | Precision@1: 48.417% (2417/4992)
Loss: 1.403 | Precision@1: 48.242% (2470/5120)
Loss: 1.403 | Precision@1: 48.190% (2529/5248)
Loss: 1.402 | Precision@1: 48.103% (2586/5376)
Loss: 1.403 | Precision@1: 48.219% (2654/5504)
Loss: 1.399 | Precision@1: 48.331% (2722/5632)
Loss: 1.400 | Precision@1: 48.264% (2780/5760)
Loss: 1.402 | Precision@1: 48.302% (2844/5888)
Loss: 1.401 | Precision@1: 48.238% (2902/6016)
Loss: 1.403 | Precision@1: 48.242% (2964/6144)
Loss: 1.405 | Precision@1: 48.135% (3019/6272)
Loss: 1.405 | Precision@1: 48.250% (3088/6400)
Loss: 1.407 | Precision@1: 48.177% (3145/6528)
Loss: 1.405 | Precision@1: 48.242% (3211/6656)
Loss: 1.406 | Precision@1: 48.216% (3271/6784)
Loss: 1.408 | Precision@1: 48.192% (3331/6912)
Loss: 1.407 | Precision@1: 48.040% (3382/7040)
Loss: 1.407 | Precision@1: 48.117% (3449/7168)
Loss: 1.407 | Precision@1: 48.150% (3513/7296)
Loss: 1.406 | Precision@1: 48.222% (3580/7424)
Loss: 1.407 | Precision@1: 48.226% (3642/7552)
Loss: 1.408 | Precision@1: 48.151% (3698/7680)
Loss: 1.408 | Precision@1: 48.092% (3755/7808)
Loss: 1.408 | Precision@1: 48.034% (3812/7936)
Loss: 1.409 | Precision@1: 48.028% (3873/8064)
Loss: 1.406 | Precision@1: 48.242% (3952/8192)
Loss: 1.404 | Precision@1: 48.257% (4015/8320)
Loss: 1.401 | Precision@1: 48.426% (4091/8448)
Loss: 1.401 | Precision@1: 48.391% (4150/8576)
Loss: 1.401 | Precision@1: 48.426% (4215/8704)
Loss: 1.402 | Precision@1: 48.438% (4278/8832)
Loss: 1.400 | Precision@1: 48.549% (4350/8960)
Loss: 1.399 | Precision@1: 48.636% (4420/9088)
Loss: 1.398 | Precision@1: 48.622% (4481/9216)
Loss: 1.399 | Precision@1: 48.566% (4538/9344)
Loss: 1.401 | Precision@1: 48.395% (4584/9472)
Loss: 1.400 | Precision@1: 48.458% (4652/9600)
Loss: 1.397 | Precision@1: 48.643% (4732/9728)
Loss: 1.395 | Precision@1: 48.580% (4788/9856)
Loss: 1.395 | Precision@1: 48.588% (4851/9984)
Loss: 1.393 | Precision@1: 48.714% (4926/10112)
Loss: 1.390 | Precision@1: 48.770% (4994/10240)
Loss: 1.392 | Precision@1: 48.708% (5050/10368)
Loss: 1.390 | Precision@1: 48.780% (5120/10496)
Loss: 1.389 | Precision@1: 48.786% (5183/10624)
Loss: 1.389 | Precision@1: 48.847% (5252/10752)
Loss: 1.390 | Precision@1: 48.860% (5316/10880)
Loss: 1.390 | Precision@1: 48.883% (5381/11008)
Loss: 1.391 | Precision@1: 48.886% (5444/11136)
Loss: 1.390 | Precision@1: 48.970% (5516/11264)
Loss: 1.389 | Precision@1: 48.991% (5581/11392)
Loss: 1.387 | Precision@1: 49.054% (5651/11520)
Loss: 1.388 | Precision@1: 49.090% (5718/11648)
Loss: 1.387 | Precision@1: 49.168% (5790/11776)
Loss: 1.385 | Precision@1: 49.252% (5863/11904)
Loss: 1.383 | Precision@1: 49.318% (5934/12032)
Loss: 1.384 | Precision@1: 49.342% (6000/12160)
Loss: 1.385 | Precision@1: 49.276% (6055/12288)
Loss: 1.386 | Precision@1: 49.259% (6116/12416)
Loss: 1.386 | Precision@1: 49.187% (6170/12544)
Loss: 1.385 | Precision@1: 49.195% (6234/12672)
Loss: 1.384 | Precision@1: 49.250% (6304/12800)
Loss: 1.384 | Precision@1: 49.288% (6372/12928)
Loss: 1.384 | Precision@1: 49.257% (6431/13056)
Loss: 1.384 | Precision@1: 49.249% (6493/13184)
Loss: 1.387 | Precision@1: 49.151% (6543/13312)
Loss: 1.386 | Precision@1: 49.211% (6614/13440)
Loss: 1.385 | Precision@1: 49.182% (6673/13568)
Loss: 1.385 | Precision@1: 49.241% (6744/13696)
Loss: 1.384 | Precision@1: 49.313% (6817/13824)
Loss: 1.384 | Precision@1: 49.305% (6879/13952)
Loss: 1.384 | Precision@1: 49.311% (6943/14080)
Loss: 1.384 | Precision@1: 49.324% (7008/14208)
Loss: 1.385 | Precision@1: 49.309% (7069/14336)
Loss: 1.385 | Precision@1: 49.357% (7139/14464)
Loss: 1.386 | Precision@1: 49.294% (7193/14592)
Loss: 1.385 | Precision@1: 49.293% (7256/14720)
Loss: 1.385 | Precision@1: 49.353% (7328/14848)
Loss: 1.383 | Precision@1: 49.439% (7404/14976)
Loss: 1.383 | Precision@1: 49.484% (7474/15104)
Loss: 1.382 | Precision@1: 49.488% (7538/15232)
Loss: 1.381 | Precision@1: 49.531% (7608/15360)
Loss: 1.381 | Precision@1: 49.516% (7669/15488)
Loss: 1.380 | Precision@1: 49.533% (7735/15616)
Loss: 1.379 | Precision@1: 49.562% (7803/15744)
Loss: 1.378 | Precision@1: 49.622% (7876/15872)
Loss: 1.377 | Precision@1: 49.644% (7943/16000)
Loss: 1.376 | Precision@1: 49.690% (8014/16128)
Loss: 1.376 | Precision@1: 49.729% (8084/16256)
Loss: 1.375 | Precision@1: 49.707% (8144/16384)
Loss: 1.375 | Precision@1: 49.703% (8207/16512)
Loss: 1.374 | Precision@1: 49.736% (8276/16640)
Loss: 1.373 | Precision@1: 49.755% (8343/16768)
Loss: 1.374 | Precision@1: 49.734% (8403/16896)
Loss: 1.373 | Precision@1: 49.800% (8478/17024)
Loss: 1.372 | Precision@1: 49.773% (8537/17152)
Loss: 1.372 | Precision@1: 49.763% (8599/17280)
Loss: 1.372 | Precision@1: 49.782% (8666/17408)
Loss: 1.371 | Precision@1: 49.766% (8727/17536)
Loss: 1.370 | Precision@1: 49.802% (8797/17664)
Loss: 1.369 | Precision@1: 49.803% (8861/17792)
Loss: 1.367 | Precision@1: 49.905% (8943/17920)
Loss: 1.368 | Precision@1: 49.856% (8998/18048)
Loss: 1.367 | Precision@1: 49.895% (9069/18176)
Loss: 1.366 | Precision@1: 49.940% (9141/18304)
Loss: 1.365 | Precision@1: 49.995% (9215/18432)
Loss: 1.364 | Precision@1: 50.043% (9288/18560)
Loss: 1.363 | Precision@1: 50.059% (9355/18688)
Loss: 1.364 | Precision@1: 50.027% (9413/18816)
Loss: 1.364 | Precision@1: 50.053% (9482/18944)
Loss: 1.362 | Precision@1: 50.115% (9558/19072)
Loss: 1.362 | Precision@1: 50.109% (9621/19200)
Loss: 1.362 | Precision@1: 50.109% (9685/19328)
Loss: 1.361 | Precision@1: 50.118% (9751/19456)
Loss: 1.361 | Precision@1: 50.112% (9814/19584)
Loss: 1.360 | Precision@1: 50.172% (9890/19712)
Loss: 1.361 | Precision@1: 50.186% (9957/19840)
Loss: 1.360 | Precision@1: 50.190% (10022/19968)
Loss: 1.360 | Precision@1: 50.179% (10084/20096)
Loss: 1.359 | Precision@1: 50.232% (10159/20224)
Loss: 1.360 | Precision@1: 50.187% (10214/20352)
Loss: 1.359 | Precision@1: 50.210% (10283/20480)
Loss: 1.359 | Precision@1: 50.209% (10347/20608)
Loss: 1.358 | Precision@1: 50.251% (10420/20736)
Loss: 1.358 | Precision@1: 50.249% (10484/20864)
Loss: 1.357 | Precision@1: 50.310% (10561/20992)
Loss: 1.356 | Precision@1: 50.327% (10629/21120)
Loss: 1.356 | Precision@1: 50.348% (10698/21248)
Loss: 1.357 | Precision@1: 50.327% (10758/21376)
Loss: 1.356 | Precision@1: 50.344% (10826/21504)
Loss: 1.356 | Precision@1: 50.365% (10895/21632)
Loss: 1.356 | Precision@1: 50.358% (10958/21760)
Loss: 1.356 | Precision@1: 50.343% (11019/21888)
Loss: 1.355 | Precision@1: 50.391% (11094/22016)
Loss: 1.356 | Precision@1: 50.375% (11155/22144)
Loss: 1.356 | Precision@1: 50.359% (11216/22272)
Loss: 1.356 | Precision@1: 50.371% (11283/22400)
Loss: 1.355 | Precision@1: 50.417% (11358/22528)
Loss: 1.354 | Precision@1: 50.477% (11436/22656)
Loss: 1.354 | Precision@1: 50.483% (11502/22784)
Loss: 1.352 | Precision@1: 50.554% (11583/22912)
Loss: 1.352 | Precision@1: 50.560% (11649/23040)
Loss: 1.352 | Precision@1: 50.583% (11719/23168)
Loss: 1.351 | Precision@1: 50.610% (11790/23296)
Loss: 1.351 | Precision@1: 50.628% (11859/23424)
Loss: 1.351 | Precision@1: 50.675% (11935/23552)
Loss: 1.350 | Precision@1: 50.697% (12005/23680)
Loss: 1.350 | Precision@1: 50.722% (12076/23808)
Loss: 1.350 | Precision@1: 50.714% (12139/23936)
Loss: 1.349 | Precision@1: 50.785% (12221/24064)
Loss: 1.348 | Precision@1: 50.831% (12297/24192)
Loss: 1.347 | Precision@1: 50.855% (12368/24320)
Loss: 1.347 | Precision@1: 50.912% (12447/24448)
Loss: 1.347 | Precision@1: 50.879% (12504/24576)
Loss: 1.347 | Precision@1: 50.899% (12574/24704)
Loss: 1.346 | Precision@1: 50.918% (12644/24832)
Loss: 1.346 | Precision@1: 50.933% (12713/24960)
Loss: 1.346 | Precision@1: 50.929% (12777/25088)
Loss: 1.345 | Precision@1: 50.948% (12847/25216)
Loss: 1.344 | Precision@1: 50.979% (12920/25344)
Loss: 1.344 | Precision@1: 50.989% (12988/25472)
Loss: 1.343 | Precision@1: 51.004% (13057/25600)
Loss: 1.342 | Precision@1: 51.034% (13130/25728)
Loss: 1.343 | Precision@1: 51.071% (13205/25856)
Loss: 1.342 | Precision@1: 51.085% (13274/25984)
Loss: 1.342 | Precision@1: 51.080% (13338/26112)
Loss: 1.342 | Precision@1: 51.037% (13392/26240)
Loss: 1.342 | Precision@1: 51.043% (13459/26368)
Loss: 1.343 | Precision@1: 51.019% (13518/26496)
Loss: 1.342 | Precision@1: 51.082% (13600/26624)
Loss: 1.341 | Precision@1: 51.103% (13671/26752)
Loss: 1.342 | Precision@1: 51.057% (13724/26880)
Loss: 1.341 | Precision@1: 51.107% (13803/27008)
Loss: 1.341 | Precision@1: 51.120% (13872/27136)
Loss: 1.340 | Precision@1: 51.148% (13945/27264)
Loss: 1.340 | Precision@1: 51.157% (14013/27392)
Loss: 1.340 | Precision@1: 51.152% (14077/27520)
Loss: 1.340 | Precision@1: 51.165% (14146/27648)
Loss: 1.340 | Precision@1: 51.156% (14209/27776)
Loss: 1.338 | Precision@1: 51.193% (14285/27904)
Loss: 1.338 | Precision@1: 51.191% (14350/28032)
Loss: 1.337 | Precision@1: 51.222% (14424/28160)
Loss: 1.337 | Precision@1: 51.244% (14496/28288)
Loss: 1.336 | Precision@1: 51.295% (14576/28416)
Loss: 1.336 | Precision@1: 51.279% (14637/28544)
Loss: 1.335 | Precision@1: 51.287% (14705/28672)
Loss: 1.334 | Precision@1: 51.316% (14779/28800)
Loss: 1.334 | Precision@1: 51.317% (14845/28928)
Loss: 1.335 | Precision@1: 51.301% (14906/29056)
Loss: 1.335 | Precision@1: 51.326% (14979/29184)
Loss: 1.334 | Precision@1: 51.341% (15049/29312)
Loss: 1.333 | Precision@1: 51.345% (15116/29440)
Loss: 1.333 | Precision@1: 51.339% (15180/29568)
Loss: 1.333 | Precision@1: 51.364% (15253/29696)
Loss: 1.332 | Precision@1: 51.381% (15324/29824)
Loss: 1.332 | Precision@1: 51.386% (15391/29952)
Loss: 1.332 | Precision@1: 51.376% (15454/30080)
Loss: 1.332 | Precision@1: 51.364% (15516/30208)
Loss: 1.332 | Precision@1: 51.394% (15591/30336)
Loss: 1.331 | Precision@1: 51.395% (15657/30464)
Loss: 1.331 | Precision@1: 51.402% (15725/30592)
Loss: 1.331 | Precision@1: 51.452% (15806/30720)
Loss: 1.330 | Precision@1: 51.456% (15873/30848)
Loss: 1.330 | Precision@1: 51.466% (15942/30976)
Loss: 1.330 | Precision@1: 51.463% (16007/31104)
Loss: 1.330 | Precision@1: 51.450% (16069/31232)
Loss: 1.330 | Precision@1: 51.467% (16140/31360)
Loss: 1.329 | Precision@1: 51.505% (16218/31488)
Loss: 1.330 | Precision@1: 51.487% (16278/31616)
Loss: 1.330 | Precision@1: 51.496% (16347/31744)
Loss: 1.330 | Precision@1: 51.503% (16415/31872)
Loss: 1.329 | Precision@1: 51.497% (16479/32000)
Loss: 1.329 | Precision@1: 51.510% (16549/32128)
Loss: 1.329 | Precision@1: 51.538% (16624/32256)
Loss: 1.328 | Precision@1: 51.575% (16702/32384)
Loss: 1.327 | Precision@1: 51.602% (16777/32512)
Loss: 1.327 | Precision@1: 51.605% (16844/32640)
Loss: 1.327 | Precision@1: 51.639% (16921/32768)
Loss: 1.327 | Precision@1: 51.626% (16983/32896)
Loss: 1.326 | Precision@1: 51.662% (17061/33024)
Loss: 1.326 | Precision@1: 51.671% (17130/33152)
Loss: 1.326 | Precision@1: 51.704% (17207/33280)
Loss: 1.325 | Precision@1: 51.736% (17284/33408)
Loss: 1.325 | Precision@1: 51.744% (17353/33536)
Loss: 1.325 | Precision@1: 51.729% (17414/33664)
Loss: 1.325 | Precision@1: 51.725% (17479/33792)
Loss: 1.325 | Precision@1: 51.745% (17552/33920)
Loss: 1.325 | Precision@1: 51.753% (17621/34048)
Loss: 1.325 | Precision@1: 51.761% (17690/34176)
Loss: 1.324 | Precision@1: 51.769% (17759/34304)
Loss: 1.324 | Precision@1: 51.780% (17829/34432)
Loss: 1.324 | Precision@1: 51.788% (17898/34560)
Loss: 1.325 | Precision@1: 51.776% (17960/34688)
Loss: 1.325 | Precision@1: 51.775% (18026/34816)
Loss: 1.325 | Precision@1: 51.760% (18087/34944)
Loss: 1.325 | Precision@1: 51.759% (18153/35072)
Loss: 1.324 | Precision@1: 51.773% (18224/35200)
Loss: 1.324 | Precision@1: 51.783% (18294/35328)
Loss: 1.323 | Precision@1: 51.799% (18366/35456)
Loss: 1.323 | Precision@1: 51.810% (18436/35584)
Loss: 1.323 | Precision@1: 51.806% (18501/35712)
Loss: 1.323 | Precision@1: 51.805% (18567/35840)
Loss: 1.322 | Precision@1: 51.804% (18633/35968)
Loss: 1.323 | Precision@1: 51.781% (18691/36096)
Loss: 1.323 | Precision@1: 51.778% (18756/36224)
Loss: 1.323 | Precision@1: 51.761% (18816/36352)
Loss: 1.323 | Precision@1: 51.763% (18883/36480)
Loss: 1.323 | Precision@1: 51.765% (18950/36608)
Loss: 1.323 | Precision@1: 51.761% (19015/36736)
Loss: 1.323 | Precision@1: 51.761% (19081/36864)
Loss: 1.322 | Precision@1: 51.814% (19167/36992)
Loss: 1.322 | Precision@1: 51.794% (19226/37120)
Loss: 1.322 | Precision@1: 51.799% (19294/37248)
Loss: 1.322 | Precision@1: 51.819% (19368/37376)
Loss: 1.322 | Precision@1: 51.826% (19437/37504)
Loss: 1.321 | Precision@1: 51.847% (19511/37632)
Loss: 1.321 | Precision@1: 51.851% (19579/37760)
Loss: 1.321 | Precision@1: 51.858% (19648/37888)
Loss: 1.320 | Precision@1: 51.883% (19724/38016)
Loss: 1.321 | Precision@1: 51.882% (19790/38144)
Loss: 1.321 | Precision@1: 51.871% (19852/38272)
Loss: 1.320 | Precision@1: 51.878% (19921/38400)
Loss: 1.320 | Precision@1: 51.915% (20002/38528)
Loss: 1.319 | Precision@1: 51.943% (20079/38656)
Loss: 1.318 | Precision@1: 51.965% (20154/38784)
Loss: 1.318 | Precision@1: 51.979% (20226/38912)
Loss: 1.318 | Precision@1: 51.972% (20290/39040)
Loss: 1.318 | Precision@1: 51.976% (20358/39168)
Loss: 1.317 | Precision@1: 51.990% (20430/39296)
Loss: 1.317 | Precision@1: 52.001% (20501/39424)
Loss: 1.316 | Precision@1: 52.018% (20574/39552)
Loss: 1.316 | Precision@1: 52.029% (20645/39680)
Loss: 1.316 | Precision@1: 52.035% (20714/39808)
Loss: 1.315 | Precision@1: 52.086% (20801/39936)
Loss: 1.315 | Precision@1: 52.064% (20859/40064)
Loss: 1.315 | Precision@1: 52.070% (20928/40192)
Loss: 1.314 | Precision@1: 52.091% (21003/40320)
Loss: 1.314 | Precision@1: 52.092% (21070/40448)
Loss: 1.313 | Precision@1: 52.137% (21155/40576)
Loss: 1.313 | Precision@1: 52.155% (21229/40704)
Loss: 1.313 | Precision@1: 52.150% (21294/40832)
Loss: 1.313 | Precision@1: 52.151% (21361/40960)
Loss: 1.313 | Precision@1: 52.151% (21428/41088)
Loss: 1.313 | Precision@1: 52.176% (21505/41216)
Loss: 1.312 | Precision@1: 52.194% (21579/41344)
Loss: 1.312 | Precision@1: 52.197% (21647/41472)
Loss: 1.311 | Precision@1: 52.226% (21726/41600)
Loss: 1.310 | Precision@1: 52.255% (21805/41728)
Loss: 1.310 | Precision@1: 52.286% (21885/41856)
Loss: 1.309 | Precision@1: 52.291% (21954/41984)
Loss: 1.309 | Precision@1: 52.308% (22028/42112)
Loss: 1.309 | Precision@1: 52.306% (22094/42240)
Loss: 1.308 | Precision@1: 52.323% (22168/42368)
Loss: 1.307 | Precision@1: 52.356% (22249/42496)
Loss: 1.307 | Precision@1: 52.374% (22324/42624)
Loss: 1.307 | Precision@1: 52.386% (22396/42752)
Loss: 1.307 | Precision@1: 52.388% (22464/42880)
Loss: 1.307 | Precision@1: 52.388% (22531/43008)
Loss: 1.306 | Precision@1: 52.427% (22615/43136)
Loss: 1.306 | Precision@1: 52.429% (22683/43264)
Loss: 1.306 | Precision@1: 52.417% (22745/43392)
Loss: 1.305 | Precision@1: 52.429% (22817/43520)
Loss: 1.305 | Precision@1: 52.433% (22886/43648)
Loss: 1.304 | Precision@1: 52.433% (22953/43776)
Loss: 1.305 | Precision@1: 52.453% (23029/43904)
Loss: 1.304 | Precision@1: 52.473% (23105/44032)
Loss: 1.304 | Precision@1: 52.493% (23181/44160)
Loss: 1.304 | Precision@1: 52.500% (23251/44288)
Loss: 1.303 | Precision@1: 52.519% (23327/44416)
Loss: 1.303 | Precision@1: 52.546% (23406/44544)
Loss: 1.302 | Precision@1: 52.570% (23484/44672)
Loss: 1.302 | Precision@1: 52.592% (23561/44800)
Loss: 1.301 | Precision@1: 52.611% (23637/44928)
Loss: 1.301 | Precision@1: 52.626% (23711/45056)
Loss: 1.301 | Precision@1: 52.634% (23782/45184)
Loss: 1.301 | Precision@1: 52.644% (23854/45312)
Loss: 1.300 | Precision@1: 52.661% (23929/45440)
Loss: 1.300 | Precision@1: 52.673% (24002/45568)
Loss: 1.300 | Precision@1: 52.672% (24069/45696)
Loss: 1.299 | Precision@1: 52.684% (24142/45824)
Loss: 1.299 | Precision@1: 52.698% (24216/45952)
Loss: 1.299 | Precision@1: 52.691% (24280/46080)
Loss: 1.299 | Precision@1: 52.688% (24346/46208)
Loss: 1.299 | Precision@1: 52.698% (24418/46336)
Loss: 1.298 | Precision@1: 52.720% (24496/46464)
Loss: 1.298 | Precision@1: 52.730% (24568/46592)
Loss: 1.298 | Precision@1: 52.729% (24635/46720)
Loss: 1.297 | Precision@1: 52.762% (24718/46848)
Loss: 1.297 | Precision@1: 52.765% (24787/46976)
Loss: 1.297 | Precision@1: 52.777% (24860/47104)
Loss: 1.296 | Precision@1: 52.801% (24939/47232)
Loss: 1.295 | Precision@1: 52.838% (25024/47360)
Loss: 1.295 | Precision@1: 52.860% (25102/47488)
Loss: 1.294 | Precision@1: 52.869% (25174/47616)
Loss: 1.294 | Precision@1: 52.878% (25246/47744)
Loss: 1.294 | Precision@1: 52.870% (25310/47872)
Loss: 1.294 | Precision@1: 52.879% (25382/48000)
Loss: 1.294 | Precision@1: 52.899% (25459/48128)
Loss: 1.293 | Precision@1: 52.920% (25537/48256)
Loss: 1.293 | Precision@1: 52.933% (25611/48384)
Loss: 1.293 | Precision@1: 52.944% (25684/48512)
Loss: 1.293 | Precision@1: 52.936% (25748/48640)
Loss: 1.293 | Precision@1: 52.947% (25821/48768)
Loss: 1.293 | Precision@1: 52.943% (25887/48896)
Loss: 1.292 | Precision@1: 52.952% (25959/49024)
Loss: 1.292 | Precision@1: 52.972% (26037/49152)
Loss: 1.292 | Precision@1: 52.987% (26112/49280)
Loss: 1.291 | Precision@1: 53.000% (26186/49408)
Loss: 1.291 | Precision@1: 52.994% (26251/49536)
Loss: 1.291 | Precision@1: 53.016% (26330/49664)
Loss: 1.291 | Precision@1: 53.009% (26394/49792)
Loss: 1.290 | Precision@1: 53.025% (26470/49920)
Loss: 1.290 | Precision@1: 53.020% (26510/50000)

Aggregates: 			
 	 DataLoader Time: 0.5276 			
 	 Mini-batch Time: 12.4037 			
 	 Training Epoch Time: 30.6641
 			
 Averages: 			
 	 Training Loss: 1.2903

 Test set Averages: Loss: 1.532 | Precision@1: 49.360% (4936/10000)

Epoch: 3
Loss: 1.211 | Precision@1: 57.031% (73/128)
Loss: 1.142 | Precision@1: 60.156% (154/256)
Loss: 1.180 | Precision@1: 59.375% (228/384)
Loss: 1.175 | Precision@1: 59.570% (305/512)
Loss: 1.190 | Precision@1: 57.969% (371/640)
Loss: 1.193 | Precision@1: 57.422% (441/768)
Loss: 1.195 | Precision@1: 57.701% (517/896)
Loss: 1.207 | Precision@1: 57.031% (584/1024)
Loss: 1.197 | Precision@1: 56.944% (656/1152)
Loss: 1.187 | Precision@1: 57.188% (732/1280)
Loss: 1.194 | Precision@1: 57.173% (805/1408)
Loss: 1.196 | Precision@1: 57.031% (876/1536)
Loss: 1.198 | Precision@1: 57.031% (949/1664)
Loss: 1.197 | Precision@1: 57.199% (1025/1792)
Loss: 1.190 | Precision@1: 57.708% (1108/1920)
Loss: 1.183 | Precision@1: 58.154% (1191/2048)
Loss: 1.183 | Precision@1: 57.812% (1258/2176)
Loss: 1.165 | Precision@1: 58.464% (1347/2304)
Loss: 1.154 | Precision@1: 58.964% (1434/2432)
Loss: 1.149 | Precision@1: 59.141% (1514/2560)
Loss: 1.146 | Precision@1: 59.301% (1594/2688)
Loss: 1.144 | Precision@1: 59.304% (1670/2816)
Loss: 1.143 | Precision@1: 59.171% (1742/2944)
Loss: 1.139 | Precision@1: 59.408% (1825/3072)
Loss: 1.132 | Precision@1: 59.562% (1906/3200)
Loss: 1.126 | Precision@1: 59.736% (1988/3328)
Loss: 1.127 | Precision@1: 59.751% (2065/3456)
Loss: 1.129 | Precision@1: 59.570% (2135/3584)
Loss: 1.128 | Precision@1: 59.537% (2210/3712)
Loss: 1.127 | Precision@1: 59.661% (2291/3840)
Loss: 1.131 | Precision@1: 59.602% (2365/3968)
Loss: 1.136 | Precision@1: 59.375% (2432/4096)
Loss: 1.144 | Precision@1: 59.044% (2494/4224)
Loss: 1.141 | Precision@1: 59.099% (2572/4352)
Loss: 1.144 | Precision@1: 59.085% (2647/4480)
Loss: 1.148 | Precision@1: 58.919% (2715/4608)
Loss: 1.149 | Precision@1: 58.805% (2785/4736)
Loss: 1.154 | Precision@1: 58.594% (2850/4864)
Loss: 1.157 | Precision@1: 58.433% (2917/4992)
Loss: 1.157 | Precision@1: 58.398% (2990/5120)
Loss: 1.157 | Precision@1: 58.403% (3065/5248)
Loss: 1.161 | Precision@1: 58.166% (3127/5376)
Loss: 1.165 | Precision@1: 58.067% (3196/5504)
Loss: 1.163 | Precision@1: 58.168% (3276/5632)
Loss: 1.162 | Precision@1: 58.177% (3351/5760)
Loss: 1.162 | Precision@1: 58.186% (3426/5888)
Loss: 1.161 | Precision@1: 58.228% (3503/6016)
Loss: 1.162 | Precision@1: 58.105% (3570/6144)
Loss: 1.165 | Precision@1: 58.004% (3638/6272)
Loss: 1.169 | Precision@1: 57.953% (3709/6400)
Loss: 1.165 | Precision@1: 58.134% (3795/6528)
Loss: 1.166 | Precision@1: 58.158% (3871/6656)
Loss: 1.166 | Precision@1: 58.122% (3943/6784)
Loss: 1.166 | Precision@1: 58.073% (4014/6912)
Loss: 1.165 | Precision@1: 58.040% (4086/7040)
Loss: 1.166 | Precision@1: 58.078% (4163/7168)
Loss: 1.165 | Precision@1: 58.073% (4237/7296)
Loss: 1.163 | Precision@1: 58.190% (4320/7424)
Loss: 1.162 | Precision@1: 58.223% (4397/7552)
Loss: 1.161 | Precision@1: 58.151% (4466/7680)
Loss: 1.162 | Precision@1: 58.197% (4544/7808)
Loss: 1.159 | Precision@1: 58.329% (4629/7936)
Loss: 1.157 | Precision@1: 58.457% (4714/8064)
Loss: 1.155 | Precision@1: 58.557% (4797/8192)
Loss: 1.158 | Precision@1: 58.438% (4862/8320)
Loss: 1.160 | Precision@1: 58.345% (4929/8448)
Loss: 1.158 | Precision@1: 58.477% (5015/8576)
Loss: 1.155 | Precision@1: 58.617% (5102/8704)
Loss: 1.154 | Precision@1: 58.605% (5176/8832)
Loss: 1.151 | Precision@1: 58.683% (5258/8960)
Loss: 1.152 | Precision@1: 58.715% (5336/9088)
Loss: 1.151 | Precision@1: 58.713% (5411/9216)
Loss: 1.150 | Precision@1: 58.722% (5487/9344)
Loss: 1.149 | Precision@1: 58.805% (5570/9472)
Loss: 1.147 | Precision@1: 58.802% (5645/9600)
Loss: 1.148 | Precision@1: 58.810% (5721/9728)
Loss: 1.148 | Precision@1: 58.766% (5792/9856)
Loss: 1.148 | Precision@1: 58.804% (5871/9984)
Loss: 1.147 | Precision@1: 58.821% (5948/10112)
Loss: 1.150 | Precision@1: 58.760% (6017/10240)
Loss: 1.149 | Precision@1: 58.758% (6092/10368)
Loss: 1.149 | Precision@1: 58.813% (6173/10496)
Loss: 1.149 | Precision@1: 58.773% (6244/10624)
Loss: 1.148 | Precision@1: 58.826% (6325/10752)
Loss: 1.147 | Precision@1: 58.888% (6407/10880)
Loss: 1.148 | Precision@1: 58.866% (6480/11008)
Loss: 1.150 | Precision@1: 58.791% (6547/11136)
Loss: 1.148 | Precision@1: 58.860% (6630/11264)
Loss: 1.147 | Precision@1: 58.875% (6707/11392)
Loss: 1.146 | Precision@1: 58.941% (6790/11520)
Loss: 1.146 | Precision@1: 58.971% (6869/11648)
Loss: 1.146 | Precision@1: 58.967% (6944/11776)
Loss: 1.145 | Precision@1: 59.022% (7026/11904)
Loss: 1.143 | Precision@1: 59.076% (7108/12032)
Loss: 1.144 | Precision@1: 59.013% (7176/12160)
Loss: 1.143 | Precision@1: 59.025% (7253/12288)
Loss: 1.143 | Precision@1: 59.029% (7329/12416)
Loss: 1.144 | Precision@1: 59.000% (7401/12544)
Loss: 1.143 | Precision@1: 59.051% (7483/12672)
Loss: 1.141 | Precision@1: 59.164% (7573/12800)
Loss: 1.141 | Precision@1: 59.135% (7645/12928)
Loss: 1.140 | Precision@1: 59.138% (7721/13056)
Loss: 1.139 | Precision@1: 59.216% (7807/13184)
Loss: 1.139 | Precision@1: 59.255% (7888/13312)
Loss: 1.138 | Precision@1: 59.301% (7970/13440)
Loss: 1.137 | Precision@1: 59.412% (8061/13568)
Loss: 1.135 | Precision@1: 59.448% (8142/13696)
Loss: 1.135 | Precision@1: 59.462% (8220/13824)
Loss: 1.135 | Precision@1: 59.418% (8290/13952)
Loss: 1.134 | Precision@1: 59.467% (8373/14080)
Loss: 1.133 | Precision@1: 59.474% (8450/14208)
Loss: 1.134 | Precision@1: 59.473% (8526/14336)
Loss: 1.133 | Precision@1: 59.513% (8608/14464)
Loss: 1.133 | Precision@1: 59.505% (8683/14592)
Loss: 1.132 | Precision@1: 59.552% (8766/14720)
Loss: 1.133 | Precision@1: 59.516% (8837/14848)
Loss: 1.131 | Precision@1: 59.569% (8921/14976)
Loss: 1.131 | Precision@1: 59.587% (9000/15104)
Loss: 1.130 | Precision@1: 59.638% (9084/15232)
Loss: 1.129 | Precision@1: 59.668% (9165/15360)
Loss: 1.128 | Precision@1: 59.691% (9245/15488)
Loss: 1.126 | Precision@1: 59.804% (9339/15616)
Loss: 1.126 | Precision@1: 59.839% (9421/15744)
Loss: 1.125 | Precision@1: 59.879% (9504/15872)
Loss: 1.125 | Precision@1: 59.888% (9582/16000)
Loss: 1.124 | Precision@1: 59.877% (9657/16128)
Loss: 1.123 | Precision@1: 59.886% (9735/16256)
Loss: 1.124 | Precision@1: 59.833% (9803/16384)
Loss: 1.123 | Precision@1: 59.829% (9879/16512)
Loss: 1.122 | Precision@1: 59.862% (9961/16640)
Loss: 1.123 | Precision@1: 59.810% (10029/16768)
Loss: 1.122 | Precision@1: 59.878% (10117/16896)
Loss: 1.122 | Precision@1: 59.857% (10190/17024)
Loss: 1.121 | Precision@1: 59.853% (10266/17152)
Loss: 1.121 | Precision@1: 59.890% (10349/17280)
Loss: 1.121 | Precision@1: 59.886% (10425/17408)
Loss: 1.121 | Precision@1: 59.883% (10501/17536)
Loss: 1.121 | Precision@1: 59.873% (10576/17664)
Loss: 1.120 | Precision@1: 59.886% (10655/17792)
Loss: 1.120 | Precision@1: 59.872% (10729/17920)
Loss: 1.120 | Precision@1: 59.846% (10801/18048)
Loss: 1.121 | Precision@1: 59.793% (10868/18176)
Loss: 1.121 | Precision@1: 59.779% (10942/18304)
Loss: 1.121 | Precision@1: 59.793% (11021/18432)
Loss: 1.120 | Precision@1: 59.795% (11098/18560)
Loss: 1.121 | Precision@1: 59.750% (11166/18688)
Loss: 1.122 | Precision@1: 59.726% (11238/18816)
Loss: 1.122 | Precision@1: 59.755% (11320/18944)
Loss: 1.121 | Precision@1: 59.789% (11403/19072)
Loss: 1.121 | Precision@1: 59.807% (11483/19200)
Loss: 1.120 | Precision@1: 59.830% (11564/19328)
Loss: 1.120 | Precision@1: 59.832% (11641/19456)
Loss: 1.120 | Precision@1: 59.881% (11727/19584)
Loss: 1.120 | Precision@1: 59.857% (11799/19712)
Loss: 1.120 | Precision@1: 59.844% (11873/19840)
Loss: 1.122 | Precision@1: 59.786% (11938/19968)
Loss: 1.122 | Precision@1: 59.768% (12011/20096)
Loss: 1.122 | Precision@1: 59.795% (12093/20224)
Loss: 1.121 | Precision@1: 59.817% (12174/20352)
Loss: 1.121 | Precision@1: 59.844% (12256/20480)
Loss: 1.121 | Precision@1: 59.855% (12335/20608)
Loss: 1.120 | Precision@1: 59.848% (12410/20736)
Loss: 1.120 | Precision@1: 59.873% (12492/20864)
Loss: 1.120 | Precision@1: 59.885% (12571/20992)
Loss: 1.119 | Precision@1: 59.882% (12647/21120)
Loss: 1.119 | Precision@1: 59.907% (12729/21248)
Loss: 1.119 | Precision@1: 59.941% (12813/21376)
Loss: 1.119 | Precision@1: 59.942% (12890/21504)
Loss: 1.119 | Precision@1: 59.944% (12967/21632)
Loss: 1.119 | Precision@1: 59.931% (13041/21760)
Loss: 1.119 | Precision@1: 59.932% (13118/21888)
Loss: 1.118 | Precision@1: 59.965% (13202/22016)
Loss: 1.117 | Precision@1: 59.989% (13284/22144)
Loss: 1.116 | Precision@1: 60.004% (13364/22272)
Loss: 1.116 | Precision@1: 60.031% (13447/22400)
Loss: 1.116 | Precision@1: 60.028% (13523/22528)
Loss: 1.116 | Precision@1: 60.015% (13597/22656)
Loss: 1.116 | Precision@1: 59.994% (13669/22784)
Loss: 1.116 | Precision@1: 59.999% (13747/22912)
Loss: 1.116 | Precision@1: 60.004% (13825/23040)
Loss: 1.116 | Precision@1: 60.031% (13908/23168)
Loss: 1.115 | Precision@1: 60.015% (13981/23296)
Loss: 1.114 | Precision@1: 60.045% (14065/23424)
Loss: 1.114 | Precision@1: 60.063% (14146/23552)
Loss: 1.114 | Precision@1: 60.046% (14219/23680)
Loss: 1.113 | Precision@1: 60.089% (14306/23808)
Loss: 1.112 | Precision@1: 60.123% (14391/23936)
Loss: 1.112 | Precision@1: 60.140% (14472/24064)
Loss: 1.112 | Precision@1: 60.144% (14550/24192)
Loss: 1.111 | Precision@1: 60.164% (14632/24320)
Loss: 1.111 | Precision@1: 60.189% (14715/24448)
Loss: 1.111 | Precision@1: 60.197% (14794/24576)
Loss: 1.111 | Precision@1: 60.205% (14873/24704)
Loss: 1.110 | Precision@1: 60.229% (14956/24832)
Loss: 1.110 | Precision@1: 60.216% (15030/24960)
Loss: 1.109 | Precision@1: 60.212% (15106/25088)
Loss: 1.108 | Precision@1: 60.236% (15189/25216)
Loss: 1.108 | Precision@1: 60.247% (15269/25344)
Loss: 1.108 | Precision@1: 60.290% (15357/25472)
Loss: 1.107 | Precision@1: 60.297% (15436/25600)
Loss: 1.107 | Precision@1: 60.300% (15514/25728)
Loss: 1.108 | Precision@1: 60.295% (15590/25856)
Loss: 1.107 | Precision@1: 60.287% (15665/25984)
Loss: 1.107 | Precision@1: 60.279% (15740/26112)
Loss: 1.107 | Precision@1: 60.293% (15821/26240)
Loss: 1.107 | Precision@1: 60.297% (15899/26368)
Loss: 1.107 | Precision@1: 60.288% (15974/26496)
Loss: 1.106 | Precision@1: 60.310% (16057/26624)
Loss: 1.106 | Precision@1: 60.302% (16132/26752)
Loss: 1.107 | Precision@1: 60.290% (16206/26880)
Loss: 1.107 | Precision@1: 60.290% (16283/27008)
Loss: 1.107 | Precision@1: 60.293% (16361/27136)
Loss: 1.107 | Precision@1: 60.288% (16437/27264)
Loss: 1.106 | Precision@1: 60.321% (16523/27392)
Loss: 1.106 | Precision@1: 60.345% (16607/27520)
Loss: 1.106 | Precision@1: 60.355% (16687/27648)
Loss: 1.106 | Precision@1: 60.376% (16770/27776)
Loss: 1.106 | Precision@1: 60.353% (16841/27904)
Loss: 1.107 | Precision@1: 60.363% (16921/28032)
Loss: 1.107 | Precision@1: 60.355% (16996/28160)
Loss: 1.107 | Precision@1: 60.368% (17077/28288)
Loss: 1.106 | Precision@1: 60.389% (17160/28416)
Loss: 1.106 | Precision@1: 60.387% (17237/28544)
Loss: 1.106 | Precision@1: 60.390% (17315/28672)
Loss: 1.106 | Precision@1: 60.403% (17396/28800)
Loss: 1.106 | Precision@1: 60.433% (17482/28928)
Loss: 1.106 | Precision@1: 60.449% (17564/29056)
Loss: 1.106 | Precision@1: 60.451% (17642/29184)
Loss: 1.106 | Precision@1: 60.460% (17722/29312)
Loss: 1.105 | Precision@1: 60.482% (17806/29440)
Loss: 1.105 | Precision@1: 60.471% (17880/29568)
Loss: 1.104 | Precision@1: 60.473% (17958/29696)
Loss: 1.104 | Precision@1: 60.471% (18035/29824)
Loss: 1.103 | Precision@1: 60.497% (18120/29952)
Loss: 1.103 | Precision@1: 60.465% (18188/30080)
Loss: 1.103 | Precision@1: 60.504% (18277/30208)
Loss: 1.103 | Precision@1: 60.496% (18352/30336)
Loss: 1.102 | Precision@1: 60.524% (18438/30464)
Loss: 1.103 | Precision@1: 60.503% (18509/30592)
Loss: 1.102 | Precision@1: 60.514% (18590/30720)
Loss: 1.102 | Precision@1: 60.506% (18665/30848)
Loss: 1.102 | Precision@1: 60.489% (18737/30976)
Loss: 1.102 | Precision@1: 60.487% (18814/31104)
Loss: 1.103 | Precision@1: 60.470% (18886/31232)
Loss: 1.102 | Precision@1: 60.497% (18972/31360)
Loss: 1.103 | Precision@1: 60.502% (19051/31488)
Loss: 1.102 | Precision@1: 60.511% (19131/31616)
Loss: 1.102 | Precision@1: 60.519% (19211/31744)
Loss: 1.102 | Precision@1: 60.489% (19279/31872)
Loss: 1.102 | Precision@1: 60.506% (19362/32000)
Loss: 1.102 | Precision@1: 60.524% (19445/32128)
Loss: 1.101 | Precision@1: 60.541% (19528/32256)
Loss: 1.101 | Precision@1: 60.567% (19614/32384)
Loss: 1.101 | Precision@1: 60.559% (19689/32512)
Loss: 1.101 | Precision@1: 60.573% (19771/32640)
Loss: 1.101 | Precision@1: 60.562% (19845/32768)
Loss: 1.101 | Precision@1: 60.554% (19920/32896)
Loss: 1.100 | Precision@1: 60.580% (20006/33024)
Loss: 1.100 | Precision@1: 60.582% (20084/33152)
Loss: 1.100 | Precision@1: 60.586% (20163/33280)
Loss: 1.100 | Precision@1: 60.566% (20234/33408)
Loss: 1.100 | Precision@1: 60.559% (20309/33536)
Loss: 1.100 | Precision@1: 60.578% (20393/33664)
Loss: 1.099 | Precision@1: 60.585% (20473/33792)
Loss: 1.099 | Precision@1: 60.590% (20552/33920)
Loss: 1.099 | Precision@1: 60.582% (20627/34048)
Loss: 1.100 | Precision@1: 60.572% (20701/34176)
Loss: 1.099 | Precision@1: 60.602% (20789/34304)
Loss: 1.099 | Precision@1: 60.606% (20868/34432)
Loss: 1.099 | Precision@1: 60.593% (20941/34560)
Loss: 1.099 | Precision@1: 60.577% (21013/34688)
Loss: 1.099 | Precision@1: 60.604% (21100/34816)
Loss: 1.099 | Precision@1: 60.614% (21181/34944)
Loss: 1.098 | Precision@1: 60.621% (21261/35072)
Loss: 1.098 | Precision@1: 60.653% (21350/35200)
Loss: 1.098 | Precision@1: 60.646% (21425/35328)
Loss: 1.098 | Precision@1: 60.653% (21505/35456)
Loss: 1.097 | Precision@1: 60.679% (21592/35584)
Loss: 1.097 | Precision@1: 60.671% (21667/35712)
Loss: 1.097 | Precision@1: 60.670% (21744/35840)
Loss: 1.097 | Precision@1: 60.696% (21831/35968)
Loss: 1.097 | Precision@1: 60.708% (21913/36096)
Loss: 1.096 | Precision@1: 60.722% (21996/36224)
Loss: 1.095 | Precision@1: 60.767% (22090/36352)
Loss: 1.095 | Precision@1: 60.770% (22169/36480)
Loss: 1.096 | Precision@1: 60.763% (22244/36608)
Loss: 1.095 | Precision@1: 60.766% (22323/36736)
Loss: 1.095 | Precision@1: 60.767% (22401/36864)
Loss: 1.095 | Precision@1: 60.773% (22481/36992)
Loss: 1.095 | Precision@1: 60.773% (22559/37120)
Loss: 1.094 | Precision@1: 60.811% (22651/37248)
Loss: 1.094 | Precision@1: 60.820% (22732/37376)
Loss: 1.093 | Precision@1: 60.844% (22819/37504)
Loss: 1.093 | Precision@1: 60.826% (22890/37632)
Loss: 1.093 | Precision@1: 60.853% (22978/37760)
Loss: 1.092 | Precision@1: 60.861% (23059/37888)
Loss: 1.092 | Precision@1: 60.872% (23141/38016)
Loss: 1.092 | Precision@1: 60.877% (23221/38144)
Loss: 1.092 | Precision@1: 60.888% (23303/38272)
Loss: 1.092 | Precision@1: 60.883% (23379/38400)
Loss: 1.092 | Precision@1: 60.899% (23463/38528)
Loss: 1.091 | Precision@1: 60.917% (23548/38656)
Loss: 1.091 | Precision@1: 60.925% (23629/38784)
Loss: 1.091 | Precision@1: 60.938% (23712/38912)
Loss: 1.090 | Precision@1: 60.958% (23798/39040)
Loss: 1.090 | Precision@1: 60.963% (23878/39168)
Loss: 1.089 | Precision@1: 60.991% (23967/39296)
Loss: 1.089 | Precision@1: 60.981% (24041/39424)
Loss: 1.090 | Precision@1: 60.960% (24111/39552)
Loss: 1.089 | Precision@1: 60.978% (24196/39680)
Loss: 1.090 | Precision@1: 60.965% (24269/39808)
Loss: 1.090 | Precision@1: 60.955% (24343/39936)
Loss: 1.089 | Precision@1: 60.975% (24429/40064)
Loss: 1.089 | Precision@1: 60.972% (24506/40192)
Loss: 1.089 | Precision@1: 61.009% (24599/40320)
Loss: 1.088 | Precision@1: 61.024% (24683/40448)
Loss: 1.088 | Precision@1: 61.043% (24769/40576)
Loss: 1.088 | Precision@1: 61.041% (24846/40704)
Loss: 1.087 | Precision@1: 61.055% (24930/40832)
Loss: 1.087 | Precision@1: 61.072% (25015/40960)
Loss: 1.087 | Precision@1: 61.084% (25098/41088)
Loss: 1.087 | Precision@1: 61.086% (25177/41216)
Loss: 1.086 | Precision@1: 61.085% (25255/41344)
Loss: 1.086 | Precision@1: 61.123% (25349/41472)
Loss: 1.085 | Precision@1: 61.151% (25439/41600)
Loss: 1.084 | Precision@1: 61.175% (25527/41728)
Loss: 1.084 | Precision@1: 61.167% (25602/41856)
Loss: 1.084 | Precision@1: 61.188% (25689/41984)
Loss: 1.084 | Precision@1: 61.173% (25761/42112)
Loss: 1.084 | Precision@1: 61.181% (25843/42240)
Loss: 1.083 | Precision@1: 61.207% (25932/42368)
Loss: 1.083 | Precision@1: 61.222% (26017/42496)
Loss: 1.083 | Precision@1: 61.212% (26091/42624)
Loss: 1.083 | Precision@1: 61.209% (26168/42752)
Loss: 1.083 | Precision@1: 61.231% (26256/42880)
Loss: 1.082 | Precision@1: 61.242% (26339/43008)
Loss: 1.082 | Precision@1: 61.239% (26416/43136)
Loss: 1.082 | Precision@1: 61.252% (26500/43264)
Loss: 1.082 | Precision@1: 61.246% (26576/43392)
Loss: 1.083 | Precision@1: 61.252% (26657/43520)
Loss: 1.082 | Precision@1: 61.251% (26735/43648)
Loss: 1.082 | Precision@1: 61.255% (26815/43776)
Loss: 1.082 | Precision@1: 61.256% (26894/43904)
Loss: 1.082 | Precision@1: 61.251% (26970/44032)
Loss: 1.082 | Precision@1: 61.257% (27051/44160)
Loss: 1.082 | Precision@1: 61.267% (27134/44288)
Loss: 1.081 | Precision@1: 61.273% (27215/44416)
Loss: 1.081 | Precision@1: 61.290% (27301/44544)
Loss: 1.081 | Precision@1: 61.314% (27390/44672)
Loss: 1.081 | Precision@1: 61.312% (27468/44800)
Loss: 1.080 | Precision@1: 61.334% (27556/44928)
Loss: 1.081 | Precision@1: 61.321% (27629/45056)
Loss: 1.080 | Precision@1: 61.336% (27714/45184)
Loss: 1.080 | Precision@1: 61.357% (27802/45312)
Loss: 1.080 | Precision@1: 61.371% (27887/45440)
Loss: 1.079 | Precision@1: 61.409% (27983/45568)
Loss: 1.079 | Precision@1: 61.408% (28061/45696)
Loss: 1.079 | Precision@1: 61.409% (28140/45824)
Loss: 1.079 | Precision@1: 61.427% (28227/45952)
Loss: 1.079 | Precision@1: 61.437% (28310/46080)
Loss: 1.079 | Precision@1: 61.424% (28383/46208)
Loss: 1.079 | Precision@1: 61.430% (28464/46336)
Loss: 1.079 | Precision@1: 61.430% (28543/46464)
Loss: 1.079 | Precision@1: 61.412% (28613/46592)
Loss: 1.079 | Precision@1: 61.426% (28698/46720)
Loss: 1.078 | Precision@1: 61.428% (28778/46848)
Loss: 1.078 | Precision@1: 61.425% (28855/46976)
Loss: 1.078 | Precision@1: 61.439% (28940/47104)
Loss: 1.078 | Precision@1: 61.444% (29021/47232)
Loss: 1.077 | Precision@1: 61.448% (29102/47360)
Loss: 1.077 | Precision@1: 61.456% (29184/47488)
Loss: 1.077 | Precision@1: 61.465% (29267/47616)
Loss: 1.077 | Precision@1: 61.465% (29346/47744)
Loss: 1.076 | Precision@1: 61.502% (29442/47872)
Loss: 1.076 | Precision@1: 61.487% (29514/48000)
Loss: 1.076 | Precision@1: 61.499% (29598/48128)
Loss: 1.076 | Precision@1: 61.507% (29681/48256)
Loss: 1.076 | Precision@1: 61.502% (29757/48384)
Loss: 1.075 | Precision@1: 61.525% (29847/48512)
Loss: 1.075 | Precision@1: 61.542% (29934/48640)
Loss: 1.075 | Precision@1: 61.530% (30007/48768)
Loss: 1.075 | Precision@1: 61.551% (30096/48896)
Loss: 1.074 | Precision@1: 61.572% (30185/49024)
Loss: 1.074 | Precision@1: 61.580% (30268/49152)
Loss: 1.073 | Precision@1: 61.607% (30360/49280)
Loss: 1.073 | Precision@1: 61.614% (30442/49408)
Loss: 1.073 | Precision@1: 61.624% (30526/49536)
Loss: 1.073 | Precision@1: 61.634% (30610/49664)
Loss: 1.073 | Precision@1: 61.634% (30689/49792)
Loss: 1.073 | Precision@1: 61.635% (30768/49920)
Loss: 1.073 | Precision@1: 61.636% (30818/50000)

Aggregates: 			
 	 DataLoader Time: 0.4115 			
 	 Mini-batch Time: 12.1977 			
 	 Training Epoch Time: 30.5773
 			
 Averages: 			
 	 Training Loss: 1.0726

 Test set Averages: Loss: 1.055 | Precision@1: 62.750% (6275/10000)

Epoch: 4
Loss: 0.876 | Precision@1: 72.656% (93/128)
Loss: 0.893 | Precision@1: 69.922% (179/256)
Loss: 0.882 | Precision@1: 70.052% (269/384)
Loss: 0.927 | Precision@1: 68.164% (349/512)
Loss: 0.938 | Precision@1: 67.188% (430/640)
Loss: 0.957 | Precision@1: 66.276% (509/768)
Loss: 0.942 | Precision@1: 66.629% (597/896)
Loss: 0.986 | Precision@1: 65.234% (668/1024)
Loss: 0.990 | Precision@1: 65.799% (758/1152)
Loss: 1.006 | Precision@1: 65.078% (833/1280)
Loss: 0.999 | Precision@1: 65.483% (922/1408)
Loss: 1.006 | Precision@1: 65.169% (1001/1536)
Loss: 0.998 | Precision@1: 65.565% (1091/1664)
Loss: 0.989 | Precision@1: 65.625% (1176/1792)
Loss: 0.998 | Precision@1: 65.469% (1257/1920)
Loss: 0.995 | Precision@1: 65.430% (1340/2048)
Loss: 0.981 | Precision@1: 65.671% (1429/2176)
Loss: 0.974 | Precision@1: 66.059% (1522/2304)
Loss: 0.971 | Precision@1: 66.242% (1611/2432)
Loss: 0.971 | Precision@1: 66.094% (1692/2560)
Loss: 0.973 | Precision@1: 66.034% (1775/2688)
Loss: 0.978 | Precision@1: 65.909% (1856/2816)
Loss: 0.980 | Precision@1: 66.101% (1946/2944)
Loss: 0.980 | Precision@1: 65.820% (2022/3072)
Loss: 0.977 | Precision@1: 65.844% (2107/3200)
Loss: 0.974 | Precision@1: 65.925% (2194/3328)
Loss: 0.979 | Precision@1: 65.770% (2273/3456)
Loss: 0.982 | Precision@1: 65.569% (2350/3584)
Loss: 0.982 | Precision@1: 65.463% (2430/3712)
Loss: 0.980 | Precision@1: 65.495% (2515/3840)
Loss: 0.982 | Precision@1: 65.323% (2592/3968)
Loss: 0.984 | Precision@1: 65.308% (2675/4096)
Loss: 0.983 | Precision@1: 65.388% (2762/4224)
Loss: 0.981 | Precision@1: 65.510% (2851/4352)
Loss: 0.982 | Precision@1: 65.469% (2933/4480)
Loss: 0.981 | Precision@1: 65.430% (3015/4608)
Loss: 0.981 | Precision@1: 65.287% (3092/4736)
Loss: 0.977 | Precision@1: 65.461% (3184/4864)
Loss: 0.979 | Precision@1: 65.445% (3267/4992)
Loss: 0.981 | Precision@1: 65.293% (3343/5120)
Loss: 0.983 | Precision@1: 65.282% (3426/5248)
Loss: 0.981 | Precision@1: 65.383% (3515/5376)
Loss: 0.981 | Precision@1: 65.352% (3597/5504)
Loss: 0.982 | Precision@1: 65.376% (3682/5632)
Loss: 0.977 | Precision@1: 65.538% (3775/5760)
Loss: 0.976 | Precision@1: 65.455% (3854/5888)
Loss: 0.980 | Precision@1: 65.342% (3931/6016)
Loss: 0.984 | Precision@1: 65.218% (4007/6144)
Loss: 0.980 | Precision@1: 65.274% (4094/6272)
Loss: 0.981 | Precision@1: 65.281% (4178/6400)
Loss: 0.980 | Precision@1: 65.319% (4264/6528)
Loss: 0.978 | Precision@1: 65.400% (4353/6656)
Loss: 0.978 | Precision@1: 65.404% (4437/6784)
Loss: 0.977 | Precision@1: 65.365% (4518/6912)
Loss: 0.975 | Precision@1: 65.384% (4603/7040)
Loss: 0.977 | Precision@1: 65.318% (4682/7168)
Loss: 0.977 | Precision@1: 65.296% (4764/7296)
Loss: 0.976 | Precision@1: 65.356% (4852/7424)
Loss: 0.976 | Precision@1: 65.360% (4936/7552)
Loss: 0.976 | Precision@1: 65.326% (5017/7680)
Loss: 0.977 | Precision@1: 65.305% (5099/7808)
Loss: 0.977 | Precision@1: 65.335% (5185/7936)
Loss: 0.973 | Precision@1: 65.476% (5280/8064)
Loss: 0.972 | Precision@1: 65.527% (5368/8192)
Loss: 0.971 | Precision@1: 65.589% (5457/8320)
Loss: 0.974 | Precision@1: 65.507% (5534/8448)
Loss: 0.975 | Precision@1: 65.497% (5617/8576)
Loss: 0.977 | Precision@1: 65.384% (5691/8704)
Loss: 0.976 | Precision@1: 65.387% (5775/8832)
Loss: 0.977 | Precision@1: 65.324% (5853/8960)
Loss: 0.976 | Precision@1: 65.361% (5940/9088)
Loss: 0.975 | Precision@1: 65.462% (6033/9216)
Loss: 0.974 | Precision@1: 65.432% (6114/9344)
Loss: 0.974 | Precision@1: 65.467% (6201/9472)
Loss: 0.974 | Precision@1: 65.469% (6285/9600)
Loss: 0.973 | Precision@1: 65.481% (6370/9728)
Loss: 0.972 | Precision@1: 65.513% (6457/9856)
Loss: 0.970 | Precision@1: 65.535% (6543/9984)
Loss: 0.971 | Precision@1: 65.487% (6622/10112)
Loss: 0.971 | Precision@1: 65.508% (6708/10240)
Loss: 0.971 | Precision@1: 65.509% (6792/10368)
Loss: 0.969 | Precision@1: 65.654% (6891/10496)
Loss: 0.968 | Precision@1: 65.644% (6974/10624)
Loss: 0.968 | Precision@1: 65.672% (7061/10752)
Loss: 0.969 | Precision@1: 65.662% (7144/10880)
Loss: 0.969 | Precision@1: 65.680% (7230/11008)
Loss: 0.967 | Precision@1: 65.733% (7320/11136)
Loss: 0.967 | Precision@1: 65.669% (7397/11264)
Loss: 0.966 | Precision@1: 65.651% (7479/11392)
Loss: 0.966 | Precision@1: 65.694% (7568/11520)
Loss: 0.966 | Precision@1: 65.677% (7650/11648)
Loss: 0.965 | Precision@1: 65.735% (7741/11776)
Loss: 0.965 | Precision@1: 65.734% (7825/11904)
Loss: 0.964 | Precision@1: 65.741% (7910/12032)
Loss: 0.967 | Precision@1: 65.691% (7988/12160)
Loss: 0.966 | Precision@1: 65.698% (8073/12288)
Loss: 0.965 | Precision@1: 65.706% (8158/12416)
Loss: 0.968 | Precision@1: 65.633% (8233/12544)
Loss: 0.967 | Precision@1: 65.633% (8317/12672)
Loss: 0.968 | Precision@1: 65.625% (8400/12800)
Loss: 0.968 | Precision@1: 65.602% (8481/12928)
Loss: 0.968 | Precision@1: 65.617% (8567/13056)
Loss: 0.967 | Precision@1: 65.617% (8651/13184)
Loss: 0.969 | Precision@1: 65.557% (8727/13312)
Loss: 0.970 | Precision@1: 65.565% (8812/13440)
Loss: 0.970 | Precision@1: 65.514% (8889/13568)
Loss: 0.969 | Precision@1: 65.552% (8978/13696)
Loss: 0.969 | Precision@1: 65.538% (9060/13824)
Loss: 0.969 | Precision@1: 65.546% (9145/13952)
Loss: 0.968 | Precision@1: 65.597% (9236/14080)
Loss: 0.967 | Precision@1: 65.639% (9326/14208)
Loss: 0.968 | Precision@1: 65.590% (9403/14336)
Loss: 0.967 | Precision@1: 65.597% (9488/14464)
Loss: 0.966 | Precision@1: 65.632% (9577/14592)
Loss: 0.966 | Precision@1: 65.652% (9664/14720)
Loss: 0.966 | Precision@1: 65.632% (9745/14848)
Loss: 0.966 | Precision@1: 65.645% (9831/14976)
Loss: 0.966 | Precision@1: 65.671% (9919/15104)
Loss: 0.965 | Precision@1: 65.704% (10008/15232)
Loss: 0.966 | Precision@1: 65.671% (10087/15360)
Loss: 0.966 | Precision@1: 65.690% (10174/15488)
Loss: 0.965 | Precision@1: 65.695% (10259/15616)
Loss: 0.964 | Precision@1: 65.752% (10352/15744)
Loss: 0.963 | Precision@1: 65.801% (10444/15872)
Loss: 0.964 | Precision@1: 65.756% (10521/16000)
Loss: 0.963 | Precision@1: 65.799% (10612/16128)
Loss: 0.962 | Precision@1: 65.846% (10704/16256)
Loss: 0.961 | Precision@1: 65.869% (10792/16384)
Loss: 0.961 | Precision@1: 65.879% (10878/16512)
Loss: 0.963 | Precision@1: 65.865% (10960/16640)
Loss: 0.962 | Precision@1: 65.893% (11049/16768)
Loss: 0.960 | Precision@1: 65.915% (11137/16896)
Loss: 0.961 | Precision@1: 65.895% (11218/17024)
Loss: 0.960 | Precision@1: 65.928% (11308/17152)
Loss: 0.959 | Precision@1: 65.984% (11402/17280)
Loss: 0.959 | Precision@1: 65.998% (11489/17408)
Loss: 0.960 | Precision@1: 66.030% (11579/17536)
Loss: 0.959 | Precision@1: 66.089% (11674/17664)
Loss: 0.960 | Precision@1: 66.013% (11745/17792)
Loss: 0.961 | Precision@1: 65.982% (11824/17920)
Loss: 0.960 | Precision@1: 66.002% (11912/18048)
Loss: 0.960 | Precision@1: 65.988% (11994/18176)
Loss: 0.960 | Precision@1: 65.980% (12077/18304)
Loss: 0.960 | Precision@1: 65.994% (12164/18432)
Loss: 0.959 | Precision@1: 66.013% (12252/18560)
Loss: 0.959 | Precision@1: 66.021% (12338/18688)
Loss: 0.959 | Precision@1: 66.002% (12419/18816)
Loss: 0.959 | Precision@1: 66.037% (12510/18944)
Loss: 0.959 | Precision@1: 66.055% (12598/19072)
Loss: 0.959 | Precision@1: 66.078% (12687/19200)
Loss: 0.959 | Precision@1: 66.117% (12779/19328)
Loss: 0.958 | Precision@1: 66.124% (12865/19456)
Loss: 0.958 | Precision@1: 66.120% (12949/19584)
Loss: 0.959 | Precision@1: 66.102% (13030/19712)
Loss: 0.959 | Precision@1: 66.134% (13121/19840)
Loss: 0.958 | Precision@1: 66.131% (13205/19968)
Loss: 0.958 | Precision@1: 66.123% (13288/20096)
Loss: 0.957 | Precision@1: 66.159% (13380/20224)
Loss: 0.957 | Precision@1: 66.165% (13466/20352)
Loss: 0.957 | Precision@1: 66.172% (13552/20480)
Loss: 0.956 | Precision@1: 66.178% (13638/20608)
Loss: 0.956 | Precision@1: 66.213% (13730/20736)
Loss: 0.955 | Precision@1: 66.224% (13817/20864)
Loss: 0.955 | Precision@1: 66.235% (13904/20992)
Loss: 0.955 | Precision@1: 66.255% (13993/21120)
Loss: 0.955 | Precision@1: 66.256% (14078/21248)
Loss: 0.955 | Precision@1: 66.247% (14161/21376)
Loss: 0.955 | Precision@1: 66.253% (14247/21504)
Loss: 0.955 | Precision@1: 66.254% (14332/21632)
Loss: 0.954 | Precision@1: 66.282% (14423/21760)
Loss: 0.952 | Precision@1: 66.306% (14513/21888)
Loss: 0.953 | Precision@1: 66.324% (14602/22016)
Loss: 0.953 | Precision@1: 66.302% (14682/22144)
Loss: 0.952 | Precision@1: 66.321% (14771/22272)
Loss: 0.952 | Precision@1: 66.321% (14856/22400)
Loss: 0.951 | Precision@1: 66.349% (14947/22528)
Loss: 0.951 | Precision@1: 66.327% (15027/22656)
Loss: 0.951 | Precision@1: 66.340% (15115/22784)
Loss: 0.951 | Precision@1: 66.319% (15195/22912)
Loss: 0.952 | Precision@1: 66.298% (15275/23040)
Loss: 0.952 | Precision@1: 66.298% (15360/23168)
Loss: 0.952 | Precision@1: 66.320% (15450/23296)
Loss: 0.951 | Precision@1: 66.308% (15532/23424)
Loss: 0.951 | Precision@1: 66.296% (15614/23552)
Loss: 0.951 | Precision@1: 66.296% (15699/23680)
Loss: 0.951 | Precision@1: 66.263% (15776/23808)
Loss: 0.952 | Precision@1: 66.252% (15858/23936)
Loss: 0.952 | Precision@1: 66.240% (15940/24064)
Loss: 0.952 | Precision@1: 66.257% (16029/24192)
Loss: 0.952 | Precision@1: 66.242% (16110/24320)
Loss: 0.952 | Precision@1: 66.202% (16185/24448)
Loss: 0.952 | Precision@1: 66.203% (16270/24576)
Loss: 0.952 | Precision@1: 66.208% (16356/24704)
Loss: 0.952 | Precision@1: 66.225% (16445/24832)
Loss: 0.952 | Precision@1: 66.202% (16524/24960)
Loss: 0.952 | Precision@1: 66.207% (16610/25088)
Loss: 0.953 | Precision@1: 66.212% (16696/25216)
Loss: 0.953 | Precision@1: 66.217% (16782/25344)
Loss: 0.953 | Precision@1: 66.198% (16862/25472)
Loss: 0.953 | Precision@1: 66.191% (16945/25600)
Loss: 0.955 | Precision@1: 66.115% (17010/25728)
Loss: 0.955 | Precision@1: 66.108% (17093/25856)
Loss: 0.955 | Precision@1: 66.125% (17182/25984)
Loss: 0.954 | Precision@1: 66.146% (17272/26112)
Loss: 0.954 | Precision@1: 66.155% (17359/26240)
Loss: 0.954 | Precision@1: 66.167% (17447/26368)
Loss: 0.954 | Precision@1: 66.153% (17528/26496)
Loss: 0.953 | Precision@1: 66.188% (17622/26624)
Loss: 0.953 | Precision@1: 66.178% (17704/26752)
Loss: 0.954 | Precision@1: 66.142% (17779/26880)
Loss: 0.954 | Precision@1: 66.166% (17870/27008)
Loss: 0.954 | Precision@1: 66.181% (17959/27136)
Loss: 0.953 | Precision@1: 66.208% (18051/27264)
Loss: 0.953 | Precision@1: 66.198% (18133/27392)
Loss: 0.953 | Precision@1: 66.185% (18214/27520)
Loss: 0.953 | Precision@1: 66.189% (18300/27648)
Loss: 0.953 | Precision@1: 66.208% (18390/27776)
Loss: 0.952 | Precision@1: 66.223% (18479/27904)
Loss: 0.952 | Precision@1: 66.231% (18566/28032)
Loss: 0.951 | Precision@1: 66.254% (18657/28160)
Loss: 0.952 | Precision@1: 66.198% (18726/28288)
Loss: 0.952 | Precision@1: 66.199% (18811/28416)
Loss: 0.952 | Precision@1: 66.186% (18892/28544)
Loss: 0.951 | Precision@1: 66.211% (18984/28672)
Loss: 0.951 | Precision@1: 66.226% (19073/28800)
Loss: 0.951 | Precision@1: 66.226% (19158/28928)
Loss: 0.951 | Precision@1: 66.220% (19241/29056)
Loss: 0.951 | Precision@1: 66.262% (19338/29184)
Loss: 0.951 | Precision@1: 66.270% (19425/29312)
Loss: 0.951 | Precision@1: 66.277% (19512/29440)
Loss: 0.951 | Precision@1: 66.284% (19599/29568)
Loss: 0.951 | Precision@1: 66.309% (19691/29696)
Loss: 0.951 | Precision@1: 66.296% (19772/29824)
Loss: 0.951 | Precision@1: 66.293% (19856/29952)
Loss: 0.951 | Precision@1: 66.316% (19948/30080)
Loss: 0.950 | Precision@1: 66.347% (20042/30208)
Loss: 0.950 | Precision@1: 66.344% (20126/30336)
Loss: 0.950 | Precision@1: 66.334% (20208/30464)
Loss: 0.950 | Precision@1: 66.347% (20297/30592)
Loss: 0.950 | Precision@1: 66.370% (20389/30720)
Loss: 0.950 | Precision@1: 66.374% (20475/30848)
Loss: 0.949 | Precision@1: 66.397% (20567/30976)
Loss: 0.949 | Precision@1: 66.400% (20653/31104)
Loss: 0.949 | Precision@1: 66.422% (20745/31232)
Loss: 0.948 | Precision@1: 66.429% (20832/31360)
Loss: 0.948 | Precision@1: 66.428% (20917/31488)
Loss: 0.948 | Precision@1: 66.406% (20995/31616)
Loss: 0.948 | Precision@1: 66.428% (21087/31744)
Loss: 0.949 | Precision@1: 66.428% (21172/31872)
Loss: 0.949 | Precision@1: 66.409% (21251/32000)
Loss: 0.949 | Precision@1: 66.431% (21343/32128)
Loss: 0.948 | Precision@1: 66.462% (21438/32256)
Loss: 0.948 | Precision@1: 66.474% (21527/32384)
Loss: 0.947 | Precision@1: 66.477% (21613/32512)
Loss: 0.948 | Precision@1: 66.443% (21687/32640)
Loss: 0.949 | Precision@1: 66.415% (21763/32768)
Loss: 0.949 | Precision@1: 66.421% (21850/32896)
Loss: 0.948 | Precision@1: 66.427% (21937/33024)
Loss: 0.948 | Precision@1: 66.427% (22022/33152)
Loss: 0.948 | Precision@1: 66.457% (22117/33280)
Loss: 0.948 | Precision@1: 66.457% (22202/33408)
Loss: 0.947 | Precision@1: 66.478% (22294/33536)
Loss: 0.947 | Precision@1: 66.475% (22378/33664)
Loss: 0.947 | Precision@1: 66.462% (22459/33792)
Loss: 0.948 | Precision@1: 66.430% (22533/33920)
Loss: 0.948 | Precision@1: 66.418% (22614/34048)
Loss: 0.948 | Precision@1: 66.421% (22700/34176)
Loss: 0.948 | Precision@1: 66.427% (22787/34304)
Loss: 0.948 | Precision@1: 66.424% (22871/34432)
Loss: 0.948 | Precision@1: 66.406% (22950/34560)
Loss: 0.948 | Precision@1: 66.389% (23029/34688)
Loss: 0.947 | Precision@1: 66.403% (23119/34816)
Loss: 0.947 | Precision@1: 66.421% (23210/34944)
Loss: 0.946 | Precision@1: 66.472% (23313/35072)
Loss: 0.947 | Precision@1: 66.469% (23397/35200)
Loss: 0.946 | Precision@1: 66.500% (23493/35328)
Loss: 0.947 | Precision@1: 66.480% (23571/35456)
Loss: 0.946 | Precision@1: 66.493% (23661/35584)
Loss: 0.946 | Precision@1: 66.501% (23749/35712)
Loss: 0.946 | Precision@1: 66.498% (23833/35840)
Loss: 0.946 | Precision@1: 66.498% (23918/35968)
Loss: 0.946 | Precision@1: 66.512% (24008/36096)
Loss: 0.945 | Precision@1: 66.553% (24108/36224)
Loss: 0.945 | Precision@1: 66.566% (24198/36352)
Loss: 0.944 | Precision@1: 66.584% (24290/36480)
Loss: 0.944 | Precision@1: 66.584% (24375/36608)
Loss: 0.944 | Precision@1: 66.597% (24465/36736)
Loss: 0.944 | Precision@1: 66.604% (24553/36864)
Loss: 0.943 | Precision@1: 66.639% (24651/36992)
Loss: 0.943 | Precision@1: 66.649% (24740/37120)
Loss: 0.943 | Precision@1: 66.656% (24828/37248)
Loss: 0.943 | Precision@1: 66.674% (24920/37376)
Loss: 0.943 | Precision@1: 66.657% (24999/37504)
Loss: 0.943 | Precision@1: 66.664% (25087/37632)
Loss: 0.942 | Precision@1: 66.690% (25182/37760)
Loss: 0.942 | Precision@1: 66.707% (25274/37888)
Loss: 0.942 | Precision@1: 66.698% (25356/38016)
Loss: 0.942 | Precision@1: 66.687% (25437/38144)
Loss: 0.942 | Precision@1: 66.683% (25521/38272)
Loss: 0.942 | Precision@1: 66.688% (25608/38400)
Loss: 0.942 | Precision@1: 66.700% (25698/38528)
Loss: 0.942 | Precision@1: 66.693% (25781/38656)
Loss: 0.942 | Precision@1: 66.692% (25866/38784)
Loss: 0.942 | Precision@1: 66.727% (25965/38912)
Loss: 0.941 | Precision@1: 66.729% (26051/39040)
Loss: 0.941 | Precision@1: 66.743% (26142/39168)
Loss: 0.941 | Precision@1: 66.757% (26233/39296)
Loss: 0.941 | Precision@1: 66.774% (26325/39424)
Loss: 0.941 | Precision@1: 66.758% (26404/39552)
Loss: 0.941 | Precision@1: 66.759% (26490/39680)
Loss: 0.941 | Precision@1: 66.738% (26567/39808)
Loss: 0.941 | Precision@1: 66.747% (26656/39936)
Loss: 0.940 | Precision@1: 66.756% (26745/40064)
Loss: 0.940 | Precision@1: 66.757% (26831/40192)
Loss: 0.940 | Precision@1: 66.746% (26912/40320)
Loss: 0.940 | Precision@1: 66.750% (26999/40448)
Loss: 0.940 | Precision@1: 66.754% (27086/40576)
Loss: 0.940 | Precision@1: 66.748% (27169/40704)
Loss: 0.940 | Precision@1: 66.752% (27256/40832)
Loss: 0.940 | Precision@1: 66.750% (27341/40960)
Loss: 0.940 | Precision@1: 66.725% (27416/41088)
Loss: 0.941 | Precision@1: 66.702% (27492/41216)
Loss: 0.940 | Precision@1: 66.701% (27577/41344)
Loss: 0.940 | Precision@1: 66.717% (27669/41472)
Loss: 0.939 | Precision@1: 66.736% (27762/41600)
Loss: 0.939 | Precision@1: 66.742% (27850/41728)
Loss: 0.939 | Precision@1: 66.746% (27937/41856)
Loss: 0.939 | Precision@1: 66.756% (28027/41984)
Loss: 0.938 | Precision@1: 66.786% (28125/42112)
Loss: 0.937 | Precision@1: 66.816% (28223/42240)
Loss: 0.938 | Precision@1: 66.803% (28303/42368)
Loss: 0.938 | Precision@1: 66.813% (28393/42496)
Loss: 0.937 | Precision@1: 66.819% (28481/42624)
Loss: 0.937 | Precision@1: 66.827% (28570/42752)
Loss: 0.937 | Precision@1: 66.828% (28656/42880)
Loss: 0.937 | Precision@1: 66.836% (28745/43008)
Loss: 0.937 | Precision@1: 66.844% (28834/43136)
Loss: 0.937 | Precision@1: 66.848% (28921/43264)
Loss: 0.937 | Precision@1: 66.844% (29005/43392)
Loss: 0.937 | Precision@1: 66.847% (29092/43520)
Loss: 0.937 | Precision@1: 66.846% (29177/43648)
Loss: 0.937 | Precision@1: 66.843% (29261/43776)
Loss: 0.937 | Precision@1: 66.848% (29349/43904)
Loss: 0.937 | Precision@1: 66.849% (29435/44032)
Loss: 0.936 | Precision@1: 66.855% (29523/44160)
Loss: 0.936 | Precision@1: 66.842% (29603/44288)
Loss: 0.936 | Precision@1: 66.852% (29693/44416)
Loss: 0.937 | Precision@1: 66.833% (29770/44544)
Loss: 0.936 | Precision@1: 66.858% (29867/44672)
Loss: 0.936 | Precision@1: 66.853% (29950/44800)
Loss: 0.936 | Precision@1: 66.851% (30035/44928)
Loss: 0.936 | Precision@1: 66.857% (30123/45056)
Loss: 0.935 | Precision@1: 66.878% (30218/45184)
Loss: 0.935 | Precision@1: 66.883% (30306/45312)
Loss: 0.935 | Precision@1: 66.875% (30388/45440)
Loss: 0.935 | Precision@1: 66.896% (30483/45568)
Loss: 0.936 | Precision@1: 66.886% (30564/45696)
Loss: 0.935 | Precision@1: 66.915% (30663/45824)
Loss: 0.935 | Precision@1: 66.909% (30746/45952)
Loss: 0.935 | Precision@1: 66.923% (30838/46080)
Loss: 0.935 | Precision@1: 66.934% (30929/46208)
Loss: 0.935 | Precision@1: 66.922% (31009/46336)
Loss: 0.935 | Precision@1: 66.927% (31097/46464)
Loss: 0.935 | Precision@1: 66.934% (31186/46592)
Loss: 0.934 | Precision@1: 66.939% (31274/46720)
Loss: 0.934 | Precision@1: 66.957% (31368/46848)
Loss: 0.934 | Precision@1: 66.970% (31460/46976)
Loss: 0.933 | Precision@1: 66.990% (31555/47104)
Loss: 0.933 | Precision@1: 67.005% (31648/47232)
Loss: 0.933 | Precision@1: 67.008% (31735/47360)
Loss: 0.933 | Precision@1: 67.013% (31823/47488)
Loss: 0.933 | Precision@1: 67.009% (31907/47616)
Loss: 0.932 | Precision@1: 67.030% (32003/47744)
Loss: 0.932 | Precision@1: 67.041% (32094/47872)
Loss: 0.931 | Precision@1: 67.054% (32186/48000)
Loss: 0.931 | Precision@1: 67.052% (32271/48128)
Loss: 0.931 | Precision@1: 67.080% (32370/48256)
Loss: 0.931 | Precision@1: 67.070% (32451/48384)
Loss: 0.931 | Precision@1: 67.078% (32541/48512)
Loss: 0.930 | Precision@1: 67.087% (32631/48640)
Loss: 0.931 | Precision@1: 67.069% (32708/48768)
Loss: 0.930 | Precision@1: 67.089% (32804/48896)
Loss: 0.930 | Precision@1: 67.086% (32888/49024)
Loss: 0.931 | Precision@1: 67.072% (32967/49152)
Loss: 0.931 | Precision@1: 67.076% (33055/49280)
Loss: 0.931 | Precision@1: 67.072% (33139/49408)
Loss: 0.930 | Precision@1: 67.093% (33235/49536)
Loss: 0.930 | Precision@1: 67.095% (33322/49664)
Loss: 0.930 | Precision@1: 67.101% (33411/49792)
Loss: 0.930 | Precision@1: 67.105% (33499/49920)
Loss: 0.930 | Precision@1: 67.102% (33551/50000)

Aggregates: 			
 	 DataLoader Time: 0.4721 			
 	 Mini-batch Time: 12.2162 			
 	 Training Epoch Time: 30.6394
 			
 Averages: 			
 	 Training Loss: 0.9304

 Test set Averages: Loss: 0.992 | Precision@1: 65.460% (6546/10000)
Average dataloader time is 0.46
