

ssh -F ~/ssh_config -L 10395:localhost:10395 lion9.cs.nyu.edu




[W 14:35:34.777 NotebookApp] Terminals not available (error was terminado >= 0.8.1 required, found 0.6)
[I 14:35:34.838 NotebookApp] JupyterLab alpha preview extension loaded from /misc/kcgscratch1/ChoGroup/srikar/.pyenv/versions/anaconda3-5.0.0/lib/python3.6/site-packages/jupyterlab
JupyterLab v0.27.0
Known labextensions:
[I 14:35:34.842 NotebookApp] Running the core application with no additional extensions or settings
[I 14:35:34.846 NotebookApp] Serving notebooks from local directory: /misc/kcgscratch1/ChoGroup/srikar/hpml/hw2
[I 14:35:34.846 NotebookApp] The Jupyter Notebook is running at:
[I 14:35:34.846 NotebookApp] http://localhost:10395/?token=6d355ca9571228c1b7803a4baa4ded5d597d700b73253d3e
[I 14:35:34.846 NotebookApp] Use Control-C to stop this server and shut down all kernels (twice to skip confirmation).
[C 14:35:34.848 NotebookApp] 
    
    Copy/paste this URL into your browser when you connect for the first time,
    to login with a token:
        http://localhost:10395/?token=6d355ca9571228c1b7803a4baa4ded5d597d700b73253d3e
[I 16:37:43.276 NotebookApp] 302 GET /?token=6d355ca9571228c1b7803a4baa4ded5d597d700b73253d3e (127.0.0.1) 1.86ms
[I 16:37:58.304 NotebookApp] Creating new notebook in 
/misc/kcgscratch1/ChoGroup/srikar/.pyenv/versions/anaconda3-5.0.0/lib/python3.6/site-packages/jupyter_client/connect.py:167: RuntimeWarning: Failed to set sticky bit on '/home/msy290/.local/share/jupyter/runtime/kernel-167a7b36-262e-481b-b367-95fa681f47dc.json': [Errno 5] Input/output error: '/home/msy290/.local/share/jupyter/runtime/kernel-167a7b36-262e-481b-b367-95fa681f47dc.json'
Probably not a big deal, but runtime files may be cleaned up periodically.
  RuntimeWarning,
[I 16:38:00.163 NotebookApp] Kernel started: 167a7b36-262e-481b-b367-95fa681f47dc
[I 16:38:02.626 NotebookApp] Adapting to protocol v5.1 for kernel 167a7b36-262e-481b-b367-95fa681f47dc
[I 16:40:00.464 NotebookApp] Saving file at /report.ipynb
[I 16:42:00.146 NotebookApp] Saving file at /report.ipynb
[I 16:44:00.190 NotebookApp] Saving file at /report.ipynb
[I 16:45:20.285 NotebookApp] Starting buffering for 167a7b36-262e-481b-b367-95fa681f47dc:ef109992078449bb93c109044bfb5610
/misc/kcgscratch1/ChoGroup/srikar/.pyenv/versions/anaconda3-5.0.0/lib/python3.6/site-packages/jupyter_client/connect.py:167: RuntimeWarning: Failed to set sticky bit on '/home/msy290/.local/share/jupyter/runtime/kernel-167a7b36-262e-481b-b367-95fa681f47dc.json': [Errno 5] Input/output error: '/home/msy290/.local/share/jupyter/runtime/kernel-167a7b36-262e-481b-b367-95fa681f47dc.json'
Probably not a big deal, but runtime files may be cleaned up periodically.
  RuntimeWarning,
[I 16:45:20.707 NotebookApp] Kernel restarted: 167a7b36-262e-481b-b367-95fa681f47dc
[I 16:45:23.286 NotebookApp] Adapting to protocol v5.1 for kernel 167a7b36-262e-481b-b367-95fa681f47dc
[I 16:45:23.287 NotebookApp] Restoring connection for 167a7b36-262e-481b-b367-95fa681f47dc:ef109992078449bb93c109044bfb5610
[I 16:45:23.287 NotebookApp] Replaying 6 buffered messages
[I 16:46:00.158 NotebookApp] Saving file at /report.ipynb
[I 16:48:00.448 NotebookApp] Saving file at /report.ipynb
[I 16:50:00.150 NotebookApp] Saving file at /report.ipynb
[I 16:52:00.148 NotebookApp] Saving file at /report.ipynb
[I 16:54:00.443 NotebookApp] Saving file at /report.ipynb
[I 17:40:00.175 NotebookApp] Saving file at /report.ipynb
[I 17:42:00.160 NotebookApp] Saving file at /report.ipynb
[I 17:44:00.729 NotebookApp] Saving file at /report.ipynb
[I 17:46:00.148 NotebookApp] Saving file at /report.ipynb
[I 17:48:00.496 NotebookApp] Saving file at /report.ipynb
[I 17:50:00.144 NotebookApp] Saving file at /report.ipynb
[I 17:52:00.185 NotebookApp] Saving file at /report.ipynb
[I 17:54:00.299 NotebookApp] Saving file at /report.ipynb
[I 17:56:00.335 NotebookApp] Saving file at /report.ipynb
[I 17:58:00.324 NotebookApp] Saving file at /report.ipynb
[I 18:00:21.412 NotebookApp] Starting buffering for 167a7b36-262e-481b-b367-95fa681f47dc:ef109992078449bb93c109044bfb5610
/misc/kcgscratch1/ChoGroup/srikar/.pyenv/versions/anaconda3-5.0.0/lib/python3.6/site-packages/jupyter_client/connect.py:167: RuntimeWarning: Failed to set sticky bit on '/home/msy290/.local/share/jupyter/runtime/kernel-167a7b36-262e-481b-b367-95fa681f47dc.json': [Errno 5] Input/output error: '/home/msy290/.local/share/jupyter/runtime/kernel-167a7b36-262e-481b-b367-95fa681f47dc.json'
Probably not a big deal, but runtime files may be cleaned up periodically.
  RuntimeWarning,
[I 18:00:21.934 NotebookApp] Kernel restarted: 167a7b36-262e-481b-b367-95fa681f47dc
[I 18:00:24.829 NotebookApp] Adapting to protocol v5.1 for kernel 167a7b36-262e-481b-b367-95fa681f47dc
[I 18:00:24.831 NotebookApp] Restoring connection for 167a7b36-262e-481b-b367-95fa681f47dc:ef109992078449bb93c109044bfb5610
[I 18:00:24.831 NotebookApp] Replaying 6 buffered messages
[I 18:02:00.458 NotebookApp] Saving file at /report.ipynb
[I 18:02:16.900 NotebookApp] Saving file at /report.ipynb
[I 18:02:18.223 NotebookApp] Saving file at /report.ipynb
[I 18:02:25.907 NotebookApp] Saving file at /report.ipynb
[I 18:02:29.939 NotebookApp] Saving file at /report.ipynb
[I 18:04:00.445 NotebookApp] Saving file at /report.ipynb
[I 18:06:00.155 NotebookApp] Saving file at /report.ipynb
[I 18:17:39.627 NotebookApp] Saving file at /report.ipynb
[I 18:17:40.998 NotebookApp] Saving file at /report.ipynb
