model name	: Intel(R) Xeon(R) CPU E5-2609 v3 @ 1.90GHz
Sun Oct 27 17:34:57 2019       
+-----------------------------------------------------------------------------+
| NVIDIA-SMI 418.74       Driver Version: 418.74       CUDA Version: 10.1     |
|-------------------------------+----------------------+----------------------+
| GPU  Name        Persistence-M| Bus-Id        Disp.A | Volatile Uncorr. ECC |
| Fan  Temp  Perf  Pwr:Usage/Cap|         Memory-Usage | GPU-Util  Compute M. |
|===============================+======================+======================|
|   0  GeForce GTX TIT...  On   | 00000000:02:00.0 Off |                  N/A |
| 47%   72C    P2    75W / 250W |    588MiB / 12212MiB |      6%      Default |
+-------------------------------+----------------------+----------------------+
|   1  GeForce GTX TIT...  On   | 00000000:83:00.0 Off |                  N/A |
| 22%   31C    P8    16W / 250W |      1MiB / 12212MiB |      0%      Default |
+-------------------------------+----------------------+----------------------+
                                                                               
+-----------------------------------------------------------------------------+
| Processes:                                                       GPU Memory |
|  GPU       PID   Type   Process name                             Usage      |
|=============================================================================|
|    0     10739      C   python3                                      576MiB |
+-----------------------------------------------------------------------------+
Files already downloaded and verified
Files already downloaded and verified

Epoch: 0
Loss: 2.299 | Precision@1: 11.719% (15/128)
Loss: 2.299 | Precision@1: 11.328% (29/256)
Loss: 2.301 | Precision@1: 11.198% (43/384)
Loss: 2.302 | Precision@1: 10.156% (52/512)
Loss: 2.304 | Precision@1: 9.219% (59/640)
Loss: 2.302 | Precision@1: 9.635% (74/768)
Loss: 2.301 | Precision@1: 9.598% (86/896)
Loss: 2.300 | Precision@1: 9.082% (93/1024)
Loss: 2.301 | Precision@1: 9.288% (107/1152)
Loss: 2.302 | Precision@1: 9.375% (120/1280)
Loss: 2.302 | Precision@1: 9.517% (134/1408)
Loss: 2.302 | Precision@1: 9.115% (140/1536)
Loss: 2.302 | Precision@1: 9.014% (150/1664)
Loss: 2.302 | Precision@1: 9.542% (171/1792)
Loss: 2.302 | Precision@1: 9.948% (191/1920)
Loss: 2.301 | Precision@1: 10.449% (214/2048)
Loss: 2.300 | Precision@1: 10.708% (233/2176)
Loss: 2.299 | Precision@1: 11.024% (254/2304)
Loss: 2.298 | Precision@1: 11.102% (270/2432)
Loss: 2.297 | Precision@1: 11.094% (284/2560)
Loss: 2.297 | Precision@1: 11.124% (299/2688)
Loss: 2.296 | Precision@1: 11.009% (310/2816)
Loss: 2.294 | Precision@1: 11.413% (336/2944)
Loss: 2.294 | Precision@1: 11.523% (354/3072)
Loss: 2.292 | Precision@1: 11.562% (370/3200)
Loss: 2.288 | Precision@1: 12.019% (400/3328)
Loss: 2.286 | Precision@1: 12.297% (425/3456)
Loss: 2.279 | Precision@1: 12.472% (447/3584)
Loss: 2.275 | Precision@1: 12.823% (476/3712)
Loss: 2.276 | Precision@1: 12.734% (489/3840)
Loss: 2.276 | Precision@1: 12.752% (506/3968)
Loss: 2.277 | Precision@1: 12.573% (515/4096)
Loss: 2.279 | Precision@1: 12.595% (532/4224)
Loss: 2.279 | Precision@1: 12.569% (547/4352)
Loss: 2.280 | Precision@1: 12.455% (558/4480)
Loss: 2.281 | Precision@1: 12.391% (571/4608)
Loss: 2.282 | Precision@1: 12.437% (589/4736)
Loss: 2.283 | Precision@1: 12.336% (600/4864)
Loss: 2.284 | Precision@1: 12.220% (610/4992)
Loss: 2.284 | Precision@1: 12.168% (623/5120)
Loss: 2.284 | Precision@1: 12.195% (640/5248)
Loss: 2.285 | Precision@1: 12.091% (650/5376)
Loss: 2.286 | Precision@1: 12.046% (663/5504)
Loss: 2.286 | Precision@1: 12.021% (677/5632)
Loss: 2.286 | Precision@1: 11.875% (684/5760)
Loss: 2.287 | Precision@1: 11.872% (699/5888)
Loss: 2.287 | Precision@1: 11.802% (710/6016)
Loss: 2.287 | Precision@1: 11.751% (722/6144)
Loss: 2.288 | Precision@1: 11.687% (733/6272)
Loss: 2.288 | Precision@1: 11.781% (754/6400)
Loss: 2.288 | Precision@1: 11.857% (774/6528)
Loss: 2.288 | Precision@1: 11.794% (785/6656)
Loss: 2.288 | Precision@1: 11.778% (799/6784)
Loss: 2.289 | Precision@1: 11.690% (808/6912)
Loss: 2.289 | Precision@1: 11.676% (822/7040)
Loss: 2.289 | Precision@1: 11.621% (833/7168)
Loss: 2.289 | Precision@1: 11.568% (844/7296)
Loss: 2.290 | Precision@1: 11.490% (853/7424)
Loss: 2.290 | Precision@1: 11.494% (868/7552)
Loss: 2.290 | Precision@1: 11.458% (880/7680)
Loss: 2.290 | Precision@1: 11.488% (897/7808)
Loss: 2.290 | Precision@1: 11.568% (918/7936)
Loss: 2.290 | Precision@1: 11.595% (935/8064)
Loss: 2.290 | Precision@1: 11.646% (954/8192)
Loss: 2.290 | Precision@1: 11.575% (963/8320)
Loss: 2.290 | Precision@1: 11.506% (972/8448)
Loss: 2.291 | Precision@1: 11.486% (985/8576)
Loss: 2.291 | Precision@1: 11.523% (1003/8704)
Loss: 2.291 | Precision@1: 11.572% (1022/8832)
Loss: 2.291 | Precision@1: 11.607% (1040/8960)
Loss: 2.291 | Precision@1: 11.708% (1064/9088)
Loss: 2.291 | Precision@1: 11.708% (1079/9216)
Loss: 2.291 | Precision@1: 11.783% (1101/9344)
Loss: 2.290 | Precision@1: 11.888% (1126/9472)
Loss: 2.290 | Precision@1: 11.927% (1145/9600)
Loss: 2.290 | Precision@1: 12.007% (1168/9728)
Loss: 2.290 | Precision@1: 12.003% (1183/9856)
Loss: 2.289 | Precision@1: 12.009% (1199/9984)
Loss: 2.289 | Precision@1: 12.045% (1218/10112)
Loss: 2.288 | Precision@1: 12.061% (1235/10240)
Loss: 2.287 | Precision@1: 12.105% (1255/10368)
Loss: 2.287 | Precision@1: 12.100% (1270/10496)
Loss: 2.286 | Precision@1: 12.152% (1291/10624)
Loss: 2.286 | Precision@1: 12.156% (1307/10752)
Loss: 2.285 | Precision@1: 12.298% (1338/10880)
Loss: 2.286 | Precision@1: 12.282% (1352/11008)
Loss: 2.285 | Precision@1: 12.356% (1376/11136)
Loss: 2.285 | Precision@1: 12.340% (1390/11264)
Loss: 2.285 | Precision@1: 12.351% (1407/11392)
Loss: 2.285 | Precision@1: 12.318% (1419/11520)
Loss: 2.286 | Precision@1: 12.303% (1433/11648)
Loss: 2.286 | Precision@1: 12.305% (1449/11776)
Loss: 2.286 | Precision@1: 12.315% (1466/11904)
Loss: 2.286 | Precision@1: 12.292% (1479/12032)
Loss: 2.287 | Precision@1: 12.229% (1487/12160)
Loss: 2.287 | Precision@1: 12.231% (1503/12288)
Loss: 2.287 | Precision@1: 12.258% (1522/12416)
Loss: 2.287 | Precision@1: 12.261% (1538/12544)
Loss: 2.288 | Precision@1: 12.216% (1548/12672)
Loss: 2.288 | Precision@1: 12.180% (1559/12800)
Loss: 2.288 | Precision@1: 12.191% (1576/12928)
Loss: 2.289 | Precision@1: 12.178% (1590/13056)
Loss: 2.289 | Precision@1: 12.235% (1613/13184)
Loss: 2.289 | Precision@1: 12.230% (1628/13312)
Loss: 2.289 | Precision@1: 12.217% (1642/13440)
Loss: 2.289 | Precision@1: 12.220% (1658/13568)
Loss: 2.288 | Precision@1: 12.230% (1675/13696)
Loss: 2.288 | Precision@1: 12.297% (1700/13824)
Loss: 2.288 | Precision@1: 12.292% (1715/13952)
Loss: 2.288 | Precision@1: 12.294% (1731/14080)
Loss: 2.288 | Precision@1: 12.310% (1749/14208)
Loss: 2.287 | Precision@1: 12.388% (1776/14336)
Loss: 2.287 | Precision@1: 12.376% (1790/14464)
Loss: 2.286 | Precision@1: 12.411% (1811/14592)
Loss: 2.286 | Precision@1: 12.412% (1827/14720)
Loss: 2.286 | Precision@1: 12.412% (1843/14848)
Loss: 2.285 | Precision@1: 12.453% (1865/14976)
Loss: 2.284 | Precision@1: 12.533% (1893/15104)
Loss: 2.283 | Precision@1: 12.566% (1914/15232)
Loss: 2.282 | Precision@1: 12.611% (1937/15360)
Loss: 2.280 | Precision@1: 12.674% (1963/15488)
Loss: 2.280 | Precision@1: 12.731% (1988/15616)
Loss: 2.279 | Precision@1: 12.824% (2019/15744)
Loss: 2.278 | Precision@1: 12.891% (2046/15872)
Loss: 2.277 | Precision@1: 12.881% (2061/16000)
Loss: 2.275 | Precision@1: 13.021% (2100/16128)
Loss: 2.275 | Precision@1: 13.011% (2115/16256)
Loss: 2.274 | Precision@1: 13.037% (2136/16384)
Loss: 2.273 | Precision@1: 13.027% (2151/16512)
Loss: 2.272 | Precision@1: 13.107% (2181/16640)
Loss: 2.271 | Precision@1: 13.168% (2208/16768)
Loss: 2.270 | Precision@1: 13.198% (2230/16896)
Loss: 2.269 | Precision@1: 13.246% (2255/17024)
Loss: 2.268 | Precision@1: 13.287% (2279/17152)
Loss: 2.267 | Precision@1: 13.356% (2308/17280)
Loss: 2.266 | Precision@1: 13.339% (2322/17408)
Loss: 2.265 | Precision@1: 13.378% (2346/17536)
Loss: 2.264 | Precision@1: 13.423% (2371/17664)
Loss: 2.264 | Precision@1: 13.444% (2392/17792)
Loss: 2.262 | Precision@1: 13.521% (2423/17920)
Loss: 2.261 | Precision@1: 13.592% (2453/18048)
Loss: 2.261 | Precision@1: 13.628% (2477/18176)
Loss: 2.260 | Precision@1: 13.664% (2501/18304)
Loss: 2.258 | Precision@1: 13.704% (2526/18432)
Loss: 2.257 | Precision@1: 13.777% (2557/18560)
Loss: 2.256 | Precision@1: 13.816% (2582/18688)
Loss: 2.255 | Precision@1: 13.882% (2612/18816)
Loss: 2.254 | Precision@1: 13.920% (2637/18944)
Loss: 2.253 | Precision@1: 13.973% (2665/19072)
Loss: 2.252 | Precision@1: 14.031% (2694/19200)
Loss: 2.252 | Precision@1: 14.073% (2720/19328)
Loss: 2.251 | Precision@1: 14.129% (2749/19456)
Loss: 2.250 | Precision@1: 14.195% (2780/19584)
Loss: 2.249 | Precision@1: 14.230% (2805/19712)
Loss: 2.248 | Precision@1: 14.234% (2824/19840)
Loss: 2.246 | Precision@1: 14.248% (2845/19968)
Loss: 2.245 | Precision@1: 14.306% (2875/20096)
Loss: 2.244 | Precision@1: 14.339% (2900/20224)
Loss: 2.243 | Precision@1: 14.382% (2927/20352)
Loss: 2.242 | Precision@1: 14.478% (2965/20480)
Loss: 2.241 | Precision@1: 14.514% (2991/20608)
Loss: 2.240 | Precision@1: 14.545% (3016/20736)
Loss: 2.238 | Precision@1: 14.609% (3048/20864)
Loss: 2.237 | Precision@1: 14.667% (3079/20992)
Loss: 2.235 | Precision@1: 14.744% (3114/21120)
Loss: 2.235 | Precision@1: 14.787% (3142/21248)
Loss: 2.234 | Precision@1: 14.830% (3170/21376)
Loss: 2.233 | Precision@1: 14.858% (3195/21504)
Loss: 2.232 | Precision@1: 14.908% (3225/21632)
Loss: 2.230 | Precision@1: 15.014% (3267/21760)
Loss: 2.229 | Precision@1: 15.040% (3292/21888)
Loss: 2.228 | Precision@1: 15.107% (3326/22016)
Loss: 2.227 | Precision@1: 15.173% (3360/22144)
Loss: 2.226 | Precision@1: 15.194% (3384/22272)
Loss: 2.225 | Precision@1: 15.246% (3415/22400)
Loss: 2.224 | Precision@1: 15.323% (3452/22528)
Loss: 2.223 | Precision@1: 15.356% (3479/22656)
Loss: 2.222 | Precision@1: 15.419% (3513/22784)
Loss: 2.220 | Precision@1: 15.490% (3549/22912)
Loss: 2.221 | Precision@1: 15.512% (3574/23040)
Loss: 2.219 | Precision@1: 15.590% (3612/23168)
Loss: 2.219 | Precision@1: 15.625% (3640/23296)
Loss: 2.218 | Precision@1: 15.685% (3674/23424)
Loss: 2.217 | Precision@1: 15.684% (3694/23552)
Loss: 2.217 | Precision@1: 15.701% (3718/23680)
Loss: 2.216 | Precision@1: 15.709% (3740/23808)
Loss: 2.215 | Precision@1: 15.734% (3766/23936)
Loss: 2.215 | Precision@1: 15.758% (3792/24064)
Loss: 2.214 | Precision@1: 15.778% (3817/24192)
Loss: 2.213 | Precision@1: 15.814% (3846/24320)
Loss: 2.212 | Precision@1: 15.838% (3872/24448)
Loss: 2.212 | Precision@1: 15.889% (3905/24576)
Loss: 2.211 | Precision@1: 15.937% (3937/24704)
Loss: 2.211 | Precision@1: 15.955% (3962/24832)
Loss: 2.210 | Precision@1: 15.994% (3992/24960)
Loss: 2.209 | Precision@1: 16.028% (4021/25088)
Loss: 2.208 | Precision@1: 16.045% (4046/25216)
Loss: 2.207 | Precision@1: 16.079% (4075/25344)
Loss: 2.206 | Precision@1: 16.120% (4106/25472)
Loss: 2.205 | Precision@1: 16.148% (4134/25600)
Loss: 2.205 | Precision@1: 16.165% (4159/25728)
Loss: 2.204 | Precision@1: 16.197% (4188/25856)
Loss: 2.204 | Precision@1: 16.214% (4213/25984)
Loss: 2.203 | Precision@1: 16.253% (4244/26112)
Loss: 2.202 | Precision@1: 16.338% (4287/26240)
Loss: 2.201 | Precision@1: 16.357% (4313/26368)
Loss: 2.200 | Precision@1: 16.410% (4348/26496)
Loss: 2.199 | Precision@1: 16.466% (4384/26624)
Loss: 2.199 | Precision@1: 16.492% (4412/26752)
Loss: 2.199 | Precision@1: 16.522% (4441/26880)
Loss: 2.198 | Precision@1: 16.554% (4471/27008)
Loss: 2.197 | Precision@1: 16.568% (4496/27136)
Loss: 2.196 | Precision@1: 16.623% (4532/27264)
Loss: 2.195 | Precision@1: 16.658% (4563/27392)
Loss: 2.195 | Precision@1: 16.682% (4591/27520)
Loss: 2.194 | Precision@1: 16.721% (4623/27648)
Loss: 2.193 | Precision@1: 16.781% (4661/27776)
Loss: 2.192 | Precision@1: 16.800% (4688/27904)
Loss: 2.192 | Precision@1: 16.827% (4717/28032)
Loss: 2.191 | Precision@1: 16.893% (4757/28160)
Loss: 2.191 | Precision@1: 16.933% (4790/28288)
Loss: 2.190 | Precision@1: 16.983% (4826/28416)
Loss: 2.189 | Precision@1: 17.005% (4854/28544)
Loss: 2.188 | Precision@1: 17.010% (4877/28672)
Loss: 2.187 | Precision@1: 17.045% (4909/28800)
Loss: 2.187 | Precision@1: 17.042% (4930/28928)
Loss: 2.186 | Precision@1: 17.088% (4965/29056)
Loss: 2.185 | Precision@1: 17.136% (5001/29184)
Loss: 2.184 | Precision@1: 17.167% (5032/29312)
Loss: 2.182 | Precision@1: 17.204% (5065/29440)
Loss: 2.182 | Precision@1: 17.238% (5097/29568)
Loss: 2.181 | Precision@1: 17.258% (5125/29696)
Loss: 2.180 | Precision@1: 17.318% (5165/29824)
Loss: 2.179 | Precision@1: 17.344% (5195/29952)
Loss: 2.178 | Precision@1: 17.370% (5225/30080)
Loss: 2.178 | Precision@1: 17.413% (5260/30208)
Loss: 2.177 | Precision@1: 17.422% (5285/30336)
Loss: 2.176 | Precision@1: 17.470% (5322/30464)
Loss: 2.176 | Precision@1: 17.524% (5361/30592)
Loss: 2.175 | Precision@1: 17.539% (5388/30720)
Loss: 2.174 | Precision@1: 17.580% (5423/30848)
Loss: 2.173 | Precision@1: 17.604% (5453/30976)
Loss: 2.173 | Precision@1: 17.647% (5489/31104)
Loss: 2.172 | Precision@1: 17.655% (5514/31232)
Loss: 2.171 | Precision@1: 17.685% (5546/31360)
Loss: 2.171 | Precision@1: 17.708% (5576/31488)
Loss: 2.170 | Precision@1: 17.757% (5614/31616)
Loss: 2.169 | Precision@1: 17.773% (5642/31744)
Loss: 2.168 | Precision@1: 17.812% (5677/31872)
Loss: 2.167 | Precision@1: 17.872% (5719/32000)
Loss: 2.166 | Precision@1: 17.910% (5754/32128)
Loss: 2.165 | Precision@1: 17.938% (5786/32256)
Loss: 2.165 | Precision@1: 17.975% (5821/32384)
Loss: 2.164 | Precision@1: 18.018% (5858/32512)
Loss: 2.163 | Precision@1: 18.039% (5888/32640)
Loss: 2.161 | Precision@1: 18.118% (5937/32768)
Loss: 2.160 | Precision@1: 18.145% (5969/32896)
Loss: 2.159 | Precision@1: 18.187% (6006/33024)
Loss: 2.159 | Precision@1: 18.243% (6048/33152)
Loss: 2.158 | Precision@1: 18.293% (6088/33280)
Loss: 2.157 | Precision@1: 18.319% (6120/33408)
Loss: 2.157 | Precision@1: 18.333% (6148/33536)
Loss: 2.156 | Precision@1: 18.388% (6190/33664)
Loss: 2.155 | Precision@1: 18.416% (6223/33792)
Loss: 2.154 | Precision@1: 18.446% (6257/33920)
Loss: 2.153 | Precision@1: 18.456% (6284/34048)
Loss: 2.152 | Precision@1: 18.519% (6329/34176)
Loss: 2.151 | Precision@1: 18.555% (6365/34304)
Loss: 2.150 | Precision@1: 18.596% (6403/34432)
Loss: 2.148 | Precision@1: 18.634% (6440/34560)
Loss: 2.148 | Precision@1: 18.655% (6471/34688)
Loss: 2.146 | Precision@1: 18.718% (6517/34816)
Loss: 2.146 | Precision@1: 18.739% (6548/34944)
Loss: 2.146 | Precision@1: 18.744% (6574/35072)
Loss: 2.147 | Precision@1: 18.733% (6594/35200)
Loss: 2.147 | Precision@1: 18.753% (6625/35328)
Loss: 2.146 | Precision@1: 18.767% (6654/35456)
Loss: 2.146 | Precision@1: 18.764% (6677/35584)
Loss: 2.145 | Precision@1: 18.781% (6707/35712)
Loss: 2.145 | Precision@1: 18.789% (6734/35840)
Loss: 2.145 | Precision@1: 18.783% (6756/35968)
Loss: 2.144 | Precision@1: 18.803% (6787/36096)
Loss: 2.144 | Precision@1: 18.808% (6813/36224)
Loss: 2.144 | Precision@1: 18.797% (6833/36352)
Loss: 2.144 | Precision@1: 18.799% (6858/36480)
Loss: 2.143 | Precision@1: 18.832% (6894/36608)
Loss: 2.143 | Precision@1: 18.843% (6922/36736)
Loss: 2.143 | Precision@1: 18.856% (6951/36864)
Loss: 2.142 | Precision@1: 18.864% (6978/36992)
Loss: 2.142 | Precision@1: 18.893% (7013/37120)
Loss: 2.141 | Precision@1: 18.903% (7041/37248)
Loss: 2.141 | Precision@1: 18.908% (7067/37376)
Loss: 2.140 | Precision@1: 18.929% (7099/37504)
Loss: 2.140 | Precision@1: 18.947% (7130/37632)
Loss: 2.140 | Precision@1: 18.959% (7159/37760)
Loss: 2.139 | Precision@1: 18.972% (7188/37888)
Loss: 2.138 | Precision@1: 19.008% (7226/38016)
Loss: 2.138 | Precision@1: 19.012% (7252/38144)
Loss: 2.137 | Precision@1: 19.024% (7281/38272)
Loss: 2.137 | Precision@1: 19.044% (7313/38400)
Loss: 2.136 | Precision@1: 19.093% (7356/38528)
Loss: 2.136 | Precision@1: 19.112% (7388/38656)
Loss: 2.135 | Precision@1: 19.144% (7425/38784)
Loss: 2.134 | Precision@1: 19.171% (7460/38912)
Loss: 2.133 | Precision@1: 19.198% (7495/39040)
Loss: 2.132 | Precision@1: 19.240% (7536/39168)
Loss: 2.131 | Precision@1: 19.272% (7573/39296)
Loss: 2.131 | Precision@1: 19.300% (7609/39424)
Loss: 2.129 | Precision@1: 19.354% (7655/39552)
Loss: 2.129 | Precision@1: 19.388% (7693/39680)
Loss: 2.129 | Precision@1: 19.421% (7731/39808)
Loss: 2.128 | Precision@1: 19.459% (7771/39936)
Loss: 2.128 | Precision@1: 19.499% (7812/40064)
Loss: 2.127 | Precision@1: 19.509% (7841/40192)
Loss: 2.127 | Precision@1: 19.549% (7882/40320)
Loss: 2.126 | Precision@1: 19.558% (7911/40448)
Loss: 2.126 | Precision@1: 19.588% (7948/40576)
Loss: 2.125 | Precision@1: 19.649% (7998/40704)
Loss: 2.125 | Precision@1: 19.678% (8035/40832)
Loss: 2.124 | Precision@1: 19.724% (8079/40960)
Loss: 2.124 | Precision@1: 19.760% (8119/41088)
Loss: 2.123 | Precision@1: 19.764% (8146/41216)
Loss: 2.123 | Precision@1: 19.754% (8167/41344)
Loss: 2.123 | Precision@1: 19.775% (8201/41472)
Loss: 2.122 | Precision@1: 19.791% (8233/41600)
Loss: 2.121 | Precision@1: 19.800% (8262/41728)
Loss: 2.121 | Precision@1: 19.825% (8298/41856)
Loss: 2.121 | Precision@1: 19.834% (8327/41984)
Loss: 2.120 | Precision@1: 19.864% (8365/42112)
Loss: 2.119 | Precision@1: 19.889% (8401/42240)
Loss: 2.118 | Precision@1: 19.923% (8441/42368)
Loss: 2.118 | Precision@1: 19.969% (8486/42496)
Loss: 2.117 | Precision@1: 20.008% (8528/42624)
Loss: 2.116 | Precision@1: 20.065% (8578/42752)
Loss: 2.116 | Precision@1: 20.091% (8615/42880)
Loss: 2.115 | Precision@1: 20.133% (8659/43008)
Loss: 2.114 | Precision@1: 20.166% (8699/43136)
Loss: 2.113 | Precision@1: 20.185% (8733/43264)
Loss: 2.113 | Precision@1: 20.197% (8764/43392)
Loss: 2.112 | Precision@1: 20.241% (8809/43520)
Loss: 2.111 | Precision@1: 20.264% (8845/43648)
Loss: 2.110 | Precision@1: 20.290% (8882/43776)
Loss: 2.109 | Precision@1: 20.326% (8924/43904)
Loss: 2.109 | Precision@1: 20.356% (8963/44032)
Loss: 2.108 | Precision@1: 20.376% (8998/44160)
Loss: 2.107 | Precision@1: 20.414% (9041/44288)
Loss: 2.107 | Precision@1: 20.432% (9075/44416)
Loss: 2.106 | Precision@1: 20.465% (9116/44544)
Loss: 2.105 | Precision@1: 20.507% (9161/44672)
Loss: 2.105 | Precision@1: 20.525% (9195/44800)
Loss: 2.104 | Precision@1: 20.548% (9232/44928)
Loss: 2.103 | Precision@1: 20.599% (9281/45056)
Loss: 2.102 | Precision@1: 20.647% (9329/45184)
Loss: 2.102 | Precision@1: 20.688% (9374/45312)
Loss: 2.101 | Precision@1: 20.742% (9425/45440)
Loss: 2.100 | Precision@1: 20.771% (9465/45568)
Loss: 2.099 | Precision@1: 20.807% (9508/45696)
Loss: 2.098 | Precision@1: 20.847% (9553/45824)
Loss: 2.098 | Precision@1: 20.870% (9590/45952)
Loss: 2.097 | Precision@1: 20.903% (9632/46080)
Loss: 2.096 | Precision@1: 20.934% (9673/46208)
Loss: 2.095 | Precision@1: 20.958% (9711/46336)
Loss: 2.094 | Precision@1: 20.988% (9752/46464)
Loss: 2.093 | Precision@1: 21.016% (9792/46592)
Loss: 2.092 | Precision@1: 21.066% (9842/46720)
Loss: 2.091 | Precision@1: 21.107% (9888/46848)
Loss: 2.090 | Precision@1: 21.134% (9928/46976)
Loss: 2.090 | Precision@1: 21.170% (9972/47104)
Loss: 2.088 | Precision@1: 21.204% (10015/47232)
Loss: 2.088 | Precision@1: 21.214% (10047/47360)
Loss: 2.088 | Precision@1: 21.226% (10080/47488)
Loss: 2.087 | Precision@1: 21.249% (10118/47616)
Loss: 2.086 | Precision@1: 21.284% (10162/47744)
Loss: 2.085 | Precision@1: 21.326% (10209/47872)
Loss: 2.085 | Precision@1: 21.329% (10238/48000)
Loss: 2.085 | Precision@1: 21.333% (10267/48128)
Loss: 2.084 | Precision@1: 21.344% (10300/48256)
Loss: 2.084 | Precision@1: 21.371% (10340/48384)
Loss: 2.083 | Precision@1: 21.395% (10379/48512)
Loss: 2.082 | Precision@1: 21.406% (10412/48640)
Loss: 2.082 | Precision@1: 21.428% (10450/48768)
Loss: 2.081 | Precision@1: 21.452% (10489/48896)
Loss: 2.080 | Precision@1: 21.477% (10529/49024)
Loss: 2.080 | Precision@1: 21.488% (10562/49152)
Loss: 2.079 | Precision@1: 21.522% (10606/49280)
Loss: 2.078 | Precision@1: 21.541% (10643/49408)
Loss: 2.077 | Precision@1: 21.586% (10693/49536)
Loss: 2.077 | Precision@1: 21.601% (10728/49664)
Loss: 2.076 | Precision@1: 21.632% (10771/49792)
Loss: 2.075 | Precision@1: 21.665% (10815/49920)
Loss: 2.074 | Precision@1: 21.688% (10844/50000)

Aggregates: 			
 	 DataLoader Time: 0.9317 			
 	 Mini-batch Time:47.0883 			
 	 Training Epoch Time:47.2885
 			
 Averages: 			
 	 Training Loss: 2.0743

 Test set Averages: Loss: 1.722 | Precision@1: 35.810% (3581/10000)

Epoch: 1
