model name	: Intel(R) Xeon(R) CPU E5-2630 v2 @ 2.60GHz
Sun Oct 27 14:22:48 2019       
+-----------------------------------------------------------------------------+
| NVIDIA-SMI 418.67       Driver Version: 418.67       CUDA Version: 10.1     |
|-------------------------------+----------------------+----------------------+
| GPU  Name        Persistence-M| Bus-Id        Disp.A | Volatile Uncorr. ECC |
| Fan  Temp  Perf  Pwr:Usage/Cap|         Memory-Usage | GPU-Util  Compute M. |
|===============================+======================+======================|
|   0  Tesla K40c          On   | 00000000:02:00.0 Off |                    0 |
| 23%   32C    P0    62W / 235W |    381MiB / 11441MiB |      6%      Default |
+-------------------------------+----------------------+----------------------+
                                                                               
+-----------------------------------------------------------------------------+
| Processes:                                                       GPU Memory |
|  GPU       PID   Type   Process name                             Usage      |
|=============================================================================|
|    0     22994      C   python3                                      370MiB |
+-----------------------------------------------------------------------------+
Files already downloaded and verified
Files already downloaded and verified
Epoch 0
	 Minibatch 1 / 391, loss: 2.43, 			Avg Accumulated loss: 2.43, Precision: 14.84
	 Minibatch 2 / 391, loss: 3.30, 			Avg Accumulated loss: 2.86, Precision: 14.84
	 Minibatch 3 / 391, loss: 3.12, 			Avg Accumulated loss: 2.95, Precision: 21.09
	 Minibatch 4 / 391, loss: 5.42, 			Avg Accumulated loss: 3.57, Precision: 12.50
	 Minibatch 5 / 391, loss: 6.09, 			Avg Accumulated loss: 4.07, Precision: 11.72
	 Minibatch 6 / 391, loss: 7.47, 			Avg Accumulated loss: 4.64, Precision: 3.12
	 Minibatch 7 / 391, loss: 5.17, 			Avg Accumulated loss: 4.71, Precision: 10.16
	 Minibatch 8 / 391, loss: 4.06, 			Avg Accumulated loss: 4.63, Precision: 10.16
	 Minibatch 9 / 391, loss: 5.79, 			Avg Accumulated loss: 4.76, Precision: 5.47
	 Minibatch 10 / 391, loss: 4.76, 			Avg Accumulated loss: 4.76, Precision: 7.03
	 Minibatch 11 / 391, loss: 3.13, 			Avg Accumulated loss: 4.61, Precision: 10.16
	 Minibatch 12 / 391, loss: 2.43, 			Avg Accumulated loss: 4.43, Precision: 10.16
	 Minibatch 13 / 391, loss: 3.87, 			Avg Accumulated loss: 4.39, Precision: 8.59
	 Minibatch 14 / 391, loss: 2.94, 			Avg Accumulated loss: 4.28, Precision: 14.06
	 Minibatch 15 / 391, loss: 2.83, 			Avg Accumulated loss: 4.19, Precision: 13.28
	 Minibatch 16 / 391, loss: 2.57, 			Avg Accumulated loss: 4.08, Precision: 12.50
	 Minibatch 17 / 391, loss: 2.90, 			Avg Accumulated loss: 4.02, Precision: 14.06
	 Minibatch 18 / 391, loss: 2.22, 			Avg Accumulated loss: 3.92, Precision: 16.41
	 Minibatch 19 / 391, loss: 2.57, 			Avg Accumulated loss: 3.84, Precision: 10.16
	 Minibatch 20 / 391, loss: 2.79, 			Avg Accumulated loss: 3.79, Precision: 7.03
	 Minibatch 21 / 391, loss: 2.60, 			Avg Accumulated loss: 3.73, Precision: 10.16
	 Minibatch 22 / 391, loss: 2.44, 			Avg Accumulated loss: 3.68, Precision: 13.28
	 Minibatch 23 / 391, loss: 2.35, 			Avg Accumulated loss: 3.62, Precision: 11.72
	 Minibatch 24 / 391, loss: 2.83, 			Avg Accumulated loss: 3.59, Precision: 11.72
	 Minibatch 25 / 391, loss: 2.56, 			Avg Accumulated loss: 3.54, Precision: 17.97
	 Minibatch 26 / 391, loss: 2.68, 			Avg Accumulated loss: 3.51, Precision: 14.84
	 Minibatch 27 / 391, loss: 2.42, 			Avg Accumulated loss: 3.47, Precision: 15.62
	 Minibatch 28 / 391, loss: 2.59, 			Avg Accumulated loss: 3.44, Precision: 14.84
	 Minibatch 29 / 391, loss: 2.27, 			Avg Accumulated loss: 3.40, Precision: 19.53
	 Minibatch 30 / 391, loss: 2.43, 			Avg Accumulated loss: 3.37, Precision: 14.06
	 Minibatch 31 / 391, loss: 2.27, 			Avg Accumulated loss: 3.33, Precision: 14.06
	 Minibatch 32 / 391, loss: 2.56, 			Avg Accumulated loss: 3.31, Precision: 15.62
	 Minibatch 33 / 391, loss: 2.18, 			Avg Accumulated loss: 3.27, Precision: 15.62
	 Minibatch 34 / 391, loss: 2.26, 			Avg Accumulated loss: 3.24, Precision: 19.53
	 Minibatch 35 / 391, loss: 2.66, 			Avg Accumulated loss: 3.23, Precision: 12.50
	 Minibatch 36 / 391, loss: 2.31, 			Avg Accumulated loss: 3.20, Precision: 16.41
	 Minibatch 37 / 391, loss: 2.24, 			Avg Accumulated loss: 3.17, Precision: 17.19
	 Minibatch 38 / 391, loss: 2.12, 			Avg Accumulated loss: 3.15, Precision: 17.97
	 Minibatch 39 / 391, loss: 2.15, 			Avg Accumulated loss: 3.12, Precision: 19.53
	 Minibatch 40 / 391, loss: 2.50, 			Avg Accumulated loss: 3.11, Precision: 16.41
	 Minibatch 41 / 391, loss: 2.17, 			Avg Accumulated loss: 3.08, Precision: 24.22
	 Minibatch 42 / 391, loss: 2.19, 			Avg Accumulated loss: 3.06, Precision: 20.31
	 Minibatch 43 / 391, loss: 2.21, 			Avg Accumulated loss: 3.04, Precision: 21.88
	 Minibatch 44 / 391, loss: 2.18, 			Avg Accumulated loss: 3.02, Precision: 21.09
	 Minibatch 45 / 391, loss: 2.14, 			Avg Accumulated loss: 3.00, Precision: 21.09
	 Minibatch 46 / 391, loss: 2.03, 			Avg Accumulated loss: 2.98, Precision: 25.00
	 Minibatch 47 / 391, loss: 2.22, 			Avg Accumulated loss: 2.97, Precision: 22.66
	 Minibatch 48 / 391, loss: 2.18, 			Avg Accumulated loss: 2.95, Precision: 29.69
	 Minibatch 49 / 391, loss: 2.07, 			Avg Accumulated loss: 2.93, Precision: 23.44
	 Minibatch 50 / 391, loss: 2.04, 			Avg Accumulated loss: 2.91, Precision: 25.78
	 Minibatch 51 / 391, loss: 2.09, 			Avg Accumulated loss: 2.90, Precision: 20.31
	 Minibatch 52 / 391, loss: 2.11, 			Avg Accumulated loss: 2.88, Precision: 18.75
	 Minibatch 53 / 391, loss: 2.15, 			Avg Accumulated loss: 2.87, Precision: 20.31
	 Minibatch 54 / 391, loss: 2.34, 			Avg Accumulated loss: 2.86, Precision: 20.31
	 Minibatch 55 / 391, loss: 2.23, 			Avg Accumulated loss: 2.85, Precision: 18.75
	 Minibatch 56 / 391, loss: 2.34, 			Avg Accumulated loss: 2.84, Precision: 22.66
	 Minibatch 57 / 391, loss: 2.14, 			Avg Accumulated loss: 2.83, Precision: 16.41
	 Minibatch 58 / 391, loss: 2.29, 			Avg Accumulated loss: 2.82, Precision: 18.75
	 Minibatch 59 / 391, loss: 2.01, 			Avg Accumulated loss: 2.80, Precision: 20.31
	 Minibatch 60 / 391, loss: 2.15, 			Avg Accumulated loss: 2.79, Precision: 13.28
	 Minibatch 61 / 391, loss: 2.07, 			Avg Accumulated loss: 2.78, Precision: 23.44
	 Minibatch 62 / 391, loss: 2.23, 			Avg Accumulated loss: 2.77, Precision: 15.62
	 Minibatch 63 / 391, loss: 2.01, 			Avg Accumulated loss: 2.76, Precision: 25.00
	 Minibatch 64 / 391, loss: 2.32, 			Avg Accumulated loss: 2.75, Precision: 15.62
	 Minibatch 65 / 391, loss: 2.02, 			Avg Accumulated loss: 2.74, Precision: 21.88
	 Minibatch 66 / 391, loss: 2.09, 			Avg Accumulated loss: 2.73, Precision: 22.66
	 Minibatch 67 / 391, loss: 2.11, 			Avg Accumulated loss: 2.72, Precision: 21.88
	 Minibatch 68 / 391, loss: 2.08, 			Avg Accumulated loss: 2.71, Precision: 20.31
	 Minibatch 69 / 391, loss: 2.07, 			Avg Accumulated loss: 2.70, Precision: 32.03
	 Minibatch 70 / 391, loss: 2.03, 			Avg Accumulated loss: 2.69, Precision: 20.31
	 Minibatch 71 / 391, loss: 2.09, 			Avg Accumulated loss: 2.69, Precision: 21.09
	 Minibatch 72 / 391, loss: 2.26, 			Avg Accumulated loss: 2.68, Precision: 14.84
	 Minibatch 73 / 391, loss: 1.90, 			Avg Accumulated loss: 2.67, Precision: 25.78
	 Minibatch 74 / 391, loss: 1.99, 			Avg Accumulated loss: 2.66, Precision: 25.78
	 Minibatch 75 / 391, loss: 2.19, 			Avg Accumulated loss: 2.65, Precision: 21.09
	 Minibatch 76 / 391, loss: 2.01, 			Avg Accumulated loss: 2.64, Precision: 22.66
	 Minibatch 77 / 391, loss: 2.14, 			Avg Accumulated loss: 2.64, Precision: 20.31
	 Minibatch 78 / 391, loss: 2.03, 			Avg Accumulated loss: 2.63, Precision: 25.00
	 Minibatch 79 / 391, loss: 2.00, 			Avg Accumulated loss: 2.62, Precision: 26.56
	 Minibatch 80 / 391, loss: 2.21, 			Avg Accumulated loss: 2.62, Precision: 17.19
	 Minibatch 81 / 391, loss: 2.05, 			Avg Accumulated loss: 2.61, Precision: 26.56
	 Minibatch 82 / 391, loss: 1.98, 			Avg Accumulated loss: 2.60, Precision: 28.91
	 Minibatch 83 / 391, loss: 2.10, 			Avg Accumulated loss: 2.60, Precision: 21.88
	 Minibatch 84 / 391, loss: 1.95, 			Avg Accumulated loss: 2.59, Precision: 21.09
	 Minibatch 85 / 391, loss: 2.08, 			Avg Accumulated loss: 2.58, Precision: 20.31
	 Minibatch 86 / 391, loss: 1.94, 			Avg Accumulated loss: 2.58, Precision: 22.66
	 Minibatch 87 / 391, loss: 2.08, 			Avg Accumulated loss: 2.57, Precision: 21.88
	 Minibatch 88 / 391, loss: 2.05, 			Avg Accumulated loss: 2.56, Precision: 27.34
	 Minibatch 89 / 391, loss: 2.04, 			Avg Accumulated loss: 2.56, Precision: 15.62
	 Minibatch 90 / 391, loss: 2.08, 			Avg Accumulated loss: 2.55, Precision: 21.09
	 Minibatch 91 / 391, loss: 2.31, 			Avg Accumulated loss: 2.55, Precision: 12.50
	 Minibatch 92 / 391, loss: 2.08, 			Avg Accumulated loss: 2.54, Precision: 18.75
	 Minibatch 93 / 391, loss: 2.16, 			Avg Accumulated loss: 2.54, Precision: 25.00
	 Minibatch 94 / 391, loss: 2.02, 			Avg Accumulated loss: 2.54, Precision: 27.34
	 Minibatch 95 / 391, loss: 2.08, 			Avg Accumulated loss: 2.53, Precision: 18.75
	 Minibatch 96 / 391, loss: 2.11, 			Avg Accumulated loss: 2.53, Precision: 21.09
	 Minibatch 97 / 391, loss: 2.04, 			Avg Accumulated loss: 2.52, Precision: 27.34
	 Minibatch 98 / 391, loss: 2.10, 			Avg Accumulated loss: 2.52, Precision: 21.09
	 Minibatch 99 / 391, loss: 2.15, 			Avg Accumulated loss: 2.51, Precision: 21.09
	 Minibatch 100 / 391, loss: 2.06, 			Avg Accumulated loss: 2.51, Precision: 22.66
	 Minibatch 101 / 391, loss: 1.98, 			Avg Accumulated loss: 2.50, Precision: 21.88
	 Minibatch 102 / 391, loss: 2.07, 			Avg Accumulated loss: 2.50, Precision: 19.53
	 Minibatch 103 / 391, loss: 1.97, 			Avg Accumulated loss: 2.49, Precision: 20.31
	 Minibatch 104 / 391, loss: 2.05, 			Avg Accumulated loss: 2.49, Precision: 18.75
	 Minibatch 105 / 391, loss: 2.10, 			Avg Accumulated loss: 2.49, Precision: 22.66
	 Minibatch 106 / 391, loss: 2.36, 			Avg Accumulated loss: 2.48, Precision: 21.88
	 Minibatch 107 / 391, loss: 2.03, 			Avg Accumulated loss: 2.48, Precision: 23.44
	 Minibatch 108 / 391, loss: 2.08, 			Avg Accumulated loss: 2.48, Precision: 18.75
	 Minibatch 109 / 391, loss: 1.89, 			Avg Accumulated loss: 2.47, Precision: 36.72
	 Minibatch 110 / 391, loss: 2.11, 			Avg Accumulated loss: 2.47, Precision: 14.06
	 Minibatch 111 / 391, loss: 2.13, 			Avg Accumulated loss: 2.47, Precision: 18.75
	 Minibatch 112 / 391, loss: 2.07, 			Avg Accumulated loss: 2.46, Precision: 22.66
	 Minibatch 113 / 391, loss: 2.22, 			Avg Accumulated loss: 2.46, Precision: 18.75
	 Minibatch 114 / 391, loss: 2.04, 			Avg Accumulated loss: 2.46, Precision: 28.12
	 Minibatch 115 / 391, loss: 1.99, 			Avg Accumulated loss: 2.45, Precision: 26.56
	 Minibatch 116 / 391, loss: 1.94, 			Avg Accumulated loss: 2.45, Precision: 27.34
	 Minibatch 117 / 391, loss: 1.92, 			Avg Accumulated loss: 2.44, Precision: 21.09
	 Minibatch 118 / 391, loss: 2.17, 			Avg Accumulated loss: 2.44, Precision: 17.97
	 Minibatch 119 / 391, loss: 1.95, 			Avg Accumulated loss: 2.44, Precision: 28.12
	 Minibatch 120 / 391, loss: 1.97, 			Avg Accumulated loss: 2.43, Precision: 30.47
	 Minibatch 121 / 391, loss: 1.89, 			Avg Accumulated loss: 2.43, Precision: 24.22
	 Minibatch 122 / 391, loss: 2.07, 			Avg Accumulated loss: 2.42, Precision: 24.22
	 Minibatch 123 / 391, loss: 2.07, 			Avg Accumulated loss: 2.42, Precision: 25.78
	 Minibatch 124 / 391, loss: 1.92, 			Avg Accumulated loss: 2.42, Precision: 26.56
	 Minibatch 125 / 391, loss: 2.03, 			Avg Accumulated loss: 2.42, Precision: 20.31
	 Minibatch 126 / 391, loss: 1.98, 			Avg Accumulated loss: 2.41, Precision: 25.78
	 Minibatch 127 / 391, loss: 2.05, 			Avg Accumulated loss: 2.41, Precision: 17.97
	 Minibatch 128 / 391, loss: 1.95, 			Avg Accumulated loss: 2.41, Precision: 22.66
	 Minibatch 129 / 391, loss: 1.97, 			Avg Accumulated loss: 2.40, Precision: 26.56
	 Minibatch 130 / 391, loss: 2.06, 			Avg Accumulated loss: 2.40, Precision: 26.56
	 Minibatch 131 / 391, loss: 1.97, 			Avg Accumulated loss: 2.40, Precision: 28.91
	 Minibatch 132 / 391, loss: 2.15, 			Avg Accumulated loss: 2.39, Precision: 25.78
	 Minibatch 133 / 391, loss: 2.12, 			Avg Accumulated loss: 2.39, Precision: 27.34
	 Minibatch 134 / 391, loss: 1.98, 			Avg Accumulated loss: 2.39, Precision: 21.09
	 Minibatch 135 / 391, loss: 1.96, 			Avg Accumulated loss: 2.39, Precision: 26.56
	 Minibatch 136 / 391, loss: 1.88, 			Avg Accumulated loss: 2.38, Precision: 32.81
	 Minibatch 137 / 391, loss: 1.99, 			Avg Accumulated loss: 2.38, Precision: 26.56
	 Minibatch 138 / 391, loss: 1.94, 			Avg Accumulated loss: 2.38, Precision: 35.16
	 Minibatch 139 / 391, loss: 1.89, 			Avg Accumulated loss: 2.37, Precision: 26.56
	 Minibatch 140 / 391, loss: 2.03, 			Avg Accumulated loss: 2.37, Precision: 19.53
	 Minibatch 141 / 391, loss: 2.08, 			Avg Accumulated loss: 2.37, Precision: 24.22
	 Minibatch 142 / 391, loss: 1.97, 			Avg Accumulated loss: 2.37, Precision: 26.56
	 Minibatch 143 / 391, loss: 2.05, 			Avg Accumulated loss: 2.36, Precision: 21.09
	 Minibatch 144 / 391, loss: 1.98, 			Avg Accumulated loss: 2.36, Precision: 32.81
	 Minibatch 145 / 391, loss: 1.91, 			Avg Accumulated loss: 2.36, Precision: 26.56
	 Minibatch 146 / 391, loss: 1.97, 			Avg Accumulated loss: 2.35, Precision: 25.00
	 Minibatch 147 / 391, loss: 1.83, 			Avg Accumulated loss: 2.35, Precision: 36.72
	 Minibatch 148 / 391, loss: 1.91, 			Avg Accumulated loss: 2.35, Precision: 24.22
	 Minibatch 149 / 391, loss: 2.05, 			Avg Accumulated loss: 2.35, Precision: 24.22
	 Minibatch 150 / 391, loss: 2.04, 			Avg Accumulated loss: 2.34, Precision: 26.56
	 Minibatch 151 / 391, loss: 2.10, 			Avg Accumulated loss: 2.34, Precision: 27.34
	 Minibatch 152 / 391, loss: 1.90, 			Avg Accumulated loss: 2.34, Precision: 23.44
	 Minibatch 153 / 391, loss: 2.10, 			Avg Accumulated loss: 2.34, Precision: 27.34
	 Minibatch 154 / 391, loss: 2.03, 			Avg Accumulated loss: 2.34, Precision: 26.56
	 Minibatch 155 / 391, loss: 1.91, 			Avg Accumulated loss: 2.33, Precision: 27.34
	 Minibatch 156 / 391, loss: 1.88, 			Avg Accumulated loss: 2.33, Precision: 27.34
	 Minibatch 157 / 391, loss: 2.04, 			Avg Accumulated loss: 2.33, Precision: 32.03
	 Minibatch 158 / 391, loss: 1.99, 			Avg Accumulated loss: 2.33, Precision: 29.69
	 Minibatch 159 / 391, loss: 2.01, 			Avg Accumulated loss: 2.32, Precision: 25.00
	 Minibatch 160 / 391, loss: 1.97, 			Avg Accumulated loss: 2.32, Precision: 25.78
	 Minibatch 161 / 391, loss: 1.97, 			Avg Accumulated loss: 2.32, Precision: 24.22
	 Minibatch 162 / 391, loss: 2.00, 			Avg Accumulated loss: 2.32, Precision: 24.22
	 Minibatch 163 / 391, loss: 1.83, 			Avg Accumulated loss: 2.31, Precision: 32.81
	 Minibatch 164 / 391, loss: 1.90, 			Avg Accumulated loss: 2.31, Precision: 26.56
	 Minibatch 165 / 391, loss: 1.92, 			Avg Accumulated loss: 2.31, Precision: 32.81
	 Minibatch 166 / 391, loss: 2.00, 			Avg Accumulated loss: 2.31, Precision: 21.88
	 Minibatch 167 / 391, loss: 1.91, 			Avg Accumulated loss: 2.31, Precision: 25.00
	 Minibatch 168 / 391, loss: 1.86, 			Avg Accumulated loss: 2.30, Precision: 33.59
	 Minibatch 169 / 391, loss: 1.89, 			Avg Accumulated loss: 2.30, Precision: 28.91
	 Minibatch 170 / 391, loss: 2.11, 			Avg Accumulated loss: 2.30, Precision: 24.22
	 Minibatch 171 / 391, loss: 1.87, 			Avg Accumulated loss: 2.30, Precision: 31.25
	 Minibatch 172 / 391, loss: 1.95, 			Avg Accumulated loss: 2.29, Precision: 19.53
	 Minibatch 173 / 391, loss: 2.01, 			Avg Accumulated loss: 2.29, Precision: 23.44
	 Minibatch 174 / 391, loss: 1.86, 			Avg Accumulated loss: 2.29, Precision: 28.12
	 Minibatch 175 / 391, loss: 2.02, 			Avg Accumulated loss: 2.29, Precision: 25.00
	 Minibatch 176 / 391, loss: 1.96, 			Avg Accumulated loss: 2.29, Precision: 27.34
	 Minibatch 177 / 391, loss: 1.93, 			Avg Accumulated loss: 2.29, Precision: 29.69
	 Minibatch 178 / 391, loss: 1.93, 			Avg Accumulated loss: 2.28, Precision: 30.47
	 Minibatch 179 / 391, loss: 1.99, 			Avg Accumulated loss: 2.28, Precision: 26.56
	 Minibatch 180 / 391, loss: 1.95, 			Avg Accumulated loss: 2.28, Precision: 25.78
	 Minibatch 181 / 391, loss: 2.01, 			Avg Accumulated loss: 2.28, Precision: 25.78
	 Minibatch 182 / 391, loss: 1.96, 			Avg Accumulated loss: 2.28, Precision: 21.88
	 Minibatch 183 / 391, loss: 1.87, 			Avg Accumulated loss: 2.27, Precision: 29.69
	 Minibatch 184 / 391, loss: 1.94, 			Avg Accumulated loss: 2.27, Precision: 33.59
	 Minibatch 185 / 391, loss: 1.84, 			Avg Accumulated loss: 2.27, Precision: 31.25
	 Minibatch 186 / 391, loss: 1.82, 			Avg Accumulated loss: 2.27, Precision: 30.47
	 Minibatch 187 / 391, loss: 1.83, 			Avg Accumulated loss: 2.27, Precision: 26.56
	 Minibatch 188 / 391, loss: 1.89, 			Avg Accumulated loss: 2.26, Precision: 30.47
	 Minibatch 189 / 391, loss: 1.76, 			Avg Accumulated loss: 2.26, Precision: 32.81
	 Minibatch 190 / 391, loss: 1.92, 			Avg Accumulated loss: 2.26, Precision: 26.56
	 Minibatch 191 / 391, loss: 1.98, 			Avg Accumulated loss: 2.26, Precision: 25.78
	 Minibatch 192 / 391, loss: 1.83, 			Avg Accumulated loss: 2.26, Precision: 31.25
	 Minibatch 193 / 391, loss: 2.10, 			Avg Accumulated loss: 2.25, Precision: 21.88
	 Minibatch 194 / 391, loss: 1.85, 			Avg Accumulated loss: 2.25, Precision: 22.66
	 Minibatch 195 / 391, loss: 1.87, 			Avg Accumulated loss: 2.25, Precision: 27.34
	 Minibatch 196 / 391, loss: 1.87, 			Avg Accumulated loss: 2.25, Precision: 30.47
	 Minibatch 197 / 391, loss: 1.96, 			Avg Accumulated loss: 2.25, Precision: 23.44
	 Minibatch 198 / 391, loss: 1.84, 			Avg Accumulated loss: 2.25, Precision: 34.38
	 Minibatch 199 / 391, loss: 1.89, 			Avg Accumulated loss: 2.24, Precision: 26.56
	 Minibatch 200 / 391, loss: 1.85, 			Avg Accumulated loss: 2.24, Precision: 32.03
	 Minibatch 201 / 391, loss: 1.83, 			Avg Accumulated loss: 2.24, Precision: 31.25
	 Minibatch 202 / 391, loss: 1.93, 			Avg Accumulated loss: 2.24, Precision: 21.88
	 Minibatch 203 / 391, loss: 1.89, 			Avg Accumulated loss: 2.24, Precision: 25.00
	 Minibatch 204 / 391, loss: 1.82, 			Avg Accumulated loss: 2.23, Precision: 32.81
	 Minibatch 205 / 391, loss: 1.91, 			Avg Accumulated loss: 2.23, Precision: 29.69
	 Minibatch 206 / 391, loss: 1.77, 			Avg Accumulated loss: 2.23, Precision: 27.34
	 Minibatch 207 / 391, loss: 1.75, 			Avg Accumulated loss: 2.23, Precision: 35.16
	 Minibatch 208 / 391, loss: 1.76, 			Avg Accumulated loss: 2.23, Precision: 27.34
	 Minibatch 209 / 391, loss: 2.18, 			Avg Accumulated loss: 2.23, Precision: 25.00
	 Minibatch 210 / 391, loss: 2.03, 			Avg Accumulated loss: 2.22, Precision: 28.91
	 Minibatch 211 / 391, loss: 1.96, 			Avg Accumulated loss: 2.22, Precision: 33.59
	 Minibatch 212 / 391, loss: 1.87, 			Avg Accumulated loss: 2.22, Precision: 25.00
	 Minibatch 213 / 391, loss: 1.98, 			Avg Accumulated loss: 2.22, Precision: 21.88
	 Minibatch 214 / 391, loss: 1.83, 			Avg Accumulated loss: 2.22, Precision: 28.12
	 Minibatch 215 / 391, loss: 1.88, 			Avg Accumulated loss: 2.22, Precision: 25.78
	 Minibatch 216 / 391, loss: 1.96, 			Avg Accumulated loss: 2.22, Precision: 28.12
	 Minibatch 217 / 391, loss: 1.83, 			Avg Accumulated loss: 2.21, Precision: 36.72
	 Minibatch 218 / 391, loss: 1.83, 			Avg Accumulated loss: 2.21, Precision: 32.81
	 Minibatch 219 / 391, loss: 1.87, 			Avg Accumulated loss: 2.21, Precision: 33.59
	 Minibatch 220 / 391, loss: 2.04, 			Avg Accumulated loss: 2.21, Precision: 21.09
	 Minibatch 221 / 391, loss: 2.01, 			Avg Accumulated loss: 2.21, Precision: 25.78
	 Minibatch 222 / 391, loss: 1.73, 			Avg Accumulated loss: 2.21, Precision: 30.47
	 Minibatch 223 / 391, loss: 1.89, 			Avg Accumulated loss: 2.21, Precision: 26.56
	 Minibatch 224 / 391, loss: 1.80, 			Avg Accumulated loss: 2.20, Precision: 38.28
	 Minibatch 225 / 391, loss: 1.64, 			Avg Accumulated loss: 2.20, Precision: 37.50
	 Minibatch 226 / 391, loss: 1.89, 			Avg Accumulated loss: 2.20, Precision: 31.25
	 Minibatch 227 / 391, loss: 1.89, 			Avg Accumulated loss: 2.20, Precision: 24.22
	 Minibatch 228 / 391, loss: 1.89, 			Avg Accumulated loss: 2.20, Precision: 28.12
	 Minibatch 229 / 391, loss: 1.84, 			Avg Accumulated loss: 2.20, Precision: 32.81
	 Minibatch 230 / 391, loss: 1.74, 			Avg Accumulated loss: 2.19, Precision: 24.22
	 Minibatch 231 / 391, loss: 1.89, 			Avg Accumulated loss: 2.19, Precision: 26.56
	 Minibatch 232 / 391, loss: 1.80, 			Avg Accumulated loss: 2.19, Precision: 29.69
	 Minibatch 233 / 391, loss: 1.79, 			Avg Accumulated loss: 2.19, Precision: 34.38
	 Minibatch 234 / 391, loss: 1.76, 			Avg Accumulated loss: 2.19, Precision: 35.16
	 Minibatch 235 / 391, loss: 1.93, 			Avg Accumulated loss: 2.19, Precision: 30.47
	 Minibatch 236 / 391, loss: 1.82, 			Avg Accumulated loss: 2.18, Precision: 32.03
	 Minibatch 237 / 391, loss: 1.80, 			Avg Accumulated loss: 2.18, Precision: 26.56
	 Minibatch 238 / 391, loss: 1.71, 			Avg Accumulated loss: 2.18, Precision: 41.41
	 Minibatch 239 / 391, loss: 1.82, 			Avg Accumulated loss: 2.18, Precision: 32.81
	 Minibatch 240 / 391, loss: 1.86, 			Avg Accumulated loss: 2.18, Precision: 29.69
	 Minibatch 241 / 391, loss: 1.85, 			Avg Accumulated loss: 2.18, Precision: 30.47
	 Minibatch 242 / 391, loss: 1.80, 			Avg Accumulated loss: 2.17, Precision: 33.59
	 Minibatch 243 / 391, loss: 1.82, 			Avg Accumulated loss: 2.17, Precision: 32.03
	 Minibatch 244 / 391, loss: 1.78, 			Avg Accumulated loss: 2.17, Precision: 35.16
	 Minibatch 245 / 391, loss: 1.76, 			Avg Accumulated loss: 2.17, Precision: 41.41
	 Minibatch 246 / 391, loss: 1.88, 			Avg Accumulated loss: 2.17, Precision: 32.03
	 Minibatch 247 / 391, loss: 1.83, 			Avg Accumulated loss: 2.17, Precision: 33.59
	 Minibatch 248 / 391, loss: 1.78, 			Avg Accumulated loss: 2.17, Precision: 27.34
	 Minibatch 249 / 391, loss: 1.87, 			Avg Accumulated loss: 2.16, Precision: 28.91
	 Minibatch 250 / 391, loss: 1.80, 			Avg Accumulated loss: 2.16, Precision: 34.38
	 Minibatch 251 / 391, loss: 1.70, 			Avg Accumulated loss: 2.16, Precision: 35.94
	 Minibatch 252 / 391, loss: 1.67, 			Avg Accumulated loss: 2.16, Precision: 36.72
	 Minibatch 253 / 391, loss: 1.74, 			Avg Accumulated loss: 2.16, Precision: 35.16
	 Minibatch 254 / 391, loss: 1.76, 			Avg Accumulated loss: 2.16, Precision: 35.94
	 Minibatch 255 / 391, loss: 1.77, 			Avg Accumulated loss: 2.15, Precision: 32.81
	 Minibatch 256 / 391, loss: 1.82, 			Avg Accumulated loss: 2.15, Precision: 32.03
	 Minibatch 257 / 391, loss: 1.67, 			Avg Accumulated loss: 2.15, Precision: 39.84
	 Minibatch 258 / 391, loss: 1.86, 			Avg Accumulated loss: 2.15, Precision: 29.69
	 Minibatch 259 / 391, loss: 1.77, 			Avg Accumulated loss: 2.15, Precision: 32.81
	 Minibatch 260 / 391, loss: 1.75, 			Avg Accumulated loss: 2.15, Precision: 39.06
	 Minibatch 261 / 391, loss: 1.69, 			Avg Accumulated loss: 2.15, Precision: 40.62
	 Minibatch 262 / 391, loss: 1.60, 			Avg Accumulated loss: 2.14, Precision: 39.84
	 Minibatch 263 / 391, loss: 1.71, 			Avg Accumulated loss: 2.14, Precision: 32.03
	 Minibatch 264 / 391, loss: 1.76, 			Avg Accumulated loss: 2.14, Precision: 26.56
	 Minibatch 265 / 391, loss: 1.80, 			Avg Accumulated loss: 2.14, Precision: 39.84
	 Minibatch 266 / 391, loss: 1.78, 			Avg Accumulated loss: 2.14, Precision: 30.47
	 Minibatch 267 / 391, loss: 1.87, 			Avg Accumulated loss: 2.14, Precision: 29.69
	 Minibatch 268 / 391, loss: 1.83, 			Avg Accumulated loss: 2.14, Precision: 31.25
	 Minibatch 269 / 391, loss: 1.76, 			Avg Accumulated loss: 2.13, Precision: 30.47
	 Minibatch 270 / 391, loss: 1.84, 			Avg Accumulated loss: 2.13, Precision: 29.69
	 Minibatch 271 / 391, loss: 1.85, 			Avg Accumulated loss: 2.13, Precision: 31.25
	 Minibatch 272 / 391, loss: 1.80, 			Avg Accumulated loss: 2.13, Precision: 41.41
	 Minibatch 273 / 391, loss: 1.85, 			Avg Accumulated loss: 2.13, Precision: 29.69
	 Minibatch 274 / 391, loss: 1.75, 			Avg Accumulated loss: 2.13, Precision: 24.22
	 Minibatch 275 / 391, loss: 1.78, 			Avg Accumulated loss: 2.13, Precision: 33.59
	 Minibatch 276 / 391, loss: 1.82, 			Avg Accumulated loss: 2.13, Precision: 28.91
	 Minibatch 277 / 391, loss: 1.77, 			Avg Accumulated loss: 2.13, Precision: 35.94
	 Minibatch 278 / 391, loss: 1.71, 			Avg Accumulated loss: 2.12, Precision: 39.84
	 Minibatch 279 / 391, loss: 1.84, 			Avg Accumulated loss: 2.12, Precision: 27.34
	 Minibatch 280 / 391, loss: 1.67, 			Avg Accumulated loss: 2.12, Precision: 37.50
	 Minibatch 281 / 391, loss: 1.68, 			Avg Accumulated loss: 2.12, Precision: 42.19
	 Minibatch 282 / 391, loss: 1.62, 			Avg Accumulated loss: 2.12, Precision: 46.88
	 Minibatch 283 / 391, loss: 1.82, 			Avg Accumulated loss: 2.12, Precision: 34.38
	 Minibatch 284 / 391, loss: 1.75, 			Avg Accumulated loss: 2.12, Precision: 33.59
	 Minibatch 285 / 391, loss: 1.74, 			Avg Accumulated loss: 2.11, Precision: 35.94
	 Minibatch 286 / 391, loss: 1.77, 			Avg Accumulated loss: 2.11, Precision: 33.59
	 Minibatch 287 / 391, loss: 1.75, 			Avg Accumulated loss: 2.11, Precision: 37.50
	 Minibatch 288 / 391, loss: 1.72, 			Avg Accumulated loss: 2.11, Precision: 39.06
	 Minibatch 289 / 391, loss: 1.69, 			Avg Accumulated loss: 2.11, Precision: 34.38
	 Minibatch 290 / 391, loss: 1.72, 			Avg Accumulated loss: 2.11, Precision: 35.94
	 Minibatch 291 / 391, loss: 1.78, 			Avg Accumulated loss: 2.11, Precision: 36.72
	 Minibatch 292 / 391, loss: 1.85, 			Avg Accumulated loss: 2.11, Precision: 31.25
	 Minibatch 293 / 391, loss: 1.77, 			Avg Accumulated loss: 2.10, Precision: 36.72
	 Minibatch 294 / 391, loss: 1.94, 			Avg Accumulated loss: 2.10, Precision: 24.22
	 Minibatch 295 / 391, loss: 1.84, 			Avg Accumulated loss: 2.10, Precision: 28.91
	 Minibatch 296 / 391, loss: 1.85, 			Avg Accumulated loss: 2.10, Precision: 27.34
	 Minibatch 297 / 391, loss: 1.99, 			Avg Accumulated loss: 2.10, Precision: 22.66
	 Minibatch 298 / 391, loss: 1.91, 			Avg Accumulated loss: 2.10, Precision: 29.69
	 Minibatch 299 / 391, loss: 1.87, 			Avg Accumulated loss: 2.10, Precision: 37.50
	 Minibatch 300 / 391, loss: 1.79, 			Avg Accumulated loss: 2.10, Precision: 38.28
	 Minibatch 301 / 391, loss: 1.97, 			Avg Accumulated loss: 2.10, Precision: 28.12
	 Minibatch 302 / 391, loss: 1.90, 			Avg Accumulated loss: 2.10, Precision: 27.34
	 Minibatch 303 / 391, loss: 1.71, 			Avg Accumulated loss: 2.10, Precision: 35.94
	 Minibatch 304 / 391, loss: 1.79, 			Avg Accumulated loss: 2.10, Precision: 31.25
	 Minibatch 305 / 391, loss: 1.84, 			Avg Accumulated loss: 2.09, Precision: 26.56
	 Minibatch 306 / 391, loss: 1.86, 			Avg Accumulated loss: 2.09, Precision: 28.91
	 Minibatch 307 / 391, loss: 1.82, 			Avg Accumulated loss: 2.09, Precision: 25.78
	 Minibatch 308 / 391, loss: 1.69, 			Avg Accumulated loss: 2.09, Precision: 36.72
	 Minibatch 309 / 391, loss: 1.88, 			Avg Accumulated loss: 2.09, Precision: 34.38
	 Minibatch 310 / 391, loss: 1.90, 			Avg Accumulated loss: 2.09, Precision: 32.81
	 Minibatch 311 / 391, loss: 1.77, 			Avg Accumulated loss: 2.09, Precision: 28.91
	 Minibatch 312 / 391, loss: 1.87, 			Avg Accumulated loss: 2.09, Precision: 31.25
	 Minibatch 313 / 391, loss: 1.82, 			Avg Accumulated loss: 2.09, Precision: 25.78
	 Minibatch 314 / 391, loss: 1.80, 			Avg Accumulated loss: 2.09, Precision: 27.34
	 Minibatch 315 / 391, loss: 1.92, 			Avg Accumulated loss: 2.09, Precision: 28.12
	 Minibatch 316 / 391, loss: 1.86, 			Avg Accumulated loss: 2.09, Precision: 28.91
	 Minibatch 317 / 391, loss: 1.78, 			Avg Accumulated loss: 2.08, Precision: 32.81
	 Minibatch 318 / 391, loss: 1.86, 			Avg Accumulated loss: 2.08, Precision: 29.69
	 Minibatch 319 / 391, loss: 1.75, 			Avg Accumulated loss: 2.08, Precision: 32.81
	 Minibatch 320 / 391, loss: 1.73, 			Avg Accumulated loss: 2.08, Precision: 28.12
	 Minibatch 321 / 391, loss: 1.79, 			Avg Accumulated loss: 2.08, Precision: 32.03
	 Minibatch 322 / 391, loss: 1.67, 			Avg Accumulated loss: 2.08, Precision: 42.19
	 Minibatch 323 / 391, loss: 2.01, 			Avg Accumulated loss: 2.08, Precision: 22.66
	 Minibatch 324 / 391, loss: 1.70, 			Avg Accumulated loss: 2.08, Precision: 32.81
	 Minibatch 325 / 391, loss: 1.69, 			Avg Accumulated loss: 2.08, Precision: 27.34
	 Minibatch 326 / 391, loss: 1.77, 			Avg Accumulated loss: 2.08, Precision: 32.81
	 Minibatch 327 / 391, loss: 1.80, 			Avg Accumulated loss: 2.08, Precision: 32.03
	 Minibatch 328 / 391, loss: 1.63, 			Avg Accumulated loss: 2.07, Precision: 44.53
	 Minibatch 329 / 391, loss: 1.69, 			Avg Accumulated loss: 2.07, Precision: 35.94
	 Minibatch 330 / 391, loss: 1.71, 			Avg Accumulated loss: 2.07, Precision: 34.38
	 Minibatch 331 / 391, loss: 1.78, 			Avg Accumulated loss: 2.07, Precision: 32.81
	 Minibatch 332 / 391, loss: 1.73, 			Avg Accumulated loss: 2.07, Precision: 38.28
	 Minibatch 333 / 391, loss: 1.79, 			Avg Accumulated loss: 2.07, Precision: 36.72
	 Minibatch 334 / 391, loss: 1.77, 			Avg Accumulated loss: 2.07, Precision: 32.81
	 Minibatch 335 / 391, loss: 1.84, 			Avg Accumulated loss: 2.07, Precision: 32.81
	 Minibatch 336 / 391, loss: 1.82, 			Avg Accumulated loss: 2.07, Precision: 35.16
	 Minibatch 337 / 391, loss: 1.74, 			Avg Accumulated loss: 2.07, Precision: 35.94
	 Minibatch 338 / 391, loss: 1.70, 			Avg Accumulated loss: 2.06, Precision: 29.69
	 Minibatch 339 / 391, loss: 1.81, 			Avg Accumulated loss: 2.06, Precision: 33.59
	 Minibatch 340 / 391, loss: 1.81, 			Avg Accumulated loss: 2.06, Precision: 27.34
	 Minibatch 341 / 391, loss: 1.68, 			Avg Accumulated loss: 2.06, Precision: 38.28
	 Minibatch 342 / 391, loss: 1.67, 			Avg Accumulated loss: 2.06, Precision: 39.84
	 Minibatch 343 / 391, loss: 1.64, 			Avg Accumulated loss: 2.06, Precision: 39.84
	 Minibatch 344 / 391, loss: 1.67, 			Avg Accumulated loss: 2.06, Precision: 38.28
	 Minibatch 345 / 391, loss: 1.56, 			Avg Accumulated loss: 2.06, Precision: 42.97
	 Minibatch 346 / 391, loss: 1.71, 			Avg Accumulated loss: 2.06, Precision: 37.50
	 Minibatch 347 / 391, loss: 1.85, 			Avg Accumulated loss: 2.06, Precision: 27.34
	 Minibatch 348 / 391, loss: 1.67, 			Avg Accumulated loss: 2.05, Precision: 28.91
	 Minibatch 349 / 391, loss: 1.79, 			Avg Accumulated loss: 2.05, Precision: 27.34
	 Minibatch 350 / 391, loss: 1.75, 			Avg Accumulated loss: 2.05, Precision: 34.38
	 Minibatch 351 / 391, loss: 1.80, 			Avg Accumulated loss: 2.05, Precision: 39.06
	 Minibatch 352 / 391, loss: 1.63, 			Avg Accumulated loss: 2.05, Precision: 40.62
	 Minibatch 353 / 391, loss: 1.70, 			Avg Accumulated loss: 2.05, Precision: 36.72
	 Minibatch 354 / 391, loss: 1.64, 			Avg Accumulated loss: 2.05, Precision: 33.59
	 Minibatch 355 / 391, loss: 1.64, 			Avg Accumulated loss: 2.05, Precision: 48.44
	 Minibatch 356 / 391, loss: 1.70, 			Avg Accumulated loss: 2.05, Precision: 31.25
	 Minibatch 357 / 391, loss: 1.86, 			Avg Accumulated loss: 2.05, Precision: 32.81
	 Minibatch 358 / 391, loss: 1.75, 			Avg Accumulated loss: 2.05, Precision: 37.50
	 Minibatch 359 / 391, loss: 1.60, 			Avg Accumulated loss: 2.04, Precision: 42.97
	 Minibatch 360 / 391, loss: 1.70, 			Avg Accumulated loss: 2.04, Precision: 36.72
	 Minibatch 361 / 391, loss: 1.73, 			Avg Accumulated loss: 2.04, Precision: 35.16
	 Minibatch 362 / 391, loss: 1.56, 			Avg Accumulated loss: 2.04, Precision: 44.53
	 Minibatch 363 / 391, loss: 1.65, 			Avg Accumulated loss: 2.04, Precision: 37.50
	 Minibatch 364 / 391, loss: 1.68, 			Avg Accumulated loss: 2.04, Precision: 34.38
	 Minibatch 365 / 391, loss: 1.75, 			Avg Accumulated loss: 2.04, Precision: 36.72
	 Minibatch 366 / 391, loss: 1.69, 			Avg Accumulated loss: 2.04, Precision: 44.53
	 Minibatch 367 / 391, loss: 1.70, 			Avg Accumulated loss: 2.04, Precision: 36.72
	 Minibatch 368 / 391, loss: 1.52, 			Avg Accumulated loss: 2.03, Precision: 44.53
	 Minibatch 369 / 391, loss: 1.72, 			Avg Accumulated loss: 2.03, Precision: 31.25
	 Minibatch 370 / 391, loss: 1.57, 			Avg Accumulated loss: 2.03, Precision: 45.31
	 Minibatch 371 / 391, loss: 1.68, 			Avg Accumulated loss: 2.03, Precision: 39.06
	 Minibatch 372 / 391, loss: 1.77, 			Avg Accumulated loss: 2.03, Precision: 32.81
	 Minibatch 373 / 391, loss: 1.74, 			Avg Accumulated loss: 2.03, Precision: 32.03
	 Minibatch 374 / 391, loss: 1.63, 			Avg Accumulated loss: 2.03, Precision: 34.38
	 Minibatch 375 / 391, loss: 1.70, 			Avg Accumulated loss: 2.03, Precision: 35.16
	 Minibatch 376 / 391, loss: 1.63, 			Avg Accumulated loss: 2.03, Precision: 39.06
	 Minibatch 377 / 391, loss: 1.66, 			Avg Accumulated loss: 2.03, Precision: 41.41
	 Minibatch 378 / 391, loss: 1.76, 			Avg Accumulated loss: 2.03, Precision: 35.16
	 Minibatch 379 / 391, loss: 1.65, 			Avg Accumulated loss: 2.02, Precision: 42.19
	 Minibatch 380 / 391, loss: 1.82, 			Avg Accumulated loss: 2.02, Precision: 33.59
	 Minibatch 381 / 391, loss: 1.63, 			Avg Accumulated loss: 2.02, Precision: 32.03
	 Minibatch 382 / 391, loss: 1.61, 			Avg Accumulated loss: 2.02, Precision: 34.38
	 Minibatch 383 / 391, loss: 1.68, 			Avg Accumulated loss: 2.02, Precision: 35.94
	 Minibatch 384 / 391, loss: 1.75, 			Avg Accumulated loss: 2.02, Precision: 35.16
	 Minibatch 385 / 391, loss: 1.63, 			Avg Accumulated loss: 2.02, Precision: 40.62
	 Minibatch 386 / 391, loss: 1.79, 			Avg Accumulated loss: 2.02, Precision: 37.50
	 Minibatch 387 / 391, loss: 1.58, 			Avg Accumulated loss: 2.02, Precision: 39.84
	 Minibatch 388 / 391, loss: 1.66, 			Avg Accumulated loss: 2.02, Precision: 38.28
	 Minibatch 389 / 391, loss: 1.69, 			Avg Accumulated loss: 2.02, Precision: 38.28
	 Minibatch 390 / 391, loss: 1.69, 			Avg Accumulated loss: 2.01, Precision: 35.16
	 Minibatch 391 / 391, loss: 1.62, 			Avg Accumulated loss: 2.01, Precision: 35.00

Aggregates: 				 DataLoader Time: 0.6268 				 Mini-batch Time:28.0706 				 Training Epoch Time:162.1839
 			Averages: 				 Training Loss: 2.0140
	 Testing precision@1: 39.7800 

slurmstepd: error: *** JOB 310527 ON vine3 CANCELLED AT 2019-10-27T14:26:21 ***
