model name	: Intel(R) Xeon(R) CPU E5-2609 v3 @ 1.90GHz
Sun Oct 27 17:30:01 2019       
+-----------------------------------------------------------------------------+
| NVIDIA-SMI 418.74       Driver Version: 418.74       CUDA Version: 10.1     |
|-------------------------------+----------------------+----------------------+
| GPU  Name        Persistence-M| Bus-Id        Disp.A | Volatile Uncorr. ECC |
| Fan  Temp  Perf  Pwr:Usage/Cap|         Memory-Usage | GPU-Util  Compute M. |
|===============================+======================+======================|
|   0  GeForce GTX TIT...  On   | 00000000:02:00.0 Off |                  N/A |
| 22%   37C    P2    70W / 250W |    588MiB / 12212MiB |      7%      Default |
+-------------------------------+----------------------+----------------------+
                                                                               
+-----------------------------------------------------------------------------+
| Processes:                                                       GPU Memory |
|  GPU       PID   Type   Process name                             Usage      |
|=============================================================================|
|    0      3276      C   python3                                      576MiB |
+-----------------------------------------------------------------------------+
Files already downloaded and verified
Files already downloaded and verified

Epoch: 0
Loss: 2.398 | Precision@1: 15.625% (20/128)
Loss: 2.701 | Precision@1: 12.500% (32/256)
Loss: 3.245 | Precision@1: 13.281% (51/384)
Loss: 3.408 | Precision@1: 13.086% (67/512)
Loss: 3.531 | Precision@1: 12.344% (79/640)
Loss: 3.555 | Precision@1: 13.802% (106/768)
Loss: 3.833 | Precision@1: 14.621% (131/896)
Loss: 3.779 | Precision@1: 13.672% (140/1024)
Loss: 3.968 | Precision@1: 13.628% (157/1152)
Loss: 3.943 | Precision@1: 13.828% (177/1280)
Loss: 3.984 | Precision@1: 13.778% (194/1408)
Loss: 3.969 | Precision@1: 13.867% (213/1536)
Loss: 4.079 | Precision@1: 13.942% (232/1664)
Loss: 4.085 | Precision@1: 13.728% (246/1792)
Loss: 4.076 | Precision@1: 13.594% (261/1920)
Loss: 4.088 | Precision@1: 13.086% (268/2048)
Loss: 4.065 | Precision@1: 12.914% (281/2176)
Loss: 4.049 | Precision@1: 13.021% (300/2304)
Loss: 4.070 | Precision@1: 12.788% (311/2432)
Loss: 4.010 | Precision@1: 12.891% (330/2560)
Loss: 3.949 | Precision@1: 12.723% (342/2688)
Loss: 3.929 | Precision@1: 12.642% (356/2816)
Loss: 3.886 | Precision@1: 12.602% (371/2944)
Loss: 3.844 | Precision@1: 12.728% (391/3072)
Loss: 3.792 | Precision@1: 12.969% (415/3200)
Loss: 3.744 | Precision@1: 13.101% (436/3328)
Loss: 3.713 | Precision@1: 13.194% (456/3456)
Loss: 3.671 | Precision@1: 13.058% (468/3584)
Loss: 3.623 | Precision@1: 13.362% (496/3712)
Loss: 3.598 | Precision@1: 13.385% (514/3840)
Loss: 3.564 | Precision@1: 13.458% (534/3968)
Loss: 3.524 | Precision@1: 13.525% (554/4096)
Loss: 3.485 | Precision@1: 13.755% (581/4224)
Loss: 3.450 | Precision@1: 13.787% (600/4352)
Loss: 3.413 | Precision@1: 14.062% (630/4480)
Loss: 3.386 | Precision@1: 14.258% (657/4608)
Loss: 3.356 | Precision@1: 14.485% (686/4736)
Loss: 3.325 | Precision@1: 14.638% (712/4864)
Loss: 3.297 | Precision@1: 14.784% (738/4992)
Loss: 3.267 | Precision@1: 14.961% (766/5120)
Loss: 3.242 | Precision@1: 15.053% (790/5248)
Loss: 3.217 | Precision@1: 15.197% (817/5376)
Loss: 3.195 | Precision@1: 15.207% (837/5504)
Loss: 3.174 | Precision@1: 15.110% (851/5632)
Loss: 3.152 | Precision@1: 15.226% (877/5760)
Loss: 3.133 | Precision@1: 15.166% (893/5888)
Loss: 3.112 | Precision@1: 15.209% (915/6016)
Loss: 3.093 | Precision@1: 15.283% (939/6144)
Loss: 3.076 | Precision@1: 15.290% (959/6272)
Loss: 3.059 | Precision@1: 15.453% (989/6400)
Loss: 3.043 | Precision@1: 15.472% (1010/6528)
Loss: 3.026 | Precision@1: 15.580% (1037/6656)
Loss: 3.009 | Precision@1: 15.654% (1062/6784)
Loss: 2.991 | Precision@1: 15.741% (1088/6912)
Loss: 2.974 | Precision@1: 15.994% (1126/7040)
Loss: 2.962 | Precision@1: 15.960% (1144/7168)
Loss: 2.949 | Precision@1: 16.064% (1172/7296)
Loss: 2.936 | Precision@1: 16.043% (1191/7424)
Loss: 2.922 | Precision@1: 16.102% (1216/7552)
Loss: 2.908 | Precision@1: 16.159% (1241/7680)
Loss: 2.894 | Precision@1: 16.278% (1271/7808)
Loss: 2.882 | Precision@1: 16.368% (1299/7936)
Loss: 2.871 | Precision@1: 16.406% (1323/8064)
Loss: 2.859 | Precision@1: 16.553% (1356/8192)
Loss: 2.848 | Precision@1: 16.587% (1380/8320)
Loss: 2.837 | Precision@1: 16.679% (1409/8448)
Loss: 2.826 | Precision@1: 16.721% (1434/8576)
Loss: 2.815 | Precision@1: 16.843% (1466/8704)
Loss: 2.805 | Precision@1: 16.848% (1488/8832)
Loss: 2.795 | Precision@1: 16.897% (1514/8960)
Loss: 2.786 | Precision@1: 16.923% (1538/9088)
Loss: 2.775 | Precision@1: 17.014% (1568/9216)
Loss: 2.765 | Precision@1: 17.059% (1594/9344)
Loss: 2.756 | Precision@1: 17.177% (1627/9472)
Loss: 2.746 | Precision@1: 17.240% (1655/9600)
Loss: 2.738 | Precision@1: 17.331% (1686/9728)
Loss: 2.728 | Precision@1: 17.482% (1723/9856)
Loss: 2.719 | Precision@1: 17.528% (1750/9984)
Loss: 2.712 | Precision@1: 17.544% (1774/10112)
Loss: 2.705 | Precision@1: 17.598% (1802/10240)
Loss: 2.698 | Precision@1: 17.641% (1829/10368)
Loss: 2.691 | Precision@1: 17.683% (1856/10496)
Loss: 2.683 | Precision@1: 17.639% (1874/10624)
Loss: 2.676 | Precision@1: 17.727% (1906/10752)
Loss: 2.670 | Precision@1: 17.748% (1931/10880)
Loss: 2.664 | Precision@1: 17.778% (1957/11008)
Loss: 2.657 | Precision@1: 17.807% (1983/11136)
Loss: 2.652 | Precision@1: 17.765% (2001/11264)
Loss: 2.646 | Precision@1: 17.732% (2020/11392)
Loss: 2.640 | Precision@1: 17.700% (2039/11520)
Loss: 2.634 | Precision@1: 17.685% (2060/11648)
Loss: 2.629 | Precision@1: 17.697% (2084/11776)
Loss: 2.623 | Precision@1: 17.750% (2113/11904)
Loss: 2.618 | Precision@1: 17.761% (2137/12032)
Loss: 2.612 | Precision@1: 17.845% (2170/12160)
Loss: 2.607 | Precision@1: 17.944% (2205/12288)
Loss: 2.601 | Precision@1: 18.025% (2238/12416)
Loss: 2.596 | Precision@1: 18.072% (2267/12544)
Loss: 2.590 | Precision@1: 18.119% (2296/12672)
Loss: 2.585 | Precision@1: 18.172% (2326/12800)
Loss: 2.579 | Precision@1: 18.286% (2364/12928)
Loss: 2.574 | Precision@1: 18.321% (2392/13056)
Loss: 2.569 | Precision@1: 18.431% (2430/13184)
Loss: 2.565 | Precision@1: 18.465% (2458/13312)
Loss: 2.559 | Precision@1: 18.497% (2486/13440)
Loss: 2.555 | Precision@1: 18.536% (2515/13568)
Loss: 2.550 | Precision@1: 18.546% (2540/13696)
Loss: 2.544 | Precision@1: 18.649% (2578/13824)
Loss: 2.539 | Precision@1: 18.700% (2609/13952)
Loss: 2.535 | Precision@1: 18.743% (2639/14080)
Loss: 2.530 | Precision@1: 18.792% (2670/14208)
Loss: 2.526 | Precision@1: 18.890% (2708/14336)
Loss: 2.520 | Precision@1: 18.985% (2746/14464)
Loss: 2.515 | Precision@1: 19.065% (2782/14592)
Loss: 2.511 | Precision@1: 19.130% (2816/14720)
Loss: 2.506 | Precision@1: 19.208% (2852/14848)
Loss: 2.502 | Precision@1: 19.278% (2887/14976)
Loss: 2.498 | Precision@1: 19.266% (2910/15104)
Loss: 2.494 | Precision@1: 19.308% (2941/15232)
Loss: 2.491 | Precision@1: 19.316% (2967/15360)
Loss: 2.488 | Precision@1: 19.363% (2999/15488)
Loss: 2.484 | Precision@1: 19.384% (3027/15616)
Loss: 2.480 | Precision@1: 19.430% (3059/15744)
Loss: 2.477 | Precision@1: 19.481% (3092/15872)
Loss: 2.473 | Precision@1: 19.506% (3121/16000)
Loss: 2.469 | Precision@1: 19.568% (3156/16128)
Loss: 2.465 | Precision@1: 19.654% (3195/16256)
Loss: 2.461 | Precision@1: 19.635% (3217/16384)
Loss: 2.458 | Precision@1: 19.652% (3245/16512)
Loss: 2.454 | Precision@1: 19.669% (3273/16640)
Loss: 2.450 | Precision@1: 19.746% (3311/16768)
Loss: 2.447 | Precision@1: 19.750% (3337/16896)
Loss: 2.443 | Precision@1: 19.813% (3373/17024)
Loss: 2.439 | Precision@1: 19.875% (3409/17152)
Loss: 2.435 | Precision@1: 19.919% (3442/17280)
Loss: 2.433 | Precision@1: 19.974% (3477/17408)
Loss: 2.430 | Precision@1: 19.993% (3506/17536)
Loss: 2.427 | Precision@1: 20.075% (3546/17664)
Loss: 2.424 | Precision@1: 20.121% (3580/17792)
Loss: 2.421 | Precision@1: 20.106% (3603/17920)
Loss: 2.417 | Precision@1: 20.146% (3636/18048)
Loss: 2.414 | Precision@1: 20.202% (3672/18176)
Loss: 2.411 | Precision@1: 20.280% (3712/18304)
Loss: 2.407 | Precision@1: 20.329% (3747/18432)
Loss: 2.405 | Precision@1: 20.334% (3774/18560)
Loss: 2.401 | Precision@1: 20.414% (3815/18688)
Loss: 2.397 | Precision@1: 20.440% (3846/18816)
Loss: 2.394 | Precision@1: 20.529% (3889/18944)
Loss: 2.390 | Precision@1: 20.575% (3924/19072)
Loss: 2.387 | Precision@1: 20.620% (3959/19200)
Loss: 2.383 | Precision@1: 20.685% (3998/19328)
Loss: 2.381 | Precision@1: 20.729% (4033/19456)
Loss: 2.377 | Precision@1: 20.792% (4072/19584)
Loss: 2.374 | Precision@1: 20.830% (4106/19712)
Loss: 2.371 | Precision@1: 20.862% (4139/19840)
Loss: 2.368 | Precision@1: 20.908% (4175/19968)
Loss: 2.366 | Precision@1: 20.915% (4203/20096)
Loss: 2.363 | Precision@1: 21.005% (4248/20224)
Loss: 2.360 | Precision@1: 21.104% (4295/20352)
Loss: 2.358 | Precision@1: 21.099% (4321/20480)
Loss: 2.356 | Precision@1: 21.128% (4354/20608)
Loss: 2.354 | Precision@1: 21.152% (4386/20736)
Loss: 2.351 | Precision@1: 21.223% (4428/20864)
Loss: 2.348 | Precision@1: 21.265% (4464/20992)
Loss: 2.346 | Precision@1: 21.283% (4495/21120)
Loss: 2.345 | Precision@1: 21.291% (4524/21248)
Loss: 2.341 | Precision@1: 21.356% (4565/21376)
Loss: 2.339 | Precision@1: 21.429% (4608/21504)
Loss: 2.336 | Precision@1: 21.464% (4643/21632)
Loss: 2.334 | Precision@1: 21.521% (4683/21760)
Loss: 2.331 | Precision@1: 21.573% (4722/21888)
Loss: 2.328 | Precision@1: 21.639% (4764/22016)
Loss: 2.326 | Precision@1: 21.676% (4800/22144)
Loss: 2.324 | Precision@1: 21.691% (4831/22272)
Loss: 2.321 | Precision@1: 21.754% (4873/22400)
Loss: 2.319 | Precision@1: 21.808% (4913/22528)
Loss: 2.316 | Precision@1: 21.844% (4949/22656)
Loss: 2.314 | Precision@1: 21.879% (4985/22784)
Loss: 2.312 | Precision@1: 21.906% (5019/22912)
Loss: 2.310 | Precision@1: 21.905% (5047/23040)
Loss: 2.309 | Precision@1: 21.922% (5079/23168)
Loss: 2.307 | Precision@1: 21.952% (5114/23296)
Loss: 2.305 | Precision@1: 21.973% (5147/23424)
Loss: 2.303 | Precision@1: 21.985% (5178/23552)
Loss: 2.301 | Precision@1: 22.010% (5212/23680)
Loss: 2.299 | Precision@1: 22.039% (5247/23808)
Loss: 2.296 | Precision@1: 22.117% (5294/23936)
Loss: 2.293 | Precision@1: 22.207% (5344/24064)
Loss: 2.290 | Precision@1: 22.280% (5390/24192)
Loss: 2.288 | Precision@1: 22.336% (5432/24320)
Loss: 2.286 | Precision@1: 22.362% (5467/24448)
Loss: 2.284 | Precision@1: 22.392% (5503/24576)
Loss: 2.282 | Precision@1: 22.442% (5544/24704)
Loss: 2.280 | Precision@1: 22.487% (5584/24832)
Loss: 2.277 | Precision@1: 22.544% (5627/24960)
Loss: 2.275 | Precision@1: 22.557% (5659/25088)
Loss: 2.273 | Precision@1: 22.577% (5693/25216)
Loss: 2.271 | Precision@1: 22.605% (5729/25344)
Loss: 2.269 | Precision@1: 22.625% (5763/25472)
Loss: 2.267 | Precision@1: 22.672% (5804/25600)
Loss: 2.265 | Precision@1: 22.718% (5845/25728)
Loss: 2.263 | Precision@1: 22.745% (5881/25856)
Loss: 2.261 | Precision@1: 22.760% (5914/25984)
Loss: 2.259 | Precision@1: 22.767% (5945/26112)
Loss: 2.257 | Precision@1: 22.812% (5986/26240)
Loss: 2.255 | Precision@1: 22.853% (6026/26368)
Loss: 2.253 | Precision@1: 22.890% (6065/26496)
Loss: 2.251 | Precision@1: 22.912% (6100/26624)
Loss: 2.250 | Precision@1: 22.937% (6136/26752)
Loss: 2.247 | Precision@1: 22.999% (6182/26880)
Loss: 2.245 | Precision@1: 23.034% (6221/27008)
Loss: 2.243 | Precision@1: 23.084% (6264/27136)
Loss: 2.240 | Precision@1: 23.129% (6306/27264)
Loss: 2.239 | Precision@1: 23.167% (6346/27392)
Loss: 2.236 | Precision@1: 23.216% (6389/27520)
Loss: 2.234 | Precision@1: 23.260% (6431/27648)
Loss: 2.233 | Precision@1: 23.261% (6461/27776)
Loss: 2.232 | Precision@1: 23.312% (6505/27904)
Loss: 2.230 | Precision@1: 23.330% (6540/28032)
Loss: 2.228 | Precision@1: 23.366% (6580/28160)
Loss: 2.226 | Precision@1: 23.399% (6619/28288)
Loss: 2.224 | Precision@1: 23.438% (6660/28416)
Loss: 2.223 | Precision@1: 23.438% (6690/28544)
Loss: 2.222 | Precision@1: 23.444% (6722/28672)
Loss: 2.220 | Precision@1: 23.486% (6764/28800)
Loss: 2.219 | Precision@1: 23.493% (6796/28928)
Loss: 2.217 | Precision@1: 23.503% (6829/29056)
Loss: 2.215 | Precision@1: 23.585% (6883/29184)
Loss: 2.213 | Precision@1: 23.611% (6921/29312)
Loss: 2.212 | Precision@1: 23.614% (6952/29440)
Loss: 2.210 | Precision@1: 23.637% (6989/29568)
Loss: 2.209 | Precision@1: 23.670% (7029/29696)
Loss: 2.207 | Precision@1: 23.706% (7070/29824)
Loss: 2.206 | Precision@1: 23.735% (7109/29952)
Loss: 2.205 | Precision@1: 23.783% (7154/30080)
Loss: 2.203 | Precision@1: 23.815% (7194/30208)
Loss: 2.202 | Precision@1: 23.843% (7233/30336)
Loss: 2.200 | Precision@1: 23.904% (7282/30464)
Loss: 2.198 | Precision@1: 23.921% (7318/30592)
Loss: 2.197 | Precision@1: 23.952% (7358/30720)
Loss: 2.195 | Precision@1: 24.018% (7409/30848)
Loss: 2.194 | Precision@1: 24.035% (7445/30976)
Loss: 2.193 | Precision@1: 24.093% (7494/31104)
Loss: 2.191 | Precision@1: 24.100% (7527/31232)
Loss: 2.189 | Precision@1: 24.133% (7568/31360)
Loss: 2.188 | Precision@1: 24.155% (7606/31488)
Loss: 2.186 | Precision@1: 24.200% (7651/31616)
Loss: 2.184 | Precision@1: 24.250% (7698/31744)
Loss: 2.183 | Precision@1: 24.278% (7738/31872)
Loss: 2.181 | Precision@1: 24.328% (7785/32000)
Loss: 2.180 | Precision@1: 24.353% (7824/32128)
Loss: 2.178 | Precision@1: 24.389% (7867/32256)
Loss: 2.177 | Precision@1: 24.426% (7910/32384)
Loss: 2.176 | Precision@1: 24.453% (7950/32512)
Loss: 2.174 | Precision@1: 24.473% (7988/32640)
Loss: 2.172 | Precision@1: 24.533% (8039/32768)
Loss: 2.171 | Precision@1: 24.553% (8077/32896)
Loss: 2.169 | Precision@1: 24.606% (8126/33024)
Loss: 2.168 | Precision@1: 24.629% (8165/33152)
Loss: 2.167 | Precision@1: 24.624% (8195/33280)
Loss: 2.166 | Precision@1: 24.644% (8233/33408)
Loss: 2.165 | Precision@1: 24.666% (8272/33536)
Loss: 2.163 | Precision@1: 24.697% (8314/33664)
Loss: 2.161 | Precision@1: 24.748% (8363/33792)
Loss: 2.160 | Precision@1: 24.776% (8404/33920)
Loss: 2.158 | Precision@1: 24.809% (8447/34048)
Loss: 2.156 | Precision@1: 24.857% (8495/34176)
Loss: 2.155 | Precision@1: 24.892% (8539/34304)
Loss: 2.154 | Precision@1: 24.901% (8574/34432)
Loss: 2.152 | Precision@1: 24.939% (8619/34560)
Loss: 2.151 | Precision@1: 24.957% (8657/34688)
Loss: 2.150 | Precision@1: 24.974% (8695/34816)
Loss: 2.148 | Precision@1: 25.029% (8746/34944)
Loss: 2.147 | Precision@1: 25.066% (8791/35072)
Loss: 2.146 | Precision@1: 25.094% (8833/35200)
Loss: 2.144 | Precision@1: 25.122% (8875/35328)
Loss: 2.143 | Precision@1: 25.130% (8910/35456)
Loss: 2.142 | Precision@1: 25.138% (8945/35584)
Loss: 2.140 | Precision@1: 25.188% (8995/35712)
Loss: 2.139 | Precision@1: 25.215% (9037/35840)
Loss: 2.138 | Precision@1: 25.220% (9071/35968)
Loss: 2.136 | Precision@1: 25.255% (9116/36096)
Loss: 2.135 | Precision@1: 25.282% (9158/36224)
Loss: 2.134 | Precision@1: 25.305% (9199/36352)
Loss: 2.133 | Precision@1: 25.326% (9239/36480)
Loss: 2.132 | Precision@1: 25.339% (9276/36608)
Loss: 2.131 | Precision@1: 25.367% (9319/36736)
Loss: 2.129 | Precision@1: 25.388% (9359/36864)
Loss: 2.128 | Precision@1: 25.414% (9401/36992)
Loss: 2.127 | Precision@1: 25.447% (9446/37120)
Loss: 2.125 | Precision@1: 25.481% (9491/37248)
Loss: 2.124 | Precision@1: 25.538% (9545/37376)
Loss: 2.122 | Precision@1: 25.579% (9593/37504)
Loss: 2.121 | Precision@1: 25.601% (9634/37632)
Loss: 2.120 | Precision@1: 25.628% (9677/37760)
Loss: 2.118 | Precision@1: 25.668% (9725/37888)
Loss: 2.118 | Precision@1: 25.673% (9760/38016)
Loss: 2.117 | Precision@1: 25.708% (9806/38144)
Loss: 2.115 | Precision@1: 25.742% (9852/38272)
Loss: 2.114 | Precision@1: 25.760% (9892/38400)
Loss: 2.113 | Precision@1: 25.792% (9937/38528)
Loss: 2.111 | Precision@1: 25.838% (9988/38656)
Loss: 2.110 | Precision@1: 25.853% (10027/38784)
Loss: 2.110 | Precision@1: 25.861% (10063/38912)
Loss: 2.108 | Precision@1: 25.912% (10116/39040)
Loss: 2.107 | Precision@1: 25.952% (10165/39168)
Loss: 2.106 | Precision@1: 25.962% (10202/39296)
Loss: 2.105 | Precision@1: 25.989% (10246/39424)
Loss: 2.104 | Precision@1: 26.001% (10284/39552)
Loss: 2.102 | Precision@1: 26.033% (10330/39680)
Loss: 2.102 | Precision@1: 26.037% (10365/39808)
Loss: 2.101 | Precision@1: 26.079% (10415/39936)
Loss: 2.100 | Precision@1: 26.106% (10459/40064)
Loss: 2.098 | Precision@1: 26.125% (10500/40192)
Loss: 2.098 | Precision@1: 26.141% (10540/40320)
Loss: 2.097 | Precision@1: 26.162% (10582/40448)
Loss: 2.095 | Precision@1: 26.188% (10626/40576)
Loss: 2.095 | Precision@1: 26.206% (10667/40704)
Loss: 2.093 | Precision@1: 26.237% (10713/40832)
Loss: 2.092 | Precision@1: 26.257% (10755/40960)
Loss: 2.091 | Precision@1: 26.295% (10804/41088)
Loss: 2.090 | Precision@1: 26.310% (10844/41216)
Loss: 2.089 | Precision@1: 26.328% (10885/41344)
Loss: 2.088 | Precision@1: 26.360% (10932/41472)
Loss: 2.087 | Precision@1: 26.385% (10976/41600)
Loss: 2.086 | Precision@1: 26.426% (11027/41728)
Loss: 2.084 | Precision@1: 26.467% (11078/41856)
Loss: 2.083 | Precision@1: 26.486% (11120/41984)
Loss: 2.082 | Precision@1: 26.520% (11168/42112)
Loss: 2.081 | Precision@1: 26.548% (11214/42240)
Loss: 2.080 | Precision@1: 26.553% (11250/42368)
Loss: 2.080 | Precision@1: 26.593% (11301/42496)
Loss: 2.079 | Precision@1: 26.600% (11338/42624)
Loss: 2.078 | Precision@1: 26.621% (11381/42752)
Loss: 2.077 | Precision@1: 26.663% (11433/42880)
Loss: 2.076 | Precision@1: 26.686% (11477/43008)
Loss: 2.075 | Precision@1: 26.699% (11517/43136)
Loss: 2.074 | Precision@1: 26.738% (11568/43264)
Loss: 2.073 | Precision@1: 26.749% (11607/43392)
Loss: 2.072 | Precision@1: 26.785% (11657/43520)
Loss: 2.071 | Precision@1: 26.801% (11698/43648)
Loss: 2.070 | Precision@1: 26.802% (11733/43776)
Loss: 2.069 | Precision@1: 26.804% (11768/43904)
Loss: 2.068 | Precision@1: 26.835% (11816/44032)
Loss: 2.067 | Precision@1: 26.873% (11867/44160)
Loss: 2.066 | Precision@1: 26.903% (11915/44288)
Loss: 2.064 | Precision@1: 26.947% (11969/44416)
Loss: 2.063 | Precision@1: 26.994% (12024/44544)
Loss: 2.063 | Precision@1: 27.003% (12063/44672)
Loss: 2.062 | Precision@1: 27.027% (12108/44800)
Loss: 2.061 | Precision@1: 27.045% (12151/44928)
Loss: 2.059 | Precision@1: 27.060% (12192/45056)
Loss: 2.058 | Precision@1: 27.083% (12237/45184)
Loss: 2.057 | Precision@1: 27.125% (12291/45312)
Loss: 2.056 | Precision@1: 27.150% (12337/45440)
Loss: 2.054 | Precision@1: 27.192% (12391/45568)
Loss: 2.053 | Precision@1: 27.230% (12443/45696)
Loss: 2.052 | Precision@1: 27.252% (12488/45824)
Loss: 2.051 | Precision@1: 27.265% (12529/45952)
Loss: 2.050 | Precision@1: 27.294% (12577/46080)
Loss: 2.050 | Precision@1: 27.311% (12620/46208)
Loss: 2.048 | Precision@1: 27.348% (12672/46336)
Loss: 2.047 | Precision@1: 27.374% (12719/46464)
Loss: 2.046 | Precision@1: 27.421% (12776/46592)
Loss: 2.045 | Precision@1: 27.427% (12814/46720)
Loss: 2.044 | Precision@1: 27.461% (12865/46848)
Loss: 2.043 | Precision@1: 27.486% (12912/46976)
Loss: 2.042 | Precision@1: 27.509% (12958/47104)
Loss: 2.041 | Precision@1: 27.522% (12999/47232)
Loss: 2.040 | Precision@1: 27.555% (13050/47360)
Loss: 2.039 | Precision@1: 27.584% (13099/47488)
Loss: 2.038 | Precision@1: 27.623% (13153/47616)
Loss: 2.037 | Precision@1: 27.643% (13198/47744)
Loss: 2.035 | Precision@1: 27.672% (13247/47872)
Loss: 2.034 | Precision@1: 27.683% (13288/48000)
Loss: 2.034 | Precision@1: 27.705% (13334/48128)
Loss: 2.033 | Precision@1: 27.721% (13377/48256)
Loss: 2.032 | Precision@1: 27.765% (13434/48384)
Loss: 2.031 | Precision@1: 27.791% (13482/48512)
Loss: 2.030 | Precision@1: 27.833% (13538/48640)
Loss: 2.029 | Precision@1: 27.867% (13590/48768)
Loss: 2.028 | Precision@1: 27.886% (13635/48896)
Loss: 2.027 | Precision@1: 27.921% (13688/49024)
Loss: 2.026 | Precision@1: 27.960% (13743/49152)
Loss: 2.025 | Precision@1: 27.997% (13797/49280)
Loss: 2.023 | Precision@1: 28.048% (13858/49408)
Loss: 2.022 | Precision@1: 28.056% (13898/49536)
Loss: 2.021 | Precision@1: 28.095% (13953/49664)
Loss: 2.020 | Precision@1: 28.121% (14002/49792)
Loss: 2.019 | Precision@1: 28.139% (14047/49920)
Loss: 2.019 | Precision@1: 28.158% (14079/50000)

Aggregates: 			
 	 DataLoader Time: 1.0412 			
 	 Mini-batch Time:49.5654 			
 	 Training Epoch Time:50.2730
 			
 Averages: 			
 	 Training Loss: 2.0189

 Test set Averages: Loss: 1.892 | Precision@1: 33.210% (3321/10000)

Epoch: 1
Loss: 1.626 | Precision@1: 39.844% (51/128)
Loss: 1.566 | Precision@1: 42.969% (110/256)
Loss: 1.587 | Precision@1: 41.146% (158/384)
Loss: 1.588 | Precision@1: 42.188% (216/512)
Loss: 1.550 | Precision@1: 43.750% (280/640)
Loss: 1.563 | Precision@1: 43.359% (333/768)
Loss: 1.565 | Precision@1: 43.638% (391/896)
Loss: 1.559 | Precision@1: 44.336% (454/1024)
Loss: 1.577 | Precision@1: 42.969% (495/1152)
Loss: 1.576 | Precision@1: 42.891% (549/1280)
Loss: 1.580 | Precision@1: 42.543% (599/1408)
Loss: 1.585 | Precision@1: 42.448% (652/1536)
Loss: 1.599 | Precision@1: 41.647% (693/1664)
Loss: 1.595 | Precision@1: 41.685% (747/1792)
Loss: 1.592 | Precision@1: 41.823% (803/1920)
Loss: 1.597 | Precision@1: 41.553% (851/2048)
Loss: 1.591 | Precision@1: 42.004% (914/2176)
Loss: 1.608 | Precision@1: 41.493% (956/2304)
Loss: 1.617 | Precision@1: 41.283% (1004/2432)
Loss: 1.619 | Precision@1: 41.055% (1051/2560)
Loss: 1.627 | Precision@1: 40.774% (1096/2688)
Loss: 1.625 | Precision@1: 40.732% (1147/2816)
Loss: 1.627 | Precision@1: 40.523% (1193/2944)
Loss: 1.627 | Precision@1: 40.365% (1240/3072)
Loss: 1.633 | Precision@1: 40.031% (1281/3200)
Loss: 1.631 | Precision@1: 39.994% (1331/3328)
Loss: 1.631 | Precision@1: 39.815% (1376/3456)
Loss: 1.632 | Precision@1: 39.872% (1429/3584)
Loss: 1.641 | Precision@1: 39.574% (1469/3712)
Loss: 1.643 | Precision@1: 39.245% (1507/3840)
Loss: 1.643 | Precision@1: 39.289% (1559/3968)
Loss: 1.641 | Precision@1: 39.502% (1618/4096)
Loss: 1.649 | Precision@1: 39.228% (1657/4224)
Loss: 1.648 | Precision@1: 39.131% (1703/4352)
Loss: 1.651 | Precision@1: 38.973% (1746/4480)
Loss: 1.655 | Precision@1: 38.672% (1782/4608)
Loss: 1.652 | Precision@1: 38.872% (1841/4736)
Loss: 1.650 | Precision@1: 38.877% (1891/4864)
Loss: 1.648 | Precision@1: 39.022% (1948/4992)
Loss: 1.648 | Precision@1: 39.297% (2012/5120)
Loss: 1.648 | Precision@1: 39.386% (2067/5248)
Loss: 1.646 | Precision@1: 39.472% (2122/5376)
Loss: 1.646 | Precision@1: 39.408% (2169/5504)
Loss: 1.642 | Precision@1: 39.506% (2225/5632)
Loss: 1.638 | Precision@1: 39.618% (2282/5760)
Loss: 1.640 | Precision@1: 39.606% (2332/5888)
Loss: 1.642 | Precision@1: 39.445% (2373/6016)
Loss: 1.642 | Precision@1: 39.469% (2425/6144)
Loss: 1.644 | Precision@1: 39.413% (2472/6272)
Loss: 1.641 | Precision@1: 39.625% (2536/6400)
Loss: 1.639 | Precision@1: 39.721% (2593/6528)
Loss: 1.638 | Precision@1: 39.694% (2642/6656)
Loss: 1.639 | Precision@1: 39.652% (2690/6784)
Loss: 1.637 | Precision@1: 39.641% (2740/6912)
Loss: 1.635 | Precision@1: 39.744% (2798/7040)
Loss: 1.636 | Precision@1: 39.676% (2844/7168)
Loss: 1.635 | Precision@1: 39.775% (2902/7296)
Loss: 1.636 | Precision@1: 39.857% (2959/7424)
Loss: 1.638 | Precision@1: 39.778% (3004/7552)
Loss: 1.638 | Precision@1: 39.753% (3053/7680)
Loss: 1.637 | Precision@1: 39.818% (3109/7808)
Loss: 1.636 | Precision@1: 39.882% (3165/7936)
Loss: 1.635 | Precision@1: 39.906% (3218/8064)
Loss: 1.634 | Precision@1: 40.051% (3281/8192)
Loss: 1.635 | Precision@1: 39.988% (3327/8320)
Loss: 1.633 | Precision@1: 40.069% (3385/8448)
Loss: 1.633 | Precision@1: 40.065% (3436/8576)
Loss: 1.633 | Precision@1: 40.062% (3487/8704)
Loss: 1.632 | Precision@1: 40.104% (3542/8832)
Loss: 1.631 | Precision@1: 40.167% (3599/8960)
Loss: 1.632 | Precision@1: 40.196% (3653/9088)
Loss: 1.631 | Precision@1: 40.234% (3708/9216)
Loss: 1.632 | Precision@1: 40.229% (3759/9344)
Loss: 1.632 | Precision@1: 40.150% (3803/9472)
Loss: 1.631 | Precision@1: 40.229% (3862/9600)
Loss: 1.631 | Precision@1: 40.173% (3908/9728)
Loss: 1.631 | Precision@1: 40.148% (3957/9856)
Loss: 1.632 | Precision@1: 40.064% (4000/9984)
Loss: 1.633 | Precision@1: 40.012% (4046/10112)
Loss: 1.632 | Precision@1: 39.990% (4095/10240)
Loss: 1.631 | Precision@1: 40.075% (4155/10368)
Loss: 1.633 | Precision@1: 40.006% (4199/10496)
Loss: 1.632 | Precision@1: 40.013% (4251/10624)
Loss: 1.630 | Precision@1: 40.058% (4307/10752)
Loss: 1.629 | Precision@1: 40.129% (4366/10880)
Loss: 1.628 | Precision@1: 40.171% (4422/11008)
Loss: 1.628 | Precision@1: 40.140% (4470/11136)
Loss: 1.628 | Precision@1: 40.163% (4524/11264)
Loss: 1.628 | Precision@1: 40.186% (4578/11392)
Loss: 1.629 | Precision@1: 40.156% (4626/11520)
Loss: 1.629 | Precision@1: 40.144% (4676/11648)
Loss: 1.628 | Precision@1: 40.209% (4735/11776)
Loss: 1.626 | Precision@1: 40.247% (4791/11904)
Loss: 1.625 | Precision@1: 40.293% (4848/12032)
Loss: 1.624 | Precision@1: 40.354% (4907/12160)
Loss: 1.625 | Precision@1: 40.267% (4948/12288)
Loss: 1.626 | Precision@1: 40.238% (4996/12416)
Loss: 1.627 | Precision@1: 40.210% (5044/12544)
Loss: 1.625 | Precision@1: 40.294% (5106/12672)
Loss: 1.623 | Precision@1: 40.328% (5162/12800)
Loss: 1.624 | Precision@1: 40.308% (5211/12928)
Loss: 1.622 | Precision@1: 40.365% (5270/13056)
Loss: 1.623 | Precision@1: 40.375% (5323/13184)
Loss: 1.623 | Precision@1: 40.392% (5377/13312)
Loss: 1.622 | Precision@1: 40.409% (5431/13440)
Loss: 1.621 | Precision@1: 40.433% (5486/13568)
Loss: 1.621 | Precision@1: 40.435% (5538/13696)
Loss: 1.620 | Precision@1: 40.466% (5594/13824)
Loss: 1.619 | Precision@1: 40.510% (5652/13952)
Loss: 1.619 | Precision@1: 40.469% (5698/14080)
Loss: 1.618 | Precision@1: 40.477% (5751/14208)
Loss: 1.618 | Precision@1: 40.492% (5805/14336)
Loss: 1.618 | Precision@1: 40.466% (5853/14464)
Loss: 1.618 | Precision@1: 40.413% (5897/14592)
Loss: 1.617 | Precision@1: 40.421% (5950/14720)
Loss: 1.615 | Precision@1: 40.497% (6013/14848)
Loss: 1.616 | Precision@1: 40.478% (6062/14976)
Loss: 1.615 | Precision@1: 40.433% (6107/15104)
Loss: 1.616 | Precision@1: 40.402% (6154/15232)
Loss: 1.614 | Precision@1: 40.456% (6214/15360)
Loss: 1.614 | Precision@1: 40.451% (6265/15488)
Loss: 1.614 | Precision@1: 40.478% (6321/15616)
Loss: 1.612 | Precision@1: 40.549% (6384/15744)
Loss: 1.611 | Precision@1: 40.556% (6437/15872)
Loss: 1.612 | Precision@1: 40.550% (6488/16000)
Loss: 1.612 | Precision@1: 40.532% (6537/16128)
Loss: 1.611 | Precision@1: 40.533% (6589/16256)
Loss: 1.611 | Precision@1: 40.509% (6637/16384)
Loss: 1.611 | Precision@1: 40.492% (6686/16512)
Loss: 1.610 | Precision@1: 40.541% (6746/16640)
Loss: 1.609 | Precision@1: 40.577% (6804/16768)
Loss: 1.608 | Precision@1: 40.643% (6867/16896)
Loss: 1.608 | Precision@1: 40.625% (6916/17024)
Loss: 1.609 | Precision@1: 40.613% (6966/17152)
Loss: 1.607 | Precision@1: 40.666% (7027/17280)
Loss: 1.606 | Precision@1: 40.677% (7081/17408)
Loss: 1.606 | Precision@1: 40.705% (7138/17536)
Loss: 1.606 | Precision@1: 40.733% (7195/17664)
Loss: 1.606 | Precision@1: 40.743% (7249/17792)
Loss: 1.605 | Precision@1: 40.714% (7296/17920)
Loss: 1.606 | Precision@1: 40.625% (7332/18048)
Loss: 1.606 | Precision@1: 40.664% (7391/18176)
Loss: 1.605 | Precision@1: 40.696% (7449/18304)
Loss: 1.604 | Precision@1: 40.712% (7504/18432)
Loss: 1.604 | Precision@1: 40.727% (7559/18560)
Loss: 1.603 | Precision@1: 40.759% (7617/18688)
Loss: 1.602 | Precision@1: 40.800% (7677/18816)
Loss: 1.603 | Precision@1: 40.789% (7727/18944)
Loss: 1.602 | Precision@1: 40.835% (7788/19072)
Loss: 1.601 | Precision@1: 40.870% (7847/19200)
Loss: 1.600 | Precision@1: 40.915% (7908/19328)
Loss: 1.601 | Precision@1: 40.877% (7953/19456)
Loss: 1.601 | Precision@1: 40.911% (8012/19584)
Loss: 1.601 | Precision@1: 40.904% (8063/19712)
Loss: 1.601 | Precision@1: 40.907% (8116/19840)
Loss: 1.601 | Precision@1: 40.905% (8168/19968)
Loss: 1.600 | Precision@1: 40.929% (8225/20096)
Loss: 1.600 | Precision@1: 40.912% (8274/20224)
Loss: 1.600 | Precision@1: 40.954% (8335/20352)
Loss: 1.600 | Precision@1: 40.967% (8390/20480)
Loss: 1.600 | Precision@1: 40.970% (8443/20608)
Loss: 1.599 | Precision@1: 40.972% (8496/20736)
Loss: 1.599 | Precision@1: 40.975% (8549/20864)
Loss: 1.599 | Precision@1: 40.958% (8598/20992)
Loss: 1.598 | Precision@1: 40.952% (8649/21120)
Loss: 1.599 | Precision@1: 40.978% (8707/21248)
Loss: 1.598 | Precision@1: 40.976% (8759/21376)
Loss: 1.598 | Precision@1: 40.941% (8804/21504)
Loss: 1.598 | Precision@1: 40.935% (8855/21632)
Loss: 1.597 | Precision@1: 40.965% (8914/21760)
Loss: 1.597 | Precision@1: 40.913% (8955/21888)
Loss: 1.597 | Precision@1: 40.947% (9015/22016)
Loss: 1.596 | Precision@1: 40.964% (9071/22144)
Loss: 1.596 | Precision@1: 40.953% (9121/22272)
Loss: 1.596 | Precision@1: 40.973% (9178/22400)
Loss: 1.596 | Precision@1: 40.940% (9223/22528)
Loss: 1.596 | Precision@1: 40.956% (9279/22656)
Loss: 1.597 | Precision@1: 40.932% (9326/22784)
Loss: 1.596 | Precision@1: 40.965% (9386/22912)
Loss: 1.596 | Precision@1: 41.003% (9447/23040)
Loss: 1.596 | Precision@1: 41.001% (9499/23168)
Loss: 1.596 | Precision@1: 41.024% (9557/23296)
Loss: 1.594 | Precision@1: 41.086% (9624/23424)
Loss: 1.594 | Precision@1: 41.105% (9681/23552)
Loss: 1.594 | Precision@1: 41.144% (9743/23680)
Loss: 1.594 | Precision@1: 41.146% (9796/23808)
Loss: 1.593 | Precision@1: 41.164% (9853/23936)
Loss: 1.592 | Precision@1: 41.182% (9910/24064)
Loss: 1.592 | Precision@1: 41.191% (9965/24192)
Loss: 1.592 | Precision@1: 41.188% (10017/24320)
Loss: 1.592 | Precision@1: 41.214% (10076/24448)
Loss: 1.591 | Precision@1: 41.211% (10128/24576)
Loss: 1.591 | Precision@1: 41.204% (10179/24704)
Loss: 1.591 | Precision@1: 41.241% (10241/24832)
Loss: 1.591 | Precision@1: 41.246% (10295/24960)
Loss: 1.591 | Precision@1: 41.227% (10343/25088)
Loss: 1.591 | Precision@1: 41.232% (10397/25216)
Loss: 1.591 | Precision@1: 41.225% (10448/25344)
Loss: 1.590 | Precision@1: 41.241% (10505/25472)
Loss: 1.590 | Precision@1: 41.250% (10560/25600)
Loss: 1.590 | Precision@1: 41.251% (10613/25728)
Loss: 1.590 | Precision@1: 41.271% (10671/25856)
Loss: 1.589 | Precision@1: 41.306% (10733/25984)
Loss: 1.590 | Precision@1: 41.276% (10778/26112)
Loss: 1.589 | Precision@1: 41.284% (10833/26240)
Loss: 1.590 | Precision@1: 41.292% (10888/26368)
Loss: 1.589 | Precision@1: 41.289% (10940/26496)
Loss: 1.588 | Precision@1: 41.324% (11002/26624)
Loss: 1.588 | Precision@1: 41.358% (11064/26752)
Loss: 1.588 | Precision@1: 41.332% (11110/26880)
Loss: 1.587 | Precision@1: 41.347% (11167/27008)
Loss: 1.587 | Precision@1: 41.351% (11221/27136)
Loss: 1.587 | Precision@1: 41.329% (11268/27264)
Loss: 1.586 | Precision@1: 41.341% (11324/27392)
Loss: 1.586 | Precision@1: 41.370% (11385/27520)
Loss: 1.585 | Precision@1: 41.417% (11451/27648)
Loss: 1.584 | Precision@1: 41.460% (11516/27776)
Loss: 1.584 | Precision@1: 41.474% (11573/27904)
Loss: 1.583 | Precision@1: 41.503% (11634/28032)
Loss: 1.583 | Precision@1: 41.520% (11692/28160)
Loss: 1.583 | Precision@1: 41.498% (11739/28288)
Loss: 1.582 | Precision@1: 41.515% (11797/28416)
Loss: 1.582 | Precision@1: 41.529% (11854/28544)
Loss: 1.582 | Precision@1: 41.535% (11909/28672)
Loss: 1.582 | Precision@1: 41.549% (11966/28800)
Loss: 1.582 | Precision@1: 41.527% (12013/28928)
Loss: 1.582 | Precision@1: 41.513% (12062/29056)
Loss: 1.582 | Precision@1: 41.526% (12119/29184)
Loss: 1.582 | Precision@1: 41.546% (12178/29312)
Loss: 1.582 | Precision@1: 41.549% (12232/29440)
Loss: 1.582 | Precision@1: 41.565% (12290/29568)
Loss: 1.582 | Precision@1: 41.554% (12340/29696)
Loss: 1.582 | Precision@1: 41.537% (12388/29824)
Loss: 1.582 | Precision@1: 41.553% (12446/29952)
Loss: 1.583 | Precision@1: 41.536% (12494/30080)
Loss: 1.583 | Precision@1: 41.512% (12540/30208)
Loss: 1.583 | Precision@1: 41.535% (12600/30336)
Loss: 1.582 | Precision@1: 41.584% (12668/30464)
Loss: 1.582 | Precision@1: 41.599% (12726/30592)
Loss: 1.581 | Precision@1: 41.618% (12785/30720)
Loss: 1.581 | Precision@1: 41.643% (12846/30848)
Loss: 1.580 | Precision@1: 41.655% (12903/30976)
Loss: 1.580 | Precision@1: 41.673% (12962/31104)
Loss: 1.579 | Precision@1: 41.685% (13019/31232)
Loss: 1.579 | Precision@1: 41.696% (13076/31360)
Loss: 1.579 | Precision@1: 41.714% (13135/31488)
Loss: 1.579 | Precision@1: 41.745% (13198/31616)
Loss: 1.578 | Precision@1: 41.765% (13258/31744)
Loss: 1.578 | Precision@1: 41.767% (13312/31872)
Loss: 1.577 | Precision@1: 41.803% (13377/32000)
Loss: 1.576 | Precision@1: 41.814% (13434/32128)
Loss: 1.576 | Precision@1: 41.831% (13493/32256)
Loss: 1.575 | Precision@1: 41.869% (13559/32384)
Loss: 1.575 | Precision@1: 41.895% (13621/32512)
Loss: 1.575 | Precision@1: 41.890% (13673/32640)
Loss: 1.574 | Precision@1: 41.925% (13738/32768)
Loss: 1.573 | Precision@1: 41.963% (13804/32896)
Loss: 1.573 | Precision@1: 41.966% (13859/33024)
Loss: 1.573 | Precision@1: 41.991% (13921/33152)
Loss: 1.572 | Precision@1: 41.986% (13973/33280)
Loss: 1.572 | Precision@1: 42.017% (14037/33408)
Loss: 1.571 | Precision@1: 42.050% (14102/33536)
Loss: 1.571 | Precision@1: 42.045% (14154/33664)
Loss: 1.571 | Precision@1: 42.045% (14208/33792)
Loss: 1.571 | Precision@1: 42.055% (14265/33920)
Loss: 1.571 | Precision@1: 42.038% (14313/34048)
Loss: 1.571 | Precision@1: 42.021% (14361/34176)
Loss: 1.571 | Precision@1: 42.024% (14416/34304)
Loss: 1.570 | Precision@1: 42.048% (14478/34432)
Loss: 1.569 | Precision@1: 42.046% (14531/34560)
Loss: 1.569 | Precision@1: 42.049% (14586/34688)
Loss: 1.569 | Precision@1: 42.055% (14642/34816)
Loss: 1.569 | Precision@1: 42.062% (14698/34944)
Loss: 1.569 | Precision@1: 42.053% (14749/35072)
Loss: 1.569 | Precision@1: 42.077% (14811/35200)
Loss: 1.569 | Precision@1: 42.077% (14865/35328)
Loss: 1.568 | Precision@1: 42.131% (14938/35456)
Loss: 1.567 | Precision@1: 42.159% (15002/35584)
Loss: 1.567 | Precision@1: 42.176% (15062/35712)
Loss: 1.567 | Precision@1: 42.162% (15111/35840)
Loss: 1.567 | Precision@1: 42.188% (15174/35968)
Loss: 1.567 | Precision@1: 42.179% (15225/36096)
Loss: 1.566 | Precision@1: 42.212% (15291/36224)
Loss: 1.566 | Precision@1: 42.215% (15346/36352)
Loss: 1.565 | Precision@1: 42.234% (15407/36480)
Loss: 1.565 | Precision@1: 42.248% (15466/36608)
Loss: 1.565 | Precision@1: 42.258% (15524/36736)
Loss: 1.564 | Precision@1: 42.263% (15580/36864)
Loss: 1.564 | Precision@1: 42.306% (15650/36992)
Loss: 1.564 | Precision@1: 42.293% (15699/37120)
Loss: 1.564 | Precision@1: 42.308% (15759/37248)
Loss: 1.564 | Precision@1: 42.313% (15815/37376)
Loss: 1.564 | Precision@1: 42.321% (15872/37504)
Loss: 1.563 | Precision@1: 42.339% (15933/37632)
Loss: 1.563 | Precision@1: 42.362% (15996/37760)
Loss: 1.562 | Precision@1: 42.407% (16067/37888)
Loss: 1.562 | Precision@1: 42.416% (16125/38016)
Loss: 1.561 | Precision@1: 42.442% (16189/38144)
Loss: 1.560 | Precision@1: 42.462% (16251/38272)
Loss: 1.560 | Precision@1: 42.495% (16318/38400)
Loss: 1.559 | Precision@1: 42.509% (16378/38528)
Loss: 1.560 | Precision@1: 42.501% (16429/38656)
Loss: 1.560 | Precision@1: 42.487% (16478/38784)
Loss: 1.560 | Precision@1: 42.491% (16534/38912)
Loss: 1.559 | Precision@1: 42.510% (16596/39040)
Loss: 1.558 | Precision@1: 42.555% (16668/39168)
Loss: 1.558 | Precision@1: 42.559% (16724/39296)
Loss: 1.558 | Precision@1: 42.586% (16789/39424)
Loss: 1.557 | Precision@1: 42.597% (16848/39552)
Loss: 1.557 | Precision@1: 42.601% (16904/39680)
Loss: 1.558 | Precision@1: 42.592% (16955/39808)
Loss: 1.557 | Precision@1: 42.606% (17015/39936)
Loss: 1.556 | Precision@1: 42.634% (17081/40064)
Loss: 1.557 | Precision@1: 42.640% (17138/40192)
Loss: 1.556 | Precision@1: 42.644% (17194/40320)
Loss: 1.556 | Precision@1: 42.660% (17255/40448)
Loss: 1.556 | Precision@1: 42.671% (17314/40576)
Loss: 1.555 | Precision@1: 42.674% (17370/40704)
Loss: 1.555 | Precision@1: 42.707% (17438/40832)
Loss: 1.555 | Precision@1: 42.695% (17488/40960)
Loss: 1.555 | Precision@1: 42.691% (17541/41088)
Loss: 1.555 | Precision@1: 42.695% (17597/41216)
Loss: 1.555 | Precision@1: 42.676% (17644/41344)
Loss: 1.554 | Precision@1: 42.711% (17713/41472)
Loss: 1.554 | Precision@1: 42.736% (17778/41600)
Loss: 1.553 | Precision@1: 42.765% (17845/41728)
Loss: 1.553 | Precision@1: 42.790% (17910/41856)
Loss: 1.552 | Precision@1: 42.802% (17970/41984)
Loss: 1.552 | Precision@1: 42.810% (18028/42112)
Loss: 1.552 | Precision@1: 42.817% (18086/42240)
Loss: 1.551 | Precision@1: 42.846% (18153/42368)
Loss: 1.551 | Precision@1: 42.863% (18215/42496)
Loss: 1.551 | Precision@1: 42.873% (18274/42624)
Loss: 1.550 | Precision@1: 42.901% (18341/42752)
Loss: 1.549 | Precision@1: 42.936% (18411/42880)
Loss: 1.550 | Precision@1: 42.945% (18470/43008)
Loss: 1.549 | Precision@1: 42.966% (18534/43136)
Loss: 1.549 | Precision@1: 42.983% (18596/43264)
Loss: 1.549 | Precision@1: 43.003% (18660/43392)
Loss: 1.549 | Precision@1: 43.001% (18714/43520)
Loss: 1.549 | Precision@1: 42.980% (18760/43648)
Loss: 1.550 | Precision@1: 42.982% (18816/43776)
Loss: 1.549 | Precision@1: 42.989% (18874/43904)
Loss: 1.549 | Precision@1: 43.005% (18936/44032)
Loss: 1.548 | Precision@1: 43.010% (18993/44160)
Loss: 1.548 | Precision@1: 43.012% (19049/44288)
Loss: 1.548 | Precision@1: 43.014% (19105/44416)
Loss: 1.547 | Precision@1: 43.045% (19174/44544)
Loss: 1.547 | Precision@1: 43.061% (19236/44672)
Loss: 1.547 | Precision@1: 43.058% (19290/44800)
Loss: 1.546 | Precision@1: 43.078% (19354/44928)
Loss: 1.546 | Precision@1: 43.086% (19413/45056)
Loss: 1.546 | Precision@1: 43.093% (19471/45184)
Loss: 1.546 | Precision@1: 43.081% (19521/45312)
Loss: 1.545 | Precision@1: 43.090% (19580/45440)
Loss: 1.545 | Precision@1: 43.116% (19647/45568)
Loss: 1.544 | Precision@1: 43.133% (19710/45696)
Loss: 1.544 | Precision@1: 43.137% (19767/45824)
Loss: 1.544 | Precision@1: 43.134% (19821/45952)
Loss: 1.544 | Precision@1: 43.136% (19877/46080)
Loss: 1.543 | Precision@1: 43.153% (19940/46208)
Loss: 1.542 | Precision@1: 43.189% (20012/46336)
Loss: 1.542 | Precision@1: 43.197% (20071/46464)
Loss: 1.542 | Precision@1: 43.224% (20139/46592)
Loss: 1.541 | Precision@1: 43.247% (20205/46720)
Loss: 1.541 | Precision@1: 43.274% (20273/46848)
Loss: 1.541 | Precision@1: 43.292% (20337/46976)
Loss: 1.540 | Precision@1: 43.308% (20400/47104)
Loss: 1.540 | Precision@1: 43.350% (20475/47232)
Loss: 1.539 | Precision@1: 43.368% (20539/47360)
Loss: 1.539 | Precision@1: 43.388% (20604/47488)
Loss: 1.538 | Precision@1: 43.406% (20668/47616)
Loss: 1.538 | Precision@1: 43.411% (20726/47744)
Loss: 1.538 | Precision@1: 43.422% (20787/47872)
Loss: 1.537 | Precision@1: 43.446% (20854/48000)
Loss: 1.537 | Precision@1: 43.472% (20922/48128)
Loss: 1.537 | Precision@1: 43.479% (20981/48256)
Loss: 1.537 | Precision@1: 43.475% (21035/48384)
Loss: 1.536 | Precision@1: 43.470% (21088/48512)
Loss: 1.536 | Precision@1: 43.475% (21146/48640)
Loss: 1.536 | Precision@1: 43.481% (21205/48768)
Loss: 1.536 | Precision@1: 43.490% (21265/48896)
Loss: 1.535 | Precision@1: 43.513% (21332/49024)
Loss: 1.535 | Precision@1: 43.520% (21391/49152)
Loss: 1.535 | Precision@1: 43.535% (21454/49280)
Loss: 1.534 | Precision@1: 43.554% (21519/49408)
Loss: 1.534 | Precision@1: 43.554% (21575/49536)
Loss: 1.533 | Precision@1: 43.563% (21635/49664)
Loss: 1.533 | Precision@1: 43.579% (21699/49792)
Loss: 1.532 | Precision@1: 43.604% (21767/49920)
Loss: 1.532 | Precision@1: 43.618% (21809/50000)

Aggregates: 			
 	 DataLoader Time: 1.2829 			
 	 Mini-batch Time:51.6661 			
 	 Training Epoch Time:52.3757
 			
 Averages: 			
 	 Training Loss: 1.5318

 Test set Averages: Loss: 1.446 | Precision@1: 47.120% (4712/10000)

Epoch: 2
Loss: 1.342 | Precision@1: 50.000% (64/128)
Loss: 1.412 | Precision@1: 47.266% (121/256)
Loss: 1.422 | Precision@1: 47.656% (183/384)
Loss: 1.386 | Precision@1: 48.828% (250/512)
Loss: 1.396 | Precision@1: 48.438% (310/640)
Loss: 1.421 | Precision@1: 47.917% (368/768)
Loss: 1.419 | Precision@1: 47.321% (424/896)
Loss: 1.419 | Precision@1: 46.875% (480/1024)
Loss: 1.426 | Precision@1: 46.788% (539/1152)
Loss: 1.431 | Precision@1: 46.641% (597/1280)
Loss: 1.421 | Precision@1: 47.088% (663/1408)
Loss: 1.425 | Precision@1: 47.201% (725/1536)
Loss: 1.433 | Precision@1: 46.575% (775/1664)
Loss: 1.430 | Precision@1: 46.819% (839/1792)
Loss: 1.439 | Precision@1: 46.458% (892/1920)
Loss: 1.437 | Precision@1: 46.826% (959/2048)
Loss: 1.435 | Precision@1: 46.599% (1014/2176)
Loss: 1.430 | Precision@1: 46.701% (1076/2304)
Loss: 1.428 | Precision@1: 46.546% (1132/2432)
Loss: 1.424 | Precision@1: 46.758% (1197/2560)
Loss: 1.433 | Precision@1: 46.466% (1249/2688)
Loss: 1.429 | Precision@1: 46.555% (1311/2816)
Loss: 1.426 | Precision@1: 46.875% (1380/2944)
Loss: 1.424 | Precision@1: 46.908% (1441/3072)
Loss: 1.424 | Precision@1: 46.781% (1497/3200)
Loss: 1.418 | Precision@1: 46.995% (1564/3328)
Loss: 1.417 | Precision@1: 46.991% (1624/3456)
Loss: 1.416 | Precision@1: 46.931% (1682/3584)
Loss: 1.414 | Precision@1: 47.144% (1750/3712)
Loss: 1.411 | Precision@1: 47.318% (1817/3840)
Loss: 1.411 | Precision@1: 47.530% (1886/3968)
Loss: 1.411 | Precision@1: 47.412% (1942/4096)
Loss: 1.409 | Precision@1: 47.467% (2005/4224)
Loss: 1.410 | Precision@1: 47.587% (2071/4352)
Loss: 1.413 | Precision@1: 47.411% (2124/4480)
Loss: 1.410 | Precision@1: 47.526% (2190/4608)
Loss: 1.408 | Precision@1: 47.656% (2257/4736)
Loss: 1.404 | Precision@1: 47.862% (2328/4864)
Loss: 1.404 | Precision@1: 47.877% (2390/4992)
Loss: 1.402 | Precision@1: 48.027% (2459/5120)
Loss: 1.398 | Precision@1: 48.209% (2530/5248)
Loss: 1.399 | Precision@1: 48.158% (2589/5376)
Loss: 1.397 | Precision@1: 48.347% (2661/5504)
Loss: 1.396 | Precision@1: 48.491% (2731/5632)
Loss: 1.395 | Precision@1: 48.646% (2802/5760)
Loss: 1.396 | Precision@1: 48.675% (2866/5888)
Loss: 1.396 | Precision@1: 48.637% (2926/6016)
Loss: 1.396 | Precision@1: 48.649% (2989/6144)
Loss: 1.398 | Precision@1: 48.629% (3050/6272)
Loss: 1.394 | Precision@1: 48.859% (3127/6400)
Loss: 1.392 | Precision@1: 49.050% (3202/6528)
Loss: 1.392 | Precision@1: 49.114% (3269/6656)
Loss: 1.393 | Precision@1: 48.968% (3322/6784)
Loss: 1.392 | Precision@1: 48.900% (3380/6912)
Loss: 1.392 | Precision@1: 48.935% (3445/7040)
Loss: 1.392 | Precision@1: 48.982% (3511/7168)
Loss: 1.393 | Precision@1: 48.986% (3574/7296)
Loss: 1.391 | Precision@1: 49.044% (3641/7424)
Loss: 1.390 | Precision@1: 48.994% (3700/7552)
Loss: 1.392 | Precision@1: 48.880% (3754/7680)
Loss: 1.390 | Precision@1: 48.988% (3825/7808)
Loss: 1.389 | Precision@1: 48.954% (3885/7936)
Loss: 1.391 | Precision@1: 48.958% (3948/8064)
Loss: 1.392 | Precision@1: 48.975% (4012/8192)
Loss: 1.392 | Precision@1: 48.954% (4073/8320)
Loss: 1.391 | Precision@1: 49.053% (4144/8448)
Loss: 1.392 | Precision@1: 49.009% (4203/8576)
Loss: 1.389 | Precision@1: 49.161% (4279/8704)
Loss: 1.389 | Precision@1: 49.049% (4332/8832)
Loss: 1.389 | Precision@1: 49.040% (4394/8960)
Loss: 1.389 | Precision@1: 49.076% (4460/9088)
Loss: 1.387 | Precision@1: 49.175% (4532/9216)
Loss: 1.387 | Precision@1: 49.165% (4594/9344)
Loss: 1.387 | Precision@1: 49.229% (4663/9472)
Loss: 1.387 | Precision@1: 49.219% (4725/9600)
Loss: 1.385 | Precision@1: 49.208% (4787/9728)
Loss: 1.387 | Precision@1: 49.127% (4842/9856)
Loss: 1.387 | Precision@1: 49.079% (4900/9984)
Loss: 1.386 | Precision@1: 49.100% (4965/10112)
Loss: 1.385 | Precision@1: 49.131% (5031/10240)
Loss: 1.386 | Precision@1: 49.074% (5088/10368)
Loss: 1.386 | Precision@1: 49.028% (5146/10496)
Loss: 1.387 | Precision@1: 48.983% (5204/10624)
Loss: 1.387 | Precision@1: 48.949% (5263/10752)
Loss: 1.386 | Precision@1: 48.980% (5329/10880)
Loss: 1.387 | Precision@1: 48.928% (5386/11008)
Loss: 1.385 | Precision@1: 49.039% (5461/11136)
Loss: 1.386 | Precision@1: 49.015% (5521/11264)
Loss: 1.386 | Precision@1: 48.982% (5580/11392)
Loss: 1.386 | Precision@1: 49.054% (5651/11520)
Loss: 1.385 | Precision@1: 49.081% (5717/11648)
Loss: 1.384 | Precision@1: 49.083% (5780/11776)
Loss: 1.384 | Precision@1: 49.076% (5842/11904)
Loss: 1.383 | Precision@1: 49.136% (5912/12032)
Loss: 1.383 | Precision@1: 49.169% (5979/12160)
Loss: 1.383 | Precision@1: 49.129% (6037/12288)
Loss: 1.382 | Precision@1: 49.203% (6109/12416)
Loss: 1.381 | Precision@1: 49.211% (6173/12544)
Loss: 1.381 | Precision@1: 49.219% (6237/12672)
Loss: 1.380 | Precision@1: 49.266% (6306/12800)
Loss: 1.380 | Precision@1: 49.350% (6380/12928)
Loss: 1.379 | Precision@1: 49.357% (6444/13056)
Loss: 1.378 | Precision@1: 49.401% (6513/13184)
Loss: 1.378 | Precision@1: 49.354% (6570/13312)
Loss: 1.377 | Precision@1: 49.345% (6632/13440)
Loss: 1.377 | Precision@1: 49.359% (6697/13568)
Loss: 1.378 | Precision@1: 49.394% (6765/13696)
Loss: 1.377 | Precision@1: 49.378% (6826/13824)
Loss: 1.378 | Precision@1: 49.369% (6888/13952)
Loss: 1.378 | Precision@1: 49.403% (6956/14080)
Loss: 1.376 | Precision@1: 49.444% (7025/14208)
Loss: 1.376 | Precision@1: 49.407% (7083/14336)
Loss: 1.377 | Precision@1: 49.378% (7142/14464)
Loss: 1.377 | Precision@1: 49.445% (7215/14592)
Loss: 1.376 | Precision@1: 49.457% (7280/14720)
Loss: 1.375 | Precision@1: 49.495% (7349/14848)
Loss: 1.373 | Precision@1: 49.553% (7421/14976)
Loss: 1.372 | Precision@1: 49.603% (7492/15104)
Loss: 1.372 | Precision@1: 49.645% (7562/15232)
Loss: 1.370 | Precision@1: 49.720% (7637/15360)
Loss: 1.371 | Precision@1: 49.735% (7703/15488)
Loss: 1.371 | Precision@1: 49.769% (7772/15616)
Loss: 1.370 | Precision@1: 49.822% (7844/15744)
Loss: 1.370 | Precision@1: 49.830% (7909/15872)
Loss: 1.369 | Precision@1: 49.856% (7977/16000)
Loss: 1.369 | Precision@1: 49.833% (8037/16128)
Loss: 1.369 | Precision@1: 49.920% (8115/16256)
Loss: 1.367 | Precision@1: 49.994% (8191/16384)
Loss: 1.369 | Precision@1: 49.939% (8246/16512)
Loss: 1.369 | Precision@1: 49.976% (8316/16640)
Loss: 1.369 | Precision@1: 50.000% (8384/16768)
Loss: 1.368 | Precision@1: 49.988% (8446/16896)
Loss: 1.368 | Precision@1: 50.012% (8514/17024)
Loss: 1.369 | Precision@1: 49.994% (8575/17152)
Loss: 1.368 | Precision@1: 49.983% (8637/17280)
Loss: 1.369 | Precision@1: 49.994% (8703/17408)
Loss: 1.368 | Precision@1: 50.000% (8768/17536)
Loss: 1.369 | Precision@1: 49.983% (8829/17664)
Loss: 1.369 | Precision@1: 49.983% (8893/17792)
Loss: 1.370 | Precision@1: 49.978% (8956/17920)
Loss: 1.370 | Precision@1: 49.945% (9014/18048)
Loss: 1.372 | Precision@1: 49.906% (9071/18176)
Loss: 1.372 | Precision@1: 49.913% (9136/18304)
Loss: 1.371 | Precision@1: 49.951% (9207/18432)
Loss: 1.370 | Precision@1: 49.968% (9274/18560)
Loss: 1.371 | Precision@1: 49.979% (9340/18688)
Loss: 1.371 | Precision@1: 49.989% (9406/18816)
Loss: 1.370 | Precision@1: 49.963% (9465/18944)
Loss: 1.371 | Precision@1: 49.932% (9523/19072)
Loss: 1.371 | Precision@1: 49.927% (9586/19200)
Loss: 1.371 | Precision@1: 49.928% (9650/19328)
Loss: 1.371 | Precision@1: 49.949% (9718/19456)
Loss: 1.371 | Precision@1: 49.959% (9784/19584)
Loss: 1.371 | Precision@1: 49.929% (9842/19712)
Loss: 1.370 | Precision@1: 50.000% (9920/19840)
Loss: 1.370 | Precision@1: 50.025% (9989/19968)
Loss: 1.370 | Precision@1: 50.065% (10061/20096)
Loss: 1.370 | Precision@1: 50.054% (10123/20224)
Loss: 1.370 | Precision@1: 50.079% (10192/20352)
Loss: 1.369 | Precision@1: 50.073% (10255/20480)
Loss: 1.369 | Precision@1: 50.102% (10325/20608)
Loss: 1.367 | Precision@1: 50.116% (10392/20736)
Loss: 1.368 | Precision@1: 50.110% (10455/20864)
Loss: 1.367 | Precision@1: 50.105% (10518/20992)
Loss: 1.367 | Precision@1: 50.109% (10583/21120)
Loss: 1.365 | Precision@1: 50.155% (10657/21248)
Loss: 1.365 | Precision@1: 50.164% (10723/21376)
Loss: 1.365 | Precision@1: 50.181% (10791/21504)
Loss: 1.363 | Precision@1: 50.254% (10871/21632)
Loss: 1.363 | Precision@1: 50.271% (10939/21760)
Loss: 1.363 | Precision@1: 50.260% (11001/21888)
Loss: 1.363 | Precision@1: 50.259% (11065/22016)
Loss: 1.362 | Precision@1: 50.280% (11134/22144)
Loss: 1.362 | Precision@1: 50.310% (11205/22272)
Loss: 1.362 | Precision@1: 50.286% (11264/22400)
Loss: 1.361 | Precision@1: 50.328% (11338/22528)
Loss: 1.361 | Precision@1: 50.327% (11402/22656)
Loss: 1.360 | Precision@1: 50.360% (11474/22784)
Loss: 1.359 | Precision@1: 50.415% (11551/22912)
Loss: 1.359 | Precision@1: 50.417% (11616/23040)
Loss: 1.359 | Precision@1: 50.419% (11681/23168)
Loss: 1.359 | Precision@1: 50.442% (11751/23296)
Loss: 1.360 | Precision@1: 50.388% (11803/23424)
Loss: 1.359 | Precision@1: 50.425% (11876/23552)
Loss: 1.359 | Precision@1: 50.431% (11942/23680)
Loss: 1.359 | Precision@1: 50.445% (12010/23808)
Loss: 1.358 | Precision@1: 50.464% (12079/23936)
Loss: 1.356 | Precision@1: 50.507% (12154/24064)
Loss: 1.356 | Precision@1: 50.537% (12226/24192)
Loss: 1.356 | Precision@1: 50.555% (12295/24320)
Loss: 1.355 | Precision@1: 50.560% (12361/24448)
Loss: 1.355 | Precision@1: 50.566% (12427/24576)
Loss: 1.354 | Precision@1: 50.567% (12492/24704)
Loss: 1.353 | Precision@1: 50.620% (12570/24832)
Loss: 1.352 | Precision@1: 50.669% (12647/24960)
Loss: 1.351 | Precision@1: 50.690% (12717/25088)
Loss: 1.351 | Precision@1: 50.706% (12786/25216)
Loss: 1.351 | Precision@1: 50.758% (12864/25344)
Loss: 1.350 | Precision@1: 50.758% (12929/25472)
Loss: 1.350 | Precision@1: 50.758% (12994/25600)
Loss: 1.349 | Precision@1: 50.789% (13067/25728)
Loss: 1.348 | Precision@1: 50.816% (13139/25856)
Loss: 1.348 | Precision@1: 50.847% (13212/25984)
Loss: 1.347 | Precision@1: 50.846% (13277/26112)
Loss: 1.347 | Precision@1: 50.877% (13350/26240)
Loss: 1.347 | Precision@1: 50.884% (13417/26368)
Loss: 1.346 | Precision@1: 50.891% (13484/26496)
Loss: 1.345 | Precision@1: 50.928% (13559/26624)
Loss: 1.345 | Precision@1: 50.938% (13627/26752)
Loss: 1.344 | Precision@1: 50.956% (13697/26880)
Loss: 1.344 | Precision@1: 50.989% (13771/27008)
Loss: 1.343 | Precision@1: 50.988% (13836/27136)
Loss: 1.342 | Precision@1: 51.049% (13918/27264)
Loss: 1.342 | Precision@1: 51.095% (13996/27392)
Loss: 1.341 | Precision@1: 51.126% (14070/27520)
Loss: 1.341 | Precision@1: 51.128% (14136/27648)
Loss: 1.340 | Precision@1: 51.163% (14211/27776)
Loss: 1.339 | Precision@1: 51.201% (14287/27904)
Loss: 1.339 | Precision@1: 51.206% (14354/28032)
Loss: 1.338 | Precision@1: 51.225% (14425/28160)
Loss: 1.338 | Precision@1: 51.237% (14494/28288)
Loss: 1.338 | Precision@1: 51.253% (14564/28416)
Loss: 1.338 | Precision@1: 51.261% (14632/28544)
Loss: 1.338 | Precision@1: 51.277% (14702/28672)
Loss: 1.338 | Precision@1: 51.299% (14774/28800)
Loss: 1.337 | Precision@1: 51.300% (14840/28928)
Loss: 1.337 | Precision@1: 51.325% (14913/29056)
Loss: 1.338 | Precision@1: 51.282% (14966/29184)
Loss: 1.338 | Precision@1: 51.279% (15031/29312)
Loss: 1.338 | Precision@1: 51.291% (15100/29440)
Loss: 1.338 | Precision@1: 51.302% (15169/29568)
Loss: 1.337 | Precision@1: 51.330% (15243/29696)
Loss: 1.336 | Precision@1: 51.375% (15322/29824)
Loss: 1.336 | Precision@1: 51.412% (15399/29952)
Loss: 1.336 | Precision@1: 51.426% (15469/30080)
Loss: 1.336 | Precision@1: 51.427% (15535/30208)
Loss: 1.335 | Precision@1: 51.454% (15609/30336)
Loss: 1.335 | Precision@1: 51.451% (15674/30464)
Loss: 1.335 | Precision@1: 51.487% (15751/30592)
Loss: 1.335 | Precision@1: 51.465% (15810/30720)
Loss: 1.334 | Precision@1: 51.462% (15875/30848)
Loss: 1.334 | Precision@1: 51.459% (15940/30976)
Loss: 1.334 | Precision@1: 51.456% (16005/31104)
Loss: 1.334 | Precision@1: 51.482% (16079/31232)
Loss: 1.333 | Precision@1: 51.508% (16153/31360)
Loss: 1.333 | Precision@1: 51.489% (16213/31488)
Loss: 1.332 | Precision@1: 51.512% (16286/31616)
Loss: 1.332 | Precision@1: 51.531% (16358/31744)
Loss: 1.331 | Precision@1: 51.553% (16431/31872)
Loss: 1.330 | Precision@1: 51.578% (16505/32000)
Loss: 1.330 | Precision@1: 51.587% (16574/32128)
Loss: 1.330 | Precision@1: 51.618% (16650/32256)
Loss: 1.330 | Precision@1: 51.600% (16710/32384)
Loss: 1.330 | Precision@1: 51.599% (16776/32512)
Loss: 1.330 | Precision@1: 51.599% (16842/32640)
Loss: 1.330 | Precision@1: 51.602% (16909/32768)
Loss: 1.329 | Precision@1: 51.632% (16985/32896)
Loss: 1.329 | Precision@1: 51.647% (17056/33024)
Loss: 1.329 | Precision@1: 51.653% (17124/33152)
Loss: 1.329 | Precision@1: 51.677% (17198/33280)
Loss: 1.329 | Precision@1: 51.670% (17262/33408)
Loss: 1.328 | Precision@1: 51.715% (17343/33536)
Loss: 1.328 | Precision@1: 51.729% (17414/33664)
Loss: 1.328 | Precision@1: 51.719% (17477/33792)
Loss: 1.327 | Precision@1: 51.754% (17555/33920)
Loss: 1.326 | Precision@1: 51.783% (17631/34048)
Loss: 1.326 | Precision@1: 51.794% (17701/34176)
Loss: 1.326 | Precision@1: 51.778% (17762/34304)
Loss: 1.325 | Precision@1: 51.792% (17833/34432)
Loss: 1.325 | Precision@1: 51.806% (17904/34560)
Loss: 1.324 | Precision@1: 51.831% (17979/34688)
Loss: 1.325 | Precision@1: 51.818% (18041/34816)
Loss: 1.325 | Precision@1: 51.814% (18106/34944)
Loss: 1.324 | Precision@1: 51.819% (18174/35072)
Loss: 1.324 | Precision@1: 51.827% (18243/35200)
Loss: 1.324 | Precision@1: 51.837% (18313/35328)
Loss: 1.324 | Precision@1: 51.845% (18382/35456)
Loss: 1.324 | Precision@1: 51.841% (18447/35584)
Loss: 1.323 | Precision@1: 51.879% (18527/35712)
Loss: 1.323 | Precision@1: 51.875% (18592/35840)
Loss: 1.322 | Precision@1: 51.899% (18667/35968)
Loss: 1.322 | Precision@1: 51.923% (18742/36096)
Loss: 1.322 | Precision@1: 51.957% (18821/36224)
Loss: 1.321 | Precision@1: 51.975% (18894/36352)
Loss: 1.321 | Precision@1: 51.987% (18965/36480)
Loss: 1.321 | Precision@1: 52.005% (19038/36608)
Loss: 1.320 | Precision@1: 52.020% (19110/36736)
Loss: 1.320 | Precision@1: 52.053% (19189/36864)
Loss: 1.319 | Precision@1: 52.092% (19270/36992)
Loss: 1.319 | Precision@1: 52.085% (19334/37120)
Loss: 1.319 | Precision@1: 52.081% (19399/37248)
Loss: 1.319 | Precision@1: 52.100% (19473/37376)
Loss: 1.319 | Precision@1: 52.098% (19539/37504)
Loss: 1.318 | Precision@1: 52.136% (19620/37632)
Loss: 1.318 | Precision@1: 52.156% (19694/37760)
Loss: 1.318 | Precision@1: 52.159% (19762/37888)
Loss: 1.318 | Precision@1: 52.144% (19823/38016)
Loss: 1.317 | Precision@1: 52.142% (19889/38144)
Loss: 1.317 | Precision@1: 52.156% (19961/38272)
Loss: 1.317 | Precision@1: 52.146% (20024/38400)
Loss: 1.317 | Precision@1: 52.154% (20094/38528)
Loss: 1.316 | Precision@1: 52.183% (20172/38656)
Loss: 1.316 | Precision@1: 52.186% (20240/38784)
Loss: 1.316 | Precision@1: 52.213% (20317/38912)
Loss: 1.315 | Precision@1: 52.236% (20393/39040)
Loss: 1.315 | Precision@1: 52.262% (20470/39168)
Loss: 1.314 | Precision@1: 52.288% (20547/39296)
Loss: 1.314 | Precision@1: 52.280% (20611/39424)
Loss: 1.314 | Precision@1: 52.291% (20682/39552)
Loss: 1.314 | Precision@1: 52.301% (20753/39680)
Loss: 1.314 | Precision@1: 52.306% (20822/39808)
Loss: 1.314 | Precision@1: 52.291% (20883/39936)
Loss: 1.314 | Precision@1: 52.314% (20959/40064)
Loss: 1.313 | Precision@1: 52.334% (21034/40192)
Loss: 1.313 | Precision@1: 52.344% (21105/40320)
Loss: 1.313 | Precision@1: 52.334% (21168/40448)
Loss: 1.313 | Precision@1: 52.354% (21243/40576)
Loss: 1.312 | Precision@1: 52.371% (21317/40704)
Loss: 1.312 | Precision@1: 52.385% (21390/40832)
Loss: 1.311 | Precision@1: 52.410% (21467/40960)
Loss: 1.311 | Precision@1: 52.422% (21539/41088)
Loss: 1.310 | Precision@1: 52.426% (21608/41216)
Loss: 1.310 | Precision@1: 52.443% (21682/41344)
Loss: 1.309 | Precision@1: 52.488% (21768/41472)
Loss: 1.308 | Precision@1: 52.524% (21850/41600)
Loss: 1.309 | Precision@1: 52.531% (21920/41728)
Loss: 1.308 | Precision@1: 52.564% (22001/41856)
Loss: 1.308 | Precision@1: 52.544% (22060/41984)
Loss: 1.308 | Precision@1: 52.557% (22133/42112)
Loss: 1.307 | Precision@1: 52.569% (22205/42240)
Loss: 1.307 | Precision@1: 52.587% (22280/42368)
Loss: 1.307 | Precision@1: 52.600% (22353/42496)
Loss: 1.307 | Precision@1: 52.595% (22418/42624)
Loss: 1.307 | Precision@1: 52.582% (22480/42752)
Loss: 1.306 | Precision@1: 52.603% (22556/42880)
Loss: 1.306 | Precision@1: 52.616% (22629/43008)
Loss: 1.305 | Precision@1: 52.647% (22710/43136)
Loss: 1.305 | Precision@1: 52.660% (22783/43264)
Loss: 1.304 | Precision@1: 52.694% (22865/43392)
Loss: 1.304 | Precision@1: 52.698% (22934/43520)
Loss: 1.303 | Precision@1: 52.726% (23014/43648)
Loss: 1.303 | Precision@1: 52.769% (23100/43776)
Loss: 1.302 | Precision@1: 52.806% (23184/43904)
Loss: 1.302 | Precision@1: 52.809% (23253/44032)
Loss: 1.302 | Precision@1: 52.794% (23314/44160)
Loss: 1.301 | Precision@1: 52.804% (23386/44288)
Loss: 1.300 | Precision@1: 52.832% (23466/44416)
Loss: 1.299 | Precision@1: 52.862% (23547/44544)
Loss: 1.299 | Precision@1: 52.845% (23607/44672)
Loss: 1.299 | Precision@1: 52.859% (23681/44800)
Loss: 1.299 | Precision@1: 52.862% (23750/44928)
Loss: 1.299 | Precision@1: 52.863% (23818/45056)
Loss: 1.298 | Precision@1: 52.875% (23891/45184)
Loss: 1.298 | Precision@1: 52.900% (23970/45312)
Loss: 1.297 | Precision@1: 52.940% (24056/45440)
Loss: 1.297 | Precision@1: 52.956% (24131/45568)
Loss: 1.296 | Precision@1: 52.963% (24202/45696)
Loss: 1.296 | Precision@1: 52.964% (24270/45824)
Loss: 1.295 | Precision@1: 52.986% (24348/45952)
Loss: 1.295 | Precision@1: 52.988% (24417/46080)
Loss: 1.295 | Precision@1: 53.019% (24499/46208)
Loss: 1.294 | Precision@1: 53.062% (24587/46336)
Loss: 1.294 | Precision@1: 53.073% (24660/46464)
Loss: 1.293 | Precision@1: 53.093% (24737/46592)
Loss: 1.293 | Precision@1: 53.112% (24814/46720)
Loss: 1.292 | Precision@1: 53.123% (24887/46848)
Loss: 1.293 | Precision@1: 53.129% (24958/46976)
Loss: 1.292 | Precision@1: 53.150% (25036/47104)
Loss: 1.292 | Precision@1: 53.172% (25114/47232)
Loss: 1.291 | Precision@1: 53.214% (25202/47360)
Loss: 1.290 | Precision@1: 53.224% (25275/47488)
Loss: 1.290 | Precision@1: 53.236% (25349/47616)
Loss: 1.290 | Precision@1: 53.236% (25417/47744)
Loss: 1.290 | Precision@1: 53.238% (25486/47872)
Loss: 1.289 | Precision@1: 53.258% (25564/48000)
Loss: 1.288 | Precision@1: 53.293% (25649/48128)
Loss: 1.288 | Precision@1: 53.312% (25726/48256)
Loss: 1.287 | Precision@1: 53.330% (25803/48384)
Loss: 1.287 | Precision@1: 53.344% (25878/48512)
Loss: 1.287 | Precision@1: 53.359% (25954/48640)
Loss: 1.287 | Precision@1: 53.349% (26017/48768)
Loss: 1.287 | Precision@1: 53.368% (26095/48896)
Loss: 1.286 | Precision@1: 53.400% (26179/49024)
Loss: 1.285 | Precision@1: 53.406% (26250/49152)
Loss: 1.285 | Precision@1: 53.417% (26324/49280)
Loss: 1.284 | Precision@1: 53.451% (26409/49408)
Loss: 1.284 | Precision@1: 53.456% (26480/49536)
Loss: 1.284 | Precision@1: 53.479% (26560/49664)
Loss: 1.284 | Precision@1: 53.484% (26631/49792)
Loss: 1.283 | Precision@1: 53.492% (26703/49920)
Loss: 1.284 | Precision@1: 53.474% (26737/50000)

Aggregates: 			
 	 DataLoader Time: 1.1455 			
 	 Mini-batch Time:52.9194 			
 	 Training Epoch Time:53.6264
 			
 Averages: 			
 	 Training Loss: 1.2835

 Test set Averages: Loss: 1.217 | Precision@1: 56.760% (5676/10000)

Epoch: 3
Loss: 1.100 | Precision@1: 60.938% (78/128)
Loss: 1.114 | Precision@1: 59.375% (152/256)
Loss: 1.133 | Precision@1: 59.115% (227/384)
Loss: 1.096 | Precision@1: 60.742% (311/512)
Loss: 1.130 | Precision@1: 60.000% (384/640)
Loss: 1.126 | Precision@1: 61.068% (469/768)
Loss: 1.142 | Precision@1: 60.156% (539/896)
Loss: 1.139 | Precision@1: 60.156% (616/1024)
Loss: 1.153 | Precision@1: 59.549% (686/1152)
Loss: 1.147 | Precision@1: 59.922% (767/1280)
Loss: 1.143 | Precision@1: 60.014% (845/1408)
Loss: 1.153 | Precision@1: 59.505% (914/1536)
Loss: 1.142 | Precision@1: 59.736% (994/1664)
Loss: 1.139 | Precision@1: 59.542% (1067/1792)
Loss: 1.136 | Precision@1: 59.271% (1138/1920)
Loss: 1.136 | Precision@1: 59.277% (1214/2048)
Loss: 1.128 | Precision@1: 59.605% (1297/2176)
Loss: 1.129 | Precision@1: 59.635% (1374/2304)
Loss: 1.130 | Precision@1: 59.663% (1451/2432)
Loss: 1.128 | Precision@1: 59.805% (1531/2560)
Loss: 1.128 | Precision@1: 59.635% (1603/2688)
Loss: 1.124 | Precision@1: 59.695% (1681/2816)
Loss: 1.122 | Precision@1: 59.647% (1756/2944)
Loss: 1.126 | Precision@1: 59.635% (1832/3072)
Loss: 1.126 | Precision@1: 59.656% (1909/3200)
Loss: 1.128 | Precision@1: 59.615% (1984/3328)
Loss: 1.123 | Precision@1: 59.867% (2069/3456)
Loss: 1.125 | Precision@1: 59.849% (2145/3584)
Loss: 1.130 | Precision@1: 59.779% (2219/3712)
Loss: 1.126 | Precision@1: 59.896% (2300/3840)
Loss: 1.127 | Precision@1: 59.854% (2375/3968)
Loss: 1.125 | Precision@1: 59.937% (2455/4096)
Loss: 1.123 | Precision@1: 59.967% (2533/4224)
Loss: 1.123 | Precision@1: 59.995% (2611/4352)
Loss: 1.122 | Precision@1: 59.821% (2680/4480)
Loss: 1.116 | Precision@1: 60.026% (2766/4608)
Loss: 1.118 | Precision@1: 59.903% (2837/4736)
Loss: 1.118 | Precision@1: 59.868% (2912/4864)
Loss: 1.121 | Precision@1: 59.976% (2994/4992)
Loss: 1.118 | Precision@1: 59.961% (3070/5120)
Loss: 1.117 | Precision@1: 59.985% (3148/5248)
Loss: 1.112 | Precision@1: 60.138% (3233/5376)
Loss: 1.112 | Precision@1: 60.011% (3303/5504)
Loss: 1.109 | Precision@1: 60.103% (3385/5632)
Loss: 1.109 | Precision@1: 60.191% (3467/5760)
Loss: 1.105 | Precision@1: 60.377% (3555/5888)
Loss: 1.107 | Precision@1: 60.273% (3626/6016)
Loss: 1.105 | Precision@1: 60.319% (3706/6144)
Loss: 1.104 | Precision@1: 60.332% (3784/6272)
Loss: 1.102 | Precision@1: 60.438% (3868/6400)
Loss: 1.099 | Precision@1: 60.524% (3951/6528)
Loss: 1.101 | Precision@1: 60.382% (4019/6656)
Loss: 1.101 | Precision@1: 60.392% (4097/6784)
Loss: 1.104 | Precision@1: 60.315% (4169/6912)
Loss: 1.105 | Precision@1: 60.384% (4251/7040)
Loss: 1.107 | Precision@1: 60.282% (4321/7168)
Loss: 1.106 | Precision@1: 60.266% (4397/7296)
Loss: 1.107 | Precision@1: 60.183% (4468/7424)
Loss: 1.106 | Precision@1: 60.222% (4548/7552)
Loss: 1.103 | Precision@1: 60.312% (4632/7680)
Loss: 1.103 | Precision@1: 60.297% (4708/7808)
Loss: 1.105 | Precision@1: 60.244% (4781/7936)
Loss: 1.106 | Precision@1: 60.131% (4849/8064)
Loss: 1.106 | Precision@1: 60.205% (4932/8192)
Loss: 1.104 | Precision@1: 60.240% (5012/8320)
Loss: 1.105 | Precision@1: 60.263% (5091/8448)
Loss: 1.106 | Precision@1: 60.226% (5165/8576)
Loss: 1.106 | Precision@1: 60.271% (5246/8704)
Loss: 1.107 | Precision@1: 60.179% (5315/8832)
Loss: 1.108 | Precision@1: 60.112% (5386/8960)
Loss: 1.111 | Precision@1: 60.057% (5458/9088)
Loss: 1.110 | Precision@1: 60.113% (5540/9216)
Loss: 1.108 | Precision@1: 60.188% (5624/9344)
Loss: 1.107 | Precision@1: 60.167% (5699/9472)
Loss: 1.105 | Precision@1: 60.240% (5783/9600)
Loss: 1.105 | Precision@1: 60.177% (5854/9728)
Loss: 1.105 | Precision@1: 60.207% (5934/9856)
Loss: 1.103 | Precision@1: 60.246% (6015/9984)
Loss: 1.101 | Precision@1: 60.334% (6101/10112)
Loss: 1.102 | Precision@1: 60.205% (6165/10240)
Loss: 1.105 | Precision@1: 60.089% (6230/10368)
Loss: 1.107 | Precision@1: 60.051% (6303/10496)
Loss: 1.106 | Precision@1: 60.119% (6387/10624)
Loss: 1.106 | Precision@1: 60.147% (6467/10752)
Loss: 1.107 | Precision@1: 60.138% (6543/10880)
Loss: 1.106 | Precision@1: 60.174% (6624/11008)
Loss: 1.104 | Precision@1: 60.246% (6709/11136)
Loss: 1.104 | Precision@1: 60.289% (6791/11264)
Loss: 1.102 | Precision@1: 60.367% (6877/11392)
Loss: 1.100 | Precision@1: 60.469% (6966/11520)
Loss: 1.098 | Precision@1: 60.525% (7050/11648)
Loss: 1.100 | Precision@1: 60.513% (7126/11776)
Loss: 1.098 | Precision@1: 60.568% (7210/11904)
Loss: 1.097 | Precision@1: 60.572% (7288/12032)
Loss: 1.097 | Precision@1: 60.600% (7369/12160)
Loss: 1.099 | Precision@1: 60.514% (7436/12288)
Loss: 1.100 | Precision@1: 60.454% (7506/12416)
Loss: 1.100 | Precision@1: 60.491% (7588/12544)
Loss: 1.101 | Precision@1: 60.559% (7674/12672)
Loss: 1.099 | Precision@1: 60.617% (7759/12800)
Loss: 1.099 | Precision@1: 60.636% (7839/12928)
Loss: 1.100 | Precision@1: 60.616% (7914/13056)
Loss: 1.101 | Precision@1: 60.551% (7983/13184)
Loss: 1.100 | Precision@1: 60.607% (8068/13312)
Loss: 1.100 | Precision@1: 60.603% (8145/13440)
Loss: 1.099 | Precision@1: 60.643% (8228/13568)
Loss: 1.098 | Precision@1: 60.624% (8303/13696)
Loss: 1.097 | Precision@1: 60.655% (8385/13824)
Loss: 1.096 | Precision@1: 60.665% (8464/13952)
Loss: 1.096 | Precision@1: 60.661% (8541/14080)
Loss: 1.096 | Precision@1: 60.677% (8621/14208)
Loss: 1.094 | Precision@1: 60.756% (8710/14336)
Loss: 1.094 | Precision@1: 60.751% (8787/14464)
Loss: 1.093 | Precision@1: 60.752% (8865/14592)
Loss: 1.093 | Precision@1: 60.727% (8939/14720)
Loss: 1.091 | Precision@1: 60.816% (9030/14848)
Loss: 1.090 | Precision@1: 60.864% (9115/14976)
Loss: 1.091 | Precision@1: 60.865% (9193/15104)
Loss: 1.091 | Precision@1: 60.898% (9276/15232)
Loss: 1.090 | Precision@1: 60.924% (9358/15360)
Loss: 1.091 | Precision@1: 60.905% (9433/15488)
Loss: 1.093 | Precision@1: 60.873% (9506/15616)
Loss: 1.092 | Precision@1: 60.906% (9589/15744)
Loss: 1.092 | Precision@1: 60.900% (9666/15872)
Loss: 1.093 | Precision@1: 60.856% (9737/16000)
Loss: 1.093 | Precision@1: 60.913% (9824/16128)
Loss: 1.093 | Precision@1: 60.894% (9899/16256)
Loss: 1.092 | Precision@1: 60.895% (9977/16384)
Loss: 1.092 | Precision@1: 60.919% (10059/16512)
Loss: 1.091 | Precision@1: 60.962% (10144/16640)
Loss: 1.091 | Precision@1: 60.985% (10226/16768)
Loss: 1.091 | Precision@1: 61.009% (10308/16896)
Loss: 1.090 | Precision@1: 60.996% (10384/17024)
Loss: 1.090 | Precision@1: 60.984% (10460/17152)
Loss: 1.090 | Precision@1: 61.007% (10542/17280)
Loss: 1.089 | Precision@1: 61.035% (10625/17408)
Loss: 1.090 | Precision@1: 61.034% (10703/17536)
Loss: 1.091 | Precision@1: 61.017% (10778/17664)
Loss: 1.092 | Precision@1: 61.011% (10855/17792)
Loss: 1.092 | Precision@1: 60.988% (10929/17920)
Loss: 1.091 | Precision@1: 61.021% (11013/18048)
Loss: 1.092 | Precision@1: 60.982% (11084/18176)
Loss: 1.091 | Precision@1: 61.041% (11173/18304)
Loss: 1.090 | Precision@1: 61.084% (11259/18432)
Loss: 1.090 | Precision@1: 61.067% (11334/18560)
Loss: 1.090 | Precision@1: 61.039% (11407/18688)
Loss: 1.090 | Precision@1: 61.033% (11484/18816)
Loss: 1.091 | Precision@1: 61.006% (11557/18944)
Loss: 1.091 | Precision@1: 61.006% (11635/19072)
Loss: 1.090 | Precision@1: 61.031% (11718/19200)
Loss: 1.090 | Precision@1: 61.041% (11798/19328)
Loss: 1.090 | Precision@1: 61.025% (11873/19456)
Loss: 1.090 | Precision@1: 60.983% (11943/19584)
Loss: 1.089 | Precision@1: 61.029% (12030/19712)
Loss: 1.089 | Precision@1: 61.038% (12110/19840)
Loss: 1.088 | Precision@1: 61.103% (12201/19968)
Loss: 1.089 | Precision@1: 61.112% (12281/20096)
Loss: 1.089 | Precision@1: 61.140% (12365/20224)
Loss: 1.090 | Precision@1: 61.095% (12434/20352)
Loss: 1.090 | Precision@1: 61.099% (12513/20480)
Loss: 1.090 | Precision@1: 61.102% (12592/20608)
Loss: 1.089 | Precision@1: 61.164% (12683/20736)
Loss: 1.089 | Precision@1: 61.158% (12760/20864)
Loss: 1.089 | Precision@1: 61.152% (12837/20992)
Loss: 1.090 | Precision@1: 61.117% (12908/21120)
Loss: 1.089 | Precision@1: 61.093% (12981/21248)
Loss: 1.088 | Precision@1: 61.125% (13066/21376)
Loss: 1.088 | Precision@1: 61.119% (13143/21504)
Loss: 1.087 | Precision@1: 61.155% (13229/21632)
Loss: 1.087 | Precision@1: 61.181% (13313/21760)
Loss: 1.086 | Precision@1: 61.225% (13401/21888)
Loss: 1.085 | Precision@1: 61.269% (13489/22016)
Loss: 1.084 | Precision@1: 61.303% (13575/22144)
Loss: 1.085 | Precision@1: 61.261% (13644/22272)
Loss: 1.085 | Precision@1: 61.272% (13725/22400)
Loss: 1.084 | Precision@1: 61.315% (13813/22528)
Loss: 1.083 | Precision@1: 61.335% (13896/22656)
Loss: 1.082 | Precision@1: 61.394% (13988/22784)
Loss: 1.081 | Precision@1: 61.409% (14070/22912)
Loss: 1.082 | Precision@1: 61.406% (14148/23040)
Loss: 1.081 | Precision@1: 61.404% (14226/23168)
Loss: 1.081 | Precision@1: 61.440% (14313/23296)
Loss: 1.080 | Precision@1: 61.463% (14397/23424)
Loss: 1.080 | Precision@1: 61.477% (14479/23552)
Loss: 1.079 | Precision@1: 61.486% (14560/23680)
Loss: 1.079 | Precision@1: 61.513% (14645/23808)
Loss: 1.079 | Precision@1: 61.522% (14726/23936)
Loss: 1.079 | Precision@1: 61.557% (14813/24064)
Loss: 1.078 | Precision@1: 61.553% (14891/24192)
Loss: 1.079 | Precision@1: 61.554% (14970/24320)
Loss: 1.078 | Precision@1: 61.592% (15058/24448)
Loss: 1.078 | Precision@1: 61.609% (15141/24576)
Loss: 1.077 | Precision@1: 61.622% (15223/24704)
Loss: 1.077 | Precision@1: 61.638% (15306/24832)
Loss: 1.076 | Precision@1: 61.659% (15390/24960)
Loss: 1.077 | Precision@1: 61.631% (15462/25088)
Loss: 1.077 | Precision@1: 61.628% (15540/25216)
Loss: 1.077 | Precision@1: 61.596% (15611/25344)
Loss: 1.077 | Precision@1: 61.589% (15688/25472)
Loss: 1.077 | Precision@1: 61.609% (15772/25600)
Loss: 1.078 | Precision@1: 61.587% (15845/25728)
Loss: 1.078 | Precision@1: 61.576% (15921/25856)
Loss: 1.079 | Precision@1: 61.576% (16000/25984)
Loss: 1.079 | Precision@1: 61.604% (16086/26112)
Loss: 1.079 | Precision@1: 61.562% (16154/26240)
Loss: 1.078 | Precision@1: 61.586% (16239/26368)
Loss: 1.078 | Precision@1: 61.590% (16319/26496)
Loss: 1.078 | Precision@1: 61.587% (16397/26624)
Loss: 1.078 | Precision@1: 61.622% (16485/26752)
Loss: 1.077 | Precision@1: 61.637% (16568/26880)
Loss: 1.077 | Precision@1: 61.660% (16653/27008)
Loss: 1.077 | Precision@1: 61.667% (16734/27136)
Loss: 1.077 | Precision@1: 61.656% (16810/27264)
Loss: 1.075 | Precision@1: 61.719% (16906/27392)
Loss: 1.075 | Precision@1: 61.726% (16987/27520)
Loss: 1.075 | Precision@1: 61.740% (17070/27648)
Loss: 1.075 | Precision@1: 61.776% (17159/27776)
Loss: 1.075 | Precision@1: 61.762% (17234/27904)
Loss: 1.074 | Precision@1: 61.804% (17325/28032)
Loss: 1.074 | Precision@1: 61.829% (17411/28160)
Loss: 1.073 | Precision@1: 61.853% (17497/28288)
Loss: 1.073 | Precision@1: 61.856% (17577/28416)
Loss: 1.074 | Precision@1: 61.813% (17644/28544)
Loss: 1.073 | Precision@1: 61.844% (17732/28672)
Loss: 1.073 | Precision@1: 61.833% (17808/28800)
Loss: 1.072 | Precision@1: 61.847% (17891/28928)
Loss: 1.072 | Precision@1: 61.850% (17971/29056)
Loss: 1.072 | Precision@1: 61.859% (18053/29184)
Loss: 1.071 | Precision@1: 61.896% (18143/29312)
Loss: 1.071 | Precision@1: 61.889% (18220/29440)
Loss: 1.070 | Precision@1: 61.912% (18306/29568)
Loss: 1.071 | Precision@1: 61.874% (18374/29696)
Loss: 1.071 | Precision@1: 61.873% (18453/29824)
Loss: 1.070 | Precision@1: 61.899% (18540/29952)
Loss: 1.069 | Precision@1: 61.941% (18632/30080)
Loss: 1.069 | Precision@1: 61.937% (18710/30208)
Loss: 1.069 | Precision@1: 62.009% (18811/30336)
Loss: 1.069 | Precision@1: 62.001% (18888/30464)
Loss: 1.068 | Precision@1: 62.052% (18983/30592)
Loss: 1.067 | Precision@1: 62.067% (19067/30720)
Loss: 1.067 | Precision@1: 62.082% (19151/30848)
Loss: 1.067 | Precision@1: 62.103% (19237/30976)
Loss: 1.067 | Precision@1: 62.079% (19309/31104)
Loss: 1.067 | Precision@1: 62.090% (19392/31232)
Loss: 1.066 | Precision@1: 62.136% (19486/31360)
Loss: 1.065 | Precision@1: 62.141% (19567/31488)
Loss: 1.065 | Precision@1: 62.162% (19653/31616)
Loss: 1.064 | Precision@1: 62.179% (19738/31744)
Loss: 1.065 | Precision@1: 62.171% (19815/31872)
Loss: 1.064 | Precision@1: 62.181% (19898/32000)
Loss: 1.064 | Precision@1: 62.204% (19985/32128)
Loss: 1.063 | Precision@1: 62.243% (20077/32256)
Loss: 1.063 | Precision@1: 62.228% (20152/32384)
Loss: 1.063 | Precision@1: 62.248% (20238/32512)
Loss: 1.063 | Precision@1: 62.264% (20323/32640)
Loss: 1.062 | Precision@1: 62.277% (20407/32768)
Loss: 1.062 | Precision@1: 62.299% (20494/32896)
Loss: 1.061 | Precision@1: 62.324% (20582/33024)
Loss: 1.060 | Precision@1: 62.340% (20667/33152)
Loss: 1.060 | Precision@1: 62.356% (20752/33280)
Loss: 1.060 | Precision@1: 62.380% (20840/33408)
Loss: 1.059 | Precision@1: 62.414% (20931/33536)
Loss: 1.059 | Precision@1: 62.408% (21009/33664)
Loss: 1.059 | Precision@1: 62.417% (21092/33792)
Loss: 1.058 | Precision@1: 62.438% (21179/33920)
Loss: 1.058 | Precision@1: 62.441% (21260/34048)
Loss: 1.057 | Precision@1: 62.471% (21350/34176)
Loss: 1.057 | Precision@1: 62.468% (21429/34304)
Loss: 1.057 | Precision@1: 62.483% (21514/34432)
Loss: 1.056 | Precision@1: 62.488% (21596/34560)
Loss: 1.056 | Precision@1: 62.500% (21680/34688)
Loss: 1.056 | Precision@1: 62.509% (21763/34816)
Loss: 1.055 | Precision@1: 62.523% (21848/34944)
Loss: 1.055 | Precision@1: 62.509% (21923/35072)
Loss: 1.056 | Precision@1: 62.497% (21999/35200)
Loss: 1.056 | Precision@1: 62.506% (22082/35328)
Loss: 1.056 | Precision@1: 62.506% (22162/35456)
Loss: 1.057 | Precision@1: 62.494% (22238/35584)
Loss: 1.056 | Precision@1: 62.500% (22320/35712)
Loss: 1.057 | Precision@1: 62.508% (22403/35840)
Loss: 1.057 | Precision@1: 62.489% (22476/35968)
Loss: 1.057 | Precision@1: 62.489% (22556/36096)
Loss: 1.057 | Precision@1: 62.492% (22637/36224)
Loss: 1.057 | Precision@1: 62.506% (22722/36352)
Loss: 1.057 | Precision@1: 62.481% (22793/36480)
Loss: 1.057 | Precision@1: 62.486% (22875/36608)
Loss: 1.057 | Precision@1: 62.495% (22958/36736)
Loss: 1.056 | Precision@1: 62.538% (23054/36864)
Loss: 1.056 | Precision@1: 62.522% (23128/36992)
Loss: 1.055 | Precision@1: 62.540% (23215/37120)
Loss: 1.055 | Precision@1: 62.540% (23295/37248)
Loss: 1.055 | Precision@1: 62.562% (23383/37376)
Loss: 1.055 | Precision@1: 62.580% (23470/37504)
Loss: 1.054 | Precision@1: 62.572% (23547/37632)
Loss: 1.055 | Precision@1: 62.579% (23630/37760)
Loss: 1.055 | Precision@1: 62.584% (23712/37888)
Loss: 1.055 | Precision@1: 62.579% (23790/38016)
Loss: 1.054 | Precision@1: 62.597% (23877/38144)
Loss: 1.054 | Precision@1: 62.591% (23955/38272)
Loss: 1.054 | Precision@1: 62.557% (24022/38400)
Loss: 1.054 | Precision@1: 62.557% (24102/38528)
Loss: 1.054 | Precision@1: 62.549% (24179/38656)
Loss: 1.054 | Precision@1: 62.562% (24264/38784)
Loss: 1.054 | Precision@1: 62.580% (24351/38912)
Loss: 1.054 | Precision@1: 62.610% (24443/39040)
Loss: 1.054 | Precision@1: 62.607% (24522/39168)
Loss: 1.053 | Precision@1: 62.622% (24608/39296)
Loss: 1.054 | Precision@1: 62.607% (24682/39424)
Loss: 1.054 | Precision@1: 62.606% (24762/39552)
Loss: 1.054 | Precision@1: 62.613% (24845/39680)
Loss: 1.053 | Precision@1: 62.623% (24929/39808)
Loss: 1.053 | Precision@1: 62.623% (25009/39936)
Loss: 1.053 | Precision@1: 62.620% (25088/40064)
Loss: 1.053 | Precision@1: 62.627% (25171/40192)
Loss: 1.053 | Precision@1: 62.626% (25251/40320)
Loss: 1.053 | Precision@1: 62.643% (25338/40448)
Loss: 1.053 | Precision@1: 62.640% (25417/40576)
Loss: 1.052 | Precision@1: 62.660% (25505/40704)
Loss: 1.052 | Precision@1: 62.659% (25585/40832)
Loss: 1.052 | Precision@1: 62.659% (25665/40960)
Loss: 1.052 | Precision@1: 62.673% (25751/41088)
Loss: 1.052 | Precision@1: 62.680% (25834/41216)
Loss: 1.051 | Precision@1: 62.701% (25923/41344)
Loss: 1.051 | Precision@1: 62.715% (26009/41472)
Loss: 1.052 | Precision@1: 62.685% (26077/41600)
Loss: 1.052 | Precision@1: 62.680% (26155/41728)
Loss: 1.052 | Precision@1: 62.674% (26233/41856)
Loss: 1.052 | Precision@1: 62.679% (26315/41984)
Loss: 1.051 | Precision@1: 62.692% (26401/42112)
Loss: 1.051 | Precision@1: 62.696% (26483/42240)
Loss: 1.051 | Precision@1: 62.698% (26564/42368)
Loss: 1.051 | Precision@1: 62.709% (26649/42496)
Loss: 1.051 | Precision@1: 62.713% (26731/42624)
Loss: 1.051 | Precision@1: 62.699% (26805/42752)
Loss: 1.051 | Precision@1: 62.712% (26891/42880)
Loss: 1.052 | Precision@1: 62.712% (26971/43008)
Loss: 1.052 | Precision@1: 62.688% (27041/43136)
Loss: 1.051 | Precision@1: 62.722% (27136/43264)
Loss: 1.051 | Precision@1: 62.735% (27222/43392)
Loss: 1.050 | Precision@1: 62.734% (27302/43520)
Loss: 1.050 | Precision@1: 62.738% (27384/43648)
Loss: 1.050 | Precision@1: 62.744% (27467/43776)
Loss: 1.050 | Precision@1: 62.725% (27539/43904)
Loss: 1.050 | Precision@1: 62.736% (27624/44032)
Loss: 1.050 | Precision@1: 62.749% (27710/44160)
Loss: 1.050 | Precision@1: 62.753% (27792/44288)
Loss: 1.050 | Precision@1: 62.754% (27873/44416)
Loss: 1.049 | Precision@1: 62.781% (27965/44544)
Loss: 1.049 | Precision@1: 62.784% (28047/44672)
Loss: 1.049 | Precision@1: 62.797% (28133/44800)
Loss: 1.049 | Precision@1: 62.787% (28209/44928)
Loss: 1.050 | Precision@1: 62.780% (28286/45056)
Loss: 1.050 | Precision@1: 62.779% (28366/45184)
Loss: 1.050 | Precision@1: 62.787% (28450/45312)
Loss: 1.049 | Precision@1: 62.795% (28534/45440)
Loss: 1.049 | Precision@1: 62.779% (28607/45568)
Loss: 1.050 | Precision@1: 62.774% (28685/45696)
Loss: 1.049 | Precision@1: 62.766% (28762/45824)
Loss: 1.049 | Precision@1: 62.789% (28853/45952)
Loss: 1.049 | Precision@1: 62.808% (28942/46080)
Loss: 1.048 | Precision@1: 62.801% (29019/46208)
Loss: 1.048 | Precision@1: 62.817% (29107/46336)
Loss: 1.048 | Precision@1: 62.838% (29197/46464)
Loss: 1.047 | Precision@1: 62.869% (29292/46592)
Loss: 1.047 | Precision@1: 62.890% (29382/46720)
Loss: 1.047 | Precision@1: 62.882% (29459/46848)
Loss: 1.046 | Precision@1: 62.890% (29543/46976)
Loss: 1.047 | Precision@1: 62.884% (29621/47104)
Loss: 1.046 | Precision@1: 62.896% (29707/47232)
Loss: 1.046 | Precision@1: 62.903% (29791/47360)
Loss: 1.046 | Precision@1: 62.917% (29878/47488)
Loss: 1.046 | Precision@1: 62.926% (29963/47616)
Loss: 1.046 | Precision@1: 62.923% (30042/47744)
Loss: 1.045 | Precision@1: 62.932% (30127/47872)
Loss: 1.045 | Precision@1: 62.942% (30212/48000)
Loss: 1.045 | Precision@1: 62.953% (30298/48128)
Loss: 1.045 | Precision@1: 62.958% (30381/48256)
Loss: 1.045 | Precision@1: 62.948% (30457/48384)
Loss: 1.044 | Precision@1: 62.962% (30544/48512)
Loss: 1.044 | Precision@1: 62.954% (30621/48640)
Loss: 1.044 | Precision@1: 62.957% (30703/48768)
Loss: 1.044 | Precision@1: 62.977% (30793/48896)
Loss: 1.044 | Precision@1: 62.981% (30876/49024)
Loss: 1.043 | Precision@1: 63.007% (30969/49152)
Loss: 1.043 | Precision@1: 63.015% (31054/49280)
Loss: 1.043 | Precision@1: 63.016% (31135/49408)
Loss: 1.043 | Precision@1: 63.019% (31217/49536)
Loss: 1.043 | Precision@1: 63.017% (31297/49664)
Loss: 1.043 | Precision@1: 63.036% (31387/49792)
Loss: 1.042 | Precision@1: 63.039% (31469/49920)
Loss: 1.042 | Precision@1: 63.044% (31522/50000)

Aggregates: 			
 	 DataLoader Time: 1.1270 			
 	 Mini-batch Time:53.6799 			
 	 Training Epoch Time:54.3805
 			
 Averages: 			
 	 Training Loss: 1.0419

 Test set Averages: Loss: 1.119 | Precision@1: 60.860% (6086/10000)

Epoch: 4
Loss: 0.866 | Precision@1: 67.188% (86/128)
Loss: 0.971 | Precision@1: 64.062% (164/256)
Loss: 0.960 | Precision@1: 64.844% (249/384)
Loss: 0.970 | Precision@1: 63.281% (324/512)
Loss: 0.967 | Precision@1: 64.062% (410/640)
Loss: 0.954 | Precision@1: 64.323% (494/768)
Loss: 0.933 | Precision@1: 64.844% (581/896)
Loss: 0.922 | Precision@1: 65.820% (674/1024)
Loss: 0.923 | Precision@1: 66.319% (764/1152)
Loss: 0.929 | Precision@1: 66.719% (854/1280)
Loss: 0.927 | Precision@1: 66.832% (941/1408)
Loss: 0.922 | Precision@1: 67.318% (1034/1536)
Loss: 0.909 | Precision@1: 68.029% (1132/1664)
Loss: 0.904 | Precision@1: 68.248% (1223/1792)
Loss: 0.913 | Precision@1: 67.917% (1304/1920)
Loss: 0.914 | Precision@1: 67.969% (1392/2048)
Loss: 0.926 | Precision@1: 67.509% (1469/2176)
Loss: 0.924 | Precision@1: 67.361% (1552/2304)
Loss: 0.918 | Precision@1: 67.434% (1640/2432)
Loss: 0.919 | Precision@1: 67.344% (1724/2560)
Loss: 0.915 | Precision@1: 67.299% (1809/2688)
Loss: 0.909 | Precision@1: 67.578% (1903/2816)
Loss: 0.911 | Precision@1: 67.561% (1989/2944)
Loss: 0.907 | Precision@1: 67.448% (2072/3072)
Loss: 0.914 | Precision@1: 67.406% (2157/3200)
Loss: 0.918 | Precision@1: 67.218% (2237/3328)
Loss: 0.923 | Precision@1: 67.159% (2321/3456)
Loss: 0.931 | Precision@1: 66.797% (2394/3584)
Loss: 0.936 | Precision@1: 66.783% (2479/3712)
Loss: 0.933 | Precision@1: 66.797% (2565/3840)
Loss: 0.933 | Precision@1: 66.784% (2650/3968)
Loss: 0.936 | Precision@1: 66.528% (2725/4096)
Loss: 0.939 | Precision@1: 66.430% (2806/4224)
Loss: 0.942 | Precision@1: 66.268% (2884/4352)
Loss: 0.941 | Precision@1: 66.339% (2972/4480)
Loss: 0.940 | Precision@1: 66.428% (3061/4608)
Loss: 0.939 | Precision@1: 66.533% (3151/4736)
Loss: 0.939 | Precision@1: 66.509% (3235/4864)
Loss: 0.940 | Precision@1: 66.466% (3318/4992)
Loss: 0.941 | Precision@1: 66.406% (3400/5120)
Loss: 0.941 | Precision@1: 66.330% (3481/5248)
Loss: 0.941 | Precision@1: 66.276% (3563/5376)
Loss: 0.939 | Precision@1: 66.461% (3658/5504)
Loss: 0.935 | Precision@1: 66.584% (3750/5632)
Loss: 0.932 | Precision@1: 66.632% (3838/5760)
Loss: 0.933 | Precision@1: 66.678% (3926/5888)
Loss: 0.933 | Precision@1: 66.755% (4016/6016)
Loss: 0.933 | Precision@1: 66.764% (4102/6144)
Loss: 0.936 | Precision@1: 66.645% (4180/6272)
Loss: 0.937 | Precision@1: 66.609% (4263/6400)
Loss: 0.936 | Precision@1: 66.559% (4345/6528)
Loss: 0.936 | Precision@1: 66.587% (4432/6656)
Loss: 0.935 | Precision@1: 66.598% (4518/6784)
Loss: 0.937 | Precision@1: 66.536% (4599/6912)
Loss: 0.939 | Precision@1: 66.520% (4683/7040)
Loss: 0.941 | Precision@1: 66.476% (4765/7168)
Loss: 0.941 | Precision@1: 66.502% (4852/7296)
Loss: 0.939 | Precision@1: 66.608% (4945/7424)
Loss: 0.939 | Precision@1: 66.645% (5033/7552)
Loss: 0.937 | Precision@1: 66.654% (5119/7680)
Loss: 0.935 | Precision@1: 66.778% (5214/7808)
Loss: 0.934 | Precision@1: 66.772% (5299/7936)
Loss: 0.936 | Precision@1: 66.667% (5376/8064)
Loss: 0.935 | Precision@1: 66.748% (5468/8192)
Loss: 0.933 | Precision@1: 66.839% (5561/8320)
Loss: 0.932 | Precision@1: 66.927% (5654/8448)
Loss: 0.931 | Precision@1: 66.966% (5743/8576)
Loss: 0.929 | Precision@1: 67.061% (5837/8704)
Loss: 0.929 | Precision@1: 67.063% (5923/8832)
Loss: 0.927 | Precision@1: 67.065% (6009/8960)
Loss: 0.928 | Precision@1: 67.022% (6091/9088)
Loss: 0.929 | Precision@1: 67.036% (6178/9216)
Loss: 0.927 | Precision@1: 67.134% (6273/9344)
Loss: 0.928 | Precision@1: 67.050% (6351/9472)
Loss: 0.929 | Precision@1: 67.021% (6434/9600)
Loss: 0.928 | Precision@1: 67.033% (6521/9728)
Loss: 0.929 | Precision@1: 67.015% (6605/9856)
Loss: 0.927 | Precision@1: 67.087% (6698/9984)
Loss: 0.929 | Precision@1: 67.009% (6776/10112)
Loss: 0.930 | Precision@1: 67.021% (6863/10240)
Loss: 0.929 | Precision@1: 67.014% (6948/10368)
Loss: 0.929 | Precision@1: 67.026% (7035/10496)
Loss: 0.929 | Precision@1: 67.009% (7119/10624)
Loss: 0.930 | Precision@1: 66.992% (7203/10752)
Loss: 0.930 | Precision@1: 67.013% (7291/10880)
Loss: 0.929 | Precision@1: 67.006% (7376/11008)
Loss: 0.929 | Precision@1: 66.972% (7458/11136)
Loss: 0.930 | Precision@1: 66.886% (7534/11264)
Loss: 0.931 | Precision@1: 66.828% (7613/11392)
Loss: 0.930 | Precision@1: 66.866% (7703/11520)
Loss: 0.932 | Precision@1: 66.810% (7782/11648)
Loss: 0.933 | Precision@1: 66.797% (7866/11776)
Loss: 0.934 | Precision@1: 66.767% (7948/11904)
Loss: 0.934 | Precision@1: 66.772% (8034/12032)
Loss: 0.933 | Precision@1: 66.785% (8121/12160)
Loss: 0.932 | Precision@1: 66.821% (8211/12288)
Loss: 0.932 | Precision@1: 66.873% (8303/12416)
Loss: 0.932 | Precision@1: 66.877% (8389/12544)
Loss: 0.930 | Precision@1: 66.974% (8487/12672)
Loss: 0.929 | Precision@1: 67.008% (8577/12800)
Loss: 0.928 | Precision@1: 67.056% (8669/12928)
Loss: 0.926 | Precision@1: 67.111% (8762/13056)
Loss: 0.926 | Precision@1: 67.134% (8851/13184)
Loss: 0.925 | Precision@1: 67.135% (8937/13312)
Loss: 0.925 | Precision@1: 67.113% (9020/13440)
Loss: 0.925 | Precision@1: 67.121% (9107/13568)
Loss: 0.925 | Precision@1: 67.114% (9192/13696)
Loss: 0.924 | Precision@1: 67.151% (9283/13824)
Loss: 0.923 | Precision@1: 67.188% (9374/13952)
Loss: 0.922 | Precision@1: 67.216% (9464/14080)
Loss: 0.921 | Precision@1: 67.293% (9561/14208)
Loss: 0.922 | Precision@1: 67.306% (9649/14336)
Loss: 0.921 | Precision@1: 67.312% (9736/14464)
Loss: 0.922 | Precision@1: 67.311% (9822/14592)
Loss: 0.921 | Precision@1: 67.317% (9909/14720)
Loss: 0.921 | Precision@1: 67.315% (9995/14848)
Loss: 0.922 | Precision@1: 67.281% (10076/14976)
Loss: 0.924 | Precision@1: 67.188% (10148/15104)
Loss: 0.923 | Precision@1: 67.161% (10230/15232)
Loss: 0.924 | Precision@1: 67.188% (10320/15360)
Loss: 0.923 | Precision@1: 67.181% (10405/15488)
Loss: 0.924 | Precision@1: 67.149% (10486/15616)
Loss: 0.923 | Precision@1: 67.162% (10574/15744)
Loss: 0.924 | Precision@1: 67.118% (10653/15872)
Loss: 0.924 | Precision@1: 67.144% (10743/16000)
Loss: 0.924 | Precision@1: 67.119% (10825/16128)
Loss: 0.925 | Precision@1: 67.114% (10910/16256)
Loss: 0.926 | Precision@1: 67.065% (10988/16384)
Loss: 0.927 | Precision@1: 67.054% (11072/16512)
Loss: 0.927 | Precision@1: 67.037% (11155/16640)
Loss: 0.927 | Precision@1: 67.050% (11243/16768)
Loss: 0.926 | Precision@1: 67.105% (11338/16896)
Loss: 0.925 | Precision@1: 67.088% (11421/17024)
Loss: 0.926 | Precision@1: 67.065% (11503/17152)
Loss: 0.926 | Precision@1: 67.078% (11591/17280)
Loss: 0.926 | Precision@1: 67.055% (11673/17408)
Loss: 0.926 | Precision@1: 67.022% (11753/17536)
Loss: 0.926 | Precision@1: 67.018% (11838/17664)
Loss: 0.926 | Precision@1: 66.996% (11920/17792)
Loss: 0.926 | Precision@1: 67.026% (12011/17920)
Loss: 0.926 | Precision@1: 66.999% (12092/18048)
Loss: 0.929 | Precision@1: 66.923% (12164/18176)
Loss: 0.927 | Precision@1: 66.974% (12259/18304)
Loss: 0.928 | Precision@1: 66.965% (12343/18432)
Loss: 0.927 | Precision@1: 66.994% (12434/18560)
Loss: 0.927 | Precision@1: 66.984% (12518/18688)
Loss: 0.926 | Precision@1: 67.012% (12609/18816)
Loss: 0.927 | Precision@1: 66.976% (12688/18944)
Loss: 0.926 | Precision@1: 66.993% (12777/19072)
Loss: 0.926 | Precision@1: 66.974% (12859/19200)
Loss: 0.926 | Precision@1: 66.960% (12942/19328)
Loss: 0.926 | Precision@1: 66.920% (13020/19456)
Loss: 0.927 | Precision@1: 66.917% (13105/19584)
Loss: 0.925 | Precision@1: 66.949% (13197/19712)
Loss: 0.925 | Precision@1: 66.951% (13283/19840)
Loss: 0.924 | Precision@1: 66.982% (13375/19968)
Loss: 0.923 | Precision@1: 67.018% (13468/20096)
Loss: 0.923 | Precision@1: 67.014% (13553/20224)
Loss: 0.924 | Precision@1: 66.996% (13635/20352)
Loss: 0.924 | Precision@1: 67.012% (13724/20480)
Loss: 0.925 | Precision@1: 67.003% (13808/20608)
Loss: 0.925 | Precision@1: 66.999% (13893/20736)
Loss: 0.925 | Precision@1: 66.986% (13976/20864)
Loss: 0.925 | Precision@1: 67.016% (14068/20992)
Loss: 0.925 | Precision@1: 67.022% (14155/21120)
Loss: 0.925 | Precision@1: 66.990% (14234/21248)
Loss: 0.924 | Precision@1: 67.038% (14330/21376)
Loss: 0.925 | Precision@1: 67.029% (14414/21504)
Loss: 0.923 | Precision@1: 67.109% (14517/21632)
Loss: 0.924 | Precision@1: 67.086% (14598/21760)
Loss: 0.924 | Precision@1: 67.092% (14685/21888)
Loss: 0.924 | Precision@1: 67.083% (14769/22016)
Loss: 0.923 | Precision@1: 67.097% (14858/22144)
Loss: 0.923 | Precision@1: 67.102% (14945/22272)
Loss: 0.922 | Precision@1: 67.134% (15038/22400)
Loss: 0.921 | Precision@1: 67.174% (15133/22528)
Loss: 0.922 | Precision@1: 67.161% (15216/22656)
Loss: 0.922 | Precision@1: 67.174% (15305/22784)
Loss: 0.922 | Precision@1: 67.174% (15391/22912)
Loss: 0.922 | Precision@1: 67.170% (15476/23040)
Loss: 0.921 | Precision@1: 67.192% (15567/23168)
Loss: 0.921 | Precision@1: 67.188% (15652/23296)
Loss: 0.921 | Precision@1: 67.209% (15743/23424)
Loss: 0.920 | Precision@1: 67.226% (15833/23552)
Loss: 0.920 | Precision@1: 67.247% (15924/23680)
Loss: 0.919 | Precision@1: 67.301% (16023/23808)
Loss: 0.917 | Precision@1: 67.359% (16123/23936)
Loss: 0.917 | Precision@1: 67.387% (16216/24064)
Loss: 0.917 | Precision@1: 67.353% (16294/24192)
Loss: 0.917 | Precision@1: 67.360% (16382/24320)
Loss: 0.917 | Precision@1: 67.372% (16471/24448)
Loss: 0.917 | Precision@1: 67.395% (16563/24576)
Loss: 0.916 | Precision@1: 67.410% (16653/24704)
Loss: 0.916 | Precision@1: 67.433% (16745/24832)
Loss: 0.916 | Precision@1: 67.436% (16832/24960)
Loss: 0.918 | Precision@1: 67.399% (16909/25088)
Loss: 0.918 | Precision@1: 67.386% (16992/25216)
Loss: 0.918 | Precision@1: 67.393% (17080/25344)
Loss: 0.918 | Precision@1: 67.388% (17165/25472)
Loss: 0.918 | Precision@1: 67.395% (17253/25600)
Loss: 0.918 | Precision@1: 67.394% (17339/25728)
Loss: 0.919 | Precision@1: 67.377% (17421/25856)
Loss: 0.919 | Precision@1: 67.345% (17499/25984)
Loss: 0.919 | Precision@1: 67.364% (17590/26112)
Loss: 0.919 | Precision@1: 67.348% (17672/26240)
Loss: 0.920 | Precision@1: 67.305% (17747/26368)
Loss: 0.920 | Precision@1: 67.323% (17838/26496)
Loss: 0.920 | Precision@1: 67.326% (17925/26624)
Loss: 0.919 | Precision@1: 67.344% (18016/26752)
Loss: 0.918 | Precision@1: 67.366% (18108/26880)
Loss: 0.918 | Precision@1: 67.395% (18202/27008)
Loss: 0.918 | Precision@1: 67.375% (18283/27136)
Loss: 0.918 | Precision@1: 67.389% (18373/27264)
Loss: 0.918 | Precision@1: 67.403% (18463/27392)
Loss: 0.918 | Precision@1: 67.395% (18547/27520)
Loss: 0.918 | Precision@1: 67.383% (18630/27648)
Loss: 0.918 | Precision@1: 67.407% (18723/27776)
Loss: 0.917 | Precision@1: 67.428% (18815/27904)
Loss: 0.917 | Precision@1: 67.444% (18906/28032)
Loss: 0.917 | Precision@1: 67.450% (18994/28160)
Loss: 0.917 | Precision@1: 67.446% (19079/28288)
Loss: 0.917 | Precision@1: 67.434% (19162/28416)
Loss: 0.917 | Precision@1: 67.450% (19253/28544)
Loss: 0.917 | Precision@1: 67.470% (19345/28672)
Loss: 0.917 | Precision@1: 67.493% (19438/28800)
Loss: 0.917 | Precision@1: 67.488% (19523/28928)
Loss: 0.916 | Precision@1: 67.508% (19615/29056)
Loss: 0.917 | Precision@1: 67.503% (19700/29184)
Loss: 0.917 | Precision@1: 67.477% (19779/29312)
Loss: 0.916 | Precision@1: 67.490% (19869/29440)
Loss: 0.916 | Precision@1: 67.475% (19951/29568)
Loss: 0.916 | Precision@1: 67.480% (20039/29696)
Loss: 0.916 | Precision@1: 67.479% (20125/29824)
Loss: 0.916 | Precision@1: 67.488% (20214/29952)
Loss: 0.916 | Precision@1: 67.483% (20299/30080)
Loss: 0.916 | Precision@1: 67.482% (20385/30208)
Loss: 0.916 | Precision@1: 67.468% (20467/30336)
Loss: 0.916 | Precision@1: 67.476% (20556/30464)
Loss: 0.916 | Precision@1: 67.465% (20639/30592)
Loss: 0.916 | Precision@1: 67.474% (20728/30720)
Loss: 0.916 | Precision@1: 67.476% (20815/30848)
Loss: 0.916 | Precision@1: 67.468% (20899/30976)
Loss: 0.916 | Precision@1: 67.461% (20983/31104)
Loss: 0.916 | Precision@1: 67.453% (21067/31232)
Loss: 0.916 | Precision@1: 67.443% (21150/31360)
Loss: 0.916 | Precision@1: 67.461% (21242/31488)
Loss: 0.916 | Precision@1: 67.463% (21329/31616)
Loss: 0.915 | Precision@1: 67.499% (21427/31744)
Loss: 0.915 | Precision@1: 67.489% (21510/31872)
Loss: 0.914 | Precision@1: 67.519% (21606/32000)
Loss: 0.914 | Precision@1: 67.511% (21690/32128)
Loss: 0.914 | Precision@1: 67.510% (21776/32256)
Loss: 0.914 | Precision@1: 67.521% (21866/32384)
Loss: 0.914 | Precision@1: 67.535% (21957/32512)
Loss: 0.914 | Precision@1: 67.525% (22040/32640)
Loss: 0.914 | Precision@1: 67.545% (22133/32768)
Loss: 0.914 | Precision@1: 67.534% (22216/32896)
Loss: 0.913 | Precision@1: 67.554% (22309/33024)
Loss: 0.913 | Precision@1: 67.562% (22398/33152)
Loss: 0.912 | Precision@1: 67.590% (22494/33280)
Loss: 0.913 | Precision@1: 67.580% (22577/33408)
Loss: 0.913 | Precision@1: 67.578% (22663/33536)
Loss: 0.913 | Precision@1: 67.586% (22752/33664)
Loss: 0.913 | Precision@1: 67.566% (22832/33792)
Loss: 0.913 | Precision@1: 67.562% (22917/33920)
Loss: 0.913 | Precision@1: 67.596% (23015/34048)
Loss: 0.913 | Precision@1: 67.612% (23107/34176)
Loss: 0.913 | Precision@1: 67.584% (23184/34304)
Loss: 0.913 | Precision@1: 67.606% (23278/34432)
Loss: 0.912 | Precision@1: 67.613% (23367/34560)
Loss: 0.912 | Precision@1: 67.611% (23453/34688)
Loss: 0.912 | Precision@1: 67.595% (23534/34816)
Loss: 0.911 | Precision@1: 67.634% (23634/34944)
Loss: 0.911 | Precision@1: 67.641% (23723/35072)
Loss: 0.911 | Precision@1: 67.645% (23811/35200)
Loss: 0.910 | Precision@1: 67.655% (23901/35328)
Loss: 0.910 | Precision@1: 67.667% (23992/35456)
Loss: 0.910 | Precision@1: 67.710% (24094/35584)
Loss: 0.909 | Precision@1: 67.728% (24187/35712)
Loss: 0.908 | Precision@1: 67.740% (24278/35840)
Loss: 0.908 | Precision@1: 67.746% (24367/35968)
Loss: 0.908 | Precision@1: 67.758% (24458/36096)
Loss: 0.909 | Precision@1: 67.751% (24542/36224)
Loss: 0.909 | Precision@1: 67.760% (24632/36352)
Loss: 0.909 | Precision@1: 67.738% (24711/36480)
Loss: 0.909 | Precision@1: 67.742% (24799/36608)
Loss: 0.909 | Precision@1: 67.724% (24879/36736)
Loss: 0.909 | Precision@1: 67.716% (24963/36864)
Loss: 0.909 | Precision@1: 67.734% (25056/36992)
Loss: 0.909 | Precision@1: 67.745% (25147/37120)
Loss: 0.909 | Precision@1: 67.741% (25232/37248)
Loss: 0.909 | Precision@1: 67.739% (25318/37376)
Loss: 0.909 | Precision@1: 67.739% (25405/37504)
Loss: 0.908 | Precision@1: 67.751% (25496/37632)
Loss: 0.908 | Precision@1: 67.765% (25588/37760)
Loss: 0.907 | Precision@1: 67.781% (25681/37888)
Loss: 0.908 | Precision@1: 67.782% (25768/38016)
Loss: 0.907 | Precision@1: 67.801% (25862/38144)
Loss: 0.907 | Precision@1: 67.807% (25951/38272)
Loss: 0.907 | Precision@1: 67.812% (26040/38400)
Loss: 0.907 | Precision@1: 67.823% (26131/38528)
Loss: 0.906 | Precision@1: 67.850% (26228/38656)
Loss: 0.907 | Precision@1: 67.842% (26312/38784)
Loss: 0.907 | Precision@1: 67.830% (26394/38912)
Loss: 0.907 | Precision@1: 67.838% (26484/39040)
Loss: 0.907 | Precision@1: 67.846% (26574/39168)
Loss: 0.906 | Precision@1: 67.864% (26668/39296)
Loss: 0.906 | Precision@1: 67.865% (26755/39424)
Loss: 0.906 | Precision@1: 67.840% (26832/39552)
Loss: 0.907 | Precision@1: 67.833% (26916/39680)
Loss: 0.906 | Precision@1: 67.851% (27010/39808)
Loss: 0.906 | Precision@1: 67.841% (27093/39936)
Loss: 0.906 | Precision@1: 67.836% (27178/40064)
Loss: 0.906 | Precision@1: 67.857% (27273/40192)
Loss: 0.905 | Precision@1: 67.879% (27369/40320)
Loss: 0.905 | Precision@1: 67.880% (27456/40448)
Loss: 0.905 | Precision@1: 67.895% (27549/40576)
Loss: 0.904 | Precision@1: 67.932% (27651/40704)
Loss: 0.904 | Precision@1: 67.922% (27734/40832)
Loss: 0.904 | Precision@1: 67.939% (27828/40960)
Loss: 0.904 | Precision@1: 67.920% (27907/41088)
Loss: 0.903 | Precision@1: 67.947% (28005/41216)
Loss: 0.903 | Precision@1: 67.952% (28094/41344)
Loss: 0.903 | Precision@1: 67.947% (28179/41472)
Loss: 0.903 | Precision@1: 67.945% (28265/41600)
Loss: 0.903 | Precision@1: 67.950% (28354/41728)
Loss: 0.903 | Precision@1: 67.964% (28447/41856)
Loss: 0.903 | Precision@1: 67.962% (28533/41984)
Loss: 0.902 | Precision@1: 67.985% (28630/42112)
Loss: 0.902 | Precision@1: 67.978% (28714/42240)
Loss: 0.901 | Precision@1: 67.988% (28805/42368)
Loss: 0.901 | Precision@1: 67.985% (28891/42496)
Loss: 0.901 | Precision@1: 68.006% (28987/42624)
Loss: 0.900 | Precision@1: 68.011% (29076/42752)
Loss: 0.900 | Precision@1: 68.034% (29173/42880)
Loss: 0.900 | Precision@1: 68.057% (29270/43008)
Loss: 0.900 | Precision@1: 68.052% (29355/43136)
Loss: 0.900 | Precision@1: 68.052% (29442/43264)
Loss: 0.900 | Precision@1: 68.052% (29529/43392)
Loss: 0.900 | Precision@1: 68.063% (29621/43520)
Loss: 0.900 | Precision@1: 68.070% (29711/43648)
Loss: 0.900 | Precision@1: 68.065% (29796/43776)
Loss: 0.899 | Precision@1: 68.071% (29886/43904)
Loss: 0.899 | Precision@1: 68.073% (29974/44032)
Loss: 0.899 | Precision@1: 68.080% (30064/44160)
Loss: 0.899 | Precision@1: 68.086% (30154/44288)
Loss: 0.899 | Precision@1: 68.104% (30249/44416)
Loss: 0.899 | Precision@1: 68.101% (30335/44544)
Loss: 0.899 | Precision@1: 68.092% (30418/44672)
Loss: 0.898 | Precision@1: 68.112% (30514/44800)
Loss: 0.898 | Precision@1: 68.109% (30600/44928)
Loss: 0.898 | Precision@1: 68.113% (30689/45056)
Loss: 0.898 | Precision@1: 68.117% (30778/45184)
Loss: 0.897 | Precision@1: 68.132% (30872/45312)
Loss: 0.897 | Precision@1: 68.151% (30968/45440)
Loss: 0.897 | Precision@1: 68.166% (31062/45568)
Loss: 0.897 | Precision@1: 68.168% (31150/45696)
Loss: 0.897 | Precision@1: 68.176% (31241/45824)
Loss: 0.896 | Precision@1: 68.206% (31342/45952)
Loss: 0.896 | Precision@1: 68.201% (31427/46080)
Loss: 0.896 | Precision@1: 68.207% (31517/46208)
Loss: 0.896 | Precision@1: 68.193% (31598/46336)
Loss: 0.896 | Precision@1: 68.212% (31694/46464)
Loss: 0.895 | Precision@1: 68.226% (31788/46592)
Loss: 0.895 | Precision@1: 68.230% (31877/46720)
Loss: 0.896 | Precision@1: 68.227% (31963/46848)
Loss: 0.895 | Precision@1: 68.237% (32055/46976)
Loss: 0.895 | Precision@1: 68.236% (32142/47104)
Loss: 0.895 | Precision@1: 68.242% (32232/47232)
Loss: 0.895 | Precision@1: 68.260% (32328/47360)
Loss: 0.895 | Precision@1: 68.255% (32413/47488)
Loss: 0.895 | Precision@1: 68.248% (32497/47616)
Loss: 0.895 | Precision@1: 68.260% (32590/47744)
Loss: 0.895 | Precision@1: 68.255% (32675/47872)
Loss: 0.895 | Precision@1: 68.250% (32760/48000)
Loss: 0.895 | Precision@1: 68.266% (32855/48128)
Loss: 0.894 | Precision@1: 68.261% (32940/48256)
Loss: 0.894 | Precision@1: 68.264% (33029/48384)
Loss: 0.894 | Precision@1: 68.280% (33124/48512)
Loss: 0.893 | Precision@1: 68.298% (33220/48640)
Loss: 0.893 | Precision@1: 68.317% (33317/48768)
Loss: 0.893 | Precision@1: 68.318% (33405/48896)
Loss: 0.893 | Precision@1: 68.309% (33488/49024)
Loss: 0.893 | Precision@1: 68.313% (33577/49152)
Loss: 0.893 | Precision@1: 68.326% (33671/49280)
Loss: 0.893 | Precision@1: 68.335% (33763/49408)
Loss: 0.892 | Precision@1: 68.354% (33860/49536)
Loss: 0.892 | Precision@1: 68.365% (33953/49664)
Loss: 0.892 | Precision@1: 68.350% (34033/49792)
Loss: 0.892 | Precision@1: 68.359% (34125/49920)
Loss: 0.892 | Precision@1: 68.352% (34176/50000)

Aggregates: 			
 	 DataLoader Time: 1.1749 			
 	 Mini-batch Time:54.0776 			
 	 Training Epoch Time:54.7856
 			
 Averages: 			
 	 Training Loss: 0.8920

 Test set Averages: Loss: 1.082 | Precision@1: 63.970% (6397/10000)
Average dataloader time is 1.15
