Files already downloaded and verified
Files already downloaded and verified
Epoch 1
	Aggregates:
		DataLoader Time:     1.0740
		Mini-batch Time:    41.9658
		Training Epoch Time:   155.8492
	Averages:
		Training Loss:     1.8903
	
		Testing precision@1:     0.4116
Epoch 2
	Aggregates:
		DataLoader Time:     1.0611
		Mini-batch Time:    42.0031
		Training Epoch Time:   157.6124
	Averages:
		Training Loss:     1.4256
	
		Testing precision@1:     0.5137
Epoch 3
	Aggregates:
		DataLoader Time:     1.0605
		Mini-batch Time:    42.4451
		Training Epoch Time:   156.9156
	Averages:
		Training Loss:     1.1620
	
		Testing precision@1:     0.6337
Epoch 4
	Aggregates:
		DataLoader Time:     1.0557
		Mini-batch Time:    41.6759
		Training Epoch Time:   155.9468
	Averages:
		Training Loss:     0.9694
	
		Testing precision@1:     0.6910
Epoch 5
	Aggregates:
		DataLoader Time:     1.0402
		Mini-batch Time:    41.9095
		Training Epoch Time:   155.4677
	Averages:
		Training Loss:     0.8197
	
		Testing precision@1:     0.7256
