model name	: Intel(R) Xeon(R) CPU E5-2609 v3 @ 1.90GHz
Sun Oct 27 17:30:01 2019       
+-----------------------------------------------------------------------------+
| NVIDIA-SMI 418.74       Driver Version: 418.74       CUDA Version: 10.1     |
|-------------------------------+----------------------+----------------------+
| GPU  Name        Persistence-M| Bus-Id        Disp.A | Volatile Uncorr. ECC |
| Fan  Temp  Perf  Pwr:Usage/Cap|         Memory-Usage | GPU-Util  Compute M. |
|===============================+======================+======================|
|   0  GeForce GTX TIT...  On   | 00000000:02:00.0 Off |                  N/A |
| 22%   35C    P2    68W / 250W |    588MiB / 12212MiB |      5%      Default |
+-------------------------------+----------------------+----------------------+
                                                                               
+-----------------------------------------------------------------------------+
| Processes:                                                       GPU Memory |
|  GPU       PID   Type   Process name                             Usage      |
|=============================================================================|
|    0     10023      C   python3                                      576MiB |
+-----------------------------------------------------------------------------+
Files already downloaded and verified
Files already downloaded and verified

Epoch: 0
Loss: 2.361 | Precision@1: 12.500% (16/128)
Loss: 2.845 | Precision@1: 12.891% (33/256)
Loss: 3.406 | Precision@1: 13.021% (50/384)
Loss: 4.170 | Precision@1: 12.109% (62/512)
Loss: 4.947 | Precision@1: 12.188% (78/640)
Loss: 5.038 | Precision@1: 11.198% (86/768)
Loss: 4.967 | Precision@1: 10.938% (98/896)
Loss: 4.953 | Precision@1: 11.719% (120/1024)
Loss: 4.910 | Precision@1: 11.545% (133/1152)
Loss: 4.873 | Precision@1: 11.172% (143/1280)
Loss: 4.686 | Precision@1: 11.719% (165/1408)
Loss: 4.587 | Precision@1: 11.654% (179/1536)
Loss: 4.497 | Precision@1: 11.719% (195/1664)
Loss: 4.432 | Precision@1: 11.830% (212/1792)
Loss: 4.325 | Precision@1: 12.188% (234/1920)
Loss: 4.237 | Precision@1: 12.451% (255/2048)
Loss: 4.157 | Precision@1: 12.408% (270/2176)
Loss: 4.074 | Precision@1: 12.413% (286/2304)
Loss: 3.999 | Precision@1: 12.253% (298/2432)
Loss: 3.934 | Precision@1: 12.539% (321/2560)
Loss: 3.881 | Precision@1: 12.649% (340/2688)
Loss: 3.851 | Precision@1: 12.607% (355/2816)
Loss: 3.788 | Precision@1: 12.534% (369/2944)
Loss: 3.744 | Precision@1: 12.337% (379/3072)
Loss: 3.698 | Precision@1: 12.469% (399/3200)
Loss: 3.657 | Precision@1: 12.440% (414/3328)
Loss: 3.614 | Precision@1: 12.471% (431/3456)
Loss: 3.571 | Precision@1: 12.416% (445/3584)
Loss: 3.548 | Precision@1: 12.338% (458/3712)
Loss: 3.527 | Precision@1: 12.370% (475/3840)
Loss: 3.508 | Precision@1: 12.298% (488/3968)
Loss: 3.476 | Precision@1: 12.402% (508/4096)
Loss: 3.447 | Precision@1: 12.547% (530/4224)
Loss: 3.412 | Precision@1: 12.615% (549/4352)
Loss: 3.388 | Precision@1: 12.857% (576/4480)
Loss: 3.357 | Precision@1: 12.977% (598/4608)
Loss: 3.326 | Precision@1: 13.176% (624/4736)
Loss: 3.297 | Precision@1: 13.281% (646/4864)
Loss: 3.269 | Precision@1: 13.401% (669/4992)
Loss: 3.242 | Precision@1: 13.496% (691/5120)
Loss: 3.217 | Precision@1: 13.605% (714/5248)
Loss: 3.194 | Precision@1: 13.672% (735/5376)
Loss: 3.168 | Precision@1: 13.972% (769/5504)
Loss: 3.143 | Precision@1: 14.151% (797/5632)
Loss: 3.124 | Precision@1: 14.236% (820/5760)
Loss: 3.102 | Precision@1: 14.368% (846/5888)
Loss: 3.085 | Precision@1: 14.445% (869/6016)
Loss: 3.063 | Precision@1: 14.665% (901/6144)
Loss: 3.043 | Precision@1: 14.796% (928/6272)
Loss: 3.029 | Precision@1: 14.953% (957/6400)
Loss: 3.017 | Precision@1: 14.951% (976/6528)
Loss: 3.001 | Precision@1: 14.949% (995/6656)
Loss: 2.983 | Precision@1: 15.109% (1025/6784)
Loss: 2.968 | Precision@1: 15.205% (1051/6912)
Loss: 2.950 | Precision@1: 15.398% (1084/7040)
Loss: 2.937 | Precision@1: 15.555% (1115/7168)
Loss: 2.923 | Precision@1: 15.652% (1142/7296)
Loss: 2.909 | Precision@1: 15.679% (1164/7424)
Loss: 2.896 | Precision@1: 15.744% (1189/7552)
Loss: 2.884 | Precision@1: 15.820% (1215/7680)
Loss: 2.872 | Precision@1: 15.907% (1242/7808)
Loss: 2.858 | Precision@1: 16.016% (1271/7936)
Loss: 2.846 | Precision@1: 16.146% (1302/8064)
Loss: 2.834 | Precision@1: 16.235% (1330/8192)
Loss: 2.824 | Precision@1: 16.286% (1355/8320)
Loss: 2.814 | Precision@1: 16.288% (1376/8448)
Loss: 2.805 | Precision@1: 16.325% (1400/8576)
Loss: 2.794 | Precision@1: 16.360% (1424/8704)
Loss: 2.783 | Precision@1: 16.463% (1454/8832)
Loss: 2.772 | Precision@1: 16.518% (1480/8960)
Loss: 2.763 | Precision@1: 16.681% (1516/9088)
Loss: 2.752 | Precision@1: 16.688% (1538/9216)
Loss: 2.742 | Precision@1: 16.802% (1570/9344)
Loss: 2.732 | Precision@1: 16.807% (1592/9472)
Loss: 2.722 | Precision@1: 16.865% (1619/9600)
Loss: 2.713 | Precision@1: 16.941% (1648/9728)
Loss: 2.705 | Precision@1: 17.025% (1678/9856)
Loss: 2.696 | Precision@1: 17.017% (1699/9984)
Loss: 2.687 | Precision@1: 17.128% (1732/10112)
Loss: 2.678 | Precision@1: 17.227% (1764/10240)
Loss: 2.669 | Precision@1: 17.274% (1791/10368)
Loss: 2.660 | Precision@1: 17.378% (1824/10496)
Loss: 2.651 | Precision@1: 17.479% (1857/10624)
Loss: 2.643 | Precision@1: 17.634% (1896/10752)
Loss: 2.635 | Precision@1: 17.730% (1929/10880)
Loss: 2.629 | Precision@1: 17.769% (1956/11008)
Loss: 2.621 | Precision@1: 17.798% (1982/11136)
Loss: 2.614 | Precision@1: 17.915% (2018/11264)
Loss: 2.608 | Precision@1: 17.986% (2049/11392)
Loss: 2.602 | Precision@1: 18.003% (2074/11520)
Loss: 2.595 | Precision@1: 18.080% (2106/11648)
Loss: 2.588 | Precision@1: 18.198% (2143/11776)
Loss: 2.581 | Precision@1: 18.288% (2177/11904)
Loss: 2.574 | Precision@1: 18.376% (2211/12032)
Loss: 2.569 | Precision@1: 18.413% (2239/12160)
Loss: 2.563 | Precision@1: 18.498% (2273/12288)
Loss: 2.556 | Precision@1: 18.597% (2309/12416)
Loss: 2.551 | Precision@1: 18.614% (2335/12544)
Loss: 2.545 | Precision@1: 18.584% (2355/12672)
Loss: 2.540 | Precision@1: 18.609% (2382/12800)
Loss: 2.533 | Precision@1: 18.673% (2414/12928)
Loss: 2.528 | Precision@1: 18.696% (2441/13056)
Loss: 2.523 | Precision@1: 18.735% (2470/13184)
Loss: 2.519 | Precision@1: 18.810% (2504/13312)
Loss: 2.514 | Precision@1: 18.899% (2540/13440)
Loss: 2.509 | Precision@1: 18.978% (2575/13568)
Loss: 2.502 | Precision@1: 19.049% (2609/13696)
Loss: 2.496 | Precision@1: 19.104% (2641/13824)
Loss: 2.491 | Precision@1: 19.137% (2670/13952)
Loss: 2.487 | Precision@1: 19.112% (2691/14080)
Loss: 2.481 | Precision@1: 19.179% (2725/14208)
Loss: 2.477 | Precision@1: 19.196% (2752/14336)
Loss: 2.472 | Precision@1: 19.220% (2780/14464)
Loss: 2.468 | Precision@1: 19.257% (2810/14592)
Loss: 2.463 | Precision@1: 19.334% (2846/14720)
Loss: 2.459 | Precision@1: 19.363% (2875/14848)
Loss: 2.453 | Precision@1: 19.478% (2917/14976)
Loss: 2.449 | Precision@1: 19.571% (2956/15104)
Loss: 2.445 | Precision@1: 19.590% (2984/15232)
Loss: 2.442 | Precision@1: 19.655% (3019/15360)
Loss: 2.437 | Precision@1: 19.712% (3053/15488)
Loss: 2.432 | Precision@1: 19.832% (3097/15616)
Loss: 2.428 | Precision@1: 19.874% (3129/15744)
Loss: 2.422 | Precision@1: 19.960% (3168/15872)
Loss: 2.418 | Precision@1: 20.025% (3204/16000)
Loss: 2.415 | Precision@1: 20.009% (3227/16128)
Loss: 2.412 | Precision@1: 20.060% (3261/16256)
Loss: 2.408 | Precision@1: 20.105% (3294/16384)
Loss: 2.403 | Precision@1: 20.179% (3332/16512)
Loss: 2.398 | Precision@1: 20.294% (3377/16640)
Loss: 2.393 | Precision@1: 20.366% (3415/16768)
Loss: 2.390 | Precision@1: 20.389% (3445/16896)
Loss: 2.387 | Precision@1: 20.471% (3485/17024)
Loss: 2.383 | Precision@1: 20.487% (3514/17152)
Loss: 2.380 | Precision@1: 20.567% (3554/17280)
Loss: 2.375 | Precision@1: 20.651% (3595/17408)
Loss: 2.372 | Precision@1: 20.689% (3628/17536)
Loss: 2.368 | Precision@1: 20.726% (3661/17664)
Loss: 2.364 | Precision@1: 20.818% (3704/17792)
Loss: 2.361 | Precision@1: 20.882% (3742/17920)
Loss: 2.357 | Precision@1: 20.916% (3775/18048)
Loss: 2.354 | Precision@1: 20.956% (3809/18176)
Loss: 2.351 | Precision@1: 20.990% (3842/18304)
Loss: 2.347 | Precision@1: 21.099% (3889/18432)
Loss: 2.344 | Precision@1: 21.148% (3925/18560)
Loss: 2.341 | Precision@1: 21.201% (3962/18688)
Loss: 2.337 | Precision@1: 21.264% (4001/18816)
Loss: 2.335 | Precision@1: 21.300% (4035/18944)
Loss: 2.332 | Precision@1: 21.340% (4070/19072)
Loss: 2.330 | Precision@1: 21.401% (4109/19200)
Loss: 2.327 | Precision@1: 21.446% (4145/19328)
Loss: 2.324 | Precision@1: 21.484% (4180/19456)
Loss: 2.321 | Precision@1: 21.497% (4210/19584)
Loss: 2.317 | Precision@1: 21.520% (4242/19712)
Loss: 2.314 | Precision@1: 21.552% (4276/19840)
Loss: 2.311 | Precision@1: 21.549% (4303/19968)
Loss: 2.307 | Precision@1: 21.626% (4346/20096)
Loss: 2.304 | Precision@1: 21.717% (4392/20224)
Loss: 2.301 | Precision@1: 21.733% (4423/20352)
Loss: 2.297 | Precision@1: 21.802% (4465/20480)
Loss: 2.295 | Precision@1: 21.841% (4501/20608)
Loss: 2.293 | Precision@1: 21.870% (4535/20736)
Loss: 2.289 | Precision@1: 21.909% (4571/20864)
Loss: 2.287 | Precision@1: 21.966% (4611/20992)
Loss: 2.284 | Precision@1: 22.003% (4647/21120)
Loss: 2.281 | Precision@1: 22.059% (4687/21248)
Loss: 2.278 | Precision@1: 22.123% (4729/21376)
Loss: 2.275 | Precision@1: 22.191% (4772/21504)
Loss: 2.273 | Precision@1: 22.199% (4802/21632)
Loss: 2.271 | Precision@1: 22.201% (4831/21760)
Loss: 2.268 | Precision@1: 22.254% (4871/21888)
Loss: 2.265 | Precision@1: 22.311% (4912/22016)
Loss: 2.262 | Precision@1: 22.399% (4960/22144)
Loss: 2.260 | Precision@1: 22.414% (4992/22272)
Loss: 2.257 | Precision@1: 22.460% (5031/22400)
Loss: 2.255 | Precision@1: 22.523% (5074/22528)
Loss: 2.252 | Precision@1: 22.568% (5113/22656)
Loss: 2.249 | Precision@1: 22.599% (5149/22784)
Loss: 2.247 | Precision@1: 22.626% (5184/22912)
Loss: 2.244 | Precision@1: 22.669% (5223/23040)
Loss: 2.242 | Precision@1: 22.760% (5273/23168)
Loss: 2.240 | Precision@1: 22.798% (5311/23296)
Loss: 2.237 | Precision@1: 22.861% (5355/23424)
Loss: 2.234 | Precision@1: 22.911% (5396/23552)
Loss: 2.232 | Precision@1: 22.965% (5438/23680)
Loss: 2.229 | Precision@1: 23.013% (5479/23808)
Loss: 2.227 | Precision@1: 23.070% (5522/23936)
Loss: 2.224 | Precision@1: 23.138% (5568/24064)
Loss: 2.222 | Precision@1: 23.181% (5608/24192)
Loss: 2.220 | Precision@1: 23.240% (5652/24320)
Loss: 2.218 | Precision@1: 23.311% (5699/24448)
Loss: 2.215 | Precision@1: 23.352% (5739/24576)
Loss: 2.213 | Precision@1: 23.425% (5787/24704)
Loss: 2.211 | Precision@1: 23.474% (5829/24832)
Loss: 2.209 | Precision@1: 23.518% (5870/24960)
Loss: 2.207 | Precision@1: 23.597% (5920/25088)
Loss: 2.205 | Precision@1: 23.632% (5959/25216)
Loss: 2.203 | Precision@1: 23.655% (5995/25344)
Loss: 2.201 | Precision@1: 23.701% (6037/25472)
Loss: 2.199 | Precision@1: 23.742% (6078/25600)
Loss: 2.196 | Precision@1: 23.807% (6125/25728)
Loss: 2.194 | Precision@1: 23.875% (6173/25856)
Loss: 2.191 | Precision@1: 23.934% (6219/25984)
Loss: 2.190 | Precision@1: 23.974% (6260/26112)
Loss: 2.188 | Precision@1: 24.013% (6301/26240)
Loss: 2.186 | Precision@1: 24.006% (6330/26368)
Loss: 2.184 | Precision@1: 24.038% (6369/26496)
Loss: 2.182 | Precision@1: 24.091% (6414/26624)
Loss: 2.181 | Precision@1: 24.103% (6448/26752)
Loss: 2.179 | Precision@1: 24.129% (6486/26880)
Loss: 2.177 | Precision@1: 24.171% (6528/27008)
Loss: 2.174 | Precision@1: 24.222% (6573/27136)
Loss: 2.172 | Precision@1: 24.296% (6624/27264)
Loss: 2.170 | Precision@1: 24.336% (6666/27392)
Loss: 2.168 | Precision@1: 24.364% (6705/27520)
Loss: 2.167 | Precision@1: 24.432% (6755/27648)
Loss: 2.165 | Precision@1: 24.467% (6796/27776)
Loss: 2.163 | Precision@1: 24.548% (6850/27904)
Loss: 2.161 | Precision@1: 24.590% (6893/28032)
Loss: 2.158 | Precision@1: 24.645% (6940/28160)
Loss: 2.156 | Precision@1: 24.685% (6983/28288)
Loss: 2.155 | Precision@1: 24.704% (7020/28416)
Loss: 2.153 | Precision@1: 24.744% (7063/28544)
Loss: 2.152 | Precision@1: 24.745% (7095/28672)
Loss: 2.151 | Precision@1: 24.771% (7134/28800)
Loss: 2.150 | Precision@1: 24.813% (7178/28928)
Loss: 2.148 | Precision@1: 24.869% (7226/29056)
Loss: 2.146 | Precision@1: 24.921% (7273/29184)
Loss: 2.145 | Precision@1: 24.932% (7308/29312)
Loss: 2.143 | Precision@1: 24.976% (7353/29440)
Loss: 2.142 | Precision@1: 25.007% (7394/29568)
Loss: 2.140 | Precision@1: 25.034% (7434/29696)
Loss: 2.138 | Precision@1: 25.101% (7486/29824)
Loss: 2.136 | Precision@1: 25.164% (7537/29952)
Loss: 2.135 | Precision@1: 25.209% (7583/30080)
Loss: 2.133 | Precision@1: 25.228% (7621/30208)
Loss: 2.131 | Precision@1: 25.257% (7662/30336)
Loss: 2.130 | Precision@1: 25.295% (7706/30464)
Loss: 2.128 | Precision@1: 25.353% (7756/30592)
Loss: 2.126 | Precision@1: 25.426% (7811/30720)
Loss: 2.125 | Precision@1: 25.441% (7848/30848)
Loss: 2.123 | Precision@1: 25.497% (7898/30976)
Loss: 2.122 | Precision@1: 25.547% (7946/31104)
Loss: 2.120 | Precision@1: 25.573% (7987/31232)
Loss: 2.118 | Precision@1: 25.619% (8034/31360)
Loss: 2.116 | Precision@1: 25.654% (8078/31488)
Loss: 2.115 | Precision@1: 25.667% (8115/31616)
Loss: 2.113 | Precision@1: 25.740% (8171/31744)
Loss: 2.112 | Precision@1: 25.759% (8210/31872)
Loss: 2.110 | Precision@1: 25.825% (8264/32000)
Loss: 2.108 | Precision@1: 25.834% (8300/32128)
Loss: 2.106 | Precision@1: 25.862% (8342/32256)
Loss: 2.105 | Precision@1: 25.920% (8394/32384)
Loss: 2.103 | Precision@1: 25.957% (8439/32512)
Loss: 2.102 | Precision@1: 25.993% (8484/32640)
Loss: 2.100 | Precision@1: 26.019% (8526/32768)
Loss: 2.098 | Precision@1: 26.064% (8574/32896)
Loss: 2.096 | Precision@1: 26.126% (8628/33024)
Loss: 2.095 | Precision@1: 26.125% (8661/33152)
Loss: 2.094 | Precision@1: 26.127% (8695/33280)
Loss: 2.092 | Precision@1: 26.152% (8737/33408)
Loss: 2.091 | Precision@1: 26.181% (8780/33536)
Loss: 2.089 | Precision@1: 26.215% (8825/33664)
Loss: 2.088 | Precision@1: 26.249% (8870/33792)
Loss: 2.087 | Precision@1: 26.279% (8914/33920)
Loss: 2.085 | Precision@1: 26.310% (8958/34048)
Loss: 2.084 | Precision@1: 26.355% (9007/34176)
Loss: 2.082 | Precision@1: 26.405% (9058/34304)
Loss: 2.080 | Precision@1: 26.449% (9107/34432)
Loss: 2.079 | Precision@1: 26.476% (9150/34560)
Loss: 2.078 | Precision@1: 26.479% (9185/34688)
Loss: 2.077 | Precision@1: 26.491% (9223/34816)
Loss: 2.076 | Precision@1: 26.500% (9260/34944)
Loss: 2.075 | Precision@1: 26.531% (9305/35072)
Loss: 2.073 | Precision@1: 26.571% (9353/35200)
Loss: 2.071 | Precision@1: 26.596% (9396/35328)
Loss: 2.070 | Precision@1: 26.616% (9437/35456)
Loss: 2.069 | Precision@1: 26.655% (9485/35584)
Loss: 2.067 | Precision@1: 26.703% (9536/35712)
Loss: 2.066 | Precision@1: 26.744% (9585/35840)
Loss: 2.065 | Precision@1: 26.746% (9620/35968)
Loss: 2.063 | Precision@1: 26.795% (9672/36096)
Loss: 2.062 | Precision@1: 26.852% (9727/36224)
Loss: 2.061 | Precision@1: 26.890% (9775/36352)
Loss: 2.060 | Precision@1: 26.872% (9803/36480)
Loss: 2.059 | Precision@1: 26.896% (9846/36608)
Loss: 2.058 | Precision@1: 26.922% (9890/36736)
Loss: 2.057 | Precision@1: 26.959% (9938/36864)
Loss: 2.055 | Precision@1: 26.987% (9983/36992)
Loss: 2.054 | Precision@1: 26.988% (10018/37120)
Loss: 2.053 | Precision@1: 27.032% (10069/37248)
Loss: 2.052 | Precision@1: 27.063% (10115/37376)
Loss: 2.051 | Precision@1: 27.096% (10162/37504)
Loss: 2.049 | Precision@1: 27.121% (10206/37632)
Loss: 2.049 | Precision@1: 27.153% (10253/37760)
Loss: 2.047 | Precision@1: 27.188% (10301/37888)
Loss: 2.047 | Precision@1: 27.225% (10350/38016)
Loss: 2.045 | Precision@1: 27.281% (10406/38144)
Loss: 2.044 | Precision@1: 27.331% (10460/38272)
Loss: 2.043 | Precision@1: 27.391% (10518/38400)
Loss: 2.041 | Precision@1: 27.429% (10568/38528)
Loss: 2.040 | Precision@1: 27.486% (10625/38656)
Loss: 2.038 | Precision@1: 27.519% (10673/38784)
Loss: 2.037 | Precision@1: 27.554% (10722/38912)
Loss: 2.036 | Precision@1: 27.585% (10769/39040)
Loss: 2.035 | Precision@1: 27.619% (10818/39168)
Loss: 2.034 | Precision@1: 27.639% (10861/39296)
Loss: 2.032 | Precision@1: 27.671% (10909/39424)
Loss: 2.031 | Precision@1: 27.728% (10967/39552)
Loss: 2.030 | Precision@1: 27.770% (11019/39680)
Loss: 2.029 | Precision@1: 27.793% (11064/39808)
Loss: 2.027 | Precision@1: 27.837% (11117/39936)
Loss: 2.026 | Precision@1: 27.888% (11173/40064)
Loss: 2.026 | Precision@1: 27.896% (11212/40192)
Loss: 2.025 | Precision@1: 27.909% (11253/40320)
Loss: 2.024 | Precision@1: 27.932% (11298/40448)
Loss: 2.022 | Precision@1: 27.985% (11355/40576)
Loss: 2.021 | Precision@1: 28.027% (11408/40704)
Loss: 2.020 | Precision@1: 28.029% (11445/40832)
Loss: 2.019 | Precision@1: 28.059% (11493/40960)
Loss: 2.019 | Precision@1: 28.096% (11544/41088)
Loss: 2.017 | Precision@1: 28.130% (11594/41216)
Loss: 2.016 | Precision@1: 28.154% (11640/41344)
Loss: 2.015 | Precision@1: 28.197% (11694/41472)
Loss: 2.014 | Precision@1: 28.250% (11752/41600)
Loss: 2.013 | Precision@1: 28.286% (11803/41728)
Loss: 2.011 | Precision@1: 28.326% (11856/41856)
Loss: 2.010 | Precision@1: 28.358% (11906/41984)
Loss: 2.009 | Precision@1: 28.412% (11965/42112)
Loss: 2.008 | Precision@1: 28.449% (12017/42240)
Loss: 2.007 | Precision@1: 28.467% (12061/42368)
Loss: 2.006 | Precision@1: 28.499% (12111/42496)
Loss: 2.004 | Precision@1: 28.540% (12165/42624)
Loss: 2.003 | Precision@1: 28.576% (12217/42752)
Loss: 2.001 | Precision@1: 28.640% (12281/42880)
Loss: 2.001 | Precision@1: 28.662% (12327/43008)
Loss: 2.000 | Precision@1: 28.677% (12370/43136)
Loss: 1.999 | Precision@1: 28.670% (12404/43264)
Loss: 1.998 | Precision@1: 28.703% (12455/43392)
Loss: 1.997 | Precision@1: 28.761% (12517/43520)
Loss: 1.996 | Precision@1: 28.792% (12567/43648)
Loss: 1.995 | Precision@1: 28.801% (12608/43776)
Loss: 1.994 | Precision@1: 28.829% (12657/43904)
Loss: 1.993 | Precision@1: 28.874% (12714/44032)
Loss: 1.992 | Precision@1: 28.902% (12763/44160)
Loss: 1.990 | Precision@1: 28.951% (12822/44288)
Loss: 1.989 | Precision@1: 28.972% (12868/44416)
Loss: 1.988 | Precision@1: 29.003% (12919/44544)
Loss: 1.987 | Precision@1: 29.043% (12974/44672)
Loss: 1.986 | Precision@1: 29.098% (13036/44800)
Loss: 1.985 | Precision@1: 29.131% (13088/44928)
Loss: 1.984 | Precision@1: 29.153% (13135/45056)
Loss: 1.983 | Precision@1: 29.198% (13193/45184)
Loss: 1.982 | Precision@1: 29.226% (13243/45312)
Loss: 1.981 | Precision@1: 29.276% (13303/45440)
Loss: 1.980 | Precision@1: 29.312% (13357/45568)
Loss: 1.979 | Precision@1: 29.344% (13409/45696)
Loss: 1.978 | Precision@1: 29.375% (13461/45824)
Loss: 1.977 | Precision@1: 29.396% (13508/45952)
Loss: 1.976 | Precision@1: 29.423% (13558/46080)
Loss: 1.975 | Precision@1: 29.465% (13615/46208)
Loss: 1.974 | Precision@1: 29.498% (13668/46336)
Loss: 1.973 | Precision@1: 29.511% (13712/46464)
Loss: 1.972 | Precision@1: 29.544% (13765/46592)
Loss: 1.971 | Precision@1: 29.585% (13822/46720)
Loss: 1.970 | Precision@1: 29.591% (13863/46848)
Loss: 1.969 | Precision@1: 29.604% (13907/46976)
Loss: 1.968 | Precision@1: 29.634% (13959/47104)
Loss: 1.967 | Precision@1: 29.660% (14009/47232)
Loss: 1.966 | Precision@1: 29.675% (14054/47360)
Loss: 1.966 | Precision@1: 29.683% (14096/47488)
Loss: 1.965 | Precision@1: 29.711% (14147/47616)
Loss: 1.963 | Precision@1: 29.757% (14207/47744)
Loss: 1.962 | Precision@1: 29.794% (14263/47872)
Loss: 1.962 | Precision@1: 29.800% (14304/48000)
Loss: 1.961 | Precision@1: 29.833% (14358/48128)
Loss: 1.959 | Precision@1: 29.889% (14423/48256)
Loss: 1.959 | Precision@1: 29.907% (14470/48384)
Loss: 1.958 | Precision@1: 29.943% (14526/48512)
Loss: 1.957 | Precision@1: 29.957% (14571/48640)
Loss: 1.956 | Precision@1: 29.973% (14617/48768)
Loss: 1.955 | Precision@1: 30.002% (14670/48896)
Loss: 1.954 | Precision@1: 30.018% (14716/49024)
Loss: 1.954 | Precision@1: 30.046% (14768/49152)
Loss: 1.953 | Precision@1: 30.075% (14821/49280)
Loss: 1.952 | Precision@1: 30.094% (14869/49408)
Loss: 1.951 | Precision@1: 30.136% (14928/49536)
Loss: 1.950 | Precision@1: 30.141% (14969/49664)
Loss: 1.949 | Precision@1: 30.174% (15024/49792)
Loss: 1.949 | Precision@1: 30.184% (15068/49920)
Loss: 1.947 | Precision@1: 30.206% (15103/50000)

Aggregates: 			
 	 DataLoader Time: 0.8477 			
 	 Mini-batch Time:49.8699 			
 	 Training Epoch Time:50.9091
 			
 Averages: 			
 	 Training Loss: 1.9473

 Test set Averages: Loss: 1.515 | Precision@1: 43.620% (4362/10000)

Epoch: 1
Loss: 1.547 | Precision@1: 42.969% (55/128)
Loss: 1.546 | Precision@1: 42.578% (109/256)
Loss: 1.568 | Precision@1: 40.365% (155/384)
Loss: 1.590 | Precision@1: 40.039% (205/512)
Loss: 1.603 | Precision@1: 39.844% (255/640)
Loss: 1.613 | Precision@1: 39.583% (304/768)
Loss: 1.595 | Precision@1: 40.179% (360/896)
Loss: 1.590 | Precision@1: 39.355% (403/1024)
Loss: 1.584 | Precision@1: 39.583% (456/1152)
Loss: 1.575 | Precision@1: 40.703% (521/1280)
Loss: 1.577 | Precision@1: 40.625% (572/1408)
Loss: 1.570 | Precision@1: 40.560% (623/1536)
Loss: 1.574 | Precision@1: 40.565% (675/1664)
Loss: 1.563 | Precision@1: 41.071% (736/1792)
Loss: 1.556 | Precision@1: 41.302% (793/1920)
Loss: 1.559 | Precision@1: 41.406% (848/2048)
Loss: 1.555 | Precision@1: 41.636% (906/2176)
Loss: 1.549 | Precision@1: 41.970% (967/2304)
Loss: 1.543 | Precision@1: 42.229% (1027/2432)
Loss: 1.544 | Precision@1: 42.305% (1083/2560)
Loss: 1.538 | Precision@1: 42.560% (1144/2688)
Loss: 1.538 | Precision@1: 42.578% (1199/2816)
Loss: 1.539 | Precision@1: 42.527% (1252/2944)
Loss: 1.536 | Precision@1: 42.480% (1305/3072)
Loss: 1.536 | Precision@1: 42.469% (1359/3200)
Loss: 1.532 | Precision@1: 42.879% (1427/3328)
Loss: 1.531 | Precision@1: 42.998% (1486/3456)
Loss: 1.535 | Precision@1: 42.801% (1534/3584)
Loss: 1.531 | Precision@1: 43.023% (1597/3712)
Loss: 1.538 | Precision@1: 42.839% (1645/3840)
Loss: 1.543 | Precision@1: 42.792% (1698/3968)
Loss: 1.542 | Precision@1: 42.896% (1757/4096)
Loss: 1.540 | Precision@1: 42.921% (1813/4224)
Loss: 1.543 | Precision@1: 42.670% (1857/4352)
Loss: 1.543 | Precision@1: 42.723% (1914/4480)
Loss: 1.544 | Precision@1: 42.730% (1969/4608)
Loss: 1.546 | Precision@1: 42.842% (2029/4736)
Loss: 1.547 | Precision@1: 42.928% (2088/4864)
Loss: 1.548 | Precision@1: 42.748% (2134/4992)
Loss: 1.545 | Precision@1: 42.930% (2198/5120)
Loss: 1.545 | Precision@1: 42.950% (2254/5248)
Loss: 1.545 | Precision@1: 42.913% (2307/5376)
Loss: 1.543 | Precision@1: 43.078% (2371/5504)
Loss: 1.543 | Precision@1: 43.040% (2424/5632)
Loss: 1.543 | Precision@1: 43.021% (2478/5760)
Loss: 1.544 | Precision@1: 42.935% (2528/5888)
Loss: 1.540 | Precision@1: 43.035% (2589/6016)
Loss: 1.540 | Precision@1: 42.985% (2641/6144)
Loss: 1.540 | Precision@1: 42.953% (2694/6272)
Loss: 1.537 | Precision@1: 43.031% (2754/6400)
Loss: 1.537 | Precision@1: 42.953% (2804/6528)
Loss: 1.537 | Precision@1: 42.939% (2858/6656)
Loss: 1.538 | Precision@1: 42.939% (2913/6784)
Loss: 1.538 | Precision@1: 42.998% (2972/6912)
Loss: 1.539 | Precision@1: 43.040% (3030/7040)
Loss: 1.541 | Precision@1: 42.983% (3081/7168)
Loss: 1.542 | Precision@1: 42.996% (3137/7296)
Loss: 1.542 | Precision@1: 43.077% (3198/7424)
Loss: 1.543 | Precision@1: 42.929% (3242/7552)
Loss: 1.543 | Precision@1: 42.943% (3298/7680)
Loss: 1.543 | Precision@1: 42.969% (3355/7808)
Loss: 1.543 | Precision@1: 43.007% (3413/7936)
Loss: 1.544 | Precision@1: 42.944% (3463/8064)
Loss: 1.543 | Precision@1: 43.127% (3533/8192)
Loss: 1.541 | Precision@1: 43.125% (3588/8320)
Loss: 1.542 | Precision@1: 43.099% (3641/8448)
Loss: 1.541 | Precision@1: 43.214% (3706/8576)
Loss: 1.541 | Precision@1: 43.244% (3764/8704)
Loss: 1.540 | Precision@1: 43.274% (3822/8832)
Loss: 1.539 | Precision@1: 43.259% (3876/8960)
Loss: 1.538 | Precision@1: 43.299% (3935/9088)
Loss: 1.539 | Precision@1: 43.294% (3990/9216)
Loss: 1.537 | Precision@1: 43.375% (4053/9344)
Loss: 1.539 | Precision@1: 43.296% (4101/9472)
Loss: 1.539 | Precision@1: 43.323% (4159/9600)
Loss: 1.541 | Precision@1: 43.215% (4204/9728)
Loss: 1.541 | Precision@1: 43.151% (4253/9856)
Loss: 1.542 | Precision@1: 43.109% (4304/9984)
Loss: 1.545 | Precision@1: 43.038% (4352/10112)
Loss: 1.546 | Precision@1: 42.939% (4397/10240)
Loss: 1.544 | Precision@1: 43.017% (4460/10368)
Loss: 1.544 | Precision@1: 43.026% (4516/10496)
Loss: 1.546 | Precision@1: 42.950% (4563/10624)
Loss: 1.547 | Precision@1: 42.792% (4601/10752)
Loss: 1.546 | Precision@1: 42.877% (4665/10880)
Loss: 1.547 | Precision@1: 42.869% (4719/11008)
Loss: 1.546 | Precision@1: 42.816% (4768/11136)
Loss: 1.545 | Precision@1: 42.889% (4831/11264)
Loss: 1.545 | Precision@1: 42.872% (4884/11392)
Loss: 1.544 | Precision@1: 42.917% (4944/11520)
Loss: 1.546 | Precision@1: 42.874% (4994/11648)
Loss: 1.544 | Precision@1: 42.960% (5059/11776)
Loss: 1.544 | Precision@1: 42.935% (5111/11904)
Loss: 1.545 | Precision@1: 42.977% (5171/12032)
Loss: 1.544 | Precision@1: 43.035% (5233/12160)
Loss: 1.542 | Precision@1: 43.066% (5292/12288)
Loss: 1.541 | Precision@1: 43.106% (5352/12416)
Loss: 1.541 | Precision@1: 43.104% (5407/12544)
Loss: 1.539 | Precision@1: 43.198% (5474/12672)
Loss: 1.538 | Precision@1: 43.219% (5532/12800)
Loss: 1.537 | Precision@1: 43.232% (5589/12928)
Loss: 1.536 | Precision@1: 43.260% (5648/13056)
Loss: 1.535 | Precision@1: 43.257% (5703/13184)
Loss: 1.536 | Precision@1: 43.224% (5754/13312)
Loss: 1.534 | Precision@1: 43.289% (5818/13440)
Loss: 1.536 | Precision@1: 43.300% (5875/13568)
Loss: 1.536 | Precision@1: 43.334% (5935/13696)
Loss: 1.536 | Precision@1: 43.367% (5995/13824)
Loss: 1.535 | Precision@1: 43.356% (6049/13952)
Loss: 1.535 | Precision@1: 43.345% (6103/14080)
Loss: 1.534 | Precision@1: 43.342% (6158/14208)
Loss: 1.535 | Precision@1: 43.311% (6209/14336)
Loss: 1.534 | Precision@1: 43.390% (6276/14464)
Loss: 1.533 | Precision@1: 43.387% (6331/14592)
Loss: 1.532 | Precision@1: 43.438% (6394/14720)
Loss: 1.532 | Precision@1: 43.373% (6440/14848)
Loss: 1.531 | Precision@1: 43.416% (6502/14976)
Loss: 1.531 | Precision@1: 43.386% (6553/15104)
Loss: 1.532 | Precision@1: 43.395% (6610/15232)
Loss: 1.532 | Precision@1: 43.366% (6661/15360)
Loss: 1.533 | Precision@1: 43.343% (6713/15488)
Loss: 1.532 | Precision@1: 43.347% (6769/15616)
Loss: 1.532 | Precision@1: 43.337% (6823/15744)
Loss: 1.531 | Precision@1: 43.353% (6881/15872)
Loss: 1.531 | Precision@1: 43.362% (6938/16000)
Loss: 1.529 | Precision@1: 43.471% (7011/16128)
Loss: 1.531 | Precision@1: 43.424% (7059/16256)
Loss: 1.530 | Precision@1: 43.457% (7120/16384)
Loss: 1.529 | Precision@1: 43.484% (7180/16512)
Loss: 1.529 | Precision@1: 43.480% (7235/16640)
Loss: 1.528 | Precision@1: 43.523% (7298/16768)
Loss: 1.528 | Precision@1: 43.513% (7352/16896)
Loss: 1.527 | Precision@1: 43.568% (7417/17024)
Loss: 1.526 | Precision@1: 43.587% (7476/17152)
Loss: 1.525 | Precision@1: 43.640% (7541/17280)
Loss: 1.526 | Precision@1: 43.612% (7592/17408)
Loss: 1.526 | Precision@1: 43.607% (7647/17536)
Loss: 1.527 | Precision@1: 43.586% (7699/17664)
Loss: 1.526 | Precision@1: 43.638% (7764/17792)
Loss: 1.526 | Precision@1: 43.666% (7825/17920)
Loss: 1.527 | Precision@1: 43.634% (7875/18048)
Loss: 1.527 | Precision@1: 43.601% (7925/18176)
Loss: 1.527 | Precision@1: 43.619% (7984/18304)
Loss: 1.526 | Precision@1: 43.636% (8043/18432)
Loss: 1.526 | Precision@1: 43.615% (8095/18560)
Loss: 1.527 | Precision@1: 43.563% (8141/18688)
Loss: 1.527 | Precision@1: 43.543% (8193/18816)
Loss: 1.527 | Precision@1: 43.555% (8251/18944)
Loss: 1.526 | Precision@1: 43.593% (8314/19072)
Loss: 1.526 | Precision@1: 43.552% (8362/19200)
Loss: 1.527 | Precision@1: 43.538% (8415/19328)
Loss: 1.527 | Precision@1: 43.524% (8468/19456)
Loss: 1.526 | Precision@1: 43.551% (8529/19584)
Loss: 1.526 | Precision@1: 43.557% (8586/19712)
Loss: 1.526 | Precision@1: 43.574% (8645/19840)
Loss: 1.526 | Precision@1: 43.585% (8703/19968)
Loss: 1.525 | Precision@1: 43.650% (8772/20096)
Loss: 1.525 | Precision@1: 43.641% (8826/20224)
Loss: 1.525 | Precision@1: 43.637% (8881/20352)
Loss: 1.525 | Precision@1: 43.623% (8934/20480)
Loss: 1.525 | Precision@1: 43.629% (8991/20608)
Loss: 1.524 | Precision@1: 43.678% (9057/20736)
Loss: 1.523 | Precision@1: 43.740% (9126/20864)
Loss: 1.523 | Precision@1: 43.764% (9187/20992)
Loss: 1.523 | Precision@1: 43.769% (9244/21120)
Loss: 1.521 | Precision@1: 43.811% (9309/21248)
Loss: 1.523 | Precision@1: 43.750% (9352/21376)
Loss: 1.523 | Precision@1: 43.741% (9406/21504)
Loss: 1.523 | Precision@1: 43.782% (9471/21632)
Loss: 1.523 | Precision@1: 43.782% (9527/21760)
Loss: 1.522 | Precision@1: 43.828% (9593/21888)
Loss: 1.522 | Precision@1: 43.827% (9649/22016)
Loss: 1.522 | Precision@1: 43.800% (9699/22144)
Loss: 1.523 | Precision@1: 43.790% (9753/22272)
Loss: 1.522 | Precision@1: 43.835% (9819/22400)
Loss: 1.521 | Precision@1: 43.870% (9883/22528)
Loss: 1.521 | Precision@1: 43.891% (9944/22656)
Loss: 1.521 | Precision@1: 43.912% (10005/22784)
Loss: 1.521 | Precision@1: 43.890% (10056/22912)
Loss: 1.520 | Precision@1: 43.924% (10120/23040)
Loss: 1.520 | Precision@1: 43.931% (10178/23168)
Loss: 1.519 | Precision@1: 43.956% (10240/23296)
Loss: 1.519 | Precision@1: 43.989% (10304/23424)
Loss: 1.519 | Precision@1: 43.975% (10357/23552)
Loss: 1.518 | Precision@1: 43.999% (10419/23680)
Loss: 1.517 | Precision@1: 44.044% (10486/23808)
Loss: 1.518 | Precision@1: 44.047% (10543/23936)
Loss: 1.517 | Precision@1: 44.066% (10604/24064)
Loss: 1.518 | Precision@1: 44.056% (10658/24192)
Loss: 1.517 | Precision@1: 44.100% (10725/24320)
Loss: 1.517 | Precision@1: 44.122% (10787/24448)
Loss: 1.516 | Precision@1: 44.181% (10858/24576)
Loss: 1.516 | Precision@1: 44.179% (10914/24704)
Loss: 1.516 | Precision@1: 44.177% (10970/24832)
Loss: 1.515 | Precision@1: 44.167% (11024/24960)
Loss: 1.516 | Precision@1: 44.176% (11083/25088)
Loss: 1.516 | Precision@1: 44.182% (11141/25216)
Loss: 1.516 | Precision@1: 44.196% (11201/25344)
Loss: 1.515 | Precision@1: 44.221% (11264/25472)
Loss: 1.515 | Precision@1: 44.180% (11310/25600)
Loss: 1.514 | Precision@1: 44.228% (11379/25728)
Loss: 1.514 | Precision@1: 44.230% (11436/25856)
Loss: 1.513 | Precision@1: 44.246% (11497/25984)
Loss: 1.513 | Precision@1: 44.309% (11570/26112)
Loss: 1.512 | Precision@1: 44.291% (11622/26240)
Loss: 1.512 | Precision@1: 44.315% (11685/26368)
Loss: 1.513 | Precision@1: 44.297% (11737/26496)
Loss: 1.512 | Precision@1: 44.332% (11803/26624)
Loss: 1.512 | Precision@1: 44.356% (11866/26752)
Loss: 1.512 | Precision@1: 44.386% (11931/26880)
Loss: 1.511 | Precision@1: 44.394% (11990/27008)
Loss: 1.511 | Precision@1: 44.395% (12047/27136)
Loss: 1.510 | Precision@1: 44.432% (12114/27264)
Loss: 1.510 | Precision@1: 44.429% (12170/27392)
Loss: 1.509 | Precision@1: 44.437% (12229/27520)
Loss: 1.509 | Precision@1: 44.470% (12295/27648)
Loss: 1.509 | Precision@1: 44.441% (12344/27776)
Loss: 1.508 | Precision@1: 44.449% (12403/27904)
Loss: 1.507 | Precision@1: 44.503% (12475/28032)
Loss: 1.506 | Precision@1: 44.549% (12545/28160)
Loss: 1.506 | Precision@1: 44.570% (12608/28288)
Loss: 1.505 | Precision@1: 44.570% (12665/28416)
Loss: 1.505 | Precision@1: 44.566% (12721/28544)
Loss: 1.505 | Precision@1: 44.573% (12780/28672)
Loss: 1.505 | Precision@1: 44.569% (12836/28800)
Loss: 1.505 | Precision@1: 44.573% (12894/28928)
Loss: 1.506 | Precision@1: 44.535% (12940/29056)
Loss: 1.506 | Precision@1: 44.528% (12995/29184)
Loss: 1.505 | Precision@1: 44.535% (13054/29312)
Loss: 1.506 | Precision@1: 44.507% (13103/29440)
Loss: 1.506 | Precision@1: 44.491% (13155/29568)
Loss: 1.507 | Precision@1: 44.474% (13207/29696)
Loss: 1.507 | Precision@1: 44.501% (13272/29824)
Loss: 1.507 | Precision@1: 44.515% (13333/29952)
Loss: 1.507 | Precision@1: 44.508% (13388/30080)
Loss: 1.506 | Precision@1: 44.511% (13446/30208)
Loss: 1.506 | Precision@1: 44.525% (13507/30336)
Loss: 1.506 | Precision@1: 44.551% (13572/30464)
Loss: 1.506 | Precision@1: 44.548% (13628/30592)
Loss: 1.504 | Precision@1: 44.590% (13698/30720)
Loss: 1.504 | Precision@1: 44.629% (13767/30848)
Loss: 1.503 | Precision@1: 44.677% (13839/30976)
Loss: 1.503 | Precision@1: 44.679% (13897/31104)
Loss: 1.502 | Precision@1: 44.691% (13958/31232)
Loss: 1.502 | Precision@1: 44.707% (14020/31360)
Loss: 1.500 | Precision@1: 44.763% (14095/31488)
Loss: 1.499 | Precision@1: 44.778% (14157/31616)
Loss: 1.499 | Precision@1: 44.808% (14224/31744)
Loss: 1.498 | Precision@1: 44.854% (14296/31872)
Loss: 1.498 | Precision@1: 44.856% (14354/32000)
Loss: 1.498 | Precision@1: 44.855% (14411/32128)
Loss: 1.497 | Precision@1: 44.878% (14476/32256)
Loss: 1.497 | Precision@1: 44.889% (14537/32384)
Loss: 1.496 | Precision@1: 44.946% (14613/32512)
Loss: 1.496 | Precision@1: 44.957% (14674/32640)
Loss: 1.496 | Precision@1: 44.965% (14734/32768)
Loss: 1.496 | Precision@1: 44.966% (14792/32896)
Loss: 1.495 | Precision@1: 44.982% (14855/33024)
Loss: 1.495 | Precision@1: 45.002% (14919/33152)
Loss: 1.494 | Precision@1: 45.036% (14988/33280)
Loss: 1.494 | Precision@1: 45.040% (15047/33408)
Loss: 1.493 | Precision@1: 45.077% (15117/33536)
Loss: 1.493 | Precision@1: 45.078% (15175/33664)
Loss: 1.493 | Precision@1: 45.073% (15231/33792)
Loss: 1.492 | Precision@1: 45.059% (15284/33920)
Loss: 1.492 | Precision@1: 45.086% (15351/34048)
Loss: 1.492 | Precision@1: 45.099% (15413/34176)
Loss: 1.491 | Precision@1: 45.120% (15478/34304)
Loss: 1.490 | Precision@1: 45.164% (15551/34432)
Loss: 1.490 | Precision@1: 45.171% (15611/34560)
Loss: 1.489 | Precision@1: 45.200% (15679/34688)
Loss: 1.489 | Precision@1: 45.209% (15740/34816)
Loss: 1.489 | Precision@1: 45.207% (15797/34944)
Loss: 1.488 | Precision@1: 45.230% (15863/35072)
Loss: 1.489 | Precision@1: 45.244% (15926/35200)
Loss: 1.488 | Precision@1: 45.264% (15991/35328)
Loss: 1.488 | Precision@1: 45.276% (16053/35456)
Loss: 1.487 | Precision@1: 45.293% (16117/35584)
Loss: 1.487 | Precision@1: 45.312% (16182/35712)
Loss: 1.486 | Precision@1: 45.352% (16254/35840)
Loss: 1.486 | Precision@1: 45.357% (16314/35968)
Loss: 1.486 | Precision@1: 45.349% (16369/36096)
Loss: 1.487 | Precision@1: 45.346% (16426/36224)
Loss: 1.485 | Precision@1: 45.395% (16502/36352)
Loss: 1.485 | Precision@1: 45.406% (16564/36480)
Loss: 1.485 | Precision@1: 45.424% (16629/36608)
Loss: 1.484 | Precision@1: 45.468% (16703/36736)
Loss: 1.484 | Precision@1: 45.467% (16761/36864)
Loss: 1.483 | Precision@1: 45.494% (16829/36992)
Loss: 1.483 | Precision@1: 45.536% (16903/37120)
Loss: 1.482 | Precision@1: 45.551% (16967/37248)
Loss: 1.483 | Precision@1: 45.545% (17023/37376)
Loss: 1.483 | Precision@1: 45.518% (17071/37504)
Loss: 1.482 | Precision@1: 45.541% (17138/37632)
Loss: 1.482 | Precision@1: 45.559% (17203/37760)
Loss: 1.482 | Precision@1: 45.566% (17264/37888)
Loss: 1.481 | Precision@1: 45.578% (17327/38016)
Loss: 1.481 | Precision@1: 45.580% (17386/38144)
Loss: 1.481 | Precision@1: 45.566% (17439/38272)
Loss: 1.481 | Precision@1: 45.562% (17496/38400)
Loss: 1.481 | Precision@1: 45.562% (17554/38528)
Loss: 1.481 | Precision@1: 45.545% (17606/38656)
Loss: 1.481 | Precision@1: 45.555% (17668/38784)
Loss: 1.480 | Precision@1: 45.572% (17733/38912)
Loss: 1.480 | Precision@1: 45.622% (17811/39040)
Loss: 1.479 | Precision@1: 45.642% (17877/39168)
Loss: 1.479 | Precision@1: 45.676% (17949/39296)
Loss: 1.479 | Precision@1: 45.663% (18002/39424)
Loss: 1.479 | Precision@1: 45.674% (18065/39552)
Loss: 1.478 | Precision@1: 45.701% (18134/39680)
Loss: 1.478 | Precision@1: 45.707% (18195/39808)
Loss: 1.478 | Precision@1: 45.721% (18259/39936)
Loss: 1.477 | Precision@1: 45.734% (18323/40064)
Loss: 1.477 | Precision@1: 45.755% (18390/40192)
Loss: 1.476 | Precision@1: 45.766% (18453/40320)
Loss: 1.476 | Precision@1: 45.767% (18512/40448)
Loss: 1.476 | Precision@1: 45.768% (18571/40576)
Loss: 1.475 | Precision@1: 45.794% (18640/40704)
Loss: 1.475 | Precision@1: 45.800% (18701/40832)
Loss: 1.474 | Precision@1: 45.840% (18776/40960)
Loss: 1.474 | Precision@1: 45.836% (18833/41088)
Loss: 1.474 | Precision@1: 45.846% (18896/41216)
Loss: 1.474 | Precision@1: 45.845% (18954/41344)
Loss: 1.473 | Precision@1: 45.872% (19024/41472)
Loss: 1.473 | Precision@1: 45.887% (19089/41600)
Loss: 1.472 | Precision@1: 45.919% (19161/41728)
Loss: 1.472 | Precision@1: 45.931% (19225/41856)
Loss: 1.471 | Precision@1: 45.944% (19289/41984)
Loss: 1.471 | Precision@1: 45.975% (19361/42112)
Loss: 1.471 | Precision@1: 45.990% (19426/42240)
Loss: 1.470 | Precision@1: 46.035% (19504/42368)
Loss: 1.470 | Precision@1: 46.033% (19562/42496)
Loss: 1.470 | Precision@1: 46.047% (19627/42624)
Loss: 1.469 | Precision@1: 46.061% (19692/42752)
Loss: 1.469 | Precision@1: 46.084% (19761/42880)
Loss: 1.469 | Precision@1: 46.101% (19827/43008)
Loss: 1.468 | Precision@1: 46.112% (19891/43136)
Loss: 1.468 | Precision@1: 46.119% (19953/43264)
Loss: 1.468 | Precision@1: 46.124% (20014/43392)
Loss: 1.468 | Precision@1: 46.135% (20078/43520)
Loss: 1.468 | Precision@1: 46.140% (20139/43648)
Loss: 1.468 | Precision@1: 46.155% (20205/43776)
Loss: 1.467 | Precision@1: 46.164% (20268/43904)
Loss: 1.467 | Precision@1: 46.189% (20338/44032)
Loss: 1.467 | Precision@1: 46.196% (20400/44160)
Loss: 1.467 | Precision@1: 46.209% (20465/44288)
Loss: 1.467 | Precision@1: 46.222% (20530/44416)
Loss: 1.466 | Precision@1: 46.242% (20598/44544)
Loss: 1.466 | Precision@1: 46.246% (20659/44672)
Loss: 1.466 | Precision@1: 46.252% (20721/44800)
Loss: 1.466 | Precision@1: 46.267% (20787/44928)
Loss: 1.466 | Precision@1: 46.287% (20855/45056)
Loss: 1.465 | Precision@1: 46.297% (20919/45184)
Loss: 1.465 | Precision@1: 46.325% (20991/45312)
Loss: 1.465 | Precision@1: 46.338% (21056/45440)
Loss: 1.464 | Precision@1: 46.361% (21126/45568)
Loss: 1.463 | Precision@1: 46.398% (21202/45696)
Loss: 1.463 | Precision@1: 46.410% (21267/45824)
Loss: 1.462 | Precision@1: 46.425% (21333/45952)
Loss: 1.462 | Precision@1: 46.432% (21396/46080)
Loss: 1.462 | Precision@1: 46.434% (21456/46208)
Loss: 1.462 | Precision@1: 46.430% (21514/46336)
Loss: 1.462 | Precision@1: 46.447% (21581/46464)
Loss: 1.462 | Precision@1: 46.448% (21641/46592)
Loss: 1.461 | Precision@1: 46.455% (21704/46720)
Loss: 1.461 | Precision@1: 46.452% (21762/46848)
Loss: 1.460 | Precision@1: 46.479% (21834/46976)
Loss: 1.460 | Precision@1: 46.497% (21902/47104)
Loss: 1.460 | Precision@1: 46.500% (21963/47232)
Loss: 1.459 | Precision@1: 46.516% (22030/47360)
Loss: 1.459 | Precision@1: 46.534% (22098/47488)
Loss: 1.459 | Precision@1: 46.537% (22159/47616)
Loss: 1.459 | Precision@1: 46.544% (22222/47744)
Loss: 1.458 | Precision@1: 46.539% (22279/47872)
Loss: 1.458 | Precision@1: 46.548% (22343/48000)
Loss: 1.458 | Precision@1: 46.557% (22407/48128)
Loss: 1.457 | Precision@1: 46.570% (22473/48256)
Loss: 1.457 | Precision@1: 46.577% (22536/48384)
Loss: 1.456 | Precision@1: 46.609% (22611/48512)
Loss: 1.456 | Precision@1: 46.614% (22673/48640)
Loss: 1.456 | Precision@1: 46.623% (22737/48768)
Loss: 1.455 | Precision@1: 46.646% (22808/48896)
Loss: 1.455 | Precision@1: 46.657% (22873/49024)
Loss: 1.455 | Precision@1: 46.688% (22948/49152)
Loss: 1.454 | Precision@1: 46.719% (23023/49280)
Loss: 1.454 | Precision@1: 46.733% (23090/49408)
Loss: 1.453 | Precision@1: 46.742% (23154/49536)
Loss: 1.453 | Precision@1: 46.754% (23220/49664)
Loss: 1.453 | Precision@1: 46.783% (23294/49792)
Loss: 1.452 | Precision@1: 46.787% (23356/49920)
Loss: 1.452 | Precision@1: 46.790% (23395/50000)

Aggregates: 			
 	 DataLoader Time: 1.0926 			
 	 Mini-batch Time:51.0639 			
 	 Training Epoch Time:52.1043
 			
 Averages: 			
 	 Training Loss: 1.4520

 Test set Averages: Loss: 1.420 | Precision@1: 49.940% (4994/10000)

Epoch: 2
Loss: 1.103 | Precision@1: 58.594% (75/128)
Loss: 1.194 | Precision@1: 53.516% (137/256)
Loss: 1.189 | Precision@1: 54.948% (211/384)
Loss: 1.196 | Precision@1: 55.273% (283/512)
Loss: 1.212 | Precision@1: 54.844% (351/640)
Loss: 1.219 | Precision@1: 54.818% (421/768)
Loss: 1.249 | Precision@1: 54.129% (485/896)
Loss: 1.259 | Precision@1: 54.102% (554/1024)
Loss: 1.280 | Precision@1: 52.951% (610/1152)
Loss: 1.278 | Precision@1: 53.047% (679/1280)
Loss: 1.282 | Precision@1: 52.983% (746/1408)
Loss: 1.308 | Precision@1: 51.953% (798/1536)
Loss: 1.294 | Precision@1: 52.344% (871/1664)
Loss: 1.316 | Precision@1: 51.618% (925/1792)
Loss: 1.328 | Precision@1: 50.990% (979/1920)
Loss: 1.331 | Precision@1: 50.879% (1042/2048)
Loss: 1.341 | Precision@1: 50.597% (1101/2176)
Loss: 1.346 | Precision@1: 50.564% (1165/2304)
Loss: 1.349 | Precision@1: 50.411% (1226/2432)
Loss: 1.348 | Precision@1: 50.430% (1291/2560)
Loss: 1.352 | Precision@1: 50.335% (1353/2688)
Loss: 1.350 | Precision@1: 50.568% (1424/2816)
Loss: 1.348 | Precision@1: 50.543% (1488/2944)
Loss: 1.349 | Precision@1: 50.260% (1544/3072)
Loss: 1.352 | Precision@1: 49.938% (1598/3200)
Loss: 1.348 | Precision@1: 50.180% (1670/3328)
Loss: 1.350 | Precision@1: 50.318% (1739/3456)
Loss: 1.345 | Precision@1: 50.614% (1814/3584)
Loss: 1.344 | Precision@1: 50.781% (1885/3712)
Loss: 1.340 | Precision@1: 50.938% (1956/3840)
Loss: 1.344 | Precision@1: 50.756% (2014/3968)
Loss: 1.341 | Precision@1: 50.952% (2087/4096)
Loss: 1.334 | Precision@1: 51.136% (2160/4224)
Loss: 1.333 | Precision@1: 51.195% (2228/4352)
Loss: 1.331 | Precision@1: 51.317% (2299/4480)
Loss: 1.328 | Precision@1: 51.324% (2365/4608)
Loss: 1.328 | Precision@1: 51.309% (2430/4736)
Loss: 1.326 | Precision@1: 51.316% (2496/4864)
Loss: 1.327 | Precision@1: 51.422% (2567/4992)
Loss: 1.328 | Precision@1: 51.250% (2624/5120)
Loss: 1.326 | Precision@1: 51.353% (2695/5248)
Loss: 1.328 | Precision@1: 51.321% (2759/5376)
Loss: 1.330 | Precision@1: 51.235% (2820/5504)
Loss: 1.330 | Precision@1: 51.349% (2892/5632)
Loss: 1.332 | Precision@1: 51.389% (2960/5760)
Loss: 1.333 | Precision@1: 51.359% (3024/5888)
Loss: 1.334 | Precision@1: 51.297% (3086/6016)
Loss: 1.335 | Precision@1: 51.237% (3148/6144)
Loss: 1.334 | Precision@1: 51.196% (3211/6272)
Loss: 1.337 | Precision@1: 51.188% (3276/6400)
Loss: 1.338 | Precision@1: 51.195% (3342/6528)
Loss: 1.338 | Precision@1: 51.157% (3405/6656)
Loss: 1.338 | Precision@1: 51.297% (3480/6784)
Loss: 1.340 | Precision@1: 51.244% (3542/6912)
Loss: 1.338 | Precision@1: 51.349% (3615/7040)
Loss: 1.340 | Precision@1: 51.311% (3678/7168)
Loss: 1.339 | Precision@1: 51.384% (3749/7296)
Loss: 1.335 | Precision@1: 51.549% (3827/7424)
Loss: 1.336 | Precision@1: 51.562% (3894/7552)
Loss: 1.335 | Precision@1: 51.589% (3962/7680)
Loss: 1.336 | Precision@1: 51.575% (4027/7808)
Loss: 1.334 | Precision@1: 51.638% (4098/7936)
Loss: 1.336 | Precision@1: 51.525% (4155/8064)
Loss: 1.337 | Precision@1: 51.514% (4220/8192)
Loss: 1.334 | Precision@1: 51.623% (4295/8320)
Loss: 1.333 | Precision@1: 51.728% (4370/8448)
Loss: 1.332 | Precision@1: 51.726% (4436/8576)
Loss: 1.332 | Precision@1: 51.677% (4498/8704)
Loss: 1.331 | Precision@1: 51.710% (4567/8832)
Loss: 1.331 | Precision@1: 51.808% (4642/8960)
Loss: 1.333 | Precision@1: 51.739% (4702/9088)
Loss: 1.334 | Precision@1: 51.714% (4766/9216)
Loss: 1.334 | Precision@1: 51.712% (4832/9344)
Loss: 1.332 | Precision@1: 51.795% (4906/9472)
Loss: 1.333 | Precision@1: 51.781% (4971/9600)
Loss: 1.332 | Precision@1: 51.706% (5030/9728)
Loss: 1.332 | Precision@1: 51.644% (5090/9856)
Loss: 1.329 | Precision@1: 51.803% (5172/9984)
Loss: 1.330 | Precision@1: 51.760% (5234/10112)
Loss: 1.330 | Precision@1: 51.777% (5302/10240)
Loss: 1.331 | Precision@1: 51.765% (5367/10368)
Loss: 1.328 | Precision@1: 51.820% (5439/10496)
Loss: 1.328 | Precision@1: 51.845% (5508/10624)
Loss: 1.326 | Precision@1: 51.916% (5582/10752)
Loss: 1.325 | Precision@1: 51.967% (5654/10880)
Loss: 1.324 | Precision@1: 52.008% (5725/11008)
Loss: 1.325 | Precision@1: 51.940% (5784/11136)
Loss: 1.325 | Precision@1: 51.900% (5846/11264)
Loss: 1.324 | Precision@1: 51.931% (5916/11392)
Loss: 1.322 | Precision@1: 52.031% (5994/11520)
Loss: 1.321 | Precision@1: 52.095% (6068/11648)
Loss: 1.321 | Precision@1: 52.081% (6133/11776)
Loss: 1.320 | Precision@1: 52.100% (6202/11904)
Loss: 1.319 | Precision@1: 52.119% (6271/12032)
Loss: 1.320 | Precision@1: 52.122% (6338/12160)
Loss: 1.321 | Precision@1: 52.091% (6401/12288)
Loss: 1.321 | Precision@1: 52.094% (6468/12416)
Loss: 1.321 | Precision@1: 52.081% (6533/12544)
Loss: 1.322 | Precision@1: 52.052% (6596/12672)
Loss: 1.323 | Precision@1: 52.047% (6662/12800)
Loss: 1.324 | Precision@1: 52.058% (6730/12928)
Loss: 1.323 | Precision@1: 52.045% (6795/13056)
Loss: 1.323 | Precision@1: 52.086% (6867/13184)
Loss: 1.322 | Precision@1: 52.088% (6934/13312)
Loss: 1.320 | Precision@1: 52.158% (7010/13440)
Loss: 1.320 | Precision@1: 52.108% (7070/13568)
Loss: 1.321 | Precision@1: 52.052% (7129/13696)
Loss: 1.321 | Precision@1: 52.105% (7203/13824)
Loss: 1.320 | Precision@1: 52.143% (7275/13952)
Loss: 1.319 | Precision@1: 52.195% (7349/14080)
Loss: 1.318 | Precision@1: 52.182% (7414/14208)
Loss: 1.318 | Precision@1: 52.197% (7483/14336)
Loss: 1.319 | Precision@1: 52.164% (7545/14464)
Loss: 1.318 | Precision@1: 52.186% (7615/14592)
Loss: 1.317 | Precision@1: 52.201% (7684/14720)
Loss: 1.317 | Precision@1: 52.263% (7760/14848)
Loss: 1.315 | Precision@1: 52.324% (7836/14976)
Loss: 1.315 | Precision@1: 52.390% (7913/15104)
Loss: 1.315 | Precision@1: 52.377% (7978/15232)
Loss: 1.314 | Precision@1: 52.422% (8052/15360)
Loss: 1.312 | Precision@1: 52.518% (8134/15488)
Loss: 1.312 | Precision@1: 52.472% (8194/15616)
Loss: 1.310 | Precision@1: 52.547% (8273/15744)
Loss: 1.309 | Precision@1: 52.564% (8343/15872)
Loss: 1.309 | Precision@1: 52.581% (8413/16000)
Loss: 1.307 | Precision@1: 52.635% (8489/16128)
Loss: 1.306 | Precision@1: 52.670% (8562/16256)
Loss: 1.306 | Precision@1: 52.673% (8630/16384)
Loss: 1.305 | Precision@1: 52.713% (8704/16512)
Loss: 1.305 | Precision@1: 52.698% (8769/16640)
Loss: 1.305 | Precision@1: 52.725% (8841/16768)
Loss: 1.305 | Precision@1: 52.723% (8908/16896)
Loss: 1.303 | Precision@1: 52.778% (8985/17024)
Loss: 1.303 | Precision@1: 52.729% (9044/17152)
Loss: 1.304 | Precision@1: 52.778% (9120/17280)
Loss: 1.304 | Precision@1: 52.786% (9189/17408)
Loss: 1.302 | Precision@1: 52.846% (9267/17536)
Loss: 1.301 | Precision@1: 52.865% (9338/17664)
Loss: 1.302 | Precision@1: 52.844% (9402/17792)
Loss: 1.300 | Precision@1: 52.952% (9489/17920)
Loss: 1.300 | Precision@1: 52.909% (9549/18048)
Loss: 1.300 | Precision@1: 52.905% (9616/18176)
Loss: 1.299 | Precision@1: 52.956% (9693/18304)
Loss: 1.298 | Precision@1: 52.995% (9768/18432)
Loss: 1.297 | Precision@1: 53.055% (9847/18560)
Loss: 1.296 | Precision@1: 53.082% (9920/18688)
Loss: 1.295 | Precision@1: 53.109% (9993/18816)
Loss: 1.297 | Precision@1: 53.041% (10048/18944)
Loss: 1.297 | Precision@1: 53.015% (10111/19072)
Loss: 1.298 | Precision@1: 52.974% (10171/19200)
Loss: 1.298 | Precision@1: 53.001% (10244/19328)
Loss: 1.297 | Precision@1: 53.038% (10319/19456)
Loss: 1.296 | Precision@1: 53.074% (10394/19584)
Loss: 1.295 | Precision@1: 53.125% (10472/19712)
Loss: 1.295 | Precision@1: 53.100% (10535/19840)
Loss: 1.296 | Precision@1: 53.085% (10600/19968)
Loss: 1.295 | Precision@1: 53.090% (10669/20096)
Loss: 1.294 | Precision@1: 53.174% (10754/20224)
Loss: 1.293 | Precision@1: 53.189% (10825/20352)
Loss: 1.292 | Precision@1: 53.247% (10905/20480)
Loss: 1.291 | Precision@1: 53.275% (10979/20608)
Loss: 1.290 | Precision@1: 53.294% (11051/20736)
Loss: 1.290 | Precision@1: 53.312% (11123/20864)
Loss: 1.290 | Precision@1: 53.320% (11193/20992)
Loss: 1.288 | Precision@1: 53.366% (11271/21120)
Loss: 1.287 | Precision@1: 53.403% (11347/21248)
Loss: 1.287 | Precision@1: 53.368% (11408/21376)
Loss: 1.287 | Precision@1: 53.371% (11477/21504)
Loss: 1.285 | Precision@1: 53.444% (11561/21632)
Loss: 1.285 | Precision@1: 53.456% (11632/21760)
Loss: 1.285 | Precision@1: 53.463% (11702/21888)
Loss: 1.284 | Precision@1: 53.466% (11771/22016)
Loss: 1.283 | Precision@1: 53.459% (11838/22144)
Loss: 1.282 | Precision@1: 53.471% (11909/22272)
Loss: 1.282 | Precision@1: 53.478% (11979/22400)
Loss: 1.281 | Precision@1: 53.485% (12049/22528)
Loss: 1.281 | Precision@1: 53.509% (12123/22656)
Loss: 1.281 | Precision@1: 53.524% (12195/22784)
Loss: 1.280 | Precision@1: 53.513% (12261/22912)
Loss: 1.280 | Precision@1: 53.520% (12331/23040)
Loss: 1.279 | Precision@1: 53.557% (12408/23168)
Loss: 1.279 | Precision@1: 53.559% (12477/23296)
Loss: 1.279 | Precision@1: 53.569% (12548/23424)
Loss: 1.279 | Precision@1: 53.584% (12620/23552)
Loss: 1.279 | Precision@1: 53.590% (12690/23680)
Loss: 1.278 | Precision@1: 53.616% (12765/23808)
Loss: 1.277 | Precision@1: 53.664% (12845/23936)
Loss: 1.276 | Precision@1: 53.698% (12922/24064)
Loss: 1.276 | Precision@1: 53.708% (12993/24192)
Loss: 1.275 | Precision@1: 53.734% (13068/24320)
Loss: 1.275 | Precision@1: 53.726% (13135/24448)
Loss: 1.275 | Precision@1: 53.788% (13219/24576)
Loss: 1.274 | Precision@1: 53.797% (13290/24704)
Loss: 1.274 | Precision@1: 53.793% (13358/24832)
Loss: 1.274 | Precision@1: 53.802% (13429/24960)
Loss: 1.273 | Precision@1: 53.819% (13502/25088)
Loss: 1.272 | Precision@1: 53.839% (13576/25216)
Loss: 1.271 | Precision@1: 53.875% (13654/25344)
Loss: 1.271 | Precision@1: 53.902% (13730/25472)
Loss: 1.271 | Precision@1: 53.898% (13798/25600)
Loss: 1.272 | Precision@1: 53.875% (13861/25728)
Loss: 1.271 | Precision@1: 53.895% (13935/25856)
Loss: 1.271 | Precision@1: 53.860% (13995/25984)
Loss: 1.271 | Precision@1: 53.860% (14064/26112)
Loss: 1.271 | Precision@1: 53.841% (14128/26240)
Loss: 1.271 | Precision@1: 53.834% (14195/26368)
Loss: 1.270 | Precision@1: 53.876% (14275/26496)
Loss: 1.270 | Precision@1: 53.869% (14342/26624)
Loss: 1.270 | Precision@1: 53.895% (14418/26752)
Loss: 1.270 | Precision@1: 53.917% (14493/26880)
Loss: 1.270 | Precision@1: 53.917% (14562/27008)
Loss: 1.268 | Precision@1: 53.958% (14642/27136)
Loss: 1.268 | Precision@1: 53.980% (14717/27264)
Loss: 1.268 | Precision@1: 53.994% (14790/27392)
Loss: 1.269 | Precision@1: 53.983% (14856/27520)
Loss: 1.268 | Precision@1: 54.000% (14930/27648)
Loss: 1.268 | Precision@1: 54.025% (15006/27776)
Loss: 1.268 | Precision@1: 54.050% (15082/27904)
Loss: 1.268 | Precision@1: 54.035% (15147/28032)
Loss: 1.269 | Precision@1: 54.016% (15211/28160)
Loss: 1.268 | Precision@1: 54.012% (15279/28288)
Loss: 1.268 | Precision@1: 54.015% (15349/28416)
Loss: 1.268 | Precision@1: 54.018% (15419/28544)
Loss: 1.268 | Precision@1: 54.014% (15487/28672)
Loss: 1.268 | Precision@1: 54.045% (15565/28800)
Loss: 1.267 | Precision@1: 54.051% (15636/28928)
Loss: 1.267 | Precision@1: 54.092% (15717/29056)
Loss: 1.266 | Precision@1: 54.139% (15800/29184)
Loss: 1.266 | Precision@1: 54.128% (15866/29312)
Loss: 1.266 | Precision@1: 54.154% (15943/29440)
Loss: 1.266 | Precision@1: 54.129% (16005/29568)
Loss: 1.265 | Precision@1: 54.155% (16082/29696)
Loss: 1.265 | Precision@1: 54.154% (16151/29824)
Loss: 1.264 | Precision@1: 54.170% (16225/29952)
Loss: 1.263 | Precision@1: 54.225% (16311/30080)
Loss: 1.263 | Precision@1: 54.224% (16380/30208)
Loss: 1.263 | Precision@1: 54.213% (16446/30336)
Loss: 1.264 | Precision@1: 54.169% (16502/30464)
Loss: 1.263 | Precision@1: 54.194% (16579/30592)
Loss: 1.263 | Precision@1: 54.186% (16646/30720)
Loss: 1.263 | Precision@1: 54.198% (16719/30848)
Loss: 1.263 | Precision@1: 54.229% (16798/30976)
Loss: 1.262 | Precision@1: 54.237% (16870/31104)
Loss: 1.262 | Precision@1: 54.287% (16955/31232)
Loss: 1.261 | Precision@1: 54.321% (17035/31360)
Loss: 1.261 | Precision@1: 54.329% (17107/31488)
Loss: 1.260 | Precision@1: 54.336% (17179/31616)
Loss: 1.260 | Precision@1: 54.335% (17248/31744)
Loss: 1.259 | Precision@1: 54.349% (17322/31872)
Loss: 1.259 | Precision@1: 54.328% (17385/32000)
Loss: 1.259 | Precision@1: 54.339% (17458/32128)
Loss: 1.259 | Precision@1: 54.346% (17530/32256)
Loss: 1.258 | Precision@1: 54.366% (17606/32384)
Loss: 1.258 | Precision@1: 54.377% (17679/32512)
Loss: 1.257 | Precision@1: 54.384% (17751/32640)
Loss: 1.257 | Precision@1: 54.422% (17833/32768)
Loss: 1.257 | Precision@1: 54.466% (17917/32896)
Loss: 1.256 | Precision@1: 54.488% (17994/33024)
Loss: 1.256 | Precision@1: 54.510% (18071/33152)
Loss: 1.256 | Precision@1: 54.534% (18149/33280)
Loss: 1.255 | Precision@1: 54.556% (18226/33408)
Loss: 1.255 | Precision@1: 54.577% (18303/33536)
Loss: 1.254 | Precision@1: 54.607% (18383/33664)
Loss: 1.254 | Precision@1: 54.611% (18454/33792)
Loss: 1.255 | Precision@1: 54.611% (18524/33920)
Loss: 1.255 | Precision@1: 54.591% (18587/34048)
Loss: 1.255 | Precision@1: 54.597% (18659/34176)
Loss: 1.254 | Precision@1: 54.612% (18734/34304)
Loss: 1.254 | Precision@1: 54.635% (18812/34432)
Loss: 1.254 | Precision@1: 54.618% (18876/34560)
Loss: 1.254 | Precision@1: 54.618% (18946/34688)
Loss: 1.254 | Precision@1: 54.624% (19018/34816)
Loss: 1.254 | Precision@1: 54.619% (19086/34944)
Loss: 1.254 | Precision@1: 54.633% (19161/35072)
Loss: 1.254 | Precision@1: 54.648% (19236/35200)
Loss: 1.254 | Precision@1: 54.665% (19312/35328)
Loss: 1.253 | Precision@1: 54.693% (19392/35456)
Loss: 1.253 | Precision@1: 54.718% (19471/35584)
Loss: 1.252 | Precision@1: 54.732% (19546/35712)
Loss: 1.252 | Precision@1: 54.707% (19607/35840)
Loss: 1.252 | Precision@1: 54.738% (19688/35968)
Loss: 1.252 | Precision@1: 54.743% (19760/36096)
Loss: 1.252 | Precision@1: 54.762% (19837/36224)
Loss: 1.251 | Precision@1: 54.773% (19911/36352)
Loss: 1.251 | Precision@1: 54.775% (19982/36480)
Loss: 1.251 | Precision@1: 54.791% (20058/36608)
Loss: 1.251 | Precision@1: 54.772% (20121/36736)
Loss: 1.251 | Precision@1: 54.780% (20194/36864)
Loss: 1.251 | Precision@1: 54.785% (20266/36992)
Loss: 1.252 | Precision@1: 54.776% (20333/37120)
Loss: 1.251 | Precision@1: 54.832% (20424/37248)
Loss: 1.251 | Precision@1: 54.840% (20497/37376)
Loss: 1.250 | Precision@1: 54.853% (20572/37504)
Loss: 1.249 | Precision@1: 54.884% (20654/37632)
Loss: 1.249 | Precision@1: 54.897% (20729/37760)
Loss: 1.249 | Precision@1: 54.914% (20806/37888)
Loss: 1.248 | Precision@1: 54.922% (20879/38016)
Loss: 1.249 | Precision@1: 54.913% (20946/38144)
Loss: 1.249 | Precision@1: 54.925% (21021/38272)
Loss: 1.248 | Precision@1: 54.953% (21102/38400)
Loss: 1.247 | Precision@1: 54.986% (21185/38528)
Loss: 1.247 | Precision@1: 55.008% (21264/38656)
Loss: 1.247 | Precision@1: 54.997% (21330/38784)
Loss: 1.246 | Precision@1: 55.022% (21410/38912)
Loss: 1.246 | Precision@1: 55.036% (21486/39040)
Loss: 1.245 | Precision@1: 55.053% (21563/39168)
Loss: 1.245 | Precision@1: 55.087% (21647/39296)
Loss: 1.245 | Precision@1: 55.091% (21719/39424)
Loss: 1.244 | Precision@1: 55.102% (21794/39552)
Loss: 1.244 | Precision@1: 55.113% (21869/39680)
Loss: 1.244 | Precision@1: 55.127% (21945/39808)
Loss: 1.244 | Precision@1: 55.143% (22022/39936)
Loss: 1.244 | Precision@1: 55.174% (22105/40064)
Loss: 1.243 | Precision@1: 55.193% (22183/40192)
Loss: 1.243 | Precision@1: 55.211% (22261/40320)
Loss: 1.242 | Precision@1: 55.217% (22334/40448)
Loss: 1.242 | Precision@1: 55.235% (22412/40576)
Loss: 1.242 | Precision@1: 55.240% (22485/40704)
Loss: 1.242 | Precision@1: 55.234% (22553/40832)
Loss: 1.241 | Precision@1: 55.256% (22633/40960)
Loss: 1.241 | Precision@1: 55.281% (22714/41088)
Loss: 1.240 | Precision@1: 55.296% (22791/41216)
Loss: 1.240 | Precision@1: 55.328% (22875/41344)
Loss: 1.240 | Precision@1: 55.322% (22943/41472)
Loss: 1.239 | Precision@1: 55.320% (23013/41600)
Loss: 1.239 | Precision@1: 55.344% (23094/41728)
Loss: 1.239 | Precision@1: 55.354% (23169/41856)
Loss: 1.238 | Precision@1: 55.366% (23245/41984)
Loss: 1.238 | Precision@1: 55.388% (23325/42112)
Loss: 1.238 | Precision@1: 55.379% (23392/42240)
Loss: 1.237 | Precision@1: 55.405% (23474/42368)
Loss: 1.237 | Precision@1: 55.412% (23548/42496)
Loss: 1.236 | Precision@1: 55.455% (23637/42624)
Loss: 1.237 | Precision@1: 55.452% (23707/42752)
Loss: 1.237 | Precision@1: 55.452% (23778/42880)
Loss: 1.236 | Precision@1: 55.457% (23851/43008)
Loss: 1.236 | Precision@1: 55.471% (23928/43136)
Loss: 1.236 | Precision@1: 55.485% (24005/43264)
Loss: 1.236 | Precision@1: 55.506% (24085/43392)
Loss: 1.235 | Precision@1: 55.515% (24160/43520)
Loss: 1.235 | Precision@1: 55.521% (24234/43648)
Loss: 1.235 | Precision@1: 55.512% (24301/43776)
Loss: 1.235 | Precision@1: 55.519% (24375/43904)
Loss: 1.234 | Precision@1: 55.539% (24455/44032)
Loss: 1.234 | Precision@1: 55.564% (24537/44160)
Loss: 1.233 | Precision@1: 55.577% (24614/44288)
Loss: 1.233 | Precision@1: 55.572% (24683/44416)
Loss: 1.233 | Precision@1: 55.574% (24755/44544)
Loss: 1.233 | Precision@1: 55.599% (24837/44672)
Loss: 1.232 | Precision@1: 55.616% (24916/44800)
Loss: 1.232 | Precision@1: 55.602% (24981/44928)
Loss: 1.231 | Precision@1: 55.629% (25064/45056)
Loss: 1.231 | Precision@1: 55.628% (25135/45184)
Loss: 1.231 | Precision@1: 55.621% (25203/45312)
Loss: 1.231 | Precision@1: 55.616% (25272/45440)
Loss: 1.231 | Precision@1: 55.642% (25355/45568)
Loss: 1.230 | Precision@1: 55.661% (25435/45696)
Loss: 1.230 | Precision@1: 55.683% (25516/45824)
Loss: 1.230 | Precision@1: 55.671% (25582/45952)
Loss: 1.230 | Precision@1: 55.666% (25651/46080)
Loss: 1.230 | Precision@1: 55.672% (25725/46208)
Loss: 1.229 | Precision@1: 55.674% (25797/46336)
Loss: 1.229 | Precision@1: 55.684% (25873/46464)
Loss: 1.229 | Precision@1: 55.705% (25954/46592)
Loss: 1.228 | Precision@1: 55.717% (26031/46720)
Loss: 1.227 | Precision@1: 55.733% (26110/46848)
Loss: 1.227 | Precision@1: 55.752% (26190/46976)
Loss: 1.226 | Precision@1: 55.794% (26281/47104)
Loss: 1.226 | Precision@1: 55.810% (26360/47232)
Loss: 1.225 | Precision@1: 55.813% (26433/47360)
Loss: 1.225 | Precision@1: 55.837% (26516/47488)
Loss: 1.225 | Precision@1: 55.834% (26586/47616)
Loss: 1.224 | Precision@1: 55.867% (26673/47744)
Loss: 1.224 | Precision@1: 55.872% (26747/47872)
Loss: 1.224 | Precision@1: 55.877% (26821/48000)
Loss: 1.224 | Precision@1: 55.895% (26901/48128)
Loss: 1.224 | Precision@1: 55.891% (26971/48256)
Loss: 1.223 | Precision@1: 55.930% (27061/48384)
Loss: 1.222 | Precision@1: 55.955% (27145/48512)
Loss: 1.222 | Precision@1: 55.970% (27224/48640)
Loss: 1.221 | Precision@1: 55.992% (27306/48768)
Loss: 1.221 | Precision@1: 56.017% (27390/48896)
Loss: 1.220 | Precision@1: 56.030% (27468/49024)
Loss: 1.220 | Precision@1: 56.057% (27553/49152)
Loss: 1.219 | Precision@1: 56.078% (27635/49280)
Loss: 1.219 | Precision@1: 56.102% (27719/49408)
Loss: 1.218 | Precision@1: 56.103% (27791/49536)
Loss: 1.218 | Precision@1: 56.119% (27871/49664)
Loss: 1.217 | Precision@1: 56.140% (27953/49792)
Loss: 1.217 | Precision@1: 56.148% (28029/49920)
Loss: 1.216 | Precision@1: 56.158% (28079/50000)

Aggregates: 			
 	 DataLoader Time: 1.3349 			
 	 Mini-batch Time:52.5000 			
 	 Training Epoch Time:53.5439
 			
 Averages: 			
 	 Training Loss: 1.2163

 Test set Averages: Loss: 1.125 | Precision@1: 60.520% (6052/10000)

Epoch: 3
Loss: 0.948 | Precision@1: 67.969% (87/128)
Loss: 0.978 | Precision@1: 65.234% (167/256)
Loss: 0.959 | Precision@1: 64.583% (248/384)
Loss: 0.999 | Precision@1: 63.672% (326/512)
Loss: 0.992 | Precision@1: 64.062% (410/640)
Loss: 0.983 | Precision@1: 64.583% (496/768)
Loss: 1.019 | Precision@1: 63.951% (573/896)
Loss: 1.029 | Precision@1: 63.672% (652/1024)
Loss: 1.049 | Precision@1: 63.194% (728/1152)
Loss: 1.043 | Precision@1: 63.281% (810/1280)
Loss: 1.044 | Precision@1: 63.494% (894/1408)
Loss: 1.057 | Precision@1: 62.760% (964/1536)
Loss: 1.062 | Precision@1: 62.440% (1039/1664)
Loss: 1.070 | Precision@1: 62.165% (1114/1792)
Loss: 1.072 | Precision@1: 62.135% (1193/1920)
Loss: 1.081 | Precision@1: 61.768% (1265/2048)
Loss: 1.075 | Precision@1: 61.949% (1348/2176)
Loss: 1.070 | Precision@1: 61.979% (1428/2304)
Loss: 1.064 | Precision@1: 62.089% (1510/2432)
Loss: 1.082 | Precision@1: 61.602% (1577/2560)
Loss: 1.087 | Precision@1: 61.347% (1649/2688)
Loss: 1.089 | Precision@1: 61.293% (1726/2816)
Loss: 1.087 | Precision@1: 61.141% (1800/2944)
Loss: 1.082 | Precision@1: 61.263% (1882/3072)
Loss: 1.090 | Precision@1: 61.281% (1961/3200)
Loss: 1.089 | Precision@1: 61.388% (2043/3328)
Loss: 1.088 | Precision@1: 61.632% (2130/3456)
Loss: 1.084 | Precision@1: 61.663% (2210/3584)
Loss: 1.084 | Precision@1: 61.476% (2282/3712)
Loss: 1.075 | Precision@1: 61.823% (2374/3840)
Loss: 1.078 | Precision@1: 61.794% (2452/3968)
Loss: 1.079 | Precision@1: 61.841% (2533/4096)
Loss: 1.076 | Precision@1: 61.979% (2618/4224)
Loss: 1.078 | Precision@1: 61.765% (2688/4352)
Loss: 1.072 | Precision@1: 61.942% (2775/4480)
Loss: 1.069 | Precision@1: 61.957% (2855/4608)
Loss: 1.069 | Precision@1: 62.078% (2940/4736)
Loss: 1.070 | Precision@1: 62.130% (3022/4864)
Loss: 1.072 | Precision@1: 62.039% (3097/4992)
Loss: 1.068 | Precision@1: 62.148% (3182/5120)
Loss: 1.067 | Precision@1: 62.309% (3270/5248)
Loss: 1.065 | Precision@1: 62.407% (3355/5376)
Loss: 1.065 | Precision@1: 62.482% (3439/5504)
Loss: 1.065 | Precision@1: 62.464% (3518/5632)
Loss: 1.061 | Precision@1: 62.622% (3607/5760)
Loss: 1.062 | Precision@1: 62.568% (3684/5888)
Loss: 1.064 | Precision@1: 62.533% (3762/6016)
Loss: 1.063 | Precision@1: 62.565% (3844/6144)
Loss: 1.058 | Precision@1: 62.755% (3936/6272)
Loss: 1.061 | Precision@1: 62.688% (4012/6400)
Loss: 1.058 | Precision@1: 62.714% (4094/6528)
Loss: 1.057 | Precision@1: 62.770% (4178/6656)
Loss: 1.062 | Precision@1: 62.647% (4250/6784)
Loss: 1.065 | Precision@1: 62.529% (4322/6912)
Loss: 1.066 | Precision@1: 62.528% (4402/7040)
Loss: 1.067 | Precision@1: 62.486% (4479/7168)
Loss: 1.065 | Precision@1: 62.582% (4566/7296)
Loss: 1.062 | Precision@1: 62.635% (4650/7424)
Loss: 1.061 | Precision@1: 62.619% (4729/7552)
Loss: 1.059 | Precision@1: 62.721% (4817/7680)
Loss: 1.059 | Precision@1: 62.692% (4895/7808)
Loss: 1.058 | Precision@1: 62.752% (4980/7936)
Loss: 1.059 | Precision@1: 62.748% (5060/8064)
Loss: 1.056 | Precision@1: 62.817% (5146/8192)
Loss: 1.057 | Precision@1: 62.837% (5228/8320)
Loss: 1.057 | Precision@1: 62.831% (5308/8448)
Loss: 1.058 | Precision@1: 62.768% (5383/8576)
Loss: 1.058 | Precision@1: 62.753% (5462/8704)
Loss: 1.056 | Precision@1: 62.817% (5548/8832)
Loss: 1.055 | Precision@1: 62.812% (5628/8960)
Loss: 1.056 | Precision@1: 62.731% (5701/9088)
Loss: 1.056 | Precision@1: 62.739% (5782/9216)
Loss: 1.056 | Precision@1: 62.703% (5859/9344)
Loss: 1.057 | Precision@1: 62.648% (5934/9472)
Loss: 1.057 | Precision@1: 62.625% (6012/9600)
Loss: 1.057 | Precision@1: 62.572% (6087/9728)
Loss: 1.058 | Precision@1: 62.520% (6162/9856)
Loss: 1.056 | Precision@1: 62.600% (6250/9984)
Loss: 1.056 | Precision@1: 62.658% (6336/10112)
Loss: 1.054 | Precision@1: 62.773% (6428/10240)
Loss: 1.053 | Precision@1: 62.799% (6511/10368)
Loss: 1.053 | Precision@1: 62.776% (6589/10496)
Loss: 1.053 | Precision@1: 62.716% (6663/10624)
Loss: 1.053 | Precision@1: 62.705% (6742/10752)
Loss: 1.054 | Precision@1: 62.638% (6815/10880)
Loss: 1.054 | Precision@1: 62.600% (6891/11008)
Loss: 1.056 | Precision@1: 62.509% (6961/11136)
Loss: 1.054 | Precision@1: 62.536% (7044/11264)
Loss: 1.054 | Precision@1: 62.544% (7125/11392)
Loss: 1.055 | Precision@1: 62.509% (7201/11520)
Loss: 1.054 | Precision@1: 62.526% (7283/11648)
Loss: 1.053 | Precision@1: 62.534% (7364/11776)
Loss: 1.053 | Precision@1: 62.550% (7446/11904)
Loss: 1.054 | Precision@1: 62.525% (7523/12032)
Loss: 1.054 | Precision@1: 62.533% (7604/12160)
Loss: 1.054 | Precision@1: 62.557% (7687/12288)
Loss: 1.053 | Precision@1: 62.556% (7767/12416)
Loss: 1.054 | Precision@1: 62.540% (7845/12544)
Loss: 1.056 | Precision@1: 62.468% (7916/12672)
Loss: 1.058 | Precision@1: 62.383% (7985/12800)
Loss: 1.058 | Precision@1: 62.415% (8069/12928)
Loss: 1.057 | Precision@1: 62.439% (8152/13056)
Loss: 1.059 | Precision@1: 62.379% (8224/13184)
Loss: 1.059 | Precision@1: 62.365% (8302/13312)
Loss: 1.061 | Precision@1: 62.284% (8371/13440)
Loss: 1.060 | Precision@1: 62.249% (8446/13568)
Loss: 1.060 | Precision@1: 62.281% (8530/13696)
Loss: 1.060 | Precision@1: 62.290% (8611/13824)
Loss: 1.060 | Precision@1: 62.285% (8690/13952)
Loss: 1.059 | Precision@1: 62.337% (8777/14080)
Loss: 1.058 | Precision@1: 62.373% (8862/14208)
Loss: 1.059 | Precision@1: 62.354% (8939/14336)
Loss: 1.059 | Precision@1: 62.403% (9026/14464)
Loss: 1.058 | Precision@1: 62.445% (9112/14592)
Loss: 1.058 | Precision@1: 62.446% (9192/14720)
Loss: 1.058 | Precision@1: 62.480% (9277/14848)
Loss: 1.057 | Precision@1: 62.487% (9358/14976)
Loss: 1.057 | Precision@1: 62.520% (9443/15104)
Loss: 1.058 | Precision@1: 62.480% (9517/15232)
Loss: 1.058 | Precision@1: 62.480% (9597/15360)
Loss: 1.058 | Precision@1: 62.461% (9674/15488)
Loss: 1.057 | Precision@1: 62.558% (9769/15616)
Loss: 1.056 | Precision@1: 62.602% (9856/15744)
Loss: 1.055 | Precision@1: 62.658% (9945/15872)
Loss: 1.054 | Precision@1: 62.644% (10023/16000)
Loss: 1.055 | Precision@1: 62.643% (10103/16128)
Loss: 1.054 | Precision@1: 62.648% (10184/16256)
Loss: 1.053 | Precision@1: 62.677% (10269/16384)
Loss: 1.052 | Precision@1: 62.670% (10348/16512)
Loss: 1.051 | Precision@1: 62.728% (10438/16640)
Loss: 1.050 | Precision@1: 62.804% (10531/16768)
Loss: 1.050 | Precision@1: 62.778% (10607/16896)
Loss: 1.050 | Precision@1: 62.800% (10691/17024)
Loss: 1.050 | Precision@1: 62.739% (10761/17152)
Loss: 1.050 | Precision@1: 62.749% (10843/17280)
Loss: 1.050 | Precision@1: 62.764% (10926/17408)
Loss: 1.051 | Precision@1: 62.757% (11005/17536)
Loss: 1.050 | Precision@1: 62.738% (11082/17664)
Loss: 1.051 | Precision@1: 62.708% (11157/17792)
Loss: 1.050 | Precision@1: 62.734% (11242/17920)
Loss: 1.049 | Precision@1: 62.733% (11322/18048)
Loss: 1.048 | Precision@1: 62.759% (11407/18176)
Loss: 1.048 | Precision@1: 62.724% (11481/18304)
Loss: 1.049 | Precision@1: 62.706% (11558/18432)
Loss: 1.050 | Precision@1: 62.667% (11631/18560)
Loss: 1.049 | Precision@1: 62.687% (11715/18688)
Loss: 1.049 | Precision@1: 62.691% (11796/18816)
Loss: 1.049 | Precision@1: 62.706% (11879/18944)
Loss: 1.049 | Precision@1: 62.694% (11957/19072)
Loss: 1.050 | Precision@1: 62.693% (12037/19200)
Loss: 1.051 | Precision@1: 62.655% (12110/19328)
Loss: 1.051 | Precision@1: 62.593% (12178/19456)
Loss: 1.051 | Precision@1: 62.592% (12258/19584)
Loss: 1.052 | Precision@1: 62.591% (12338/19712)
Loss: 1.051 | Precision@1: 62.606% (12421/19840)
Loss: 1.050 | Precision@1: 62.625% (12505/19968)
Loss: 1.050 | Precision@1: 62.604% (12581/20096)
Loss: 1.051 | Precision@1: 62.599% (12660/20224)
Loss: 1.050 | Precision@1: 62.608% (12742/20352)
Loss: 1.051 | Precision@1: 62.588% (12818/20480)
Loss: 1.052 | Precision@1: 62.558% (12892/20608)
Loss: 1.051 | Precision@1: 62.548% (12970/20736)
Loss: 1.051 | Precision@1: 62.543% (13049/20864)
Loss: 1.051 | Precision@1: 62.519% (13124/20992)
Loss: 1.052 | Precision@1: 62.495% (13199/21120)
Loss: 1.051 | Precision@1: 62.552% (13291/21248)
Loss: 1.050 | Precision@1: 62.608% (13383/21376)
Loss: 1.049 | Precision@1: 62.644% (13471/21504)
Loss: 1.049 | Precision@1: 62.657% (13554/21632)
Loss: 1.050 | Precision@1: 62.624% (13627/21760)
Loss: 1.048 | Precision@1: 62.674% (13718/21888)
Loss: 1.047 | Precision@1: 62.709% (13806/22016)
Loss: 1.046 | Precision@1: 62.757% (13897/22144)
Loss: 1.046 | Precision@1: 62.756% (13977/22272)
Loss: 1.047 | Precision@1: 62.737% (14053/22400)
Loss: 1.046 | Precision@1: 62.784% (14144/22528)
Loss: 1.046 | Precision@1: 62.782% (14224/22656)
Loss: 1.046 | Precision@1: 62.768% (14301/22784)
Loss: 1.046 | Precision@1: 62.779% (14384/22912)
Loss: 1.047 | Precision@1: 62.773% (14463/23040)
Loss: 1.046 | Precision@1: 62.789% (14547/23168)
Loss: 1.046 | Precision@1: 62.783% (14626/23296)
Loss: 1.045 | Precision@1: 62.799% (14710/23424)
Loss: 1.045 | Precision@1: 62.793% (14789/23552)
Loss: 1.046 | Precision@1: 62.745% (14858/23680)
Loss: 1.046 | Precision@1: 62.760% (14942/23808)
Loss: 1.046 | Precision@1: 62.738% (15017/23936)
Loss: 1.045 | Precision@1: 62.770% (15105/24064)
Loss: 1.046 | Precision@1: 62.781% (15188/24192)
Loss: 1.046 | Precision@1: 62.784% (15269/24320)
Loss: 1.044 | Precision@1: 62.852% (15366/24448)
Loss: 1.044 | Precision@1: 62.858% (15448/24576)
Loss: 1.044 | Precision@1: 62.840% (15524/24704)
Loss: 1.044 | Precision@1: 62.830% (15602/24832)
Loss: 1.043 | Precision@1: 62.873% (15693/24960)
Loss: 1.043 | Precision@1: 62.871% (15773/25088)
Loss: 1.043 | Precision@1: 62.845% (15847/25216)
Loss: 1.043 | Precision@1: 62.879% (15936/25344)
Loss: 1.043 | Precision@1: 62.861% (16012/25472)
Loss: 1.042 | Precision@1: 62.879% (16097/25600)
Loss: 1.041 | Precision@1: 62.904% (16184/25728)
Loss: 1.042 | Precision@1: 62.883% (16259/25856)
Loss: 1.041 | Precision@1: 62.923% (16350/25984)
Loss: 1.040 | Precision@1: 62.948% (16437/26112)
Loss: 1.039 | Precision@1: 62.984% (16527/26240)
Loss: 1.039 | Precision@1: 62.982% (16607/26368)
Loss: 1.038 | Precision@1: 63.017% (16697/26496)
Loss: 1.038 | Precision@1: 63.052% (16787/26624)
Loss: 1.037 | Precision@1: 63.061% (16870/26752)
Loss: 1.037 | Precision@1: 63.062% (16951/26880)
Loss: 1.038 | Precision@1: 63.041% (17026/27008)
Loss: 1.038 | Precision@1: 63.020% (17101/27136)
Loss: 1.039 | Precision@1: 63.006% (17178/27264)
Loss: 1.038 | Precision@1: 63.022% (17263/27392)
Loss: 1.039 | Precision@1: 63.005% (17339/27520)
Loss: 1.038 | Precision@1: 63.035% (17428/27648)
Loss: 1.039 | Precision@1: 63.022% (17505/27776)
Loss: 1.038 | Precision@1: 63.041% (17591/27904)
Loss: 1.038 | Precision@1: 63.067% (17679/28032)
Loss: 1.037 | Precision@1: 63.075% (17762/28160)
Loss: 1.036 | Precision@1: 63.119% (17855/28288)
Loss: 1.036 | Precision@1: 63.130% (17939/28416)
Loss: 1.035 | Precision@1: 63.148% (18025/28544)
Loss: 1.035 | Precision@1: 63.142% (18104/28672)
Loss: 1.034 | Precision@1: 63.167% (18192/28800)
Loss: 1.034 | Precision@1: 63.150% (18268/28928)
Loss: 1.033 | Precision@1: 63.175% (18356/29056)
Loss: 1.033 | Precision@1: 63.182% (18439/29184)
Loss: 1.033 | Precision@1: 63.203% (18526/29312)
Loss: 1.033 | Precision@1: 63.203% (18607/29440)
Loss: 1.033 | Precision@1: 63.200% (18687/29568)
Loss: 1.034 | Precision@1: 63.194% (18766/29696)
Loss: 1.034 | Precision@1: 63.197% (18848/29824)
Loss: 1.034 | Precision@1: 63.191% (18927/29952)
Loss: 1.035 | Precision@1: 63.178% (19004/30080)
Loss: 1.035 | Precision@1: 63.175% (19084/30208)
Loss: 1.036 | Precision@1: 63.176% (19165/30336)
Loss: 1.036 | Precision@1: 63.147% (19237/30464)
Loss: 1.036 | Precision@1: 63.141% (19316/30592)
Loss: 1.036 | Precision@1: 63.135% (19395/30720)
Loss: 1.036 | Precision@1: 63.155% (19482/30848)
Loss: 1.035 | Precision@1: 63.188% (19573/30976)
Loss: 1.035 | Precision@1: 63.185% (19653/31104)
Loss: 1.035 | Precision@1: 63.208% (19741/31232)
Loss: 1.035 | Precision@1: 63.233% (19830/31360)
Loss: 1.035 | Precision@1: 63.249% (19916/31488)
Loss: 1.035 | Precision@1: 63.275% (20005/31616)
Loss: 1.034 | Precision@1: 63.303% (20095/31744)
Loss: 1.034 | Precision@1: 63.297% (20174/31872)
Loss: 1.033 | Precision@1: 63.331% (20266/32000)
Loss: 1.033 | Precision@1: 63.331% (20347/32128)
Loss: 1.033 | Precision@1: 63.337% (20430/32256)
Loss: 1.033 | Precision@1: 63.331% (20509/32384)
Loss: 1.033 | Precision@1: 63.330% (20590/32512)
Loss: 1.033 | Precision@1: 63.312% (20665/32640)
Loss: 1.033 | Precision@1: 63.345% (20757/32768)
Loss: 1.032 | Precision@1: 63.348% (20839/32896)
Loss: 1.032 | Precision@1: 63.342% (20918/33024)
Loss: 1.032 | Precision@1: 63.345% (21000/33152)
Loss: 1.032 | Precision@1: 63.365% (21088/33280)
Loss: 1.032 | Precision@1: 63.368% (21170/33408)
Loss: 1.032 | Precision@1: 63.368% (21251/33536)
Loss: 1.032 | Precision@1: 63.376% (21335/33664)
Loss: 1.032 | Precision@1: 63.400% (21424/33792)
Loss: 1.031 | Precision@1: 63.420% (21512/33920)
Loss: 1.031 | Precision@1: 63.413% (21591/34048)
Loss: 1.031 | Precision@1: 63.401% (21668/34176)
Loss: 1.031 | Precision@1: 63.415% (21754/34304)
Loss: 1.031 | Precision@1: 63.395% (21828/34432)
Loss: 1.031 | Precision@1: 63.400% (21911/34560)
Loss: 1.031 | Precision@1: 63.388% (21988/34688)
Loss: 1.031 | Precision@1: 63.396% (22072/34816)
Loss: 1.031 | Precision@1: 63.367% (22143/34944)
Loss: 1.032 | Precision@1: 63.350% (22218/35072)
Loss: 1.032 | Precision@1: 63.335% (22294/35200)
Loss: 1.032 | Precision@1: 63.321% (22370/35328)
Loss: 1.032 | Precision@1: 63.343% (22459/35456)
Loss: 1.032 | Precision@1: 63.340% (22539/35584)
Loss: 1.032 | Precision@1: 63.348% (22623/35712)
Loss: 1.033 | Precision@1: 63.340% (22701/35840)
Loss: 1.032 | Precision@1: 63.348% (22785/35968)
Loss: 1.033 | Precision@1: 63.345% (22865/36096)
Loss: 1.032 | Precision@1: 63.364% (22953/36224)
Loss: 1.033 | Precision@1: 63.339% (23025/36352)
Loss: 1.032 | Precision@1: 63.366% (23116/36480)
Loss: 1.032 | Precision@1: 63.391% (23206/36608)
Loss: 1.032 | Precision@1: 63.387% (23286/36736)
Loss: 1.032 | Precision@1: 63.403% (23373/36864)
Loss: 1.031 | Precision@1: 63.433% (23465/36992)
Loss: 1.032 | Precision@1: 63.427% (23544/37120)
Loss: 1.031 | Precision@1: 63.448% (23633/37248)
Loss: 1.031 | Precision@1: 63.447% (23714/37376)
Loss: 1.031 | Precision@1: 63.444% (23794/37504)
Loss: 1.030 | Precision@1: 63.465% (23883/37632)
Loss: 1.030 | Precision@1: 63.464% (23964/37760)
Loss: 1.030 | Precision@1: 63.482% (24052/37888)
Loss: 1.029 | Precision@1: 63.497% (24139/38016)
Loss: 1.029 | Precision@1: 63.507% (24224/38144)
Loss: 1.030 | Precision@1: 63.516% (24309/38272)
Loss: 1.029 | Precision@1: 63.549% (24403/38400)
Loss: 1.029 | Precision@1: 63.564% (24490/38528)
Loss: 1.028 | Precision@1: 63.589% (24581/38656)
Loss: 1.027 | Precision@1: 63.598% (24666/38784)
Loss: 1.027 | Precision@1: 63.592% (24745/38912)
Loss: 1.028 | Precision@1: 63.589% (24825/39040)
Loss: 1.027 | Precision@1: 63.603% (24912/39168)
Loss: 1.027 | Precision@1: 63.630% (25004/39296)
Loss: 1.026 | Precision@1: 63.654% (25095/39424)
Loss: 1.026 | Precision@1: 63.671% (25183/39552)
Loss: 1.026 | Precision@1: 63.682% (25269/39680)
Loss: 1.025 | Precision@1: 63.703% (25359/39808)
Loss: 1.025 | Precision@1: 63.719% (25447/39936)
Loss: 1.025 | Precision@1: 63.716% (25527/40064)
Loss: 1.025 | Precision@1: 63.724% (25612/40192)
Loss: 1.025 | Precision@1: 63.745% (25702/40320)
Loss: 1.025 | Precision@1: 63.746% (25784/40448)
Loss: 1.024 | Precision@1: 63.782% (25880/40576)
Loss: 1.024 | Precision@1: 63.800% (25969/40704)
Loss: 1.024 | Precision@1: 63.798% (26050/40832)
Loss: 1.023 | Precision@1: 63.813% (26138/40960)
Loss: 1.023 | Precision@1: 63.817% (26221/41088)
Loss: 1.023 | Precision@1: 63.825% (26306/41216)
Loss: 1.023 | Precision@1: 63.838% (26393/41344)
Loss: 1.023 | Precision@1: 63.821% (26468/41472)
Loss: 1.023 | Precision@1: 63.832% (26554/41600)
Loss: 1.023 | Precision@1: 63.825% (26633/41728)
Loss: 1.023 | Precision@1: 63.819% (26712/41856)
Loss: 1.023 | Precision@1: 63.808% (26789/41984)
Loss: 1.023 | Precision@1: 63.816% (26874/42112)
Loss: 1.023 | Precision@1: 63.809% (26953/42240)
Loss: 1.023 | Precision@1: 63.812% (27036/42368)
Loss: 1.023 | Precision@1: 63.811% (27117/42496)
Loss: 1.023 | Precision@1: 63.823% (27204/42624)
Loss: 1.023 | Precision@1: 63.812% (27281/42752)
Loss: 1.023 | Precision@1: 63.811% (27362/42880)
Loss: 1.023 | Precision@1: 63.818% (27447/43008)
Loss: 1.022 | Precision@1: 63.828% (27533/43136)
Loss: 1.022 | Precision@1: 63.843% (27621/43264)
Loss: 1.021 | Precision@1: 63.841% (27702/43392)
Loss: 1.021 | Precision@1: 63.863% (27793/43520)
Loss: 1.020 | Precision@1: 63.879% (27882/43648)
Loss: 1.020 | Precision@1: 63.896% (27971/43776)
Loss: 1.020 | Precision@1: 63.910% (28059/43904)
Loss: 1.020 | Precision@1: 63.901% (28137/44032)
Loss: 1.020 | Precision@1: 63.897% (28217/44160)
Loss: 1.019 | Precision@1: 63.925% (28311/44288)
Loss: 1.019 | Precision@1: 63.939% (28399/44416)
Loss: 1.018 | Precision@1: 63.952% (28487/44544)
Loss: 1.018 | Precision@1: 63.966% (28575/44672)
Loss: 1.017 | Precision@1: 63.998% (28671/44800)
Loss: 1.017 | Precision@1: 64.005% (28756/44928)
Loss: 1.017 | Precision@1: 64.020% (28845/45056)
Loss: 1.016 | Precision@1: 64.043% (28937/45184)
Loss: 1.016 | Precision@1: 64.062% (29028/45312)
Loss: 1.016 | Precision@1: 64.060% (29109/45440)
Loss: 1.016 | Precision@1: 64.065% (29193/45568)
Loss: 1.015 | Precision@1: 64.082% (29283/45696)
Loss: 1.015 | Precision@1: 64.089% (29368/45824)
Loss: 1.015 | Precision@1: 64.082% (29447/45952)
Loss: 1.015 | Precision@1: 64.080% (29528/46080)
Loss: 1.016 | Precision@1: 64.062% (29602/46208)
Loss: 1.016 | Precision@1: 64.047% (29677/46336)
Loss: 1.016 | Precision@1: 64.039% (29755/46464)
Loss: 1.016 | Precision@1: 64.045% (29840/46592)
Loss: 1.015 | Precision@1: 64.054% (29926/46720)
Loss: 1.015 | Precision@1: 64.077% (30019/46848)
Loss: 1.015 | Precision@1: 64.088% (30106/46976)
Loss: 1.015 | Precision@1: 64.073% (30181/47104)
Loss: 1.015 | Precision@1: 64.082% (30267/47232)
Loss: 1.015 | Precision@1: 64.096% (30356/47360)
Loss: 1.015 | Precision@1: 64.107% (30443/47488)
Loss: 1.014 | Precision@1: 64.121% (30532/47616)
Loss: 1.014 | Precision@1: 64.125% (30616/47744)
Loss: 1.014 | Precision@1: 64.121% (30696/47872)
Loss: 1.014 | Precision@1: 64.131% (30783/48000)
Loss: 1.014 | Precision@1: 64.139% (30869/48128)
Loss: 1.014 | Precision@1: 64.156% (30959/48256)
Loss: 1.013 | Precision@1: 64.164% (31045/48384)
Loss: 1.013 | Precision@1: 64.174% (31132/48512)
Loss: 1.013 | Precision@1: 64.174% (31214/48640)
Loss: 1.013 | Precision@1: 64.171% (31295/48768)
Loss: 1.012 | Precision@1: 64.185% (31384/48896)
Loss: 1.012 | Precision@1: 64.175% (31461/49024)
Loss: 1.012 | Precision@1: 64.185% (31548/49152)
Loss: 1.012 | Precision@1: 64.178% (31627/49280)
Loss: 1.011 | Precision@1: 64.194% (31717/49408)
Loss: 1.011 | Precision@1: 64.224% (31814/49536)
Loss: 1.010 | Precision@1: 64.244% (31906/49664)
Loss: 1.010 | Precision@1: 64.233% (31983/49792)
Loss: 1.009 | Precision@1: 64.245% (32071/49920)
Loss: 1.009 | Precision@1: 64.246% (32123/50000)

Aggregates: 			
 	 DataLoader Time: 1.0709 			
 	 Mini-batch Time:52.6564 			
 	 Training Epoch Time:53.7064
 			
 Averages: 			
 	 Training Loss: 1.0090

 Test set Averages: Loss: 1.142 | Precision@1: 62.350% (6235/10000)

Epoch: 4
Loss: 1.045 | Precision@1: 60.938% (78/128)
Loss: 1.023 | Precision@1: 62.891% (161/256)
Loss: 1.071 | Precision@1: 61.719% (237/384)
Loss: 1.051 | Precision@1: 62.109% (318/512)
Loss: 1.040 | Precision@1: 62.656% (401/640)
Loss: 1.025 | Precision@1: 63.542% (488/768)
Loss: 1.005 | Precision@1: 64.174% (575/896)
Loss: 1.014 | Precision@1: 63.965% (655/1024)
Loss: 1.013 | Precision@1: 64.149% (739/1152)
Loss: 0.990 | Precision@1: 64.688% (828/1280)
Loss: 0.994 | Precision@1: 64.489% (908/1408)
Loss: 0.993 | Precision@1: 64.388% (989/1536)
Loss: 0.992 | Precision@1: 64.784% (1078/1664)
Loss: 0.988 | Precision@1: 65.290% (1170/1792)
Loss: 0.988 | Precision@1: 65.208% (1252/1920)
Loss: 0.979 | Precision@1: 65.625% (1344/2048)
Loss: 0.970 | Precision@1: 66.085% (1438/2176)
Loss: 0.963 | Precision@1: 66.363% (1529/2304)
Loss: 0.959 | Precision@1: 66.612% (1620/2432)
Loss: 0.958 | Precision@1: 66.758% (1709/2560)
Loss: 0.962 | Precision@1: 66.481% (1787/2688)
Loss: 0.964 | Precision@1: 66.158% (1863/2816)
Loss: 0.970 | Precision@1: 65.897% (1940/2944)
Loss: 0.968 | Precision@1: 65.951% (2026/3072)
Loss: 0.958 | Precision@1: 66.250% (2120/3200)
Loss: 0.959 | Precision@1: 66.196% (2203/3328)
Loss: 0.956 | Precision@1: 66.291% (2291/3456)
Loss: 0.957 | Precision@1: 66.295% (2376/3584)
Loss: 0.960 | Precision@1: 66.164% (2456/3712)
Loss: 0.952 | Precision@1: 66.432% (2551/3840)
Loss: 0.952 | Precision@1: 66.507% (2639/3968)
Loss: 0.947 | Precision@1: 66.650% (2730/4096)
Loss: 0.941 | Precision@1: 66.880% (2825/4224)
Loss: 0.938 | Precision@1: 66.820% (2908/4352)
Loss: 0.933 | Precision@1: 66.964% (3000/4480)
Loss: 0.934 | Precision@1: 66.905% (3083/4608)
Loss: 0.934 | Precision@1: 66.871% (3167/4736)
Loss: 0.936 | Precision@1: 66.859% (3252/4864)
Loss: 0.931 | Precision@1: 67.188% (3354/4992)
Loss: 0.931 | Precision@1: 67.090% (3435/5120)
Loss: 0.931 | Precision@1: 66.997% (3516/5248)
Loss: 0.930 | Precision@1: 67.001% (3602/5376)
Loss: 0.926 | Precision@1: 67.078% (3692/5504)
Loss: 0.927 | Precision@1: 67.010% (3774/5632)
Loss: 0.928 | Precision@1: 66.858% (3851/5760)
Loss: 0.926 | Precision@1: 66.950% (3942/5888)
Loss: 0.926 | Precision@1: 66.955% (4028/6016)
Loss: 0.924 | Precision@1: 66.992% (4116/6144)
Loss: 0.923 | Precision@1: 67.060% (4206/6272)
Loss: 0.921 | Precision@1: 67.125% (4296/6400)
Loss: 0.918 | Precision@1: 67.142% (4383/6528)
Loss: 0.918 | Precision@1: 67.142% (4469/6656)
Loss: 0.917 | Precision@1: 67.246% (4562/6784)
Loss: 0.916 | Precision@1: 67.260% (4649/6912)
Loss: 0.913 | Precision@1: 67.344% (4741/7040)
Loss: 0.913 | Precision@1: 67.397% (4831/7168)
Loss: 0.913 | Precision@1: 67.462% (4922/7296)
Loss: 0.912 | Precision@1: 67.605% (5019/7424)
Loss: 0.912 | Precision@1: 67.624% (5107/7552)
Loss: 0.910 | Precision@1: 67.708% (5200/7680)
Loss: 0.910 | Precision@1: 67.764% (5291/7808)
Loss: 0.908 | Precision@1: 67.881% (5387/7936)
Loss: 0.908 | Precision@1: 67.882% (5474/8064)
Loss: 0.907 | Precision@1: 67.957% (5567/8192)
Loss: 0.905 | Precision@1: 68.053% (5662/8320)
Loss: 0.904 | Precision@1: 68.087% (5752/8448)
Loss: 0.904 | Precision@1: 68.050% (5836/8576)
Loss: 0.905 | Precision@1: 68.061% (5924/8704)
Loss: 0.904 | Precision@1: 68.059% (6011/8832)
Loss: 0.908 | Precision@1: 68.013% (6094/8960)
Loss: 0.906 | Precision@1: 68.035% (6183/9088)
Loss: 0.904 | Precision@1: 68.066% (6273/9216)
Loss: 0.904 | Precision@1: 68.054% (6359/9344)
Loss: 0.904 | Precision@1: 68.085% (6449/9472)
Loss: 0.905 | Precision@1: 68.052% (6533/9600)
Loss: 0.905 | Precision@1: 68.051% (6620/9728)
Loss: 0.905 | Precision@1: 68.080% (6710/9856)
Loss: 0.902 | Precision@1: 68.169% (6806/9984)
Loss: 0.901 | Precision@1: 68.206% (6897/10112)
Loss: 0.902 | Precision@1: 68.174% (6981/10240)
Loss: 0.900 | Precision@1: 68.191% (7070/10368)
Loss: 0.902 | Precision@1: 68.140% (7152/10496)
Loss: 0.902 | Precision@1: 68.129% (7238/10624)
Loss: 0.904 | Precision@1: 68.052% (7317/10752)
Loss: 0.903 | Precision@1: 68.070% (7406/10880)
Loss: 0.902 | Precision@1: 68.078% (7494/11008)
Loss: 0.905 | Precision@1: 68.005% (7573/11136)
Loss: 0.903 | Precision@1: 68.111% (7672/11264)
Loss: 0.903 | Precision@1: 68.109% (7759/11392)
Loss: 0.902 | Precision@1: 68.212% (7858/11520)
Loss: 0.900 | Precision@1: 68.286% (7954/11648)
Loss: 0.901 | Precision@1: 68.240% (8036/11776)
Loss: 0.901 | Precision@1: 68.229% (8122/11904)
Loss: 0.902 | Precision@1: 68.243% (8211/12032)
Loss: 0.902 | Precision@1: 68.215% (8295/12160)
Loss: 0.902 | Precision@1: 68.180% (8378/12288)
Loss: 0.901 | Precision@1: 68.202% (8468/12416)
Loss: 0.901 | Precision@1: 68.232% (8559/12544)
Loss: 0.900 | Precision@1: 68.277% (8652/12672)
Loss: 0.900 | Precision@1: 68.250% (8736/12800)
Loss: 0.899 | Precision@1: 68.340% (8835/12928)
Loss: 0.899 | Precision@1: 68.306% (8918/13056)
Loss: 0.899 | Precision@1: 68.280% (9002/13184)
Loss: 0.898 | Precision@1: 68.254% (9086/13312)
Loss: 0.896 | Precision@1: 68.356% (9187/13440)
Loss: 0.896 | Precision@1: 68.352% (9274/13568)
Loss: 0.896 | Precision@1: 68.348% (9361/13696)
Loss: 0.896 | Precision@1: 68.374% (9452/13824)
Loss: 0.895 | Precision@1: 68.456% (9551/13952)
Loss: 0.896 | Precision@1: 68.452% (9638/14080)
Loss: 0.896 | Precision@1: 68.419% (9721/14208)
Loss: 0.895 | Precision@1: 68.492% (9819/14336)
Loss: 0.894 | Precision@1: 68.515% (9910/14464)
Loss: 0.894 | Precision@1: 68.524% (9999/14592)
Loss: 0.893 | Precision@1: 68.567% (10093/14720)
Loss: 0.892 | Precision@1: 68.595% (10185/14848)
Loss: 0.891 | Precision@1: 68.590% (10272/14976)
Loss: 0.890 | Precision@1: 68.624% (10365/15104)
Loss: 0.890 | Precision@1: 68.619% (10452/15232)
Loss: 0.890 | Precision@1: 68.613% (10539/15360)
Loss: 0.891 | Precision@1: 68.601% (10625/15488)
Loss: 0.891 | Precision@1: 68.596% (10712/15616)
Loss: 0.891 | Precision@1: 68.572% (10796/15744)
Loss: 0.892 | Precision@1: 68.542% (10879/15872)
Loss: 0.892 | Precision@1: 68.562% (10970/16000)
Loss: 0.891 | Precision@1: 68.564% (11058/16128)
Loss: 0.891 | Precision@1: 68.590% (11150/16256)
Loss: 0.890 | Precision@1: 68.634% (11245/16384)
Loss: 0.890 | Precision@1: 68.635% (11333/16512)
Loss: 0.890 | Precision@1: 68.618% (11418/16640)
Loss: 0.889 | Precision@1: 68.601% (11503/16768)
Loss: 0.890 | Precision@1: 68.578% (11587/16896)
Loss: 0.891 | Precision@1: 68.556% (11671/17024)
Loss: 0.890 | Precision@1: 68.593% (11765/17152)
Loss: 0.890 | Precision@1: 68.605% (11855/17280)
Loss: 0.889 | Precision@1: 68.652% (11951/17408)
Loss: 0.889 | Precision@1: 68.647% (12038/17536)
Loss: 0.888 | Precision@1: 68.665% (12129/17664)
Loss: 0.889 | Precision@1: 68.660% (12216/17792)
Loss: 0.888 | Precision@1: 68.672% (12306/17920)
Loss: 0.888 | Precision@1: 68.645% (12389/18048)
Loss: 0.889 | Precision@1: 68.629% (12474/18176)
Loss: 0.888 | Precision@1: 68.663% (12568/18304)
Loss: 0.887 | Precision@1: 68.707% (12664/18432)
Loss: 0.886 | Precision@1: 68.712% (12753/18560)
Loss: 0.886 | Precision@1: 68.713% (12841/18688)
Loss: 0.887 | Precision@1: 68.713% (12929/18816)
Loss: 0.886 | Precision@1: 68.718% (13018/18944)
Loss: 0.885 | Precision@1: 68.776% (13117/19072)
Loss: 0.885 | Precision@1: 68.771% (13204/19200)
Loss: 0.886 | Precision@1: 68.709% (13280/19328)
Loss: 0.885 | Precision@1: 68.709% (13368/19456)
Loss: 0.885 | Precision@1: 68.735% (13461/19584)
Loss: 0.884 | Precision@1: 68.760% (13554/19712)
Loss: 0.883 | Precision@1: 68.805% (13651/19840)
Loss: 0.883 | Precision@1: 68.775% (13733/19968)
Loss: 0.884 | Precision@1: 68.750% (13816/20096)
Loss: 0.883 | Precision@1: 68.750% (13904/20224)
Loss: 0.882 | Precision@1: 68.770% (13996/20352)
Loss: 0.883 | Precision@1: 68.745% (14079/20480)
Loss: 0.883 | Precision@1: 68.755% (14169/20608)
Loss: 0.882 | Precision@1: 68.764% (14259/20736)
Loss: 0.881 | Precision@1: 68.827% (14360/20864)
Loss: 0.882 | Precision@1: 68.802% (14443/20992)
Loss: 0.883 | Precision@1: 68.755% (14521/21120)
Loss: 0.883 | Precision@1: 68.750% (14608/21248)
Loss: 0.883 | Precision@1: 68.769% (14700/21376)
Loss: 0.882 | Precision@1: 68.797% (14794/21504)
Loss: 0.881 | Precision@1: 68.810% (14885/21632)
Loss: 0.882 | Precision@1: 68.787% (14968/21760)
Loss: 0.883 | Precision@1: 68.782% (15055/21888)
Loss: 0.884 | Precision@1: 68.777% (15142/22016)
Loss: 0.885 | Precision@1: 68.750% (15224/22144)
Loss: 0.885 | Precision@1: 68.777% (15318/22272)
Loss: 0.885 | Precision@1: 68.754% (15401/22400)
Loss: 0.885 | Precision@1: 68.772% (15493/22528)
Loss: 0.884 | Precision@1: 68.838% (15596/22656)
Loss: 0.883 | Precision@1: 68.877% (15693/22784)
Loss: 0.883 | Precision@1: 68.837% (15772/22912)
Loss: 0.883 | Precision@1: 68.832% (15859/23040)
Loss: 0.884 | Precision@1: 68.806% (15941/23168)
Loss: 0.883 | Precision@1: 68.832% (16035/23296)
Loss: 0.883 | Precision@1: 68.861% (16130/23424)
Loss: 0.883 | Precision@1: 68.877% (16222/23552)
Loss: 0.883 | Precision@1: 68.889% (16313/23680)
Loss: 0.883 | Precision@1: 68.880% (16399/23808)
Loss: 0.883 | Precision@1: 68.880% (16487/23936)
Loss: 0.883 | Precision@1: 68.904% (16581/24064)
Loss: 0.883 | Precision@1: 68.903% (16669/24192)
Loss: 0.884 | Precision@1: 68.877% (16751/24320)
Loss: 0.883 | Precision@1: 68.869% (16837/24448)
Loss: 0.883 | Precision@1: 68.868% (16925/24576)
Loss: 0.882 | Precision@1: 68.896% (17020/24704)
Loss: 0.883 | Precision@1: 68.879% (17104/24832)
Loss: 0.883 | Precision@1: 68.854% (17186/24960)
Loss: 0.883 | Precision@1: 68.870% (17278/25088)
Loss: 0.883 | Precision@1: 68.877% (17368/25216)
Loss: 0.882 | Precision@1: 68.916% (17466/25344)
Loss: 0.882 | Precision@1: 68.938% (17560/25472)
Loss: 0.883 | Precision@1: 68.918% (17643/25600)
Loss: 0.882 | Precision@1: 68.940% (17737/25728)
Loss: 0.882 | Precision@1: 68.955% (17829/25856)
Loss: 0.882 | Precision@1: 68.942% (17914/25984)
Loss: 0.882 | Precision@1: 68.968% (18009/26112)
Loss: 0.881 | Precision@1: 69.017% (18110/26240)
Loss: 0.881 | Precision@1: 69.004% (18195/26368)
Loss: 0.881 | Precision@1: 68.980% (18277/26496)
Loss: 0.881 | Precision@1: 68.975% (18364/26624)
Loss: 0.881 | Precision@1: 68.985% (18455/26752)
Loss: 0.881 | Precision@1: 68.992% (18545/26880)
Loss: 0.881 | Precision@1: 68.983% (18631/27008)
Loss: 0.881 | Precision@1: 69.001% (18724/27136)
Loss: 0.881 | Precision@1: 68.988% (18809/27264)
Loss: 0.880 | Precision@1: 69.006% (18902/27392)
Loss: 0.880 | Precision@1: 69.041% (19000/27520)
Loss: 0.880 | Precision@1: 69.047% (19090/27648)
Loss: 0.880 | Precision@1: 69.020% (19171/27776)
Loss: 0.880 | Precision@1: 69.012% (19257/27904)
Loss: 0.880 | Precision@1: 69.035% (19352/28032)
Loss: 0.879 | Precision@1: 69.048% (19444/28160)
Loss: 0.880 | Precision@1: 69.036% (19529/28288)
Loss: 0.879 | Precision@1: 69.067% (19626/28416)
Loss: 0.878 | Precision@1: 69.083% (19719/28544)
Loss: 0.879 | Precision@1: 69.081% (19807/28672)
Loss: 0.879 | Precision@1: 69.083% (19896/28800)
Loss: 0.879 | Precision@1: 69.085% (19985/28928)
Loss: 0.878 | Precision@1: 69.101% (20078/29056)
Loss: 0.878 | Precision@1: 69.144% (20179/29184)
Loss: 0.878 | Precision@1: 69.142% (20267/29312)
Loss: 0.877 | Precision@1: 69.154% (20359/29440)
Loss: 0.877 | Precision@1: 69.152% (20447/29568)
Loss: 0.877 | Precision@1: 69.164% (20539/29696)
Loss: 0.876 | Precision@1: 69.183% (20633/29824)
Loss: 0.876 | Precision@1: 69.211% (20730/29952)
Loss: 0.876 | Precision@1: 69.222% (20822/30080)
Loss: 0.876 | Precision@1: 69.210% (20907/30208)
Loss: 0.875 | Precision@1: 69.205% (20994/30336)
Loss: 0.875 | Precision@1: 69.203% (21082/30464)
Loss: 0.875 | Precision@1: 69.195% (21168/30592)
Loss: 0.875 | Precision@1: 69.212% (21262/30720)
Loss: 0.874 | Precision@1: 69.220% (21353/30848)
Loss: 0.874 | Precision@1: 69.221% (21442/30976)
Loss: 0.874 | Precision@1: 69.229% (21533/31104)
Loss: 0.874 | Precision@1: 69.237% (21624/31232)
Loss: 0.873 | Precision@1: 69.247% (21716/31360)
Loss: 0.873 | Precision@1: 69.239% (21802/31488)
Loss: 0.873 | Precision@1: 69.237% (21890/31616)
Loss: 0.874 | Precision@1: 69.219% (21973/31744)
Loss: 0.873 | Precision@1: 69.239% (22068/31872)
Loss: 0.873 | Precision@1: 69.281% (22170/32000)
Loss: 0.872 | Precision@1: 69.298% (22264/32128)
Loss: 0.872 | Precision@1: 69.308% (22356/32256)
Loss: 0.871 | Precision@1: 69.312% (22446/32384)
Loss: 0.872 | Precision@1: 69.316% (22536/32512)
Loss: 0.872 | Precision@1: 69.320% (22626/32640)
Loss: 0.872 | Precision@1: 69.315% (22713/32768)
Loss: 0.872 | Precision@1: 69.306% (22799/32896)
Loss: 0.872 | Precision@1: 69.340% (22899/33024)
Loss: 0.871 | Precision@1: 69.335% (22986/33152)
Loss: 0.872 | Precision@1: 69.321% (23070/33280)
Loss: 0.872 | Precision@1: 69.322% (23159/33408)
Loss: 0.872 | Precision@1: 69.317% (23246/33536)
Loss: 0.872 | Precision@1: 69.294% (23327/33664)
Loss: 0.872 | Precision@1: 69.289% (23414/33792)
Loss: 0.872 | Precision@1: 69.272% (23497/33920)
Loss: 0.872 | Precision@1: 69.285% (23590/34048)
Loss: 0.872 | Precision@1: 69.288% (23680/34176)
Loss: 0.871 | Precision@1: 69.301% (23773/34304)
Loss: 0.871 | Precision@1: 69.316% (23867/34432)
Loss: 0.871 | Precision@1: 69.320% (23957/34560)
Loss: 0.871 | Precision@1: 69.298% (24038/34688)
Loss: 0.871 | Precision@1: 69.301% (24128/34816)
Loss: 0.871 | Precision@1: 69.285% (24211/34944)
Loss: 0.871 | Precision@1: 69.289% (24301/35072)
Loss: 0.871 | Precision@1: 69.307% (24396/35200)
Loss: 0.871 | Precision@1: 69.302% (24483/35328)
Loss: 0.871 | Precision@1: 69.300% (24571/35456)
Loss: 0.871 | Precision@1: 69.295% (24658/35584)
Loss: 0.870 | Precision@1: 69.316% (24754/35712)
Loss: 0.871 | Precision@1: 69.289% (24833/35840)
Loss: 0.871 | Precision@1: 69.275% (24917/35968)
Loss: 0.871 | Precision@1: 69.254% (24998/36096)
Loss: 0.870 | Precision@1: 69.288% (25099/36224)
Loss: 0.870 | Precision@1: 69.306% (25194/36352)
Loss: 0.870 | Precision@1: 69.306% (25283/36480)
Loss: 0.870 | Precision@1: 69.310% (25373/36608)
Loss: 0.870 | Precision@1: 69.330% (25469/36736)
Loss: 0.869 | Precision@1: 69.347% (25564/36864)
Loss: 0.869 | Precision@1: 69.356% (25656/36992)
Loss: 0.868 | Precision@1: 69.388% (25757/37120)
Loss: 0.868 | Precision@1: 69.397% (25849/37248)
Loss: 0.868 | Precision@1: 69.395% (25937/37376)
Loss: 0.867 | Precision@1: 69.409% (26031/37504)
Loss: 0.867 | Precision@1: 69.441% (26132/37632)
Loss: 0.867 | Precision@1: 69.439% (26220/37760)
Loss: 0.866 | Precision@1: 69.468% (26320/37888)
Loss: 0.867 | Precision@1: 69.452% (26403/38016)
Loss: 0.867 | Precision@1: 69.437% (26486/38144)
Loss: 0.867 | Precision@1: 69.427% (26571/38272)
Loss: 0.867 | Precision@1: 69.443% (26666/38400)
Loss: 0.867 | Precision@1: 69.433% (26751/38528)
Loss: 0.867 | Precision@1: 69.417% (26834/38656)
Loss: 0.867 | Precision@1: 69.431% (26928/38784)
Loss: 0.866 | Precision@1: 69.464% (27030/38912)
Loss: 0.866 | Precision@1: 69.472% (27122/39040)
Loss: 0.866 | Precision@1: 69.473% (27211/39168)
Loss: 0.865 | Precision@1: 69.478% (27302/39296)
Loss: 0.865 | Precision@1: 69.496% (27398/39424)
Loss: 0.865 | Precision@1: 69.514% (27494/39552)
Loss: 0.865 | Precision@1: 69.516% (27584/39680)
Loss: 0.865 | Precision@1: 69.524% (27676/39808)
Loss: 0.864 | Precision@1: 69.549% (27775/39936)
Loss: 0.864 | Precision@1: 69.541% (27861/40064)
Loss: 0.864 | Precision@1: 69.561% (27958/40192)
Loss: 0.864 | Precision@1: 69.561% (28047/40320)
Loss: 0.864 | Precision@1: 69.571% (28140/40448)
Loss: 0.863 | Precision@1: 69.578% (28232/40576)
Loss: 0.863 | Precision@1: 69.578% (28321/40704)
Loss: 0.864 | Precision@1: 69.575% (28409/40832)
Loss: 0.863 | Precision@1: 69.587% (28503/40960)
Loss: 0.863 | Precision@1: 69.599% (28597/41088)
Loss: 0.863 | Precision@1: 69.602% (28687/41216)
Loss: 0.863 | Precision@1: 69.604% (28777/41344)
Loss: 0.862 | Precision@1: 69.623% (28874/41472)
Loss: 0.863 | Precision@1: 69.601% (28954/41600)
Loss: 0.863 | Precision@1: 69.603% (29044/41728)
Loss: 0.862 | Precision@1: 69.608% (29135/41856)
Loss: 0.862 | Precision@1: 69.607% (29224/41984)
Loss: 0.861 | Precision@1: 69.633% (29324/42112)
Loss: 0.861 | Precision@1: 69.640% (29416/42240)
Loss: 0.860 | Precision@1: 69.668% (29517/42368)
Loss: 0.860 | Precision@1: 69.679% (29611/42496)
Loss: 0.860 | Precision@1: 69.674% (29698/42624)
Loss: 0.860 | Precision@1: 69.665% (29783/42752)
Loss: 0.860 | Precision@1: 69.664% (29872/42880)
Loss: 0.860 | Precision@1: 69.673% (29965/43008)
Loss: 0.860 | Precision@1: 69.675% (30055/43136)
Loss: 0.859 | Precision@1: 69.668% (30141/43264)
Loss: 0.860 | Precision@1: 69.651% (30223/43392)
Loss: 0.859 | Precision@1: 69.662% (30317/43520)
Loss: 0.859 | Precision@1: 69.676% (30412/43648)
Loss: 0.859 | Precision@1: 69.659% (30494/43776)
Loss: 0.860 | Precision@1: 69.647% (30578/43904)
Loss: 0.860 | Precision@1: 69.633% (30661/44032)
Loss: 0.859 | Precision@1: 69.654% (30759/44160)
Loss: 0.859 | Precision@1: 69.658% (30850/44288)
Loss: 0.859 | Precision@1: 69.662% (30941/44416)
Loss: 0.859 | Precision@1: 69.675% (31036/44544)
Loss: 0.859 | Precision@1: 69.675% (31125/44672)
Loss: 0.859 | Precision@1: 69.665% (31210/44800)
Loss: 0.859 | Precision@1: 69.674% (31303/44928)
Loss: 0.859 | Precision@1: 69.684% (31397/45056)
Loss: 0.859 | Precision@1: 69.688% (31488/45184)
Loss: 0.859 | Precision@1: 69.686% (31576/45312)
Loss: 0.859 | Precision@1: 69.683% (31664/45440)
Loss: 0.858 | Precision@1: 69.687% (31755/45568)
Loss: 0.858 | Precision@1: 69.693% (31847/45696)
Loss: 0.858 | Precision@1: 69.712% (31945/45824)
Loss: 0.857 | Precision@1: 69.718% (32037/45952)
Loss: 0.857 | Precision@1: 69.722% (32128/46080)
Loss: 0.857 | Precision@1: 69.717% (32215/46208)
Loss: 0.857 | Precision@1: 69.721% (32306/46336)
Loss: 0.857 | Precision@1: 69.731% (32400/46464)
Loss: 0.857 | Precision@1: 69.727% (32487/46592)
Loss: 0.857 | Precision@1: 69.722% (32574/46720)
Loss: 0.857 | Precision@1: 69.732% (32668/46848)
Loss: 0.857 | Precision@1: 69.748% (32765/46976)
Loss: 0.856 | Precision@1: 69.754% (32857/47104)
Loss: 0.856 | Precision@1: 69.756% (32947/47232)
Loss: 0.856 | Precision@1: 69.757% (33037/47360)
Loss: 0.856 | Precision@1: 69.754% (33125/47488)
Loss: 0.856 | Precision@1: 69.771% (33222/47616)
Loss: 0.856 | Precision@1: 69.760% (33306/47744)
Loss: 0.856 | Precision@1: 69.780% (33405/47872)
Loss: 0.856 | Precision@1: 69.781% (33495/48000)
Loss: 0.856 | Precision@1: 69.774% (33581/48128)
Loss: 0.856 | Precision@1: 69.778% (33672/48256)
Loss: 0.856 | Precision@1: 69.765% (33755/48384)
Loss: 0.857 | Precision@1: 69.760% (33842/48512)
Loss: 0.856 | Precision@1: 69.778% (33940/48640)
Loss: 0.856 | Precision@1: 69.794% (34037/48768)
Loss: 0.856 | Precision@1: 69.801% (34130/48896)
Loss: 0.856 | Precision@1: 69.815% (34226/49024)
Loss: 0.856 | Precision@1: 69.808% (34312/49152)
Loss: 0.855 | Precision@1: 69.848% (34421/49280)
Loss: 0.855 | Precision@1: 69.865% (34519/49408)
Loss: 0.855 | Precision@1: 69.872% (34612/49536)
Loss: 0.855 | Precision@1: 69.870% (34700/49664)
Loss: 0.854 | Precision@1: 69.885% (34797/49792)
Loss: 0.854 | Precision@1: 69.888% (34888/49920)
Loss: 0.854 | Precision@1: 69.884% (34942/50000)

Aggregates: 			
 	 DataLoader Time: 1.1383 			
 	 Mini-batch Time:52.9556 			
 	 Training Epoch Time:53.9954
 			
 Averages: 			
 	 Training Loss: 0.8542

 Test set Averages: Loss: 0.781 | Precision@1: 72.990% (7299/10000)
Average dataloader time is 1.10
