model name	: Intel(R) Xeon(R) Gold 6152 CPU @ 2.10GHz
Tue Oct 29 18:51:02 2019       
+-----------------------------------------------------------------------------+
| NVIDIA-SMI 418.74       Driver Version: 418.74       CUDA Version: 10.1     |
|-------------------------------+----------------------+----------------------+
| GPU  Name        Persistence-M| Bus-Id        Disp.A | Volatile Uncorr. ECC |
| Fan  Temp  Perf  Pwr:Usage/Cap|         Memory-Usage | GPU-Util  Compute M. |
|===============================+======================+======================|
|   0  GeForce RTX 208...  On   | 00000000:3B:00.0 Off |                  N/A |
| 34%   49C    P2    78W / 250W |    990MiB / 10989MiB |      2%      Default |
+-------------------------------+----------------------+----------------------+
                                                                               
+-----------------------------------------------------------------------------+
| Processes:                                                       GPU Memory |
|  GPU       PID   Type   Process name                             Usage      |
|=============================================================================|
|    0    253037      C   python3                                      979MiB |
+-----------------------------------------------------------------------------+
Files already downloaded and verified
Files already downloaded and verified

Epoch: 0
Loss: 2.420 | Precision@1: 9.375% (12/128)
Loss: 3.036 | Precision@1: 10.156% (26/256)
Loss: 3.528 | Precision@1: 9.896% (38/384)
Loss: 4.139 | Precision@1: 10.547% (54/512)
Loss: 4.437 | Precision@1: 12.656% (81/640)
Loss: 4.598 | Precision@1: 11.979% (92/768)
Loss: 4.593 | Precision@1: 13.170% (118/896)
Loss: 4.706 | Precision@1: 13.477% (138/1024)
Loss: 4.719 | Precision@1: 12.934% (149/1152)
Loss: 4.812 | Precision@1: 13.906% (178/1280)
Loss: 4.746 | Precision@1: 13.849% (195/1408)
Loss: 4.662 | Precision@1: 13.607% (209/1536)
Loss: 4.538 | Precision@1: 13.221% (220/1664)
Loss: 4.505 | Precision@1: 13.504% (242/1792)
Loss: 4.496 | Precision@1: 13.177% (253/1920)
Loss: 4.448 | Precision@1: 12.744% (261/2048)
Loss: 4.396 | Precision@1: 12.592% (274/2176)
Loss: 4.309 | Precision@1: 12.326% (284/2304)
Loss: 4.228 | Precision@1: 12.582% (306/2432)
Loss: 4.209 | Precision@1: 12.305% (315/2560)
Loss: 4.131 | Precision@1: 12.277% (330/2688)
Loss: 4.070 | Precision@1: 12.216% (344/2816)
Loss: 4.021 | Precision@1: 12.024% (354/2944)
Loss: 3.963 | Precision@1: 12.207% (375/3072)
Loss: 3.906 | Precision@1: 12.156% (389/3200)
Loss: 3.869 | Precision@1: 12.169% (405/3328)
Loss: 3.827 | Precision@1: 12.211% (422/3456)
Loss: 3.793 | Precision@1: 12.388% (444/3584)
Loss: 3.753 | Precision@1: 12.554% (466/3712)
Loss: 3.715 | Precision@1: 12.370% (475/3840)
Loss: 3.674 | Precision@1: 12.223% (485/3968)
Loss: 3.634 | Precision@1: 12.402% (508/4096)
Loss: 3.595 | Precision@1: 12.382% (523/4224)
Loss: 3.566 | Precision@1: 12.431% (541/4352)
Loss: 3.537 | Precision@1: 12.478% (559/4480)
Loss: 3.510 | Precision@1: 12.587% (580/4608)
Loss: 3.479 | Precision@1: 12.669% (600/4736)
Loss: 3.446 | Precision@1: 12.747% (620/4864)
Loss: 3.419 | Precision@1: 12.700% (634/4992)
Loss: 3.393 | Precision@1: 12.773% (654/5120)
Loss: 3.364 | Precision@1: 12.881% (676/5248)
Loss: 3.337 | Precision@1: 13.151% (707/5376)
Loss: 3.314 | Precision@1: 13.209% (727/5504)
Loss: 3.289 | Precision@1: 13.352% (752/5632)
Loss: 3.265 | Precision@1: 13.299% (766/5760)
Loss: 3.243 | Precision@1: 13.434% (791/5888)
Loss: 3.221 | Precision@1: 13.414% (807/6016)
Loss: 3.199 | Precision@1: 13.574% (834/6144)
Loss: 3.178 | Precision@1: 13.648% (856/6272)
Loss: 3.156 | Precision@1: 13.812% (884/6400)
Loss: 3.137 | Precision@1: 13.863% (905/6528)
Loss: 3.118 | Precision@1: 14.032% (934/6656)
Loss: 3.099 | Precision@1: 14.195% (963/6784)
Loss: 3.079 | Precision@1: 14.323% (990/6912)
Loss: 3.065 | Precision@1: 14.403% (1014/7040)
Loss: 3.046 | Precision@1: 14.537% (1042/7168)
Loss: 3.028 | Precision@1: 14.652% (1069/7296)
Loss: 3.012 | Precision@1: 14.817% (1100/7424)
Loss: 2.995 | Precision@1: 15.003% (1133/7552)
Loss: 2.980 | Precision@1: 15.091% (1159/7680)
Loss: 2.965 | Precision@1: 15.100% (1179/7808)
Loss: 2.951 | Precision@1: 15.234% (1209/7936)
Loss: 2.939 | Precision@1: 15.352% (1238/8064)
Loss: 2.928 | Precision@1: 15.393% (1261/8192)
Loss: 2.913 | Precision@1: 15.493% (1289/8320)
Loss: 2.900 | Precision@1: 15.708% (1327/8448)
Loss: 2.889 | Precision@1: 15.800% (1355/8576)
Loss: 2.877 | Precision@1: 15.866% (1381/8704)
Loss: 2.865 | Precision@1: 15.976% (1411/8832)
Loss: 2.853 | Precision@1: 16.027% (1436/8960)
Loss: 2.840 | Precision@1: 16.065% (1460/9088)
Loss: 2.830 | Precision@1: 16.146% (1488/9216)
Loss: 2.823 | Precision@1: 16.246% (1518/9344)
Loss: 2.814 | Precision@1: 16.427% (1556/9472)
Loss: 2.803 | Precision@1: 16.562% (1590/9600)
Loss: 2.794 | Precision@1: 16.612% (1616/9728)
Loss: 2.785 | Precision@1: 16.680% (1644/9856)
Loss: 2.775 | Precision@1: 16.817% (1679/9984)
Loss: 2.765 | Precision@1: 16.970% (1716/10112)
Loss: 2.757 | Precision@1: 17.012% (1742/10240)
Loss: 2.748 | Precision@1: 17.149% (1778/10368)
Loss: 2.741 | Precision@1: 17.226% (1808/10496)
Loss: 2.732 | Precision@1: 17.235% (1831/10624)
Loss: 2.723 | Precision@1: 17.355% (1866/10752)
Loss: 2.715 | Precision@1: 17.417% (1895/10880)
Loss: 2.706 | Precision@1: 17.533% (1930/11008)
Loss: 2.698 | Precision@1: 17.628% (1963/11136)
Loss: 2.690 | Precision@1: 17.685% (1992/11264)
Loss: 2.684 | Precision@1: 17.679% (2014/11392)
Loss: 2.676 | Precision@1: 17.760% (2046/11520)
Loss: 2.667 | Precision@1: 17.926% (2088/11648)
Loss: 2.660 | Precision@1: 18.105% (2132/11776)
Loss: 2.653 | Precision@1: 18.238% (2171/11904)
Loss: 2.645 | Precision@1: 18.351% (2208/12032)
Loss: 2.638 | Precision@1: 18.438% (2242/12160)
Loss: 2.631 | Precision@1: 18.506% (2274/12288)
Loss: 2.624 | Precision@1: 18.629% (2313/12416)
Loss: 2.618 | Precision@1: 18.774% (2355/12544)
Loss: 2.611 | Precision@1: 18.868% (2391/12672)
Loss: 2.605 | Precision@1: 18.922% (2422/12800)
Loss: 2.599 | Precision@1: 18.928% (2447/12928)
Loss: 2.593 | Precision@1: 19.003% (2481/13056)
Loss: 2.587 | Precision@1: 19.069% (2514/13184)
Loss: 2.580 | Precision@1: 19.186% (2554/13312)
Loss: 2.576 | Precision@1: 19.189% (2579/13440)
Loss: 2.569 | Precision@1: 19.251% (2612/13568)
Loss: 2.565 | Precision@1: 19.246% (2636/13696)
Loss: 2.560 | Precision@1: 19.307% (2669/13824)
Loss: 2.554 | Precision@1: 19.424% (2710/13952)
Loss: 2.549 | Precision@1: 19.467% (2741/14080)
Loss: 2.543 | Precision@1: 19.517% (2773/14208)
Loss: 2.538 | Precision@1: 19.531% (2800/14336)
Loss: 2.534 | Precision@1: 19.545% (2827/14464)
Loss: 2.528 | Precision@1: 19.613% (2862/14592)
Loss: 2.522 | Precision@1: 19.688% (2898/14720)
Loss: 2.518 | Precision@1: 19.747% (2932/14848)
Loss: 2.512 | Precision@1: 19.852% (2973/14976)
Loss: 2.506 | Precision@1: 19.955% (3014/15104)
Loss: 2.501 | Precision@1: 20.043% (3053/15232)
Loss: 2.496 | Precision@1: 20.091% (3086/15360)
Loss: 2.491 | Precision@1: 20.145% (3120/15488)
Loss: 2.486 | Precision@1: 20.140% (3145/15616)
Loss: 2.482 | Precision@1: 20.243% (3187/15744)
Loss: 2.478 | Precision@1: 20.306% (3223/15872)
Loss: 2.472 | Precision@1: 20.394% (3263/16000)
Loss: 2.468 | Precision@1: 20.443% (3297/16128)
Loss: 2.464 | Precision@1: 20.479% (3329/16256)
Loss: 2.458 | Precision@1: 20.605% (3376/16384)
Loss: 2.455 | Precision@1: 20.597% (3401/16512)
Loss: 2.450 | Precision@1: 20.715% (3447/16640)
Loss: 2.445 | Precision@1: 20.748% (3479/16768)
Loss: 2.441 | Precision@1: 20.810% (3516/16896)
Loss: 2.438 | Precision@1: 20.906% (3559/17024)
Loss: 2.434 | Precision@1: 20.983% (3599/17152)
Loss: 2.430 | Precision@1: 21.024% (3633/17280)
Loss: 2.426 | Precision@1: 21.128% (3678/17408)
Loss: 2.422 | Precision@1: 21.208% (3719/17536)
Loss: 2.418 | Precision@1: 21.275% (3758/17664)
Loss: 2.414 | Precision@1: 21.352% (3799/17792)
Loss: 2.411 | Precision@1: 21.406% (3836/17920)
Loss: 2.407 | Precision@1: 21.448% (3871/18048)
Loss: 2.402 | Precision@1: 21.550% (3917/18176)
Loss: 2.399 | Precision@1: 21.580% (3950/18304)
Loss: 2.396 | Precision@1: 21.609% (3983/18432)
Loss: 2.392 | Precision@1: 21.719% (4031/18560)
Loss: 2.389 | Precision@1: 21.779% (4070/18688)
Loss: 2.385 | Precision@1: 21.854% (4112/18816)
Loss: 2.382 | Precision@1: 21.923% (4153/18944)
Loss: 2.378 | Precision@1: 22.006% (4197/19072)
Loss: 2.375 | Precision@1: 22.047% (4233/19200)
Loss: 2.371 | Precision@1: 22.129% (4277/19328)
Loss: 2.368 | Precision@1: 22.168% (4313/19456)
Loss: 2.365 | Precision@1: 22.197% (4347/19584)
Loss: 2.361 | Precision@1: 22.225% (4381/19712)
Loss: 2.357 | Precision@1: 22.324% (4429/19840)
Loss: 2.355 | Precision@1: 22.386% (4470/19968)
Loss: 2.352 | Precision@1: 22.437% (4509/20096)
Loss: 2.348 | Precision@1: 22.439% (4538/20224)
Loss: 2.345 | Precision@1: 22.499% (4579/20352)
Loss: 2.342 | Precision@1: 22.554% (4619/20480)
Loss: 2.339 | Precision@1: 22.627% (4663/20608)
Loss: 2.336 | Precision@1: 22.685% (4704/20736)
Loss: 2.334 | Precision@1: 22.704% (4737/20864)
Loss: 2.332 | Precision@1: 22.709% (4767/20992)
Loss: 2.329 | Precision@1: 22.741% (4803/21120)
Loss: 2.326 | Precision@1: 22.760% (4836/21248)
Loss: 2.323 | Precision@1: 22.806% (4875/21376)
Loss: 2.320 | Precision@1: 22.861% (4916/21504)
Loss: 2.318 | Precision@1: 22.897% (4953/21632)
Loss: 2.315 | Precision@1: 22.955% (4995/21760)
Loss: 2.312 | Precision@1: 23.017% (5038/21888)
Loss: 2.309 | Precision@1: 23.083% (5082/22016)
Loss: 2.307 | Precision@1: 23.112% (5118/22144)
Loss: 2.305 | Precision@1: 23.159% (5158/22272)
Loss: 2.302 | Precision@1: 23.210% (5199/22400)
Loss: 2.299 | Precision@1: 23.287% (5246/22528)
Loss: 2.295 | Precision@1: 23.380% (5297/22656)
Loss: 2.292 | Precision@1: 23.473% (5348/22784)
Loss: 2.289 | Precision@1: 23.551% (5396/22912)
Loss: 2.286 | Precision@1: 23.568% (5430/23040)
Loss: 2.284 | Precision@1: 23.567% (5460/23168)
Loss: 2.282 | Precision@1: 23.579% (5493/23296)
Loss: 2.279 | Precision@1: 23.613% (5531/23424)
Loss: 2.277 | Precision@1: 23.612% (5561/23552)
Loss: 2.275 | Precision@1: 23.666% (5604/23680)
Loss: 2.273 | Precision@1: 23.706% (5644/23808)
Loss: 2.270 | Precision@1: 23.726% (5679/23936)
Loss: 2.268 | Precision@1: 23.778% (5722/24064)
Loss: 2.265 | Precision@1: 23.830% (5765/24192)
Loss: 2.263 | Precision@1: 23.861% (5803/24320)
Loss: 2.261 | Precision@1: 23.912% (5846/24448)
Loss: 2.259 | Precision@1: 23.938% (5883/24576)
Loss: 2.256 | Precision@1: 23.976% (5923/24704)
Loss: 2.254 | Precision@1: 24.017% (5964/24832)
Loss: 2.251 | Precision@1: 24.058% (6005/24960)
Loss: 2.250 | Precision@1: 24.087% (6043/25088)
Loss: 2.247 | Precision@1: 24.143% (6088/25216)
Loss: 2.244 | Precision@1: 24.219% (6138/25344)
Loss: 2.242 | Precision@1: 24.262% (6180/25472)
Loss: 2.239 | Precision@1: 24.340% (6231/25600)
Loss: 2.236 | Precision@1: 24.405% (6279/25728)
Loss: 2.234 | Precision@1: 24.443% (6320/25856)
Loss: 2.232 | Precision@1: 24.484% (6362/25984)
Loss: 2.230 | Precision@1: 24.514% (6401/26112)
Loss: 2.228 | Precision@1: 24.550% (6442/26240)
Loss: 2.226 | Precision@1: 24.606% (6488/26368)
Loss: 2.224 | Precision@1: 24.641% (6529/26496)
Loss: 2.222 | Precision@1: 24.673% (6569/26624)
Loss: 2.220 | Precision@1: 24.716% (6612/26752)
Loss: 2.218 | Precision@1: 24.747% (6652/26880)
Loss: 2.216 | Precision@1: 24.826% (6705/27008)
Loss: 2.214 | Precision@1: 24.875% (6750/27136)
Loss: 2.211 | Precision@1: 24.960% (6805/27264)
Loss: 2.210 | Precision@1: 25.011% (6851/27392)
Loss: 2.207 | Precision@1: 25.076% (6901/27520)
Loss: 2.205 | Precision@1: 25.109% (6942/27648)
Loss: 2.203 | Precision@1: 25.140% (6983/27776)
Loss: 2.201 | Precision@1: 25.194% (7030/27904)
Loss: 2.199 | Precision@1: 25.221% (7070/28032)
Loss: 2.197 | Precision@1: 25.277% (7118/28160)
Loss: 2.195 | Precision@1: 25.368% (7176/28288)
Loss: 2.192 | Precision@1: 25.426% (7225/28416)
Loss: 2.190 | Precision@1: 25.480% (7273/28544)
Loss: 2.188 | Precision@1: 25.513% (7315/28672)
Loss: 2.186 | Precision@1: 25.535% (7354/28800)
Loss: 2.185 | Precision@1: 25.581% (7400/28928)
Loss: 2.183 | Precision@1: 25.613% (7442/29056)
Loss: 2.181 | Precision@1: 25.648% (7485/29184)
Loss: 2.179 | Precision@1: 25.696% (7532/29312)
Loss: 2.177 | Precision@1: 25.768% (7586/29440)
Loss: 2.175 | Precision@1: 25.812% (7632/29568)
Loss: 2.173 | Precision@1: 25.815% (7666/29696)
Loss: 2.171 | Precision@1: 25.868% (7715/29824)
Loss: 2.170 | Precision@1: 25.928% (7766/29952)
Loss: 2.168 | Precision@1: 25.951% (7806/30080)
Loss: 2.166 | Precision@1: 25.990% (7851/30208)
Loss: 2.164 | Precision@1: 26.048% (7902/30336)
Loss: 2.161 | Precision@1: 26.146% (7965/30464)
Loss: 2.160 | Precision@1: 26.174% (8007/30592)
Loss: 2.159 | Precision@1: 26.204% (8050/30720)
Loss: 2.157 | Precision@1: 26.235% (8093/30848)
Loss: 2.155 | Precision@1: 26.265% (8136/30976)
Loss: 2.152 | Precision@1: 26.321% (8187/31104)
Loss: 2.150 | Precision@1: 26.377% (8238/31232)
Loss: 2.149 | Precision@1: 26.403% (8280/31360)
Loss: 2.147 | Precision@1: 26.458% (8331/31488)
Loss: 2.145 | Precision@1: 26.499% (8378/31616)
Loss: 2.143 | Precision@1: 26.522% (8419/31744)
Loss: 2.141 | Precision@1: 26.575% (8470/31872)
Loss: 2.139 | Precision@1: 26.628% (8521/32000)
Loss: 2.138 | Precision@1: 26.656% (8564/32128)
Loss: 2.135 | Precision@1: 26.714% (8617/32256)
Loss: 2.134 | Precision@1: 26.720% (8653/32384)
Loss: 2.132 | Precision@1: 26.750% (8697/32512)
Loss: 2.130 | Precision@1: 26.786% (8743/32640)
Loss: 2.128 | Precision@1: 26.816% (8787/32768)
Loss: 2.127 | Precision@1: 26.857% (8835/32896)
Loss: 2.125 | Precision@1: 26.880% (8877/33024)
Loss: 2.124 | Precision@1: 26.906% (8920/33152)
Loss: 2.123 | Precision@1: 26.923% (8960/33280)
Loss: 2.121 | Precision@1: 26.982% (9014/33408)
Loss: 2.119 | Precision@1: 27.016% (9060/33536)
Loss: 2.118 | Precision@1: 27.047% (9105/33664)
Loss: 2.117 | Precision@1: 27.060% (9144/33792)
Loss: 2.115 | Precision@1: 27.093% (9190/33920)
Loss: 2.114 | Precision@1: 27.118% (9233/34048)
Loss: 2.112 | Precision@1: 27.148% (9278/34176)
Loss: 2.110 | Precision@1: 27.195% (9329/34304)
Loss: 2.109 | Precision@1: 27.236% (9378/34432)
Loss: 2.107 | Precision@1: 27.271% (9425/34560)
Loss: 2.106 | Precision@1: 27.295% (9468/34688)
Loss: 2.104 | Precision@1: 27.355% (9524/34816)
Loss: 2.102 | Precision@1: 27.395% (9573/34944)
Loss: 2.101 | Precision@1: 27.444% (9625/35072)
Loss: 2.099 | Precision@1: 27.477% (9672/35200)
Loss: 2.097 | Precision@1: 27.548% (9732/35328)
Loss: 2.096 | Precision@1: 27.558% (9771/35456)
Loss: 2.094 | Precision@1: 27.599% (9821/35584)
Loss: 2.092 | Precision@1: 27.638% (9870/35712)
Loss: 2.091 | Precision@1: 27.693% (9925/35840)
Loss: 2.090 | Precision@1: 27.725% (9972/35968)
Loss: 2.088 | Precision@1: 27.768% (10023/36096)
Loss: 2.087 | Precision@1: 27.780% (10063/36224)
Loss: 2.085 | Precision@1: 27.822% (10114/36352)
Loss: 2.084 | Precision@1: 27.876% (10169/36480)
Loss: 2.082 | Precision@1: 27.923% (10222/36608)
Loss: 2.081 | Precision@1: 27.962% (10272/36736)
Loss: 2.079 | Precision@1: 28.022% (10330/36864)
Loss: 2.077 | Precision@1: 28.055% (10378/36992)
Loss: 2.076 | Precision@1: 28.085% (10425/37120)
Loss: 2.074 | Precision@1: 28.120% (10474/37248)
Loss: 2.073 | Precision@1: 28.157% (10524/37376)
Loss: 2.072 | Precision@1: 28.202% (10577/37504)
Loss: 2.071 | Precision@1: 28.247% (10630/37632)
Loss: 2.069 | Precision@1: 28.273% (10676/37760)
Loss: 2.068 | Precision@1: 28.310% (10726/37888)
Loss: 2.066 | Precision@1: 28.354% (10779/38016)
Loss: 2.065 | Precision@1: 28.392% (10830/38144)
Loss: 2.064 | Precision@1: 28.399% (10869/38272)
Loss: 2.064 | Precision@1: 28.411% (10910/38400)
Loss: 2.062 | Precision@1: 28.465% (10967/38528)
Loss: 2.061 | Precision@1: 28.477% (11008/38656)
Loss: 2.060 | Precision@1: 28.483% (11047/38784)
Loss: 2.058 | Precision@1: 28.521% (11098/38912)
Loss: 2.057 | Precision@1: 28.532% (11139/39040)
Loss: 2.056 | Precision@1: 28.574% (11192/39168)
Loss: 2.055 | Precision@1: 28.631% (11251/39296)
Loss: 2.054 | Precision@1: 28.655% (11297/39424)
Loss: 2.052 | Precision@1: 28.696% (11350/39552)
Loss: 2.051 | Precision@1: 28.737% (11403/39680)
Loss: 2.049 | Precision@1: 28.778% (11456/39808)
Loss: 2.048 | Precision@1: 28.819% (11509/39936)
Loss: 2.047 | Precision@1: 28.829% (11550/40064)
Loss: 2.046 | Precision@1: 28.856% (11598/40192)
Loss: 2.044 | Precision@1: 28.894% (11650/40320)
Loss: 2.043 | Precision@1: 28.933% (11703/40448)
Loss: 2.042 | Precision@1: 28.956% (11749/40576)
Loss: 2.041 | Precision@1: 28.977% (11795/40704)
Loss: 2.040 | Precision@1: 29.012% (11846/40832)
Loss: 2.039 | Precision@1: 29.011% (11883/40960)
Loss: 2.037 | Precision@1: 29.038% (11931/41088)
Loss: 2.036 | Precision@1: 29.071% (11982/41216)
Loss: 2.035 | Precision@1: 29.105% (12033/41344)
Loss: 2.033 | Precision@1: 29.162% (12094/41472)
Loss: 2.032 | Precision@1: 29.200% (12147/41600)
Loss: 2.031 | Precision@1: 29.218% (12192/41728)
Loss: 2.030 | Precision@1: 29.248% (12242/41856)
Loss: 2.028 | Precision@1: 29.297% (12300/41984)
Loss: 2.026 | Precision@1: 29.357% (12363/42112)
Loss: 2.025 | Precision@1: 29.415% (12425/42240)
Loss: 2.024 | Precision@1: 29.435% (12471/42368)
Loss: 2.023 | Precision@1: 29.462% (12520/42496)
Loss: 2.022 | Precision@1: 29.490% (12570/42624)
Loss: 2.020 | Precision@1: 29.528% (12624/42752)
Loss: 2.020 | Precision@1: 29.550% (12671/42880)
Loss: 2.019 | Precision@1: 29.569% (12717/43008)
Loss: 2.017 | Precision@1: 29.606% (12771/43136)
Loss: 2.016 | Precision@1: 29.648% (12827/43264)
Loss: 2.015 | Precision@1: 29.667% (12873/43392)
Loss: 2.014 | Precision@1: 29.710% (12930/43520)
Loss: 2.013 | Precision@1: 29.713% (12969/43648)
Loss: 2.012 | Precision@1: 29.742% (13020/43776)
Loss: 2.011 | Precision@1: 29.769% (13070/43904)
Loss: 2.009 | Precision@1: 29.819% (13130/44032)
Loss: 2.008 | Precision@1: 29.846% (13180/44160)
Loss: 2.007 | Precision@1: 29.875% (13231/44288)
Loss: 2.006 | Precision@1: 29.888% (13275/44416)
Loss: 2.005 | Precision@1: 29.916% (13326/44544)
Loss: 2.004 | Precision@1: 29.956% (13382/44672)
Loss: 2.003 | Precision@1: 29.996% (13438/44800)
Loss: 2.001 | Precision@1: 30.028% (13491/44928)
Loss: 2.000 | Precision@1: 30.049% (13539/45056)
Loss: 1.999 | Precision@1: 30.108% (13604/45184)
Loss: 1.997 | Precision@1: 30.144% (13659/45312)
Loss: 1.996 | Precision@1: 30.167% (13708/45440)
Loss: 1.995 | Precision@1: 30.175% (13750/45568)
Loss: 1.994 | Precision@1: 30.206% (13803/45696)
Loss: 1.994 | Precision@1: 30.231% (13853/45824)
Loss: 1.993 | Precision@1: 30.227% (13890/45952)
Loss: 1.992 | Precision@1: 30.245% (13937/46080)
Loss: 1.991 | Precision@1: 30.291% (13997/46208)
Loss: 1.990 | Precision@1: 30.303% (14041/46336)
Loss: 1.989 | Precision@1: 30.333% (14094/46464)
Loss: 1.988 | Precision@1: 30.364% (14147/46592)
Loss: 1.987 | Precision@1: 30.392% (14199/46720)
Loss: 1.986 | Precision@1: 30.430% (14256/46848)
Loss: 1.984 | Precision@1: 30.469% (14313/46976)
Loss: 1.983 | Precision@1: 30.509% (14371/47104)
Loss: 1.983 | Precision@1: 30.524% (14417/47232)
Loss: 1.982 | Precision@1: 30.532% (14460/47360)
Loss: 1.981 | Precision@1: 30.549% (14507/47488)
Loss: 1.981 | Precision@1: 30.563% (14553/47616)
Loss: 1.980 | Precision@1: 30.584% (14602/47744)
Loss: 1.979 | Precision@1: 30.609% (14653/47872)
Loss: 1.978 | Precision@1: 30.637% (14706/48000)
Loss: 1.977 | Precision@1: 30.679% (14765/48128)
Loss: 1.976 | Precision@1: 30.715% (14822/48256)
Loss: 1.975 | Precision@1: 30.752% (14879/48384)
Loss: 1.974 | Precision@1: 30.794% (14939/48512)
Loss: 1.973 | Precision@1: 30.796% (14979/48640)
Loss: 1.973 | Precision@1: 30.795% (15018/48768)
Loss: 1.972 | Precision@1: 30.812% (15066/48896)
Loss: 1.971 | Precision@1: 30.852% (15125/49024)
Loss: 1.970 | Precision@1: 30.861% (15169/49152)
Loss: 1.969 | Precision@1: 30.895% (15225/49280)
Loss: 1.968 | Precision@1: 30.926% (15280/49408)
Loss: 1.967 | Precision@1: 30.943% (15328/49536)
Loss: 1.966 | Precision@1: 30.956% (15374/49664)
Loss: 1.965 | Precision@1: 30.973% (15422/49792)
Loss: 1.964 | Precision@1: 30.978% (15464/49920)
Loss: 1.964 | Precision@1: 30.994% (15497/50000)

Aggregates: 			
 	 DataLoader Time: 0.3463 			
 	 Mini-batch Time: 12.4435 			
 	 Training Epoch Time: 30.3137
 			
 Averages: 			
 	 Training Loss: 1.9638

 Test set Averages: Loss: 1.608 | Precision@1: 40.410% (4041/10000)

Epoch: 1
Loss: 1.560 | Precision@1: 43.750% (56/128)
Loss: 1.673 | Precision@1: 39.453% (101/256)
Loss: 1.618 | Precision@1: 41.406% (159/384)
Loss: 1.603 | Precision@1: 41.992% (215/512)
Loss: 1.610 | Precision@1: 41.562% (266/640)
Loss: 1.600 | Precision@1: 40.885% (314/768)
Loss: 1.599 | Precision@1: 40.179% (360/896)
Loss: 1.596 | Precision@1: 39.844% (408/1024)
Loss: 1.597 | Precision@1: 40.191% (463/1152)
Loss: 1.600 | Precision@1: 39.688% (508/1280)
Loss: 1.609 | Precision@1: 39.560% (557/1408)
Loss: 1.620 | Precision@1: 39.062% (600/1536)
Loss: 1.617 | Precision@1: 39.363% (655/1664)
Loss: 1.618 | Precision@1: 39.621% (710/1792)
Loss: 1.614 | Precision@1: 39.844% (765/1920)
Loss: 1.614 | Precision@1: 40.332% (826/2048)
Loss: 1.618 | Precision@1: 40.349% (878/2176)
Loss: 1.621 | Precision@1: 40.061% (923/2304)
Loss: 1.624 | Precision@1: 40.214% (978/2432)
Loss: 1.622 | Precision@1: 40.234% (1030/2560)
Loss: 1.619 | Precision@1: 40.402% (1086/2688)
Loss: 1.617 | Precision@1: 40.483% (1140/2816)
Loss: 1.618 | Precision@1: 40.421% (1190/2944)
Loss: 1.617 | Precision@1: 40.397% (1241/3072)
Loss: 1.613 | Precision@1: 40.750% (1304/3200)
Loss: 1.610 | Precision@1: 40.595% (1351/3328)
Loss: 1.607 | Precision@1: 40.828% (1411/3456)
Loss: 1.609 | Precision@1: 40.681% (1458/3584)
Loss: 1.606 | Precision@1: 40.867% (1517/3712)
Loss: 1.605 | Precision@1: 41.224% (1583/3840)
Loss: 1.599 | Precision@1: 41.406% (1643/3968)
Loss: 1.600 | Precision@1: 41.309% (1692/4096)
Loss: 1.603 | Precision@1: 41.146% (1738/4224)
Loss: 1.597 | Precision@1: 41.245% (1795/4352)
Loss: 1.593 | Precision@1: 41.429% (1856/4480)
Loss: 1.589 | Precision@1: 41.515% (1913/4608)
Loss: 1.592 | Precision@1: 41.427% (1962/4736)
Loss: 1.591 | Precision@1: 41.488% (2018/4864)
Loss: 1.593 | Precision@1: 41.526% (2073/4992)
Loss: 1.594 | Precision@1: 41.426% (2121/5120)
Loss: 1.595 | Precision@1: 41.521% (2179/5248)
Loss: 1.593 | Precision@1: 41.629% (2238/5376)
Loss: 1.592 | Precision@1: 41.715% (2296/5504)
Loss: 1.592 | Precision@1: 41.797% (2354/5632)
Loss: 1.589 | Precision@1: 41.979% (2418/5760)
Loss: 1.588 | Precision@1: 41.848% (2464/5888)
Loss: 1.584 | Precision@1: 41.938% (2523/6016)
Loss: 1.585 | Precision@1: 41.781% (2567/6144)
Loss: 1.582 | Precision@1: 41.948% (2631/6272)
Loss: 1.584 | Precision@1: 41.906% (2682/6400)
Loss: 1.584 | Precision@1: 41.805% (2729/6528)
Loss: 1.585 | Precision@1: 41.782% (2781/6656)
Loss: 1.585 | Precision@1: 41.745% (2832/6784)
Loss: 1.586 | Precision@1: 41.797% (2889/6912)
Loss: 1.588 | Precision@1: 41.776% (2941/7040)
Loss: 1.592 | Precision@1: 41.657% (2986/7168)
Loss: 1.591 | Precision@1: 41.653% (3039/7296)
Loss: 1.591 | Precision@1: 41.689% (3095/7424)
Loss: 1.590 | Precision@1: 41.711% (3150/7552)
Loss: 1.592 | Precision@1: 41.576% (3193/7680)
Loss: 1.592 | Precision@1: 41.534% (3243/7808)
Loss: 1.592 | Precision@1: 41.520% (3295/7936)
Loss: 1.592 | Precision@1: 41.654% (3359/8064)
Loss: 1.590 | Precision@1: 41.736% (3419/8192)
Loss: 1.589 | Precision@1: 41.839% (3481/8320)
Loss: 1.590 | Precision@1: 41.785% (3530/8448)
Loss: 1.589 | Precision@1: 41.838% (3588/8576)
Loss: 1.588 | Precision@1: 41.854% (3643/8704)
Loss: 1.589 | Precision@1: 41.825% (3694/8832)
Loss: 1.588 | Precision@1: 41.875% (3752/8960)
Loss: 1.587 | Precision@1: 41.934% (3811/9088)
Loss: 1.585 | Precision@1: 41.949% (3866/9216)
Loss: 1.587 | Precision@1: 41.834% (3909/9344)
Loss: 1.588 | Precision@1: 41.691% (3949/9472)
Loss: 1.588 | Precision@1: 41.573% (3991/9600)
Loss: 1.587 | Precision@1: 41.612% (4048/9728)
Loss: 1.584 | Precision@1: 41.711% (4111/9856)
Loss: 1.585 | Precision@1: 41.697% (4163/9984)
Loss: 1.584 | Precision@1: 41.723% (4219/10112)
Loss: 1.585 | Precision@1: 41.689% (4269/10240)
Loss: 1.585 | Precision@1: 41.686% (4322/10368)
Loss: 1.583 | Precision@1: 41.749% (4382/10496)
Loss: 1.584 | Precision@1: 41.717% (4432/10624)
Loss: 1.585 | Precision@1: 41.750% (4489/10752)
Loss: 1.585 | Precision@1: 41.746% (4542/10880)
Loss: 1.587 | Precision@1: 41.661% (4586/11008)
Loss: 1.588 | Precision@1: 41.595% (4632/11136)
Loss: 1.585 | Precision@1: 41.708% (4698/11264)
Loss: 1.584 | Precision@1: 41.766% (4758/11392)
Loss: 1.586 | Precision@1: 41.788% (4814/11520)
Loss: 1.585 | Precision@1: 41.844% (4874/11648)
Loss: 1.584 | Precision@1: 41.856% (4929/11776)
Loss: 1.585 | Precision@1: 41.759% (4971/11904)
Loss: 1.585 | Precision@1: 41.805% (5030/12032)
Loss: 1.583 | Precision@1: 41.867% (5091/12160)
Loss: 1.581 | Precision@1: 41.976% (5158/12288)
Loss: 1.580 | Precision@1: 42.002% (5215/12416)
Loss: 1.579 | Precision@1: 42.044% (5274/12544)
Loss: 1.580 | Precision@1: 41.959% (5317/12672)
Loss: 1.580 | Precision@1: 41.969% (5372/12800)
Loss: 1.579 | Precision@1: 42.002% (5430/12928)
Loss: 1.577 | Precision@1: 42.080% (5494/13056)
Loss: 1.576 | Precision@1: 42.127% (5554/13184)
Loss: 1.576 | Precision@1: 42.135% (5609/13312)
Loss: 1.576 | Precision@1: 42.150% (5665/13440)
Loss: 1.576 | Precision@1: 42.121% (5715/13568)
Loss: 1.575 | Precision@1: 42.166% (5775/13696)
Loss: 1.574 | Precision@1: 42.209% (5835/13824)
Loss: 1.577 | Precision@1: 42.101% (5874/13952)
Loss: 1.577 | Precision@1: 42.074% (5924/14080)
Loss: 1.577 | Precision@1: 42.117% (5984/14208)
Loss: 1.576 | Precision@1: 42.146% (6042/14336)
Loss: 1.576 | Precision@1: 42.160% (6098/14464)
Loss: 1.576 | Precision@1: 42.133% (6148/14592)
Loss: 1.575 | Precision@1: 42.194% (6211/14720)
Loss: 1.576 | Precision@1: 42.181% (6263/14848)
Loss: 1.575 | Precision@1: 42.208% (6321/14976)
Loss: 1.576 | Precision@1: 42.188% (6372/15104)
Loss: 1.575 | Precision@1: 42.174% (6424/15232)
Loss: 1.574 | Precision@1: 42.246% (6489/15360)
Loss: 1.573 | Precision@1: 42.271% (6547/15488)
Loss: 1.573 | Precision@1: 42.271% (6601/15616)
Loss: 1.573 | Precision@1: 42.226% (6648/15744)
Loss: 1.572 | Precision@1: 42.251% (6706/15872)
Loss: 1.571 | Precision@1: 42.275% (6764/16000)
Loss: 1.570 | Precision@1: 42.336% (6828/16128)
Loss: 1.570 | Precision@1: 42.298% (6876/16256)
Loss: 1.569 | Precision@1: 42.285% (6928/16384)
Loss: 1.568 | Precision@1: 42.339% (6991/16512)
Loss: 1.568 | Precision@1: 42.302% (7039/16640)
Loss: 1.567 | Precision@1: 42.319% (7096/16768)
Loss: 1.568 | Precision@1: 42.359% (7157/16896)
Loss: 1.567 | Precision@1: 42.399% (7218/17024)
Loss: 1.566 | Precision@1: 42.386% (7270/17152)
Loss: 1.566 | Precision@1: 42.425% (7331/17280)
Loss: 1.565 | Precision@1: 42.469% (7393/17408)
Loss: 1.565 | Precision@1: 42.438% (7442/17536)
Loss: 1.565 | Precision@1: 42.425% (7494/17664)
Loss: 1.565 | Precision@1: 42.407% (7545/17792)
Loss: 1.564 | Precision@1: 42.416% (7601/17920)
Loss: 1.564 | Precision@1: 42.465% (7664/18048)
Loss: 1.564 | Precision@1: 42.468% (7719/18176)
Loss: 1.564 | Precision@1: 42.499% (7779/18304)
Loss: 1.563 | Precision@1: 42.535% (7840/18432)
Loss: 1.563 | Precision@1: 42.532% (7894/18560)
Loss: 1.563 | Precision@1: 42.557% (7953/18688)
Loss: 1.563 | Precision@1: 42.560% (8008/18816)
Loss: 1.563 | Precision@1: 42.583% (8067/18944)
Loss: 1.563 | Precision@1: 42.565% (8118/19072)
Loss: 1.562 | Precision@1: 42.641% (8187/19200)
Loss: 1.562 | Precision@1: 42.627% (8239/19328)
Loss: 1.562 | Precision@1: 42.681% (8304/19456)
Loss: 1.561 | Precision@1: 42.693% (8361/19584)
Loss: 1.561 | Precision@1: 42.740% (8425/19712)
Loss: 1.560 | Precision@1: 42.742% (8480/19840)
Loss: 1.560 | Precision@1: 42.758% (8538/19968)
Loss: 1.560 | Precision@1: 42.770% (8595/20096)
Loss: 1.561 | Precision@1: 42.746% (8645/20224)
Loss: 1.561 | Precision@1: 42.762% (8703/20352)
Loss: 1.560 | Precision@1: 42.817% (8769/20480)
Loss: 1.559 | Precision@1: 42.891% (8839/20608)
Loss: 1.558 | Precision@1: 42.901% (8896/20736)
Loss: 1.557 | Precision@1: 42.959% (8963/20864)
Loss: 1.556 | Precision@1: 43.002% (9027/20992)
Loss: 1.555 | Precision@1: 43.026% (9087/21120)
Loss: 1.554 | Precision@1: 43.077% (9153/21248)
Loss: 1.554 | Precision@1: 43.053% (9203/21376)
Loss: 1.553 | Precision@1: 43.080% (9264/21504)
Loss: 1.553 | Precision@1: 43.052% (9313/21632)
Loss: 1.553 | Precision@1: 43.033% (9364/21760)
Loss: 1.553 | Precision@1: 43.097% (9433/21888)
Loss: 1.553 | Precision@1: 43.128% (9495/22016)
Loss: 1.553 | Precision@1: 43.145% (9554/22144)
Loss: 1.554 | Precision@1: 43.162% (9613/22272)
Loss: 1.554 | Precision@1: 43.121% (9659/22400)
Loss: 1.553 | Precision@1: 43.124% (9715/22528)
Loss: 1.553 | Precision@1: 43.141% (9774/22656)
Loss: 1.552 | Precision@1: 43.162% (9834/22784)
Loss: 1.552 | Precision@1: 43.174% (9892/22912)
Loss: 1.552 | Precision@1: 43.138% (9939/23040)
Loss: 1.552 | Precision@1: 43.120% (9990/23168)
Loss: 1.552 | Precision@1: 43.089% (10038/23296)
Loss: 1.551 | Precision@1: 43.152% (10108/23424)
Loss: 1.551 | Precision@1: 43.164% (10166/23552)
Loss: 1.550 | Precision@1: 43.167% (10222/23680)
Loss: 1.550 | Precision@1: 43.204% (10286/23808)
Loss: 1.549 | Precision@1: 43.215% (10344/23936)
Loss: 1.548 | Precision@1: 43.251% (10408/24064)
Loss: 1.548 | Precision@1: 43.266% (10467/24192)
Loss: 1.548 | Precision@1: 43.236% (10515/24320)
Loss: 1.548 | Precision@1: 43.251% (10574/24448)
Loss: 1.548 | Precision@1: 43.237% (10626/24576)
Loss: 1.547 | Precision@1: 43.260% (10687/24704)
Loss: 1.547 | Precision@1: 43.267% (10744/24832)
Loss: 1.546 | Precision@1: 43.305% (10809/24960)
Loss: 1.546 | Precision@1: 43.320% (10868/25088)
Loss: 1.545 | Precision@1: 43.334% (10927/25216)
Loss: 1.544 | Precision@1: 43.348% (10986/25344)
Loss: 1.544 | Precision@1: 43.377% (11049/25472)
Loss: 1.544 | Precision@1: 43.406% (11112/25600)
Loss: 1.544 | Precision@1: 43.400% (11166/25728)
Loss: 1.543 | Precision@1: 43.386% (11218/25856)
Loss: 1.543 | Precision@1: 43.361% (11267/25984)
Loss: 1.543 | Precision@1: 43.402% (11333/26112)
Loss: 1.543 | Precision@1: 43.407% (11390/26240)
Loss: 1.543 | Precision@1: 43.450% (11457/26368)
Loss: 1.542 | Precision@1: 43.459% (11515/26496)
Loss: 1.542 | Precision@1: 43.498% (11581/26624)
Loss: 1.541 | Precision@1: 43.544% (11649/26752)
Loss: 1.541 | Precision@1: 43.557% (11708/26880)
Loss: 1.541 | Precision@1: 43.561% (11765/27008)
Loss: 1.541 | Precision@1: 43.562% (11821/27136)
Loss: 1.541 | Precision@1: 43.548% (11873/27264)
Loss: 1.541 | Precision@1: 43.589% (11940/27392)
Loss: 1.540 | Precision@1: 43.568% (11990/27520)
Loss: 1.540 | Precision@1: 43.587% (12051/27648)
Loss: 1.539 | Precision@1: 43.613% (12114/27776)
Loss: 1.539 | Precision@1: 43.632% (12175/27904)
Loss: 1.539 | Precision@1: 43.636% (12232/28032)
Loss: 1.539 | Precision@1: 43.629% (12286/28160)
Loss: 1.538 | Precision@1: 43.676% (12355/28288)
Loss: 1.538 | Precision@1: 43.662% (12407/28416)
Loss: 1.538 | Precision@1: 43.659% (12462/28544)
Loss: 1.537 | Precision@1: 43.673% (12522/28672)
Loss: 1.536 | Precision@1: 43.698% (12585/28800)
Loss: 1.536 | Precision@1: 43.715% (12646/28928)
Loss: 1.535 | Precision@1: 43.750% (12712/29056)
Loss: 1.535 | Precision@1: 43.784% (12778/29184)
Loss: 1.534 | Precision@1: 43.808% (12841/29312)
Loss: 1.533 | Precision@1: 43.849% (12909/29440)
Loss: 1.533 | Precision@1: 43.851% (12966/29568)
Loss: 1.532 | Precision@1: 43.881% (13031/29696)
Loss: 1.531 | Precision@1: 43.884% (13088/29824)
Loss: 1.532 | Precision@1: 43.877% (13142/29952)
Loss: 1.531 | Precision@1: 43.916% (13210/30080)
Loss: 1.530 | Precision@1: 43.942% (13274/30208)
Loss: 1.529 | Precision@1: 43.948% (13332/30336)
Loss: 1.529 | Precision@1: 43.983% (13399/30464)
Loss: 1.529 | Precision@1: 44.012% (13464/30592)
Loss: 1.529 | Precision@1: 44.010% (13520/30720)
Loss: 1.528 | Precision@1: 44.009% (13576/30848)
Loss: 1.527 | Precision@1: 44.015% (13634/30976)
Loss: 1.527 | Precision@1: 44.020% (13692/31104)
Loss: 1.527 | Precision@1: 44.022% (13749/31232)
Loss: 1.526 | Precision@1: 44.043% (13812/31360)
Loss: 1.525 | Precision@1: 44.074% (13878/31488)
Loss: 1.525 | Precision@1: 44.073% (13934/31616)
Loss: 1.525 | Precision@1: 44.084% (13994/31744)
Loss: 1.524 | Precision@1: 44.117% (14061/31872)
Loss: 1.524 | Precision@1: 44.144% (14126/32000)
Loss: 1.523 | Precision@1: 44.130% (14178/32128)
Loss: 1.523 | Precision@1: 44.122% (14232/32256)
Loss: 1.523 | Precision@1: 44.161% (14301/32384)
Loss: 1.523 | Precision@1: 44.162% (14358/32512)
Loss: 1.522 | Precision@1: 44.188% (14423/32640)
Loss: 1.522 | Precision@1: 44.205% (14485/32768)
Loss: 1.522 | Precision@1: 44.185% (14535/32896)
Loss: 1.523 | Precision@1: 44.174% (14588/33024)
Loss: 1.523 | Precision@1: 44.175% (14645/33152)
Loss: 1.522 | Precision@1: 44.192% (14707/33280)
Loss: 1.522 | Precision@1: 44.184% (14761/33408)
Loss: 1.522 | Precision@1: 44.191% (14820/33536)
Loss: 1.522 | Precision@1: 44.207% (14882/33664)
Loss: 1.521 | Precision@1: 44.226% (14945/33792)
Loss: 1.521 | Precision@1: 44.245% (15008/33920)
Loss: 1.521 | Precision@1: 44.255% (15068/34048)
Loss: 1.521 | Precision@1: 44.244% (15121/34176)
Loss: 1.520 | Precision@1: 44.251% (15180/34304)
Loss: 1.520 | Precision@1: 44.279% (15246/34432)
Loss: 1.520 | Precision@1: 44.282% (15304/34560)
Loss: 1.520 | Precision@1: 44.278% (15359/34688)
Loss: 1.519 | Precision@1: 44.290% (15420/34816)
Loss: 1.519 | Precision@1: 44.311% (15484/34944)
Loss: 1.519 | Precision@1: 44.332% (15548/35072)
Loss: 1.518 | Precision@1: 44.335% (15606/35200)
Loss: 1.518 | Precision@1: 44.359% (15671/35328)
Loss: 1.518 | Precision@1: 44.348% (15724/35456)
Loss: 1.517 | Precision@1: 44.368% (15788/35584)
Loss: 1.517 | Precision@1: 44.366% (15844/35712)
Loss: 1.517 | Precision@1: 44.350% (15895/35840)
Loss: 1.517 | Precision@1: 44.381% (15963/35968)
Loss: 1.517 | Precision@1: 44.409% (16030/36096)
Loss: 1.516 | Precision@1: 44.429% (16094/36224)
Loss: 1.516 | Precision@1: 44.435% (16153/36352)
Loss: 1.516 | Precision@1: 44.438% (16211/36480)
Loss: 1.516 | Precision@1: 44.460% (16276/36608)
Loss: 1.515 | Precision@1: 44.485% (16342/36736)
Loss: 1.515 | Precision@1: 44.488% (16400/36864)
Loss: 1.515 | Precision@1: 44.510% (16465/36992)
Loss: 1.514 | Precision@1: 44.537% (16532/37120)
Loss: 1.514 | Precision@1: 44.523% (16584/37248)
Loss: 1.513 | Precision@1: 44.553% (16652/37376)
Loss: 1.513 | Precision@1: 44.569% (16715/37504)
Loss: 1.513 | Precision@1: 44.568% (16772/37632)
Loss: 1.513 | Precision@1: 44.576% (16832/37760)
Loss: 1.512 | Precision@1: 44.592% (16895/37888)
Loss: 1.513 | Precision@1: 44.560% (16940/38016)
Loss: 1.513 | Precision@1: 44.563% (16998/38144)
Loss: 1.513 | Precision@1: 44.552% (17051/38272)
Loss: 1.513 | Precision@1: 44.562% (17112/38400)
Loss: 1.512 | Precision@1: 44.565% (17170/38528)
Loss: 1.512 | Precision@1: 44.573% (17230/38656)
Loss: 1.511 | Precision@1: 44.588% (17293/38784)
Loss: 1.511 | Precision@1: 44.588% (17350/38912)
Loss: 1.511 | Precision@1: 44.613% (17417/39040)
Loss: 1.510 | Precision@1: 44.633% (17482/39168)
Loss: 1.510 | Precision@1: 44.628% (17537/39296)
Loss: 1.510 | Precision@1: 44.640% (17599/39424)
Loss: 1.510 | Precision@1: 44.645% (17658/39552)
Loss: 1.510 | Precision@1: 44.657% (17720/39680)
Loss: 1.510 | Precision@1: 44.690% (17790/39808)
Loss: 1.510 | Precision@1: 44.714% (17857/39936)
Loss: 1.509 | Precision@1: 44.731% (17921/40064)
Loss: 1.510 | Precision@1: 44.740% (17982/40192)
Loss: 1.509 | Precision@1: 44.764% (18049/40320)
Loss: 1.508 | Precision@1: 44.781% (18113/40448)
Loss: 1.508 | Precision@1: 44.780% (18170/40576)
Loss: 1.508 | Precision@1: 44.777% (18226/40704)
Loss: 1.507 | Precision@1: 44.815% (18299/40832)
Loss: 1.507 | Precision@1: 44.839% (18366/40960)
Loss: 1.506 | Precision@1: 44.857% (18431/41088)
Loss: 1.506 | Precision@1: 44.854% (18487/41216)
Loss: 1.505 | Precision@1: 44.872% (18552/41344)
Loss: 1.505 | Precision@1: 44.895% (18619/41472)
Loss: 1.505 | Precision@1: 44.885% (18672/41600)
Loss: 1.505 | Precision@1: 44.888% (18731/41728)
Loss: 1.505 | Precision@1: 44.885% (18787/41856)
Loss: 1.505 | Precision@1: 44.905% (18853/41984)
Loss: 1.504 | Precision@1: 44.940% (18925/42112)
Loss: 1.504 | Precision@1: 44.929% (18978/42240)
Loss: 1.503 | Precision@1: 44.937% (19039/42368)
Loss: 1.503 | Precision@1: 44.957% (19105/42496)
Loss: 1.502 | Precision@1: 44.963% (19165/42624)
Loss: 1.502 | Precision@1: 44.966% (19224/42752)
Loss: 1.502 | Precision@1: 44.960% (19279/42880)
Loss: 1.502 | Precision@1: 44.975% (19343/43008)
Loss: 1.501 | Precision@1: 45.011% (19416/43136)
Loss: 1.501 | Precision@1: 45.026% (19480/43264)
Loss: 1.500 | Precision@1: 45.041% (19544/43392)
Loss: 1.500 | Precision@1: 45.041% (19602/43520)
Loss: 1.500 | Precision@1: 45.063% (19669/43648)
Loss: 1.500 | Precision@1: 45.100% (19743/43776)
Loss: 1.499 | Precision@1: 45.126% (19812/43904)
Loss: 1.500 | Precision@1: 45.117% (19866/44032)
Loss: 1.499 | Precision@1: 45.140% (19934/44160)
Loss: 1.499 | Precision@1: 45.143% (19993/44288)
Loss: 1.498 | Precision@1: 45.168% (20062/44416)
Loss: 1.498 | Precision@1: 45.173% (20122/44544)
Loss: 1.498 | Precision@1: 45.174% (20180/44672)
Loss: 1.497 | Precision@1: 45.199% (20249/44800)
Loss: 1.497 | Precision@1: 45.210% (20312/44928)
Loss: 1.497 | Precision@1: 45.233% (20380/45056)
Loss: 1.496 | Precision@1: 45.253% (20447/45184)
Loss: 1.496 | Precision@1: 45.255% (20506/45312)
Loss: 1.496 | Precision@1: 45.288% (20579/45440)
Loss: 1.495 | Precision@1: 45.310% (20647/45568)
Loss: 1.495 | Precision@1: 45.332% (20715/45696)
Loss: 1.494 | Precision@1: 45.380% (20795/45824)
Loss: 1.493 | Precision@1: 45.408% (20866/45952)
Loss: 1.493 | Precision@1: 45.408% (20924/46080)
Loss: 1.494 | Precision@1: 45.406% (20981/46208)
Loss: 1.493 | Precision@1: 45.444% (21057/46336)
Loss: 1.492 | Precision@1: 45.472% (21128/46464)
Loss: 1.492 | Precision@1: 45.486% (21193/46592)
Loss: 1.491 | Precision@1: 45.501% (21258/46720)
Loss: 1.491 | Precision@1: 45.528% (21329/46848)
Loss: 1.490 | Precision@1: 45.542% (21394/46976)
Loss: 1.490 | Precision@1: 45.555% (21458/47104)
Loss: 1.490 | Precision@1: 45.571% (21524/47232)
Loss: 1.489 | Precision@1: 45.581% (21587/47360)
Loss: 1.489 | Precision@1: 45.582% (21646/47488)
Loss: 1.488 | Precision@1: 45.607% (21716/47616)
Loss: 1.488 | Precision@1: 45.627% (21784/47744)
Loss: 1.488 | Precision@1: 45.630% (21844/47872)
Loss: 1.487 | Precision@1: 45.633% (21904/48000)
Loss: 1.488 | Precision@1: 45.632% (21962/48128)
Loss: 1.487 | Precision@1: 45.642% (22025/48256)
Loss: 1.487 | Precision@1: 45.641% (22083/48384)
Loss: 1.487 | Precision@1: 45.648% (22145/48512)
Loss: 1.487 | Precision@1: 45.658% (22208/48640)
Loss: 1.486 | Precision@1: 45.661% (22268/48768)
Loss: 1.486 | Precision@1: 45.681% (22336/48896)
Loss: 1.486 | Precision@1: 45.708% (22408/49024)
Loss: 1.486 | Precision@1: 45.721% (22473/49152)
Loss: 1.485 | Precision@1: 45.749% (22545/49280)
Loss: 1.484 | Precision@1: 45.760% (22609/49408)
Loss: 1.484 | Precision@1: 45.767% (22671/49536)
Loss: 1.484 | Precision@1: 45.770% (22731/49664)
Loss: 1.484 | Precision@1: 45.772% (22791/49792)
Loss: 1.484 | Precision@1: 45.789% (22858/49920)
Loss: 1.484 | Precision@1: 45.792% (22896/50000)

Aggregates: 			
 	 DataLoader Time: 0.4600 			
 	 Mini-batch Time: 12.3310 			
 	 Training Epoch Time: 30.1817
 			
 Averages: 			
 	 Training Loss: 1.4836

 Test set Averages: Loss: 1.446 | Precision@1: 45.590% (4559/10000)

Epoch: 2
Loss: 1.259 | Precision@1: 53.125% (68/128)
Loss: 1.301 | Precision@1: 50.391% (129/256)
Loss: 1.393 | Precision@1: 48.177% (185/384)
Loss: 1.380 | Precision@1: 48.242% (247/512)
Loss: 1.348 | Precision@1: 49.375% (316/640)
Loss: 1.342 | Precision@1: 50.391% (387/768)
Loss: 1.340 | Precision@1: 52.121% (467/896)
Loss: 1.332 | Precision@1: 52.246% (535/1024)
Loss: 1.352 | Precision@1: 51.215% (590/1152)
Loss: 1.374 | Precision@1: 50.156% (642/1280)
Loss: 1.371 | Precision@1: 50.142% (706/1408)
Loss: 1.376 | Precision@1: 49.805% (765/1536)
Loss: 1.388 | Precision@1: 49.519% (824/1664)
Loss: 1.386 | Precision@1: 49.554% (888/1792)
Loss: 1.376 | Precision@1: 50.104% (962/1920)
Loss: 1.379 | Precision@1: 49.854% (1021/2048)
Loss: 1.377 | Precision@1: 50.000% (1088/2176)
Loss: 1.375 | Precision@1: 49.913% (1150/2304)
Loss: 1.376 | Precision@1: 49.918% (1214/2432)
Loss: 1.375 | Precision@1: 49.961% (1279/2560)
Loss: 1.374 | Precision@1: 50.000% (1344/2688)
Loss: 1.371 | Precision@1: 50.213% (1414/2816)
Loss: 1.370 | Precision@1: 50.170% (1477/2944)
Loss: 1.366 | Precision@1: 50.456% (1550/3072)
Loss: 1.368 | Precision@1: 50.656% (1621/3200)
Loss: 1.363 | Precision@1: 50.691% (1687/3328)
Loss: 1.367 | Precision@1: 50.492% (1745/3456)
Loss: 1.368 | Precision@1: 50.446% (1808/3584)
Loss: 1.366 | Precision@1: 50.539% (1876/3712)
Loss: 1.368 | Precision@1: 50.391% (1935/3840)
Loss: 1.370 | Precision@1: 50.176% (1991/3968)
Loss: 1.369 | Precision@1: 50.073% (2051/4096)
Loss: 1.371 | Precision@1: 50.047% (2114/4224)
Loss: 1.367 | Precision@1: 50.299% (2189/4352)
Loss: 1.366 | Precision@1: 50.379% (2257/4480)
Loss: 1.367 | Precision@1: 50.499% (2327/4608)
Loss: 1.366 | Precision@1: 50.570% (2395/4736)
Loss: 1.363 | Precision@1: 50.555% (2459/4864)
Loss: 1.361 | Precision@1: 50.701% (2531/4992)
Loss: 1.365 | Precision@1: 50.566% (2589/5120)
Loss: 1.368 | Precision@1: 50.419% (2646/5248)
Loss: 1.365 | Precision@1: 50.502% (2715/5376)
Loss: 1.365 | Precision@1: 50.454% (2777/5504)
Loss: 1.368 | Precision@1: 50.426% (2840/5632)
Loss: 1.367 | Precision@1: 50.469% (2907/5760)
Loss: 1.365 | Precision@1: 50.526% (2975/5888)
Loss: 1.364 | Precision@1: 50.598% (3044/6016)
Loss: 1.364 | Precision@1: 50.586% (3108/6144)
Loss: 1.365 | Precision@1: 50.399% (3161/6272)
Loss: 1.363 | Precision@1: 50.422% (3227/6400)
Loss: 1.362 | Precision@1: 50.506% (3297/6528)
Loss: 1.363 | Precision@1: 50.436% (3357/6656)
Loss: 1.360 | Precision@1: 50.590% (3432/6784)
Loss: 1.357 | Precision@1: 50.723% (3506/6912)
Loss: 1.356 | Precision@1: 50.767% (3574/7040)
Loss: 1.356 | Precision@1: 50.767% (3639/7168)
Loss: 1.355 | Precision@1: 50.863% (3711/7296)
Loss: 1.357 | Precision@1: 50.781% (3770/7424)
Loss: 1.358 | Precision@1: 50.728% (3831/7552)
Loss: 1.359 | Precision@1: 50.677% (3892/7680)
Loss: 1.360 | Precision@1: 50.653% (3955/7808)
Loss: 1.358 | Precision@1: 50.756% (4028/7936)
Loss: 1.357 | Precision@1: 50.893% (4104/8064)
Loss: 1.356 | Precision@1: 50.928% (4172/8192)
Loss: 1.354 | Precision@1: 51.010% (4244/8320)
Loss: 1.355 | Precision@1: 50.994% (4308/8448)
Loss: 1.353 | Precision@1: 50.991% (4373/8576)
Loss: 1.351 | Precision@1: 51.034% (4442/8704)
Loss: 1.352 | Precision@1: 51.042% (4508/8832)
Loss: 1.349 | Precision@1: 51.217% (4589/8960)
Loss: 1.350 | Precision@1: 51.166% (4650/9088)
Loss: 1.350 | Precision@1: 51.128% (4712/9216)
Loss: 1.351 | Precision@1: 51.092% (4774/9344)
Loss: 1.350 | Precision@1: 51.140% (4844/9472)
Loss: 1.350 | Precision@1: 51.135% (4909/9600)
Loss: 1.349 | Precision@1: 51.141% (4975/9728)
Loss: 1.350 | Precision@1: 51.086% (5035/9856)
Loss: 1.349 | Precision@1: 51.202% (5112/9984)
Loss: 1.349 | Precision@1: 51.187% (5176/10112)
Loss: 1.348 | Precision@1: 51.240% (5247/10240)
Loss: 1.349 | Precision@1: 51.225% (5311/10368)
Loss: 1.350 | Precision@1: 51.153% (5369/10496)
Loss: 1.351 | Precision@1: 51.054% (5424/10624)
Loss: 1.349 | Precision@1: 51.079% (5492/10752)
Loss: 1.348 | Precision@1: 51.186% (5569/10880)
Loss: 1.347 | Precision@1: 51.172% (5633/11008)
Loss: 1.347 | Precision@1: 51.221% (5704/11136)
Loss: 1.348 | Precision@1: 51.243% (5772/11264)
Loss: 1.348 | Precision@1: 51.211% (5834/11392)
Loss: 1.348 | Precision@1: 51.207% (5899/11520)
Loss: 1.347 | Precision@1: 51.236% (5968/11648)
Loss: 1.346 | Precision@1: 51.248% (6035/11776)
Loss: 1.347 | Precision@1: 51.226% (6098/11904)
Loss: 1.347 | Precision@1: 51.188% (6159/12032)
Loss: 1.346 | Precision@1: 51.201% (6226/12160)
Loss: 1.345 | Precision@1: 51.237% (6296/12288)
Loss: 1.344 | Precision@1: 51.281% (6367/12416)
Loss: 1.343 | Precision@1: 51.339% (6440/12544)
Loss: 1.344 | Precision@1: 51.357% (6508/12672)
Loss: 1.344 | Precision@1: 51.375% (6576/12800)
Loss: 1.343 | Precision@1: 51.377% (6642/12928)
Loss: 1.342 | Precision@1: 51.478% (6721/13056)
Loss: 1.342 | Precision@1: 51.456% (6784/13184)
Loss: 1.343 | Precision@1: 51.412% (6844/13312)
Loss: 1.343 | Precision@1: 51.406% (6909/13440)
Loss: 1.344 | Precision@1: 51.408% (6975/13568)
Loss: 1.343 | Precision@1: 51.446% (7046/13696)
Loss: 1.345 | Precision@1: 51.411% (7107/13824)
Loss: 1.345 | Precision@1: 51.362% (7166/13952)
Loss: 1.345 | Precision@1: 51.392% (7236/14080)
Loss: 1.345 | Precision@1: 51.422% (7306/14208)
Loss: 1.343 | Precision@1: 51.493% (7382/14336)
Loss: 1.342 | Precision@1: 51.480% (7446/14464)
Loss: 1.340 | Precision@1: 51.508% (7516/14592)
Loss: 1.340 | Precision@1: 51.454% (7574/14720)
Loss: 1.340 | Precision@1: 51.495% (7646/14848)
Loss: 1.339 | Precision@1: 51.529% (7717/14976)
Loss: 1.339 | Precision@1: 51.510% (7780/15104)
Loss: 1.340 | Precision@1: 51.464% (7839/15232)
Loss: 1.339 | Precision@1: 51.536% (7916/15360)
Loss: 1.340 | Precision@1: 51.524% (7980/15488)
Loss: 1.340 | Precision@1: 51.511% (8044/15616)
Loss: 1.341 | Precision@1: 51.505% (8109/15744)
Loss: 1.341 | Precision@1: 51.468% (8169/15872)
Loss: 1.341 | Precision@1: 51.456% (8233/16000)
Loss: 1.339 | Precision@1: 51.513% (8308/16128)
Loss: 1.339 | Precision@1: 51.483% (8369/16256)
Loss: 1.339 | Precision@1: 51.477% (8434/16384)
Loss: 1.338 | Precision@1: 51.520% (8507/16512)
Loss: 1.337 | Precision@1: 51.502% (8570/16640)
Loss: 1.337 | Precision@1: 51.503% (8636/16768)
Loss: 1.336 | Precision@1: 51.533% (8707/16896)
Loss: 1.336 | Precision@1: 51.592% (8783/17024)
Loss: 1.336 | Precision@1: 51.597% (8850/17152)
Loss: 1.334 | Precision@1: 51.672% (8929/17280)
Loss: 1.335 | Precision@1: 51.666% (8994/17408)
Loss: 1.334 | Precision@1: 51.734% (9072/17536)
Loss: 1.334 | Precision@1: 51.710% (9134/17664)
Loss: 1.334 | Precision@1: 51.742% (9206/17792)
Loss: 1.333 | Precision@1: 51.786% (9280/17920)
Loss: 1.333 | Precision@1: 51.795% (9348/18048)
Loss: 1.333 | Precision@1: 51.832% (9421/18176)
Loss: 1.333 | Precision@1: 51.841% (9489/18304)
Loss: 1.333 | Precision@1: 51.839% (9555/18432)
Loss: 1.332 | Precision@1: 51.837% (9621/18560)
Loss: 1.333 | Precision@1: 51.819% (9684/18688)
Loss: 1.332 | Precision@1: 51.823% (9751/18816)
Loss: 1.332 | Precision@1: 51.848% (9822/18944)
Loss: 1.331 | Precision@1: 51.909% (9900/19072)
Loss: 1.330 | Precision@1: 51.969% (9978/19200)
Loss: 1.329 | Precision@1: 51.987% (10048/19328)
Loss: 1.328 | Precision@1: 51.989% (10115/19456)
Loss: 1.328 | Precision@1: 51.940% (10172/19584)
Loss: 1.328 | Precision@1: 51.923% (10235/19712)
Loss: 1.329 | Precision@1: 51.905% (10298/19840)
Loss: 1.328 | Precision@1: 51.938% (10371/19968)
Loss: 1.327 | Precision@1: 51.985% (10447/20096)
Loss: 1.328 | Precision@1: 51.988% (10514/20224)
Loss: 1.327 | Precision@1: 52.015% (10586/20352)
Loss: 1.326 | Precision@1: 52.046% (10659/20480)
Loss: 1.326 | Precision@1: 52.077% (10732/20608)
Loss: 1.325 | Precision@1: 52.083% (10800/20736)
Loss: 1.325 | Precision@1: 52.114% (10873/20864)
Loss: 1.324 | Precision@1: 52.167% (10951/20992)
Loss: 1.323 | Precision@1: 52.164% (11017/21120)
Loss: 1.323 | Precision@1: 52.188% (11089/21248)
Loss: 1.322 | Precision@1: 52.222% (11163/21376)
Loss: 1.322 | Precision@1: 52.246% (11235/21504)
Loss: 1.321 | Precision@1: 52.256% (11304/21632)
Loss: 1.321 | Precision@1: 52.243% (11368/21760)
Loss: 1.321 | Precision@1: 52.243% (11435/21888)
Loss: 1.321 | Precision@1: 52.230% (11499/22016)
Loss: 1.320 | Precision@1: 52.249% (11570/22144)
Loss: 1.319 | Precision@1: 52.285% (11645/22272)
Loss: 1.319 | Precision@1: 52.259% (11706/22400)
Loss: 1.319 | Precision@1: 52.268% (11775/22528)
Loss: 1.318 | Precision@1: 52.282% (11845/22656)
Loss: 1.318 | Precision@1: 52.291% (11914/22784)
Loss: 1.318 | Precision@1: 52.313% (11986/22912)
Loss: 1.318 | Precision@1: 52.339% (12059/23040)
Loss: 1.318 | Precision@1: 52.374% (12134/23168)
Loss: 1.317 | Precision@1: 52.412% (12210/23296)
Loss: 1.317 | Precision@1: 52.416% (12278/23424)
Loss: 1.317 | Precision@1: 52.399% (12341/23552)
Loss: 1.317 | Precision@1: 52.386% (12405/23680)
Loss: 1.316 | Precision@1: 52.428% (12482/23808)
Loss: 1.315 | Precision@1: 52.486% (12563/23936)
Loss: 1.314 | Precision@1: 52.527% (12640/24064)
Loss: 1.314 | Precision@1: 52.521% (12706/24192)
Loss: 1.315 | Precision@1: 52.537% (12777/24320)
Loss: 1.315 | Precision@1: 52.544% (12846/24448)
Loss: 1.315 | Precision@1: 52.559% (12917/24576)
Loss: 1.314 | Precision@1: 52.558% (12984/24704)
Loss: 1.314 | Precision@1: 52.589% (13059/24832)
Loss: 1.313 | Precision@1: 52.632% (13137/24960)
Loss: 1.313 | Precision@1: 52.635% (13205/25088)
Loss: 1.313 | Precision@1: 52.598% (13263/25216)
Loss: 1.312 | Precision@1: 52.608% (13333/25344)
Loss: 1.312 | Precision@1: 52.587% (13395/25472)
Loss: 1.311 | Precision@1: 52.645% (13477/25600)
Loss: 1.311 | Precision@1: 52.643% (13544/25728)
Loss: 1.311 | Precision@1: 52.642% (13611/25856)
Loss: 1.311 | Precision@1: 52.644% (13679/25984)
Loss: 1.310 | Precision@1: 52.677% (13755/26112)
Loss: 1.310 | Precision@1: 52.671% (13821/26240)
Loss: 1.311 | Precision@1: 52.643% (13881/26368)
Loss: 1.311 | Precision@1: 52.627% (13944/26496)
Loss: 1.310 | Precision@1: 52.633% (14013/26624)
Loss: 1.310 | Precision@1: 52.691% (14096/26752)
Loss: 1.309 | Precision@1: 52.716% (14170/26880)
Loss: 1.309 | Precision@1: 52.740% (14244/27008)
Loss: 1.308 | Precision@1: 52.779% (14322/27136)
Loss: 1.308 | Precision@1: 52.780% (14390/27264)
Loss: 1.308 | Precision@1: 52.775% (14456/27392)
Loss: 1.308 | Precision@1: 52.765% (14521/27520)
Loss: 1.308 | Precision@1: 52.781% (14593/27648)
Loss: 1.308 | Precision@1: 52.761% (14655/27776)
Loss: 1.308 | Precision@1: 52.763% (14723/27904)
Loss: 1.309 | Precision@1: 52.772% (14793/28032)
Loss: 1.308 | Precision@1: 52.770% (14860/28160)
Loss: 1.308 | Precision@1: 52.771% (14928/28288)
Loss: 1.308 | Precision@1: 52.787% (15000/28416)
Loss: 1.308 | Precision@1: 52.799% (15071/28544)
Loss: 1.307 | Precision@1: 52.804% (15140/28672)
Loss: 1.307 | Precision@1: 52.812% (15210/28800)
Loss: 1.307 | Precision@1: 52.807% (15276/28928)
Loss: 1.306 | Precision@1: 52.846% (15355/29056)
Loss: 1.306 | Precision@1: 52.868% (15429/29184)
Loss: 1.306 | Precision@1: 52.862% (15495/29312)
Loss: 1.305 | Precision@1: 52.908% (15576/29440)
Loss: 1.304 | Precision@1: 52.966% (15661/29568)
Loss: 1.303 | Precision@1: 52.997% (15738/29696)
Loss: 1.302 | Precision@1: 53.001% (15807/29824)
Loss: 1.302 | Precision@1: 53.011% (15878/29952)
Loss: 1.302 | Precision@1: 53.015% (15947/30080)
Loss: 1.302 | Precision@1: 53.042% (16023/30208)
Loss: 1.302 | Precision@1: 53.033% (16088/30336)
Loss: 1.302 | Precision@1: 53.030% (16155/30464)
Loss: 1.301 | Precision@1: 53.060% (16232/30592)
Loss: 1.301 | Precision@1: 53.066% (16302/30720)
Loss: 1.300 | Precision@1: 53.115% (16385/30848)
Loss: 1.298 | Precision@1: 53.125% (16456/30976)
Loss: 1.298 | Precision@1: 53.128% (16525/31104)
Loss: 1.297 | Precision@1: 53.183% (16610/31232)
Loss: 1.297 | Precision@1: 53.202% (16684/31360)
Loss: 1.296 | Precision@1: 53.233% (16762/31488)
Loss: 1.295 | Precision@1: 53.277% (16844/31616)
Loss: 1.295 | Precision@1: 53.279% (16913/31744)
Loss: 1.294 | Precision@1: 53.320% (16994/31872)
Loss: 1.294 | Precision@1: 53.328% (17065/32000)
Loss: 1.293 | Precision@1: 53.362% (17144/32128)
Loss: 1.292 | Precision@1: 53.367% (17214/32256)
Loss: 1.292 | Precision@1: 53.369% (17283/32384)
Loss: 1.291 | Precision@1: 53.371% (17352/32512)
Loss: 1.291 | Precision@1: 53.395% (17428/32640)
Loss: 1.291 | Precision@1: 53.394% (17496/32768)
Loss: 1.290 | Precision@1: 53.417% (17572/32896)
Loss: 1.290 | Precision@1: 53.437% (17647/33024)
Loss: 1.290 | Precision@1: 53.445% (17718/33152)
Loss: 1.290 | Precision@1: 53.462% (17792/33280)
Loss: 1.289 | Precision@1: 53.484% (17868/33408)
Loss: 1.289 | Precision@1: 53.501% (17942/33536)
Loss: 1.288 | Precision@1: 53.511% (18014/33664)
Loss: 1.288 | Precision@1: 53.527% (18088/33792)
Loss: 1.288 | Precision@1: 53.520% (18154/33920)
Loss: 1.288 | Precision@1: 53.530% (18226/34048)
Loss: 1.288 | Precision@1: 53.529% (18294/34176)
Loss: 1.287 | Precision@1: 53.548% (18369/34304)
Loss: 1.287 | Precision@1: 53.520% (18428/34432)
Loss: 1.288 | Precision@1: 53.498% (18489/34560)
Loss: 1.288 | Precision@1: 53.517% (18564/34688)
Loss: 1.287 | Precision@1: 53.536% (18639/34816)
Loss: 1.286 | Precision@1: 53.560% (18716/34944)
Loss: 1.286 | Precision@1: 53.550% (18781/35072)
Loss: 1.287 | Precision@1: 53.545% (18848/35200)
Loss: 1.286 | Precision@1: 53.578% (18928/35328)
Loss: 1.286 | Precision@1: 53.588% (19000/35456)
Loss: 1.286 | Precision@1: 53.600% (19073/35584)
Loss: 1.285 | Precision@1: 53.590% (19138/35712)
Loss: 1.285 | Precision@1: 53.608% (19213/35840)
Loss: 1.285 | Precision@1: 53.642% (19294/35968)
Loss: 1.284 | Precision@1: 53.676% (19375/36096)
Loss: 1.284 | Precision@1: 53.688% (19448/36224)
Loss: 1.283 | Precision@1: 53.736% (19534/36352)
Loss: 1.282 | Precision@1: 53.755% (19610/36480)
Loss: 1.282 | Precision@1: 53.767% (19683/36608)
Loss: 1.282 | Precision@1: 53.786% (19759/36736)
Loss: 1.281 | Precision@1: 53.803% (19834/36864)
Loss: 1.281 | Precision@1: 53.822% (19910/36992)
Loss: 1.281 | Precision@1: 53.836% (19984/37120)
Loss: 1.280 | Precision@1: 53.855% (20060/37248)
Loss: 1.280 | Precision@1: 53.861% (20131/37376)
Loss: 1.279 | Precision@1: 53.877% (20206/37504)
Loss: 1.279 | Precision@1: 53.880% (20276/37632)
Loss: 1.279 | Precision@1: 53.890% (20349/37760)
Loss: 1.279 | Precision@1: 53.914% (20427/37888)
Loss: 1.278 | Precision@1: 53.927% (20501/38016)
Loss: 1.278 | Precision@1: 53.943% (20576/38144)
Loss: 1.278 | Precision@1: 53.945% (20646/38272)
Loss: 1.278 | Precision@1: 53.956% (20719/38400)
Loss: 1.278 | Precision@1: 53.956% (20788/38528)
Loss: 1.278 | Precision@1: 53.950% (20855/38656)
Loss: 1.278 | Precision@1: 53.950% (20924/38784)
Loss: 1.278 | Precision@1: 53.986% (21007/38912)
Loss: 1.277 | Precision@1: 53.983% (21075/39040)
Loss: 1.277 | Precision@1: 53.985% (21145/39168)
Loss: 1.277 | Precision@1: 54.000% (21220/39296)
Loss: 1.276 | Precision@1: 54.023% (21298/39424)
Loss: 1.276 | Precision@1: 54.023% (21367/39552)
Loss: 1.275 | Precision@1: 54.060% (21451/39680)
Loss: 1.274 | Precision@1: 54.092% (21533/39808)
Loss: 1.275 | Precision@1: 54.079% (21597/39936)
Loss: 1.275 | Precision@1: 54.051% (21655/40064)
Loss: 1.275 | Precision@1: 54.063% (21729/40192)
Loss: 1.275 | Precision@1: 54.072% (21802/40320)
Loss: 1.274 | Precision@1: 54.116% (21889/40448)
Loss: 1.273 | Precision@1: 54.133% (21965/40576)
Loss: 1.273 | Precision@1: 54.164% (22047/40704)
Loss: 1.272 | Precision@1: 54.176% (22121/40832)
Loss: 1.272 | Precision@1: 54.192% (22197/40960)
Loss: 1.272 | Precision@1: 54.186% (22264/41088)
Loss: 1.272 | Precision@1: 54.185% (22333/41216)
Loss: 1.272 | Precision@1: 54.196% (22407/41344)
Loss: 1.271 | Precision@1: 54.212% (22483/41472)
Loss: 1.271 | Precision@1: 54.216% (22554/41600)
Loss: 1.271 | Precision@1: 54.213% (22622/41728)
Loss: 1.271 | Precision@1: 54.210% (22690/41856)
Loss: 1.271 | Precision@1: 54.209% (22759/41984)
Loss: 1.270 | Precision@1: 54.236% (22840/42112)
Loss: 1.270 | Precision@1: 54.266% (22922/42240)
Loss: 1.269 | Precision@1: 54.303% (23007/42368)
Loss: 1.269 | Precision@1: 54.309% (23079/42496)
Loss: 1.269 | Precision@1: 54.300% (23145/42624)
Loss: 1.269 | Precision@1: 54.320% (23223/42752)
Loss: 1.269 | Precision@1: 54.335% (23299/42880)
Loss: 1.268 | Precision@1: 54.362% (23380/43008)
Loss: 1.268 | Precision@1: 54.386% (23460/43136)
Loss: 1.267 | Precision@1: 54.410% (23540/43264)
Loss: 1.267 | Precision@1: 54.420% (23614/43392)
Loss: 1.266 | Precision@1: 54.442% (23693/43520)
Loss: 1.266 | Precision@1: 54.442% (23763/43648)
Loss: 1.265 | Precision@1: 54.464% (23842/43776)
Loss: 1.265 | Precision@1: 54.483% (23920/43904)
Loss: 1.265 | Precision@1: 54.490% (23993/44032)
Loss: 1.265 | Precision@1: 54.484% (24060/44160)
Loss: 1.265 | Precision@1: 54.491% (24133/44288)
Loss: 1.264 | Precision@1: 54.498% (24206/44416)
Loss: 1.264 | Precision@1: 54.512% (24282/44544)
Loss: 1.264 | Precision@1: 54.515% (24353/44672)
Loss: 1.264 | Precision@1: 54.516% (24423/44800)
Loss: 1.263 | Precision@1: 54.534% (24501/44928)
Loss: 1.263 | Precision@1: 54.539% (24573/45056)
Loss: 1.263 | Precision@1: 54.555% (24650/45184)
Loss: 1.262 | Precision@1: 54.573% (24728/45312)
Loss: 1.261 | Precision@1: 54.595% (24808/45440)
Loss: 1.262 | Precision@1: 54.589% (24875/45568)
Loss: 1.261 | Precision@1: 54.613% (24956/45696)
Loss: 1.260 | Precision@1: 54.642% (25039/45824)
Loss: 1.260 | Precision@1: 54.642% (25109/45952)
Loss: 1.260 | Precision@1: 54.661% (25188/46080)
Loss: 1.259 | Precision@1: 54.657% (25256/46208)
Loss: 1.259 | Precision@1: 54.666% (25330/46336)
Loss: 1.259 | Precision@1: 54.679% (25406/46464)
Loss: 1.260 | Precision@1: 54.642% (25459/46592)
Loss: 1.260 | Precision@1: 54.653% (25534/46720)
Loss: 1.259 | Precision@1: 54.673% (25613/46848)
Loss: 1.260 | Precision@1: 54.658% (25676/46976)
Loss: 1.259 | Precision@1: 54.671% (25752/47104)
Loss: 1.259 | Precision@1: 54.681% (25827/47232)
Loss: 1.258 | Precision@1: 54.700% (25906/47360)
Loss: 1.258 | Precision@1: 54.692% (25972/47488)
Loss: 1.258 | Precision@1: 54.723% (26057/47616)
Loss: 1.257 | Precision@1: 54.750% (26140/47744)
Loss: 1.257 | Precision@1: 54.744% (26207/47872)
Loss: 1.257 | Precision@1: 54.779% (26294/48000)
Loss: 1.256 | Precision@1: 54.793% (26371/48128)
Loss: 1.256 | Precision@1: 54.801% (26445/48256)
Loss: 1.255 | Precision@1: 54.814% (26521/48384)
Loss: 1.255 | Precision@1: 54.830% (26599/48512)
Loss: 1.255 | Precision@1: 54.829% (26669/48640)
Loss: 1.254 | Precision@1: 54.849% (26749/48768)
Loss: 1.254 | Precision@1: 54.851% (26820/48896)
Loss: 1.254 | Precision@1: 54.847% (26888/49024)
Loss: 1.254 | Precision@1: 54.850% (26960/49152)
Loss: 1.253 | Precision@1: 54.874% (27042/49280)
Loss: 1.253 | Precision@1: 54.888% (27119/49408)
Loss: 1.253 | Precision@1: 54.877% (27184/49536)
Loss: 1.253 | Precision@1: 54.877% (27254/49664)
Loss: 1.253 | Precision@1: 54.892% (27332/49792)
Loss: 1.252 | Precision@1: 54.912% (27412/49920)
Loss: 1.252 | Precision@1: 54.924% (27462/50000)

Aggregates: 			
 	 DataLoader Time: 0.3873 			
 	 Mini-batch Time: 12.3617 			
 	 Training Epoch Time: 30.2354
 			
 Averages: 			
 	 Training Loss: 1.2517

 Test set Averages: Loss: 1.246 | Precision@1: 54.520% (5452/10000)

Epoch: 3
Loss: 1.204 | Precision@1: 55.469% (71/128)
Loss: 1.123 | Precision@1: 59.766% (153/256)
Loss: 1.110 | Precision@1: 60.677% (233/384)
Loss: 1.137 | Precision@1: 59.570% (305/512)
Loss: 1.141 | Precision@1: 59.062% (378/640)
Loss: 1.146 | Precision@1: 58.984% (453/768)
Loss: 1.151 | Precision@1: 58.594% (525/896)
Loss: 1.136 | Precision@1: 58.691% (601/1024)
Loss: 1.131 | Precision@1: 58.854% (678/1152)
Loss: 1.131 | Precision@1: 58.984% (755/1280)
Loss: 1.117 | Precision@1: 59.375% (836/1408)
Loss: 1.116 | Precision@1: 59.440% (913/1536)
Loss: 1.115 | Precision@1: 59.255% (986/1664)
Loss: 1.113 | Precision@1: 59.710% (1070/1792)
Loss: 1.115 | Precision@1: 59.479% (1142/1920)
Loss: 1.103 | Precision@1: 59.912% (1227/2048)
Loss: 1.101 | Precision@1: 60.064% (1307/2176)
Loss: 1.099 | Precision@1: 60.373% (1391/2304)
Loss: 1.111 | Precision@1: 59.868% (1456/2432)
Loss: 1.117 | Precision@1: 59.922% (1534/2560)
Loss: 1.113 | Precision@1: 60.007% (1613/2688)
Loss: 1.111 | Precision@1: 60.121% (1693/2816)
Loss: 1.109 | Precision@1: 60.190% (1772/2944)
Loss: 1.108 | Precision@1: 60.286% (1852/3072)
Loss: 1.108 | Precision@1: 60.406% (1933/3200)
Loss: 1.107 | Precision@1: 60.246% (2005/3328)
Loss: 1.108 | Precision@1: 60.330% (2085/3456)
Loss: 1.114 | Precision@1: 60.073% (2153/3584)
Loss: 1.112 | Precision@1: 60.048% (2229/3712)
Loss: 1.111 | Precision@1: 60.234% (2313/3840)
Loss: 1.108 | Precision@1: 60.181% (2388/3968)
Loss: 1.111 | Precision@1: 60.181% (2465/4096)
Loss: 1.109 | Precision@1: 60.133% (2540/4224)
Loss: 1.110 | Precision@1: 59.995% (2611/4352)
Loss: 1.109 | Precision@1: 60.000% (2688/4480)
Loss: 1.110 | Precision@1: 59.939% (2762/4608)
Loss: 1.109 | Precision@1: 59.924% (2838/4736)
Loss: 1.111 | Precision@1: 59.889% (2913/4864)
Loss: 1.107 | Precision@1: 60.156% (3003/4992)
Loss: 1.108 | Precision@1: 60.117% (3078/5120)
Loss: 1.108 | Precision@1: 60.080% (3153/5248)
Loss: 1.107 | Precision@1: 60.100% (3231/5376)
Loss: 1.106 | Precision@1: 60.229% (3315/5504)
Loss: 1.107 | Precision@1: 60.121% (3386/5632)
Loss: 1.105 | Precision@1: 60.278% (3472/5760)
Loss: 1.108 | Precision@1: 60.071% (3537/5888)
Loss: 1.108 | Precision@1: 60.090% (3615/6016)
Loss: 1.105 | Precision@1: 60.124% (3694/6144)
Loss: 1.106 | Precision@1: 60.108% (3770/6272)
Loss: 1.106 | Precision@1: 60.062% (3844/6400)
Loss: 1.104 | Precision@1: 60.064% (3921/6528)
Loss: 1.107 | Precision@1: 59.871% (3985/6656)
Loss: 1.107 | Precision@1: 59.876% (4062/6784)
Loss: 1.110 | Precision@1: 59.795% (4133/6912)
Loss: 1.109 | Precision@1: 59.858% (4214/7040)
Loss: 1.108 | Precision@1: 59.891% (4293/7168)
Loss: 1.105 | Precision@1: 60.019% (4379/7296)
Loss: 1.104 | Precision@1: 60.062% (4459/7424)
Loss: 1.106 | Precision@1: 59.997% (4531/7552)
Loss: 1.105 | Precision@1: 59.974% (4606/7680)
Loss: 1.104 | Precision@1: 60.015% (4686/7808)
Loss: 1.103 | Precision@1: 60.043% (4765/7936)
Loss: 1.103 | Precision@1: 59.995% (4838/8064)
Loss: 1.102 | Precision@1: 60.022% (4917/8192)
Loss: 1.102 | Precision@1: 59.988% (4991/8320)
Loss: 1.101 | Precision@1: 59.979% (5067/8448)
Loss: 1.102 | Precision@1: 59.935% (5140/8576)
Loss: 1.101 | Precision@1: 59.984% (5221/8704)
Loss: 1.101 | Precision@1: 60.043% (5303/8832)
Loss: 1.099 | Precision@1: 60.134% (5388/8960)
Loss: 1.099 | Precision@1: 60.079% (5460/9088)
Loss: 1.097 | Precision@1: 60.189% (5547/9216)
Loss: 1.096 | Precision@1: 60.285% (5633/9344)
Loss: 1.096 | Precision@1: 60.346% (5716/9472)
Loss: 1.096 | Precision@1: 60.385% (5797/9600)
Loss: 1.094 | Precision@1: 60.475% (5883/9728)
Loss: 1.095 | Precision@1: 60.481% (5961/9856)
Loss: 1.096 | Precision@1: 60.467% (6037/9984)
Loss: 1.096 | Precision@1: 60.433% (6111/10112)
Loss: 1.094 | Precision@1: 60.498% (6195/10240)
Loss: 1.094 | Precision@1: 60.503% (6273/10368)
Loss: 1.094 | Precision@1: 60.509% (6351/10496)
Loss: 1.094 | Precision@1: 60.589% (6437/10624)
Loss: 1.094 | Precision@1: 60.640% (6520/10752)
Loss: 1.094 | Precision@1: 60.671% (6601/10880)
Loss: 1.095 | Precision@1: 60.610% (6672/11008)
Loss: 1.095 | Precision@1: 60.587% (6747/11136)
Loss: 1.093 | Precision@1: 60.671% (6834/11264)
Loss: 1.093 | Precision@1: 60.709% (6916/11392)
Loss: 1.092 | Precision@1: 60.764% (7000/11520)
Loss: 1.093 | Precision@1: 60.774% (7079/11648)
Loss: 1.094 | Precision@1: 60.793% (7159/11776)
Loss: 1.094 | Precision@1: 60.744% (7231/11904)
Loss: 1.094 | Precision@1: 60.780% (7313/12032)
Loss: 1.095 | Precision@1: 60.765% (7389/12160)
Loss: 1.093 | Precision@1: 60.758% (7466/12288)
Loss: 1.094 | Precision@1: 60.801% (7549/12416)
Loss: 1.094 | Precision@1: 60.770% (7623/12544)
Loss: 1.094 | Precision@1: 60.764% (7700/12672)
Loss: 1.093 | Precision@1: 60.766% (7778/12800)
Loss: 1.093 | Precision@1: 60.744% (7853/12928)
Loss: 1.094 | Precision@1: 60.754% (7932/13056)
Loss: 1.095 | Precision@1: 60.748% (8009/13184)
Loss: 1.094 | Precision@1: 60.765% (8089/13312)
Loss: 1.094 | Precision@1: 60.789% (8170/13440)
Loss: 1.096 | Precision@1: 60.731% (8240/13568)
Loss: 1.096 | Precision@1: 60.718% (8316/13696)
Loss: 1.097 | Precision@1: 60.677% (8388/13824)
Loss: 1.097 | Precision@1: 60.665% (8464/13952)
Loss: 1.096 | Precision@1: 60.717% (8549/14080)
Loss: 1.097 | Precision@1: 60.698% (8624/14208)
Loss: 1.098 | Precision@1: 60.638% (8693/14336)
Loss: 1.098 | Precision@1: 60.675% (8776/14464)
Loss: 1.097 | Precision@1: 60.657% (8851/14592)
Loss: 1.097 | Precision@1: 60.666% (8930/14720)
Loss: 1.097 | Precision@1: 60.655% (9006/14848)
Loss: 1.097 | Precision@1: 60.650% (9083/14976)
Loss: 1.097 | Precision@1: 60.706% (9169/15104)
Loss: 1.096 | Precision@1: 60.741% (9252/15232)
Loss: 1.095 | Precision@1: 60.775% (9335/15360)
Loss: 1.096 | Precision@1: 60.757% (9410/15488)
Loss: 1.095 | Precision@1: 60.777% (9491/15616)
Loss: 1.094 | Precision@1: 60.791% (9571/15744)
Loss: 1.095 | Precision@1: 60.755% (9643/15872)
Loss: 1.095 | Precision@1: 60.769% (9723/16000)
Loss: 1.096 | Precision@1: 60.739% (9796/16128)
Loss: 1.097 | Precision@1: 60.759% (9877/16256)
Loss: 1.097 | Precision@1: 60.779% (9958/16384)
Loss: 1.098 | Precision@1: 60.762% (10033/16512)
Loss: 1.097 | Precision@1: 60.781% (10114/16640)
Loss: 1.098 | Precision@1: 60.765% (10189/16768)
Loss: 1.099 | Precision@1: 60.724% (10260/16896)
Loss: 1.099 | Precision@1: 60.767% (10345/17024)
Loss: 1.098 | Precision@1: 60.757% (10421/17152)
Loss: 1.098 | Precision@1: 60.787% (10504/17280)
Loss: 1.098 | Precision@1: 60.765% (10578/17408)
Loss: 1.098 | Precision@1: 60.732% (10650/17536)
Loss: 1.099 | Precision@1: 60.700% (10722/17664)
Loss: 1.100 | Precision@1: 60.690% (10798/17792)
Loss: 1.100 | Precision@1: 60.703% (10878/17920)
Loss: 1.099 | Precision@1: 60.716% (10958/18048)
Loss: 1.099 | Precision@1: 60.739% (11040/18176)
Loss: 1.099 | Precision@1: 60.763% (11122/18304)
Loss: 1.099 | Precision@1: 60.710% (11190/18432)
Loss: 1.098 | Precision@1: 60.744% (11274/18560)
Loss: 1.098 | Precision@1: 60.745% (11352/18688)
Loss: 1.098 | Precision@1: 60.794% (11439/18816)
Loss: 1.098 | Precision@1: 60.790% (11516/18944)
Loss: 1.097 | Precision@1: 60.812% (11598/19072)
Loss: 1.098 | Precision@1: 60.823% (11678/19200)
Loss: 1.097 | Precision@1: 60.865% (11764/19328)
Loss: 1.096 | Precision@1: 60.881% (11845/19456)
Loss: 1.096 | Precision@1: 60.892% (11925/19584)
Loss: 1.096 | Precision@1: 60.897% (12004/19712)
Loss: 1.097 | Precision@1: 60.897% (12082/19840)
Loss: 1.096 | Precision@1: 60.948% (12170/19968)
Loss: 1.095 | Precision@1: 60.992% (12257/20096)
Loss: 1.094 | Precision@1: 61.022% (12341/20224)
Loss: 1.094 | Precision@1: 61.055% (12426/20352)
Loss: 1.094 | Precision@1: 61.055% (12504/20480)
Loss: 1.093 | Precision@1: 61.083% (12588/20608)
Loss: 1.092 | Precision@1: 61.111% (12672/20736)
Loss: 1.092 | Precision@1: 61.100% (12748/20864)
Loss: 1.091 | Precision@1: 61.152% (12837/20992)
Loss: 1.091 | Precision@1: 61.174% (12920/21120)
Loss: 1.090 | Precision@1: 61.201% (13004/21248)
Loss: 1.090 | Precision@1: 61.223% (13087/21376)
Loss: 1.091 | Precision@1: 61.221% (13165/21504)
Loss: 1.090 | Precision@1: 61.243% (13248/21632)
Loss: 1.089 | Precision@1: 61.268% (13332/21760)
Loss: 1.088 | Precision@1: 61.321% (13422/21888)
Loss: 1.089 | Precision@1: 61.278% (13491/22016)
Loss: 1.089 | Precision@1: 61.267% (13567/22144)
Loss: 1.090 | Precision@1: 61.238% (13639/22272)
Loss: 1.090 | Precision@1: 61.214% (13712/22400)
Loss: 1.090 | Precision@1: 61.208% (13789/22528)
Loss: 1.091 | Precision@1: 61.189% (13863/22656)
Loss: 1.090 | Precision@1: 61.183% (13940/22784)
Loss: 1.090 | Precision@1: 61.182% (14018/22912)
Loss: 1.090 | Precision@1: 61.168% (14093/23040)
Loss: 1.091 | Precision@1: 61.119% (14160/23168)
Loss: 1.090 | Precision@1: 61.152% (14246/23296)
Loss: 1.090 | Precision@1: 61.172% (14329/23424)
Loss: 1.089 | Precision@1: 61.201% (14414/23552)
Loss: 1.089 | Precision@1: 61.229% (14499/23680)
Loss: 1.089 | Precision@1: 61.248% (14582/23808)
Loss: 1.087 | Precision@1: 61.293% (14671/23936)
Loss: 1.087 | Precision@1: 61.274% (14745/24064)
Loss: 1.087 | Precision@1: 61.281% (14825/24192)
Loss: 1.086 | Precision@1: 61.316% (14912/24320)
Loss: 1.086 | Precision@1: 61.281% (14982/24448)
Loss: 1.085 | Precision@1: 61.340% (15075/24576)
Loss: 1.084 | Precision@1: 61.375% (15162/24704)
Loss: 1.083 | Precision@1: 61.401% (15247/24832)
Loss: 1.083 | Precision@1: 61.402% (15326/24960)
Loss: 1.082 | Precision@1: 61.432% (15412/25088)
Loss: 1.082 | Precision@1: 61.445% (15494/25216)
Loss: 1.082 | Precision@1: 61.450% (15574/25344)
Loss: 1.082 | Precision@1: 61.440% (15650/25472)
Loss: 1.082 | Precision@1: 61.438% (15728/25600)
Loss: 1.082 | Precision@1: 61.454% (15811/25728)
Loss: 1.081 | Precision@1: 61.444% (15887/25856)
Loss: 1.080 | Precision@1: 61.476% (15974/25984)
Loss: 1.079 | Precision@1: 61.531% (16067/26112)
Loss: 1.079 | Precision@1: 61.555% (16152/26240)
Loss: 1.079 | Precision@1: 61.544% (16228/26368)
Loss: 1.078 | Precision@1: 61.549% (16308/26496)
Loss: 1.077 | Precision@1: 61.599% (16400/26624)
Loss: 1.078 | Precision@1: 61.577% (16473/26752)
Loss: 1.077 | Precision@1: 61.596% (16557/26880)
Loss: 1.077 | Precision@1: 61.619% (16642/27008)
Loss: 1.077 | Precision@1: 61.623% (16722/27136)
Loss: 1.077 | Precision@1: 61.638% (16805/27264)
Loss: 1.077 | Precision@1: 61.635% (16883/27392)
Loss: 1.076 | Precision@1: 61.668% (16971/27520)
Loss: 1.075 | Precision@1: 61.686% (17055/27648)
Loss: 1.076 | Precision@1: 61.668% (17129/27776)
Loss: 1.076 | Precision@1: 61.690% (17214/27904)
Loss: 1.076 | Precision@1: 61.704% (17297/28032)
Loss: 1.076 | Precision@1: 61.697% (17374/28160)
Loss: 1.075 | Precision@1: 61.698% (17453/28288)
Loss: 1.074 | Precision@1: 61.736% (17543/28416)
Loss: 1.075 | Precision@1: 61.708% (17614/28544)
Loss: 1.075 | Precision@1: 61.708% (17693/28672)
Loss: 1.075 | Precision@1: 61.705% (17771/28800)
Loss: 1.074 | Precision@1: 61.726% (17856/28928)
Loss: 1.074 | Precision@1: 61.743% (17940/29056)
Loss: 1.073 | Precision@1: 61.774% (18028/29184)
Loss: 1.073 | Precision@1: 61.767% (18105/29312)
Loss: 1.073 | Precision@1: 61.797% (18193/29440)
Loss: 1.073 | Precision@1: 61.817% (18278/29568)
Loss: 1.072 | Precision@1: 61.880% (18376/29696)
Loss: 1.071 | Precision@1: 61.900% (18461/29824)
Loss: 1.071 | Precision@1: 61.892% (18538/29952)
Loss: 1.070 | Precision@1: 61.932% (18629/30080)
Loss: 1.070 | Precision@1: 61.960% (18717/30208)
Loss: 1.070 | Precision@1: 61.969% (18799/30336)
Loss: 1.070 | Precision@1: 61.972% (18879/30464)
Loss: 1.069 | Precision@1: 61.977% (18960/30592)
Loss: 1.068 | Precision@1: 62.002% (19047/30720)
Loss: 1.068 | Precision@1: 62.020% (19132/30848)
Loss: 1.068 | Precision@1: 62.032% (19215/30976)
Loss: 1.067 | Precision@1: 62.040% (19297/31104)
Loss: 1.068 | Precision@1: 62.029% (19373/31232)
Loss: 1.068 | Precision@1: 62.022% (19450/31360)
Loss: 1.068 | Precision@1: 62.043% (19536/31488)
Loss: 1.067 | Precision@1: 62.051% (19618/31616)
Loss: 1.067 | Precision@1: 62.046% (19696/31744)
Loss: 1.067 | Precision@1: 62.029% (19770/31872)
Loss: 1.068 | Precision@1: 62.028% (19849/32000)
Loss: 1.067 | Precision@1: 62.033% (19930/32128)
Loss: 1.067 | Precision@1: 62.069% (20021/32256)
Loss: 1.066 | Precision@1: 62.102% (20111/32384)
Loss: 1.066 | Precision@1: 62.122% (20197/32512)
Loss: 1.065 | Precision@1: 62.148% (20285/32640)
Loss: 1.065 | Precision@1: 62.143% (20363/32768)
Loss: 1.065 | Precision@1: 62.147% (20444/32896)
Loss: 1.065 | Precision@1: 62.158% (20527/33024)
Loss: 1.064 | Precision@1: 62.216% (20626/33152)
Loss: 1.064 | Precision@1: 62.227% (20709/33280)
Loss: 1.063 | Precision@1: 62.246% (20795/33408)
Loss: 1.062 | Precision@1: 62.279% (20886/33536)
Loss: 1.062 | Precision@1: 62.280% (20966/33664)
Loss: 1.062 | Precision@1: 62.293% (21050/33792)
Loss: 1.062 | Precision@1: 62.320% (21139/33920)
Loss: 1.062 | Precision@1: 62.315% (21217/34048)
Loss: 1.062 | Precision@1: 62.307% (21294/34176)
Loss: 1.062 | Precision@1: 62.319% (21378/34304)
Loss: 1.062 | Precision@1: 62.303% (21452/34432)
Loss: 1.062 | Precision@1: 62.309% (21534/34560)
Loss: 1.061 | Precision@1: 62.333% (21622/34688)
Loss: 1.062 | Precision@1: 62.345% (21706/34816)
Loss: 1.061 | Precision@1: 62.363% (21792/34944)
Loss: 1.062 | Precision@1: 62.343% (21865/35072)
Loss: 1.061 | Precision@1: 62.352% (21948/35200)
Loss: 1.061 | Precision@1: 62.358% (22030/35328)
Loss: 1.062 | Precision@1: 62.348% (22106/35456)
Loss: 1.061 | Precision@1: 62.359% (22190/35584)
Loss: 1.062 | Precision@1: 62.349% (22266/35712)
Loss: 1.062 | Precision@1: 62.344% (22344/35840)
Loss: 1.062 | Precision@1: 62.355% (22428/35968)
Loss: 1.062 | Precision@1: 62.378% (22516/36096)
Loss: 1.062 | Precision@1: 62.367% (22592/36224)
Loss: 1.062 | Precision@1: 62.382% (22677/36352)
Loss: 1.062 | Precision@1: 62.366% (22751/36480)
Loss: 1.062 | Precision@1: 62.361% (22829/36608)
Loss: 1.061 | Precision@1: 62.367% (22911/36736)
Loss: 1.061 | Precision@1: 62.370% (22992/36864)
Loss: 1.061 | Precision@1: 62.395% (23081/36992)
Loss: 1.060 | Precision@1: 62.414% (23168/37120)
Loss: 1.060 | Precision@1: 62.403% (23244/37248)
Loss: 1.060 | Precision@1: 62.380% (23315/37376)
Loss: 1.059 | Precision@1: 62.404% (23404/37504)
Loss: 1.059 | Precision@1: 62.423% (23491/37632)
Loss: 1.058 | Precision@1: 62.423% (23571/37760)
Loss: 1.058 | Precision@1: 62.442% (23658/37888)
Loss: 1.058 | Precision@1: 62.442% (23738/38016)
Loss: 1.058 | Precision@1: 62.434% (23815/38144)
Loss: 1.058 | Precision@1: 62.445% (23899/38272)
Loss: 1.057 | Precision@1: 62.453% (23982/38400)
Loss: 1.057 | Precision@1: 62.456% (24063/38528)
Loss: 1.056 | Precision@1: 62.492% (24157/38656)
Loss: 1.056 | Precision@1: 62.482% (24233/38784)
Loss: 1.056 | Precision@1: 62.505% (24322/38912)
Loss: 1.056 | Precision@1: 62.515% (24406/39040)
Loss: 1.055 | Precision@1: 62.541% (24496/39168)
Loss: 1.055 | Precision@1: 62.584% (24593/39296)
Loss: 1.055 | Precision@1: 62.584% (24673/39424)
Loss: 1.054 | Precision@1: 62.594% (24757/39552)
Loss: 1.054 | Precision@1: 62.601% (24840/39680)
Loss: 1.054 | Precision@1: 62.590% (24916/39808)
Loss: 1.054 | Precision@1: 62.598% (24999/39936)
Loss: 1.053 | Precision@1: 62.642% (25097/40064)
Loss: 1.053 | Precision@1: 62.657% (25183/40192)
Loss: 1.053 | Precision@1: 62.669% (25268/40320)
Loss: 1.053 | Precision@1: 62.653% (25342/40448)
Loss: 1.052 | Precision@1: 62.677% (25432/40576)
Loss: 1.052 | Precision@1: 62.684% (25515/40704)
Loss: 1.052 | Precision@1: 62.684% (25595/40832)
Loss: 1.052 | Precision@1: 62.700% (25682/40960)
Loss: 1.052 | Precision@1: 62.687% (25757/41088)
Loss: 1.052 | Precision@1: 62.672% (25831/41216)
Loss: 1.052 | Precision@1: 62.693% (25920/41344)
Loss: 1.052 | Precision@1: 62.688% (25998/41472)
Loss: 1.051 | Precision@1: 62.709% (26087/41600)
Loss: 1.050 | Precision@1: 62.737% (26179/41728)
Loss: 1.050 | Precision@1: 62.744% (26262/41856)
Loss: 1.050 | Precision@1: 62.752% (26346/41984)
Loss: 1.050 | Precision@1: 62.783% (26439/42112)
Loss: 1.049 | Precision@1: 62.801% (26527/42240)
Loss: 1.049 | Precision@1: 62.823% (26617/42368)
Loss: 1.049 | Precision@1: 62.841% (26705/42496)
Loss: 1.048 | Precision@1: 62.868% (26797/42624)
Loss: 1.048 | Precision@1: 62.870% (26878/42752)
Loss: 1.048 | Precision@1: 62.880% (26963/42880)
Loss: 1.047 | Precision@1: 62.907% (27055/43008)
Loss: 1.047 | Precision@1: 62.922% (27142/43136)
Loss: 1.047 | Precision@1: 62.907% (27216/43264)
Loss: 1.047 | Precision@1: 62.896% (27292/43392)
Loss: 1.047 | Precision@1: 62.902% (27375/43520)
Loss: 1.047 | Precision@1: 62.889% (27450/43648)
Loss: 1.047 | Precision@1: 62.900% (27535/43776)
Loss: 1.047 | Precision@1: 62.924% (27626/43904)
Loss: 1.047 | Precision@1: 62.952% (27719/44032)
Loss: 1.046 | Precision@1: 62.955% (27801/44160)
Loss: 1.046 | Precision@1: 62.949% (27879/44288)
Loss: 1.046 | Precision@1: 62.971% (27969/44416)
Loss: 1.045 | Precision@1: 62.992% (28059/44544)
Loss: 1.045 | Precision@1: 62.995% (28141/44672)
Loss: 1.045 | Precision@1: 63.004% (28226/44800)
Loss: 1.045 | Precision@1: 62.999% (28304/44928)
Loss: 1.045 | Precision@1: 62.979% (28376/45056)
Loss: 1.045 | Precision@1: 63.013% (28472/45184)
Loss: 1.044 | Precision@1: 63.014% (28553/45312)
Loss: 1.044 | Precision@1: 63.035% (28643/45440)
Loss: 1.044 | Precision@1: 63.040% (28726/45568)
Loss: 1.044 | Precision@1: 63.058% (28815/45696)
Loss: 1.044 | Precision@1: 63.061% (28897/45824)
Loss: 1.044 | Precision@1: 63.053% (28974/45952)
Loss: 1.044 | Precision@1: 63.049% (29053/46080)
Loss: 1.044 | Precision@1: 63.041% (29130/46208)
Loss: 1.043 | Precision@1: 63.052% (29216/46336)
Loss: 1.043 | Precision@1: 63.057% (29299/46464)
Loss: 1.043 | Precision@1: 63.069% (29385/46592)
Loss: 1.043 | Precision@1: 63.086% (29474/46720)
Loss: 1.043 | Precision@1: 63.072% (29548/46848)
Loss: 1.043 | Precision@1: 63.068% (29627/46976)
Loss: 1.042 | Precision@1: 63.067% (29707/47104)
Loss: 1.042 | Precision@1: 63.082% (29795/47232)
Loss: 1.042 | Precision@1: 63.066% (29868/47360)
Loss: 1.042 | Precision@1: 63.090% (29960/47488)
Loss: 1.041 | Precision@1: 63.109% (30050/47616)
Loss: 1.042 | Precision@1: 63.099% (30126/47744)
Loss: 1.041 | Precision@1: 63.110% (30212/47872)
Loss: 1.041 | Precision@1: 63.117% (30296/48000)
Loss: 1.040 | Precision@1: 63.163% (30399/48128)
Loss: 1.040 | Precision@1: 63.184% (30490/48256)
Loss: 1.039 | Precision@1: 63.199% (30578/48384)
Loss: 1.039 | Precision@1: 63.211% (30665/48512)
Loss: 1.039 | Precision@1: 63.226% (30753/48640)
Loss: 1.039 | Precision@1: 63.220% (30831/48768)
Loss: 1.039 | Precision@1: 63.228% (30916/48896)
Loss: 1.039 | Precision@1: 63.224% (30995/49024)
Loss: 1.039 | Precision@1: 63.234% (31081/49152)
Loss: 1.039 | Precision@1: 63.231% (31160/49280)
Loss: 1.039 | Precision@1: 63.221% (31236/49408)
Loss: 1.039 | Precision@1: 63.229% (31321/49536)
Loss: 1.039 | Precision@1: 63.237% (31406/49664)
Loss: 1.039 | Precision@1: 63.229% (31483/49792)
Loss: 1.039 | Precision@1: 63.217% (31558/49920)
Loss: 1.039 | Precision@1: 63.230% (31615/50000)

Aggregates: 			
 	 DataLoader Time: 0.4229 			
 	 Mini-batch Time: 12.2400 			
 	 Training Epoch Time: 30.1334
 			
 Averages: 			
 	 Training Loss: 1.0388

 Test set Averages: Loss: 1.139 | Precision@1: 60.550% (6055/10000)

Epoch: 4
Loss: 1.074 | Precision@1: 64.844% (83/128)
Loss: 1.011 | Precision@1: 64.844% (166/256)
Loss: 0.987 | Precision@1: 65.104% (250/384)
Loss: 0.971 | Precision@1: 66.016% (338/512)
Loss: 0.951 | Precision@1: 66.719% (427/640)
Loss: 0.943 | Precision@1: 67.188% (516/768)
Loss: 0.947 | Precision@1: 66.853% (599/896)
Loss: 0.935 | Precision@1: 67.676% (693/1024)
Loss: 0.937 | Precision@1: 67.448% (777/1152)
Loss: 0.926 | Precision@1: 67.266% (861/1280)
Loss: 0.928 | Precision@1: 67.401% (949/1408)
Loss: 0.937 | Precision@1: 67.448% (1036/1536)
Loss: 0.944 | Precision@1: 67.127% (1117/1664)
Loss: 0.943 | Precision@1: 66.908% (1199/1792)
Loss: 0.938 | Precision@1: 67.083% (1288/1920)
Loss: 0.943 | Precision@1: 66.748% (1367/2048)
Loss: 0.951 | Precision@1: 66.452% (1446/2176)
Loss: 0.952 | Precision@1: 66.363% (1529/2304)
Loss: 0.956 | Precision@1: 66.077% (1607/2432)
Loss: 0.955 | Precision@1: 66.172% (1694/2560)
Loss: 0.957 | Precision@1: 66.146% (1778/2688)
Loss: 0.957 | Precision@1: 65.980% (1858/2816)
Loss: 0.951 | Precision@1: 66.101% (1946/2944)
Loss: 0.960 | Precision@1: 65.853% (2023/3072)
Loss: 0.957 | Precision@1: 65.844% (2107/3200)
Loss: 0.961 | Precision@1: 65.685% (2186/3328)
Loss: 0.967 | Precision@1: 65.625% (2268/3456)
Loss: 0.967 | Precision@1: 65.569% (2350/3584)
Loss: 0.966 | Precision@1: 65.867% (2445/3712)
Loss: 0.964 | Precision@1: 65.859% (2529/3840)
Loss: 0.962 | Precision@1: 65.852% (2613/3968)
Loss: 0.961 | Precision@1: 65.991% (2703/4096)
Loss: 0.962 | Precision@1: 65.956% (2786/4224)
Loss: 0.965 | Precision@1: 65.901% (2868/4352)
Loss: 0.964 | Precision@1: 66.049% (2959/4480)
Loss: 0.962 | Precision@1: 66.081% (3045/4608)
Loss: 0.961 | Precision@1: 66.195% (3135/4736)
Loss: 0.957 | Precision@1: 66.262% (3223/4864)
Loss: 0.957 | Precision@1: 66.306% (3310/4992)
Loss: 0.957 | Precision@1: 66.152% (3387/5120)
Loss: 0.955 | Precision@1: 66.197% (3474/5248)
Loss: 0.956 | Precision@1: 66.109% (3554/5376)
Loss: 0.952 | Precision@1: 66.406% (3655/5504)
Loss: 0.950 | Precision@1: 66.531% (3747/5632)
Loss: 0.949 | Precision@1: 66.510% (3831/5760)
Loss: 0.945 | Precision@1: 66.610% (3922/5888)
Loss: 0.943 | Precision@1: 66.722% (4014/6016)
Loss: 0.941 | Precision@1: 66.764% (4102/6144)
Loss: 0.937 | Precision@1: 66.837% (4192/6272)
Loss: 0.935 | Precision@1: 66.906% (4282/6400)
Loss: 0.935 | Precision@1: 66.973% (4372/6528)
Loss: 0.935 | Precision@1: 66.902% (4453/6656)
Loss: 0.937 | Precision@1: 66.745% (4528/6784)
Loss: 0.937 | Precision@1: 66.797% (4617/6912)
Loss: 0.936 | Precision@1: 66.790% (4702/7040)
Loss: 0.933 | Precision@1: 66.839% (4791/7168)
Loss: 0.934 | Precision@1: 66.859% (4878/7296)
Loss: 0.931 | Precision@1: 66.891% (4966/7424)
Loss: 0.933 | Precision@1: 66.856% (5049/7552)
Loss: 0.932 | Precision@1: 66.953% (5142/7680)
Loss: 0.935 | Precision@1: 66.919% (5225/7808)
Loss: 0.934 | Precision@1: 66.935% (5312/7936)
Loss: 0.930 | Precision@1: 67.063% (5408/8064)
Loss: 0.929 | Precision@1: 67.102% (5497/8192)
Loss: 0.926 | Precision@1: 67.200% (5591/8320)
Loss: 0.928 | Precision@1: 67.116% (5670/8448)
Loss: 0.928 | Precision@1: 67.106% (5755/8576)
Loss: 0.927 | Precision@1: 67.119% (5842/8704)
Loss: 0.928 | Precision@1: 67.063% (5923/8832)
Loss: 0.930 | Precision@1: 66.987% (6002/8960)
Loss: 0.928 | Precision@1: 67.077% (6096/9088)
Loss: 0.928 | Precision@1: 67.101% (6184/9216)
Loss: 0.927 | Precision@1: 67.145% (6274/9344)
Loss: 0.927 | Precision@1: 67.177% (6363/9472)
Loss: 0.926 | Precision@1: 67.229% (6454/9600)
Loss: 0.925 | Precision@1: 67.208% (6538/9728)
Loss: 0.924 | Precision@1: 67.228% (6626/9856)
Loss: 0.927 | Precision@1: 67.067% (6696/9984)
Loss: 0.926 | Precision@1: 67.098% (6785/10112)
Loss: 0.927 | Precision@1: 67.051% (6866/10240)
Loss: 0.925 | Precision@1: 67.168% (6964/10368)
Loss: 0.924 | Precision@1: 67.178% (7051/10496)
Loss: 0.923 | Precision@1: 67.159% (7135/10624)
Loss: 0.922 | Precision@1: 67.215% (7227/10752)
Loss: 0.922 | Precision@1: 67.252% (7317/10880)
Loss: 0.923 | Precision@1: 67.224% (7400/11008)
Loss: 0.923 | Precision@1: 67.223% (7486/11136)
Loss: 0.923 | Precision@1: 67.214% (7571/11264)
Loss: 0.922 | Precision@1: 67.223% (7658/11392)
Loss: 0.923 | Precision@1: 67.214% (7743/11520)
Loss: 0.923 | Precision@1: 67.256% (7834/11648)
Loss: 0.926 | Precision@1: 67.204% (7914/11776)
Loss: 0.925 | Precision@1: 67.204% (8000/11904)
Loss: 0.926 | Precision@1: 67.129% (8077/12032)
Loss: 0.927 | Precision@1: 67.056% (8154/12160)
Loss: 0.925 | Precision@1: 67.155% (8252/12288)
Loss: 0.925 | Precision@1: 67.163% (8339/12416)
Loss: 0.926 | Precision@1: 67.148% (8423/12544)
Loss: 0.926 | Precision@1: 67.148% (8509/12672)
Loss: 0.926 | Precision@1: 67.141% (8594/12800)
Loss: 0.927 | Precision@1: 67.157% (8682/12928)
Loss: 0.926 | Precision@1: 67.218% (8776/13056)
Loss: 0.925 | Precision@1: 67.301% (8873/13184)
Loss: 0.926 | Precision@1: 67.270% (8955/13312)
Loss: 0.926 | Precision@1: 67.262% (9040/13440)
Loss: 0.927 | Precision@1: 67.195% (9117/13568)
Loss: 0.928 | Precision@1: 67.158% (9198/13696)
Loss: 0.928 | Precision@1: 67.151% (9283/13824)
Loss: 0.927 | Precision@1: 67.195% (9375/13952)
Loss: 0.926 | Precision@1: 67.223% (9465/14080)
Loss: 0.926 | Precision@1: 67.237% (9553/14208)
Loss: 0.926 | Precision@1: 67.271% (9644/14336)
Loss: 0.926 | Precision@1: 67.257% (9728/14464)
Loss: 0.925 | Precision@1: 67.290% (9819/14592)
Loss: 0.927 | Precision@1: 67.262% (9901/14720)
Loss: 0.927 | Precision@1: 67.201% (9978/14848)
Loss: 0.926 | Precision@1: 67.214% (10066/14976)
Loss: 0.926 | Precision@1: 67.227% (10154/15104)
Loss: 0.926 | Precision@1: 67.214% (10238/15232)
Loss: 0.925 | Precision@1: 67.259% (10331/15360)
Loss: 0.925 | Precision@1: 67.278% (10420/15488)
Loss: 0.925 | Precision@1: 67.303% (10510/15616)
Loss: 0.924 | Precision@1: 67.334% (10601/15744)
Loss: 0.924 | Precision@1: 67.358% (10691/15872)
Loss: 0.924 | Precision@1: 67.344% (10775/16000)
Loss: 0.925 | Precision@1: 67.312% (10856/16128)
Loss: 0.925 | Precision@1: 67.347% (10948/16256)
Loss: 0.924 | Precision@1: 67.365% (11037/16384)
Loss: 0.924 | Precision@1: 67.381% (11126/16512)
Loss: 0.924 | Precision@1: 67.350% (11207/16640)
Loss: 0.925 | Precision@1: 67.360% (11295/16768)
Loss: 0.927 | Precision@1: 67.264% (11365/16896)
Loss: 0.928 | Precision@1: 67.270% (11452/17024)
Loss: 0.929 | Precision@1: 67.257% (11536/17152)
Loss: 0.928 | Precision@1: 67.269% (11624/17280)
Loss: 0.928 | Precision@1: 67.268% (11710/17408)
Loss: 0.928 | Precision@1: 67.273% (11797/17536)
Loss: 0.929 | Precision@1: 67.261% (11881/17664)
Loss: 0.928 | Precision@1: 67.306% (11975/17792)
Loss: 0.928 | Precision@1: 67.316% (12063/17920)
Loss: 0.928 | Precision@1: 67.348% (12155/18048)
Loss: 0.928 | Precision@1: 67.325% (12237/18176)
Loss: 0.929 | Precision@1: 67.297% (12318/18304)
Loss: 0.928 | Precision@1: 67.339% (12412/18432)
Loss: 0.927 | Precision@1: 67.381% (12506/18560)
Loss: 0.927 | Precision@1: 67.407% (12597/18688)
Loss: 0.927 | Precision@1: 67.416% (12685/18816)
Loss: 0.926 | Precision@1: 67.420% (12772/18944)
Loss: 0.925 | Precision@1: 67.423% (12859/19072)
Loss: 0.926 | Precision@1: 67.417% (12944/19200)
Loss: 0.925 | Precision@1: 67.436% (13034/19328)
Loss: 0.925 | Precision@1: 67.444% (13122/19456)
Loss: 0.925 | Precision@1: 67.453% (13210/19584)
Loss: 0.924 | Precision@1: 67.497% (13305/19712)
Loss: 0.923 | Precision@1: 67.525% (13397/19840)
Loss: 0.923 | Precision@1: 67.538% (13486/19968)
Loss: 0.923 | Precision@1: 67.541% (13573/20096)
Loss: 0.922 | Precision@1: 67.544% (13660/20224)
Loss: 0.922 | Precision@1: 67.546% (13747/20352)
Loss: 0.923 | Precision@1: 67.534% (13831/20480)
Loss: 0.922 | Precision@1: 67.566% (13924/20608)
Loss: 0.922 | Precision@1: 67.559% (14009/20736)
Loss: 0.922 | Precision@1: 67.552% (14094/20864)
Loss: 0.921 | Precision@1: 67.602% (14191/20992)
Loss: 0.921 | Precision@1: 67.614% (14280/21120)
Loss: 0.921 | Precision@1: 67.592% (14362/21248)
Loss: 0.920 | Precision@1: 67.594% (14449/21376)
Loss: 0.921 | Precision@1: 67.569% (14530/21504)
Loss: 0.921 | Precision@1: 67.562% (14615/21632)
Loss: 0.921 | Precision@1: 67.537% (14696/21760)
Loss: 0.920 | Precision@1: 67.562% (14788/21888)
Loss: 0.920 | Precision@1: 67.578% (14878/22016)
Loss: 0.920 | Precision@1: 67.549% (14958/22144)
Loss: 0.921 | Precision@1: 67.529% (15040/22272)
Loss: 0.921 | Precision@1: 67.527% (15126/22400)
Loss: 0.922 | Precision@1: 67.538% (15215/22528)
Loss: 0.922 | Precision@1: 67.576% (15310/22656)
Loss: 0.921 | Precision@1: 67.552% (15391/22784)
Loss: 0.921 | Precision@1: 67.550% (15477/22912)
Loss: 0.922 | Precision@1: 67.556% (15565/23040)
Loss: 0.922 | Precision@1: 67.567% (15654/23168)
Loss: 0.921 | Precision@1: 67.582% (15744/23296)
Loss: 0.920 | Precision@1: 67.610% (15837/23424)
Loss: 0.921 | Precision@1: 67.595% (15920/23552)
Loss: 0.921 | Precision@1: 67.593% (16006/23680)
Loss: 0.920 | Precision@1: 67.612% (16097/23808)
Loss: 0.919 | Precision@1: 67.647% (16192/23936)
Loss: 0.918 | Precision@1: 67.665% (16283/24064)
Loss: 0.918 | Precision@1: 67.675% (16372/24192)
Loss: 0.918 | Precision@1: 67.673% (16458/24320)
Loss: 0.917 | Precision@1: 67.703% (16552/24448)
Loss: 0.916 | Precision@1: 67.692% (16636/24576)
Loss: 0.917 | Precision@1: 67.677% (16719/24704)
Loss: 0.916 | Precision@1: 67.695% (16810/24832)
Loss: 0.916 | Precision@1: 67.712% (16901/24960)
Loss: 0.915 | Precision@1: 67.690% (16982/25088)
Loss: 0.915 | Precision@1: 67.707% (17073/25216)
Loss: 0.914 | Precision@1: 67.736% (17167/25344)
Loss: 0.914 | Precision@1: 67.745% (17256/25472)
Loss: 0.914 | Precision@1: 67.738% (17341/25600)
Loss: 0.914 | Precision@1: 67.755% (17432/25728)
Loss: 0.913 | Precision@1: 67.783% (17526/25856)
Loss: 0.912 | Precision@1: 67.792% (17615/25984)
Loss: 0.912 | Precision@1: 67.816% (17708/26112)
Loss: 0.913 | Precision@1: 67.793% (17789/26240)
Loss: 0.913 | Precision@1: 67.756% (17866/26368)
Loss: 0.912 | Precision@1: 67.772% (17957/26496)
Loss: 0.912 | Precision@1: 67.796% (18050/26624)
Loss: 0.913 | Precision@1: 67.759% (18127/26752)
Loss: 0.912 | Precision@1: 67.775% (18218/26880)
Loss: 0.912 | Precision@1: 67.761% (18301/27008)
Loss: 0.912 | Precision@1: 67.755% (18386/27136)
Loss: 0.913 | Precision@1: 67.741% (18469/27264)
Loss: 0.913 | Precision@1: 67.717% (18549/27392)
Loss: 0.912 | Precision@1: 67.736% (18641/27520)
Loss: 0.912 | Precision@1: 67.737% (18728/27648)
Loss: 0.913 | Precision@1: 67.720% (18810/27776)
Loss: 0.913 | Precision@1: 67.707% (18893/27904)
Loss: 0.913 | Precision@1: 67.708% (18980/28032)
Loss: 0.912 | Precision@1: 67.720% (19070/28160)
Loss: 0.912 | Precision@1: 67.774% (19172/28288)
Loss: 0.911 | Precision@1: 67.779% (19260/28416)
Loss: 0.912 | Precision@1: 67.780% (19347/28544)
Loss: 0.912 | Precision@1: 67.794% (19438/28672)
Loss: 0.912 | Precision@1: 67.781% (19521/28800)
Loss: 0.912 | Precision@1: 67.765% (19603/28928)
Loss: 0.912 | Precision@1: 67.766% (19690/29056)
Loss: 0.912 | Precision@1: 67.763% (19776/29184)
Loss: 0.913 | Precision@1: 67.737% (19855/29312)
Loss: 0.912 | Precision@1: 67.745% (19944/29440)
Loss: 0.912 | Precision@1: 67.762% (20036/29568)
Loss: 0.912 | Precision@1: 67.730% (20113/29696)
Loss: 0.913 | Precision@1: 67.687% (20187/29824)
Loss: 0.913 | Precision@1: 67.695% (20276/29952)
Loss: 0.913 | Precision@1: 67.689% (20361/30080)
Loss: 0.912 | Precision@1: 67.724% (20458/30208)
Loss: 0.912 | Precision@1: 67.725% (20545/30336)
Loss: 0.912 | Precision@1: 67.729% (20633/30464)
Loss: 0.912 | Precision@1: 67.733% (20721/30592)
Loss: 0.912 | Precision@1: 67.744% (20811/30720)
Loss: 0.912 | Precision@1: 67.745% (20898/30848)
Loss: 0.911 | Precision@1: 67.778% (20995/30976)
Loss: 0.911 | Precision@1: 67.782% (21083/31104)
Loss: 0.911 | Precision@1: 67.770% (21166/31232)
Loss: 0.912 | Precision@1: 67.758% (21249/31360)
Loss: 0.912 | Precision@1: 67.740% (21330/31488)
Loss: 0.912 | Precision@1: 67.735% (21415/31616)
Loss: 0.912 | Precision@1: 67.739% (21503/31744)
Loss: 0.912 | Precision@1: 67.721% (21584/31872)
Loss: 0.912 | Precision@1: 67.731% (21674/32000)
Loss: 0.911 | Precision@1: 67.745% (21765/32128)
Loss: 0.911 | Precision@1: 67.736% (21849/32256)
Loss: 0.910 | Precision@1: 67.765% (21945/32384)
Loss: 0.910 | Precision@1: 67.790% (22040/32512)
Loss: 0.909 | Precision@1: 67.809% (22133/32640)
Loss: 0.909 | Precision@1: 67.828% (22226/32768)
Loss: 0.909 | Precision@1: 67.832% (22314/32896)
Loss: 0.909 | Precision@1: 67.836% (22402/33024)
Loss: 0.910 | Precision@1: 67.827% (22486/33152)
Loss: 0.910 | Precision@1: 67.812% (22568/33280)
Loss: 0.911 | Precision@1: 67.813% (22655/33408)
Loss: 0.910 | Precision@1: 67.838% (22750/33536)
Loss: 0.911 | Precision@1: 67.835% (22836/33664)
Loss: 0.910 | Precision@1: 67.830% (22921/33792)
Loss: 0.910 | Precision@1: 67.836% (23010/33920)
Loss: 0.910 | Precision@1: 67.848% (23101/34048)
Loss: 0.910 | Precision@1: 67.855% (23190/34176)
Loss: 0.910 | Precision@1: 67.864% (23280/34304)
Loss: 0.909 | Precision@1: 67.870% (23369/34432)
Loss: 0.909 | Precision@1: 67.870% (23456/34560)
Loss: 0.909 | Precision@1: 67.882% (23547/34688)
Loss: 0.909 | Precision@1: 67.862% (23627/34816)
Loss: 0.909 | Precision@1: 67.891% (23724/34944)
Loss: 0.908 | Precision@1: 67.906% (23816/35072)
Loss: 0.908 | Precision@1: 67.929% (23911/35200)
Loss: 0.908 | Precision@1: 67.921% (23995/35328)
Loss: 0.908 | Precision@1: 67.918% (24081/35456)
Loss: 0.908 | Precision@1: 67.896% (24160/35584)
Loss: 0.908 | Precision@1: 67.916% (24254/35712)
Loss: 0.908 | Precision@1: 67.916% (24341/35840)
Loss: 0.908 | Precision@1: 67.899% (24422/35968)
Loss: 0.908 | Precision@1: 67.886% (24504/36096)
Loss: 0.908 | Precision@1: 67.894% (24594/36224)
Loss: 0.907 | Precision@1: 67.903% (24684/36352)
Loss: 0.907 | Precision@1: 67.917% (24776/36480)
Loss: 0.907 | Precision@1: 67.941% (24872/36608)
Loss: 0.907 | Precision@1: 67.952% (24963/36736)
Loss: 0.906 | Precision@1: 67.999% (25067/36864)
Loss: 0.906 | Precision@1: 67.988% (25150/36992)
Loss: 0.905 | Precision@1: 68.012% (25246/37120)
Loss: 0.905 | Precision@1: 68.020% (25336/37248)
Loss: 0.905 | Precision@1: 68.028% (25426/37376)
Loss: 0.905 | Precision@1: 68.038% (25517/37504)
Loss: 0.905 | Precision@1: 68.056% (25611/37632)
Loss: 0.904 | Precision@1: 68.077% (25706/37760)
Loss: 0.904 | Precision@1: 68.074% (25792/37888)
Loss: 0.904 | Precision@1: 68.082% (25882/38016)
Loss: 0.904 | Precision@1: 68.089% (25972/38144)
Loss: 0.904 | Precision@1: 68.094% (26061/38272)
Loss: 0.904 | Precision@1: 68.086% (26145/38400)
Loss: 0.904 | Precision@1: 68.088% (26233/38528)
Loss: 0.904 | Precision@1: 68.101% (26325/38656)
Loss: 0.903 | Precision@1: 68.103% (26413/38784)
Loss: 0.903 | Precision@1: 68.095% (26497/38912)
Loss: 0.903 | Precision@1: 68.110% (26590/39040)
Loss: 0.902 | Precision@1: 68.109% (26677/39168)
Loss: 0.902 | Precision@1: 68.109% (26764/39296)
Loss: 0.902 | Precision@1: 68.108% (26851/39424)
Loss: 0.902 | Precision@1: 68.095% (26933/39552)
Loss: 0.902 | Precision@1: 68.117% (27029/39680)
Loss: 0.902 | Precision@1: 68.104% (27111/39808)
Loss: 0.902 | Precision@1: 68.116% (27203/39936)
Loss: 0.901 | Precision@1: 68.124% (27293/40064)
Loss: 0.902 | Precision@1: 68.123% (27380/40192)
Loss: 0.902 | Precision@1: 68.118% (27465/40320)
Loss: 0.902 | Precision@1: 68.125% (27555/40448)
Loss: 0.901 | Precision@1: 68.149% (27652/40576)
Loss: 0.901 | Precision@1: 68.160% (27744/40704)
Loss: 0.901 | Precision@1: 68.165% (27833/40832)
Loss: 0.901 | Precision@1: 68.159% (27918/40960)
Loss: 0.901 | Precision@1: 68.154% (28003/41088)
Loss: 0.901 | Precision@1: 68.175% (28099/41216)
Loss: 0.901 | Precision@1: 68.172% (28185/41344)
Loss: 0.900 | Precision@1: 68.191% (28280/41472)
Loss: 0.900 | Precision@1: 68.188% (28366/41600)
Loss: 0.900 | Precision@1: 68.201% (28459/41728)
Loss: 0.900 | Precision@1: 68.208% (28549/41856)
Loss: 0.900 | Precision@1: 68.205% (28635/41984)
Loss: 0.899 | Precision@1: 68.204% (28722/42112)
Loss: 0.899 | Precision@1: 68.201% (28808/42240)
Loss: 0.899 | Precision@1: 68.226% (28906/42368)
Loss: 0.899 | Precision@1: 68.225% (28993/42496)
Loss: 0.898 | Precision@1: 68.224% (29080/42624)
Loss: 0.897 | Precision@1: 68.259% (29182/42752)
Loss: 0.897 | Precision@1: 68.258% (29269/42880)
Loss: 0.897 | Precision@1: 68.271% (29362/43008)
Loss: 0.896 | Precision@1: 68.296% (29460/43136)
Loss: 0.896 | Precision@1: 68.297% (29548/43264)
Loss: 0.896 | Precision@1: 68.308% (29640/43392)
Loss: 0.896 | Precision@1: 68.313% (29730/43520)
Loss: 0.896 | Precision@1: 68.338% (29828/43648)
Loss: 0.896 | Precision@1: 68.334% (29914/43776)
Loss: 0.895 | Precision@1: 68.356% (30011/43904)
Loss: 0.895 | Precision@1: 68.357% (30099/44032)
Loss: 0.895 | Precision@1: 68.349% (30183/44160)
Loss: 0.895 | Precision@1: 68.366% (30278/44288)
Loss: 0.895 | Precision@1: 68.370% (30367/44416)
Loss: 0.894 | Precision@1: 68.373% (30456/44544)
Loss: 0.894 | Precision@1: 68.376% (30545/44672)
Loss: 0.894 | Precision@1: 68.382% (30635/44800)
Loss: 0.894 | Precision@1: 68.378% (30721/44928)
Loss: 0.893 | Precision@1: 68.386% (30812/45056)
Loss: 0.893 | Precision@1: 68.391% (30902/45184)
Loss: 0.893 | Precision@1: 68.395% (30991/45312)
Loss: 0.893 | Precision@1: 68.389% (31076/45440)
Loss: 0.893 | Precision@1: 68.401% (31169/45568)
Loss: 0.892 | Precision@1: 68.424% (31267/45696)
Loss: 0.892 | Precision@1: 68.416% (31351/45824)
Loss: 0.892 | Precision@1: 68.424% (31442/45952)
Loss: 0.892 | Precision@1: 68.420% (31528/46080)
Loss: 0.892 | Precision@1: 68.441% (31625/46208)
Loss: 0.892 | Precision@1: 68.441% (31713/46336)
Loss: 0.892 | Precision@1: 68.423% (31792/46464)
Loss: 0.892 | Precision@1: 68.430% (31883/46592)
Loss: 0.892 | Precision@1: 68.448% (31979/46720)
Loss: 0.892 | Precision@1: 68.436% (32061/46848)
Loss: 0.891 | Precision@1: 68.446% (32153/46976)
Loss: 0.891 | Precision@1: 68.451% (32243/47104)
Loss: 0.891 | Precision@1: 68.458% (32334/47232)
Loss: 0.890 | Precision@1: 68.469% (32427/47360)
Loss: 0.890 | Precision@1: 68.489% (32524/47488)
Loss: 0.890 | Precision@1: 68.511% (32622/47616)
Loss: 0.890 | Precision@1: 68.515% (32712/47744)
Loss: 0.890 | Precision@1: 68.524% (32804/47872)
Loss: 0.890 | Precision@1: 68.535% (32897/48000)
Loss: 0.890 | Precision@1: 68.534% (32984/48128)
Loss: 0.890 | Precision@1: 68.532% (33071/48256)
Loss: 0.890 | Precision@1: 68.531% (33158/48384)
Loss: 0.889 | Precision@1: 68.534% (33247/48512)
Loss: 0.890 | Precision@1: 68.528% (33332/48640)
Loss: 0.889 | Precision@1: 68.541% (33426/48768)
Loss: 0.889 | Precision@1: 68.543% (33515/48896)
Loss: 0.889 | Precision@1: 68.566% (33614/49024)
Loss: 0.889 | Precision@1: 68.581% (33709/49152)
Loss: 0.889 | Precision@1: 68.588% (33800/49280)
Loss: 0.888 | Precision@1: 68.592% (33890/49408)
Loss: 0.888 | Precision@1: 68.605% (33984/49536)
Loss: 0.888 | Precision@1: 68.581% (34060/49664)
Loss: 0.888 | Precision@1: 68.583% (34149/49792)
Loss: 0.888 | Precision@1: 68.600% (34245/49920)
Loss: 0.887 | Precision@1: 68.614% (34307/50000)

Aggregates: 			
 	 DataLoader Time: 0.3907 			
 	 Mini-batch Time: 12.2816 			
 	 Training Epoch Time: 30.1791
 			
 Averages: 			
 	 Training Loss: 0.8875

 Test set Averages: Loss: 0.913 | Precision@1: 69.030% (6903/10000)
Average dataloader time is 0.40
