model name	: Intel(R) Xeon(R) CPU E5-2650 0 @ 2.00GHz
Sun Oct 27 17:30:00 2019       
+-----------------------------------------------------------------------------+
| NVIDIA-SMI 418.74       Driver Version: 418.74       CUDA Version: 10.1     |
|-------------------------------+----------------------+----------------------+
| GPU  Name        Persistence-M| Bus-Id        Disp.A | Volatile Uncorr. ECC |
| Fan  Temp  Perf  Pwr:Usage/Cap|         Memory-Usage | GPU-Util  Compute M. |
|===============================+======================+======================|
|   0  GeForce GTX TIT...  On   | 00000000:02:00.0 Off |                  N/A |
| 26%   43C    P2    93W / 250W |    383MiB /  6083MiB |      3%      Default |
+-------------------------------+----------------------+----------------------+
                                                                               
+-----------------------------------------------------------------------------+
| Processes:                                                       GPU Memory |
|  GPU       PID   Type   Process name                             Usage      |
|=============================================================================|
|    0       873      C   python3                                      370MiB |
+-----------------------------------------------------------------------------+
Files already downloaded and verified
Files already downloaded and verified

Epoch: 0
Loss: 2.472 | Precision@1: 8.594% (11/128)
Loss: 2.597 | Precision@1: 13.281% (34/256)
Loss: 3.149 | Precision@1: 11.198% (43/384)
Loss: 3.793 | Precision@1: 11.523% (59/512)
Loss: 4.113 | Precision@1: 12.188% (78/640)
Loss: 4.236 | Precision@1: 12.500% (96/768)
Loss: 4.311 | Precision@1: 12.277% (110/896)
Loss: 4.314 | Precision@1: 13.281% (136/1024)
Loss: 4.498 | Precision@1: 12.760% (147/1152)
Loss: 4.493 | Precision@1: 12.969% (166/1280)
Loss: 4.424 | Precision@1: 12.926% (182/1408)
Loss: 4.277 | Precision@1: 13.086% (201/1536)
Loss: 4.346 | Precision@1: 12.921% (215/1664)
Loss: 4.509 | Precision@1: 12.779% (229/1792)
Loss: 4.569 | Precision@1: 12.448% (239/1920)
Loss: 4.519 | Precision@1: 12.402% (254/2048)
Loss: 4.518 | Precision@1: 12.546% (273/2176)
Loss: 4.423 | Precision@1: 12.804% (295/2304)
Loss: 4.373 | Precision@1: 12.747% (310/2432)
Loss: 4.312 | Precision@1: 12.773% (327/2560)
Loss: 4.251 | Precision@1: 12.798% (344/2688)
Loss: 4.177 | Precision@1: 12.536% (353/2816)
Loss: 4.108 | Precision@1: 12.602% (371/2944)
Loss: 4.046 | Precision@1: 12.370% (380/3072)
Loss: 3.979 | Precision@1: 12.375% (396/3200)
Loss: 3.920 | Precision@1: 12.380% (412/3328)
Loss: 3.874 | Precision@1: 12.297% (425/3456)
Loss: 3.822 | Precision@1: 12.137% (435/3584)
Loss: 3.771 | Precision@1: 12.042% (447/3712)
Loss: 3.728 | Precision@1: 12.057% (463/3840)
Loss: 3.693 | Precision@1: 12.072% (479/3968)
Loss: 3.652 | Precision@1: 12.109% (496/4096)
Loss: 3.615 | Precision@1: 12.027% (508/4224)
Loss: 3.578 | Precision@1: 12.017% (523/4352)
Loss: 3.544 | Precision@1: 12.031% (539/4480)
Loss: 3.515 | Precision@1: 11.979% (552/4608)
Loss: 3.482 | Precision@1: 11.930% (565/4736)
Loss: 3.452 | Precision@1: 12.048% (586/4864)
Loss: 3.424 | Precision@1: 11.919% (595/4992)
Loss: 3.392 | Precision@1: 12.090% (619/5120)
Loss: 3.362 | Precision@1: 12.290% (645/5248)
Loss: 3.332 | Precision@1: 12.407% (667/5376)
Loss: 3.307 | Precision@1: 12.518% (689/5504)
Loss: 3.283 | Precision@1: 12.553% (707/5632)
Loss: 3.264 | Precision@1: 12.622% (727/5760)
Loss: 3.246 | Precision@1: 12.806% (754/5888)
Loss: 3.224 | Precision@1: 12.932% (778/6016)
Loss: 3.202 | Precision@1: 13.151% (808/6144)
Loss: 3.185 | Precision@1: 13.249% (831/6272)
Loss: 3.165 | Precision@1: 13.344% (854/6400)
Loss: 3.148 | Precision@1: 13.266% (866/6528)
Loss: 3.126 | Precision@1: 13.386% (891/6656)
Loss: 3.107 | Precision@1: 13.443% (912/6784)
Loss: 3.091 | Precision@1: 13.614% (941/6912)
Loss: 3.075 | Precision@1: 13.750% (968/7040)
Loss: 3.058 | Precision@1: 13.839% (992/7168)
Loss: 3.043 | Precision@1: 13.912% (1015/7296)
Loss: 3.028 | Precision@1: 13.941% (1035/7424)
Loss: 3.012 | Precision@1: 13.957% (1054/7552)
Loss: 2.996 | Precision@1: 14.089% (1082/7680)
Loss: 2.981 | Precision@1: 14.165% (1106/7808)
Loss: 2.968 | Precision@1: 14.214% (1128/7936)
Loss: 2.956 | Precision@1: 14.224% (1147/8064)
Loss: 2.943 | Precision@1: 14.343% (1175/8192)
Loss: 2.929 | Precision@1: 14.399% (1198/8320)
Loss: 2.916 | Precision@1: 14.571% (1231/8448)
Loss: 2.904 | Precision@1: 14.646% (1256/8576)
Loss: 2.892 | Precision@1: 14.729% (1282/8704)
Loss: 2.880 | Precision@1: 14.832% (1310/8832)
Loss: 2.868 | Precision@1: 14.967% (1341/8960)
Loss: 2.857 | Precision@1: 15.075% (1370/9088)
Loss: 2.848 | Precision@1: 15.126% (1394/9216)
Loss: 2.837 | Precision@1: 15.218% (1422/9344)
Loss: 2.829 | Precision@1: 15.266% (1446/9472)
Loss: 2.818 | Precision@1: 15.448% (1483/9600)
Loss: 2.809 | Precision@1: 15.481% (1506/9728)
Loss: 2.799 | Precision@1: 15.615% (1539/9856)
Loss: 2.789 | Precision@1: 15.805% (1578/9984)
Loss: 2.779 | Precision@1: 15.882% (1606/10112)
Loss: 2.772 | Precision@1: 15.869% (1625/10240)
Loss: 2.763 | Precision@1: 15.924% (1651/10368)
Loss: 2.756 | Precision@1: 15.978% (1677/10496)
Loss: 2.746 | Precision@1: 16.067% (1707/10624)
Loss: 2.740 | Precision@1: 16.146% (1736/10752)
Loss: 2.732 | Precision@1: 16.278% (1771/10880)
Loss: 2.724 | Precision@1: 16.443% (1810/11008)
Loss: 2.715 | Precision@1: 16.604% (1849/11136)
Loss: 2.707 | Precision@1: 16.664% (1877/11264)
Loss: 2.700 | Precision@1: 16.696% (1902/11392)
Loss: 2.691 | Precision@1: 16.780% (1933/11520)
Loss: 2.684 | Precision@1: 16.810% (1958/11648)
Loss: 2.677 | Precision@1: 16.907% (1991/11776)
Loss: 2.670 | Precision@1: 16.994% (2023/11904)
Loss: 2.664 | Precision@1: 17.096% (2057/12032)
Loss: 2.655 | Precision@1: 17.253% (2098/12160)
Loss: 2.647 | Precision@1: 17.342% (2131/12288)
Loss: 2.640 | Precision@1: 17.461% (2168/12416)
Loss: 2.634 | Precision@1: 17.522% (2198/12544)
Loss: 2.627 | Precision@1: 17.629% (2234/12672)
Loss: 2.621 | Precision@1: 17.688% (2264/12800)
Loss: 2.614 | Precision@1: 17.822% (2304/12928)
Loss: 2.609 | Precision@1: 17.907% (2338/13056)
Loss: 2.602 | Precision@1: 18.045% (2379/13184)
Loss: 2.596 | Precision@1: 18.059% (2404/13312)
Loss: 2.590 | Precision@1: 18.132% (2437/13440)
Loss: 2.585 | Precision@1: 18.256% (2477/13568)
Loss: 2.579 | Precision@1: 18.407% (2521/13696)
Loss: 2.574 | Precision@1: 18.475% (2554/13824)
Loss: 2.570 | Precision@1: 18.535% (2586/13952)
Loss: 2.565 | Precision@1: 18.580% (2616/14080)
Loss: 2.559 | Precision@1: 18.659% (2651/14208)
Loss: 2.554 | Precision@1: 18.750% (2688/14336)
Loss: 2.550 | Precision@1: 18.819% (2722/14464)
Loss: 2.545 | Precision@1: 18.887% (2756/14592)
Loss: 2.540 | Precision@1: 18.927% (2786/14720)
Loss: 2.535 | Precision@1: 18.945% (2813/14848)
Loss: 2.530 | Precision@1: 19.037% (2851/14976)
Loss: 2.525 | Precision@1: 19.141% (2891/15104)
Loss: 2.519 | Precision@1: 19.210% (2926/15232)
Loss: 2.515 | Precision@1: 19.290% (2963/15360)
Loss: 2.510 | Precision@1: 19.370% (3000/15488)
Loss: 2.505 | Precision@1: 19.416% (3032/15616)
Loss: 2.500 | Precision@1: 19.519% (3073/15744)
Loss: 2.494 | Precision@1: 19.626% (3115/15872)
Loss: 2.490 | Precision@1: 19.669% (3147/16000)
Loss: 2.486 | Precision@1: 19.705% (3178/16128)
Loss: 2.482 | Precision@1: 19.771% (3214/16256)
Loss: 2.479 | Precision@1: 19.800% (3244/16384)
Loss: 2.474 | Precision@1: 19.858% (3279/16512)
Loss: 2.469 | Precision@1: 19.940% (3318/16640)
Loss: 2.465 | Precision@1: 19.973% (3349/16768)
Loss: 2.462 | Precision@1: 20.022% (3383/16896)
Loss: 2.457 | Precision@1: 20.095% (3421/17024)
Loss: 2.453 | Precision@1: 20.161% (3458/17152)
Loss: 2.449 | Precision@1: 20.231% (3496/17280)
Loss: 2.444 | Precision@1: 20.301% (3534/17408)
Loss: 2.440 | Precision@1: 20.404% (3578/17536)
Loss: 2.436 | Precision@1: 20.465% (3615/17664)
Loss: 2.433 | Precision@1: 20.532% (3653/17792)
Loss: 2.429 | Precision@1: 20.603% (3692/17920)
Loss: 2.425 | Precision@1: 20.689% (3734/18048)
Loss: 2.421 | Precision@1: 20.742% (3770/18176)
Loss: 2.418 | Precision@1: 20.804% (3808/18304)
Loss: 2.414 | Precision@1: 20.893% (3851/18432)
Loss: 2.410 | Precision@1: 20.932% (3885/18560)
Loss: 2.407 | Precision@1: 20.955% (3916/18688)
Loss: 2.404 | Precision@1: 20.987% (3949/18816)
Loss: 2.401 | Precision@1: 21.067% (3991/18944)
Loss: 2.398 | Precision@1: 21.099% (4024/19072)
Loss: 2.394 | Precision@1: 21.130% (4057/19200)
Loss: 2.390 | Precision@1: 21.192% (4096/19328)
Loss: 2.387 | Precision@1: 21.217% (4128/19456)
Loss: 2.384 | Precision@1: 21.232% (4158/19584)
Loss: 2.381 | Precision@1: 21.292% (4197/19712)
Loss: 2.378 | Precision@1: 21.331% (4232/19840)
Loss: 2.374 | Precision@1: 21.379% (4269/19968)
Loss: 2.372 | Precision@1: 21.417% (4304/20096)
Loss: 2.369 | Precision@1: 21.455% (4339/20224)
Loss: 2.366 | Precision@1: 21.502% (4376/20352)
Loss: 2.364 | Precision@1: 21.523% (4408/20480)
Loss: 2.361 | Precision@1: 21.608% (4453/20608)
Loss: 2.357 | Precision@1: 21.716% (4503/20736)
Loss: 2.355 | Precision@1: 21.726% (4533/20864)
Loss: 2.353 | Precision@1: 21.756% (4567/20992)
Loss: 2.349 | Precision@1: 21.823% (4609/21120)
Loss: 2.346 | Precision@1: 21.889% (4651/21248)
Loss: 2.343 | Precision@1: 21.945% (4691/21376)
Loss: 2.340 | Precision@1: 21.987% (4728/21504)
Loss: 2.338 | Precision@1: 21.963% (4751/21632)
Loss: 2.336 | Precision@1: 22.027% (4793/21760)
Loss: 2.333 | Precision@1: 22.067% (4830/21888)
Loss: 2.330 | Precision@1: 22.125% (4871/22016)
Loss: 2.327 | Precision@1: 22.200% (4916/22144)
Loss: 2.324 | Precision@1: 22.275% (4961/22272)
Loss: 2.321 | Precision@1: 22.321% (5000/22400)
Loss: 2.321 | Precision@1: 22.297% (5023/22528)
Loss: 2.319 | Precision@1: 22.312% (5055/22656)
Loss: 2.316 | Precision@1: 22.371% (5097/22784)
Loss: 2.313 | Precision@1: 22.429% (5139/22912)
Loss: 2.310 | Precision@1: 22.513% (5187/23040)
Loss: 2.308 | Precision@1: 22.592% (5234/23168)
Loss: 2.305 | Precision@1: 22.613% (5268/23296)
Loss: 2.303 | Precision@1: 22.643% (5304/23424)
Loss: 2.300 | Precision@1: 22.665% (5338/23552)
Loss: 2.298 | Precision@1: 22.682% (5371/23680)
Loss: 2.296 | Precision@1: 22.702% (5405/23808)
Loss: 2.293 | Precision@1: 22.757% (5447/23936)
Loss: 2.290 | Precision@1: 22.827% (5493/24064)
Loss: 2.288 | Precision@1: 22.879% (5535/24192)
Loss: 2.285 | Precision@1: 22.924% (5575/24320)
Loss: 2.283 | Precision@1: 22.967% (5615/24448)
Loss: 2.281 | Precision@1: 23.035% (5661/24576)
Loss: 2.278 | Precision@1: 23.065% (5698/24704)
Loss: 2.276 | Precision@1: 23.087% (5733/24832)
Loss: 2.274 | Precision@1: 23.133% (5774/24960)
Loss: 2.272 | Precision@1: 23.186% (5817/25088)
Loss: 2.270 | Precision@1: 23.227% (5857/25216)
Loss: 2.267 | Precision@1: 23.303% (5906/25344)
Loss: 2.264 | Precision@1: 23.402% (5961/25472)
Loss: 2.262 | Precision@1: 23.457% (6005/25600)
Loss: 2.259 | Precision@1: 23.507% (6048/25728)
Loss: 2.257 | Precision@1: 23.530% (6084/25856)
Loss: 2.255 | Precision@1: 23.568% (6124/25984)
Loss: 2.253 | Precision@1: 23.617% (6167/26112)
Loss: 2.252 | Precision@1: 23.628% (6200/26240)
Loss: 2.249 | Precision@1: 23.673% (6242/26368)
Loss: 2.247 | Precision@1: 23.728% (6287/26496)
Loss: 2.245 | Precision@1: 23.783% (6332/26624)
Loss: 2.242 | Precision@1: 23.823% (6373/26752)
Loss: 2.240 | Precision@1: 23.873% (6417/26880)
Loss: 2.238 | Precision@1: 23.915% (6459/27008)
Loss: 2.236 | Precision@1: 23.976% (6506/27136)
Loss: 2.234 | Precision@1: 24.013% (6547/27264)
Loss: 2.232 | Precision@1: 24.069% (6593/27392)
Loss: 2.229 | Precision@1: 24.153% (6647/27520)
Loss: 2.227 | Precision@1: 24.204% (6692/27648)
Loss: 2.224 | Precision@1: 24.276% (6743/27776)
Loss: 2.222 | Precision@1: 24.333% (6790/27904)
Loss: 2.220 | Precision@1: 24.369% (6831/28032)
Loss: 2.218 | Precision@1: 24.407% (6873/28160)
Loss: 2.216 | Precision@1: 24.441% (6914/28288)
Loss: 2.214 | Precision@1: 24.476% (6955/28416)
Loss: 2.212 | Precision@1: 24.569% (7013/28544)
Loss: 2.210 | Precision@1: 24.602% (7054/28672)
Loss: 2.208 | Precision@1: 24.642% (7097/28800)
Loss: 2.206 | Precision@1: 24.672% (7137/28928)
Loss: 2.204 | Precision@1: 24.721% (7183/29056)
Loss: 2.202 | Precision@1: 24.774% (7230/29184)
Loss: 2.200 | Precision@1: 24.809% (7272/29312)
Loss: 2.197 | Precision@1: 24.868% (7321/29440)
Loss: 2.196 | Precision@1: 24.875% (7355/29568)
Loss: 2.194 | Precision@1: 24.916% (7399/29696)
Loss: 2.193 | Precision@1: 24.966% (7446/29824)
Loss: 2.191 | Precision@1: 24.987% (7484/29952)
Loss: 2.190 | Precision@1: 25.010% (7523/30080)
Loss: 2.188 | Precision@1: 25.030% (7561/30208)
Loss: 2.186 | Precision@1: 25.082% (7609/30336)
Loss: 2.184 | Precision@1: 25.138% (7658/30464)
Loss: 2.182 | Precision@1: 25.173% (7701/30592)
Loss: 2.180 | Precision@1: 25.218% (7747/30720)
Loss: 2.179 | Precision@1: 25.259% (7792/30848)
Loss: 2.177 | Precision@1: 25.313% (7841/30976)
Loss: 2.176 | Precision@1: 25.325% (7877/31104)
Loss: 2.174 | Precision@1: 25.368% (7923/31232)
Loss: 2.172 | Precision@1: 25.418% (7971/31360)
Loss: 2.170 | Precision@1: 25.460% (8017/31488)
Loss: 2.169 | Precision@1: 25.478% (8055/31616)
Loss: 2.167 | Precision@1: 25.548% (8110/31744)
Loss: 2.165 | Precision@1: 25.571% (8150/31872)
Loss: 2.163 | Precision@1: 25.603% (8193/32000)
Loss: 2.162 | Precision@1: 25.613% (8229/32128)
Loss: 2.160 | Precision@1: 25.651% (8274/32256)
Loss: 2.158 | Precision@1: 25.710% (8326/32384)
Loss: 2.157 | Precision@1: 25.757% (8374/32512)
Loss: 2.155 | Precision@1: 25.809% (8424/32640)
Loss: 2.153 | Precision@1: 25.818% (8460/32768)
Loss: 2.151 | Precision@1: 25.872% (8511/32896)
Loss: 2.149 | Precision@1: 25.924% (8561/33024)
Loss: 2.148 | Precision@1: 25.995% (8618/33152)
Loss: 2.146 | Precision@1: 26.028% (8662/33280)
Loss: 2.144 | Precision@1: 26.066% (8708/33408)
Loss: 2.143 | Precision@1: 26.085% (8748/33536)
Loss: 2.142 | Precision@1: 26.123% (8794/33664)
Loss: 2.140 | Precision@1: 26.136% (8832/33792)
Loss: 2.138 | Precision@1: 26.170% (8877/33920)
Loss: 2.137 | Precision@1: 26.198% (8920/34048)
Loss: 2.136 | Precision@1: 26.249% (8971/34176)
Loss: 2.134 | Precision@1: 26.286% (9017/34304)
Loss: 2.133 | Precision@1: 26.324% (9064/34432)
Loss: 2.132 | Precision@1: 26.334% (9101/34560)
Loss: 2.130 | Precision@1: 26.378% (9150/34688)
Loss: 2.129 | Precision@1: 26.387% (9187/34816)
Loss: 2.128 | Precision@1: 26.431% (9236/34944)
Loss: 2.127 | Precision@1: 26.451% (9277/35072)
Loss: 2.125 | Precision@1: 26.472% (9318/35200)
Loss: 2.125 | Precision@1: 26.475% (9353/35328)
Loss: 2.123 | Precision@1: 26.517% (9402/35456)
Loss: 2.121 | Precision@1: 26.546% (9446/35584)
Loss: 2.120 | Precision@1: 26.591% (9496/35712)
Loss: 2.119 | Precision@1: 26.613% (9538/35840)
Loss: 2.117 | Precision@1: 26.657% (9588/35968)
Loss: 2.116 | Precision@1: 26.682% (9631/36096)
Loss: 2.114 | Precision@1: 26.695% (9670/36224)
Loss: 2.113 | Precision@1: 26.741% (9721/36352)
Loss: 2.111 | Precision@1: 26.760% (9762/36480)
Loss: 2.110 | Precision@1: 26.803% (9812/36608)
Loss: 2.109 | Precision@1: 26.835% (9858/36736)
Loss: 2.108 | Precision@1: 26.885% (9911/36864)
Loss: 2.106 | Precision@1: 26.936% (9964/36992)
Loss: 2.104 | Precision@1: 26.967% (10010/37120)
Loss: 2.103 | Precision@1: 27.008% (10060/37248)
Loss: 2.102 | Precision@1: 27.025% (10101/37376)
Loss: 2.101 | Precision@1: 27.066% (10151/37504)
Loss: 2.100 | Precision@1: 27.067% (10186/37632)
Loss: 2.099 | Precision@1: 27.090% (10229/37760)
Loss: 2.098 | Precision@1: 27.098% (10267/37888)
Loss: 2.097 | Precision@1: 27.112% (10307/38016)
Loss: 2.095 | Precision@1: 27.139% (10352/38144)
Loss: 2.094 | Precision@1: 27.158% (10394/38272)
Loss: 2.093 | Precision@1: 27.193% (10442/38400)
Loss: 2.091 | Precision@1: 27.263% (10504/38528)
Loss: 2.090 | Precision@1: 27.297% (10552/38656)
Loss: 2.088 | Precision@1: 27.339% (10603/38784)
Loss: 2.087 | Precision@1: 27.377% (10653/38912)
Loss: 2.086 | Precision@1: 27.405% (10699/39040)
Loss: 2.084 | Precision@1: 27.433% (10745/39168)
Loss: 2.083 | Precision@1: 27.456% (10789/39296)
Loss: 2.081 | Precision@1: 27.509% (10845/39424)
Loss: 2.080 | Precision@1: 27.551% (10897/39552)
Loss: 2.078 | Precision@1: 27.571% (10940/39680)
Loss: 2.077 | Precision@1: 27.600% (10987/39808)
Loss: 2.076 | Precision@1: 27.637% (11037/39936)
Loss: 2.075 | Precision@1: 27.638% (11073/40064)
Loss: 2.074 | Precision@1: 27.642% (11110/40192)
Loss: 2.073 | Precision@1: 27.659% (11152/40320)
Loss: 2.071 | Precision@1: 27.720% (11212/40448)
Loss: 2.070 | Precision@1: 27.745% (11258/40576)
Loss: 2.069 | Precision@1: 27.766% (11302/40704)
Loss: 2.068 | Precision@1: 27.777% (11342/40832)
Loss: 2.066 | Precision@1: 27.817% (11394/40960)
Loss: 2.065 | Precision@1: 27.848% (11442/41088)
Loss: 2.064 | Precision@1: 27.887% (11494/41216)
Loss: 2.063 | Precision@1: 27.919% (11543/41344)
Loss: 2.062 | Precision@1: 27.925% (11581/41472)
Loss: 2.061 | Precision@1: 27.950% (11627/41600)
Loss: 2.060 | Precision@1: 27.986% (11678/41728)
Loss: 2.058 | Precision@1: 28.008% (11723/41856)
Loss: 2.057 | Precision@1: 28.042% (11773/41984)
Loss: 2.056 | Precision@1: 28.075% (11823/42112)
Loss: 2.055 | Precision@1: 28.087% (11864/42240)
Loss: 2.054 | Precision@1: 28.116% (11912/42368)
Loss: 2.052 | Precision@1: 28.146% (11961/42496)
Loss: 2.051 | Precision@1: 28.170% (12007/42624)
Loss: 2.050 | Precision@1: 28.200% (12056/42752)
Loss: 2.049 | Precision@1: 28.228% (12104/42880)
Loss: 2.047 | Precision@1: 28.260% (12154/43008)
Loss: 2.046 | Precision@1: 28.287% (12202/43136)
Loss: 2.045 | Precision@1: 28.324% (12254/43264)
Loss: 2.043 | Precision@1: 28.346% (12300/43392)
Loss: 2.042 | Precision@1: 28.380% (12351/43520)
Loss: 2.041 | Precision@1: 28.427% (12408/43648)
Loss: 2.040 | Precision@1: 28.463% (12460/43776)
Loss: 2.039 | Precision@1: 28.483% (12505/43904)
Loss: 2.038 | Precision@1: 28.497% (12548/44032)
Loss: 2.037 | Precision@1: 28.514% (12592/44160)
Loss: 2.036 | Precision@1: 28.552% (12645/44288)
Loss: 2.035 | Precision@1: 28.584% (12696/44416)
Loss: 2.033 | Precision@1: 28.646% (12760/44544)
Loss: 2.031 | Precision@1: 28.698% (12820/44672)
Loss: 2.030 | Precision@1: 28.723% (12868/44800)
Loss: 2.029 | Precision@1: 28.757% (12920/44928)
Loss: 2.027 | Precision@1: 28.784% (12969/45056)
Loss: 2.026 | Precision@1: 28.833% (13028/45184)
Loss: 2.025 | Precision@1: 28.844% (13070/45312)
Loss: 2.024 | Precision@1: 28.886% (13126/45440)
Loss: 2.023 | Precision@1: 28.913% (13175/45568)
Loss: 2.022 | Precision@1: 28.928% (13219/45696)
Loss: 2.021 | Precision@1: 28.948% (13265/45824)
Loss: 2.021 | Precision@1: 28.952% (13304/45952)
Loss: 2.020 | Precision@1: 28.965% (13347/46080)
Loss: 2.018 | Precision@1: 28.999% (13400/46208)
Loss: 2.017 | Precision@1: 29.003% (13439/46336)
Loss: 2.016 | Precision@1: 29.040% (13493/46464)
Loss: 2.015 | Precision@1: 29.059% (13539/46592)
Loss: 2.014 | Precision@1: 29.095% (13593/46720)
Loss: 2.013 | Precision@1: 29.120% (13642/46848)
Loss: 2.012 | Precision@1: 29.132% (13685/46976)
Loss: 2.011 | Precision@1: 29.153% (13732/47104)
Loss: 2.011 | Precision@1: 29.158% (13772/47232)
Loss: 2.010 | Precision@1: 29.200% (13829/47360)
Loss: 2.008 | Precision@1: 29.231% (13881/47488)
Loss: 2.008 | Precision@1: 29.249% (13927/47616)
Loss: 2.007 | Precision@1: 29.271% (13975/47744)
Loss: 2.006 | Precision@1: 29.266% (14010/47872)
Loss: 2.005 | Precision@1: 29.285% (14057/48000)
Loss: 2.004 | Precision@1: 29.313% (14108/48128)
Loss: 2.003 | Precision@1: 29.323% (14150/48256)
Loss: 2.002 | Precision@1: 29.357% (14204/48384)
Loss: 2.002 | Precision@1: 29.370% (14248/48512)
Loss: 2.001 | Precision@1: 29.398% (14299/48640)
Loss: 2.000 | Precision@1: 29.433% (14354/48768)
Loss: 1.998 | Precision@1: 29.463% (14406/48896)
Loss: 1.997 | Precision@1: 29.488% (14456/49024)
Loss: 1.996 | Precision@1: 29.519% (14509/49152)
Loss: 1.995 | Precision@1: 29.541% (14558/49280)
Loss: 1.994 | Precision@1: 29.554% (14602/49408)
Loss: 1.993 | Precision@1: 29.585% (14655/49536)
Loss: 1.992 | Precision@1: 29.615% (14708/49664)
Loss: 1.991 | Precision@1: 29.655% (14766/49792)
Loss: 1.990 | Precision@1: 29.673% (14813/49920)
Loss: 1.989 | Precision@1: 29.692% (14846/50000)

Aggregates: 			
 	 DataLoader Time: 0.6650 			
 	 Mini-batch Time:130.0460 			
 	 Training Epoch Time:130.0810
 			
 Averages: 			
 	 Training Loss: 1.9892

 Test set Averages: Loss: 1.565 | Precision@1: 41.480% (4148/10000)

Epoch: 1
Loss: 1.480 | Precision@1: 44.531% (57/128)
Loss: 1.502 | Precision@1: 44.531% (114/256)
Loss: 1.483 | Precision@1: 44.271% (170/384)
Loss: 1.538 | Precision@1: 43.555% (223/512)
Loss: 1.550 | Precision@1: 42.969% (275/640)
Loss: 1.568 | Precision@1: 42.057% (323/768)
Loss: 1.583 | Precision@1: 41.406% (371/896)
Loss: 1.582 | Precision@1: 41.309% (423/1024)
Loss: 1.592 | Precision@1: 41.493% (478/1152)
Loss: 1.607 | Precision@1: 41.250% (528/1280)
Loss: 1.610 | Precision@1: 40.909% (576/1408)
Loss: 1.613 | Precision@1: 40.365% (620/1536)
Loss: 1.617 | Precision@1: 40.505% (674/1664)
Loss: 1.617 | Precision@1: 40.290% (722/1792)
Loss: 1.616 | Precision@1: 40.260% (773/1920)
Loss: 1.625 | Precision@1: 39.746% (814/2048)
Loss: 1.627 | Precision@1: 39.246% (854/2176)
Loss: 1.618 | Precision@1: 39.844% (918/2304)
Loss: 1.611 | Precision@1: 40.090% (975/2432)
Loss: 1.612 | Precision@1: 39.961% (1023/2560)
Loss: 1.606 | Precision@1: 40.216% (1081/2688)
Loss: 1.610 | Precision@1: 40.057% (1128/2816)
Loss: 1.608 | Precision@1: 40.217% (1184/2944)
Loss: 1.607 | Precision@1: 40.430% (1242/3072)
Loss: 1.602 | Precision@1: 40.281% (1289/3200)
Loss: 1.599 | Precision@1: 40.505% (1348/3328)
Loss: 1.596 | Precision@1: 40.422% (1397/3456)
Loss: 1.597 | Precision@1: 40.290% (1444/3584)
Loss: 1.602 | Precision@1: 40.086% (1488/3712)
Loss: 1.600 | Precision@1: 40.052% (1538/3840)
Loss: 1.596 | Precision@1: 40.247% (1597/3968)
Loss: 1.593 | Precision@1: 40.381% (1654/4096)
Loss: 1.592 | Precision@1: 40.412% (1707/4224)
Loss: 1.598 | Precision@1: 40.119% (1746/4352)
Loss: 1.599 | Precision@1: 40.268% (1804/4480)
Loss: 1.596 | Precision@1: 40.408% (1862/4608)
Loss: 1.595 | Precision@1: 40.287% (1908/4736)
Loss: 1.595 | Precision@1: 40.173% (1954/4864)
Loss: 1.593 | Precision@1: 40.425% (2018/4992)
Loss: 1.594 | Precision@1: 40.391% (2068/5120)
Loss: 1.597 | Precision@1: 40.187% (2109/5248)
Loss: 1.598 | Precision@1: 40.272% (2165/5376)
Loss: 1.597 | Precision@1: 40.389% (2223/5504)
Loss: 1.595 | Precision@1: 40.359% (2273/5632)
Loss: 1.596 | Precision@1: 40.521% (2334/5760)
Loss: 1.596 | Precision@1: 40.557% (2388/5888)
Loss: 1.591 | Precision@1: 40.691% (2448/6016)
Loss: 1.588 | Precision@1: 40.641% (2497/6144)
Loss: 1.586 | Precision@1: 40.753% (2556/6272)
Loss: 1.587 | Precision@1: 40.672% (2603/6400)
Loss: 1.587 | Precision@1: 40.717% (2658/6528)
Loss: 1.587 | Precision@1: 40.685% (2708/6656)
Loss: 1.587 | Precision@1: 40.596% (2754/6784)
Loss: 1.589 | Precision@1: 40.668% (2811/6912)
Loss: 1.588 | Precision@1: 40.668% (2863/7040)
Loss: 1.588 | Precision@1: 40.639% (2913/7168)
Loss: 1.588 | Precision@1: 40.611% (2963/7296)
Loss: 1.585 | Precision@1: 40.760% (3026/7424)
Loss: 1.584 | Precision@1: 40.824% (3083/7552)
Loss: 1.585 | Precision@1: 40.820% (3135/7680)
Loss: 1.585 | Precision@1: 40.868% (3191/7808)
Loss: 1.586 | Precision@1: 40.852% (3242/7936)
Loss: 1.585 | Precision@1: 40.848% (3294/8064)
Loss: 1.586 | Precision@1: 40.869% (3348/8192)
Loss: 1.587 | Precision@1: 40.901% (3403/8320)
Loss: 1.586 | Precision@1: 40.885% (3454/8448)
Loss: 1.585 | Precision@1: 40.963% (3513/8576)
Loss: 1.586 | Precision@1: 40.889% (3559/8704)
Loss: 1.584 | Precision@1: 40.829% (3606/8832)
Loss: 1.584 | Precision@1: 40.859% (3661/8960)
Loss: 1.583 | Precision@1: 40.922% (3719/9088)
Loss: 1.582 | Precision@1: 40.929% (3772/9216)
Loss: 1.584 | Precision@1: 40.850% (3817/9344)
Loss: 1.583 | Precision@1: 40.826% (3867/9472)
Loss: 1.584 | Precision@1: 40.865% (3923/9600)
Loss: 1.583 | Precision@1: 40.892% (3978/9728)
Loss: 1.584 | Precision@1: 40.919% (4033/9856)
Loss: 1.584 | Precision@1: 40.915% (4085/9984)
Loss: 1.586 | Precision@1: 40.882% (4134/10112)
Loss: 1.584 | Precision@1: 40.967% (4195/10240)
Loss: 1.583 | Precision@1: 40.982% (4249/10368)
Loss: 1.582 | Precision@1: 41.016% (4305/10496)
Loss: 1.581 | Precision@1: 41.067% (4363/10624)
Loss: 1.580 | Precision@1: 41.099% (4419/10752)
Loss: 1.580 | Precision@1: 41.057% (4467/10880)
Loss: 1.580 | Precision@1: 41.070% (4521/11008)
Loss: 1.580 | Precision@1: 41.092% (4576/11136)
Loss: 1.581 | Precision@1: 41.167% (4637/11264)
Loss: 1.581 | Precision@1: 41.178% (4691/11392)
Loss: 1.580 | Precision@1: 41.181% (4744/11520)
Loss: 1.579 | Precision@1: 41.226% (4802/11648)
Loss: 1.581 | Precision@1: 41.168% (4848/11776)
Loss: 1.580 | Precision@1: 41.221% (4907/11904)
Loss: 1.580 | Precision@1: 41.257% (4964/12032)
Loss: 1.581 | Precision@1: 41.168% (5006/12160)
Loss: 1.580 | Precision@1: 41.178% (5060/12288)
Loss: 1.580 | Precision@1: 41.165% (5111/12416)
Loss: 1.580 | Precision@1: 41.199% (5168/12544)
Loss: 1.580 | Precision@1: 41.193% (5220/12672)
Loss: 1.580 | Precision@1: 41.211% (5275/12800)
Loss: 1.580 | Precision@1: 41.174% (5323/12928)
Loss: 1.579 | Precision@1: 41.253% (5386/13056)
Loss: 1.580 | Precision@1: 41.201% (5432/13184)
Loss: 1.579 | Precision@1: 41.203% (5485/13312)
Loss: 1.578 | Precision@1: 41.265% (5546/13440)
Loss: 1.578 | Precision@1: 41.288% (5602/13568)
Loss: 1.577 | Precision@1: 41.260% (5651/13696)
Loss: 1.577 | Precision@1: 41.319% (5712/13824)
Loss: 1.576 | Precision@1: 41.313% (5764/13952)
Loss: 1.576 | Precision@1: 41.328% (5819/14080)
Loss: 1.576 | Precision@1: 41.336% (5873/14208)
Loss: 1.575 | Precision@1: 41.399% (5935/14336)
Loss: 1.575 | Precision@1: 41.427% (5992/14464)
Loss: 1.574 | Precision@1: 41.475% (6052/14592)
Loss: 1.575 | Precision@1: 41.433% (6099/14720)
Loss: 1.575 | Precision@1: 41.400% (6147/14848)
Loss: 1.573 | Precision@1: 41.440% (6206/14976)
Loss: 1.573 | Precision@1: 41.433% (6258/15104)
Loss: 1.572 | Precision@1: 41.459% (6315/15232)
Loss: 1.572 | Precision@1: 41.471% (6370/15360)
Loss: 1.571 | Precision@1: 41.542% (6434/15488)
Loss: 1.569 | Precision@1: 41.579% (6493/15616)
Loss: 1.571 | Precision@1: 41.565% (6544/15744)
Loss: 1.570 | Precision@1: 41.608% (6604/15872)
Loss: 1.569 | Precision@1: 41.600% (6656/16000)
Loss: 1.569 | Precision@1: 41.636% (6715/16128)
Loss: 1.569 | Precision@1: 41.646% (6770/16256)
Loss: 1.569 | Precision@1: 41.565% (6810/16384)
Loss: 1.569 | Precision@1: 41.618% (6872/16512)
Loss: 1.568 | Precision@1: 41.647% (6930/16640)
Loss: 1.567 | Precision@1: 41.716% (6995/16768)
Loss: 1.566 | Precision@1: 41.750% (7054/16896)
Loss: 1.566 | Precision@1: 41.788% (7114/17024)
Loss: 1.564 | Precision@1: 41.861% (7180/17152)
Loss: 1.564 | Precision@1: 41.852% (7232/17280)
Loss: 1.563 | Precision@1: 41.808% (7278/17408)
Loss: 1.563 | Precision@1: 41.794% (7329/17536)
Loss: 1.561 | Precision@1: 41.870% (7396/17664)
Loss: 1.560 | Precision@1: 41.935% (7461/17792)
Loss: 1.558 | Precision@1: 42.003% (7527/17920)
Loss: 1.558 | Precision@1: 42.010% (7582/18048)
Loss: 1.557 | Precision@1: 42.028% (7639/18176)
Loss: 1.556 | Precision@1: 42.111% (7708/18304)
Loss: 1.556 | Precision@1: 42.106% (7761/18432)
Loss: 1.557 | Precision@1: 42.096% (7813/18560)
Loss: 1.555 | Precision@1: 42.139% (7875/18688)
Loss: 1.555 | Precision@1: 42.172% (7935/18816)
Loss: 1.554 | Precision@1: 42.182% (7991/18944)
Loss: 1.554 | Precision@1: 42.188% (8046/19072)
Loss: 1.555 | Precision@1: 42.193% (8101/19200)
Loss: 1.555 | Precision@1: 42.193% (8155/19328)
Loss: 1.555 | Precision@1: 42.177% (8206/19456)
Loss: 1.554 | Precision@1: 42.228% (8270/19584)
Loss: 1.553 | Precision@1: 42.284% (8335/19712)
Loss: 1.552 | Precision@1: 42.308% (8394/19840)
Loss: 1.552 | Precision@1: 42.348% (8456/19968)
Loss: 1.550 | Precision@1: 42.396% (8520/20096)
Loss: 1.550 | Precision@1: 42.425% (8580/20224)
Loss: 1.549 | Precision@1: 42.477% (8645/20352)
Loss: 1.548 | Precision@1: 42.471% (8698/20480)
Loss: 1.549 | Precision@1: 42.454% (8749/20608)
Loss: 1.549 | Precision@1: 42.482% (8809/20736)
Loss: 1.548 | Precision@1: 42.552% (8878/20864)
Loss: 1.547 | Precision@1: 42.592% (8941/20992)
Loss: 1.546 | Precision@1: 42.580% (8993/21120)
Loss: 1.546 | Precision@1: 42.606% (9053/21248)
Loss: 1.545 | Precision@1: 42.632% (9113/21376)
Loss: 1.545 | Precision@1: 42.657% (9173/21504)
Loss: 1.544 | Precision@1: 42.673% (9231/21632)
Loss: 1.543 | Precision@1: 42.693% (9290/21760)
Loss: 1.542 | Precision@1: 42.717% (9350/21888)
Loss: 1.542 | Precision@1: 42.769% (9416/22016)
Loss: 1.541 | Precision@1: 42.766% (9470/22144)
Loss: 1.540 | Precision@1: 42.839% (9541/22272)
Loss: 1.539 | Precision@1: 42.844% (9597/22400)
Loss: 1.539 | Precision@1: 42.858% (9655/22528)
Loss: 1.538 | Precision@1: 42.907% (9721/22656)
Loss: 1.538 | Precision@1: 42.881% (9770/22784)
Loss: 1.538 | Precision@1: 42.908% (9831/22912)
Loss: 1.538 | Precision@1: 42.891% (9882/23040)
Loss: 1.537 | Precision@1: 42.943% (9949/23168)
Loss: 1.536 | Precision@1: 42.973% (10011/23296)
Loss: 1.536 | Precision@1: 42.986% (10069/23424)
Loss: 1.537 | Precision@1: 42.948% (10115/23552)
Loss: 1.537 | Precision@1: 42.969% (10175/23680)
Loss: 1.537 | Precision@1: 42.969% (10230/23808)
Loss: 1.537 | Precision@1: 42.960% (10283/23936)
Loss: 1.537 | Precision@1: 42.985% (10344/24064)
Loss: 1.537 | Precision@1: 43.010% (10405/24192)
Loss: 1.536 | Precision@1: 43.039% (10467/24320)
Loss: 1.536 | Precision@1: 43.063% (10528/24448)
Loss: 1.535 | Precision@1: 43.091% (10590/24576)
Loss: 1.534 | Precision@1: 43.139% (10657/24704)
Loss: 1.535 | Precision@1: 43.090% (10700/24832)
Loss: 1.535 | Precision@1: 43.057% (10747/24960)
Loss: 1.536 | Precision@1: 43.040% (10798/25088)
Loss: 1.535 | Precision@1: 43.036% (10852/25216)
Loss: 1.535 | Precision@1: 43.012% (10901/25344)
Loss: 1.534 | Precision@1: 43.063% (10969/25472)
Loss: 1.534 | Precision@1: 43.070% (11026/25600)
Loss: 1.535 | Precision@1: 43.074% (11082/25728)
Loss: 1.535 | Precision@1: 43.065% (11135/25856)
Loss: 1.535 | Precision@1: 43.073% (11192/25984)
Loss: 1.534 | Precision@1: 43.080% (11249/26112)
Loss: 1.534 | Precision@1: 43.072% (11302/26240)
Loss: 1.534 | Precision@1: 43.105% (11366/26368)
Loss: 1.533 | Precision@1: 43.142% (11431/26496)
Loss: 1.532 | Precision@1: 43.172% (11494/26624)
Loss: 1.533 | Precision@1: 43.159% (11546/26752)
Loss: 1.532 | Precision@1: 43.188% (11609/26880)
Loss: 1.532 | Precision@1: 43.198% (11667/27008)
Loss: 1.531 | Precision@1: 43.227% (11730/27136)
Loss: 1.530 | Precision@1: 43.244% (11790/27264)
Loss: 1.530 | Precision@1: 43.264% (11851/27392)
Loss: 1.530 | Precision@1: 43.267% (11907/27520)
Loss: 1.530 | Precision@1: 43.269% (11963/27648)
Loss: 1.530 | Precision@1: 43.260% (12016/27776)
Loss: 1.530 | Precision@1: 43.273% (12075/27904)
Loss: 1.529 | Precision@1: 43.297% (12137/28032)
Loss: 1.529 | Precision@1: 43.306% (12195/28160)
Loss: 1.529 | Precision@1: 43.308% (12251/28288)
Loss: 1.529 | Precision@1: 43.285% (12300/28416)
Loss: 1.529 | Precision@1: 43.277% (12353/28544)
Loss: 1.529 | Precision@1: 43.283% (12410/28672)
Loss: 1.529 | Precision@1: 43.288% (12467/28800)
Loss: 1.529 | Precision@1: 43.294% (12524/28928)
Loss: 1.528 | Precision@1: 43.323% (12588/29056)
Loss: 1.528 | Precision@1: 43.366% (12656/29184)
Loss: 1.527 | Precision@1: 43.392% (12719/29312)
Loss: 1.526 | Precision@1: 43.424% (12784/29440)
Loss: 1.526 | Precision@1: 43.469% (12853/29568)
Loss: 1.525 | Precision@1: 43.484% (12913/29696)
Loss: 1.524 | Precision@1: 43.535% (12984/29824)
Loss: 1.523 | Precision@1: 43.546% (13043/29952)
Loss: 1.523 | Precision@1: 43.557% (13102/30080)
Loss: 1.523 | Precision@1: 43.558% (13158/30208)
Loss: 1.523 | Precision@1: 43.562% (13215/30336)
Loss: 1.523 | Precision@1: 43.560% (13270/30464)
Loss: 1.523 | Precision@1: 43.554% (13324/30592)
Loss: 1.522 | Precision@1: 43.561% (13382/30720)
Loss: 1.522 | Precision@1: 43.575% (13442/30848)
Loss: 1.522 | Precision@1: 43.585% (13501/30976)
Loss: 1.522 | Precision@1: 43.589% (13558/31104)
Loss: 1.521 | Precision@1: 43.619% (13623/31232)
Loss: 1.521 | Precision@1: 43.616% (13678/31360)
Loss: 1.520 | Precision@1: 43.636% (13740/31488)
Loss: 1.520 | Precision@1: 43.661% (13804/31616)
Loss: 1.520 | Precision@1: 43.671% (13863/31744)
Loss: 1.520 | Precision@1: 43.687% (13924/31872)
Loss: 1.520 | Precision@1: 43.691% (13981/32000)
Loss: 1.520 | Precision@1: 43.672% (14031/32128)
Loss: 1.520 | Precision@1: 43.697% (14095/32256)
Loss: 1.520 | Precision@1: 43.719% (14158/32384)
Loss: 1.519 | Precision@1: 43.747% (14223/32512)
Loss: 1.519 | Precision@1: 43.735% (14275/32640)
Loss: 1.518 | Precision@1: 43.750% (14336/32768)
Loss: 1.518 | Precision@1: 43.780% (14402/32896)
Loss: 1.517 | Precision@1: 43.805% (14466/33024)
Loss: 1.517 | Precision@1: 43.834% (14532/33152)
Loss: 1.516 | Precision@1: 43.846% (14592/33280)
Loss: 1.517 | Precision@1: 43.849% (14649/33408)
Loss: 1.517 | Precision@1: 43.836% (14701/33536)
Loss: 1.517 | Precision@1: 43.839% (14758/33664)
Loss: 1.517 | Precision@1: 43.857% (14820/33792)
Loss: 1.516 | Precision@1: 43.883% (14885/33920)
Loss: 1.516 | Precision@1: 43.867% (14936/34048)
Loss: 1.515 | Precision@1: 43.911% (15007/34176)
Loss: 1.515 | Precision@1: 43.907% (15062/34304)
Loss: 1.514 | Precision@1: 43.930% (15126/34432)
Loss: 1.514 | Precision@1: 43.941% (15186/34560)
Loss: 1.513 | Precision@1: 43.955% (15247/34688)
Loss: 1.513 | Precision@1: 43.945% (15300/34816)
Loss: 1.513 | Precision@1: 43.930% (15351/34944)
Loss: 1.513 | Precision@1: 43.967% (15420/35072)
Loss: 1.512 | Precision@1: 44.000% (15488/35200)
Loss: 1.512 | Precision@1: 44.025% (15553/35328)
Loss: 1.511 | Precision@1: 44.038% (15614/35456)
Loss: 1.512 | Precision@1: 44.051% (15675/35584)
Loss: 1.511 | Precision@1: 44.069% (15738/35712)
Loss: 1.511 | Precision@1: 44.057% (15790/35840)
Loss: 1.511 | Precision@1: 44.067% (15850/35968)
Loss: 1.511 | Precision@1: 44.077% (15910/36096)
Loss: 1.511 | Precision@1: 44.081% (15968/36224)
Loss: 1.511 | Precision@1: 44.105% (16033/36352)
Loss: 1.511 | Precision@1: 44.104% (16089/36480)
Loss: 1.510 | Precision@1: 44.111% (16148/36608)
Loss: 1.510 | Precision@1: 44.123% (16209/36736)
Loss: 1.510 | Precision@1: 44.146% (16274/36864)
Loss: 1.509 | Precision@1: 44.139% (16328/36992)
Loss: 1.509 | Precision@1: 44.159% (16392/37120)
Loss: 1.509 | Precision@1: 44.182% (16457/37248)
Loss: 1.508 | Precision@1: 44.221% (16528/37376)
Loss: 1.507 | Precision@1: 44.259% (16599/37504)
Loss: 1.507 | Precision@1: 44.279% (16663/37632)
Loss: 1.507 | Precision@1: 44.280% (16720/37760)
Loss: 1.507 | Precision@1: 44.278% (16776/37888)
Loss: 1.507 | Precision@1: 44.258% (16825/38016)
Loss: 1.506 | Precision@1: 44.280% (16890/38144)
Loss: 1.506 | Precision@1: 44.301% (16955/38272)
Loss: 1.505 | Precision@1: 44.312% (17016/38400)
Loss: 1.505 | Precision@1: 44.337% (17082/38528)
Loss: 1.505 | Precision@1: 44.353% (17145/38656)
Loss: 1.504 | Precision@1: 44.366% (17207/38784)
Loss: 1.504 | Precision@1: 44.398% (17276/38912)
Loss: 1.503 | Precision@1: 44.416% (17340/39040)
Loss: 1.502 | Precision@1: 44.452% (17411/39168)
Loss: 1.502 | Precision@1: 44.445% (17465/39296)
Loss: 1.502 | Precision@1: 44.465% (17530/39424)
Loss: 1.501 | Precision@1: 44.476% (17591/39552)
Loss: 1.501 | Precision@1: 44.456% (17640/39680)
Loss: 1.501 | Precision@1: 44.471% (17703/39808)
Loss: 1.500 | Precision@1: 44.481% (17764/39936)
Loss: 1.499 | Precision@1: 44.504% (17830/40064)
Loss: 1.499 | Precision@1: 44.519% (17893/40192)
Loss: 1.498 | Precision@1: 44.539% (17958/40320)
Loss: 1.498 | Precision@1: 44.549% (18019/40448)
Loss: 1.498 | Precision@1: 44.549% (18076/40576)
Loss: 1.498 | Precision@1: 44.575% (18144/40704)
Loss: 1.497 | Precision@1: 44.592% (18208/40832)
Loss: 1.497 | Precision@1: 44.587% (18263/40960)
Loss: 1.497 | Precision@1: 44.580% (18317/41088)
Loss: 1.496 | Precision@1: 44.604% (18384/41216)
Loss: 1.497 | Precision@1: 44.582% (18432/41344)
Loss: 1.497 | Precision@1: 44.594% (18494/41472)
Loss: 1.496 | Precision@1: 44.618% (18561/41600)
Loss: 1.496 | Precision@1: 44.632% (18624/41728)
Loss: 1.496 | Precision@1: 44.651% (18689/41856)
Loss: 1.495 | Precision@1: 44.684% (18760/41984)
Loss: 1.496 | Precision@1: 44.686% (18818/42112)
Loss: 1.495 | Precision@1: 44.692% (18878/42240)
Loss: 1.495 | Precision@1: 44.696% (18937/42368)
Loss: 1.495 | Precision@1: 44.708% (18999/42496)
Loss: 1.495 | Precision@1: 44.714% (19059/42624)
Loss: 1.494 | Precision@1: 44.728% (19122/42752)
Loss: 1.494 | Precision@1: 44.746% (19187/42880)
Loss: 1.494 | Precision@1: 44.738% (19241/43008)
Loss: 1.493 | Precision@1: 44.758% (19307/43136)
Loss: 1.493 | Precision@1: 44.749% (19360/43264)
Loss: 1.494 | Precision@1: 44.750% (19418/43392)
Loss: 1.493 | Precision@1: 44.795% (19495/43520)
Loss: 1.492 | Precision@1: 44.813% (19560/43648)
Loss: 1.492 | Precision@1: 44.846% (19632/43776)
Loss: 1.492 | Precision@1: 44.843% (19688/43904)
Loss: 1.492 | Precision@1: 44.840% (19744/44032)
Loss: 1.491 | Precision@1: 44.869% (19814/44160)
Loss: 1.491 | Precision@1: 44.895% (19883/44288)
Loss: 1.490 | Precision@1: 44.903% (19944/44416)
Loss: 1.491 | Precision@1: 44.906% (20003/44544)
Loss: 1.491 | Precision@1: 44.916% (20065/44672)
Loss: 1.490 | Precision@1: 44.924% (20126/44800)
Loss: 1.490 | Precision@1: 44.934% (20188/44928)
Loss: 1.490 | Precision@1: 44.957% (20256/45056)
Loss: 1.489 | Precision@1: 44.978% (20323/45184)
Loss: 1.489 | Precision@1: 45.015% (20397/45312)
Loss: 1.488 | Precision@1: 45.026% (20460/45440)
Loss: 1.488 | Precision@1: 45.032% (20520/45568)
Loss: 1.488 | Precision@1: 45.037% (20580/45696)
Loss: 1.488 | Precision@1: 45.035% (20637/45824)
Loss: 1.488 | Precision@1: 45.060% (20706/45952)
Loss: 1.487 | Precision@1: 45.080% (20773/46080)
Loss: 1.487 | Precision@1: 45.107% (20843/46208)
Loss: 1.486 | Precision@1: 45.133% (20913/46336)
Loss: 1.486 | Precision@1: 45.149% (20978/46464)
Loss: 1.486 | Precision@1: 45.152% (21037/46592)
Loss: 1.486 | Precision@1: 45.154% (21096/46720)
Loss: 1.486 | Precision@1: 45.176% (21164/46848)
Loss: 1.485 | Precision@1: 45.225% (21245/46976)
Loss: 1.484 | Precision@1: 45.234% (21307/47104)
Loss: 1.484 | Precision@1: 45.241% (21368/47232)
Loss: 1.483 | Precision@1: 45.274% (21442/47360)
Loss: 1.483 | Precision@1: 45.296% (21510/47488)
Loss: 1.483 | Precision@1: 45.331% (21585/47616)
Loss: 1.483 | Precision@1: 45.321% (21638/47744)
Loss: 1.483 | Precision@1: 45.308% (21690/47872)
Loss: 1.483 | Precision@1: 45.327% (21757/48000)
Loss: 1.482 | Precision@1: 45.342% (21822/48128)
Loss: 1.481 | Precision@1: 45.364% (21891/48256)
Loss: 1.482 | Precision@1: 45.370% (21952/48384)
Loss: 1.481 | Precision@1: 45.381% (22015/48512)
Loss: 1.481 | Precision@1: 45.382% (22074/48640)
Loss: 1.481 | Precision@1: 45.386% (22134/48768)
Loss: 1.480 | Precision@1: 45.417% (22207/48896)
Loss: 1.480 | Precision@1: 45.443% (22278/49024)
Loss: 1.480 | Precision@1: 45.447% (22338/49152)
Loss: 1.480 | Precision@1: 45.444% (22395/49280)
Loss: 1.480 | Precision@1: 45.452% (22457/49408)
Loss: 1.479 | Precision@1: 45.460% (22519/49536)
Loss: 1.478 | Precision@1: 45.502% (22598/49664)
Loss: 1.477 | Precision@1: 45.537% (22674/49792)
Loss: 1.477 | Precision@1: 45.551% (22739/49920)
Loss: 1.477 | Precision@1: 45.548% (22774/50000)

Aggregates: 			
 	 DataLoader Time: 0.6341 			
 	 Mini-batch Time:137.2379 			
 	 Training Epoch Time:137.2583
 			
 Averages: 			
 	 Training Loss: 1.4770

 Test set Averages: Loss: 1.342 | Precision@1: 49.330% (4933/10000)

Epoch: 2
Loss: 1.282 | Precision@1: 51.562% (66/128)
Loss: 1.325 | Precision@1: 54.688% (140/256)
Loss: 1.334 | Precision@1: 52.604% (202/384)
Loss: 1.337 | Precision@1: 53.125% (272/512)
Loss: 1.318 | Precision@1: 53.438% (342/640)
Loss: 1.326 | Precision@1: 52.995% (407/768)
Loss: 1.311 | Precision@1: 52.902% (474/896)
Loss: 1.291 | Precision@1: 53.809% (551/1024)
Loss: 1.277 | Precision@1: 54.340% (626/1152)
Loss: 1.304 | Precision@1: 52.812% (676/1280)
Loss: 1.307 | Precision@1: 52.699% (742/1408)
Loss: 1.310 | Precision@1: 52.539% (807/1536)
Loss: 1.314 | Precision@1: 52.163% (868/1664)
Loss: 1.298 | Precision@1: 52.567% (942/1792)
Loss: 1.300 | Precision@1: 52.396% (1006/1920)
Loss: 1.301 | Precision@1: 52.393% (1073/2048)
Loss: 1.305 | Precision@1: 52.298% (1138/2176)
Loss: 1.303 | Precision@1: 52.300% (1205/2304)
Loss: 1.306 | Precision@1: 51.933% (1263/2432)
Loss: 1.307 | Precision@1: 51.758% (1325/2560)
Loss: 1.302 | Precision@1: 52.195% (1403/2688)
Loss: 1.308 | Precision@1: 52.166% (1469/2816)
Loss: 1.312 | Precision@1: 51.970% (1530/2944)
Loss: 1.319 | Precision@1: 51.660% (1587/3072)
Loss: 1.321 | Precision@1: 51.625% (1652/3200)
Loss: 1.324 | Precision@1: 51.502% (1714/3328)
Loss: 1.323 | Precision@1: 51.505% (1780/3456)
Loss: 1.320 | Precision@1: 51.479% (1845/3584)
Loss: 1.318 | Precision@1: 51.455% (1910/3712)
Loss: 1.319 | Precision@1: 51.589% (1981/3840)
Loss: 1.313 | Precision@1: 51.739% (2053/3968)
Loss: 1.313 | Precision@1: 51.758% (2120/4096)
Loss: 1.307 | Precision@1: 51.941% (2194/4224)
Loss: 1.311 | Precision@1: 51.976% (2262/4352)
Loss: 1.311 | Precision@1: 51.853% (2323/4480)
Loss: 1.312 | Precision@1: 51.866% (2390/4608)
Loss: 1.312 | Precision@1: 51.795% (2453/4736)
Loss: 1.313 | Precision@1: 51.789% (2519/4864)
Loss: 1.314 | Precision@1: 51.643% (2578/4992)
Loss: 1.319 | Precision@1: 51.484% (2636/5120)
Loss: 1.324 | Precision@1: 51.353% (2695/5248)
Loss: 1.324 | Precision@1: 51.395% (2763/5376)
Loss: 1.322 | Precision@1: 51.472% (2833/5504)
Loss: 1.323 | Precision@1: 51.527% (2902/5632)
Loss: 1.326 | Precision@1: 51.285% (2954/5760)
Loss: 1.327 | Precision@1: 51.121% (3010/5888)
Loss: 1.327 | Precision@1: 51.164% (3078/6016)
Loss: 1.329 | Precision@1: 51.058% (3137/6144)
Loss: 1.332 | Precision@1: 50.957% (3196/6272)
Loss: 1.332 | Precision@1: 51.000% (3264/6400)
Loss: 1.333 | Precision@1: 50.965% (3327/6528)
Loss: 1.333 | Precision@1: 50.977% (3393/6656)
Loss: 1.333 | Precision@1: 51.120% (3468/6784)
Loss: 1.334 | Precision@1: 51.071% (3530/6912)
Loss: 1.334 | Precision@1: 51.009% (3591/7040)
Loss: 1.333 | Precision@1: 51.060% (3660/7168)
Loss: 1.333 | Precision@1: 51.069% (3726/7296)
Loss: 1.333 | Precision@1: 51.091% (3793/7424)
Loss: 1.336 | Precision@1: 50.980% (3850/7552)
Loss: 1.338 | Precision@1: 50.951% (3913/7680)
Loss: 1.338 | Precision@1: 50.884% (3973/7808)
Loss: 1.336 | Precision@1: 50.882% (4038/7936)
Loss: 1.335 | Precision@1: 50.930% (4107/8064)
Loss: 1.335 | Precision@1: 50.806% (4162/8192)
Loss: 1.337 | Precision@1: 50.721% (4220/8320)
Loss: 1.337 | Precision@1: 50.616% (4276/8448)
Loss: 1.336 | Precision@1: 50.630% (4342/8576)
Loss: 1.338 | Precision@1: 50.551% (4400/8704)
Loss: 1.338 | Precision@1: 50.521% (4462/8832)
Loss: 1.336 | Precision@1: 50.513% (4526/8960)
Loss: 1.334 | Precision@1: 50.572% (4596/9088)
Loss: 1.334 | Precision@1: 50.608% (4664/9216)
Loss: 1.335 | Precision@1: 50.557% (4724/9344)
Loss: 1.338 | Precision@1: 50.433% (4777/9472)
Loss: 1.334 | Precision@1: 50.615% (4859/9600)
Loss: 1.334 | Precision@1: 50.596% (4922/9728)
Loss: 1.336 | Precision@1: 50.548% (4982/9856)
Loss: 1.336 | Precision@1: 50.581% (5050/9984)
Loss: 1.336 | Precision@1: 50.593% (5116/10112)
Loss: 1.335 | Precision@1: 50.615% (5183/10240)
Loss: 1.334 | Precision@1: 50.694% (5256/10368)
Loss: 1.335 | Precision@1: 50.676% (5319/10496)
Loss: 1.334 | Precision@1: 50.697% (5386/10624)
Loss: 1.333 | Precision@1: 50.688% (5450/10752)
Loss: 1.334 | Precision@1: 50.772% (5524/10880)
Loss: 1.331 | Precision@1: 50.918% (5605/11008)
Loss: 1.332 | Precision@1: 50.880% (5666/11136)
Loss: 1.334 | Precision@1: 50.843% (5727/11264)
Loss: 1.333 | Precision@1: 50.913% (5800/11392)
Loss: 1.332 | Precision@1: 50.938% (5868/11520)
Loss: 1.331 | Precision@1: 50.970% (5937/11648)
Loss: 1.331 | Precision@1: 51.002% (6006/11776)
Loss: 1.330 | Precision@1: 51.016% (6073/11904)
Loss: 1.329 | Precision@1: 51.105% (6149/12032)
Loss: 1.327 | Precision@1: 51.201% (6226/12160)
Loss: 1.327 | Precision@1: 51.172% (6288/12288)
Loss: 1.327 | Precision@1: 51.192% (6356/12416)
Loss: 1.327 | Precision@1: 51.164% (6418/12544)
Loss: 1.328 | Precision@1: 51.105% (6476/12672)
Loss: 1.326 | Precision@1: 51.133% (6545/12800)
Loss: 1.328 | Precision@1: 51.091% (6605/12928)
Loss: 1.327 | Precision@1: 51.088% (6670/13056)
Loss: 1.329 | Precision@1: 51.039% (6729/13184)
Loss: 1.329 | Precision@1: 51.044% (6795/13312)
Loss: 1.330 | Precision@1: 51.019% (6857/13440)
Loss: 1.332 | Precision@1: 51.010% (6921/13568)
Loss: 1.331 | Precision@1: 51.044% (6991/13696)
Loss: 1.331 | Precision@1: 51.020% (7053/13824)
Loss: 1.331 | Precision@1: 51.018% (7118/13952)
Loss: 1.331 | Precision@1: 50.973% (7177/14080)
Loss: 1.329 | Precision@1: 51.098% (7260/14208)
Loss: 1.329 | Precision@1: 51.137% (7331/14336)
Loss: 1.329 | Precision@1: 51.148% (7398/14464)
Loss: 1.328 | Precision@1: 51.138% (7462/14592)
Loss: 1.328 | Precision@1: 51.148% (7529/14720)
Loss: 1.328 | Precision@1: 51.152% (7595/14848)
Loss: 1.327 | Precision@1: 51.202% (7668/14976)
Loss: 1.325 | Precision@1: 51.265% (7743/15104)
Loss: 1.325 | Precision@1: 51.300% (7814/15232)
Loss: 1.325 | Precision@1: 51.322% (7883/15360)
Loss: 1.325 | Precision@1: 51.330% (7950/15488)
Loss: 1.323 | Precision@1: 51.370% (8022/15616)
Loss: 1.324 | Precision@1: 51.372% (8088/15744)
Loss: 1.325 | Precision@1: 51.329% (8147/15872)
Loss: 1.323 | Precision@1: 51.413% (8226/16000)
Loss: 1.324 | Precision@1: 51.401% (8290/16128)
Loss: 1.322 | Precision@1: 51.470% (8367/16256)
Loss: 1.322 | Precision@1: 51.477% (8434/16384)
Loss: 1.323 | Precision@1: 51.447% (8495/16512)
Loss: 1.323 | Precision@1: 51.472% (8565/16640)
Loss: 1.322 | Precision@1: 51.533% (8641/16768)
Loss: 1.322 | Precision@1: 51.562% (8712/16896)
Loss: 1.323 | Precision@1: 51.516% (8770/17024)
Loss: 1.322 | Precision@1: 51.557% (8843/17152)
Loss: 1.321 | Precision@1: 51.562% (8910/17280)
Loss: 1.320 | Precision@1: 51.637% (8989/17408)
Loss: 1.319 | Precision@1: 51.682% (9063/17536)
Loss: 1.318 | Precision@1: 51.687% (9130/17664)
Loss: 1.318 | Precision@1: 51.720% (9202/17792)
Loss: 1.317 | Precision@1: 51.741% (9272/17920)
Loss: 1.316 | Precision@1: 51.795% (9348/18048)
Loss: 1.315 | Precision@1: 51.799% (9415/18176)
Loss: 1.316 | Precision@1: 51.819% (9485/18304)
Loss: 1.317 | Precision@1: 51.812% (9550/18432)
Loss: 1.317 | Precision@1: 51.832% (9620/18560)
Loss: 1.316 | Precision@1: 51.857% (9691/18688)
Loss: 1.316 | Precision@1: 51.881% (9762/18816)
Loss: 1.315 | Precision@1: 51.937% (9839/18944)
Loss: 1.314 | Precision@1: 51.940% (9906/19072)
Loss: 1.313 | Precision@1: 51.927% (9970/19200)
Loss: 1.312 | Precision@1: 51.976% (10046/19328)
Loss: 1.311 | Precision@1: 52.035% (10124/19456)
Loss: 1.312 | Precision@1: 52.007% (10185/19584)
Loss: 1.313 | Precision@1: 52.009% (10252/19712)
Loss: 1.313 | Precision@1: 51.996% (10316/19840)
Loss: 1.313 | Precision@1: 51.958% (10375/19968)
Loss: 1.312 | Precision@1: 52.005% (10451/20096)
Loss: 1.312 | Precision@1: 52.003% (10517/20224)
Loss: 1.312 | Precision@1: 52.005% (10584/20352)
Loss: 1.312 | Precision@1: 52.041% (10658/20480)
Loss: 1.313 | Precision@1: 52.009% (10718/20608)
Loss: 1.313 | Precision@1: 51.992% (10781/20736)
Loss: 1.314 | Precision@1: 51.965% (10842/20864)
Loss: 1.313 | Precision@1: 51.972% (10910/20992)
Loss: 1.312 | Precision@1: 52.008% (10984/21120)
Loss: 1.312 | Precision@1: 52.043% (11058/21248)
Loss: 1.312 | Precision@1: 52.040% (11124/21376)
Loss: 1.311 | Precision@1: 52.125% (11209/21504)
Loss: 1.310 | Precision@1: 52.163% (11284/21632)
Loss: 1.309 | Precision@1: 52.165% (11351/21760)
Loss: 1.309 | Precision@1: 52.202% (11426/21888)
Loss: 1.308 | Precision@1: 52.276% (11509/22016)
Loss: 1.309 | Precision@1: 52.258% (11572/22144)
Loss: 1.308 | Precision@1: 52.308% (11650/22272)
Loss: 1.308 | Precision@1: 52.263% (11707/22400)
Loss: 1.307 | Precision@1: 52.308% (11784/22528)
Loss: 1.306 | Precision@1: 52.304% (11850/22656)
Loss: 1.307 | Precision@1: 52.304% (11917/22784)
Loss: 1.306 | Precision@1: 52.379% (12001/22912)
Loss: 1.305 | Precision@1: 52.409% (12075/23040)
Loss: 1.305 | Precision@1: 52.439% (12149/23168)
Loss: 1.305 | Precision@1: 52.430% (12214/23296)
Loss: 1.304 | Precision@1: 52.463% (12289/23424)
Loss: 1.304 | Precision@1: 52.463% (12356/23552)
Loss: 1.304 | Precision@1: 52.487% (12429/23680)
Loss: 1.303 | Precision@1: 52.482% (12495/23808)
Loss: 1.303 | Precision@1: 52.477% (12561/23936)
Loss: 1.303 | Precision@1: 52.506% (12635/24064)
Loss: 1.303 | Precision@1: 52.497% (12700/24192)
Loss: 1.302 | Precision@1: 52.525% (12774/24320)
Loss: 1.300 | Precision@1: 52.569% (12852/24448)
Loss: 1.299 | Precision@1: 52.612% (12930/24576)
Loss: 1.297 | Precision@1: 52.680% (13014/24704)
Loss: 1.297 | Precision@1: 52.702% (13087/24832)
Loss: 1.296 | Precision@1: 52.700% (13154/24960)
Loss: 1.296 | Precision@1: 52.746% (13233/25088)
Loss: 1.296 | Precision@1: 52.776% (13308/25216)
Loss: 1.296 | Precision@1: 52.782% (13377/25344)
Loss: 1.295 | Precision@1: 52.819% (13454/25472)
Loss: 1.294 | Precision@1: 52.859% (13532/25600)
Loss: 1.294 | Precision@1: 52.876% (13604/25728)
Loss: 1.294 | Precision@1: 52.866% (13669/25856)
Loss: 1.294 | Precision@1: 52.867% (13737/25984)
Loss: 1.294 | Precision@1: 52.880% (13808/26112)
Loss: 1.293 | Precision@1: 52.915% (13885/26240)
Loss: 1.293 | Precision@1: 52.909% (13951/26368)
Loss: 1.293 | Precision@1: 52.914% (14020/26496)
Loss: 1.292 | Precision@1: 52.933% (14093/26624)
Loss: 1.292 | Precision@1: 52.946% (14164/26752)
Loss: 1.291 | Precision@1: 52.995% (14245/26880)
Loss: 1.291 | Precision@1: 53.003% (14315/27008)
Loss: 1.291 | Precision@1: 53.007% (14384/27136)
Loss: 1.291 | Precision@1: 53.011% (14453/27264)
Loss: 1.290 | Precision@1: 53.012% (14521/27392)
Loss: 1.289 | Precision@1: 53.034% (14595/27520)
Loss: 1.289 | Precision@1: 53.027% (14661/27648)
Loss: 1.289 | Precision@1: 53.031% (14730/27776)
Loss: 1.288 | Precision@1: 53.039% (14800/27904)
Loss: 1.287 | Precision@1: 53.064% (14875/28032)
Loss: 1.287 | Precision@1: 53.086% (14949/28160)
Loss: 1.286 | Precision@1: 53.090% (15018/28288)
Loss: 1.287 | Precision@1: 53.100% (15089/28416)
Loss: 1.286 | Precision@1: 53.125% (15164/28544)
Loss: 1.286 | Precision@1: 53.128% (15233/28672)
Loss: 1.285 | Precision@1: 53.177% (15315/28800)
Loss: 1.284 | Precision@1: 53.236% (15400/28928)
Loss: 1.283 | Precision@1: 53.259% (15475/29056)
Loss: 1.282 | Precision@1: 53.307% (15557/29184)
Loss: 1.281 | Precision@1: 53.337% (15634/29312)
Loss: 1.281 | Precision@1: 53.346% (15705/29440)
Loss: 1.281 | Precision@1: 53.352% (15775/29568)
Loss: 1.280 | Precision@1: 53.391% (15855/29696)
Loss: 1.280 | Precision@1: 53.397% (15925/29824)
Loss: 1.279 | Precision@1: 53.405% (15996/29952)
Loss: 1.279 | Precision@1: 53.414% (16067/30080)
Loss: 1.279 | Precision@1: 53.406% (16133/30208)
Loss: 1.279 | Precision@1: 53.412% (16203/30336)
Loss: 1.278 | Precision@1: 53.437% (16279/30464)
Loss: 1.278 | Precision@1: 53.442% (16349/30592)
Loss: 1.278 | Precision@1: 53.405% (16406/30720)
Loss: 1.278 | Precision@1: 53.420% (16479/30848)
Loss: 1.278 | Precision@1: 53.419% (16547/30976)
Loss: 1.278 | Precision@1: 53.424% (16617/31104)
Loss: 1.277 | Precision@1: 53.426% (16686/31232)
Loss: 1.277 | Precision@1: 53.441% (16759/31360)
Loss: 1.278 | Precision@1: 53.411% (16818/31488)
Loss: 1.278 | Precision@1: 53.413% (16887/31616)
Loss: 1.277 | Precision@1: 53.443% (16965/31744)
Loss: 1.277 | Precision@1: 53.426% (17028/31872)
Loss: 1.277 | Precision@1: 53.441% (17101/32000)
Loss: 1.276 | Precision@1: 53.470% (17179/32128)
Loss: 1.276 | Precision@1: 53.475% (17249/32256)
Loss: 1.275 | Precision@1: 53.499% (17325/32384)
Loss: 1.276 | Precision@1: 53.491% (17391/32512)
Loss: 1.276 | Precision@1: 53.496% (17461/32640)
Loss: 1.275 | Precision@1: 53.546% (17546/32768)
Loss: 1.274 | Precision@1: 53.563% (17620/32896)
Loss: 1.274 | Precision@1: 53.570% (17691/33024)
Loss: 1.274 | Precision@1: 53.562% (17757/33152)
Loss: 1.273 | Precision@1: 53.570% (17828/33280)
Loss: 1.273 | Precision@1: 53.586% (17902/33408)
Loss: 1.273 | Precision@1: 53.587% (17971/33536)
Loss: 1.272 | Precision@1: 53.615% (18049/33664)
Loss: 1.272 | Precision@1: 53.625% (18121/33792)
Loss: 1.271 | Precision@1: 53.629% (18191/33920)
Loss: 1.270 | Precision@1: 53.648% (18266/34048)
Loss: 1.270 | Precision@1: 53.663% (18340/34176)
Loss: 1.270 | Precision@1: 53.673% (18412/34304)
Loss: 1.269 | Precision@1: 53.686% (18485/34432)
Loss: 1.269 | Precision@1: 53.715% (18564/34560)
Loss: 1.268 | Precision@1: 53.730% (18638/34688)
Loss: 1.268 | Precision@1: 53.748% (18713/34816)
Loss: 1.268 | Precision@1: 53.777% (18792/34944)
Loss: 1.268 | Precision@1: 53.761% (18855/35072)
Loss: 1.268 | Precision@1: 53.759% (18923/35200)
Loss: 1.268 | Precision@1: 53.790% (19003/35328)
Loss: 1.268 | Precision@1: 53.785% (19070/35456)
Loss: 1.268 | Precision@1: 53.797% (19143/35584)
Loss: 1.267 | Precision@1: 53.803% (19214/35712)
Loss: 1.267 | Precision@1: 53.806% (19284/35840)
Loss: 1.267 | Precision@1: 53.815% (19356/35968)
Loss: 1.267 | Precision@1: 53.818% (19426/36096)
Loss: 1.267 | Precision@1: 53.823% (19497/36224)
Loss: 1.267 | Precision@1: 53.857% (19578/36352)
Loss: 1.267 | Precision@1: 53.884% (19657/36480)
Loss: 1.267 | Precision@1: 53.884% (19726/36608)
Loss: 1.266 | Precision@1: 53.879% (19793/36736)
Loss: 1.266 | Precision@1: 53.871% (19859/36864)
Loss: 1.266 | Precision@1: 53.885% (19933/36992)
Loss: 1.266 | Precision@1: 53.898% (20007/37120)
Loss: 1.265 | Precision@1: 53.925% (20086/37248)
Loss: 1.265 | Precision@1: 53.914% (20151/37376)
Loss: 1.265 | Precision@1: 53.960% (20237/37504)
Loss: 1.265 | Precision@1: 53.967% (20309/37632)
Loss: 1.265 | Precision@1: 53.967% (20378/37760)
Loss: 1.264 | Precision@1: 54.001% (20460/37888)
Loss: 1.264 | Precision@1: 54.019% (20536/38016)
Loss: 1.264 | Precision@1: 54.016% (20604/38144)
Loss: 1.263 | Precision@1: 54.045% (20684/38272)
Loss: 1.262 | Precision@1: 54.081% (20767/38400)
Loss: 1.261 | Precision@1: 54.129% (20855/38528)
Loss: 1.261 | Precision@1: 54.168% (20939/38656)
Loss: 1.260 | Precision@1: 54.192% (21018/38784)
Loss: 1.260 | Precision@1: 54.207% (21093/38912)
Loss: 1.259 | Precision@1: 54.232% (21172/39040)
Loss: 1.259 | Precision@1: 54.253% (21250/39168)
Loss: 1.258 | Precision@1: 54.285% (21332/39296)
Loss: 1.258 | Precision@1: 54.287% (21402/39424)
Loss: 1.258 | Precision@1: 54.293% (21474/39552)
Loss: 1.257 | Precision@1: 54.315% (21552/39680)
Loss: 1.257 | Precision@1: 54.318% (21623/39808)
Loss: 1.257 | Precision@1: 54.317% (21692/39936)
Loss: 1.256 | Precision@1: 54.351% (21775/40064)
Loss: 1.256 | Precision@1: 54.349% (21844/40192)
Loss: 1.256 | Precision@1: 54.365% (21920/40320)
Loss: 1.255 | Precision@1: 54.386% (21998/40448)
Loss: 1.255 | Precision@1: 54.394% (22071/40576)
Loss: 1.255 | Precision@1: 54.430% (22155/40704)
Loss: 1.254 | Precision@1: 54.455% (22235/40832)
Loss: 1.253 | Precision@1: 54.465% (22309/40960)
Loss: 1.253 | Precision@1: 54.464% (22378/41088)
Loss: 1.252 | Precision@1: 54.503% (22464/41216)
Loss: 1.252 | Precision@1: 54.523% (22542/41344)
Loss: 1.252 | Precision@1: 54.538% (22618/41472)
Loss: 1.251 | Precision@1: 54.572% (22702/41600)
Loss: 1.251 | Precision@1: 54.582% (22776/41728)
Loss: 1.250 | Precision@1: 54.611% (22858/41856)
Loss: 1.250 | Precision@1: 54.621% (22932/41984)
Loss: 1.249 | Precision@1: 54.640% (23010/42112)
Loss: 1.249 | Precision@1: 54.669% (23092/42240)
Loss: 1.249 | Precision@1: 54.669% (23162/42368)
Loss: 1.249 | Precision@1: 54.671% (23233/42496)
Loss: 1.249 | Precision@1: 54.680% (23307/42624)
Loss: 1.248 | Precision@1: 54.692% (23382/42752)
Loss: 1.248 | Precision@1: 54.685% (23449/42880)
Loss: 1.248 | Precision@1: 54.697% (23524/43008)
Loss: 1.248 | Precision@1: 54.708% (23599/43136)
Loss: 1.247 | Precision@1: 54.727% (23677/43264)
Loss: 1.247 | Precision@1: 54.745% (23755/43392)
Loss: 1.246 | Precision@1: 54.759% (23831/43520)
Loss: 1.246 | Precision@1: 54.756% (23900/43648)
Loss: 1.245 | Precision@1: 54.788% (23984/43776)
Loss: 1.245 | Precision@1: 54.808% (24063/43904)
Loss: 1.246 | Precision@1: 54.801% (24130/44032)
Loss: 1.245 | Precision@1: 54.814% (24206/44160)
Loss: 1.245 | Precision@1: 54.816% (24277/44288)
Loss: 1.245 | Precision@1: 54.791% (24336/44416)
Loss: 1.245 | Precision@1: 54.818% (24418/44544)
Loss: 1.245 | Precision@1: 54.824% (24491/44672)
Loss: 1.245 | Precision@1: 54.835% (24566/44800)
Loss: 1.244 | Precision@1: 54.859% (24647/44928)
Loss: 1.244 | Precision@1: 54.854% (24715/45056)
Loss: 1.243 | Precision@1: 54.898% (24805/45184)
Loss: 1.243 | Precision@1: 54.888% (24871/45312)
Loss: 1.243 | Precision@1: 54.886% (24940/45440)
Loss: 1.243 | Precision@1: 54.927% (25029/45568)
Loss: 1.243 | Precision@1: 54.928% (25100/45696)
Loss: 1.242 | Precision@1: 54.934% (25173/45824)
Loss: 1.242 | Precision@1: 54.951% (25251/45952)
Loss: 1.241 | Precision@1: 54.972% (25331/46080)
Loss: 1.241 | Precision@1: 54.960% (25396/46208)
Loss: 1.241 | Precision@1: 54.970% (25471/46336)
Loss: 1.241 | Precision@1: 55.000% (25555/46464)
Loss: 1.240 | Precision@1: 55.018% (25634/46592)
Loss: 1.240 | Precision@1: 55.028% (25709/46720)
Loss: 1.239 | Precision@1: 55.040% (25785/46848)
Loss: 1.238 | Precision@1: 55.066% (25868/46976)
Loss: 1.238 | Precision@1: 55.080% (25945/47104)
Loss: 1.238 | Precision@1: 55.075% (26013/47232)
Loss: 1.239 | Precision@1: 55.080% (26086/47360)
Loss: 1.238 | Precision@1: 55.083% (26158/47488)
Loss: 1.238 | Precision@1: 55.095% (26234/47616)
Loss: 1.237 | Precision@1: 55.127% (26320/47744)
Loss: 1.237 | Precision@1: 55.147% (26400/47872)
Loss: 1.237 | Precision@1: 55.169% (26481/48000)
Loss: 1.237 | Precision@1: 55.161% (26548/48128)
Loss: 1.237 | Precision@1: 55.148% (26612/48256)
Loss: 1.236 | Precision@1: 55.169% (26693/48384)
Loss: 1.236 | Precision@1: 55.176% (26767/48512)
Loss: 1.235 | Precision@1: 55.197% (26848/48640)
Loss: 1.235 | Precision@1: 55.206% (26923/48768)
Loss: 1.235 | Precision@1: 55.211% (26996/48896)
Loss: 1.235 | Precision@1: 55.204% (27063/49024)
Loss: 1.235 | Precision@1: 55.210% (27137/49152)
Loss: 1.235 | Precision@1: 55.209% (27207/49280)
Loss: 1.235 | Precision@1: 55.230% (27288/49408)
Loss: 1.235 | Precision@1: 55.229% (27358/49536)
Loss: 1.234 | Precision@1: 55.243% (27436/49664)
Loss: 1.234 | Precision@1: 55.244% (27507/49792)
Loss: 1.234 | Precision@1: 55.272% (27592/49920)
Loss: 1.234 | Precision@1: 55.272% (27636/50000)

Aggregates: 			
 	 DataLoader Time: 0.6372 			
 	 Mini-batch Time:138.9502 			
 	 Training Epoch Time:138.9707
 			
 Averages: 			
 	 Training Loss: 1.2341

 Test set Averages: Loss: 1.163 | Precision@1: 58.700% (5870/10000)

Epoch: 3
Loss: 1.159 | Precision@1: 58.594% (75/128)
Loss: 1.114 | Precision@1: 62.109% (159/256)
Loss: 1.092 | Precision@1: 64.323% (247/384)
Loss: 1.109 | Precision@1: 63.477% (325/512)
Loss: 1.125 | Precision@1: 61.719% (395/640)
Loss: 1.160 | Precision@1: 60.938% (468/768)
Loss: 1.152 | Precision@1: 60.714% (544/896)
Loss: 1.146 | Precision@1: 60.156% (616/1024)
Loss: 1.149 | Precision@1: 60.417% (696/1152)
Loss: 1.150 | Precision@1: 59.922% (767/1280)
Loss: 1.148 | Precision@1: 59.943% (844/1408)
Loss: 1.151 | Precision@1: 59.766% (918/1536)
Loss: 1.164 | Precision@1: 59.135% (984/1664)
Loss: 1.152 | Precision@1: 59.598% (1068/1792)
Loss: 1.152 | Precision@1: 59.844% (1149/1920)
Loss: 1.142 | Precision@1: 60.059% (1230/2048)
Loss: 1.148 | Precision@1: 59.743% (1300/2176)
Loss: 1.143 | Precision@1: 59.722% (1376/2304)
Loss: 1.141 | Precision@1: 59.868% (1456/2432)
Loss: 1.134 | Precision@1: 59.922% (1534/2560)
Loss: 1.122 | Precision@1: 60.342% (1622/2688)
Loss: 1.127 | Precision@1: 59.837% (1685/2816)
Loss: 1.122 | Precision@1: 60.088% (1769/2944)
Loss: 1.127 | Precision@1: 59.961% (1842/3072)
Loss: 1.129 | Precision@1: 59.938% (1918/3200)
Loss: 1.131 | Precision@1: 60.036% (1998/3328)
Loss: 1.127 | Precision@1: 59.896% (2070/3456)
Loss: 1.126 | Precision@1: 59.877% (2146/3584)
Loss: 1.126 | Precision@1: 59.995% (2227/3712)
Loss: 1.124 | Precision@1: 60.000% (2304/3840)
Loss: 1.126 | Precision@1: 59.955% (2379/3968)
Loss: 1.127 | Precision@1: 59.888% (2453/4096)
Loss: 1.126 | Precision@1: 59.754% (2524/4224)
Loss: 1.127 | Precision@1: 59.582% (2593/4352)
Loss: 1.127 | Precision@1: 59.442% (2663/4480)
Loss: 1.122 | Precision@1: 59.657% (2749/4608)
Loss: 1.120 | Precision@1: 59.755% (2830/4736)
Loss: 1.118 | Precision@1: 59.889% (2913/4864)
Loss: 1.123 | Precision@1: 59.736% (2982/4992)
Loss: 1.122 | Precision@1: 59.844% (3064/5120)
Loss: 1.128 | Precision@1: 59.756% (3136/5248)
Loss: 1.129 | Precision@1: 59.747% (3212/5376)
Loss: 1.131 | Precision@1: 59.666% (3284/5504)
Loss: 1.128 | Precision@1: 59.659% (3360/5632)
Loss: 1.128 | Precision@1: 59.653% (3436/5760)
Loss: 1.128 | Precision@1: 59.562% (3507/5888)
Loss: 1.126 | Precision@1: 59.741% (3594/6016)
Loss: 1.125 | Precision@1: 59.733% (3670/6144)
Loss: 1.122 | Precision@1: 59.821% (3752/6272)
Loss: 1.121 | Precision@1: 59.938% (3836/6400)
Loss: 1.124 | Precision@1: 59.881% (3909/6528)
Loss: 1.125 | Precision@1: 59.901% (3987/6656)
Loss: 1.125 | Precision@1: 59.876% (4062/6784)
Loss: 1.123 | Precision@1: 59.867% (4138/6912)
Loss: 1.123 | Precision@1: 59.858% (4214/7040)
Loss: 1.125 | Precision@1: 59.794% (4286/7168)
Loss: 1.123 | Precision@1: 59.896% (4370/7296)
Loss: 1.125 | Precision@1: 59.833% (4442/7424)
Loss: 1.125 | Precision@1: 59.759% (4513/7552)
Loss: 1.126 | Precision@1: 59.753% (4589/7680)
Loss: 1.124 | Precision@1: 59.721% (4663/7808)
Loss: 1.123 | Precision@1: 59.829% (4748/7936)
Loss: 1.123 | Precision@1: 59.834% (4825/8064)
Loss: 1.122 | Precision@1: 59.912% (4908/8192)
Loss: 1.118 | Precision@1: 60.084% (4999/8320)
Loss: 1.117 | Precision@1: 60.144% (5081/8448)
Loss: 1.115 | Precision@1: 60.180% (5161/8576)
Loss: 1.113 | Precision@1: 60.168% (5237/8704)
Loss: 1.114 | Precision@1: 60.122% (5310/8832)
Loss: 1.112 | Precision@1: 60.201% (5394/8960)
Loss: 1.110 | Precision@1: 60.178% (5469/9088)
Loss: 1.109 | Precision@1: 60.221% (5550/9216)
Loss: 1.111 | Precision@1: 60.146% (5620/9344)
Loss: 1.110 | Precision@1: 60.177% (5700/9472)
Loss: 1.107 | Precision@1: 60.250% (5784/9600)
Loss: 1.106 | Precision@1: 60.352% (5871/9728)
Loss: 1.105 | Precision@1: 60.390% (5952/9856)
Loss: 1.104 | Precision@1: 60.427% (6033/9984)
Loss: 1.106 | Precision@1: 60.413% (6109/10112)
Loss: 1.106 | Precision@1: 60.361% (6181/10240)
Loss: 1.103 | Precision@1: 60.426% (6265/10368)
Loss: 1.103 | Precision@1: 60.442% (6344/10496)
Loss: 1.101 | Precision@1: 60.552% (6433/10624)
Loss: 1.100 | Precision@1: 60.612% (6517/10752)
Loss: 1.099 | Precision@1: 60.662% (6600/10880)
Loss: 1.099 | Precision@1: 60.647% (6676/11008)
Loss: 1.099 | Precision@1: 60.578% (6746/11136)
Loss: 1.101 | Precision@1: 60.502% (6815/11264)
Loss: 1.103 | Precision@1: 60.507% (6893/11392)
Loss: 1.103 | Precision@1: 60.512% (6971/11520)
Loss: 1.102 | Precision@1: 60.560% (7054/11648)
Loss: 1.101 | Precision@1: 60.564% (7132/11776)
Loss: 1.101 | Precision@1: 60.559% (7209/11904)
Loss: 1.101 | Precision@1: 60.555% (7286/12032)
Loss: 1.100 | Precision@1: 60.576% (7366/12160)
Loss: 1.099 | Precision@1: 60.653% (7453/12288)
Loss: 1.098 | Precision@1: 60.607% (7525/12416)
Loss: 1.098 | Precision@1: 60.627% (7605/12544)
Loss: 1.098 | Precision@1: 60.661% (7687/12672)
Loss: 1.099 | Precision@1: 60.625% (7760/12800)
Loss: 1.098 | Precision@1: 60.682% (7845/12928)
Loss: 1.098 | Precision@1: 60.692% (7924/13056)
Loss: 1.097 | Precision@1: 60.733% (8007/13184)
Loss: 1.097 | Precision@1: 60.750% (8087/13312)
Loss: 1.096 | Precision@1: 60.781% (8169/13440)
Loss: 1.097 | Precision@1: 60.783% (8247/13568)
Loss: 1.096 | Precision@1: 60.791% (8326/13696)
Loss: 1.095 | Precision@1: 60.786% (8403/13824)
Loss: 1.094 | Precision@1: 60.830% (8487/13952)
Loss: 1.094 | Precision@1: 60.831% (8565/14080)
Loss: 1.093 | Precision@1: 60.867% (8648/14208)
Loss: 1.092 | Precision@1: 60.889% (8729/14336)
Loss: 1.092 | Precision@1: 60.889% (8807/14464)
Loss: 1.091 | Precision@1: 60.896% (8886/14592)
Loss: 1.090 | Precision@1: 60.917% (8967/14720)
Loss: 1.090 | Precision@1: 60.890% (9041/14848)
Loss: 1.090 | Precision@1: 60.884% (9118/14976)
Loss: 1.089 | Precision@1: 60.931% (9203/15104)
Loss: 1.090 | Precision@1: 60.931% (9281/15232)
Loss: 1.090 | Precision@1: 60.931% (9359/15360)
Loss: 1.089 | Precision@1: 60.970% (9443/15488)
Loss: 1.088 | Precision@1: 61.014% (9528/15616)
Loss: 1.088 | Precision@1: 61.020% (9607/15744)
Loss: 1.088 | Precision@1: 61.082% (9695/15872)
Loss: 1.087 | Precision@1: 61.106% (9777/16000)
Loss: 1.088 | Precision@1: 61.105% (9855/16128)
Loss: 1.088 | Precision@1: 61.184% (9946/16256)
Loss: 1.087 | Precision@1: 61.200% (10027/16384)
Loss: 1.086 | Precision@1: 61.222% (10109/16512)
Loss: 1.086 | Precision@1: 61.238% (10190/16640)
Loss: 1.085 | Precision@1: 61.277% (10275/16768)
Loss: 1.085 | Precision@1: 61.281% (10354/16896)
Loss: 1.085 | Precision@1: 61.313% (10438/17024)
Loss: 1.086 | Precision@1: 61.305% (10515/17152)
Loss: 1.085 | Precision@1: 61.360% (10603/17280)
Loss: 1.084 | Precision@1: 61.380% (10685/17408)
Loss: 1.084 | Precision@1: 61.359% (10760/17536)
Loss: 1.087 | Precision@1: 61.277% (10824/17664)
Loss: 1.086 | Precision@1: 61.325% (10911/17792)
Loss: 1.086 | Precision@1: 61.295% (10984/17920)
Loss: 1.086 | Precision@1: 61.309% (11065/18048)
Loss: 1.086 | Precision@1: 61.301% (11142/18176)
Loss: 1.086 | Precision@1: 61.309% (11222/18304)
Loss: 1.087 | Precision@1: 61.268% (11293/18432)
Loss: 1.087 | Precision@1: 61.272% (11372/18560)
Loss: 1.086 | Precision@1: 61.317% (11459/18688)
Loss: 1.084 | Precision@1: 61.373% (11548/18816)
Loss: 1.084 | Precision@1: 61.381% (11628/18944)
Loss: 1.084 | Precision@1: 61.373% (11705/19072)
Loss: 1.084 | Precision@1: 61.354% (11780/19200)
Loss: 1.084 | Precision@1: 61.346% (11857/19328)
Loss: 1.083 | Precision@1: 61.369% (11940/19456)
Loss: 1.084 | Precision@1: 61.331% (12011/19584)
Loss: 1.085 | Precision@1: 61.303% (12084/19712)
Loss: 1.085 | Precision@1: 61.300% (12162/19840)
Loss: 1.085 | Precision@1: 61.323% (12245/19968)
Loss: 1.085 | Precision@1: 61.351% (12329/20096)
Loss: 1.084 | Precision@1: 61.392% (12416/20224)
Loss: 1.084 | Precision@1: 61.385% (12493/20352)
Loss: 1.084 | Precision@1: 61.367% (12568/20480)
Loss: 1.084 | Precision@1: 61.365% (12646/20608)
Loss: 1.084 | Precision@1: 61.372% (12726/20736)
Loss: 1.084 | Precision@1: 61.374% (12805/20864)
Loss: 1.083 | Precision@1: 61.428% (12895/20992)
Loss: 1.083 | Precision@1: 61.416% (12971/21120)
Loss: 1.083 | Precision@1: 61.413% (13049/21248)
Loss: 1.084 | Precision@1: 61.396% (13124/21376)
Loss: 1.084 | Precision@1: 61.389% (13201/21504)
Loss: 1.084 | Precision@1: 61.367% (13275/21632)
Loss: 1.083 | Precision@1: 61.388% (13358/21760)
Loss: 1.083 | Precision@1: 61.385% (13436/21888)
Loss: 1.082 | Precision@1: 61.451% (13529/22016)
Loss: 1.083 | Precision@1: 61.443% (13606/22144)
Loss: 1.082 | Precision@1: 61.485% (13694/22272)
Loss: 1.082 | Precision@1: 61.513% (13779/22400)
Loss: 1.082 | Precision@1: 61.492% (13853/22528)
Loss: 1.082 | Precision@1: 61.520% (13938/22656)
Loss: 1.081 | Precision@1: 61.556% (14025/22784)
Loss: 1.081 | Precision@1: 61.597% (14113/22912)
Loss: 1.082 | Precision@1: 61.554% (14182/23040)
Loss: 1.081 | Precision@1: 61.585% (14268/23168)
Loss: 1.081 | Precision@1: 61.599% (14350/23296)
Loss: 1.081 | Precision@1: 61.608% (14431/23424)
Loss: 1.080 | Precision@1: 61.655% (14521/23552)
Loss: 1.079 | Precision@1: 61.689% (14608/23680)
Loss: 1.078 | Precision@1: 61.685% (14686/23808)
Loss: 1.079 | Precision@1: 61.664% (14760/23936)
Loss: 1.078 | Precision@1: 61.681% (14843/24064)
Loss: 1.078 | Precision@1: 61.673% (14920/24192)
Loss: 1.078 | Precision@1: 61.694% (15004/24320)
Loss: 1.079 | Precision@1: 61.674% (15078/24448)
Loss: 1.078 | Precision@1: 61.711% (15166/24576)
Loss: 1.077 | Precision@1: 61.747% (15254/24704)
Loss: 1.078 | Precision@1: 61.727% (15328/24832)
Loss: 1.077 | Precision@1: 61.711% (15403/24960)
Loss: 1.077 | Precision@1: 61.715% (15483/25088)
Loss: 1.077 | Precision@1: 61.727% (15565/25216)
Loss: 1.077 | Precision@1: 61.719% (15642/25344)
Loss: 1.077 | Precision@1: 61.711% (15719/25472)
Loss: 1.078 | Precision@1: 61.668% (15787/25600)
Loss: 1.077 | Precision@1: 61.676% (15868/25728)
Loss: 1.077 | Precision@1: 61.684% (15949/25856)
Loss: 1.076 | Precision@1: 61.703% (16033/25984)
Loss: 1.075 | Precision@1: 61.719% (16116/26112)
Loss: 1.077 | Precision@1: 61.707% (16192/26240)
Loss: 1.077 | Precision@1: 61.700% (16269/26368)
Loss: 1.077 | Precision@1: 61.692% (16346/26496)
Loss: 1.076 | Precision@1: 61.685% (16423/26624)
Loss: 1.075 | Precision@1: 61.711% (16509/26752)
Loss: 1.074 | Precision@1: 61.737% (16595/26880)
Loss: 1.074 | Precision@1: 61.752% (16678/27008)
Loss: 1.074 | Precision@1: 61.741% (16754/27136)
Loss: 1.074 | Precision@1: 61.737% (16832/27264)
Loss: 1.075 | Precision@1: 61.708% (16903/27392)
Loss: 1.075 | Precision@1: 61.715% (16984/27520)
Loss: 1.074 | Precision@1: 61.730% (17067/27648)
Loss: 1.075 | Precision@1: 61.701% (17138/27776)
Loss: 1.074 | Precision@1: 61.715% (17221/27904)
Loss: 1.073 | Precision@1: 61.762% (17313/28032)
Loss: 1.073 | Precision@1: 61.790% (17400/28160)
Loss: 1.074 | Precision@1: 61.758% (17470/28288)
Loss: 1.074 | Precision@1: 61.768% (17552/28416)
Loss: 1.074 | Precision@1: 61.768% (17631/28544)
Loss: 1.075 | Precision@1: 61.705% (17692/28672)
Loss: 1.074 | Precision@1: 61.736% (17780/28800)
Loss: 1.074 | Precision@1: 61.719% (17854/28928)
Loss: 1.074 | Precision@1: 61.708% (17930/29056)
Loss: 1.075 | Precision@1: 61.688% (18003/29184)
Loss: 1.076 | Precision@1: 61.685% (18081/29312)
Loss: 1.075 | Precision@1: 61.688% (18161/29440)
Loss: 1.075 | Precision@1: 61.688% (18240/29568)
Loss: 1.076 | Precision@1: 61.685% (18318/29696)
Loss: 1.076 | Precision@1: 61.692% (18399/29824)
Loss: 1.076 | Precision@1: 61.699% (18480/29952)
Loss: 1.076 | Precision@1: 61.705% (18561/30080)
Loss: 1.075 | Precision@1: 61.725% (18646/30208)
Loss: 1.074 | Precision@1: 61.768% (18738/30336)
Loss: 1.074 | Precision@1: 61.738% (18808/30464)
Loss: 1.074 | Precision@1: 61.719% (18881/30592)
Loss: 1.074 | Precision@1: 61.715% (18959/30720)
Loss: 1.074 | Precision@1: 61.748% (19048/30848)
Loss: 1.074 | Precision@1: 61.725% (19120/30976)
Loss: 1.074 | Precision@1: 61.741% (19204/31104)
Loss: 1.074 | Precision@1: 61.744% (19284/31232)
Loss: 1.075 | Precision@1: 61.725% (19357/31360)
Loss: 1.074 | Precision@1: 61.744% (19442/31488)
Loss: 1.074 | Precision@1: 61.747% (19522/31616)
Loss: 1.074 | Precision@1: 61.747% (19601/31744)
Loss: 1.074 | Precision@1: 61.741% (19678/31872)
Loss: 1.074 | Precision@1: 61.737% (19756/32000)
Loss: 1.073 | Precision@1: 61.744% (19837/32128)
Loss: 1.072 | Precision@1: 61.768% (19924/32256)
Loss: 1.072 | Precision@1: 61.790% (20010/32384)
Loss: 1.071 | Precision@1: 61.789% (20089/32512)
Loss: 1.071 | Precision@1: 61.814% (20176/32640)
Loss: 1.070 | Precision@1: 61.832% (20261/32768)
Loss: 1.071 | Precision@1: 61.828% (20339/32896)
Loss: 1.070 | Precision@1: 61.822% (20416/33024)
Loss: 1.070 | Precision@1: 61.848% (20504/33152)
Loss: 1.069 | Precision@1: 61.875% (20592/33280)
Loss: 1.070 | Precision@1: 61.880% (20673/33408)
Loss: 1.070 | Precision@1: 61.880% (20752/33536)
Loss: 1.070 | Precision@1: 61.894% (20836/33664)
Loss: 1.069 | Precision@1: 61.902% (20918/33792)
Loss: 1.069 | Precision@1: 61.919% (21003/33920)
Loss: 1.069 | Precision@1: 61.930% (21086/34048)
Loss: 1.068 | Precision@1: 61.947% (21171/34176)
Loss: 1.068 | Precision@1: 61.961% (21255/34304)
Loss: 1.068 | Precision@1: 61.986% (21343/34432)
Loss: 1.068 | Precision@1: 62.005% (21429/34560)
Loss: 1.068 | Precision@1: 62.004% (21508/34688)
Loss: 1.067 | Precision@1: 62.003% (21587/34816)
Loss: 1.067 | Precision@1: 62.025% (21674/34944)
Loss: 1.066 | Precision@1: 62.049% (21762/35072)
Loss: 1.066 | Precision@1: 62.060% (21845/35200)
Loss: 1.066 | Precision@1: 62.058% (21924/35328)
Loss: 1.066 | Precision@1: 62.071% (22008/35456)
Loss: 1.065 | Precision@1: 62.078% (22090/35584)
Loss: 1.065 | Precision@1: 62.097% (22176/35712)
Loss: 1.065 | Precision@1: 62.093% (22254/35840)
Loss: 1.065 | Precision@1: 62.116% (22342/35968)
Loss: 1.064 | Precision@1: 62.134% (22428/36096)
Loss: 1.064 | Precision@1: 62.158% (22516/36224)
Loss: 1.064 | Precision@1: 62.151% (22593/36352)
Loss: 1.063 | Precision@1: 62.179% (22683/36480)
Loss: 1.063 | Precision@1: 62.180% (22763/36608)
Loss: 1.063 | Precision@1: 62.168% (22838/36736)
Loss: 1.062 | Precision@1: 62.172% (22919/36864)
Loss: 1.062 | Precision@1: 62.162% (22995/36992)
Loss: 1.062 | Precision@1: 62.158% (23073/37120)
Loss: 1.061 | Precision@1: 62.175% (23159/37248)
Loss: 1.061 | Precision@1: 62.206% (23250/37376)
Loss: 1.061 | Precision@1: 62.220% (23335/37504)
Loss: 1.061 | Precision@1: 62.224% (23416/37632)
Loss: 1.061 | Precision@1: 62.227% (23497/37760)
Loss: 1.061 | Precision@1: 62.236% (23580/37888)
Loss: 1.060 | Precision@1: 62.269% (23672/38016)
Loss: 1.059 | Precision@1: 62.277% (23755/38144)
Loss: 1.059 | Precision@1: 62.294% (23841/38272)
Loss: 1.059 | Precision@1: 62.289% (23919/38400)
Loss: 1.060 | Precision@1: 62.292% (24000/38528)
Loss: 1.059 | Precision@1: 62.296% (24081/38656)
Loss: 1.059 | Precision@1: 62.283% (24156/38784)
Loss: 1.058 | Precision@1: 62.330% (24254/38912)
Loss: 1.058 | Precision@1: 62.331% (24334/39040)
Loss: 1.058 | Precision@1: 62.311% (24406/39168)
Loss: 1.058 | Precision@1: 62.309% (24485/39296)
Loss: 1.058 | Precision@1: 62.317% (24568/39424)
Loss: 1.057 | Precision@1: 62.346% (24659/39552)
Loss: 1.057 | Precision@1: 62.354% (24742/39680)
Loss: 1.057 | Precision@1: 62.349% (24820/39808)
Loss: 1.057 | Precision@1: 62.350% (24900/39936)
Loss: 1.056 | Precision@1: 62.353% (24981/40064)
Loss: 1.056 | Precision@1: 62.368% (25067/40192)
Loss: 1.056 | Precision@1: 62.386% (25154/40320)
Loss: 1.056 | Precision@1: 62.389% (25235/40448)
Loss: 1.055 | Precision@1: 62.421% (25328/40576)
Loss: 1.054 | Precision@1: 62.453% (25421/40704)
Loss: 1.054 | Precision@1: 62.453% (25501/40832)
Loss: 1.054 | Precision@1: 62.444% (25577/40960)
Loss: 1.054 | Precision@1: 62.466% (25666/41088)
Loss: 1.053 | Precision@1: 62.471% (25748/41216)
Loss: 1.053 | Precision@1: 62.495% (25838/41344)
Loss: 1.054 | Precision@1: 62.471% (25908/41472)
Loss: 1.053 | Precision@1: 62.486% (25994/41600)
Loss: 1.053 | Precision@1: 62.483% (26073/41728)
Loss: 1.053 | Precision@1: 62.490% (26156/41856)
Loss: 1.053 | Precision@1: 62.483% (26233/41984)
Loss: 1.054 | Precision@1: 62.481% (26312/42112)
Loss: 1.053 | Precision@1: 62.507% (26403/42240)
Loss: 1.053 | Precision@1: 62.519% (26488/42368)
Loss: 1.052 | Precision@1: 62.528% (26572/42496)
Loss: 1.052 | Precision@1: 62.516% (26647/42624)
Loss: 1.052 | Precision@1: 62.516% (26727/42752)
Loss: 1.052 | Precision@1: 62.533% (26814/42880)
Loss: 1.052 | Precision@1: 62.542% (26898/43008)
Loss: 1.052 | Precision@1: 62.551% (26982/43136)
Loss: 1.052 | Precision@1: 62.565% (27068/43264)
Loss: 1.052 | Precision@1: 62.583% (27156/43392)
Loss: 1.051 | Precision@1: 62.594% (27241/43520)
Loss: 1.051 | Precision@1: 62.594% (27321/43648)
Loss: 1.052 | Precision@1: 62.598% (27403/43776)
Loss: 1.052 | Precision@1: 62.609% (27488/43904)
Loss: 1.051 | Precision@1: 62.614% (27570/44032)
Loss: 1.051 | Precision@1: 62.622% (27654/44160)
Loss: 1.051 | Precision@1: 62.615% (27731/44288)
Loss: 1.051 | Precision@1: 62.635% (27820/44416)
Loss: 1.051 | Precision@1: 62.635% (27900/44544)
Loss: 1.050 | Precision@1: 62.639% (27982/44672)
Loss: 1.050 | Precision@1: 62.652% (28068/44800)
Loss: 1.050 | Precision@1: 62.660% (28152/44928)
Loss: 1.050 | Precision@1: 62.660% (28232/45056)
Loss: 1.049 | Precision@1: 62.673% (28318/45184)
Loss: 1.049 | Precision@1: 62.692% (28407/45312)
Loss: 1.049 | Precision@1: 62.696% (28489/45440)
Loss: 1.048 | Precision@1: 62.708% (28575/45568)
Loss: 1.048 | Precision@1: 62.721% (28661/45696)
Loss: 1.047 | Precision@1: 62.749% (28754/45824)
Loss: 1.047 | Precision@1: 62.757% (28838/45952)
Loss: 1.047 | Precision@1: 62.745% (28913/46080)
Loss: 1.047 | Precision@1: 62.749% (28995/46208)
Loss: 1.047 | Precision@1: 62.759% (29080/46336)
Loss: 1.047 | Precision@1: 62.741% (29152/46464)
Loss: 1.047 | Precision@1: 62.749% (29236/46592)
Loss: 1.047 | Precision@1: 62.748% (29316/46720)
Loss: 1.046 | Precision@1: 62.758% (29401/46848)
Loss: 1.046 | Precision@1: 62.758% (29481/46976)
Loss: 1.046 | Precision@1: 62.757% (29561/47104)
Loss: 1.047 | Precision@1: 62.748% (29637/47232)
Loss: 1.046 | Precision@1: 62.777% (29731/47360)
Loss: 1.046 | Precision@1: 62.784% (29815/47488)
Loss: 1.046 | Precision@1: 62.777% (29892/47616)
Loss: 1.045 | Precision@1: 62.789% (29978/47744)
Loss: 1.045 | Precision@1: 62.805% (30066/47872)
Loss: 1.045 | Precision@1: 62.798% (30143/48000)
Loss: 1.045 | Precision@1: 62.805% (30227/48128)
Loss: 1.045 | Precision@1: 62.825% (30317/48256)
Loss: 1.044 | Precision@1: 62.833% (30401/48384)
Loss: 1.044 | Precision@1: 62.848% (30489/48512)
Loss: 1.043 | Precision@1: 62.870% (30580/48640)
Loss: 1.043 | Precision@1: 62.879% (30665/48768)
Loss: 1.043 | Precision@1: 62.899% (30755/48896)
Loss: 1.042 | Precision@1: 62.918% (30845/49024)
Loss: 1.042 | Precision@1: 62.937% (30935/49152)
Loss: 1.042 | Precision@1: 62.934% (31014/49280)
Loss: 1.042 | Precision@1: 62.927% (31091/49408)
Loss: 1.042 | Precision@1: 62.942% (31179/49536)
Loss: 1.042 | Precision@1: 62.959% (31268/49664)
Loss: 1.041 | Precision@1: 62.966% (31352/49792)
Loss: 1.041 | Precision@1: 62.989% (31444/49920)
Loss: 1.041 | Precision@1: 62.984% (31492/50000)

Aggregates: 			
 	 DataLoader Time: 0.6381 			
 	 Mini-batch Time:139.3708 			
 	 Training Epoch Time:139.3914
 			
 Averages: 			
 	 Training Loss: 1.0409

 Test set Averages: Loss: 0.987 | Precision@1: 65.040% (6504/10000)

Epoch: 4
Loss: 0.925 | Precision@1: 64.062% (82/128)
Loss: 0.935 | Precision@1: 64.453% (165/256)
Loss: 0.895 | Precision@1: 66.927% (257/384)
Loss: 0.899 | Precision@1: 66.406% (340/512)
Loss: 0.928 | Precision@1: 65.938% (422/640)
Loss: 0.936 | Precision@1: 66.276% (509/768)
Loss: 0.949 | Precision@1: 65.402% (586/896)
Loss: 0.942 | Precision@1: 65.625% (672/1024)
Loss: 0.959 | Precision@1: 65.017% (749/1152)
Loss: 0.969 | Precision@1: 64.609% (827/1280)
Loss: 0.982 | Precision@1: 64.631% (910/1408)
Loss: 0.978 | Precision@1: 64.844% (996/1536)
Loss: 0.971 | Precision@1: 65.204% (1085/1664)
Loss: 0.965 | Precision@1: 65.848% (1180/1792)
Loss: 0.966 | Precision@1: 65.521% (1258/1920)
Loss: 0.970 | Precision@1: 65.186% (1335/2048)
Loss: 0.969 | Precision@1: 65.119% (1417/2176)
Loss: 0.973 | Precision@1: 64.844% (1494/2304)
Loss: 0.970 | Precision@1: 64.844% (1577/2432)
Loss: 0.978 | Precision@1: 64.805% (1659/2560)
Loss: 0.974 | Precision@1: 64.955% (1746/2688)
Loss: 0.974 | Precision@1: 65.092% (1833/2816)
Loss: 0.978 | Precision@1: 64.946% (1912/2944)
Loss: 0.975 | Precision@1: 64.909% (1994/3072)
Loss: 0.974 | Precision@1: 64.938% (2078/3200)
Loss: 0.965 | Precision@1: 65.264% (2172/3328)
Loss: 0.965 | Precision@1: 65.365% (2259/3456)
Loss: 0.961 | Precision@1: 65.569% (2350/3584)
Loss: 0.962 | Precision@1: 65.517% (2432/3712)
Loss: 0.966 | Precision@1: 65.521% (2516/3840)
Loss: 0.960 | Precision@1: 65.701% (2607/3968)
Loss: 0.957 | Precision@1: 65.771% (2694/4096)
Loss: 0.959 | Precision@1: 65.791% (2779/4224)
Loss: 0.959 | Precision@1: 65.855% (2866/4352)
Loss: 0.955 | Precision@1: 66.004% (2957/4480)
Loss: 0.951 | Precision@1: 66.059% (3044/4608)
Loss: 0.950 | Precision@1: 66.068% (3129/4736)
Loss: 0.948 | Precision@1: 66.201% (3220/4864)
Loss: 0.948 | Precision@1: 66.186% (3304/4992)
Loss: 0.947 | Precision@1: 66.113% (3385/5120)
Loss: 0.944 | Precision@1: 66.178% (3473/5248)
Loss: 0.948 | Precision@1: 66.109% (3554/5376)
Loss: 0.943 | Precision@1: 66.315% (3650/5504)
Loss: 0.941 | Precision@1: 66.371% (3738/5632)
Loss: 0.942 | Precision@1: 66.319% (3820/5760)
Loss: 0.942 | Precision@1: 66.304% (3904/5888)
Loss: 0.941 | Precision@1: 66.439% (3997/6016)
Loss: 0.939 | Precision@1: 66.423% (4081/6144)
Loss: 0.940 | Precision@1: 66.438% (4167/6272)
Loss: 0.939 | Precision@1: 66.484% (4255/6400)
Loss: 0.939 | Precision@1: 66.468% (4339/6528)
Loss: 0.939 | Precision@1: 66.421% (4421/6656)
Loss: 0.936 | Precision@1: 66.554% (4515/6784)
Loss: 0.933 | Precision@1: 66.638% (4606/6912)
Loss: 0.933 | Precision@1: 66.719% (4697/7040)
Loss: 0.934 | Precision@1: 66.685% (4780/7168)
Loss: 0.936 | Precision@1: 66.571% (4857/7296)
Loss: 0.937 | Precision@1: 66.527% (4939/7424)
Loss: 0.939 | Precision@1: 66.552% (5026/7552)
Loss: 0.938 | Precision@1: 66.602% (5115/7680)
Loss: 0.938 | Precision@1: 66.624% (5202/7808)
Loss: 0.941 | Precision@1: 66.520% (5279/7936)
Loss: 0.940 | Precision@1: 66.493% (5362/8064)
Loss: 0.939 | Precision@1: 66.553% (5452/8192)
Loss: 0.938 | Precision@1: 66.538% (5536/8320)
Loss: 0.937 | Precision@1: 66.560% (5623/8448)
Loss: 0.935 | Precision@1: 66.593% (5711/8576)
Loss: 0.935 | Precision@1: 66.579% (5795/8704)
Loss: 0.935 | Precision@1: 66.576% (5880/8832)
Loss: 0.935 | Precision@1: 66.529% (5961/8960)
Loss: 0.936 | Precision@1: 66.593% (6052/9088)
Loss: 0.935 | Precision@1: 66.656% (6143/9216)
Loss: 0.933 | Precision@1: 66.792% (6241/9344)
Loss: 0.934 | Precision@1: 66.765% (6324/9472)
Loss: 0.934 | Precision@1: 66.792% (6412/9600)
Loss: 0.935 | Precision@1: 66.838% (6502/9728)
Loss: 0.937 | Precision@1: 66.761% (6580/9856)
Loss: 0.938 | Precision@1: 66.777% (6667/9984)
Loss: 0.936 | Precision@1: 66.841% (6759/10112)
Loss: 0.935 | Precision@1: 66.934% (6854/10240)
Loss: 0.934 | Precision@1: 67.024% (6949/10368)
Loss: 0.933 | Precision@1: 66.997% (7032/10496)
Loss: 0.934 | Precision@1: 66.962% (7114/10624)
Loss: 0.936 | Precision@1: 66.871% (7190/10752)
Loss: 0.935 | Precision@1: 66.930% (7282/10880)
Loss: 0.935 | Precision@1: 66.933% (7368/11008)
Loss: 0.937 | Precision@1: 66.927% (7453/11136)
Loss: 0.936 | Precision@1: 66.939% (7540/11264)
Loss: 0.935 | Precision@1: 66.924% (7624/11392)
Loss: 0.935 | Precision@1: 66.918% (7709/11520)
Loss: 0.934 | Precision@1: 66.930% (7796/11648)
Loss: 0.935 | Precision@1: 66.950% (7884/11776)
Loss: 0.935 | Precision@1: 66.944% (7969/11904)
Loss: 0.934 | Precision@1: 67.030% (8065/12032)
Loss: 0.933 | Precision@1: 66.998% (8147/12160)
Loss: 0.934 | Precision@1: 66.911% (8222/12288)
Loss: 0.933 | Precision@1: 66.922% (8309/12416)
Loss: 0.932 | Precision@1: 66.972% (8401/12544)
Loss: 0.931 | Precision@1: 67.030% (8494/12672)
Loss: 0.932 | Precision@1: 67.008% (8577/12800)
Loss: 0.934 | Precision@1: 66.886% (8647/12928)
Loss: 0.934 | Precision@1: 66.896% (8734/13056)
Loss: 0.932 | Precision@1: 66.952% (8827/13184)
Loss: 0.934 | Precision@1: 66.902% (8906/13312)
Loss: 0.934 | Precision@1: 66.875% (8988/13440)
Loss: 0.934 | Precision@1: 66.848% (9070/13568)
Loss: 0.934 | Precision@1: 66.852% (9156/13696)
Loss: 0.933 | Precision@1: 66.913% (9250/13824)
Loss: 0.933 | Precision@1: 66.929% (9338/13952)
Loss: 0.933 | Precision@1: 66.903% (9420/14080)
Loss: 0.934 | Precision@1: 66.913% (9507/14208)
Loss: 0.934 | Precision@1: 66.936% (9596/14336)
Loss: 0.936 | Precision@1: 66.939% (9682/14464)
Loss: 0.936 | Precision@1: 66.941% (9768/14592)
Loss: 0.936 | Precision@1: 66.957% (9856/14720)
Loss: 0.936 | Precision@1: 66.965% (9943/14848)
Loss: 0.935 | Precision@1: 66.974% (10030/14976)
Loss: 0.935 | Precision@1: 66.976% (10116/15104)
Loss: 0.935 | Precision@1: 66.951% (10198/15232)
Loss: 0.935 | Precision@1: 66.966% (10286/15360)
Loss: 0.935 | Precision@1: 66.929% (10366/15488)
Loss: 0.936 | Precision@1: 66.912% (10449/15616)
Loss: 0.934 | Precision@1: 66.991% (10547/15744)
Loss: 0.934 | Precision@1: 67.011% (10636/15872)
Loss: 0.934 | Precision@1: 66.975% (10716/16000)
Loss: 0.936 | Precision@1: 66.915% (10792/16128)
Loss: 0.935 | Precision@1: 66.948% (10883/16256)
Loss: 0.934 | Precision@1: 66.986% (10975/16384)
Loss: 0.935 | Precision@1: 66.963% (11057/16512)
Loss: 0.934 | Precision@1: 67.019% (11152/16640)
Loss: 0.934 | Precision@1: 67.038% (11241/16768)
Loss: 0.934 | Precision@1: 67.051% (11329/16896)
Loss: 0.934 | Precision@1: 67.058% (11416/17024)
Loss: 0.933 | Precision@1: 67.065% (11503/17152)
Loss: 0.932 | Precision@1: 67.060% (11588/17280)
Loss: 0.933 | Precision@1: 67.021% (11667/17408)
Loss: 0.933 | Precision@1: 67.005% (11750/17536)
Loss: 0.932 | Precision@1: 67.057% (11845/17664)
Loss: 0.933 | Precision@1: 67.075% (11934/17792)
Loss: 0.933 | Precision@1: 67.054% (12016/17920)
Loss: 0.931 | Precision@1: 67.138% (12117/18048)
Loss: 0.930 | Precision@1: 67.193% (12213/18176)
Loss: 0.930 | Precision@1: 67.193% (12299/18304)
Loss: 0.930 | Precision@1: 67.204% (12387/18432)
Loss: 0.929 | Precision@1: 67.252% (12482/18560)
Loss: 0.928 | Precision@1: 67.268% (12571/18688)
Loss: 0.929 | Precision@1: 67.225% (12649/18816)
Loss: 0.929 | Precision@1: 67.214% (12733/18944)
Loss: 0.929 | Precision@1: 67.224% (12821/19072)
Loss: 0.928 | Precision@1: 67.255% (12913/19200)
Loss: 0.929 | Precision@1: 67.213% (12991/19328)
Loss: 0.929 | Precision@1: 67.213% (13077/19456)
Loss: 0.928 | Precision@1: 67.213% (13163/19584)
Loss: 0.928 | Precision@1: 67.203% (13247/19712)
Loss: 0.929 | Precision@1: 67.182% (13329/19840)
Loss: 0.928 | Precision@1: 67.182% (13415/19968)
Loss: 0.928 | Precision@1: 67.197% (13504/20096)
Loss: 0.928 | Precision@1: 67.202% (13591/20224)
Loss: 0.928 | Precision@1: 67.197% (13676/20352)
Loss: 0.928 | Precision@1: 67.236% (13770/20480)
Loss: 0.927 | Precision@1: 67.255% (13860/20608)
Loss: 0.928 | Precision@1: 67.269% (13949/20736)
Loss: 0.927 | Precision@1: 67.322% (14046/20864)
Loss: 0.928 | Precision@1: 67.278% (14123/20992)
Loss: 0.928 | Precision@1: 67.254% (14204/21120)
Loss: 0.928 | Precision@1: 67.272% (14294/21248)
Loss: 0.928 | Precision@1: 67.286% (14383/21376)
Loss: 0.928 | Precision@1: 67.285% (14469/21504)
Loss: 0.929 | Precision@1: 67.243% (14546/21632)
Loss: 0.928 | Precision@1: 67.256% (14635/21760)
Loss: 0.929 | Precision@1: 67.247% (14719/21888)
Loss: 0.929 | Precision@1: 67.265% (14809/22016)
Loss: 0.929 | Precision@1: 67.237% (14889/22144)
Loss: 0.929 | Precision@1: 67.241% (14976/22272)
Loss: 0.928 | Precision@1: 67.250% (15064/22400)
Loss: 0.928 | Precision@1: 67.298% (15161/22528)
Loss: 0.927 | Precision@1: 67.320% (15252/22656)
Loss: 0.928 | Precision@1: 67.288% (15331/22784)
Loss: 0.927 | Precision@1: 67.288% (15417/22912)
Loss: 0.927 | Precision@1: 67.296% (15505/23040)
Loss: 0.927 | Precision@1: 67.321% (15597/23168)
Loss: 0.927 | Precision@1: 67.299% (15678/23296)
Loss: 0.927 | Precision@1: 67.286% (15761/23424)
Loss: 0.927 | Precision@1: 67.323% (15856/23552)
Loss: 0.926 | Precision@1: 67.335% (15945/23680)
Loss: 0.927 | Precision@1: 67.297% (16022/23808)
Loss: 0.927 | Precision@1: 67.313% (16112/23936)
Loss: 0.926 | Precision@1: 67.325% (16201/24064)
Loss: 0.926 | Precision@1: 67.349% (16293/24192)
Loss: 0.925 | Precision@1: 67.373% (16385/24320)
Loss: 0.926 | Precision@1: 67.367% (16470/24448)
Loss: 0.926 | Precision@1: 67.399% (16564/24576)
Loss: 0.926 | Precision@1: 67.353% (16639/24704)
Loss: 0.926 | Precision@1: 67.365% (16728/24832)
Loss: 0.926 | Precision@1: 67.360% (16813/24960)
Loss: 0.925 | Precision@1: 67.387% (16906/25088)
Loss: 0.926 | Precision@1: 67.354% (16984/25216)
Loss: 0.926 | Precision@1: 67.341% (17067/25344)
Loss: 0.926 | Precision@1: 67.345% (17154/25472)
Loss: 0.926 | Precision@1: 67.352% (17242/25600)
Loss: 0.926 | Precision@1: 67.355% (17329/25728)
Loss: 0.925 | Precision@1: 67.362% (17417/25856)
Loss: 0.926 | Precision@1: 67.353% (17501/25984)
Loss: 0.925 | Precision@1: 67.356% (17588/26112)
Loss: 0.925 | Precision@1: 67.382% (17681/26240)
Loss: 0.924 | Precision@1: 67.426% (17779/26368)
Loss: 0.924 | Precision@1: 67.429% (17866/26496)
Loss: 0.924 | Precision@1: 67.424% (17951/26624)
Loss: 0.923 | Precision@1: 67.483% (18053/26752)
Loss: 0.922 | Precision@1: 67.500% (18144/26880)
Loss: 0.922 | Precision@1: 67.524% (18237/27008)
Loss: 0.922 | Precision@1: 67.519% (18322/27136)
Loss: 0.922 | Precision@1: 67.525% (18410/27264)
Loss: 0.922 | Precision@1: 67.494% (18488/27392)
Loss: 0.921 | Precision@1: 67.511% (18579/27520)
Loss: 0.921 | Precision@1: 67.509% (18665/27648)
Loss: 0.922 | Precision@1: 67.486% (18745/27776)
Loss: 0.922 | Precision@1: 67.485% (18831/27904)
Loss: 0.922 | Precision@1: 67.512% (18925/28032)
Loss: 0.921 | Precision@1: 67.507% (19010/28160)
Loss: 0.920 | Precision@1: 67.552% (19109/28288)
Loss: 0.919 | Precision@1: 67.564% (19199/28416)
Loss: 0.919 | Precision@1: 67.566% (19286/28544)
Loss: 0.919 | Precision@1: 67.568% (19373/28672)
Loss: 0.919 | Precision@1: 67.562% (19458/28800)
Loss: 0.919 | Precision@1: 67.554% (19542/28928)
Loss: 0.918 | Precision@1: 67.580% (19636/29056)
Loss: 0.918 | Precision@1: 67.588% (19725/29184)
Loss: 0.918 | Precision@1: 67.631% (19824/29312)
Loss: 0.917 | Precision@1: 67.666% (19921/29440)
Loss: 0.917 | Precision@1: 67.664% (20007/29568)
Loss: 0.917 | Precision@1: 67.642% (20087/29696)
Loss: 0.916 | Precision@1: 67.660% (20179/29824)
Loss: 0.916 | Precision@1: 67.658% (20265/29952)
Loss: 0.915 | Precision@1: 67.706% (20366/30080)
Loss: 0.915 | Precision@1: 67.697% (20450/30208)
Loss: 0.915 | Precision@1: 67.698% (20537/30336)
Loss: 0.914 | Precision@1: 67.716% (20629/30464)
Loss: 0.914 | Precision@1: 67.727% (20719/30592)
Loss: 0.915 | Precision@1: 67.718% (20803/30720)
Loss: 0.914 | Precision@1: 67.722% (20891/30848)
Loss: 0.914 | Precision@1: 67.717% (20976/30976)
Loss: 0.913 | Precision@1: 67.760% (21076/31104)
Loss: 0.913 | Precision@1: 67.770% (21166/31232)
Loss: 0.912 | Precision@1: 67.793% (21260/31360)
Loss: 0.912 | Precision@1: 67.797% (21348/31488)
Loss: 0.912 | Precision@1: 67.795% (21434/31616)
Loss: 0.912 | Precision@1: 67.799% (21522/31744)
Loss: 0.912 | Precision@1: 67.799% (21609/31872)
Loss: 0.912 | Precision@1: 67.791% (21693/32000)
Loss: 0.912 | Precision@1: 67.788% (21779/32128)
Loss: 0.912 | Precision@1: 67.798% (21869/32256)
Loss: 0.912 | Precision@1: 67.793% (21954/32384)
Loss: 0.912 | Precision@1: 67.797% (22042/32512)
Loss: 0.912 | Precision@1: 67.797% (22129/32640)
Loss: 0.912 | Precision@1: 67.783% (22211/32768)
Loss: 0.912 | Precision@1: 67.774% (22295/32896)
Loss: 0.912 | Precision@1: 67.778% (22383/33024)
Loss: 0.912 | Precision@1: 67.788% (22473/33152)
Loss: 0.912 | Precision@1: 67.800% (22564/33280)
Loss: 0.911 | Precision@1: 67.837% (22663/33408)
Loss: 0.912 | Precision@1: 67.826% (22746/33536)
Loss: 0.911 | Precision@1: 67.826% (22833/33664)
Loss: 0.911 | Precision@1: 67.836% (22923/33792)
Loss: 0.911 | Precision@1: 67.836% (23010/33920)
Loss: 0.910 | Precision@1: 67.857% (23104/34048)
Loss: 0.911 | Precision@1: 67.858% (23191/34176)
Loss: 0.911 | Precision@1: 67.858% (23278/34304)
Loss: 0.910 | Precision@1: 67.879% (23372/34432)
Loss: 0.910 | Precision@1: 67.882% (23460/34560)
Loss: 0.909 | Precision@1: 67.888% (23549/34688)
Loss: 0.909 | Precision@1: 67.891% (23637/34816)
Loss: 0.909 | Precision@1: 67.891% (23724/34944)
Loss: 0.909 | Precision@1: 67.895% (23812/35072)
Loss: 0.908 | Precision@1: 67.895% (23899/35200)
Loss: 0.908 | Precision@1: 67.904% (23989/35328)
Loss: 0.907 | Precision@1: 67.912% (24079/35456)
Loss: 0.908 | Precision@1: 67.887% (24157/35584)
Loss: 0.908 | Precision@1: 67.899% (24248/35712)
Loss: 0.908 | Precision@1: 67.907% (24338/35840)
Loss: 0.908 | Precision@1: 67.910% (24426/35968)
Loss: 0.908 | Precision@1: 67.913% (24514/36096)
Loss: 0.908 | Precision@1: 67.916% (24602/36224)
Loss: 0.908 | Precision@1: 67.930% (24694/36352)
Loss: 0.908 | Precision@1: 67.914% (24775/36480)
Loss: 0.908 | Precision@1: 67.903% (24858/36608)
Loss: 0.908 | Precision@1: 67.909% (24947/36736)
Loss: 0.908 | Precision@1: 67.920% (25038/36864)
Loss: 0.907 | Precision@1: 67.928% (25128/36992)
Loss: 0.907 | Precision@1: 67.920% (25212/37120)
Loss: 0.907 | Precision@1: 67.920% (25299/37248)
Loss: 0.908 | Precision@1: 67.902% (25379/37376)
Loss: 0.907 | Precision@1: 67.915% (25471/37504)
Loss: 0.907 | Precision@1: 67.921% (25560/37632)
Loss: 0.906 | Precision@1: 67.937% (25653/37760)
Loss: 0.906 | Precision@1: 67.958% (25748/37888)
Loss: 0.905 | Precision@1: 67.987% (25846/38016)
Loss: 0.905 | Precision@1: 67.998% (25937/38144)
Loss: 0.905 | Precision@1: 68.016% (26031/38272)
Loss: 0.905 | Precision@1: 68.021% (26120/38400)
Loss: 0.905 | Precision@1: 68.015% (26205/38528)
Loss: 0.905 | Precision@1: 68.033% (26299/38656)
Loss: 0.905 | Precision@1: 68.023% (26382/38784)
Loss: 0.905 | Precision@1: 68.020% (26468/38912)
Loss: 0.905 | Precision@1: 68.007% (26550/39040)
Loss: 0.905 | Precision@1: 68.012% (26639/39168)
Loss: 0.905 | Precision@1: 68.022% (26730/39296)
Loss: 0.905 | Precision@1: 68.009% (26812/39424)
Loss: 0.905 | Precision@1: 67.997% (26894/39552)
Loss: 0.905 | Precision@1: 67.999% (26982/39680)
Loss: 0.906 | Precision@1: 67.994% (27067/39808)
Loss: 0.906 | Precision@1: 67.999% (27156/39936)
Loss: 0.905 | Precision@1: 68.029% (27255/40064)
Loss: 0.905 | Precision@1: 68.031% (27343/40192)
Loss: 0.905 | Precision@1: 68.046% (27436/40320)
Loss: 0.905 | Precision@1: 68.055% (27527/40448)
Loss: 0.905 | Precision@1: 68.070% (27620/40576)
Loss: 0.905 | Precision@1: 68.060% (27703/40704)
Loss: 0.905 | Precision@1: 68.057% (27789/40832)
Loss: 0.905 | Precision@1: 68.054% (27875/40960)
Loss: 0.905 | Precision@1: 68.056% (27963/41088)
Loss: 0.905 | Precision@1: 68.042% (28044/41216)
Loss: 0.905 | Precision@1: 68.056% (28137/41344)
Loss: 0.905 | Precision@1: 68.051% (28222/41472)
Loss: 0.904 | Precision@1: 68.072% (28318/41600)
Loss: 0.904 | Precision@1: 68.093% (28414/41728)
Loss: 0.904 | Precision@1: 68.105% (28506/41856)
Loss: 0.904 | Precision@1: 68.090% (28587/41984)
Loss: 0.904 | Precision@1: 68.061% (28662/42112)
Loss: 0.905 | Precision@1: 68.047% (28743/42240)
Loss: 0.905 | Precision@1: 68.054% (28833/42368)
Loss: 0.904 | Precision@1: 68.079% (28931/42496)
Loss: 0.904 | Precision@1: 68.072% (29015/42624)
Loss: 0.904 | Precision@1: 68.058% (29096/42752)
Loss: 0.904 | Precision@1: 68.064% (29186/42880)
Loss: 0.904 | Precision@1: 68.090% (29284/43008)
Loss: 0.904 | Precision@1: 68.092% (29372/43136)
Loss: 0.904 | Precision@1: 68.084% (29456/43264)
Loss: 0.904 | Precision@1: 68.084% (29543/43392)
Loss: 0.904 | Precision@1: 68.091% (29633/43520)
Loss: 0.904 | Precision@1: 68.092% (29721/43648)
Loss: 0.903 | Precision@1: 68.101% (29812/43776)
Loss: 0.903 | Precision@1: 68.115% (29905/43904)
Loss: 0.903 | Precision@1: 68.119% (29994/44032)
Loss: 0.903 | Precision@1: 68.116% (30080/44160)
Loss: 0.903 | Precision@1: 68.122% (30170/44288)
Loss: 0.903 | Precision@1: 68.117% (30255/44416)
Loss: 0.902 | Precision@1: 68.119% (30343/44544)
Loss: 0.902 | Precision@1: 68.139% (30439/44672)
Loss: 0.902 | Precision@1: 68.138% (30526/44800)
Loss: 0.902 | Precision@1: 68.138% (30613/44928)
Loss: 0.902 | Precision@1: 68.142% (30702/45056)
Loss: 0.902 | Precision@1: 68.135% (30786/45184)
Loss: 0.902 | Precision@1: 68.130% (30871/45312)
Loss: 0.902 | Precision@1: 68.127% (30957/45440)
Loss: 0.902 | Precision@1: 68.122% (31042/45568)
Loss: 0.902 | Precision@1: 68.109% (31123/45696)
Loss: 0.902 | Precision@1: 68.135% (31222/45824)
Loss: 0.901 | Precision@1: 68.152% (31317/45952)
Loss: 0.901 | Precision@1: 68.151% (31404/46080)
Loss: 0.900 | Precision@1: 68.170% (31500/46208)
Loss: 0.900 | Precision@1: 68.169% (31587/46336)
Loss: 0.900 | Precision@1: 68.184% (31681/46464)
Loss: 0.900 | Precision@1: 68.192% (31772/46592)
Loss: 0.900 | Precision@1: 68.206% (31866/46720)
Loss: 0.899 | Precision@1: 68.225% (31962/46848)
Loss: 0.899 | Precision@1: 68.228% (32051/46976)
Loss: 0.898 | Precision@1: 68.253% (32150/47104)
Loss: 0.899 | Precision@1: 68.246% (32234/47232)
Loss: 0.898 | Precision@1: 68.273% (32334/47360)
Loss: 0.898 | Precision@1: 68.274% (32422/47488)
Loss: 0.898 | Precision@1: 68.282% (32513/47616)
Loss: 0.898 | Precision@1: 68.287% (32603/47744)
Loss: 0.898 | Precision@1: 68.307% (32700/47872)
Loss: 0.897 | Precision@1: 68.323% (32795/48000)
Loss: 0.897 | Precision@1: 68.330% (32886/48128)
Loss: 0.897 | Precision@1: 68.346% (32981/48256)
Loss: 0.897 | Precision@1: 68.339% (33065/48384)
Loss: 0.897 | Precision@1: 68.348% (33157/48512)
Loss: 0.897 | Precision@1: 68.357% (33249/48640)
Loss: 0.897 | Precision@1: 68.350% (33333/48768)
Loss: 0.896 | Precision@1: 68.380% (33435/48896)
Loss: 0.896 | Precision@1: 68.397% (33531/49024)
Loss: 0.896 | Precision@1: 68.408% (33624/49152)
Loss: 0.896 | Precision@1: 68.415% (33715/49280)
Loss: 0.896 | Precision@1: 68.404% (33797/49408)
Loss: 0.896 | Precision@1: 68.417% (33891/49536)
Loss: 0.895 | Precision@1: 68.426% (33983/49664)
Loss: 0.895 | Precision@1: 68.433% (34074/49792)
Loss: 0.895 | Precision@1: 68.442% (34166/49920)
Loss: 0.894 | Precision@1: 68.456% (34228/50000)

Aggregates: 			
 	 DataLoader Time: 0.6401 			
 	 Mini-batch Time:138.6809 			
 	 Training Epoch Time:138.7012
 			
 Averages: 			
 	 Training Loss: 0.8944

 Test set Averages: Loss: 0.965 | Precision@1: 66.870% (6687/10000)
Average dataloader time is 0.64
