model name	: Intel(R) Xeon(R) CPU E5-2650 0 @ 2.00GHz
Sun Oct 27 17:29:57 2019       
+-----------------------------------------------------------------------------+
| NVIDIA-SMI 418.74       Driver Version: 418.74       CUDA Version: 10.1     |
|-------------------------------+----------------------+----------------------+
| GPU  Name        Persistence-M| Bus-Id        Disp.A | Volatile Uncorr. ECC |
| Fan  Temp  Perf  Pwr:Usage/Cap|         Memory-Usage | GPU-Util  Compute M. |
|===============================+======================+======================|
|   0  GeForce GTX TIT...  On   | 00000000:02:00.0 Off |                  N/A |
| 26%   42C    P2    94W / 250W |    383MiB /  6083MiB |      5%      Default |
+-------------------------------+----------------------+----------------------+
                                                                               
+-----------------------------------------------------------------------------+
| Processes:                                                       GPU Memory |
|  GPU       PID   Type   Process name                             Usage      |
|=============================================================================|
|    0     26009      C   python3                                      370MiB |
+-----------------------------------------------------------------------------+
Files already downloaded and verified
Files already downloaded and verified

Epoch: 0
Loss: 2.402 | Precision@1: 10.938% (14/128)
Loss: 2.699 | Precision@1: 11.328% (29/256)
Loss: 3.576 | Precision@1: 9.635% (37/384)
Loss: 4.239 | Precision@1: 10.547% (54/512)
Loss: 4.118 | Precision@1: 11.875% (76/640)
Loss: 4.114 | Precision@1: 11.589% (89/768)
Loss: 4.224 | Precision@1: 12.835% (115/896)
Loss: 4.151 | Precision@1: 13.379% (137/1024)
Loss: 4.048 | Precision@1: 13.108% (151/1152)
Loss: 3.991 | Precision@1: 13.125% (168/1280)
Loss: 3.925 | Precision@1: 13.352% (188/1408)
Loss: 3.889 | Precision@1: 13.411% (206/1536)
Loss: 3.830 | Precision@1: 13.702% (228/1664)
Loss: 3.787 | Precision@1: 13.449% (241/1792)
Loss: 3.718 | Precision@1: 13.333% (256/1920)
Loss: 3.670 | Precision@1: 13.086% (268/2048)
Loss: 3.604 | Precision@1: 12.776% (278/2176)
Loss: 3.541 | Precision@1: 12.977% (299/2304)
Loss: 3.490 | Precision@1: 13.281% (323/2432)
Loss: 3.425 | Precision@1: 13.555% (347/2560)
Loss: 3.369 | Precision@1: 13.876% (373/2688)
Loss: 3.342 | Precision@1: 13.849% (390/2816)
Loss: 3.295 | Precision@1: 14.029% (413/2944)
Loss: 3.254 | Precision@1: 14.193% (436/3072)
Loss: 3.214 | Precision@1: 14.219% (455/3200)
Loss: 3.204 | Precision@1: 14.273% (475/3328)
Loss: 3.168 | Precision@1: 14.352% (496/3456)
Loss: 3.137 | Precision@1: 14.481% (519/3584)
Loss: 3.163 | Precision@1: 14.440% (536/3712)
Loss: 3.150 | Precision@1: 14.635% (562/3840)
Loss: 3.135 | Precision@1: 14.567% (578/3968)
Loss: 3.118 | Precision@1: 14.673% (601/4096)
Loss: 3.096 | Precision@1: 14.938% (631/4224)
Loss: 3.087 | Precision@1: 14.890% (648/4352)
Loss: 3.068 | Precision@1: 14.955% (670/4480)
Loss: 3.050 | Precision@1: 15.039% (693/4608)
Loss: 3.033 | Precision@1: 15.097% (715/4736)
Loss: 3.023 | Precision@1: 15.173% (738/4864)
Loss: 3.011 | Precision@1: 15.144% (756/4992)
Loss: 2.991 | Precision@1: 15.273% (782/5120)
Loss: 2.980 | Precision@1: 15.358% (806/5248)
Loss: 2.961 | Precision@1: 15.458% (831/5376)
Loss: 2.947 | Precision@1: 15.552% (856/5504)
Loss: 2.931 | Precision@1: 15.589% (878/5632)
Loss: 2.912 | Precision@1: 15.677% (903/5760)
Loss: 2.897 | Precision@1: 15.761% (928/5888)
Loss: 2.887 | Precision@1: 15.858% (954/6016)
Loss: 2.877 | Precision@1: 15.902% (977/6144)
Loss: 2.862 | Precision@1: 15.992% (1003/6272)
Loss: 2.847 | Precision@1: 16.344% (1046/6400)
Loss: 2.836 | Precision@1: 16.483% (1076/6528)
Loss: 2.823 | Precision@1: 16.602% (1105/6656)
Loss: 2.809 | Precision@1: 16.672% (1131/6784)
Loss: 2.798 | Precision@1: 16.580% (1146/6912)
Loss: 2.789 | Precision@1: 16.662% (1173/7040)
Loss: 2.778 | Precision@1: 16.797% (1204/7168)
Loss: 2.767 | Precision@1: 16.954% (1237/7296)
Loss: 2.757 | Precision@1: 17.012% (1263/7424)
Loss: 2.749 | Precision@1: 16.949% (1280/7552)
Loss: 2.739 | Precision@1: 17.057% (1310/7680)
Loss: 2.730 | Precision@1: 16.983% (1326/7808)
Loss: 2.724 | Precision@1: 16.910% (1342/7936)
Loss: 2.714 | Precision@1: 16.952% (1367/8064)
Loss: 2.704 | Precision@1: 16.968% (1390/8192)
Loss: 2.695 | Precision@1: 17.055% (1419/8320)
Loss: 2.684 | Precision@1: 17.140% (1448/8448)
Loss: 2.675 | Precision@1: 17.269% (1481/8576)
Loss: 2.666 | Precision@1: 17.302% (1506/8704)
Loss: 2.659 | Precision@1: 17.357% (1533/8832)
Loss: 2.650 | Precision@1: 17.433% (1562/8960)
Loss: 2.642 | Precision@1: 17.408% (1582/9088)
Loss: 2.632 | Precision@1: 17.405% (1604/9216)
Loss: 2.626 | Precision@1: 17.476% (1633/9344)
Loss: 2.617 | Precision@1: 17.525% (1660/9472)
Loss: 2.610 | Precision@1: 17.521% (1682/9600)
Loss: 2.601 | Precision@1: 17.578% (1710/9728)
Loss: 2.595 | Precision@1: 17.644% (1739/9856)
Loss: 2.589 | Precision@1: 17.778% (1775/9984)
Loss: 2.581 | Precision@1: 17.791% (1799/10112)
Loss: 2.575 | Precision@1: 17.822% (1825/10240)
Loss: 2.568 | Precision@1: 17.863% (1852/10368)
Loss: 2.560 | Precision@1: 17.959% (1885/10496)
Loss: 2.554 | Precision@1: 17.997% (1912/10624)
Loss: 2.546 | Precision@1: 18.145% (1951/10752)
Loss: 2.542 | Precision@1: 18.162% (1976/10880)
Loss: 2.535 | Precision@1: 18.287% (2013/11008)
Loss: 2.530 | Precision@1: 18.292% (2037/11136)
Loss: 2.525 | Precision@1: 18.315% (2063/11264)
Loss: 2.520 | Precision@1: 18.390% (2095/11392)
Loss: 2.514 | Precision@1: 18.464% (2127/11520)
Loss: 2.509 | Precision@1: 18.527% (2158/11648)
Loss: 2.505 | Precision@1: 18.487% (2177/11776)
Loss: 2.500 | Precision@1: 18.473% (2199/11904)
Loss: 2.495 | Precision@1: 18.501% (2226/12032)
Loss: 2.490 | Precision@1: 18.512% (2251/12160)
Loss: 2.486 | Precision@1: 18.571% (2282/12288)
Loss: 2.481 | Precision@1: 18.557% (2304/12416)
Loss: 2.476 | Precision@1: 18.575% (2330/12544)
Loss: 2.471 | Precision@1: 18.616% (2359/12672)
Loss: 2.466 | Precision@1: 18.727% (2397/12800)
Loss: 2.461 | Precision@1: 18.812% (2432/12928)
Loss: 2.457 | Precision@1: 18.873% (2464/13056)
Loss: 2.453 | Precision@1: 18.955% (2499/13184)
Loss: 2.448 | Precision@1: 19.066% (2538/13312)
Loss: 2.445 | Precision@1: 19.048% (2560/13440)
Loss: 2.442 | Precision@1: 19.067% (2587/13568)
Loss: 2.438 | Precision@1: 19.159% (2624/13696)
Loss: 2.434 | Precision@1: 19.278% (2665/13824)
Loss: 2.431 | Precision@1: 19.245% (2685/13952)
Loss: 2.427 | Precision@1: 19.276% (2714/14080)
Loss: 2.423 | Precision@1: 19.369% (2752/14208)
Loss: 2.419 | Precision@1: 19.364% (2776/14336)
Loss: 2.415 | Precision@1: 19.379% (2803/14464)
Loss: 2.411 | Precision@1: 19.456% (2839/14592)
Loss: 2.407 | Precision@1: 19.545% (2877/14720)
Loss: 2.402 | Precision@1: 19.599% (2910/14848)
Loss: 2.398 | Precision@1: 19.685% (2948/14976)
Loss: 2.393 | Precision@1: 19.730% (2980/15104)
Loss: 2.390 | Precision@1: 19.827% (3020/15232)
Loss: 2.387 | Precision@1: 19.883% (3054/15360)
Loss: 2.383 | Precision@1: 19.951% (3090/15488)
Loss: 2.379 | Precision@1: 20.024% (3127/15616)
Loss: 2.375 | Precision@1: 20.147% (3172/15744)
Loss: 2.371 | Precision@1: 20.218% (3209/15872)
Loss: 2.368 | Precision@1: 20.231% (3237/16000)
Loss: 2.365 | Precision@1: 20.275% (3270/16128)
Loss: 2.361 | Precision@1: 20.288% (3298/16256)
Loss: 2.358 | Precision@1: 20.294% (3325/16384)
Loss: 2.354 | Precision@1: 20.355% (3361/16512)
Loss: 2.351 | Precision@1: 20.409% (3396/16640)
Loss: 2.348 | Precision@1: 20.444% (3428/16768)
Loss: 2.346 | Precision@1: 20.514% (3466/16896)
Loss: 2.342 | Precision@1: 20.641% (3514/17024)
Loss: 2.338 | Precision@1: 20.686% (3548/17152)
Loss: 2.334 | Precision@1: 20.729% (3582/17280)
Loss: 2.332 | Precision@1: 20.732% (3609/17408)
Loss: 2.329 | Precision@1: 20.752% (3639/17536)
Loss: 2.327 | Precision@1: 20.748% (3665/17664)
Loss: 2.324 | Precision@1: 20.824% (3705/17792)
Loss: 2.320 | Precision@1: 20.882% (3742/17920)
Loss: 2.318 | Precision@1: 20.950% (3781/18048)
Loss: 2.315 | Precision@1: 21.044% (3825/18176)
Loss: 2.312 | Precision@1: 21.105% (3863/18304)
Loss: 2.310 | Precision@1: 21.088% (3887/18432)
Loss: 2.307 | Precision@1: 21.126% (3921/18560)
Loss: 2.304 | Precision@1: 21.206% (3963/18688)
Loss: 2.302 | Precision@1: 21.216% (3992/18816)
Loss: 2.298 | Precision@1: 21.284% (4032/18944)
Loss: 2.295 | Precision@1: 21.303% (4063/19072)
Loss: 2.293 | Precision@1: 21.333% (4096/19200)
Loss: 2.291 | Precision@1: 21.378% (4132/19328)
Loss: 2.288 | Precision@1: 21.433% (4170/19456)
Loss: 2.285 | Precision@1: 21.533% (4217/19584)
Loss: 2.283 | Precision@1: 21.555% (4249/19712)
Loss: 2.281 | Precision@1: 21.583% (4282/19840)
Loss: 2.278 | Precision@1: 21.615% (4316/19968)
Loss: 2.276 | Precision@1: 21.676% (4356/20096)
Loss: 2.274 | Precision@1: 21.687% (4386/20224)
Loss: 2.271 | Precision@1: 21.713% (4419/20352)
Loss: 2.269 | Precision@1: 21.758% (4456/20480)
Loss: 2.267 | Precision@1: 21.793% (4491/20608)
Loss: 2.265 | Precision@1: 21.803% (4521/20736)
Loss: 2.263 | Precision@1: 21.808% (4550/20864)
Loss: 2.261 | Precision@1: 21.823% (4581/20992)
Loss: 2.259 | Precision@1: 21.870% (4619/21120)
Loss: 2.256 | Precision@1: 21.922% (4658/21248)
Loss: 2.254 | Precision@1: 21.950% (4692/21376)
Loss: 2.252 | Precision@1: 21.987% (4728/21504)
Loss: 2.249 | Precision@1: 22.041% (4768/21632)
Loss: 2.248 | Precision@1: 22.073% (4803/21760)
Loss: 2.245 | Precision@1: 22.131% (4844/21888)
Loss: 2.242 | Precision@1: 22.184% (4884/22016)
Loss: 2.240 | Precision@1: 22.241% (4925/22144)
Loss: 2.237 | Precision@1: 22.315% (4970/22272)
Loss: 2.235 | Precision@1: 22.397% (5017/22400)
Loss: 2.232 | Precision@1: 22.483% (5065/22528)
Loss: 2.229 | Precision@1: 22.511% (5100/22656)
Loss: 2.228 | Precision@1: 22.542% (5136/22784)
Loss: 2.226 | Precision@1: 22.560% (5169/22912)
Loss: 2.224 | Precision@1: 22.595% (5206/23040)
Loss: 2.222 | Precision@1: 22.643% (5246/23168)
Loss: 2.220 | Precision@1: 22.673% (5282/23296)
Loss: 2.218 | Precision@1: 22.690% (5315/23424)
Loss: 2.217 | Precision@1: 22.711% (5349/23552)
Loss: 2.215 | Precision@1: 22.741% (5385/23680)
Loss: 2.213 | Precision@1: 22.786% (5425/23808)
Loss: 2.210 | Precision@1: 22.798% (5457/23936)
Loss: 2.208 | Precision@1: 22.864% (5502/24064)
Loss: 2.206 | Precision@1: 22.925% (5546/24192)
Loss: 2.203 | Precision@1: 22.948% (5581/24320)
Loss: 2.202 | Precision@1: 22.988% (5620/24448)
Loss: 2.201 | Precision@1: 22.998% (5652/24576)
Loss: 2.199 | Precision@1: 23.021% (5687/24704)
Loss: 2.197 | Precision@1: 23.051% (5724/24832)
Loss: 2.195 | Precision@1: 23.089% (5763/24960)
Loss: 2.193 | Precision@1: 23.174% (5814/25088)
Loss: 2.191 | Precision@1: 23.243% (5861/25216)
Loss: 2.190 | Precision@1: 23.284% (5901/25344)
Loss: 2.188 | Precision@1: 23.343% (5946/25472)
Loss: 2.186 | Precision@1: 23.414% (5994/25600)
Loss: 2.184 | Precision@1: 23.438% (6030/25728)
Loss: 2.182 | Precision@1: 23.472% (6069/25856)
Loss: 2.181 | Precision@1: 23.530% (6114/25984)
Loss: 2.179 | Precision@1: 23.595% (6161/26112)
Loss: 2.177 | Precision@1: 23.647% (6205/26240)
Loss: 2.176 | Precision@1: 23.680% (6244/26368)
Loss: 2.174 | Precision@1: 23.717% (6284/26496)
Loss: 2.172 | Precision@1: 23.738% (6320/26624)
Loss: 2.171 | Precision@1: 23.778% (6361/26752)
Loss: 2.169 | Precision@1: 23.787% (6394/26880)
Loss: 2.168 | Precision@1: 23.823% (6434/27008)
Loss: 2.166 | Precision@1: 23.902% (6486/27136)
Loss: 2.164 | Precision@1: 23.933% (6525/27264)
Loss: 2.162 | Precision@1: 23.992% (6572/27392)
Loss: 2.161 | Precision@1: 24.004% (6606/27520)
Loss: 2.159 | Precision@1: 24.042% (6647/27648)
Loss: 2.157 | Precision@1: 24.104% (6695/27776)
Loss: 2.156 | Precision@1: 24.115% (6729/27904)
Loss: 2.154 | Precision@1: 24.115% (6760/28032)
Loss: 2.153 | Precision@1: 24.119% (6792/28160)
Loss: 2.151 | Precision@1: 24.162% (6835/28288)
Loss: 2.149 | Precision@1: 24.194% (6875/28416)
Loss: 2.147 | Precision@1: 24.250% (6922/28544)
Loss: 2.146 | Precision@1: 24.289% (6964/28672)
Loss: 2.144 | Precision@1: 24.333% (7008/28800)
Loss: 2.142 | Precision@1: 24.399% (7058/28928)
Loss: 2.140 | Precision@1: 24.429% (7098/29056)
Loss: 2.139 | Precision@1: 24.448% (7135/29184)
Loss: 2.138 | Precision@1: 24.461% (7170/29312)
Loss: 2.137 | Precision@1: 24.474% (7205/29440)
Loss: 2.135 | Precision@1: 24.489% (7241/29568)
Loss: 2.134 | Precision@1: 24.525% (7283/29696)
Loss: 2.132 | Precision@1: 24.574% (7329/29824)
Loss: 2.131 | Precision@1: 24.606% (7370/29952)
Loss: 2.129 | Precision@1: 24.631% (7409/30080)
Loss: 2.128 | Precision@1: 24.642% (7444/30208)
Loss: 2.126 | Precision@1: 24.670% (7484/30336)
Loss: 2.125 | Precision@1: 24.724% (7532/30464)
Loss: 2.124 | Precision@1: 24.729% (7565/30592)
Loss: 2.122 | Precision@1: 24.788% (7615/30720)
Loss: 2.121 | Precision@1: 24.838% (7662/30848)
Loss: 2.119 | Precision@1: 24.881% (7707/30976)
Loss: 2.117 | Precision@1: 24.926% (7753/31104)
Loss: 2.116 | Precision@1: 24.968% (7798/31232)
Loss: 2.114 | Precision@1: 25.019% (7846/31360)
Loss: 2.112 | Precision@1: 25.064% (7892/31488)
Loss: 2.112 | Precision@1: 25.082% (7930/31616)
Loss: 2.110 | Precision@1: 25.107% (7970/31744)
Loss: 2.108 | Precision@1: 25.179% (8025/31872)
Loss: 2.107 | Precision@1: 25.203% (8065/32000)
Loss: 2.106 | Precision@1: 25.205% (8098/32128)
Loss: 2.104 | Precision@1: 25.248% (8144/32256)
Loss: 2.103 | Precision@1: 25.281% (8187/32384)
Loss: 2.101 | Precision@1: 25.335% (8237/32512)
Loss: 2.099 | Precision@1: 25.407% (8293/32640)
Loss: 2.098 | Precision@1: 25.406% (8325/32768)
Loss: 2.097 | Precision@1: 25.432% (8366/32896)
Loss: 2.096 | Precision@1: 25.451% (8405/33024)
Loss: 2.094 | Precision@1: 25.495% (8452/33152)
Loss: 2.093 | Precision@1: 25.541% (8500/33280)
Loss: 2.092 | Precision@1: 25.572% (8543/33408)
Loss: 2.090 | Precision@1: 25.617% (8591/33536)
Loss: 2.089 | Precision@1: 25.639% (8631/33664)
Loss: 2.087 | Precision@1: 25.681% (8678/33792)
Loss: 2.086 | Precision@1: 25.716% (8723/33920)
Loss: 2.085 | Precision@1: 25.749% (8767/34048)
Loss: 2.084 | Precision@1: 25.778% (8810/34176)
Loss: 2.083 | Precision@1: 25.793% (8848/34304)
Loss: 2.081 | Precision@1: 25.845% (8899/34432)
Loss: 2.080 | Precision@1: 25.854% (8935/34560)
Loss: 2.078 | Precision@1: 25.902% (8985/34688)
Loss: 2.077 | Precision@1: 25.925% (9026/34816)
Loss: 2.075 | Precision@1: 25.956% (9070/34944)
Loss: 2.074 | Precision@1: 25.981% (9112/35072)
Loss: 2.073 | Precision@1: 26.011% (9156/35200)
Loss: 2.072 | Precision@1: 26.033% (9197/35328)
Loss: 2.071 | Precision@1: 26.069% (9243/35456)
Loss: 2.070 | Precision@1: 26.093% (9285/35584)
Loss: 2.069 | Precision@1: 26.098% (9320/35712)
Loss: 2.067 | Precision@1: 26.172% (9380/35840)
Loss: 2.066 | Precision@1: 26.162% (9410/35968)
Loss: 2.065 | Precision@1: 26.186% (9452/36096)
Loss: 2.064 | Precision@1: 26.231% (9502/36224)
Loss: 2.063 | Precision@1: 26.252% (9543/36352)
Loss: 2.062 | Precision@1: 26.266% (9582/36480)
Loss: 2.061 | Precision@1: 26.289% (9624/36608)
Loss: 2.060 | Precision@1: 26.304% (9663/36736)
Loss: 2.058 | Precision@1: 26.343% (9711/36864)
Loss: 2.057 | Precision@1: 26.365% (9753/36992)
Loss: 2.056 | Precision@1: 26.417% (9806/37120)
Loss: 2.055 | Precision@1: 26.447% (9851/37248)
Loss: 2.054 | Precision@1: 26.461% (9890/37376)
Loss: 2.053 | Precision@1: 26.488% (9934/37504)
Loss: 2.052 | Precision@1: 26.507% (9975/37632)
Loss: 2.052 | Precision@1: 26.528% (10017/37760)
Loss: 2.051 | Precision@1: 26.570% (10067/37888)
Loss: 2.049 | Precision@1: 26.610% (10116/38016)
Loss: 2.049 | Precision@1: 26.610% (10150/38144)
Loss: 2.048 | Precision@1: 26.638% (10195/38272)
Loss: 2.047 | Precision@1: 26.661% (10238/38400)
Loss: 2.046 | Precision@1: 26.674% (10277/38528)
Loss: 2.045 | Precision@1: 26.697% (10320/38656)
Loss: 2.044 | Precision@1: 26.717% (10362/38784)
Loss: 2.043 | Precision@1: 26.760% (10413/38912)
Loss: 2.042 | Precision@1: 26.785% (10457/39040)
Loss: 2.041 | Precision@1: 26.828% (10508/39168)
Loss: 2.039 | Precision@1: 26.853% (10552/39296)
Loss: 2.039 | Precision@1: 26.882% (10598/39424)
Loss: 2.037 | Precision@1: 26.929% (10651/39552)
Loss: 2.036 | Precision@1: 26.986% (10708/39680)
Loss: 2.035 | Precision@1: 27.015% (10754/39808)
Loss: 2.034 | Precision@1: 27.026% (10793/39936)
Loss: 2.033 | Precision@1: 27.044% (10835/40064)
Loss: 2.032 | Precision@1: 27.060% (10876/40192)
Loss: 2.031 | Precision@1: 27.106% (10929/40320)
Loss: 2.030 | Precision@1: 27.126% (10972/40448)
Loss: 2.029 | Precision@1: 27.137% (11011/40576)
Loss: 2.027 | Precision@1: 27.172% (11060/40704)
Loss: 2.026 | Precision@1: 27.199% (11106/40832)
Loss: 2.025 | Precision@1: 27.217% (11148/40960)
Loss: 2.025 | Precision@1: 27.229% (11188/41088)
Loss: 2.024 | Precision@1: 27.247% (11230/41216)
Loss: 2.023 | Precision@1: 27.264% (11272/41344)
Loss: 2.022 | Precision@1: 27.288% (11317/41472)
Loss: 2.020 | Precision@1: 27.332% (11370/41600)
Loss: 2.020 | Precision@1: 27.373% (11422/41728)
Loss: 2.019 | Precision@1: 27.399% (11468/41856)
Loss: 2.018 | Precision@1: 27.415% (11510/41984)
Loss: 2.017 | Precision@1: 27.434% (11553/42112)
Loss: 2.017 | Precision@1: 27.436% (11589/42240)
Loss: 2.015 | Precision@1: 27.481% (11643/42368)
Loss: 2.014 | Precision@1: 27.516% (11693/42496)
Loss: 2.013 | Precision@1: 27.541% (11739/42624)
Loss: 2.012 | Precision@1: 27.571% (11787/42752)
Loss: 2.011 | Precision@1: 27.614% (11841/42880)
Loss: 2.010 | Precision@1: 27.620% (11879/43008)
Loss: 2.009 | Precision@1: 27.659% (11931/43136)
Loss: 2.008 | Precision@1: 27.665% (11969/43264)
Loss: 2.007 | Precision@1: 27.685% (12013/43392)
Loss: 2.007 | Precision@1: 27.707% (12058/43520)
Loss: 2.005 | Precision@1: 27.747% (12111/43648)
Loss: 2.004 | Precision@1: 27.785% (12163/43776)
Loss: 2.003 | Precision@1: 27.822% (12215/43904)
Loss: 2.002 | Precision@1: 27.871% (12272/44032)
Loss: 2.001 | Precision@1: 27.862% (12304/44160)
Loss: 2.001 | Precision@1: 27.897% (12355/44288)
Loss: 2.000 | Precision@1: 27.911% (12397/44416)
Loss: 1.999 | Precision@1: 27.912% (12433/44544)
Loss: 1.998 | Precision@1: 27.906% (12466/44672)
Loss: 1.998 | Precision@1: 27.929% (12512/44800)
Loss: 1.997 | Precision@1: 27.954% (12559/44928)
Loss: 1.995 | Precision@1: 27.994% (12613/45056)
Loss: 1.994 | Precision@1: 28.043% (12671/45184)
Loss: 1.993 | Precision@1: 28.057% (12713/45312)
Loss: 1.992 | Precision@1: 28.070% (12755/45440)
Loss: 1.991 | Precision@1: 28.072% (12792/45568)
Loss: 1.991 | Precision@1: 28.068% (12826/45696)
Loss: 1.990 | Precision@1: 28.088% (12871/45824)
Loss: 1.989 | Precision@1: 28.108% (12916/45952)
Loss: 1.989 | Precision@1: 28.138% (12966/46080)
Loss: 1.988 | Precision@1: 28.157% (13011/46208)
Loss: 1.987 | Precision@1: 28.181% (13058/46336)
Loss: 1.987 | Precision@1: 28.177% (13092/46464)
Loss: 1.986 | Precision@1: 28.204% (13141/46592)
Loss: 1.984 | Precision@1: 28.253% (13200/46720)
Loss: 1.984 | Precision@1: 28.285% (13251/46848)
Loss: 1.983 | Precision@1: 28.306% (13297/46976)
Loss: 1.982 | Precision@1: 28.339% (13349/47104)
Loss: 1.981 | Precision@1: 28.347% (13389/47232)
Loss: 1.980 | Precision@1: 28.376% (13439/47360)
Loss: 1.979 | Precision@1: 28.413% (13493/47488)
Loss: 1.978 | Precision@1: 28.440% (13542/47616)
Loss: 1.977 | Precision@1: 28.475% (13595/47744)
Loss: 1.976 | Precision@1: 28.516% (13651/47872)
Loss: 1.975 | Precision@1: 28.542% (13700/48000)
Loss: 1.975 | Precision@1: 28.559% (13745/48128)
Loss: 1.974 | Precision@1: 28.585% (13794/48256)
Loss: 1.973 | Precision@1: 28.602% (13839/48384)
Loss: 1.972 | Precision@1: 28.622% (13885/48512)
Loss: 1.972 | Precision@1: 28.631% (13926/48640)
Loss: 1.971 | Precision@1: 28.656% (13975/48768)
Loss: 1.970 | Precision@1: 28.679% (14023/48896)
Loss: 1.969 | Precision@1: 28.721% (14080/49024)
Loss: 1.968 | Precision@1: 28.750% (14131/49152)
Loss: 1.967 | Precision@1: 28.778% (14182/49280)
Loss: 1.967 | Precision@1: 28.777% (14218/49408)
Loss: 1.966 | Precision@1: 28.813% (14273/49536)
Loss: 1.965 | Precision@1: 28.828% (14317/49664)
Loss: 1.964 | Precision@1: 28.868% (14374/49792)
Loss: 1.964 | Precision@1: 28.904% (14429/49920)
Loss: 1.963 | Precision@1: 28.914% (14457/50000)

Aggregates: 			
 	 DataLoader Time: 17.9117 			
 	 Mini-batch Time:136.1034 			
 	 Training Epoch Time:136.0998
 			
 Averages: 			
 	 Training Loss: 1.9628

 Test set Averages: Loss: 1.635 | Precision@1: 39.160% (3916/10000)

Epoch: 1
Loss: 1.728 | Precision@1: 36.719% (47/128)
Loss: 1.600 | Precision@1: 42.188% (108/256)
Loss: 1.609 | Precision@1: 41.927% (161/384)
Loss: 1.597 | Precision@1: 41.992% (215/512)
Loss: 1.627 | Precision@1: 40.625% (260/640)
Loss: 1.634 | Precision@1: 39.844% (306/768)
Loss: 1.633 | Precision@1: 40.402% (362/896)
Loss: 1.631 | Precision@1: 40.137% (411/1024)
Loss: 1.627 | Precision@1: 39.583% (456/1152)
Loss: 1.642 | Precision@1: 38.750% (496/1280)
Loss: 1.645 | Precision@1: 38.778% (546/1408)
Loss: 1.664 | Precision@1: 38.346% (589/1536)
Loss: 1.659 | Precision@1: 38.762% (645/1664)
Loss: 1.661 | Precision@1: 38.393% (688/1792)
Loss: 1.660 | Precision@1: 38.698% (743/1920)
Loss: 1.666 | Precision@1: 38.574% (790/2048)
Loss: 1.670 | Precision@1: 38.097% (829/2176)
Loss: 1.667 | Precision@1: 38.108% (878/2304)
Loss: 1.676 | Precision@1: 37.788% (919/2432)
Loss: 1.672 | Precision@1: 38.086% (975/2560)
Loss: 1.667 | Precision@1: 38.132% (1025/2688)
Loss: 1.661 | Precision@1: 38.175% (1075/2816)
Loss: 1.661 | Precision@1: 38.213% (1125/2944)
Loss: 1.652 | Precision@1: 38.607% (1186/3072)
Loss: 1.655 | Precision@1: 38.500% (1232/3200)
Loss: 1.646 | Precision@1: 38.852% (1293/3328)
Loss: 1.644 | Precision@1: 39.034% (1349/3456)
Loss: 1.640 | Precision@1: 39.230% (1406/3584)
Loss: 1.636 | Precision@1: 39.547% (1468/3712)
Loss: 1.636 | Precision@1: 39.349% (1511/3840)
Loss: 1.636 | Precision@1: 39.138% (1553/3968)
Loss: 1.639 | Precision@1: 38.989% (1597/4096)
Loss: 1.641 | Precision@1: 39.086% (1651/4224)
Loss: 1.642 | Precision@1: 38.810% (1689/4352)
Loss: 1.638 | Precision@1: 38.772% (1737/4480)
Loss: 1.636 | Precision@1: 38.845% (1790/4608)
Loss: 1.636 | Precision@1: 38.725% (1834/4736)
Loss: 1.636 | Precision@1: 38.754% (1885/4864)
Loss: 1.633 | Precision@1: 38.622% (1928/4992)
Loss: 1.630 | Precision@1: 38.594% (1976/5120)
Loss: 1.634 | Precision@1: 38.319% (2011/5248)
Loss: 1.636 | Precision@1: 38.225% (2055/5376)
Loss: 1.638 | Precision@1: 38.263% (2106/5504)
Loss: 1.637 | Precision@1: 38.335% (2159/5632)
Loss: 1.639 | Precision@1: 38.194% (2200/5760)
Loss: 1.638 | Precision@1: 38.264% (2253/5888)
Loss: 1.641 | Precision@1: 38.049% (2289/6016)
Loss: 1.642 | Precision@1: 37.939% (2331/6144)
Loss: 1.640 | Precision@1: 38.074% (2388/6272)
Loss: 1.639 | Precision@1: 38.016% (2433/6400)
Loss: 1.637 | Precision@1: 38.097% (2487/6528)
Loss: 1.638 | Precision@1: 37.981% (2528/6656)
Loss: 1.635 | Precision@1: 38.104% (2585/6784)
Loss: 1.631 | Precision@1: 38.223% (2642/6912)
Loss: 1.631 | Precision@1: 38.224% (2691/7040)
Loss: 1.630 | Precision@1: 38.239% (2741/7168)
Loss: 1.628 | Precision@1: 38.295% (2794/7296)
Loss: 1.628 | Precision@1: 38.295% (2843/7424)
Loss: 1.628 | Precision@1: 38.294% (2892/7552)
Loss: 1.625 | Precision@1: 38.451% (2953/7680)
Loss: 1.624 | Precision@1: 38.589% (3013/7808)
Loss: 1.624 | Precision@1: 38.596% (3063/7936)
Loss: 1.625 | Precision@1: 38.517% (3106/8064)
Loss: 1.626 | Precision@1: 38.513% (3155/8192)
Loss: 1.627 | Precision@1: 38.389% (3194/8320)
Loss: 1.625 | Precision@1: 38.518% (3254/8448)
Loss: 1.624 | Precision@1: 38.608% (3311/8576)
Loss: 1.622 | Precision@1: 38.660% (3365/8704)
Loss: 1.621 | Precision@1: 38.587% (3408/8832)
Loss: 1.620 | Precision@1: 38.549% (3454/8960)
Loss: 1.619 | Precision@1: 38.567% (3505/9088)
Loss: 1.619 | Precision@1: 38.563% (3554/9216)
Loss: 1.617 | Precision@1: 38.549% (3602/9344)
Loss: 1.616 | Precision@1: 38.598% (3656/9472)
Loss: 1.615 | Precision@1: 38.688% (3714/9600)
Loss: 1.616 | Precision@1: 38.692% (3764/9728)
Loss: 1.618 | Precision@1: 38.667% (3811/9856)
Loss: 1.616 | Precision@1: 38.692% (3863/9984)
Loss: 1.616 | Precision@1: 38.687% (3912/10112)
Loss: 1.614 | Precision@1: 38.818% (3975/10240)
Loss: 1.613 | Precision@1: 38.860% (4029/10368)
Loss: 1.614 | Precision@1: 38.881% (4081/10496)
Loss: 1.613 | Precision@1: 38.959% (4139/10624)
Loss: 1.614 | Precision@1: 38.988% (4192/10752)
Loss: 1.612 | Precision@1: 39.035% (4247/10880)
Loss: 1.611 | Precision@1: 39.090% (4303/11008)
Loss: 1.609 | Precision@1: 39.170% (4362/11136)
Loss: 1.609 | Precision@1: 39.160% (4411/11264)
Loss: 1.608 | Precision@1: 39.106% (4455/11392)
Loss: 1.608 | Precision@1: 39.149% (4510/11520)
Loss: 1.608 | Precision@1: 39.131% (4558/11648)
Loss: 1.606 | Precision@1: 39.215% (4618/11776)
Loss: 1.607 | Precision@1: 39.147% (4660/11904)
Loss: 1.607 | Precision@1: 39.179% (4714/12032)
Loss: 1.604 | Precision@1: 39.301% (4779/12160)
Loss: 1.604 | Precision@1: 39.290% (4828/12288)
Loss: 1.603 | Precision@1: 39.361% (4887/12416)
Loss: 1.604 | Precision@1: 39.373% (4939/12544)
Loss: 1.603 | Precision@1: 39.378% (4990/12672)
Loss: 1.602 | Precision@1: 39.445% (5049/12800)
Loss: 1.602 | Precision@1: 39.480% (5104/12928)
Loss: 1.602 | Precision@1: 39.507% (5158/13056)
Loss: 1.602 | Precision@1: 39.480% (5205/13184)
Loss: 1.601 | Precision@1: 39.506% (5259/13312)
Loss: 1.601 | Precision@1: 39.516% (5311/13440)
Loss: 1.600 | Precision@1: 39.586% (5371/13568)
Loss: 1.600 | Precision@1: 39.559% (5418/13696)
Loss: 1.600 | Precision@1: 39.591% (5473/13824)
Loss: 1.600 | Precision@1: 39.600% (5525/13952)
Loss: 1.600 | Precision@1: 39.574% (5572/14080)
Loss: 1.599 | Precision@1: 39.633% (5631/14208)
Loss: 1.599 | Precision@1: 39.600% (5677/14336)
Loss: 1.598 | Precision@1: 39.685% (5740/14464)
Loss: 1.596 | Precision@1: 39.762% (5802/14592)
Loss: 1.595 | Precision@1: 39.796% (5858/14720)
Loss: 1.595 | Precision@1: 39.803% (5910/14848)
Loss: 1.595 | Precision@1: 39.844% (5967/14976)
Loss: 1.594 | Precision@1: 39.831% (6016/15104)
Loss: 1.593 | Precision@1: 39.870% (6073/15232)
Loss: 1.593 | Precision@1: 39.889% (6127/15360)
Loss: 1.594 | Precision@1: 39.934% (6185/15488)
Loss: 1.593 | Precision@1: 40.004% (6247/15616)
Loss: 1.593 | Precision@1: 39.971% (6293/15744)
Loss: 1.593 | Precision@1: 39.957% (6342/15872)
Loss: 1.593 | Precision@1: 40.006% (6401/16000)
Loss: 1.593 | Precision@1: 40.042% (6458/16128)
Loss: 1.593 | Precision@1: 40.010% (6504/16256)
Loss: 1.593 | Precision@1: 40.051% (6562/16384)
Loss: 1.591 | Precision@1: 40.165% (6632/16512)
Loss: 1.591 | Precision@1: 40.144% (6680/16640)
Loss: 1.590 | Precision@1: 40.214% (6743/16768)
Loss: 1.591 | Precision@1: 40.199% (6792/16896)
Loss: 1.592 | Precision@1: 40.179% (6840/17024)
Loss: 1.592 | Precision@1: 40.188% (6893/17152)
Loss: 1.591 | Precision@1: 40.179% (6943/17280)
Loss: 1.591 | Precision@1: 40.229% (7003/17408)
Loss: 1.590 | Precision@1: 40.254% (7059/17536)
Loss: 1.590 | Precision@1: 40.274% (7114/17664)
Loss: 1.589 | Precision@1: 40.265% (7164/17792)
Loss: 1.589 | Precision@1: 40.296% (7221/17920)
Loss: 1.589 | Precision@1: 40.298% (7273/18048)
Loss: 1.588 | Precision@1: 40.317% (7328/18176)
Loss: 1.588 | Precision@1: 40.319% (7380/18304)
Loss: 1.589 | Precision@1: 40.310% (7430/18432)
Loss: 1.587 | Precision@1: 40.372% (7493/18560)
Loss: 1.587 | Precision@1: 40.368% (7544/18688)
Loss: 1.587 | Precision@1: 40.412% (7604/18816)
Loss: 1.588 | Precision@1: 40.366% (7647/18944)
Loss: 1.587 | Precision@1: 40.415% (7708/19072)
Loss: 1.588 | Precision@1: 40.411% (7759/19200)
Loss: 1.587 | Precision@1: 40.470% (7822/19328)
Loss: 1.586 | Precision@1: 40.481% (7876/19456)
Loss: 1.585 | Precision@1: 40.497% (7931/19584)
Loss: 1.586 | Precision@1: 40.453% (7974/19712)
Loss: 1.585 | Precision@1: 40.504% (8036/19840)
Loss: 1.584 | Precision@1: 40.540% (8095/19968)
Loss: 1.583 | Precision@1: 40.540% (8147/20096)
Loss: 1.583 | Precision@1: 40.541% (8199/20224)
Loss: 1.583 | Precision@1: 40.507% (8244/20352)
Loss: 1.582 | Precision@1: 40.576% (8310/20480)
Loss: 1.582 | Precision@1: 40.572% (8361/20608)
Loss: 1.582 | Precision@1: 40.553% (8409/20736)
Loss: 1.580 | Precision@1: 40.615% (8474/20864)
Loss: 1.580 | Precision@1: 40.625% (8528/20992)
Loss: 1.580 | Precision@1: 40.649% (8585/21120)
Loss: 1.580 | Precision@1: 40.639% (8635/21248)
Loss: 1.580 | Precision@1: 40.653% (8690/21376)
Loss: 1.580 | Precision@1: 40.644% (8740/21504)
Loss: 1.579 | Precision@1: 40.676% (8799/21632)
Loss: 1.579 | Precision@1: 40.680% (8852/21760)
Loss: 1.579 | Precision@1: 40.680% (8904/21888)
Loss: 1.579 | Precision@1: 40.689% (8958/22016)
Loss: 1.579 | Precision@1: 40.688% (9010/22144)
Loss: 1.579 | Precision@1: 40.683% (9061/22272)
Loss: 1.578 | Precision@1: 40.670% (9110/22400)
Loss: 1.578 | Precision@1: 40.638% (9155/22528)
Loss: 1.578 | Precision@1: 40.607% (9200/22656)
Loss: 1.577 | Precision@1: 40.656% (9263/22784)
Loss: 1.576 | Precision@1: 40.699% (9325/22912)
Loss: 1.576 | Precision@1: 40.703% (9378/23040)
Loss: 1.576 | Precision@1: 40.737% (9438/23168)
Loss: 1.575 | Precision@1: 40.784% (9501/23296)
Loss: 1.574 | Precision@1: 40.800% (9557/23424)
Loss: 1.573 | Precision@1: 40.842% (9619/23552)
Loss: 1.573 | Precision@1: 40.815% (9665/23680)
Loss: 1.572 | Precision@1: 40.873% (9731/23808)
Loss: 1.572 | Precision@1: 40.876% (9784/23936)
Loss: 1.572 | Precision@1: 40.878% (9837/24064)
Loss: 1.571 | Precision@1: 40.943% (9905/24192)
Loss: 1.570 | Precision@1: 40.987% (9968/24320)
Loss: 1.571 | Precision@1: 40.993% (10022/24448)
Loss: 1.570 | Precision@1: 41.036% (10085/24576)
Loss: 1.569 | Precision@1: 41.066% (10145/24704)
Loss: 1.569 | Precision@1: 41.092% (10204/24832)
Loss: 1.568 | Precision@1: 41.122% (10264/24960)
Loss: 1.568 | Precision@1: 41.139% (10321/25088)
Loss: 1.567 | Precision@1: 41.180% (10384/25216)
Loss: 1.567 | Precision@1: 41.185% (10438/25344)
Loss: 1.566 | Precision@1: 41.198% (10494/25472)
Loss: 1.566 | Precision@1: 41.223% (10553/25600)
Loss: 1.566 | Precision@1: 41.192% (10598/25728)
Loss: 1.565 | Precision@1: 41.244% (10664/25856)
Loss: 1.564 | Precision@1: 41.264% (10722/25984)
Loss: 1.564 | Precision@1: 41.272% (10777/26112)
Loss: 1.564 | Precision@1: 41.277% (10831/26240)
Loss: 1.563 | Precision@1: 41.315% (10894/26368)
Loss: 1.562 | Precision@1: 41.342% (10954/26496)
Loss: 1.563 | Precision@1: 41.357% (11011/26624)
Loss: 1.563 | Precision@1: 41.395% (11074/26752)
Loss: 1.563 | Precision@1: 41.399% (11128/26880)
Loss: 1.563 | Precision@1: 41.395% (11180/27008)
Loss: 1.563 | Precision@1: 41.443% (11246/27136)
Loss: 1.562 | Precision@1: 41.505% (11316/27264)
Loss: 1.561 | Precision@1: 41.530% (11376/27392)
Loss: 1.561 | Precision@1: 41.552% (11435/27520)
Loss: 1.561 | Precision@1: 41.591% (11499/27648)
Loss: 1.560 | Precision@1: 41.590% (11552/27776)
Loss: 1.559 | Precision@1: 41.600% (11608/27904)
Loss: 1.559 | Precision@1: 41.627% (11669/28032)
Loss: 1.558 | Precision@1: 41.648% (11728/28160)
Loss: 1.558 | Precision@1: 41.668% (11787/28288)
Loss: 1.557 | Precision@1: 41.698% (11849/28416)
Loss: 1.557 | Precision@1: 41.732% (11912/28544)
Loss: 1.557 | Precision@1: 41.748% (11970/28672)
Loss: 1.556 | Precision@1: 41.757% (12026/28800)
Loss: 1.556 | Precision@1: 41.769% (12083/28928)
Loss: 1.556 | Precision@1: 41.795% (12144/29056)
Loss: 1.556 | Precision@1: 41.780% (12193/29184)
Loss: 1.556 | Precision@1: 41.795% (12251/29312)
Loss: 1.555 | Precision@1: 41.804% (12307/29440)
Loss: 1.554 | Precision@1: 41.822% (12366/29568)
Loss: 1.554 | Precision@1: 41.824% (12420/29696)
Loss: 1.553 | Precision@1: 41.876% (12489/29824)
Loss: 1.553 | Precision@1: 41.880% (12544/29952)
Loss: 1.553 | Precision@1: 41.895% (12602/30080)
Loss: 1.553 | Precision@1: 41.923% (12664/30208)
Loss: 1.552 | Precision@1: 41.953% (12727/30336)
Loss: 1.551 | Precision@1: 41.971% (12786/30464)
Loss: 1.551 | Precision@1: 41.991% (12846/30592)
Loss: 1.550 | Precision@1: 42.041% (12915/30720)
Loss: 1.549 | Precision@1: 42.077% (12980/30848)
Loss: 1.549 | Precision@1: 42.091% (13038/30976)
Loss: 1.548 | Precision@1: 42.117% (13100/31104)
Loss: 1.547 | Precision@1: 42.165% (13169/31232)
Loss: 1.547 | Precision@1: 42.184% (13229/31360)
Loss: 1.546 | Precision@1: 42.222% (13295/31488)
Loss: 1.545 | Precision@1: 42.248% (13357/31616)
Loss: 1.545 | Precision@1: 42.288% (13424/31744)
Loss: 1.544 | Precision@1: 42.322% (13489/31872)
Loss: 1.544 | Precision@1: 42.344% (13550/32000)
Loss: 1.543 | Precision@1: 42.362% (13610/32128)
Loss: 1.543 | Precision@1: 42.401% (13677/32256)
Loss: 1.543 | Precision@1: 42.416% (13736/32384)
Loss: 1.542 | Precision@1: 42.437% (13797/32512)
Loss: 1.541 | Precision@1: 42.463% (13860/32640)
Loss: 1.541 | Precision@1: 42.502% (13927/32768)
Loss: 1.541 | Precision@1: 42.488% (13977/32896)
Loss: 1.541 | Precision@1: 42.524% (14043/33024)
Loss: 1.540 | Precision@1: 42.565% (14111/33152)
Loss: 1.540 | Precision@1: 42.569% (14167/33280)
Loss: 1.540 | Precision@1: 42.574% (14223/33408)
Loss: 1.539 | Precision@1: 42.590% (14283/33536)
Loss: 1.539 | Precision@1: 42.577% (14333/33664)
Loss: 1.538 | Precision@1: 42.587% (14391/33792)
Loss: 1.538 | Precision@1: 42.606% (14452/33920)
Loss: 1.538 | Precision@1: 42.613% (14509/34048)
Loss: 1.537 | Precision@1: 42.635% (14571/34176)
Loss: 1.537 | Precision@1: 42.660% (14634/34304)
Loss: 1.536 | Precision@1: 42.673% (14693/34432)
Loss: 1.536 | Precision@1: 42.711% (14761/34560)
Loss: 1.535 | Precision@1: 42.738% (14825/34688)
Loss: 1.535 | Precision@1: 42.725% (14875/34816)
Loss: 1.534 | Precision@1: 42.746% (14937/34944)
Loss: 1.534 | Precision@1: 42.778% (15003/35072)
Loss: 1.533 | Precision@1: 42.818% (15072/35200)
Loss: 1.532 | Precision@1: 42.836% (15133/35328)
Loss: 1.531 | Precision@1: 42.862% (15197/35456)
Loss: 1.531 | Precision@1: 42.890% (15262/35584)
Loss: 1.531 | Precision@1: 42.896% (15319/35712)
Loss: 1.531 | Precision@1: 42.893% (15373/35840)
Loss: 1.531 | Precision@1: 42.902% (15431/35968)
Loss: 1.531 | Precision@1: 42.933% (15497/36096)
Loss: 1.530 | Precision@1: 42.938% (15554/36224)
Loss: 1.530 | Precision@1: 42.941% (15610/36352)
Loss: 1.529 | Precision@1: 42.936% (15663/36480)
Loss: 1.530 | Precision@1: 42.947% (15722/36608)
Loss: 1.529 | Precision@1: 42.942% (15775/36736)
Loss: 1.529 | Precision@1: 42.961% (15837/36864)
Loss: 1.528 | Precision@1: 42.977% (15898/36992)
Loss: 1.528 | Precision@1: 43.006% (15964/37120)
Loss: 1.527 | Precision@1: 43.036% (16030/37248)
Loss: 1.527 | Precision@1: 43.046% (16089/37376)
Loss: 1.527 | Precision@1: 43.081% (16157/37504)
Loss: 1.527 | Precision@1: 43.072% (16209/37632)
Loss: 1.527 | Precision@1: 43.093% (16272/37760)
Loss: 1.526 | Precision@1: 43.146% (16347/37888)
Loss: 1.525 | Precision@1: 43.187% (16418/38016)
Loss: 1.525 | Precision@1: 43.215% (16484/38144)
Loss: 1.524 | Precision@1: 43.235% (16547/38272)
Loss: 1.524 | Precision@1: 43.245% (16606/38400)
Loss: 1.523 | Precision@1: 43.298% (16682/38528)
Loss: 1.522 | Precision@1: 43.326% (16748/38656)
Loss: 1.522 | Precision@1: 43.350% (16813/38784)
Loss: 1.521 | Precision@1: 43.354% (16870/38912)
Loss: 1.521 | Precision@1: 43.353% (16925/39040)
Loss: 1.521 | Precision@1: 43.370% (16987/39168)
Loss: 1.520 | Precision@1: 43.409% (17058/39296)
Loss: 1.519 | Precision@1: 43.446% (17128/39424)
Loss: 1.518 | Precision@1: 43.474% (17195/39552)
Loss: 1.517 | Precision@1: 43.513% (17266/39680)
Loss: 1.517 | Precision@1: 43.531% (17329/39808)
Loss: 1.517 | Precision@1: 43.537% (17387/39936)
Loss: 1.516 | Precision@1: 43.568% (17455/40064)
Loss: 1.516 | Precision@1: 43.573% (17513/40192)
Loss: 1.515 | Precision@1: 43.599% (17579/40320)
Loss: 1.515 | Precision@1: 43.607% (17638/40448)
Loss: 1.515 | Precision@1: 43.624% (17701/40576)
Loss: 1.515 | Precision@1: 43.630% (17759/40704)
Loss: 1.514 | Precision@1: 43.632% (17816/40832)
Loss: 1.513 | Precision@1: 43.657% (17882/40960)
Loss: 1.513 | Precision@1: 43.684% (17949/41088)
Loss: 1.513 | Precision@1: 43.692% (18008/41216)
Loss: 1.512 | Precision@1: 43.694% (18065/41344)
Loss: 1.512 | Precision@1: 43.707% (18126/41472)
Loss: 1.512 | Precision@1: 43.726% (18190/41600)
Loss: 1.511 | Precision@1: 43.760% (18260/41728)
Loss: 1.510 | Precision@1: 43.779% (18324/41856)
Loss: 1.510 | Precision@1: 43.774% (18378/41984)
Loss: 1.510 | Precision@1: 43.786% (18439/42112)
Loss: 1.509 | Precision@1: 43.833% (18515/42240)
Loss: 1.509 | Precision@1: 43.842% (18575/42368)
Loss: 1.509 | Precision@1: 43.868% (18642/42496)
Loss: 1.509 | Precision@1: 43.870% (18699/42624)
Loss: 1.508 | Precision@1: 43.893% (18765/42752)
Loss: 1.507 | Precision@1: 43.916% (18831/42880)
Loss: 1.506 | Precision@1: 43.931% (18894/43008)
Loss: 1.506 | Precision@1: 43.952% (18959/43136)
Loss: 1.506 | Precision@1: 43.965% (19021/43264)
Loss: 1.506 | Precision@1: 43.950% (19071/43392)
Loss: 1.506 | Precision@1: 43.948% (19126/43520)
Loss: 1.506 | Precision@1: 43.965% (19190/43648)
Loss: 1.506 | Precision@1: 44.008% (19265/43776)
Loss: 1.505 | Precision@1: 44.026% (19329/43904)
Loss: 1.505 | Precision@1: 44.052% (19397/44032)
Loss: 1.505 | Precision@1: 44.044% (19450/44160)
Loss: 1.504 | Precision@1: 44.062% (19514/44288)
Loss: 1.504 | Precision@1: 44.067% (19573/44416)
Loss: 1.504 | Precision@1: 44.091% (19640/44544)
Loss: 1.504 | Precision@1: 44.095% (19698/44672)
Loss: 1.503 | Precision@1: 44.116% (19764/44800)
Loss: 1.503 | Precision@1: 44.119% (19822/44928)
Loss: 1.503 | Precision@1: 44.136% (19886/45056)
Loss: 1.503 | Precision@1: 44.142% (19945/45184)
Loss: 1.502 | Precision@1: 44.152% (20006/45312)
Loss: 1.502 | Precision@1: 44.173% (20072/45440)
Loss: 1.502 | Precision@1: 44.198% (20140/45568)
Loss: 1.501 | Precision@1: 44.227% (20210/45696)
Loss: 1.500 | Precision@1: 44.274% (20288/45824)
Loss: 1.499 | Precision@1: 44.283% (20349/45952)
Loss: 1.499 | Precision@1: 44.288% (20408/46080)
Loss: 1.498 | Precision@1: 44.295% (20468/46208)
Loss: 1.498 | Precision@1: 44.309% (20531/46336)
Loss: 1.498 | Precision@1: 44.327% (20596/46464)
Loss: 1.498 | Precision@1: 44.327% (20653/46592)
Loss: 1.497 | Precision@1: 44.324% (20708/46720)
Loss: 1.497 | Precision@1: 44.326% (20766/46848)
Loss: 1.496 | Precision@1: 44.346% (20832/46976)
Loss: 1.496 | Precision@1: 44.351% (20891/47104)
Loss: 1.496 | Precision@1: 44.366% (20955/47232)
Loss: 1.496 | Precision@1: 44.377% (21017/47360)
Loss: 1.495 | Precision@1: 44.430% (21099/47488)
Loss: 1.495 | Precision@1: 44.418% (21150/47616)
Loss: 1.495 | Precision@1: 44.429% (21212/47744)
Loss: 1.495 | Precision@1: 44.448% (21278/47872)
Loss: 1.494 | Precision@1: 44.477% (21349/48000)
Loss: 1.494 | Precision@1: 44.483% (21409/48128)
Loss: 1.494 | Precision@1: 44.486% (21467/48256)
Loss: 1.493 | Precision@1: 44.515% (21538/48384)
Loss: 1.493 | Precision@1: 44.515% (21595/48512)
Loss: 1.493 | Precision@1: 44.542% (21665/48640)
Loss: 1.492 | Precision@1: 44.566% (21734/48768)
Loss: 1.492 | Precision@1: 44.591% (21803/48896)
Loss: 1.491 | Precision@1: 44.637% (21883/49024)
Loss: 1.490 | Precision@1: 44.663% (21953/49152)
Loss: 1.490 | Precision@1: 44.667% (22012/49280)
Loss: 1.490 | Precision@1: 44.677% (22074/49408)
Loss: 1.489 | Precision@1: 44.685% (22135/49536)
Loss: 1.490 | Precision@1: 44.694% (22197/49664)
Loss: 1.489 | Precision@1: 44.722% (22268/49792)
Loss: 1.489 | Precision@1: 44.738% (22333/49920)
Loss: 1.489 | Precision@1: 44.746% (22373/50000)

Aggregates: 			
 	 DataLoader Time: 17.8962 			
 	 Mini-batch Time:140.0534 			
 	 Training Epoch Time:140.0493
 			
 Averages: 			
 	 Training Loss: 1.4888

 Test set Averages: Loss: 1.354 | Precision@1: 51.040% (5104/10000)

Epoch: 2
Loss: 1.499 | Precision@1: 47.656% (61/128)
Loss: 1.301 | Precision@1: 53.906% (138/256)
Loss: 1.310 | Precision@1: 52.604% (202/384)
Loss: 1.288 | Precision@1: 52.930% (271/512)
Loss: 1.335 | Precision@1: 50.625% (324/640)
Loss: 1.348 | Precision@1: 50.130% (385/768)
Loss: 1.341 | Precision@1: 49.442% (443/896)
Loss: 1.348 | Precision@1: 49.316% (505/1024)
Loss: 1.341 | Precision@1: 50.260% (579/1152)
Loss: 1.330 | Precision@1: 50.469% (646/1280)
Loss: 1.348 | Precision@1: 50.071% (705/1408)
Loss: 1.353 | Precision@1: 49.805% (765/1536)
Loss: 1.347 | Precision@1: 50.000% (832/1664)
Loss: 1.353 | Precision@1: 49.721% (891/1792)
Loss: 1.365 | Precision@1: 49.375% (948/1920)
Loss: 1.359 | Precision@1: 49.463% (1013/2048)
Loss: 1.354 | Precision@1: 49.770% (1083/2176)
Loss: 1.350 | Precision@1: 49.783% (1147/2304)
Loss: 1.353 | Precision@1: 49.507% (1204/2432)
Loss: 1.353 | Precision@1: 49.453% (1266/2560)
Loss: 1.352 | Precision@1: 49.702% (1336/2688)
Loss: 1.350 | Precision@1: 50.000% (1408/2816)
Loss: 1.362 | Precision@1: 49.524% (1458/2944)
Loss: 1.359 | Precision@1: 49.577% (1523/3072)
Loss: 1.356 | Precision@1: 49.719% (1591/3200)
Loss: 1.359 | Precision@1: 49.790% (1657/3328)
Loss: 1.361 | Precision@1: 49.711% (1718/3456)
Loss: 1.358 | Precision@1: 49.888% (1788/3584)
Loss: 1.358 | Precision@1: 49.811% (1849/3712)
Loss: 1.354 | Precision@1: 49.792% (1912/3840)
Loss: 1.354 | Precision@1: 49.899% (1980/3968)
Loss: 1.354 | Precision@1: 49.976% (2047/4096)
Loss: 1.351 | Precision@1: 50.047% (2114/4224)
Loss: 1.350 | Precision@1: 50.299% (2189/4352)
Loss: 1.351 | Precision@1: 50.246% (2251/4480)
Loss: 1.348 | Precision@1: 50.087% (2308/4608)
Loss: 1.347 | Precision@1: 50.106% (2373/4736)
Loss: 1.349 | Precision@1: 50.144% (2439/4864)
Loss: 1.351 | Precision@1: 50.080% (2500/4992)
Loss: 1.349 | Precision@1: 50.215% (2571/5120)
Loss: 1.347 | Precision@1: 50.381% (2644/5248)
Loss: 1.345 | Precision@1: 50.484% (2714/5376)
Loss: 1.345 | Precision@1: 50.472% (2778/5504)
Loss: 1.344 | Precision@1: 50.479% (2843/5632)
Loss: 1.345 | Precision@1: 50.469% (2907/5760)
Loss: 1.341 | Precision@1: 50.560% (2977/5888)
Loss: 1.345 | Precision@1: 50.465% (3036/6016)
Loss: 1.340 | Precision@1: 50.602% (3109/6144)
Loss: 1.337 | Precision@1: 50.686% (3179/6272)
Loss: 1.337 | Precision@1: 50.766% (3249/6400)
Loss: 1.335 | Precision@1: 50.781% (3315/6528)
Loss: 1.332 | Precision@1: 50.886% (3387/6656)
Loss: 1.333 | Precision@1: 50.840% (3449/6784)
Loss: 1.331 | Precision@1: 50.839% (3514/6912)
Loss: 1.328 | Precision@1: 50.938% (3586/7040)
Loss: 1.329 | Precision@1: 50.963% (3653/7168)
Loss: 1.326 | Precision@1: 51.028% (3723/7296)
Loss: 1.324 | Precision@1: 51.091% (3793/7424)
Loss: 1.324 | Precision@1: 51.126% (3861/7552)
Loss: 1.321 | Precision@1: 51.185% (3931/7680)
Loss: 1.320 | Precision@1: 51.217% (3999/7808)
Loss: 1.322 | Precision@1: 51.121% (4057/7936)
Loss: 1.320 | Precision@1: 51.240% (4132/8064)
Loss: 1.319 | Precision@1: 51.270% (4200/8192)
Loss: 1.322 | Precision@1: 51.142% (4255/8320)
Loss: 1.320 | Precision@1: 51.172% (4323/8448)
Loss: 1.320 | Precision@1: 51.154% (4387/8576)
Loss: 1.319 | Precision@1: 51.172% (4454/8704)
Loss: 1.316 | Precision@1: 51.302% (4531/8832)
Loss: 1.314 | Precision@1: 51.417% (4607/8960)
Loss: 1.312 | Precision@1: 51.507% (4681/9088)
Loss: 1.311 | Precision@1: 51.508% (4747/9216)
Loss: 1.313 | Precision@1: 51.359% (4799/9344)
Loss: 1.309 | Precision@1: 51.510% (4879/9472)
Loss: 1.309 | Precision@1: 51.510% (4945/9600)
Loss: 1.308 | Precision@1: 51.511% (5011/9728)
Loss: 1.306 | Precision@1: 51.583% (5084/9856)
Loss: 1.305 | Precision@1: 51.552% (5147/9984)
Loss: 1.307 | Precision@1: 51.513% (5209/10112)
Loss: 1.308 | Precision@1: 51.523% (5276/10240)
Loss: 1.307 | Precision@1: 51.582% (5348/10368)
Loss: 1.306 | Precision@1: 51.601% (5416/10496)
Loss: 1.303 | Precision@1: 51.694% (5492/10624)
Loss: 1.302 | Precision@1: 51.814% (5571/10752)
Loss: 1.302 | Precision@1: 51.774% (5633/10880)
Loss: 1.302 | Precision@1: 51.781% (5700/11008)
Loss: 1.303 | Precision@1: 51.724% (5760/11136)
Loss: 1.305 | Precision@1: 51.651% (5818/11264)
Loss: 1.307 | Precision@1: 51.562% (5874/11392)
Loss: 1.307 | Precision@1: 51.562% (5940/11520)
Loss: 1.305 | Precision@1: 51.614% (6012/11648)
Loss: 1.307 | Precision@1: 51.596% (6076/11776)
Loss: 1.306 | Precision@1: 51.680% (6152/11904)
Loss: 1.304 | Precision@1: 51.795% (6232/12032)
Loss: 1.303 | Precision@1: 51.809% (6300/12160)
Loss: 1.303 | Precision@1: 51.799% (6365/12288)
Loss: 1.301 | Precision@1: 51.893% (6443/12416)
Loss: 1.301 | Precision@1: 51.945% (6516/12544)
Loss: 1.301 | Precision@1: 51.973% (6586/12672)
Loss: 1.300 | Precision@1: 52.102% (6669/12800)
Loss: 1.300 | Precision@1: 52.058% (6730/12928)
Loss: 1.300 | Precision@1: 52.037% (6794/13056)
Loss: 1.299 | Precision@1: 52.040% (6861/13184)
Loss: 1.300 | Precision@1: 52.051% (6929/13312)
Loss: 1.300 | Precision@1: 52.091% (7001/13440)
Loss: 1.299 | Precision@1: 52.123% (7072/13568)
Loss: 1.300 | Precision@1: 52.074% (7132/13696)
Loss: 1.300 | Precision@1: 52.098% (7202/13824)
Loss: 1.299 | Precision@1: 52.079% (7266/13952)
Loss: 1.297 | Precision@1: 52.173% (7346/14080)
Loss: 1.297 | Precision@1: 52.189% (7415/14208)
Loss: 1.295 | Precision@1: 52.260% (7492/14336)
Loss: 1.294 | Precision@1: 52.268% (7560/14464)
Loss: 1.292 | Precision@1: 52.337% (7637/14592)
Loss: 1.291 | Precision@1: 52.398% (7713/14720)
Loss: 1.291 | Precision@1: 52.398% (7780/14848)
Loss: 1.291 | Precision@1: 52.444% (7854/14976)
Loss: 1.291 | Precision@1: 52.483% (7927/15104)
Loss: 1.290 | Precision@1: 52.495% (7996/15232)
Loss: 1.290 | Precision@1: 52.493% (8063/15360)
Loss: 1.291 | Precision@1: 52.499% (8131/15488)
Loss: 1.289 | Precision@1: 52.561% (8208/15616)
Loss: 1.291 | Precision@1: 52.496% (8265/15744)
Loss: 1.291 | Precision@1: 52.482% (8330/15872)
Loss: 1.291 | Precision@1: 52.487% (8398/16000)
Loss: 1.292 | Precision@1: 52.474% (8463/16128)
Loss: 1.292 | Precision@1: 52.504% (8535/16256)
Loss: 1.292 | Precision@1: 52.472% (8597/16384)
Loss: 1.292 | Precision@1: 52.489% (8667/16512)
Loss: 1.292 | Precision@1: 52.464% (8730/16640)
Loss: 1.291 | Precision@1: 52.445% (8794/16768)
Loss: 1.292 | Precision@1: 52.362% (8847/16896)
Loss: 1.292 | Precision@1: 52.332% (8909/17024)
Loss: 1.292 | Precision@1: 52.332% (8976/17152)
Loss: 1.293 | Precision@1: 52.326% (9042/17280)
Loss: 1.292 | Precision@1: 52.355% (9114/17408)
Loss: 1.293 | Precision@1: 52.349% (9180/17536)
Loss: 1.292 | Precision@1: 52.361% (9249/17664)
Loss: 1.292 | Precision@1: 52.366% (9317/17792)
Loss: 1.294 | Precision@1: 52.338% (9379/17920)
Loss: 1.293 | Precision@1: 52.410% (9459/18048)
Loss: 1.292 | Precision@1: 52.421% (9528/18176)
Loss: 1.292 | Precision@1: 52.442% (9599/18304)
Loss: 1.292 | Precision@1: 52.447% (9667/18432)
Loss: 1.292 | Precision@1: 52.430% (9731/18560)
Loss: 1.292 | Precision@1: 52.504% (9812/18688)
Loss: 1.292 | Precision@1: 52.524% (9883/18816)
Loss: 1.291 | Precision@1: 52.555% (9956/18944)
Loss: 1.290 | Precision@1: 52.601% (10032/19072)
Loss: 1.289 | Precision@1: 52.620% (10103/19200)
Loss: 1.288 | Precision@1: 52.639% (10174/19328)
Loss: 1.288 | Precision@1: 52.585% (10231/19456)
Loss: 1.288 | Precision@1: 52.619% (10305/19584)
Loss: 1.286 | Precision@1: 52.709% (10390/19712)
Loss: 1.285 | Precision@1: 52.712% (10458/19840)
Loss: 1.286 | Precision@1: 52.729% (10529/19968)
Loss: 1.286 | Precision@1: 52.742% (10599/20096)
Loss: 1.286 | Precision@1: 52.734% (10665/20224)
Loss: 1.286 | Precision@1: 52.732% (10732/20352)
Loss: 1.285 | Precision@1: 52.734% (10800/20480)
Loss: 1.286 | Precision@1: 52.722% (10865/20608)
Loss: 1.285 | Precision@1: 52.734% (10935/20736)
Loss: 1.284 | Precision@1: 52.737% (11003/20864)
Loss: 1.283 | Precision@1: 52.834% (11091/20992)
Loss: 1.282 | Precision@1: 52.879% (11168/21120)
Loss: 1.281 | Precision@1: 52.965% (11254/21248)
Loss: 1.280 | Precision@1: 53.008% (11331/21376)
Loss: 1.279 | Precision@1: 53.046% (11407/21504)
Loss: 1.279 | Precision@1: 53.028% (11471/21632)
Loss: 1.279 | Precision@1: 53.042% (11542/21760)
Loss: 1.279 | Precision@1: 53.070% (11616/21888)
Loss: 1.278 | Precision@1: 53.107% (11692/22016)
Loss: 1.277 | Precision@1: 53.175% (11775/22144)
Loss: 1.277 | Precision@1: 53.170% (11842/22272)
Loss: 1.276 | Precision@1: 53.214% (11920/22400)
Loss: 1.276 | Precision@1: 53.249% (11996/22528)
Loss: 1.275 | Precision@1: 53.293% (12074/22656)
Loss: 1.274 | Precision@1: 53.318% (12148/22784)
Loss: 1.274 | Precision@1: 53.330% (12219/22912)
Loss: 1.274 | Precision@1: 53.316% (12284/23040)
Loss: 1.273 | Precision@1: 53.349% (12360/23168)
Loss: 1.272 | Precision@1: 53.395% (12439/23296)
Loss: 1.272 | Precision@1: 53.394% (12507/23424)
Loss: 1.272 | Precision@1: 53.384% (12573/23552)
Loss: 1.271 | Precision@1: 53.412% (12648/23680)
Loss: 1.271 | Precision@1: 53.432% (12721/23808)
Loss: 1.272 | Precision@1: 53.426% (12788/23936)
Loss: 1.271 | Precision@1: 53.420% (12855/24064)
Loss: 1.271 | Precision@1: 53.435% (12927/24192)
Loss: 1.270 | Precision@1: 53.462% (13002/24320)
Loss: 1.270 | Precision@1: 53.469% (13072/24448)
Loss: 1.270 | Precision@1: 53.499% (13148/24576)
Loss: 1.270 | Precision@1: 53.497% (13216/24704)
Loss: 1.270 | Precision@1: 53.520% (13290/24832)
Loss: 1.270 | Precision@1: 53.514% (13357/24960)
Loss: 1.270 | Precision@1: 53.551% (13435/25088)
Loss: 1.269 | Precision@1: 53.565% (13507/25216)
Loss: 1.269 | Precision@1: 53.583% (13580/25344)
Loss: 1.268 | Precision@1: 53.612% (13656/25472)
Loss: 1.268 | Precision@1: 53.605% (13723/25600)
Loss: 1.267 | Precision@1: 53.642% (13801/25728)
Loss: 1.267 | Precision@1: 53.624% (13865/25856)
Loss: 1.267 | Precision@1: 53.629% (13935/25984)
Loss: 1.266 | Precision@1: 53.650% (14009/26112)
Loss: 1.265 | Precision@1: 53.666% (14082/26240)
Loss: 1.265 | Precision@1: 53.671% (14152/26368)
Loss: 1.266 | Precision@1: 53.680% (14223/26496)
Loss: 1.266 | Precision@1: 53.647% (14283/26624)
Loss: 1.266 | Precision@1: 53.663% (14356/26752)
Loss: 1.265 | Precision@1: 53.702% (14435/26880)
Loss: 1.265 | Precision@1: 53.699% (14503/27008)
Loss: 1.265 | Precision@1: 53.733% (14581/27136)
Loss: 1.264 | Precision@1: 53.760% (14657/27264)
Loss: 1.264 | Precision@1: 53.771% (14729/27392)
Loss: 1.264 | Precision@1: 53.761% (14795/27520)
Loss: 1.264 | Precision@1: 53.787% (14871/27648)
Loss: 1.263 | Precision@1: 53.784% (14939/27776)
Loss: 1.263 | Precision@1: 53.788% (15009/27904)
Loss: 1.263 | Precision@1: 53.806% (15083/28032)
Loss: 1.263 | Precision@1: 53.814% (15154/28160)
Loss: 1.263 | Precision@1: 53.807% (15221/28288)
Loss: 1.263 | Precision@1: 53.780% (15282/28416)
Loss: 1.263 | Precision@1: 53.801% (15357/28544)
Loss: 1.263 | Precision@1: 53.805% (15427/28672)
Loss: 1.262 | Precision@1: 53.840% (15506/28800)
Loss: 1.262 | Precision@1: 53.844% (15576/28928)
Loss: 1.262 | Precision@1: 53.851% (15647/29056)
Loss: 1.262 | Precision@1: 53.831% (15710/29184)
Loss: 1.262 | Precision@1: 53.852% (15785/29312)
Loss: 1.262 | Precision@1: 53.855% (15855/29440)
Loss: 1.261 | Precision@1: 53.876% (15930/29568)
Loss: 1.261 | Precision@1: 53.869% (15997/29696)
Loss: 1.260 | Precision@1: 53.903% (16076/29824)
Loss: 1.260 | Precision@1: 53.903% (16145/29952)
Loss: 1.259 | Precision@1: 53.946% (16227/30080)
Loss: 1.259 | Precision@1: 53.956% (16299/30208)
Loss: 1.257 | Precision@1: 54.008% (16384/30336)
Loss: 1.256 | Precision@1: 54.057% (16468/30464)
Loss: 1.256 | Precision@1: 54.086% (16546/30592)
Loss: 1.256 | Precision@1: 54.121% (16626/30720)
Loss: 1.255 | Precision@1: 54.143% (16702/30848)
Loss: 1.255 | Precision@1: 54.158% (16776/30976)
Loss: 1.255 | Precision@1: 54.192% (16856/31104)
Loss: 1.254 | Precision@1: 54.217% (16933/31232)
Loss: 1.254 | Precision@1: 54.222% (17004/31360)
Loss: 1.253 | Precision@1: 54.249% (17082/31488)
Loss: 1.253 | Precision@1: 54.270% (17158/31616)
Loss: 1.252 | Precision@1: 54.284% (17232/31744)
Loss: 1.251 | Precision@1: 54.333% (17317/31872)
Loss: 1.251 | Precision@1: 54.366% (17397/32000)
Loss: 1.250 | Precision@1: 54.401% (17478/32128)
Loss: 1.249 | Precision@1: 54.421% (17554/32256)
Loss: 1.250 | Precision@1: 54.422% (17624/32384)
Loss: 1.249 | Precision@1: 54.448% (17702/32512)
Loss: 1.249 | Precision@1: 54.452% (17773/32640)
Loss: 1.249 | Precision@1: 54.440% (17839/32768)
Loss: 1.249 | Precision@1: 54.444% (17910/32896)
Loss: 1.249 | Precision@1: 54.436% (17977/33024)
Loss: 1.249 | Precision@1: 54.458% (18054/33152)
Loss: 1.248 | Precision@1: 54.456% (18123/33280)
Loss: 1.248 | Precision@1: 54.454% (18192/33408)
Loss: 1.248 | Precision@1: 54.464% (18265/33536)
Loss: 1.247 | Precision@1: 54.500% (18347/33664)
Loss: 1.247 | Precision@1: 54.495% (18415/33792)
Loss: 1.246 | Precision@1: 54.531% (18497/33920)
Loss: 1.245 | Precision@1: 54.558% (18576/34048)
Loss: 1.245 | Precision@1: 54.556% (18645/34176)
Loss: 1.245 | Precision@1: 54.585% (18725/34304)
Loss: 1.244 | Precision@1: 54.632% (18811/34432)
Loss: 1.244 | Precision@1: 54.644% (18885/34560)
Loss: 1.244 | Precision@1: 54.662% (18961/34688)
Loss: 1.242 | Precision@1: 54.708% (19047/34816)
Loss: 1.242 | Precision@1: 54.702% (19115/34944)
Loss: 1.241 | Precision@1: 54.722% (19192/35072)
Loss: 1.241 | Precision@1: 54.713% (19259/35200)
Loss: 1.241 | Precision@1: 54.721% (19332/35328)
Loss: 1.241 | Precision@1: 54.727% (19404/35456)
Loss: 1.241 | Precision@1: 54.752% (19483/35584)
Loss: 1.240 | Precision@1: 54.794% (19568/35712)
Loss: 1.239 | Precision@1: 54.816% (19646/35840)
Loss: 1.239 | Precision@1: 54.799% (19710/35968)
Loss: 1.239 | Precision@1: 54.801% (19781/36096)
Loss: 1.238 | Precision@1: 54.812% (19855/36224)
Loss: 1.238 | Precision@1: 54.839% (19935/36352)
Loss: 1.238 | Precision@1: 54.814% (19996/36480)
Loss: 1.238 | Precision@1: 54.810% (20065/36608)
Loss: 1.238 | Precision@1: 54.821% (20139/36736)
Loss: 1.237 | Precision@1: 54.826% (20211/36864)
Loss: 1.237 | Precision@1: 54.842% (20287/36992)
Loss: 1.237 | Precision@1: 54.830% (20353/37120)
Loss: 1.237 | Precision@1: 54.838% (20426/37248)
Loss: 1.237 | Precision@1: 54.848% (20500/37376)
Loss: 1.238 | Precision@1: 54.831% (20564/37504)
Loss: 1.237 | Precision@1: 54.818% (20629/37632)
Loss: 1.236 | Precision@1: 54.881% (20723/37760)
Loss: 1.236 | Precision@1: 54.891% (20797/37888)
Loss: 1.236 | Precision@1: 54.903% (20872/38016)
Loss: 1.235 | Precision@1: 54.916% (20947/38144)
Loss: 1.235 | Precision@1: 54.944% (21028/38272)
Loss: 1.235 | Precision@1: 54.956% (21103/38400)
Loss: 1.234 | Precision@1: 54.986% (21185/38528)
Loss: 1.234 | Precision@1: 54.993% (21258/38656)
Loss: 1.233 | Precision@1: 55.015% (21337/38784)
Loss: 1.233 | Precision@1: 55.009% (21405/38912)
Loss: 1.233 | Precision@1: 55.018% (21479/39040)
Loss: 1.233 | Precision@1: 55.042% (21559/39168)
Loss: 1.233 | Precision@1: 55.049% (21632/39296)
Loss: 1.233 | Precision@1: 55.065% (21709/39424)
Loss: 1.232 | Precision@1: 55.095% (21791/39552)
Loss: 1.233 | Precision@1: 55.086% (21858/39680)
Loss: 1.232 | Precision@1: 55.079% (21926/39808)
Loss: 1.232 | Precision@1: 55.101% (22005/39936)
Loss: 1.232 | Precision@1: 55.119% (22083/40064)
Loss: 1.232 | Precision@1: 55.125% (22156/40192)
Loss: 1.231 | Precision@1: 55.144% (22234/40320)
Loss: 1.231 | Precision@1: 55.177% (22318/40448)
Loss: 1.230 | Precision@1: 55.198% (22397/40576)
Loss: 1.229 | Precision@1: 55.243% (22486/40704)
Loss: 1.229 | Precision@1: 55.234% (22553/40832)
Loss: 1.229 | Precision@1: 55.249% (22630/40960)
Loss: 1.228 | Precision@1: 55.262% (22706/41088)
Loss: 1.227 | Precision@1: 55.311% (22797/41216)
Loss: 1.227 | Precision@1: 55.331% (22876/41344)
Loss: 1.226 | Precision@1: 55.367% (22962/41472)
Loss: 1.226 | Precision@1: 55.394% (23044/41600)
Loss: 1.225 | Precision@1: 55.416% (23124/41728)
Loss: 1.225 | Precision@1: 55.459% (23213/41856)
Loss: 1.224 | Precision@1: 55.490% (23297/41984)
Loss: 1.224 | Precision@1: 55.485% (23366/42112)
Loss: 1.224 | Precision@1: 55.526% (23454/42240)
Loss: 1.223 | Precision@1: 55.542% (23532/42368)
Loss: 1.222 | Precision@1: 55.563% (23612/42496)
Loss: 1.223 | Precision@1: 55.558% (23681/42624)
Loss: 1.222 | Precision@1: 55.560% (23753/42752)
Loss: 1.222 | Precision@1: 55.574% (23830/42880)
Loss: 1.221 | Precision@1: 55.569% (23899/43008)
Loss: 1.220 | Precision@1: 55.608% (23987/43136)
Loss: 1.220 | Precision@1: 55.624% (24065/43264)
Loss: 1.220 | Precision@1: 55.612% (24131/43392)
Loss: 1.219 | Precision@1: 55.625% (24208/43520)
Loss: 1.219 | Precision@1: 55.638% (24285/43648)
Loss: 1.219 | Precision@1: 55.645% (24359/43776)
Loss: 1.219 | Precision@1: 55.690% (24450/43904)
Loss: 1.218 | Precision@1: 55.730% (24539/44032)
Loss: 1.217 | Precision@1: 55.759% (24623/44160)
Loss: 1.217 | Precision@1: 55.760% (24695/44288)
Loss: 1.217 | Precision@1: 55.770% (24771/44416)
Loss: 1.217 | Precision@1: 55.772% (24843/44544)
Loss: 1.217 | Precision@1: 55.784% (24920/44672)
Loss: 1.217 | Precision@1: 55.788% (24993/44800)
Loss: 1.217 | Precision@1: 55.807% (25073/44928)
Loss: 1.216 | Precision@1: 55.824% (25152/45056)
Loss: 1.216 | Precision@1: 55.827% (25225/45184)
Loss: 1.216 | Precision@1: 55.846% (25305/45312)
Loss: 1.215 | Precision@1: 55.863% (25384/45440)
Loss: 1.215 | Precision@1: 55.870% (25459/45568)
Loss: 1.215 | Precision@1: 55.900% (25544/45696)
Loss: 1.215 | Precision@1: 55.912% (25621/45824)
Loss: 1.214 | Precision@1: 55.952% (25711/45952)
Loss: 1.214 | Precision@1: 55.966% (25789/46080)
Loss: 1.213 | Precision@1: 55.984% (25869/46208)
Loss: 1.213 | Precision@1: 55.997% (25947/46336)
Loss: 1.212 | Precision@1: 55.998% (26019/46464)
Loss: 1.213 | Precision@1: 55.990% (26087/46592)
Loss: 1.212 | Precision@1: 56.017% (26171/46720)
Loss: 1.212 | Precision@1: 56.034% (26251/46848)
Loss: 1.212 | Precision@1: 56.048% (26329/46976)
Loss: 1.212 | Precision@1: 56.059% (26406/47104)
Loss: 1.211 | Precision@1: 56.072% (26484/47232)
Loss: 1.211 | Precision@1: 56.094% (26566/47360)
Loss: 1.210 | Precision@1: 56.111% (26646/47488)
Loss: 1.210 | Precision@1: 56.130% (26727/47616)
Loss: 1.210 | Precision@1: 56.139% (26803/47744)
Loss: 1.209 | Precision@1: 56.152% (26881/47872)
Loss: 1.209 | Precision@1: 56.158% (26956/48000)
Loss: 1.209 | Precision@1: 56.152% (27025/48128)
Loss: 1.209 | Precision@1: 56.142% (27092/48256)
Loss: 1.209 | Precision@1: 56.165% (27175/48384)
Loss: 1.209 | Precision@1: 56.180% (27254/48512)
Loss: 1.208 | Precision@1: 56.209% (27340/48640)
Loss: 1.208 | Precision@1: 56.211% (27413/48768)
Loss: 1.207 | Precision@1: 56.242% (27500/48896)
Loss: 1.207 | Precision@1: 56.240% (27571/49024)
Loss: 1.207 | Precision@1: 56.250% (27648/49152)
Loss: 1.207 | Precision@1: 56.276% (27733/49280)
Loss: 1.206 | Precision@1: 56.303% (27818/49408)
Loss: 1.205 | Precision@1: 56.329% (27903/49536)
Loss: 1.205 | Precision@1: 56.341% (27981/49664)
Loss: 1.205 | Precision@1: 56.348% (28057/49792)
Loss: 1.204 | Precision@1: 56.364% (28137/49920)
Loss: 1.204 | Precision@1: 56.368% (28184/50000)

Aggregates: 			
 	 DataLoader Time: 17.9002 			
 	 Mini-batch Time:140.1618 			
 	 Training Epoch Time:140.1578
 			
 Averages: 			
 	 Training Loss: 1.2044

 Test set Averages: Loss: 1.189 | Precision@1: 59.110% (5911/10000)

Epoch: 3
Loss: 0.968 | Precision@1: 64.062% (82/128)
Loss: 1.038 | Precision@1: 63.281% (162/256)
Loss: 1.056 | Precision@1: 61.979% (238/384)
Loss: 1.063 | Precision@1: 61.914% (317/512)
Loss: 1.053 | Precision@1: 62.188% (398/640)
Loss: 1.058 | Precision@1: 61.719% (474/768)
Loss: 1.063 | Precision@1: 61.607% (552/896)
Loss: 1.057 | Precision@1: 62.109% (636/1024)
Loss: 1.045 | Precision@1: 62.587% (721/1152)
Loss: 1.049 | Precision@1: 62.109% (795/1280)
Loss: 1.045 | Precision@1: 61.435% (865/1408)
Loss: 1.046 | Precision@1: 61.328% (942/1536)
Loss: 1.045 | Precision@1: 61.178% (1018/1664)
Loss: 1.046 | Precision@1: 61.161% (1096/1792)
Loss: 1.055 | Precision@1: 61.146% (1174/1920)
Loss: 1.051 | Precision@1: 61.328% (1256/2048)
Loss: 1.055 | Precision@1: 60.983% (1327/2176)
Loss: 1.065 | Precision@1: 60.634% (1397/2304)
Loss: 1.054 | Precision@1: 61.266% (1490/2432)
Loss: 1.044 | Precision@1: 61.602% (1577/2560)
Loss: 1.043 | Precision@1: 61.607% (1656/2688)
Loss: 1.044 | Precision@1: 61.648% (1736/2816)
Loss: 1.045 | Precision@1: 61.651% (1815/2944)
Loss: 1.038 | Precision@1: 61.914% (1902/3072)
Loss: 1.049 | Precision@1: 61.500% (1968/3200)
Loss: 1.055 | Precision@1: 61.298% (2040/3328)
Loss: 1.050 | Precision@1: 61.314% (2119/3456)
Loss: 1.047 | Precision@1: 61.412% (2201/3584)
Loss: 1.051 | Precision@1: 61.261% (2274/3712)
Loss: 1.052 | Precision@1: 61.198% (2350/3840)
Loss: 1.052 | Precision@1: 61.265% (2431/3968)
Loss: 1.050 | Precision@1: 61.377% (2514/4096)
Loss: 1.050 | Precision@1: 61.340% (2591/4224)
Loss: 1.051 | Precision@1: 61.374% (2671/4352)
Loss: 1.051 | Precision@1: 61.362% (2749/4480)
Loss: 1.050 | Precision@1: 61.523% (2835/4608)
Loss: 1.050 | Precision@1: 61.508% (2913/4736)
Loss: 1.054 | Precision@1: 61.349% (2984/4864)
Loss: 1.053 | Precision@1: 61.438% (3067/4992)
Loss: 1.061 | Precision@1: 61.191% (3133/5120)
Loss: 1.062 | Precision@1: 61.223% (3213/5248)
Loss: 1.059 | Precision@1: 61.291% (3295/5376)
Loss: 1.057 | Precision@1: 61.392% (3379/5504)
Loss: 1.050 | Precision@1: 61.612% (3470/5632)
Loss: 1.054 | Precision@1: 61.597% (3548/5760)
Loss: 1.052 | Precision@1: 61.668% (3631/5888)
Loss: 1.051 | Precision@1: 61.702% (3712/6016)
Loss: 1.049 | Precision@1: 61.784% (3796/6144)
Loss: 1.047 | Precision@1: 61.814% (3877/6272)
Loss: 1.047 | Precision@1: 61.828% (3957/6400)
Loss: 1.048 | Precision@1: 61.734% (4030/6528)
Loss: 1.047 | Precision@1: 61.839% (4116/6656)
Loss: 1.046 | Precision@1: 61.896% (4199/6784)
Loss: 1.044 | Precision@1: 61.994% (4285/6912)
Loss: 1.041 | Precision@1: 62.188% (4378/7040)
Loss: 1.043 | Precision@1: 62.109% (4452/7168)
Loss: 1.045 | Precision@1: 62.007% (4524/7296)
Loss: 1.045 | Precision@1: 62.015% (4604/7424)
Loss: 1.044 | Precision@1: 62.050% (4686/7552)
Loss: 1.044 | Precision@1: 62.057% (4766/7680)
Loss: 1.047 | Precision@1: 62.039% (4844/7808)
Loss: 1.046 | Precision@1: 62.009% (4921/7936)
Loss: 1.047 | Precision@1: 61.905% (4992/8064)
Loss: 1.046 | Precision@1: 61.865% (5068/8192)
Loss: 1.046 | Precision@1: 62.007% (5159/8320)
Loss: 1.045 | Precision@1: 62.003% (5238/8448)
Loss: 1.044 | Precision@1: 62.034% (5320/8576)
Loss: 1.043 | Precision@1: 62.098% (5405/8704)
Loss: 1.040 | Precision@1: 62.172% (5491/8832)
Loss: 1.038 | Precision@1: 62.199% (5573/8960)
Loss: 1.039 | Precision@1: 62.126% (5646/9088)
Loss: 1.039 | Precision@1: 62.174% (5730/9216)
Loss: 1.037 | Precision@1: 62.232% (5815/9344)
Loss: 1.036 | Precision@1: 62.268% (5898/9472)
Loss: 1.035 | Precision@1: 62.312% (5982/9600)
Loss: 1.033 | Precision@1: 62.377% (6068/9728)
Loss: 1.031 | Precision@1: 62.419% (6152/9856)
Loss: 1.030 | Precision@1: 62.480% (6238/9984)
Loss: 1.030 | Precision@1: 62.510% (6321/10112)
Loss: 1.030 | Precision@1: 62.520% (6402/10240)
Loss: 1.028 | Precision@1: 62.548% (6485/10368)
Loss: 1.028 | Precision@1: 62.614% (6572/10496)
Loss: 1.029 | Precision@1: 62.604% (6651/10624)
Loss: 1.028 | Precision@1: 62.658% (6737/10752)
Loss: 1.027 | Precision@1: 62.702% (6822/10880)
Loss: 1.026 | Precision@1: 62.809% (6914/11008)
Loss: 1.027 | Precision@1: 62.760% (6989/11136)
Loss: 1.028 | Precision@1: 62.766% (7070/11264)
Loss: 1.027 | Precision@1: 62.834% (7158/11392)
Loss: 1.027 | Precision@1: 62.856% (7241/11520)
Loss: 1.028 | Precision@1: 62.792% (7314/11648)
Loss: 1.028 | Precision@1: 62.772% (7392/11776)
Loss: 1.027 | Precision@1: 62.811% (7477/11904)
Loss: 1.028 | Precision@1: 62.799% (7556/12032)
Loss: 1.026 | Precision@1: 62.862% (7644/12160)
Loss: 1.024 | Precision@1: 62.939% (7734/12288)
Loss: 1.022 | Precision@1: 63.048% (7828/12416)
Loss: 1.021 | Precision@1: 63.090% (7914/12544)
Loss: 1.022 | Precision@1: 63.037% (7988/12672)
Loss: 1.022 | Precision@1: 63.031% (8068/12800)
Loss: 1.022 | Precision@1: 63.034% (8149/12928)
Loss: 1.021 | Precision@1: 63.051% (8232/13056)
Loss: 1.022 | Precision@1: 63.092% (8318/13184)
Loss: 1.021 | Precision@1: 63.108% (8401/13312)
Loss: 1.021 | Precision@1: 63.118% (8483/13440)
Loss: 1.021 | Precision@1: 63.149% (8568/13568)
Loss: 1.021 | Precision@1: 63.150% (8649/13696)
Loss: 1.025 | Precision@1: 63.071% (8719/13824)
Loss: 1.025 | Precision@1: 63.052% (8797/13952)
Loss: 1.025 | Precision@1: 63.047% (8877/14080)
Loss: 1.023 | Precision@1: 63.112% (8967/14208)
Loss: 1.022 | Precision@1: 63.149% (9053/14336)
Loss: 1.023 | Precision@1: 63.115% (9129/14464)
Loss: 1.024 | Precision@1: 63.096% (9207/14592)
Loss: 1.024 | Precision@1: 63.043% (9280/14720)
Loss: 1.025 | Precision@1: 62.978% (9351/14848)
Loss: 1.025 | Precision@1: 62.981% (9432/14976)
Loss: 1.024 | Precision@1: 62.997% (9515/15104)
Loss: 1.023 | Precision@1: 63.065% (9606/15232)
Loss: 1.023 | Precision@1: 63.060% (9686/15360)
Loss: 1.023 | Precision@1: 63.068% (9768/15488)
Loss: 1.021 | Precision@1: 63.121% (9857/15616)
Loss: 1.022 | Precision@1: 63.122% (9938/15744)
Loss: 1.022 | Precision@1: 63.136% (10021/15872)
Loss: 1.022 | Precision@1: 63.156% (10105/16000)
Loss: 1.022 | Precision@1: 63.163% (10187/16128)
Loss: 1.021 | Precision@1: 63.183% (10271/16256)
Loss: 1.021 | Precision@1: 63.214% (10357/16384)
Loss: 1.019 | Precision@1: 63.263% (10446/16512)
Loss: 1.019 | Precision@1: 63.263% (10527/16640)
Loss: 1.019 | Precision@1: 63.257% (10607/16768)
Loss: 1.021 | Precision@1: 63.234% (10684/16896)
Loss: 1.021 | Precision@1: 63.246% (10767/17024)
Loss: 1.023 | Precision@1: 63.141% (10830/17152)
Loss: 1.022 | Precision@1: 63.183% (10918/17280)
Loss: 1.022 | Precision@1: 63.189% (11000/17408)
Loss: 1.019 | Precision@1: 63.276% (11096/17536)
Loss: 1.019 | Precision@1: 63.281% (11178/17664)
Loss: 1.019 | Precision@1: 63.292% (11261/17792)
Loss: 1.019 | Precision@1: 63.304% (11344/17920)
Loss: 1.019 | Precision@1: 63.265% (11418/18048)
Loss: 1.018 | Precision@1: 63.254% (11497/18176)
Loss: 1.017 | Precision@1: 63.276% (11582/18304)
Loss: 1.017 | Precision@1: 63.303% (11668/18432)
Loss: 1.016 | Precision@1: 63.308% (11750/18560)
Loss: 1.017 | Precision@1: 63.287% (11827/18688)
Loss: 1.015 | Precision@1: 63.382% (11926/18816)
Loss: 1.014 | Precision@1: 63.397% (12010/18944)
Loss: 1.014 | Precision@1: 63.407% (12093/19072)
Loss: 1.014 | Precision@1: 63.422% (12177/19200)
Loss: 1.014 | Precision@1: 63.447% (12263/19328)
Loss: 1.013 | Precision@1: 63.446% (12344/19456)
Loss: 1.012 | Precision@1: 63.470% (12430/19584)
Loss: 1.012 | Precision@1: 63.479% (12513/19712)
Loss: 1.011 | Precision@1: 63.488% (12596/19840)
Loss: 1.011 | Precision@1: 63.527% (12685/19968)
Loss: 1.009 | Precision@1: 63.565% (12774/20096)
Loss: 1.009 | Precision@1: 63.593% (12861/20224)
Loss: 1.008 | Precision@1: 63.645% (12953/20352)
Loss: 1.007 | Precision@1: 63.662% (13038/20480)
Loss: 1.007 | Precision@1: 63.684% (13124/20608)
Loss: 1.007 | Precision@1: 63.696% (13208/20736)
Loss: 1.005 | Precision@1: 63.746% (13300/20864)
Loss: 1.005 | Precision@1: 63.791% (13391/20992)
Loss: 1.005 | Precision@1: 63.788% (13472/21120)
Loss: 1.005 | Precision@1: 63.818% (13560/21248)
Loss: 1.004 | Precision@1: 63.824% (13643/21376)
Loss: 1.004 | Precision@1: 63.858% (13732/21504)
Loss: 1.003 | Precision@1: 63.864% (13815/21632)
Loss: 1.004 | Precision@1: 63.847% (13893/21760)
Loss: 1.005 | Precision@1: 63.816% (13968/21888)
Loss: 1.003 | Precision@1: 63.872% (14062/22016)
Loss: 1.004 | Precision@1: 63.873% (14144/22144)
Loss: 1.004 | Precision@1: 63.905% (14233/22272)
Loss: 1.004 | Precision@1: 63.915% (14317/22400)
Loss: 1.003 | Precision@1: 63.943% (14405/22528)
Loss: 1.003 | Precision@1: 63.957% (14490/22656)
Loss: 1.003 | Precision@1: 63.988% (14579/22784)
Loss: 1.002 | Precision@1: 64.041% (14673/22912)
Loss: 1.002 | Precision@1: 64.019% (14750/23040)
Loss: 1.002 | Precision@1: 64.045% (14838/23168)
Loss: 1.002 | Precision@1: 63.990% (14907/23296)
Loss: 1.002 | Precision@1: 63.994% (14990/23424)
Loss: 1.003 | Precision@1: 63.982% (15069/23552)
Loss: 1.003 | Precision@1: 63.970% (15148/23680)
Loss: 1.003 | Precision@1: 63.999% (15237/23808)
Loss: 1.003 | Precision@1: 63.987% (15316/23936)
Loss: 1.003 | Precision@1: 63.971% (15394/24064)
Loss: 1.003 | Precision@1: 63.996% (15482/24192)
Loss: 1.002 | Precision@1: 63.993% (15563/24320)
Loss: 1.002 | Precision@1: 64.022% (15652/24448)
Loss: 1.002 | Precision@1: 64.018% (15733/24576)
Loss: 1.003 | Precision@1: 64.002% (15811/24704)
Loss: 1.002 | Precision@1: 64.018% (15897/24832)
Loss: 1.002 | Precision@1: 64.026% (15981/24960)
Loss: 1.001 | Precision@1: 64.039% (16066/25088)
Loss: 1.001 | Precision@1: 64.066% (16155/25216)
Loss: 1.001 | Precision@1: 64.074% (16239/25344)
Loss: 1.000 | Precision@1: 64.121% (16333/25472)
Loss: 1.000 | Precision@1: 64.125% (16416/25600)
Loss: 1.000 | Precision@1: 64.132% (16500/25728)
Loss: 1.000 | Precision@1: 64.148% (16586/25856)
Loss: 0.999 | Precision@1: 64.174% (16675/25984)
Loss: 0.999 | Precision@1: 64.162% (16754/26112)
Loss: 0.998 | Precision@1: 64.211% (16849/26240)
Loss: 0.998 | Precision@1: 64.210% (16931/26368)
Loss: 0.997 | Precision@1: 64.217% (17015/26496)
Loss: 0.998 | Precision@1: 64.216% (17097/26624)
Loss: 0.997 | Precision@1: 64.234% (17184/26752)
Loss: 0.997 | Precision@1: 64.215% (17261/26880)
Loss: 0.996 | Precision@1: 64.270% (17358/27008)
Loss: 0.995 | Precision@1: 64.302% (17449/27136)
Loss: 0.994 | Precision@1: 64.334% (17540/27264)
Loss: 0.994 | Precision@1: 64.336% (17623/27392)
Loss: 0.993 | Precision@1: 64.357% (17711/27520)
Loss: 0.994 | Precision@1: 64.327% (17785/27648)
Loss: 0.995 | Precision@1: 64.304% (17861/27776)
Loss: 0.994 | Precision@1: 64.324% (17949/27904)
Loss: 0.994 | Precision@1: 64.323% (18031/28032)
Loss: 0.994 | Precision@1: 64.329% (18115/28160)
Loss: 0.993 | Precision@1: 64.349% (18203/28288)
Loss: 0.994 | Precision@1: 64.333% (18281/28416)
Loss: 0.994 | Precision@1: 64.318% (18359/28544)
Loss: 0.993 | Precision@1: 64.324% (18443/28672)
Loss: 0.993 | Precision@1: 64.368% (18538/28800)
Loss: 0.994 | Precision@1: 64.332% (18610/28928)
Loss: 0.994 | Precision@1: 64.341% (18695/29056)
Loss: 0.994 | Precision@1: 64.326% (18773/29184)
Loss: 0.995 | Precision@1: 64.308% (18850/29312)
Loss: 0.994 | Precision@1: 64.324% (18937/29440)
Loss: 0.994 | Precision@1: 64.340% (19024/29568)
Loss: 0.994 | Precision@1: 64.329% (19103/29696)
Loss: 0.994 | Precision@1: 64.304% (19178/29824)
Loss: 0.994 | Precision@1: 64.296% (19258/29952)
Loss: 0.994 | Precision@1: 64.315% (19346/30080)
Loss: 0.994 | Precision@1: 64.307% (19426/30208)
Loss: 0.993 | Precision@1: 64.333% (19516/30336)
Loss: 0.994 | Precision@1: 64.322% (19595/30464)
Loss: 0.994 | Precision@1: 64.308% (19673/30592)
Loss: 0.993 | Precision@1: 64.307% (19755/30720)
Loss: 0.993 | Precision@1: 64.348% (19850/30848)
Loss: 0.993 | Precision@1: 64.337% (19929/30976)
Loss: 0.992 | Precision@1: 64.349% (20015/31104)
Loss: 0.992 | Precision@1: 64.347% (20097/31232)
Loss: 0.992 | Precision@1: 64.337% (20176/31360)
Loss: 0.992 | Precision@1: 64.348% (20262/31488)
Loss: 0.992 | Precision@1: 64.363% (20349/31616)
Loss: 0.993 | Precision@1: 64.362% (20431/31744)
Loss: 0.993 | Precision@1: 64.361% (20513/31872)
Loss: 0.992 | Precision@1: 64.372% (20599/32000)
Loss: 0.992 | Precision@1: 64.402% (20691/32128)
Loss: 0.992 | Precision@1: 64.388% (20769/32256)
Loss: 0.991 | Precision@1: 64.390% (20852/32384)
Loss: 0.991 | Precision@1: 64.438% (20950/32512)
Loss: 0.990 | Precision@1: 64.445% (21035/32640)
Loss: 0.991 | Precision@1: 64.444% (21117/32768)
Loss: 0.990 | Precision@1: 64.433% (21196/32896)
Loss: 0.990 | Precision@1: 64.447% (21283/33024)
Loss: 0.990 | Precision@1: 64.455% (21368/33152)
Loss: 0.989 | Precision@1: 64.477% (21458/33280)
Loss: 0.989 | Precision@1: 64.506% (21550/33408)
Loss: 0.989 | Precision@1: 64.489% (21627/33536)
Loss: 0.989 | Precision@1: 64.502% (21714/33664)
Loss: 0.989 | Precision@1: 64.489% (21792/33792)
Loss: 0.990 | Precision@1: 64.478% (21871/33920)
Loss: 0.991 | Precision@1: 64.462% (21948/34048)
Loss: 0.991 | Precision@1: 64.466% (22032/34176)
Loss: 0.990 | Precision@1: 64.476% (22118/34304)
Loss: 0.990 | Precision@1: 64.463% (22196/34432)
Loss: 0.989 | Precision@1: 64.499% (22291/34560)
Loss: 0.989 | Precision@1: 64.509% (22377/34688)
Loss: 0.989 | Precision@1: 64.525% (22465/34816)
Loss: 0.989 | Precision@1: 64.512% (22543/34944)
Loss: 0.990 | Precision@1: 64.490% (22618/35072)
Loss: 0.989 | Precision@1: 64.497% (22703/35200)
Loss: 0.989 | Precision@1: 64.510% (22790/35328)
Loss: 0.988 | Precision@1: 64.525% (22878/35456)
Loss: 0.988 | Precision@1: 64.532% (22963/35584)
Loss: 0.988 | Precision@1: 64.550% (23052/35712)
Loss: 0.987 | Precision@1: 64.579% (23145/35840)
Loss: 0.988 | Precision@1: 64.582% (23229/35968)
Loss: 0.987 | Precision@1: 64.586% (23313/36096)
Loss: 0.987 | Precision@1: 64.587% (23396/36224)
Loss: 0.987 | Precision@1: 64.591% (23480/36352)
Loss: 0.987 | Precision@1: 64.611% (23570/36480)
Loss: 0.987 | Precision@1: 64.614% (23654/36608)
Loss: 0.987 | Precision@1: 64.621% (23739/36736)
Loss: 0.987 | Precision@1: 64.621% (23822/36864)
Loss: 0.988 | Precision@1: 64.622% (23905/36992)
Loss: 0.988 | Precision@1: 64.626% (23989/37120)
Loss: 0.988 | Precision@1: 64.624% (24071/37248)
Loss: 0.987 | Precision@1: 64.640% (24160/37376)
Loss: 0.987 | Precision@1: 64.630% (24239/37504)
Loss: 0.988 | Precision@1: 64.621% (24318/37632)
Loss: 0.987 | Precision@1: 64.645% (24410/37760)
Loss: 0.988 | Precision@1: 64.625% (24485/37888)
Loss: 0.987 | Precision@1: 64.628% (24569/38016)
Loss: 0.987 | Precision@1: 64.629% (24652/38144)
Loss: 0.987 | Precision@1: 64.640% (24739/38272)
Loss: 0.987 | Precision@1: 64.659% (24829/38400)
Loss: 0.987 | Precision@1: 64.652% (24909/38528)
Loss: 0.986 | Precision@1: 64.660% (24995/38656)
Loss: 0.986 | Precision@1: 64.656% (25076/38784)
Loss: 0.987 | Precision@1: 64.666% (25163/38912)
Loss: 0.986 | Precision@1: 64.690% (25255/39040)
Loss: 0.986 | Precision@1: 64.714% (25347/39168)
Loss: 0.986 | Precision@1: 64.714% (25430/39296)
Loss: 0.986 | Precision@1: 64.707% (25510/39424)
Loss: 0.986 | Precision@1: 64.738% (25605/39552)
Loss: 0.985 | Precision@1: 64.748% (25692/39680)
Loss: 0.985 | Precision@1: 64.763% (25781/39808)
Loss: 0.985 | Precision@1: 64.776% (25869/39936)
Loss: 0.984 | Precision@1: 64.796% (25960/40064)
Loss: 0.983 | Precision@1: 64.819% (26052/40192)
Loss: 0.983 | Precision@1: 64.849% (26147/40320)
Loss: 0.983 | Precision@1: 64.861% (26235/40448)
Loss: 0.982 | Precision@1: 64.873% (26323/40576)
Loss: 0.981 | Precision@1: 64.903% (26418/40704)
Loss: 0.981 | Precision@1: 64.903% (26501/40832)
Loss: 0.981 | Precision@1: 64.924% (26593/40960)
Loss: 0.980 | Precision@1: 64.936% (26681/41088)
Loss: 0.980 | Precision@1: 64.951% (26770/41216)
Loss: 0.980 | Precision@1: 64.948% (26852/41344)
Loss: 0.980 | Precision@1: 64.959% (26940/41472)
Loss: 0.980 | Precision@1: 64.962% (27024/41600)
Loss: 0.980 | Precision@1: 64.949% (27102/41728)
Loss: 0.979 | Precision@1: 64.978% (27197/41856)
Loss: 0.979 | Precision@1: 64.989% (27285/41984)
Loss: 0.979 | Precision@1: 65.000% (27373/42112)
Loss: 0.979 | Precision@1: 64.998% (27455/42240)
Loss: 0.979 | Precision@1: 65.000% (27539/42368)
Loss: 0.978 | Precision@1: 65.008% (27626/42496)
Loss: 0.978 | Precision@1: 65.029% (27718/42624)
Loss: 0.978 | Precision@1: 65.024% (27799/42752)
Loss: 0.979 | Precision@1: 65.009% (27876/42880)
Loss: 0.978 | Precision@1: 65.018% (27963/43008)
Loss: 0.978 | Precision@1: 65.022% (28048/43136)
Loss: 0.978 | Precision@1: 65.024% (28132/43264)
Loss: 0.978 | Precision@1: 65.028% (28217/43392)
Loss: 0.979 | Precision@1: 65.016% (28295/43520)
Loss: 0.978 | Precision@1: 65.052% (28394/43648)
Loss: 0.978 | Precision@1: 65.061% (28481/43776)
Loss: 0.978 | Precision@1: 65.078% (28572/43904)
Loss: 0.977 | Precision@1: 65.103% (28666/44032)
Loss: 0.978 | Precision@1: 65.091% (28744/44160)
Loss: 0.978 | Precision@1: 65.108% (28835/44288)
Loss: 0.978 | Precision@1: 65.098% (28914/44416)
Loss: 0.978 | Precision@1: 65.084% (28991/44544)
Loss: 0.978 | Precision@1: 65.092% (29078/44672)
Loss: 0.977 | Precision@1: 65.118% (29173/44800)
Loss: 0.977 | Precision@1: 65.106% (29251/44928)
Loss: 0.977 | Precision@1: 65.121% (29341/45056)
Loss: 0.977 | Precision@1: 65.123% (29425/45184)
Loss: 0.976 | Precision@1: 65.128% (29511/45312)
Loss: 0.976 | Precision@1: 65.132% (29596/45440)
Loss: 0.976 | Precision@1: 65.151% (29688/45568)
Loss: 0.976 | Precision@1: 65.152% (29772/45696)
Loss: 0.977 | Precision@1: 65.123% (29842/45824)
Loss: 0.977 | Precision@1: 65.131% (29929/45952)
Loss: 0.977 | Precision@1: 65.124% (30009/46080)
Loss: 0.977 | Precision@1: 65.129% (30095/46208)
Loss: 0.977 | Precision@1: 65.137% (30182/46336)
Loss: 0.977 | Precision@1: 65.139% (30266/46464)
Loss: 0.977 | Precision@1: 65.142% (30351/46592)
Loss: 0.976 | Precision@1: 65.165% (30445/46720)
Loss: 0.976 | Precision@1: 65.170% (30531/46848)
Loss: 0.976 | Precision@1: 65.163% (30611/46976)
Loss: 0.976 | Precision@1: 65.160% (30693/47104)
Loss: 0.976 | Precision@1: 65.170% (30781/47232)
Loss: 0.975 | Precision@1: 65.182% (30870/47360)
Loss: 0.975 | Precision@1: 65.185% (30955/47488)
Loss: 0.975 | Precision@1: 65.184% (31038/47616)
Loss: 0.974 | Precision@1: 65.196% (31127/47744)
Loss: 0.974 | Precision@1: 65.197% (31211/47872)
Loss: 0.974 | Precision@1: 65.219% (31305/48000)
Loss: 0.974 | Precision@1: 65.241% (31399/48128)
Loss: 0.974 | Precision@1: 65.250% (31487/48256)
Loss: 0.973 | Precision@1: 65.267% (31579/48384)
Loss: 0.973 | Precision@1: 65.273% (31665/48512)
Loss: 0.973 | Precision@1: 65.300% (31762/48640)
Loss: 0.973 | Precision@1: 65.293% (31842/48768)
Loss: 0.973 | Precision@1: 65.302% (31930/48896)
Loss: 0.973 | Precision@1: 65.313% (32019/49024)
Loss: 0.972 | Precision@1: 65.328% (32110/49152)
Loss: 0.972 | Precision@1: 65.349% (32204/49280)
Loss: 0.971 | Precision@1: 65.360% (32293/49408)
Loss: 0.971 | Precision@1: 65.363% (32378/49536)
Loss: 0.972 | Precision@1: 65.355% (32458/49664)
Loss: 0.972 | Precision@1: 65.352% (32540/49792)
Loss: 0.972 | Precision@1: 65.359% (32627/49920)
Loss: 0.972 | Precision@1: 65.368% (32684/50000)

Aggregates: 			
 	 DataLoader Time: 17.8953 			
 	 Mini-batch Time:140.2198 			
 	 Training Epoch Time:140.2157
 			
 Averages: 			
 	 Training Loss: 0.9716

 Test set Averages: Loss: 0.990 | Precision@1: 65.770% (6577/10000)

Epoch: 4
Loss: 0.671 | Precision@1: 78.906% (101/128)
Loss: 0.792 | Precision@1: 73.828% (189/256)
Loss: 0.790 | Precision@1: 73.698% (283/384)
Loss: 0.847 | Precision@1: 70.898% (363/512)
Loss: 0.864 | Precision@1: 69.375% (444/640)
Loss: 0.848 | Precision@1: 69.792% (536/768)
Loss: 0.840 | Precision@1: 70.089% (628/896)
Loss: 0.847 | Precision@1: 69.629% (713/1024)
Loss: 0.867 | Precision@1: 69.184% (797/1152)
Loss: 0.859 | Precision@1: 69.688% (892/1280)
Loss: 0.864 | Precision@1: 69.602% (980/1408)
Loss: 0.861 | Precision@1: 70.182% (1078/1536)
Loss: 0.859 | Precision@1: 70.252% (1169/1664)
Loss: 0.851 | Precision@1: 70.480% (1263/1792)
Loss: 0.856 | Precision@1: 70.000% (1344/1920)
Loss: 0.851 | Precision@1: 69.971% (1433/2048)
Loss: 0.854 | Precision@1: 69.807% (1519/2176)
Loss: 0.862 | Precision@1: 69.575% (1603/2304)
Loss: 0.862 | Precision@1: 69.531% (1691/2432)
Loss: 0.853 | Precision@1: 69.883% (1789/2560)
Loss: 0.849 | Precision@1: 69.940% (1880/2688)
Loss: 0.848 | Precision@1: 69.815% (1966/2816)
Loss: 0.848 | Precision@1: 69.837% (2056/2944)
Loss: 0.846 | Precision@1: 69.922% (2148/3072)
Loss: 0.853 | Precision@1: 69.656% (2229/3200)
Loss: 0.855 | Precision@1: 69.501% (2313/3328)
Loss: 0.854 | Precision@1: 69.589% (2405/3456)
Loss: 0.856 | Precision@1: 69.559% (2493/3584)
Loss: 0.856 | Precision@1: 69.693% (2587/3712)
Loss: 0.856 | Precision@1: 69.688% (2676/3840)
Loss: 0.856 | Precision@1: 69.657% (2764/3968)
Loss: 0.859 | Precision@1: 69.482% (2846/4096)
Loss: 0.856 | Precision@1: 69.579% (2939/4224)
Loss: 0.857 | Precision@1: 69.393% (3020/4352)
Loss: 0.854 | Precision@1: 69.442% (3111/4480)
Loss: 0.852 | Precision@1: 69.553% (3205/4608)
Loss: 0.856 | Precision@1: 69.468% (3290/4736)
Loss: 0.855 | Precision@1: 69.552% (3383/4864)
Loss: 0.850 | Precision@1: 69.752% (3482/4992)
Loss: 0.849 | Precision@1: 69.785% (3573/5120)
Loss: 0.849 | Precision@1: 69.684% (3657/5248)
Loss: 0.850 | Precision@1: 69.624% (3743/5376)
Loss: 0.855 | Precision@1: 69.386% (3819/5504)
Loss: 0.856 | Precision@1: 69.354% (3906/5632)
Loss: 0.856 | Precision@1: 69.375% (3996/5760)
Loss: 0.857 | Precision@1: 69.429% (4088/5888)
Loss: 0.858 | Precision@1: 69.448% (4178/6016)
Loss: 0.854 | Precision@1: 69.548% (4273/6144)
Loss: 0.857 | Precision@1: 69.563% (4363/6272)
Loss: 0.853 | Precision@1: 69.641% (4457/6400)
Loss: 0.854 | Precision@1: 69.608% (4544/6528)
Loss: 0.856 | Precision@1: 69.606% (4633/6656)
Loss: 0.856 | Precision@1: 69.649% (4725/6784)
Loss: 0.860 | Precision@1: 69.647% (4814/6912)
Loss: 0.861 | Precision@1: 69.631% (4902/7040)
Loss: 0.860 | Precision@1: 69.699% (4996/7168)
Loss: 0.859 | Precision@1: 69.709% (5086/7296)
Loss: 0.859 | Precision@1: 69.706% (5175/7424)
Loss: 0.859 | Precision@1: 69.637% (5259/7552)
Loss: 0.859 | Precision@1: 69.622% (5347/7680)
Loss: 0.856 | Precision@1: 69.711% (5443/7808)
Loss: 0.855 | Precision@1: 69.771% (5537/7936)
Loss: 0.855 | Precision@1: 69.692% (5620/8064)
Loss: 0.857 | Precision@1: 69.641% (5705/8192)
Loss: 0.858 | Precision@1: 69.639% (5794/8320)
Loss: 0.857 | Precision@1: 69.626% (5882/8448)
Loss: 0.858 | Precision@1: 69.578% (5967/8576)
Loss: 0.856 | Precision@1: 69.623% (6060/8704)
Loss: 0.857 | Precision@1: 69.565% (6144/8832)
Loss: 0.858 | Precision@1: 69.464% (6224/8960)
Loss: 0.860 | Precision@1: 69.432% (6310/9088)
Loss: 0.861 | Precision@1: 69.336% (6390/9216)
Loss: 0.859 | Precision@1: 69.456% (6490/9344)
Loss: 0.859 | Precision@1: 69.457% (6579/9472)
Loss: 0.858 | Precision@1: 69.500% (6672/9600)
Loss: 0.857 | Precision@1: 69.531% (6764/9728)
Loss: 0.858 | Precision@1: 69.511% (6851/9856)
Loss: 0.862 | Precision@1: 69.401% (6929/9984)
Loss: 0.861 | Precision@1: 69.393% (7017/10112)
Loss: 0.861 | Precision@1: 69.414% (7108/10240)
Loss: 0.860 | Precision@1: 69.377% (7193/10368)
Loss: 0.861 | Precision@1: 69.417% (7286/10496)
Loss: 0.861 | Precision@1: 69.390% (7372/10624)
Loss: 0.863 | Precision@1: 69.336% (7455/10752)
Loss: 0.861 | Precision@1: 69.403% (7551/10880)
Loss: 0.860 | Precision@1: 69.422% (7642/11008)
Loss: 0.860 | Precision@1: 69.415% (7730/11136)
Loss: 0.860 | Precision@1: 69.398% (7817/11264)
Loss: 0.860 | Precision@1: 69.391% (7905/11392)
Loss: 0.863 | Precision@1: 69.262% (7979/11520)
Loss: 0.864 | Precision@1: 69.196% (8060/11648)
Loss: 0.865 | Precision@1: 69.132% (8141/11776)
Loss: 0.865 | Precision@1: 69.153% (8232/11904)
Loss: 0.865 | Precision@1: 69.157% (8321/12032)
Loss: 0.866 | Precision@1: 69.137% (8407/12160)
Loss: 0.867 | Precision@1: 69.100% (8491/12288)
Loss: 0.868 | Precision@1: 69.072% (8576/12416)
Loss: 0.870 | Precision@1: 69.013% (8657/12544)
Loss: 0.869 | Precision@1: 69.034% (8748/12672)
Loss: 0.868 | Precision@1: 69.094% (8844/12800)
Loss: 0.869 | Precision@1: 69.090% (8932/12928)
Loss: 0.868 | Precision@1: 69.095% (9021/13056)
Loss: 0.869 | Precision@1: 69.099% (9110/13184)
Loss: 0.868 | Precision@1: 69.126% (9202/13312)
Loss: 0.867 | Precision@1: 69.189% (9299/13440)
Loss: 0.867 | Precision@1: 69.155% (9383/13568)
Loss: 0.867 | Precision@1: 69.108% (9465/13696)
Loss: 0.867 | Precision@1: 69.090% (9551/13824)
Loss: 0.866 | Precision@1: 69.087% (9639/13952)
Loss: 0.868 | Precision@1: 69.034% (9720/14080)
Loss: 0.869 | Precision@1: 69.024% (9807/14208)
Loss: 0.871 | Precision@1: 68.938% (9883/14336)
Loss: 0.871 | Precision@1: 68.964% (9975/14464)
Loss: 0.871 | Precision@1: 68.997% (10068/14592)
Loss: 0.871 | Precision@1: 69.035% (10162/14720)
Loss: 0.871 | Precision@1: 69.026% (10249/14848)
Loss: 0.870 | Precision@1: 69.010% (10335/14976)
Loss: 0.870 | Precision@1: 68.995% (10421/15104)
Loss: 0.871 | Precision@1: 69.006% (10511/15232)
Loss: 0.871 | Precision@1: 69.010% (10600/15360)
Loss: 0.872 | Precision@1: 69.002% (10687/15488)
Loss: 0.872 | Precision@1: 69.045% (10782/15616)
Loss: 0.872 | Precision@1: 69.055% (10872/15744)
Loss: 0.872 | Precision@1: 69.059% (10961/15872)
Loss: 0.871 | Precision@1: 69.125% (11060/16000)
Loss: 0.870 | Precision@1: 69.159% (11154/16128)
Loss: 0.870 | Precision@1: 69.138% (11239/16256)
Loss: 0.870 | Precision@1: 69.159% (11331/16384)
Loss: 0.870 | Precision@1: 69.156% (11419/16512)
Loss: 0.869 | Precision@1: 69.189% (11513/16640)
Loss: 0.870 | Precision@1: 69.173% (11599/16768)
Loss: 0.869 | Precision@1: 69.229% (11697/16896)
Loss: 0.869 | Precision@1: 69.232% (11786/17024)
Loss: 0.870 | Precision@1: 69.193% (11868/17152)
Loss: 0.870 | Precision@1: 69.201% (11958/17280)
Loss: 0.870 | Precision@1: 69.267% (12058/17408)
Loss: 0.870 | Precision@1: 69.246% (12143/17536)
Loss: 0.869 | Precision@1: 69.254% (12233/17664)
Loss: 0.868 | Precision@1: 69.306% (12331/17792)
Loss: 0.868 | Precision@1: 69.302% (12419/17920)
Loss: 0.868 | Precision@1: 69.299% (12507/18048)
Loss: 0.868 | Precision@1: 69.311% (12598/18176)
Loss: 0.869 | Precision@1: 69.285% (12682/18304)
Loss: 0.868 | Precision@1: 69.265% (12767/18432)
Loss: 0.868 | Precision@1: 69.289% (12860/18560)
Loss: 0.867 | Precision@1: 69.301% (12951/18688)
Loss: 0.867 | Precision@1: 69.361% (13051/18816)
Loss: 0.867 | Precision@1: 69.346% (13137/18944)
Loss: 0.867 | Precision@1: 69.332% (13223/19072)
Loss: 0.867 | Precision@1: 69.328% (13311/19200)
Loss: 0.868 | Precision@1: 69.329% (13400/19328)
Loss: 0.867 | Precision@1: 69.392% (13501/19456)
Loss: 0.866 | Precision@1: 69.419% (13595/19584)
Loss: 0.866 | Precision@1: 69.435% (13687/19712)
Loss: 0.867 | Precision@1: 69.400% (13769/19840)
Loss: 0.866 | Precision@1: 69.411% (13860/19968)
Loss: 0.866 | Precision@1: 69.387% (13944/20096)
Loss: 0.866 | Precision@1: 69.413% (14038/20224)
Loss: 0.865 | Precision@1: 69.433% (14131/20352)
Loss: 0.864 | Precision@1: 69.482% (14230/20480)
Loss: 0.863 | Precision@1: 69.531% (14329/20608)
Loss: 0.863 | Precision@1: 69.565% (14425/20736)
Loss: 0.862 | Precision@1: 69.579% (14517/20864)
Loss: 0.862 | Precision@1: 69.574% (14605/20992)
Loss: 0.862 | Precision@1: 69.574% (14694/21120)
Loss: 0.862 | Precision@1: 69.555% (14779/21248)
Loss: 0.863 | Precision@1: 69.527% (14862/21376)
Loss: 0.862 | Precision@1: 69.541% (14954/21504)
Loss: 0.861 | Precision@1: 69.591% (15054/21632)
Loss: 0.861 | Precision@1: 69.614% (15148/21760)
Loss: 0.861 | Precision@1: 69.609% (15236/21888)
Loss: 0.861 | Precision@1: 69.622% (15328/22016)
Loss: 0.860 | Precision@1: 69.649% (15423/22144)
Loss: 0.860 | Precision@1: 69.679% (15519/22272)
Loss: 0.859 | Precision@1: 69.710% (15615/22400)
Loss: 0.859 | Precision@1: 69.673% (15696/22528)
Loss: 0.859 | Precision@1: 69.681% (15787/22656)
Loss: 0.860 | Precision@1: 69.689% (15878/22784)
Loss: 0.859 | Precision@1: 69.715% (15973/22912)
Loss: 0.858 | Precision@1: 69.718% (16063/23040)
Loss: 0.859 | Precision@1: 69.717% (16152/23168)
Loss: 0.858 | Precision@1: 69.754% (16250/23296)
Loss: 0.857 | Precision@1: 69.809% (16352/23424)
Loss: 0.857 | Precision@1: 69.816% (16443/23552)
Loss: 0.856 | Precision@1: 69.831% (16536/23680)
Loss: 0.856 | Precision@1: 69.813% (16621/23808)
Loss: 0.856 | Precision@1: 69.820% (16712/23936)
Loss: 0.856 | Precision@1: 69.814% (16800/24064)
Loss: 0.856 | Precision@1: 69.841% (16896/24192)
Loss: 0.855 | Precision@1: 69.831% (16983/24320)
Loss: 0.856 | Precision@1: 69.830% (17072/24448)
Loss: 0.855 | Precision@1: 69.832% (17162/24576)
Loss: 0.854 | Precision@1: 69.859% (17258/24704)
Loss: 0.853 | Precision@1: 69.874% (17351/24832)
Loss: 0.853 | Precision@1: 69.892% (17445/24960)
Loss: 0.853 | Precision@1: 69.886% (17533/25088)
Loss: 0.853 | Precision@1: 69.912% (17629/25216)
Loss: 0.852 | Precision@1: 69.926% (17722/25344)
Loss: 0.852 | Precision@1: 69.951% (17818/25472)
Loss: 0.851 | Precision@1: 69.965% (17911/25600)
Loss: 0.851 | Precision@1: 69.959% (17999/25728)
Loss: 0.851 | Precision@1: 69.945% (18085/25856)
Loss: 0.851 | Precision@1: 69.966% (18180/25984)
Loss: 0.850 | Precision@1: 69.956% (18267/26112)
Loss: 0.850 | Precision@1: 69.954% (18356/26240)
Loss: 0.849 | Precision@1: 70.005% (18459/26368)
Loss: 0.849 | Precision@1: 70.026% (18554/26496)
Loss: 0.849 | Precision@1: 70.012% (18640/26624)
Loss: 0.848 | Precision@1: 70.040% (18737/26752)
Loss: 0.847 | Precision@1: 70.063% (18833/26880)
Loss: 0.847 | Precision@1: 70.079% (18927/27008)
Loss: 0.846 | Precision@1: 70.088% (19019/27136)
Loss: 0.847 | Precision@1: 70.078% (19106/27264)
Loss: 0.846 | Precision@1: 70.101% (19202/27392)
Loss: 0.846 | Precision@1: 70.091% (19289/27520)
Loss: 0.846 | Precision@1: 70.092% (19379/27648)
Loss: 0.846 | Precision@1: 70.122% (19477/27776)
Loss: 0.845 | Precision@1: 70.115% (19565/27904)
Loss: 0.845 | Precision@1: 70.123% (19657/28032)
Loss: 0.845 | Precision@1: 70.146% (19753/28160)
Loss: 0.845 | Precision@1: 70.125% (19837/28288)
Loss: 0.845 | Precision@1: 70.137% (19930/28416)
Loss: 0.845 | Precision@1: 70.130% (20018/28544)
Loss: 0.844 | Precision@1: 70.183% (20123/28672)
Loss: 0.844 | Precision@1: 70.184% (20213/28800)
Loss: 0.845 | Precision@1: 70.188% (20304/28928)
Loss: 0.844 | Precision@1: 70.199% (20397/29056)
Loss: 0.844 | Precision@1: 70.210% (20490/29184)
Loss: 0.844 | Precision@1: 70.217% (20582/29312)
Loss: 0.844 | Precision@1: 70.214% (20671/29440)
Loss: 0.844 | Precision@1: 70.201% (20757/29568)
Loss: 0.844 | Precision@1: 70.198% (20846/29696)
Loss: 0.844 | Precision@1: 70.195% (20935/29824)
Loss: 0.844 | Precision@1: 70.216% (21031/29952)
Loss: 0.844 | Precision@1: 70.186% (21112/30080)
Loss: 0.844 | Precision@1: 70.233% (21216/30208)
Loss: 0.844 | Precision@1: 70.243% (21309/30336)
Loss: 0.843 | Precision@1: 70.280% (21410/30464)
Loss: 0.844 | Precision@1: 70.244% (21489/30592)
Loss: 0.845 | Precision@1: 70.238% (21577/30720)
Loss: 0.844 | Precision@1: 70.264% (21675/30848)
Loss: 0.844 | Precision@1: 70.280% (21770/30976)
Loss: 0.843 | Precision@1: 70.287% (21862/31104)
Loss: 0.843 | Precision@1: 70.309% (21959/31232)
Loss: 0.843 | Precision@1: 70.328% (22055/31360)
Loss: 0.842 | Precision@1: 70.338% (22148/31488)
Loss: 0.842 | Precision@1: 70.328% (22235/31616)
Loss: 0.842 | Precision@1: 70.344% (22330/31744)
Loss: 0.842 | Precision@1: 70.363% (22426/31872)
Loss: 0.842 | Precision@1: 70.359% (22515/32000)
Loss: 0.842 | Precision@1: 70.384% (22613/32128)
Loss: 0.841 | Precision@1: 70.390% (22705/32256)
Loss: 0.841 | Precision@1: 70.387% (22794/32384)
Loss: 0.841 | Precision@1: 70.402% (22889/32512)
Loss: 0.841 | Precision@1: 70.395% (22977/32640)
Loss: 0.841 | Precision@1: 70.432% (23079/32768)
Loss: 0.840 | Precision@1: 70.452% (23176/32896)
Loss: 0.840 | Precision@1: 70.443% (23263/33024)
Loss: 0.840 | Precision@1: 70.451% (23356/33152)
Loss: 0.839 | Precision@1: 70.463% (23450/33280)
Loss: 0.839 | Precision@1: 70.471% (23543/33408)
Loss: 0.838 | Precision@1: 70.474% (23634/33536)
Loss: 0.838 | Precision@1: 70.503% (23734/33664)
Loss: 0.838 | Precision@1: 70.520% (23830/33792)
Loss: 0.837 | Precision@1: 70.528% (23923/33920)
Loss: 0.837 | Precision@1: 70.539% (24017/34048)
Loss: 0.836 | Precision@1: 70.561% (24115/34176)
Loss: 0.836 | Precision@1: 70.584% (24213/34304)
Loss: 0.836 | Precision@1: 70.580% (24302/34432)
Loss: 0.836 | Precision@1: 70.593% (24397/34560)
Loss: 0.835 | Precision@1: 70.615% (24495/34688)
Loss: 0.836 | Precision@1: 70.585% (24575/34816)
Loss: 0.835 | Precision@1: 70.599% (24670/34944)
Loss: 0.834 | Precision@1: 70.626% (24770/35072)
Loss: 0.834 | Precision@1: 70.656% (24871/35200)
Loss: 0.834 | Precision@1: 70.641% (24956/35328)
Loss: 0.834 | Precision@1: 70.631% (25043/35456)
Loss: 0.835 | Precision@1: 70.619% (25129/35584)
Loss: 0.834 | Precision@1: 70.651% (25231/35712)
Loss: 0.834 | Precision@1: 70.653% (25322/35840)
Loss: 0.834 | Precision@1: 70.654% (25413/35968)
Loss: 0.834 | Precision@1: 70.653% (25503/36096)
Loss: 0.833 | Precision@1: 70.685% (25605/36224)
Loss: 0.833 | Precision@1: 70.678% (25693/36352)
Loss: 0.833 | Precision@1: 70.694% (25789/36480)
Loss: 0.832 | Precision@1: 70.722% (25890/36608)
Loss: 0.832 | Precision@1: 70.743% (25988/36736)
Loss: 0.831 | Precision@1: 70.782% (26093/36864)
Loss: 0.831 | Precision@1: 70.804% (26192/36992)
Loss: 0.830 | Precision@1: 70.811% (26285/37120)
Loss: 0.830 | Precision@1: 70.828% (26382/37248)
Loss: 0.830 | Precision@1: 70.818% (26469/37376)
Loss: 0.829 | Precision@1: 70.822% (26561/37504)
Loss: 0.829 | Precision@1: 70.833% (26656/37632)
Loss: 0.829 | Precision@1: 70.832% (26746/37760)
Loss: 0.829 | Precision@1: 70.859% (26847/37888)
Loss: 0.829 | Precision@1: 70.881% (26946/38016)
Loss: 0.828 | Precision@1: 70.902% (27045/38144)
Loss: 0.828 | Precision@1: 70.900% (27135/38272)
Loss: 0.829 | Precision@1: 70.904% (27227/38400)
Loss: 0.829 | Precision@1: 70.896% (27315/38528)
Loss: 0.829 | Precision@1: 70.887% (27402/38656)
Loss: 0.828 | Precision@1: 70.906% (27500/38784)
Loss: 0.828 | Precision@1: 70.904% (27590/38912)
Loss: 0.828 | Precision@1: 70.920% (27687/39040)
Loss: 0.828 | Precision@1: 70.912% (27775/39168)
Loss: 0.828 | Precision@1: 70.908% (27864/39296)
Loss: 0.829 | Precision@1: 70.891% (27948/39424)
Loss: 0.828 | Precision@1: 70.899% (28042/39552)
Loss: 0.828 | Precision@1: 70.915% (28139/39680)
Loss: 0.828 | Precision@1: 70.913% (28229/39808)
Loss: 0.828 | Precision@1: 70.923% (28324/39936)
Loss: 0.828 | Precision@1: 70.914% (28411/40064)
Loss: 0.828 | Precision@1: 70.920% (28504/40192)
Loss: 0.828 | Precision@1: 70.930% (28599/40320)
Loss: 0.827 | Precision@1: 70.943% (28695/40448)
Loss: 0.827 | Precision@1: 70.966% (28795/40576)
Loss: 0.827 | Precision@1: 70.951% (28880/40704)
Loss: 0.827 | Precision@1: 70.927% (28961/40832)
Loss: 0.827 | Precision@1: 70.947% (29060/40960)
Loss: 0.826 | Precision@1: 70.972% (29161/41088)
Loss: 0.827 | Precision@1: 70.951% (29243/41216)
Loss: 0.827 | Precision@1: 70.937% (29328/41344)
Loss: 0.826 | Precision@1: 70.932% (29417/41472)
Loss: 0.827 | Precision@1: 70.911% (29499/41600)
Loss: 0.827 | Precision@1: 70.919% (29593/41728)
Loss: 0.827 | Precision@1: 70.922% (29685/41856)
Loss: 0.827 | Precision@1: 70.920% (29775/41984)
Loss: 0.827 | Precision@1: 70.939% (29874/42112)
Loss: 0.826 | Precision@1: 70.959% (29973/42240)
Loss: 0.825 | Precision@1: 70.988% (30076/42368)
Loss: 0.826 | Precision@1: 70.978% (30163/42496)
Loss: 0.825 | Precision@1: 71.007% (30266/42624)
Loss: 0.825 | Precision@1: 71.014% (30360/42752)
Loss: 0.825 | Precision@1: 71.005% (30447/42880)
Loss: 0.825 | Precision@1: 71.015% (30542/43008)
Loss: 0.825 | Precision@1: 71.027% (30638/43136)
Loss: 0.825 | Precision@1: 71.036% (30733/43264)
Loss: 0.824 | Precision@1: 71.048% (30829/43392)
Loss: 0.824 | Precision@1: 71.055% (30923/43520)
Loss: 0.824 | Precision@1: 71.078% (31024/43648)
Loss: 0.824 | Precision@1: 71.082% (31117/43776)
Loss: 0.823 | Precision@1: 71.087% (31210/43904)
Loss: 0.823 | Precision@1: 71.087% (31301/44032)
Loss: 0.823 | Precision@1: 71.098% (31397/44160)
Loss: 0.822 | Precision@1: 71.098% (31488/44288)
Loss: 0.823 | Precision@1: 71.076% (31569/44416)
Loss: 0.822 | Precision@1: 71.085% (31664/44544)
Loss: 0.822 | Precision@1: 71.085% (31755/44672)
Loss: 0.822 | Precision@1: 71.105% (31855/44800)
Loss: 0.822 | Precision@1: 71.098% (31943/44928)
Loss: 0.821 | Precision@1: 71.131% (32049/45056)
Loss: 0.821 | Precision@1: 71.140% (32144/45184)
Loss: 0.821 | Precision@1: 71.129% (32230/45312)
Loss: 0.821 | Precision@1: 71.140% (32326/45440)
Loss: 0.821 | Precision@1: 71.157% (32425/45568)
Loss: 0.821 | Precision@1: 71.164% (32519/45696)
Loss: 0.821 | Precision@1: 71.174% (32615/45824)
Loss: 0.821 | Precision@1: 71.163% (32701/45952)
Loss: 0.820 | Precision@1: 71.174% (32797/46080)
Loss: 0.820 | Precision@1: 71.178% (32890/46208)
Loss: 0.820 | Precision@1: 71.182% (32983/46336)
Loss: 0.820 | Precision@1: 71.178% (33072/46464)
Loss: 0.820 | Precision@1: 71.188% (33168/46592)
Loss: 0.820 | Precision@1: 71.173% (33252/46720)
Loss: 0.819 | Precision@1: 71.188% (33350/46848)
Loss: 0.819 | Precision@1: 71.204% (33449/46976)
Loss: 0.819 | Precision@1: 71.200% (33538/47104)
Loss: 0.819 | Precision@1: 71.193% (33626/47232)
Loss: 0.819 | Precision@1: 71.185% (33713/47360)
Loss: 0.819 | Precision@1: 71.161% (33793/47488)
Loss: 0.819 | Precision@1: 71.161% (33884/47616)
Loss: 0.819 | Precision@1: 71.165% (33977/47744)
Loss: 0.819 | Precision@1: 71.177% (34074/47872)
Loss: 0.819 | Precision@1: 71.181% (34167/48000)
Loss: 0.819 | Precision@1: 71.177% (34256/48128)
Loss: 0.818 | Precision@1: 71.197% (34357/48256)
Loss: 0.818 | Precision@1: 71.214% (34456/48384)
Loss: 0.819 | Precision@1: 71.207% (34544/48512)
Loss: 0.818 | Precision@1: 71.225% (34644/48640)
Loss: 0.818 | Precision@1: 71.235% (34740/48768)
Loss: 0.817 | Precision@1: 71.255% (34841/48896)
Loss: 0.817 | Precision@1: 71.279% (34944/49024)
Loss: 0.817 | Precision@1: 71.279% (35035/49152)
Loss: 0.817 | Precision@1: 71.260% (35117/49280)
Loss: 0.817 | Precision@1: 71.282% (35219/49408)
Loss: 0.816 | Precision@1: 71.312% (35325/49536)
Loss: 0.816 | Precision@1: 71.311% (35416/49664)
Loss: 0.816 | Precision@1: 71.313% (35508/49792)
Loss: 0.815 | Precision@1: 71.334% (35610/49920)
Loss: 0.815 | Precision@1: 71.340% (35670/50000)

Aggregates: 			
 	 DataLoader Time: 17.9164 			
 	 Mini-batch Time:139.8203 			
 	 Training Epoch Time:139.8162
 			
 Averages: 			
 	 Training Loss: 0.8149

 Test set Averages: Loss: 0.812 | Precision@1: 72.600% (7260/10000)
Average dataloader time is 17.90
