model name	: Intel(R) Xeon(R) Gold 6152 CPU @ 2.10GHz
Wed Oct 30 12:53:45 2019       
+-----------------------------------------------------------------------------+
| NVIDIA-SMI 418.74       Driver Version: 418.74       CUDA Version: 10.1     |
|-------------------------------+----------------------+----------------------+
| GPU  Name        Persistence-M| Bus-Id        Disp.A | Volatile Uncorr. ECC |
| Fan  Temp  Perf  Pwr:Usage/Cap|         Memory-Usage | GPU-Util  Compute M. |
|===============================+======================+======================|
|   0  GeForce RTX 208...  On   | 00000000:3B:00.0 Off |                  N/A |
| 29%   30C    P2    61W / 250W |    990MiB / 10989MiB |      4%      Default |
+-------------------------------+----------------------+----------------------+
                                                                               
+-----------------------------------------------------------------------------+
| Processes:                                                       GPU Memory |
|  GPU       PID   Type   Process name                             Usage      |
|=============================================================================|
|    0    463334      C   python3                                      979MiB |
+-----------------------------------------------------------------------------+
Files already downloaded and verified
Files already downloaded and verified

Epoch: 0
Loss: 2.499 | Precision@1: 9.375% (12/128)
Loss: 4.215 | Precision@1: 9.766% (25/256)
Loss: 6.505 | Precision@1: 11.719% (45/384)
Loss: 6.251 | Precision@1: 10.938% (56/512)
Loss: 6.383 | Precision@1: 11.250% (72/640)
Loss: 6.461 | Precision@1: 10.547% (81/768)
Loss: 6.507 | Precision@1: 11.272% (101/896)
Loss: 6.316 | Precision@1: 11.426% (117/1024)
Loss: 6.146 | Precision@1: 11.806% (136/1152)
Loss: 5.812 | Precision@1: 11.484% (147/1280)
Loss: 5.669 | Precision@1: 11.151% (157/1408)
Loss: 5.552 | Precision@1: 11.393% (175/1536)
Loss: 5.333 | Precision@1: 11.478% (191/1664)
Loss: 5.175 | Precision@1: 11.161% (200/1792)
Loss: 4.992 | Precision@1: 10.938% (210/1920)
Loss: 4.821 | Precision@1: 11.182% (229/2048)
Loss: 4.676 | Precision@1: 11.305% (246/2176)
Loss: 4.564 | Precision@1: 11.372% (262/2304)
Loss: 4.483 | Precision@1: 11.431% (278/2432)
Loss: 4.374 | Precision@1: 11.484% (294/2560)
Loss: 4.293 | Precision@1: 11.235% (302/2688)
Loss: 4.212 | Precision@1: 11.293% (318/2816)
Loss: 4.146 | Precision@1: 11.277% (332/2944)
Loss: 4.077 | Precision@1: 11.165% (343/3072)
Loss: 4.006 | Precision@1: 11.156% (357/3200)
Loss: 3.950 | Precision@1: 11.028% (367/3328)
Loss: 3.888 | Precision@1: 11.111% (384/3456)
Loss: 3.838 | Precision@1: 11.161% (400/3584)
Loss: 3.796 | Precision@1: 11.126% (413/3712)
Loss: 3.746 | Precision@1: 11.172% (429/3840)
Loss: 3.713 | Precision@1: 11.316% (449/3968)
Loss: 3.670 | Precision@1: 11.401% (467/4096)
Loss: 3.636 | Precision@1: 11.387% (481/4224)
Loss: 3.600 | Precision@1: 11.351% (494/4352)
Loss: 3.562 | Precision@1: 11.384% (510/4480)
Loss: 3.527 | Precision@1: 11.241% (518/4608)
Loss: 3.494 | Precision@1: 11.339% (537/4736)
Loss: 3.464 | Precision@1: 11.369% (553/4864)
Loss: 3.435 | Precision@1: 11.418% (570/4992)
Loss: 3.414 | Precision@1: 11.445% (586/5120)
Loss: 3.386 | Precision@1: 11.509% (604/5248)
Loss: 3.366 | Precision@1: 11.496% (618/5376)
Loss: 3.341 | Precision@1: 11.501% (633/5504)
Loss: 3.319 | Precision@1: 11.541% (650/5632)
Loss: 3.296 | Precision@1: 11.476% (661/5760)
Loss: 3.275 | Precision@1: 11.430% (673/5888)
Loss: 3.257 | Precision@1: 11.486% (691/6016)
Loss: 3.237 | Precision@1: 11.654% (716/6144)
Loss: 3.218 | Precision@1: 11.607% (728/6272)
Loss: 3.202 | Precision@1: 11.594% (742/6400)
Loss: 3.186 | Precision@1: 11.612% (758/6528)
Loss: 3.170 | Precision@1: 11.644% (775/6656)
Loss: 3.154 | Precision@1: 11.704% (794/6784)
Loss: 3.137 | Precision@1: 11.675% (807/6912)
Loss: 3.121 | Precision@1: 11.648% (820/7040)
Loss: 3.105 | Precision@1: 11.733% (841/7168)
Loss: 3.092 | Precision@1: 11.705% (854/7296)
Loss: 3.079 | Precision@1: 11.678% (867/7424)
Loss: 3.067 | Precision@1: 11.679% (882/7552)
Loss: 3.054 | Precision@1: 11.641% (894/7680)
Loss: 3.041 | Precision@1: 11.603% (906/7808)
Loss: 3.071 | Precision@1: 11.668% (926/7936)
Loss: 3.063 | Precision@1: 11.682% (942/8064)
Loss: 3.063 | Precision@1: 11.633% (953/8192)
Loss: 3.060 | Precision@1: 11.599% (965/8320)
Loss: 3.049 | Precision@1: 11.624% (982/8448)
Loss: 3.039 | Precision@1: 11.660% (1000/8576)
Loss: 3.030 | Precision@1: 11.627% (1012/8704)
Loss: 3.022 | Precision@1: 11.673% (1031/8832)
Loss: 3.026 | Precision@1: 11.685% (1047/8960)
Loss: 3.016 | Precision@1: 11.785% (1071/9088)
Loss: 3.008 | Precision@1: 11.762% (1084/9216)
Loss: 2.998 | Precision@1: 11.740% (1097/9344)
Loss: 2.989 | Precision@1: 11.708% (1109/9472)
Loss: 2.979 | Precision@1: 11.740% (1127/9600)
Loss: 2.971 | Precision@1: 11.739% (1142/9728)
Loss: 2.962 | Precision@1: 11.739% (1157/9856)
Loss: 2.952 | Precision@1: 11.789% (1177/9984)
Loss: 2.946 | Precision@1: 11.818% (1195/10112)
Loss: 2.937 | Precision@1: 11.758% (1204/10240)
Loss: 2.929 | Precision@1: 11.767% (1220/10368)
Loss: 2.920 | Precision@1: 11.833% (1242/10496)
Loss: 2.913 | Precision@1: 11.832% (1257/10624)
Loss: 2.906 | Precision@1: 11.821% (1271/10752)
Loss: 2.898 | Precision@1: 11.847% (1289/10880)
Loss: 2.894 | Precision@1: 11.864% (1306/11008)
Loss: 2.888 | Precision@1: 11.844% (1319/11136)
Loss: 2.882 | Precision@1: 11.852% (1335/11264)
Loss: 2.876 | Precision@1: 11.807% (1345/11392)
Loss: 2.870 | Precision@1: 11.840% (1364/11520)
Loss: 2.863 | Precision@1: 11.890% (1385/11648)
Loss: 2.857 | Precision@1: 11.889% (1400/11776)
Loss: 2.851 | Precision@1: 11.862% (1412/11904)
Loss: 2.844 | Precision@1: 11.918% (1434/12032)
Loss: 2.839 | Precision@1: 11.916% (1449/12160)
Loss: 2.832 | Precision@1: 11.955% (1469/12288)
Loss: 2.825 | Precision@1: 11.993% (1489/12416)
Loss: 2.819 | Precision@1: 11.990% (1504/12544)
Loss: 2.813 | Precision@1: 12.050% (1527/12672)
Loss: 2.807 | Precision@1: 12.094% (1548/12800)
Loss: 2.800 | Precision@1: 12.106% (1565/12928)
Loss: 2.795 | Precision@1: 12.163% (1588/13056)
Loss: 2.789 | Precision@1: 12.197% (1608/13184)
Loss: 2.784 | Precision@1: 12.200% (1624/13312)
Loss: 2.779 | Precision@1: 12.269% (1649/13440)
Loss: 2.773 | Precision@1: 12.316% (1671/13568)
Loss: 2.767 | Precision@1: 12.303% (1685/13696)
Loss: 2.761 | Precision@1: 12.355% (1708/13824)
Loss: 2.756 | Precision@1: 12.392% (1729/13952)
Loss: 2.750 | Precision@1: 12.472% (1756/14080)
Loss: 2.745 | Precision@1: 12.493% (1775/14208)
Loss: 2.739 | Precision@1: 12.514% (1794/14336)
Loss: 2.734 | Precision@1: 12.548% (1815/14464)
Loss: 2.729 | Precision@1: 12.617% (1841/14592)
Loss: 2.723 | Precision@1: 12.649% (1862/14720)
Loss: 2.719 | Precision@1: 12.641% (1877/14848)
Loss: 2.714 | Precision@1: 12.720% (1905/14976)
Loss: 2.710 | Precision@1: 12.738% (1924/15104)
Loss: 2.705 | Precision@1: 12.795% (1949/15232)
Loss: 2.700 | Precision@1: 12.904% (1982/15360)
Loss: 2.696 | Precision@1: 12.958% (2007/15488)
Loss: 2.690 | Precision@1: 13.025% (2034/15616)
Loss: 2.685 | Precision@1: 13.046% (2054/15744)
Loss: 2.681 | Precision@1: 13.036% (2069/15872)
Loss: 2.678 | Precision@1: 13.062% (2090/16000)
Loss: 2.674 | Precision@1: 13.058% (2106/16128)
Loss: 2.669 | Precision@1: 13.115% (2132/16256)
Loss: 2.665 | Precision@1: 13.159% (2156/16384)
Loss: 2.661 | Precision@1: 13.227% (2184/16512)
Loss: 2.661 | Precision@1: 13.275% (2209/16640)
Loss: 2.658 | Precision@1: 13.275% (2226/16768)
Loss: 2.653 | Precision@1: 13.329% (2252/16896)
Loss: 2.648 | Precision@1: 13.422% (2285/17024)
Loss: 2.644 | Precision@1: 13.456% (2308/17152)
Loss: 2.639 | Precision@1: 13.571% (2345/17280)
Loss: 2.634 | Precision@1: 13.678% (2381/17408)
Loss: 2.630 | Precision@1: 13.760% (2413/17536)
Loss: 2.626 | Precision@1: 13.825% (2442/17664)
Loss: 2.622 | Precision@1: 13.860% (2466/17792)
Loss: 2.618 | Precision@1: 13.867% (2485/17920)
Loss: 2.615 | Precision@1: 13.902% (2509/18048)
Loss: 2.611 | Precision@1: 13.908% (2528/18176)
Loss: 2.608 | Precision@1: 13.926% (2549/18304)
Loss: 2.604 | Precision@1: 13.981% (2577/18432)
Loss: 2.601 | Precision@1: 14.073% (2612/18560)
Loss: 2.597 | Precision@1: 14.148% (2644/18688)
Loss: 2.593 | Precision@1: 14.201% (2672/18816)
Loss: 2.590 | Precision@1: 14.216% (2693/18944)
Loss: 2.587 | Precision@1: 14.251% (2718/19072)
Loss: 2.583 | Precision@1: 14.281% (2742/19200)
Loss: 2.580 | Precision@1: 14.311% (2766/19328)
Loss: 2.576 | Precision@1: 14.361% (2794/19456)
Loss: 2.573 | Precision@1: 14.374% (2815/19584)
Loss: 2.569 | Precision@1: 14.448% (2848/19712)
Loss: 2.566 | Precision@1: 14.501% (2877/19840)
Loss: 2.564 | Precision@1: 14.538% (2903/19968)
Loss: 2.560 | Precision@1: 14.600% (2934/20096)
Loss: 2.557 | Precision@1: 14.651% (2963/20224)
Loss: 2.553 | Precision@1: 14.696% (2991/20352)
Loss: 2.551 | Precision@1: 14.736% (3018/20480)
Loss: 2.547 | Precision@1: 14.771% (3044/20608)
Loss: 2.544 | Precision@1: 14.786% (3066/20736)
Loss: 2.541 | Precision@1: 14.844% (3097/20864)
Loss: 2.537 | Precision@1: 14.906% (3129/20992)
Loss: 2.534 | Precision@1: 14.934% (3154/21120)
Loss: 2.531 | Precision@1: 14.971% (3181/21248)
Loss: 2.528 | Precision@1: 14.989% (3204/21376)
Loss: 2.525 | Precision@1: 15.016% (3229/21504)
Loss: 2.522 | Precision@1: 15.075% (3261/21632)
Loss: 2.519 | Precision@1: 15.110% (3288/21760)
Loss: 2.516 | Precision@1: 15.136% (3313/21888)
Loss: 2.513 | Precision@1: 15.175% (3341/22016)
Loss: 2.511 | Precision@1: 15.237% (3374/22144)
Loss: 2.508 | Precision@1: 15.293% (3406/22272)
Loss: 2.505 | Precision@1: 15.330% (3434/22400)
Loss: 2.503 | Precision@1: 15.350% (3458/22528)
Loss: 2.500 | Precision@1: 15.373% (3483/22656)
Loss: 2.497 | Precision@1: 15.423% (3514/22784)
Loss: 2.494 | Precision@1: 15.455% (3541/22912)
Loss: 2.491 | Precision@1: 15.521% (3576/23040)
Loss: 2.488 | Precision@1: 15.565% (3606/23168)
Loss: 2.486 | Precision@1: 15.629% (3641/23296)
Loss: 2.483 | Precision@1: 15.651% (3666/23424)
Loss: 2.480 | Precision@1: 15.718% (3702/23552)
Loss: 2.479 | Precision@1: 15.769% (3734/23680)
Loss: 2.476 | Precision@1: 15.806% (3763/23808)
Loss: 2.473 | Precision@1: 15.805% (3783/23936)
Loss: 2.472 | Precision@1: 15.787% (3799/24064)
Loss: 2.469 | Precision@1: 15.823% (3828/24192)
Loss: 2.468 | Precision@1: 15.847% (3854/24320)
Loss: 2.465 | Precision@1: 15.858% (3877/24448)
Loss: 2.463 | Precision@1: 15.857% (3897/24576)
Loss: 2.461 | Precision@1: 15.884% (3924/24704)
Loss: 2.458 | Precision@1: 15.919% (3953/24832)
Loss: 2.456 | Precision@1: 15.962% (3984/24960)
Loss: 2.454 | Precision@1: 16.032% (4022/25088)
Loss: 2.451 | Precision@1: 16.073% (4053/25216)
Loss: 2.449 | Precision@1: 16.122% (4086/25344)
Loss: 2.447 | Precision@1: 16.163% (4117/25472)
Loss: 2.444 | Precision@1: 16.195% (4146/25600)
Loss: 2.442 | Precision@1: 16.227% (4175/25728)
Loss: 2.440 | Precision@1: 16.263% (4205/25856)
Loss: 2.438 | Precision@1: 16.287% (4232/25984)
Loss: 2.435 | Precision@1: 16.318% (4261/26112)
Loss: 2.433 | Precision@1: 16.353% (4291/26240)
Loss: 2.431 | Precision@1: 16.395% (4323/26368)
Loss: 2.428 | Precision@1: 16.418% (4350/26496)
Loss: 2.426 | Precision@1: 16.440% (4377/26624)
Loss: 2.424 | Precision@1: 16.481% (4409/26752)
Loss: 2.422 | Precision@1: 16.555% (4450/26880)
Loss: 2.420 | Precision@1: 16.591% (4481/27008)
Loss: 2.418 | Precision@1: 16.657% (4520/27136)
Loss: 2.415 | Precision@1: 16.714% (4557/27264)
Loss: 2.413 | Precision@1: 16.771% (4594/27392)
Loss: 2.411 | Precision@1: 16.806% (4625/27520)
Loss: 2.408 | Precision@1: 16.869% (4664/27648)
Loss: 2.407 | Precision@1: 16.899% (4694/27776)
Loss: 2.405 | Precision@1: 16.929% (4724/27904)
Loss: 2.403 | Precision@1: 16.970% (4757/28032)
Loss: 2.401 | Precision@1: 17.003% (4788/28160)
Loss: 2.399 | Precision@1: 17.046% (4822/28288)
Loss: 2.397 | Precision@1: 17.078% (4853/28416)
Loss: 2.395 | Precision@1: 17.135% (4891/28544)
Loss: 2.393 | Precision@1: 17.146% (4916/28672)
Loss: 2.392 | Precision@1: 17.177% (4947/28800)
Loss: 2.390 | Precision@1: 17.226% (4983/28928)
Loss: 2.389 | Precision@1: 17.236% (5008/29056)
Loss: 2.387 | Precision@1: 17.253% (5035/29184)
Loss: 2.385 | Precision@1: 17.280% (5065/29312)
Loss: 2.383 | Precision@1: 17.330% (5102/29440)
Loss: 2.381 | Precision@1: 17.390% (5142/29568)
Loss: 2.379 | Precision@1: 17.427% (5175/29696)
Loss: 2.377 | Precision@1: 17.456% (5206/29824)
Loss: 2.375 | Precision@1: 17.515% (5246/29952)
Loss: 2.374 | Precision@1: 17.570% (5285/30080)
Loss: 2.372 | Precision@1: 17.591% (5314/30208)
Loss: 2.370 | Precision@1: 17.626% (5347/30336)
Loss: 2.368 | Precision@1: 17.700% (5392/30464)
Loss: 2.366 | Precision@1: 17.750% (5430/30592)
Loss: 2.364 | Precision@1: 17.786% (5464/30720)
Loss: 2.362 | Precision@1: 17.829% (5500/30848)
Loss: 2.361 | Precision@1: 17.853% (5530/30976)
Loss: 2.359 | Precision@1: 17.863% (5556/31104)
Loss: 2.358 | Precision@1: 17.918% (5596/31232)
Loss: 2.356 | Precision@1: 17.972% (5636/31360)
Loss: 2.355 | Precision@1: 18.001% (5668/31488)
Loss: 2.353 | Precision@1: 18.026% (5699/31616)
Loss: 2.352 | Precision@1: 18.051% (5730/31744)
Loss: 2.350 | Precision@1: 18.094% (5767/31872)
Loss: 2.348 | Precision@1: 18.125% (5800/32000)
Loss: 2.346 | Precision@1: 18.174% (5839/32128)
Loss: 2.345 | Precision@1: 18.226% (5879/32256)
Loss: 2.344 | Precision@1: 18.256% (5912/32384)
Loss: 2.342 | Precision@1: 18.289% (5946/32512)
Loss: 2.340 | Precision@1: 18.327% (5982/32640)
Loss: 2.338 | Precision@1: 18.384% (6024/32768)
Loss: 2.337 | Precision@1: 18.419% (6059/32896)
Loss: 2.335 | Precision@1: 18.450% (6093/33024)
Loss: 2.333 | Precision@1: 18.479% (6126/33152)
Loss: 2.332 | Precision@1: 18.522% (6164/33280)
Loss: 2.330 | Precision@1: 18.543% (6195/33408)
Loss: 2.329 | Precision@1: 18.568% (6227/33536)
Loss: 2.327 | Precision@1: 18.628% (6271/33664)
Loss: 2.325 | Precision@1: 18.667% (6308/33792)
Loss: 2.324 | Precision@1: 18.682% (6337/33920)
Loss: 2.322 | Precision@1: 18.715% (6372/34048)
Loss: 2.320 | Precision@1: 18.753% (6409/34176)
Loss: 2.319 | Precision@1: 18.797% (6448/34304)
Loss: 2.317 | Precision@1: 18.837% (6486/34432)
Loss: 2.316 | Precision@1: 18.877% (6524/34560)
Loss: 2.314 | Precision@1: 18.906% (6558/34688)
Loss: 2.312 | Precision@1: 18.954% (6599/34816)
Loss: 2.311 | Precision@1: 18.996% (6638/34944)
Loss: 2.309 | Precision@1: 19.049% (6681/35072)
Loss: 2.308 | Precision@1: 19.091% (6720/35200)
Loss: 2.306 | Precision@1: 19.138% (6761/35328)
Loss: 2.305 | Precision@1: 19.170% (6797/35456)
Loss: 2.303 | Precision@1: 19.205% (6834/35584)
Loss: 2.302 | Precision@1: 19.215% (6862/35712)
Loss: 2.300 | Precision@1: 19.247% (6898/35840)
Loss: 2.299 | Precision@1: 19.295% (6940/35968)
Loss: 2.297 | Precision@1: 19.348% (6984/36096)
Loss: 2.295 | Precision@1: 19.385% (7022/36224)
Loss: 2.294 | Precision@1: 19.424% (7061/36352)
Loss: 2.293 | Precision@1: 19.468% (7102/36480)
Loss: 2.291 | Precision@1: 19.523% (7147/36608)
Loss: 2.290 | Precision@1: 19.558% (7185/36736)
Loss: 2.288 | Precision@1: 19.599% (7225/36864)
Loss: 2.287 | Precision@1: 19.629% (7261/36992)
Loss: 2.285 | Precision@1: 19.677% (7304/37120)
Loss: 2.284 | Precision@1: 19.719% (7345/37248)
Loss: 2.282 | Precision@1: 19.759% (7385/37376)
Loss: 2.281 | Precision@1: 19.763% (7412/37504)
Loss: 2.280 | Precision@1: 19.818% (7458/37632)
Loss: 2.278 | Precision@1: 19.828% (7487/37760)
Loss: 2.277 | Precision@1: 19.874% (7530/37888)
Loss: 2.275 | Precision@1: 19.905% (7567/38016)
Loss: 2.274 | Precision@1: 19.948% (7609/38144)
Loss: 2.272 | Precision@1: 19.989% (7650/38272)
Loss: 2.271 | Precision@1: 19.997% (7679/38400)
Loss: 2.269 | Precision@1: 20.045% (7723/38528)
Loss: 2.268 | Precision@1: 20.059% (7754/38656)
Loss: 2.267 | Precision@1: 20.080% (7788/38784)
Loss: 2.266 | Precision@1: 20.122% (7830/38912)
Loss: 2.265 | Precision@1: 20.177% (7877/39040)
Loss: 2.264 | Precision@1: 20.198% (7911/39168)
Loss: 2.262 | Precision@1: 20.234% (7951/39296)
Loss: 2.261 | Precision@1: 20.280% (7995/39424)
Loss: 2.259 | Precision@1: 20.325% (8039/39552)
Loss: 2.258 | Precision@1: 20.343% (8072/39680)
Loss: 2.257 | Precision@1: 20.380% (8113/39808)
Loss: 2.256 | Precision@1: 20.403% (8148/39936)
Loss: 2.254 | Precision@1: 20.440% (8189/40064)
Loss: 2.252 | Precision@1: 20.457% (8222/40192)
Loss: 2.251 | Precision@1: 20.486% (8260/40320)
Loss: 2.250 | Precision@1: 20.518% (8299/40448)
Loss: 2.249 | Precision@1: 20.527% (8329/40576)
Loss: 2.248 | Precision@1: 20.534% (8358/40704)
Loss: 2.246 | Precision@1: 20.567% (8398/40832)
Loss: 2.245 | Precision@1: 20.586% (8432/40960)
Loss: 2.244 | Precision@1: 20.631% (8477/41088)
Loss: 2.243 | Precision@1: 20.672% (8520/41216)
Loss: 2.241 | Precision@1: 20.697% (8557/41344)
Loss: 2.240 | Precision@1: 20.737% (8600/41472)
Loss: 2.238 | Precision@1: 20.764% (8638/41600)
Loss: 2.237 | Precision@1: 20.818% (8687/41728)
Loss: 2.236 | Precision@1: 20.852% (8728/41856)
Loss: 2.235 | Precision@1: 20.884% (8768/41984)
Loss: 2.233 | Precision@1: 20.916% (8808/42112)
Loss: 2.232 | Precision@1: 20.966% (8856/42240)
Loss: 2.230 | Precision@1: 20.995% (8895/42368)
Loss: 2.229 | Precision@1: 21.030% (8937/42496)
Loss: 2.228 | Precision@1: 21.054% (8974/42624)
Loss: 2.227 | Precision@1: 21.068% (9007/42752)
Loss: 2.226 | Precision@1: 21.098% (9047/42880)
Loss: 2.225 | Precision@1: 21.138% (9091/43008)
Loss: 2.224 | Precision@1: 21.163% (9129/43136)
Loss: 2.222 | Precision@1: 21.189% (9167/43264)
Loss: 2.221 | Precision@1: 21.218% (9207/43392)
Loss: 2.220 | Precision@1: 21.264% (9254/43520)
Loss: 2.218 | Precision@1: 21.307% (9300/43648)
Loss: 2.218 | Precision@1: 21.350% (9346/43776)
Loss: 2.216 | Precision@1: 21.374% (9384/43904)
Loss: 2.215 | Precision@1: 21.400% (9423/44032)
Loss: 2.214 | Precision@1: 21.463% (9478/44160)
Loss: 2.213 | Precision@1: 21.478% (9512/44288)
Loss: 2.211 | Precision@1: 21.501% (9550/44416)
Loss: 2.210 | Precision@1: 21.516% (9584/44544)
Loss: 2.209 | Precision@1: 21.568% (9635/44672)
Loss: 2.208 | Precision@1: 21.596% (9675/44800)
Loss: 2.207 | Precision@1: 21.632% (9719/44928)
Loss: 2.206 | Precision@1: 21.669% (9763/45056)
Loss: 2.205 | Precision@1: 21.711% (9810/45184)
Loss: 2.204 | Precision@1: 21.738% (9850/45312)
Loss: 2.203 | Precision@1: 21.747% (9882/45440)
Loss: 2.202 | Precision@1: 21.781% (9925/45568)
Loss: 2.200 | Precision@1: 21.822% (9972/45696)
Loss: 2.199 | Precision@1: 21.847% (10011/45824)
Loss: 2.198 | Precision@1: 21.873% (10051/45952)
Loss: 2.197 | Precision@1: 21.895% (10089/46080)
Loss: 2.196 | Precision@1: 21.905% (10122/46208)
Loss: 2.195 | Precision@1: 21.948% (10170/46336)
Loss: 2.194 | Precision@1: 21.998% (10221/46464)
Loss: 2.193 | Precision@1: 22.034% (10266/46592)
Loss: 2.192 | Precision@1: 22.053% (10303/46720)
Loss: 2.191 | Precision@1: 22.088% (10348/46848)
Loss: 2.190 | Precision@1: 22.105% (10384/46976)
Loss: 2.189 | Precision@1: 22.140% (10429/47104)
Loss: 2.187 | Precision@1: 22.178% (10475/47232)
Loss: 2.186 | Precision@1: 22.215% (10521/47360)
Loss: 2.185 | Precision@1: 22.222% (10553/47488)
Loss: 2.184 | Precision@1: 22.266% (10602/47616)
Loss: 2.183 | Precision@1: 22.306% (10650/47744)
Loss: 2.182 | Precision@1: 22.324% (10687/47872)
Loss: 2.181 | Precision@1: 22.344% (10725/48000)
Loss: 2.180 | Precision@1: 22.370% (10766/48128)
Loss: 2.179 | Precision@1: 22.397% (10808/48256)
Loss: 2.178 | Precision@1: 22.435% (10855/48384)
Loss: 2.177 | Precision@1: 22.465% (10898/48512)
Loss: 2.176 | Precision@1: 22.494% (10941/48640)
Loss: 2.175 | Precision@1: 22.513% (10979/48768)
Loss: 2.174 | Precision@1: 22.523% (11013/48896)
Loss: 2.173 | Precision@1: 22.542% (11051/49024)
Loss: 2.172 | Precision@1: 22.589% (11103/49152)
Loss: 2.170 | Precision@1: 22.632% (11153/49280)
Loss: 2.170 | Precision@1: 22.666% (11199/49408)
Loss: 2.168 | Precision@1: 22.711% (11250/49536)
Loss: 2.167 | Precision@1: 22.751% (11299/49664)
Loss: 2.166 | Precision@1: 22.789% (11347/49792)
Loss: 2.165 | Precision@1: 22.825% (11394/49920)
Loss: 2.164 | Precision@1: 22.828% (11414/50000)

Aggregates: 			
 	 DataLoader Time: 0.3546 			
 	 Mini-batch Time: 12.7541 			
 	 Training Epoch Time: 29.9550
 			
 Averages: 			
 	 Training Loss: 2.1643

 Test set Averages: Loss: 1.729 | Precision@1: 36.160% (3616/10000)

Epoch: 1
Loss: 1.824 | Precision@1: 31.250% (40/128)
Loss: 1.860 | Precision@1: 31.641% (81/256)
Loss: 1.795 | Precision@1: 34.375% (132/384)
Loss: 1.746 | Precision@1: 35.547% (182/512)
Loss: 1.745 | Precision@1: 35.312% (226/640)
Loss: 1.751 | Precision@1: 34.766% (267/768)
Loss: 1.762 | Precision@1: 34.598% (310/896)
Loss: 1.751 | Precision@1: 35.254% (361/1024)
Loss: 1.763 | Precision@1: 34.375% (396/1152)
Loss: 1.757 | Precision@1: 35.000% (448/1280)
Loss: 1.746 | Precision@1: 35.582% (501/1408)
Loss: 1.734 | Precision@1: 35.807% (550/1536)
Loss: 1.735 | Precision@1: 35.637% (593/1664)
Loss: 1.739 | Precision@1: 35.435% (635/1792)
Loss: 1.741 | Precision@1: 35.052% (673/1920)
Loss: 1.737 | Precision@1: 35.352% (724/2048)
Loss: 1.742 | Precision@1: 35.156% (765/2176)
Loss: 1.741 | Precision@1: 35.156% (810/2304)
Loss: 1.734 | Precision@1: 35.321% (859/2432)
Loss: 1.734 | Precision@1: 35.312% (904/2560)
Loss: 1.736 | Precision@1: 35.417% (952/2688)
Loss: 1.734 | Precision@1: 35.547% (1001/2816)
Loss: 1.733 | Precision@1: 35.462% (1044/2944)
Loss: 1.738 | Precision@1: 35.384% (1087/3072)
Loss: 1.735 | Precision@1: 35.562% (1138/3200)
Loss: 1.742 | Precision@1: 35.547% (1183/3328)
Loss: 1.742 | Precision@1: 35.619% (1231/3456)
Loss: 1.743 | Precision@1: 35.407% (1269/3584)
Loss: 1.740 | Precision@1: 35.641% (1323/3712)
Loss: 1.742 | Precision@1: 35.573% (1366/3840)
Loss: 1.739 | Precision@1: 35.837% (1422/3968)
Loss: 1.739 | Precision@1: 35.693% (1462/4096)
Loss: 1.739 | Precision@1: 35.701% (1508/4224)
Loss: 1.739 | Precision@1: 35.731% (1555/4352)
Loss: 1.736 | Precision@1: 35.714% (1600/4480)
Loss: 1.737 | Precision@1: 35.590% (1640/4608)
Loss: 1.737 | Precision@1: 35.515% (1682/4736)
Loss: 1.738 | Precision@1: 35.444% (1724/4864)
Loss: 1.737 | Precision@1: 35.517% (1773/4992)
Loss: 1.739 | Precision@1: 35.410% (1813/5120)
Loss: 1.737 | Precision@1: 35.575% (1867/5248)
Loss: 1.736 | Precision@1: 35.733% (1921/5376)
Loss: 1.736 | Precision@1: 35.701% (1965/5504)
Loss: 1.738 | Precision@1: 35.582% (2004/5632)
Loss: 1.736 | Precision@1: 35.660% (2054/5760)
Loss: 1.738 | Precision@1: 35.632% (2098/5888)
Loss: 1.740 | Precision@1: 35.439% (2132/6016)
Loss: 1.741 | Precision@1: 35.531% (2183/6144)
Loss: 1.740 | Precision@1: 35.603% (2233/6272)
Loss: 1.740 | Precision@1: 35.688% (2284/6400)
Loss: 1.739 | Precision@1: 35.784% (2336/6528)
Loss: 1.738 | Precision@1: 35.742% (2379/6656)
Loss: 1.734 | Precision@1: 35.923% (2437/6784)
Loss: 1.733 | Precision@1: 35.909% (2482/6912)
Loss: 1.733 | Precision@1: 35.881% (2526/7040)
Loss: 1.733 | Precision@1: 35.951% (2577/7168)
Loss: 1.733 | Precision@1: 35.896% (2619/7296)
Loss: 1.734 | Precision@1: 35.870% (2663/7424)
Loss: 1.732 | Precision@1: 35.951% (2715/7552)
Loss: 1.732 | Precision@1: 35.924% (2759/7680)
Loss: 1.732 | Precision@1: 35.976% (2809/7808)
Loss: 1.730 | Precision@1: 36.001% (2857/7936)
Loss: 1.731 | Precision@1: 36.086% (2910/8064)
Loss: 1.730 | Precision@1: 36.133% (2960/8192)
Loss: 1.731 | Precision@1: 36.118% (3005/8320)
Loss: 1.729 | Precision@1: 36.245% (3062/8448)
Loss: 1.728 | Precision@1: 36.252% (3109/8576)
Loss: 1.725 | Precision@1: 36.340% (3163/8704)
Loss: 1.724 | Precision@1: 36.345% (3210/8832)
Loss: 1.726 | Precision@1: 36.228% (3246/8960)
Loss: 1.726 | Precision@1: 36.224% (3292/9088)
Loss: 1.724 | Precision@1: 36.285% (3344/9216)
Loss: 1.723 | Precision@1: 36.248% (3387/9344)
Loss: 1.721 | Precision@1: 36.254% (3434/9472)
Loss: 1.723 | Precision@1: 36.177% (3473/9600)
Loss: 1.721 | Precision@1: 36.215% (3523/9728)
Loss: 1.721 | Precision@1: 36.140% (3562/9856)
Loss: 1.722 | Precision@1: 36.068% (3601/9984)
Loss: 1.722 | Precision@1: 36.116% (3652/10112)
Loss: 1.721 | Precision@1: 36.152% (3702/10240)
Loss: 1.720 | Precision@1: 36.159% (3749/10368)
Loss: 1.720 | Precision@1: 36.252% (3805/10496)
Loss: 1.718 | Precision@1: 36.323% (3859/10624)
Loss: 1.716 | Precision@1: 36.412% (3915/10752)
Loss: 1.714 | Precision@1: 36.507% (3972/10880)
Loss: 1.713 | Precision@1: 36.492% (4017/11008)
Loss: 1.713 | Precision@1: 36.512% (4066/11136)
Loss: 1.713 | Precision@1: 36.559% (4118/11264)
Loss: 1.711 | Precision@1: 36.552% (4164/11392)
Loss: 1.710 | Precision@1: 36.554% (4211/11520)
Loss: 1.710 | Precision@1: 36.599% (4263/11648)
Loss: 1.709 | Precision@1: 36.668% (4318/11776)
Loss: 1.708 | Precision@1: 36.677% (4366/11904)
Loss: 1.707 | Precision@1: 36.727% (4419/12032)
Loss: 1.706 | Precision@1: 36.735% (4467/12160)
Loss: 1.707 | Precision@1: 36.719% (4512/12288)
Loss: 1.709 | Precision@1: 36.759% (4564/12416)
Loss: 1.706 | Precision@1: 36.846% (4622/12544)
Loss: 1.707 | Precision@1: 36.884% (4674/12672)
Loss: 1.706 | Precision@1: 36.938% (4728/12800)
Loss: 1.705 | Precision@1: 37.005% (4784/12928)
Loss: 1.704 | Precision@1: 37.040% (4836/13056)
Loss: 1.705 | Precision@1: 37.037% (4883/13184)
Loss: 1.705 | Precision@1: 37.049% (4932/13312)
Loss: 1.704 | Precision@1: 37.076% (4983/13440)
Loss: 1.703 | Precision@1: 37.080% (5031/13568)
Loss: 1.704 | Precision@1: 37.055% (5075/13696)
Loss: 1.703 | Precision@1: 37.102% (5129/13824)
Loss: 1.702 | Precision@1: 37.134% (5181/13952)
Loss: 1.703 | Precision@1: 37.131% (5228/14080)
Loss: 1.702 | Precision@1: 37.127% (5275/14208)
Loss: 1.704 | Precision@1: 37.074% (5315/14336)
Loss: 1.703 | Precision@1: 37.085% (5364/14464)
Loss: 1.704 | Precision@1: 37.061% (5408/14592)
Loss: 1.703 | Precision@1: 37.038% (5452/14720)
Loss: 1.704 | Precision@1: 36.968% (5489/14848)
Loss: 1.703 | Precision@1: 36.986% (5539/14976)
Loss: 1.702 | Precision@1: 37.056% (5597/15104)
Loss: 1.700 | Precision@1: 37.080% (5648/15232)
Loss: 1.699 | Precision@1: 37.116% (5701/15360)
Loss: 1.699 | Precision@1: 37.119% (5749/15488)
Loss: 1.699 | Precision@1: 37.103% (5794/15616)
Loss: 1.697 | Precision@1: 37.125% (5845/15744)
Loss: 1.697 | Precision@1: 37.141% (5895/15872)
Loss: 1.698 | Precision@1: 37.169% (5947/16000)
Loss: 1.697 | Precision@1: 37.221% (6003/16128)
Loss: 1.695 | Precision@1: 37.266% (6058/16256)
Loss: 1.695 | Precision@1: 37.268% (6106/16384)
Loss: 1.694 | Precision@1: 37.294% (6158/16512)
Loss: 1.694 | Precision@1: 37.338% (6213/16640)
Loss: 1.693 | Precision@1: 37.345% (6262/16768)
Loss: 1.693 | Precision@1: 37.346% (6310/16896)
Loss: 1.692 | Precision@1: 37.383% (6364/17024)
Loss: 1.692 | Precision@1: 37.395% (6414/17152)
Loss: 1.692 | Precision@1: 37.378% (6459/17280)
Loss: 1.692 | Precision@1: 37.368% (6505/17408)
Loss: 1.691 | Precision@1: 37.403% (6559/17536)
Loss: 1.690 | Precision@1: 37.477% (6620/17664)
Loss: 1.691 | Precision@1: 37.472% (6667/17792)
Loss: 1.689 | Precision@1: 37.550% (6729/17920)
Loss: 1.689 | Precision@1: 37.550% (6777/18048)
Loss: 1.688 | Precision@1: 37.588% (6832/18176)
Loss: 1.687 | Precision@1: 37.626% (6887/18304)
Loss: 1.686 | Precision@1: 37.657% (6941/18432)
Loss: 1.686 | Precision@1: 37.662% (6990/18560)
Loss: 1.685 | Precision@1: 37.703% (7046/18688)
Loss: 1.684 | Precision@1: 37.713% (7096/18816)
Loss: 1.684 | Precision@1: 37.701% (7142/18944)
Loss: 1.684 | Precision@1: 37.704% (7191/19072)
Loss: 1.684 | Precision@1: 37.719% (7242/19200)
Loss: 1.683 | Precision@1: 37.790% (7304/19328)
Loss: 1.683 | Precision@1: 37.834% (7361/19456)
Loss: 1.682 | Precision@1: 37.898% (7422/19584)
Loss: 1.682 | Precision@1: 37.911% (7473/19712)
Loss: 1.681 | Precision@1: 37.949% (7529/19840)
Loss: 1.681 | Precision@1: 37.976% (7583/19968)
Loss: 1.680 | Precision@1: 37.978% (7632/20096)
Loss: 1.679 | Precision@1: 38.049% (7695/20224)
Loss: 1.678 | Precision@1: 38.109% (7756/20352)
Loss: 1.678 | Precision@1: 38.096% (7802/20480)
Loss: 1.677 | Precision@1: 38.136% (7859/20608)
Loss: 1.676 | Precision@1: 38.156% (7912/20736)
Loss: 1.676 | Precision@1: 38.152% (7960/20864)
Loss: 1.676 | Precision@1: 38.153% (8009/20992)
Loss: 1.676 | Precision@1: 38.134% (8054/21120)
Loss: 1.675 | Precision@1: 38.178% (8112/21248)
Loss: 1.674 | Precision@1: 38.206% (8167/21376)
Loss: 1.673 | Precision@1: 38.253% (8226/21504)
Loss: 1.673 | Precision@1: 38.281% (8281/21632)
Loss: 1.672 | Precision@1: 38.336% (8342/21760)
Loss: 1.672 | Precision@1: 38.354% (8395/21888)
Loss: 1.672 | Precision@1: 38.331% (8439/22016)
Loss: 1.672 | Precision@1: 38.367% (8496/22144)
Loss: 1.671 | Precision@1: 38.353% (8542/22272)
Loss: 1.670 | Precision@1: 38.353% (8591/22400)
Loss: 1.671 | Precision@1: 38.370% (8644/22528)
Loss: 1.671 | Precision@1: 38.352% (8689/22656)
Loss: 1.671 | Precision@1: 38.325% (8732/22784)
Loss: 1.670 | Precision@1: 38.338% (8784/22912)
Loss: 1.670 | Precision@1: 38.351% (8836/23040)
Loss: 1.670 | Precision@1: 38.363% (8888/23168)
Loss: 1.668 | Precision@1: 38.389% (8943/23296)
Loss: 1.668 | Precision@1: 38.397% (8994/23424)
Loss: 1.667 | Precision@1: 38.426% (9050/23552)
Loss: 1.666 | Precision@1: 38.484% (9113/23680)
Loss: 1.665 | Precision@1: 38.533% (9174/23808)
Loss: 1.664 | Precision@1: 38.586% (9236/23936)
Loss: 1.664 | Precision@1: 38.589% (9286/24064)
Loss: 1.664 | Precision@1: 38.579% (9333/24192)
Loss: 1.664 | Precision@1: 38.606% (9389/24320)
Loss: 1.664 | Precision@1: 38.600% (9437/24448)
Loss: 1.663 | Precision@1: 38.647% (9498/24576)
Loss: 1.662 | Precision@1: 38.678% (9555/24704)
Loss: 1.663 | Precision@1: 38.660% (9600/24832)
Loss: 1.662 | Precision@1: 38.674% (9653/24960)
Loss: 1.661 | Precision@1: 38.700% (9709/25088)
Loss: 1.661 | Precision@1: 38.690% (9756/25216)
Loss: 1.661 | Precision@1: 38.688% (9805/25344)
Loss: 1.661 | Precision@1: 38.701% (9858/25472)
Loss: 1.661 | Precision@1: 38.703% (9908/25600)
Loss: 1.661 | Precision@1: 38.689% (9954/25728)
Loss: 1.661 | Precision@1: 38.695% (10005/25856)
Loss: 1.660 | Precision@1: 38.701% (10056/25984)
Loss: 1.659 | Precision@1: 38.733% (10114/26112)
Loss: 1.659 | Precision@1: 38.754% (10169/26240)
Loss: 1.658 | Precision@1: 38.827% (10238/26368)
Loss: 1.658 | Precision@1: 38.829% (10288/26496)
Loss: 1.657 | Precision@1: 38.852% (10344/26624)
Loss: 1.657 | Precision@1: 38.853% (10394/26752)
Loss: 1.656 | Precision@1: 38.899% (10456/26880)
Loss: 1.656 | Precision@1: 38.900% (10506/27008)
Loss: 1.657 | Precision@1: 38.911% (10559/27136)
Loss: 1.657 | Precision@1: 38.916% (10610/27264)
Loss: 1.657 | Precision@1: 38.946% (10668/27392)
Loss: 1.656 | Precision@1: 38.968% (10724/27520)
Loss: 1.656 | Precision@1: 38.958% (10771/27648)
Loss: 1.656 | Precision@1: 38.980% (10827/27776)
Loss: 1.656 | Precision@1: 38.994% (10881/27904)
Loss: 1.655 | Precision@1: 39.034% (10942/28032)
Loss: 1.655 | Precision@1: 39.048% (10996/28160)
Loss: 1.654 | Precision@1: 39.091% (11058/28288)
Loss: 1.653 | Precision@1: 39.094% (11109/28416)
Loss: 1.653 | Precision@1: 39.122% (11167/28544)
Loss: 1.652 | Precision@1: 39.146% (11224/28672)
Loss: 1.651 | Precision@1: 39.177% (11283/28800)
Loss: 1.651 | Precision@1: 39.173% (11332/28928)
Loss: 1.651 | Precision@1: 39.131% (11370/29056)
Loss: 1.651 | Precision@1: 39.145% (11424/29184)
Loss: 1.651 | Precision@1: 39.144% (11474/29312)
Loss: 1.650 | Precision@1: 39.158% (11528/29440)
Loss: 1.650 | Precision@1: 39.167% (11581/29568)
Loss: 1.649 | Precision@1: 39.174% (11633/29696)
Loss: 1.648 | Precision@1: 39.166% (11681/29824)
Loss: 1.648 | Precision@1: 39.176% (11734/29952)
Loss: 1.648 | Precision@1: 39.182% (11786/30080)
Loss: 1.647 | Precision@1: 39.221% (11848/30208)
Loss: 1.647 | Precision@1: 39.237% (11903/30336)
Loss: 1.647 | Precision@1: 39.243% (11955/30464)
Loss: 1.647 | Precision@1: 39.226% (12000/30592)
Loss: 1.648 | Precision@1: 39.219% (12048/30720)
Loss: 1.647 | Precision@1: 39.241% (12105/30848)
Loss: 1.647 | Precision@1: 39.247% (12157/30976)
Loss: 1.646 | Precision@1: 39.275% (12216/31104)
Loss: 1.646 | Precision@1: 39.274% (12266/31232)
Loss: 1.647 | Precision@1: 39.263% (12313/31360)
Loss: 1.646 | Precision@1: 39.301% (12375/31488)
Loss: 1.646 | Precision@1: 39.319% (12431/31616)
Loss: 1.645 | Precision@1: 39.349% (12491/31744)
Loss: 1.645 | Precision@1: 39.348% (12541/31872)
Loss: 1.645 | Precision@1: 39.347% (12591/32000)
Loss: 1.644 | Precision@1: 39.371% (12649/32128)
Loss: 1.645 | Precision@1: 39.360% (12696/32256)
Loss: 1.645 | Precision@1: 39.334% (12738/32384)
Loss: 1.644 | Precision@1: 39.358% (12796/32512)
Loss: 1.644 | Precision@1: 39.381% (12854/32640)
Loss: 1.644 | Precision@1: 39.413% (12915/32768)
Loss: 1.644 | Precision@1: 39.421% (12968/32896)
Loss: 1.643 | Precision@1: 39.459% (13031/33024)
Loss: 1.643 | Precision@1: 39.464% (13083/33152)
Loss: 1.643 | Precision@1: 39.447% (13128/33280)
Loss: 1.643 | Precision@1: 39.464% (13184/33408)
Loss: 1.642 | Precision@1: 39.456% (13232/33536)
Loss: 1.642 | Precision@1: 39.464% (13285/33664)
Loss: 1.641 | Precision@1: 39.506% (13350/33792)
Loss: 1.641 | Precision@1: 39.496% (13397/33920)
Loss: 1.640 | Precision@1: 39.518% (13455/34048)
Loss: 1.640 | Precision@1: 39.534% (13511/34176)
Loss: 1.639 | Precision@1: 39.581% (13578/34304)
Loss: 1.639 | Precision@1: 39.585% (13630/34432)
Loss: 1.639 | Precision@1: 39.609% (13689/34560)
Loss: 1.639 | Precision@1: 39.636% (13749/34688)
Loss: 1.638 | Precision@1: 39.669% (13811/34816)
Loss: 1.638 | Precision@1: 39.672% (13863/34944)
Loss: 1.637 | Precision@1: 39.670% (13913/35072)
Loss: 1.637 | Precision@1: 39.670% (13964/35200)
Loss: 1.637 | Precision@1: 39.682% (14019/35328)
Loss: 1.636 | Precision@1: 39.711% (14080/35456)
Loss: 1.636 | Precision@1: 39.740% (14141/35584)
Loss: 1.635 | Precision@1: 39.760% (14199/35712)
Loss: 1.635 | Precision@1: 39.749% (14246/35840)
Loss: 1.634 | Precision@1: 39.777% (14307/35968)
Loss: 1.634 | Precision@1: 39.786% (14361/36096)
Loss: 1.633 | Precision@1: 39.819% (14424/36224)
Loss: 1.633 | Precision@1: 39.833% (14480/36352)
Loss: 1.632 | Precision@1: 39.855% (14539/36480)
Loss: 1.632 | Precision@1: 39.855% (14590/36608)
Loss: 1.631 | Precision@1: 39.890% (14654/36736)
Loss: 1.631 | Precision@1: 39.901% (14709/36864)
Loss: 1.631 | Precision@1: 39.938% (14774/36992)
Loss: 1.630 | Precision@1: 39.946% (14828/37120)
Loss: 1.630 | Precision@1: 39.943% (14878/37248)
Loss: 1.629 | Precision@1: 39.975% (14941/37376)
Loss: 1.629 | Precision@1: 39.974% (14992/37504)
Loss: 1.629 | Precision@1: 39.987% (15048/37632)
Loss: 1.629 | Precision@1: 39.987% (15099/37760)
Loss: 1.629 | Precision@1: 40.002% (15156/37888)
Loss: 1.628 | Precision@1: 40.020% (15214/38016)
Loss: 1.628 | Precision@1: 40.019% (15265/38144)
Loss: 1.628 | Precision@1: 40.034% (15322/38272)
Loss: 1.628 | Precision@1: 40.042% (15376/38400)
Loss: 1.628 | Precision@1: 40.057% (15433/38528)
Loss: 1.628 | Precision@1: 40.053% (15483/38656)
Loss: 1.627 | Precision@1: 40.084% (15546/38784)
Loss: 1.627 | Precision@1: 40.090% (15600/38912)
Loss: 1.626 | Precision@1: 40.100% (15655/39040)
Loss: 1.626 | Precision@1: 40.109% (15710/39168)
Loss: 1.625 | Precision@1: 40.129% (15769/39296)
Loss: 1.624 | Precision@1: 40.156% (15831/39424)
Loss: 1.623 | Precision@1: 40.167% (15887/39552)
Loss: 1.623 | Precision@1: 40.184% (15945/39680)
Loss: 1.622 | Precision@1: 40.190% (15999/39808)
Loss: 1.622 | Precision@1: 40.212% (16059/39936)
Loss: 1.621 | Precision@1: 40.248% (16125/40064)
Loss: 1.621 | Precision@1: 40.262% (16182/40192)
Loss: 1.620 | Precision@1: 40.288% (16244/40320)
Loss: 1.619 | Precision@1: 40.309% (16304/40448)
Loss: 1.619 | Precision@1: 40.314% (16358/40576)
Loss: 1.618 | Precision@1: 40.362% (16429/40704)
Loss: 1.617 | Precision@1: 40.383% (16489/40832)
Loss: 1.618 | Precision@1: 40.381% (16540/40960)
Loss: 1.617 | Precision@1: 40.394% (16597/41088)
Loss: 1.617 | Precision@1: 40.385% (16645/41216)
Loss: 1.616 | Precision@1: 40.407% (16706/41344)
Loss: 1.616 | Precision@1: 40.418% (16762/41472)
Loss: 1.616 | Precision@1: 40.428% (16818/41600)
Loss: 1.615 | Precision@1: 40.443% (16876/41728)
Loss: 1.615 | Precision@1: 40.453% (16932/41856)
Loss: 1.614 | Precision@1: 40.477% (16994/41984)
Loss: 1.614 | Precision@1: 40.504% (17057/42112)
Loss: 1.613 | Precision@1: 40.530% (17120/42240)
Loss: 1.613 | Precision@1: 40.538% (17175/42368)
Loss: 1.613 | Precision@1: 40.543% (17229/42496)
Loss: 1.612 | Precision@1: 40.569% (17292/42624)
Loss: 1.612 | Precision@1: 40.588% (17352/42752)
Loss: 1.611 | Precision@1: 40.618% (17417/42880)
Loss: 1.610 | Precision@1: 40.639% (17478/43008)
Loss: 1.610 | Precision@1: 40.637% (17529/43136)
Loss: 1.610 | Precision@1: 40.655% (17589/43264)
Loss: 1.609 | Precision@1: 40.666% (17646/43392)
Loss: 1.609 | Precision@1: 40.659% (17695/43520)
Loss: 1.609 | Precision@1: 40.639% (17738/43648)
Loss: 1.608 | Precision@1: 40.671% (17804/43776)
Loss: 1.608 | Precision@1: 40.689% (17864/43904)
Loss: 1.608 | Precision@1: 40.704% (17923/44032)
Loss: 1.607 | Precision@1: 40.707% (17976/44160)
Loss: 1.607 | Precision@1: 40.749% (18047/44288)
Loss: 1.606 | Precision@1: 40.767% (18107/44416)
Loss: 1.606 | Precision@1: 40.775% (18163/44544)
Loss: 1.605 | Precision@1: 40.771% (18213/44672)
Loss: 1.605 | Precision@1: 40.779% (18269/44800)
Loss: 1.605 | Precision@1: 40.783% (18323/44928)
Loss: 1.604 | Precision@1: 40.820% (18392/45056)
Loss: 1.603 | Precision@1: 40.846% (18456/45184)
Loss: 1.603 | Precision@1: 40.841% (18506/45312)
Loss: 1.602 | Precision@1: 40.876% (18574/45440)
Loss: 1.602 | Precision@1: 40.895% (18635/45568)
Loss: 1.601 | Precision@1: 40.923% (18700/45696)
Loss: 1.601 | Precision@1: 40.937% (18759/45824)
Loss: 1.600 | Precision@1: 40.951% (18818/45952)
Loss: 1.599 | Precision@1: 40.983% (18885/46080)
Loss: 1.599 | Precision@1: 40.997% (18944/46208)
Loss: 1.599 | Precision@1: 41.011% (19003/46336)
Loss: 1.598 | Precision@1: 41.043% (19070/46464)
Loss: 1.598 | Precision@1: 41.048% (19125/46592)
Loss: 1.598 | Precision@1: 41.049% (19178/46720)
Loss: 1.597 | Precision@1: 41.050% (19231/46848)
Loss: 1.597 | Precision@1: 41.049% (19283/46976)
Loss: 1.597 | Precision@1: 41.043% (19333/47104)
Loss: 1.596 | Precision@1: 41.074% (19400/47232)
Loss: 1.596 | Precision@1: 41.083% (19457/47360)
Loss: 1.596 | Precision@1: 41.080% (19508/47488)
Loss: 1.596 | Precision@1: 41.085% (19563/47616)
Loss: 1.595 | Precision@1: 41.105% (19625/47744)
Loss: 1.595 | Precision@1: 41.122% (19686/47872)
Loss: 1.595 | Precision@1: 41.140% (19747/48000)
Loss: 1.594 | Precision@1: 41.151% (19805/48128)
Loss: 1.594 | Precision@1: 41.166% (19865/48256)
Loss: 1.593 | Precision@1: 41.189% (19929/48384)
Loss: 1.592 | Precision@1: 41.210% (19992/48512)
Loss: 1.592 | Precision@1: 41.231% (20055/48640)
Loss: 1.591 | Precision@1: 41.257% (20120/48768)
Loss: 1.591 | Precision@1: 41.257% (20173/48896)
Loss: 1.591 | Precision@1: 41.257% (20226/49024)
Loss: 1.591 | Precision@1: 41.274% (20287/49152)
Loss: 1.590 | Precision@1: 41.282% (20344/49280)
Loss: 1.590 | Precision@1: 41.291% (20401/49408)
Loss: 1.590 | Precision@1: 41.287% (20452/49536)
Loss: 1.590 | Precision@1: 41.306% (20514/49664)
Loss: 1.590 | Precision@1: 41.306% (20567/49792)
Loss: 1.590 | Precision@1: 41.308% (20621/49920)
Loss: 1.589 | Precision@1: 41.334% (20667/50000)

Aggregates: 			
 	 DataLoader Time: 0.3632 			
 	 Mini-batch Time: 12.5809 			
 	 Training Epoch Time: 29.8271
 			
 Averages: 			
 	 Training Loss: 1.5887

 Test set Averages: Loss: 1.390 | Precision@1: 48.240% (4824/10000)

Epoch: 2
Loss: 1.409 | Precision@1: 41.406% (53/128)
Loss: 1.362 | Precision@1: 47.266% (121/256)
Loss: 1.399 | Precision@1: 47.917% (184/384)
Loss: 1.386 | Precision@1: 49.023% (251/512)
Loss: 1.367 | Precision@1: 50.312% (322/640)
Loss: 1.380 | Precision@1: 49.089% (377/768)
Loss: 1.376 | Precision@1: 49.554% (444/896)
Loss: 1.376 | Precision@1: 49.316% (505/1024)
Loss: 1.373 | Precision@1: 49.392% (569/1152)
Loss: 1.371 | Precision@1: 50.156% (642/1280)
Loss: 1.373 | Precision@1: 50.000% (704/1408)
Loss: 1.375 | Precision@1: 49.674% (763/1536)
Loss: 1.382 | Precision@1: 49.519% (824/1664)
Loss: 1.398 | Precision@1: 48.605% (871/1792)
Loss: 1.400 | Precision@1: 48.958% (940/1920)
Loss: 1.400 | Precision@1: 48.730% (998/2048)
Loss: 1.400 | Precision@1: 48.713% (1060/2176)
Loss: 1.406 | Precision@1: 48.394% (1115/2304)
Loss: 1.401 | Precision@1: 48.725% (1185/2432)
Loss: 1.401 | Precision@1: 48.672% (1246/2560)
Loss: 1.404 | Precision@1: 48.624% (1307/2688)
Loss: 1.411 | Precision@1: 48.260% (1359/2816)
Loss: 1.406 | Precision@1: 48.234% (1420/2944)
Loss: 1.402 | Precision@1: 48.470% (1489/3072)
Loss: 1.399 | Precision@1: 48.750% (1560/3200)
Loss: 1.403 | Precision@1: 48.528% (1615/3328)
Loss: 1.406 | Precision@1: 48.380% (1672/3456)
Loss: 1.411 | Precision@1: 48.298% (1731/3584)
Loss: 1.412 | Precision@1: 48.303% (1793/3712)
Loss: 1.416 | Precision@1: 48.177% (1850/3840)
Loss: 1.413 | Precision@1: 48.311% (1917/3968)
Loss: 1.411 | Precision@1: 48.169% (1973/4096)
Loss: 1.413 | Precision@1: 48.082% (2031/4224)
Loss: 1.406 | Precision@1: 48.483% (2110/4352)
Loss: 1.408 | Precision@1: 48.415% (2169/4480)
Loss: 1.406 | Precision@1: 48.394% (2230/4608)
Loss: 1.407 | Precision@1: 48.311% (2288/4736)
Loss: 1.407 | Precision@1: 48.211% (2345/4864)
Loss: 1.407 | Precision@1: 48.257% (2409/4992)
Loss: 1.409 | Precision@1: 48.242% (2470/5120)
Loss: 1.410 | Precision@1: 47.999% (2519/5248)
Loss: 1.414 | Precision@1: 47.954% (2578/5376)
Loss: 1.412 | Precision@1: 48.219% (2654/5504)
Loss: 1.410 | Precision@1: 48.242% (2717/5632)
Loss: 1.410 | Precision@1: 48.368% (2786/5760)
Loss: 1.409 | Precision@1: 48.336% (2846/5888)
Loss: 1.408 | Precision@1: 48.388% (2911/6016)
Loss: 1.409 | Precision@1: 48.405% (2974/6144)
Loss: 1.407 | Precision@1: 48.501% (3042/6272)
Loss: 1.406 | Precision@1: 48.547% (3107/6400)
Loss: 1.403 | Precision@1: 48.560% (3170/6528)
Loss: 1.405 | Precision@1: 48.513% (3229/6656)
Loss: 1.405 | Precision@1: 48.541% (3293/6784)
Loss: 1.402 | Precision@1: 48.770% (3371/6912)
Loss: 1.404 | Precision@1: 48.821% (3437/7040)
Loss: 1.405 | Precision@1: 48.870% (3503/7168)
Loss: 1.405 | Precision@1: 48.958% (3572/7296)
Loss: 1.404 | Precision@1: 49.003% (3638/7424)
Loss: 1.403 | Precision@1: 48.994% (3700/7552)
Loss: 1.401 | Precision@1: 49.062% (3768/7680)
Loss: 1.400 | Precision@1: 49.039% (3829/7808)
Loss: 1.399 | Precision@1: 49.080% (3895/7936)
Loss: 1.399 | Precision@1: 49.070% (3957/8064)
Loss: 1.398 | Precision@1: 49.060% (4019/8192)
Loss: 1.400 | Precision@1: 48.990% (4076/8320)
Loss: 1.399 | Precision@1: 48.994% (4139/8448)
Loss: 1.399 | Precision@1: 49.009% (4203/8576)
Loss: 1.396 | Precision@1: 49.092% (4273/8704)
Loss: 1.395 | Precision@1: 49.049% (4332/8832)
Loss: 1.396 | Precision@1: 49.007% (4391/8960)
Loss: 1.395 | Precision@1: 49.076% (4460/9088)
Loss: 1.395 | Precision@1: 49.056% (4521/9216)
Loss: 1.395 | Precision@1: 49.058% (4584/9344)
Loss: 1.394 | Precision@1: 49.166% (4657/9472)
Loss: 1.393 | Precision@1: 49.146% (4718/9600)
Loss: 1.393 | Precision@1: 49.137% (4780/9728)
Loss: 1.392 | Precision@1: 49.188% (4848/9856)
Loss: 1.392 | Precision@1: 49.189% (4911/9984)
Loss: 1.391 | Precision@1: 49.209% (4976/10112)
Loss: 1.391 | Precision@1: 49.229% (5041/10240)
Loss: 1.393 | Precision@1: 49.113% (5092/10368)
Loss: 1.393 | Precision@1: 49.104% (5154/10496)
Loss: 1.395 | Precision@1: 49.078% (5214/10624)
Loss: 1.394 | Precision@1: 49.144% (5284/10752)
Loss: 1.395 | Precision@1: 49.136% (5346/10880)
Loss: 1.394 | Precision@1: 49.119% (5407/11008)
Loss: 1.393 | Precision@1: 49.228% (5482/11136)
Loss: 1.394 | Precision@1: 49.254% (5548/11264)
Loss: 1.394 | Precision@1: 49.324% (5619/11392)
Loss: 1.393 | Precision@1: 49.314% (5681/11520)
Loss: 1.392 | Precision@1: 49.390% (5753/11648)
Loss: 1.392 | Precision@1: 49.397% (5817/11776)
Loss: 1.391 | Precision@1: 49.437% (5885/11904)
Loss: 1.390 | Precision@1: 49.493% (5955/12032)
Loss: 1.392 | Precision@1: 49.474% (6016/12160)
Loss: 1.392 | Precision@1: 49.414% (6072/12288)
Loss: 1.392 | Precision@1: 49.420% (6136/12416)
Loss: 1.392 | Precision@1: 49.498% (6209/12544)
Loss: 1.393 | Precision@1: 49.448% (6266/12672)
Loss: 1.393 | Precision@1: 49.406% (6324/12800)
Loss: 1.391 | Precision@1: 49.474% (6396/12928)
Loss: 1.391 | Precision@1: 49.487% (6461/13056)
Loss: 1.390 | Precision@1: 49.499% (6526/13184)
Loss: 1.390 | Precision@1: 49.542% (6595/13312)
Loss: 1.390 | Precision@1: 49.501% (6653/13440)
Loss: 1.389 | Precision@1: 49.491% (6715/13568)
Loss: 1.389 | Precision@1: 49.504% (6780/13696)
Loss: 1.388 | Precision@1: 49.530% (6847/13824)
Loss: 1.387 | Precision@1: 49.577% (6917/13952)
Loss: 1.386 | Precision@1: 49.567% (6979/14080)
Loss: 1.387 | Precision@1: 49.507% (7034/14208)
Loss: 1.387 | Precision@1: 49.568% (7106/14336)
Loss: 1.385 | Precision@1: 49.613% (7176/14464)
Loss: 1.384 | Precision@1: 49.623% (7241/14592)
Loss: 1.385 | Precision@1: 49.592% (7300/14720)
Loss: 1.384 | Precision@1: 49.616% (7367/14848)
Loss: 1.384 | Precision@1: 49.639% (7434/14976)
Loss: 1.383 | Precision@1: 49.662% (7501/15104)
Loss: 1.384 | Precision@1: 49.672% (7566/15232)
Loss: 1.382 | Precision@1: 49.688% (7632/15360)
Loss: 1.383 | Precision@1: 49.658% (7691/15488)
Loss: 1.383 | Precision@1: 49.667% (7756/15616)
Loss: 1.383 | Precision@1: 49.574% (7805/15744)
Loss: 1.382 | Precision@1: 49.584% (7870/15872)
Loss: 1.381 | Precision@1: 49.656% (7945/16000)
Loss: 1.380 | Precision@1: 49.678% (8012/16128)
Loss: 1.380 | Precision@1: 49.699% (8079/16256)
Loss: 1.380 | Precision@1: 49.695% (8142/16384)
Loss: 1.379 | Precision@1: 49.703% (8207/16512)
Loss: 1.381 | Precision@1: 49.657% (8263/16640)
Loss: 1.380 | Precision@1: 49.672% (8329/16768)
Loss: 1.379 | Precision@1: 49.674% (8393/16896)
Loss: 1.379 | Precision@1: 49.712% (8463/17024)
Loss: 1.379 | Precision@1: 49.720% (8528/17152)
Loss: 1.379 | Precision@1: 49.699% (8588/17280)
Loss: 1.378 | Precision@1: 49.719% (8655/17408)
Loss: 1.378 | Precision@1: 49.721% (8719/17536)
Loss: 1.377 | Precision@1: 49.694% (8778/17664)
Loss: 1.378 | Precision@1: 49.680% (8839/17792)
Loss: 1.378 | Precision@1: 49.648% (8897/17920)
Loss: 1.378 | Precision@1: 49.662% (8963/18048)
Loss: 1.378 | Precision@1: 49.681% (9030/18176)
Loss: 1.377 | Precision@1: 49.710% (9099/18304)
Loss: 1.377 | Precision@1: 49.718% (9164/18432)
Loss: 1.375 | Precision@1: 49.768% (9237/18560)
Loss: 1.376 | Precision@1: 49.775% (9302/18688)
Loss: 1.374 | Precision@1: 49.851% (9380/18816)
Loss: 1.373 | Precision@1: 49.857% (9445/18944)
Loss: 1.371 | Precision@1: 49.921% (9521/19072)
Loss: 1.370 | Precision@1: 49.948% (9590/19200)
Loss: 1.370 | Precision@1: 49.953% (9655/19328)
Loss: 1.369 | Precision@1: 49.959% (9720/19456)
Loss: 1.369 | Precision@1: 49.985% (9789/19584)
Loss: 1.369 | Precision@1: 49.954% (9847/19712)
Loss: 1.369 | Precision@1: 49.965% (9913/19840)
Loss: 1.368 | Precision@1: 50.025% (9989/19968)
Loss: 1.366 | Precision@1: 50.075% (10063/20096)
Loss: 1.366 | Precision@1: 50.074% (10127/20224)
Loss: 1.366 | Precision@1: 50.079% (10192/20352)
Loss: 1.365 | Precision@1: 50.083% (10257/20480)
Loss: 1.364 | Precision@1: 50.131% (10331/20608)
Loss: 1.364 | Precision@1: 50.130% (10395/20736)
Loss: 1.363 | Precision@1: 50.153% (10464/20864)
Loss: 1.363 | Precision@1: 50.152% (10528/20992)
Loss: 1.362 | Precision@1: 50.218% (10606/21120)
Loss: 1.362 | Precision@1: 50.216% (10670/21248)
Loss: 1.361 | Precision@1: 50.225% (10736/21376)
Loss: 1.362 | Precision@1: 50.181% (10791/21504)
Loss: 1.361 | Precision@1: 50.199% (10859/21632)
Loss: 1.359 | Precision@1: 50.262% (10937/21760)
Loss: 1.360 | Precision@1: 50.260% (11001/21888)
Loss: 1.360 | Precision@1: 50.254% (11064/22016)
Loss: 1.358 | Precision@1: 50.285% (11135/22144)
Loss: 1.358 | Precision@1: 50.310% (11205/22272)
Loss: 1.357 | Precision@1: 50.295% (11266/22400)
Loss: 1.357 | Precision@1: 50.324% (11337/22528)
Loss: 1.357 | Precision@1: 50.331% (11403/22656)
Loss: 1.357 | Precision@1: 50.364% (11475/22784)
Loss: 1.357 | Precision@1: 50.375% (11542/22912)
Loss: 1.357 | Precision@1: 50.373% (11606/23040)
Loss: 1.356 | Precision@1: 50.384% (11673/23168)
Loss: 1.355 | Precision@1: 50.421% (11746/23296)
Loss: 1.354 | Precision@1: 50.448% (11817/23424)
Loss: 1.354 | Precision@1: 50.493% (11892/23552)
Loss: 1.353 | Precision@1: 50.511% (11961/23680)
Loss: 1.353 | Precision@1: 50.533% (12031/23808)
Loss: 1.352 | Precision@1: 50.547% (12099/23936)
Loss: 1.352 | Precision@1: 50.536% (12161/24064)
Loss: 1.352 | Precision@1: 50.558% (12231/24192)
Loss: 1.352 | Precision@1: 50.539% (12291/24320)
Loss: 1.352 | Precision@1: 50.528% (12353/24448)
Loss: 1.352 | Precision@1: 50.549% (12423/24576)
Loss: 1.352 | Precision@1: 50.530% (12483/24704)
Loss: 1.352 | Precision@1: 50.515% (12544/24832)
Loss: 1.352 | Precision@1: 50.529% (12612/24960)
Loss: 1.351 | Precision@1: 50.566% (12686/25088)
Loss: 1.351 | Precision@1: 50.615% (12763/25216)
Loss: 1.351 | Precision@1: 50.604% (12825/25344)
Loss: 1.350 | Precision@1: 50.612% (12892/25472)
Loss: 1.350 | Precision@1: 50.609% (12956/25600)
Loss: 1.349 | Precision@1: 50.665% (13035/25728)
Loss: 1.349 | Precision@1: 50.665% (13100/25856)
Loss: 1.349 | Precision@1: 50.673% (13167/25984)
Loss: 1.348 | Precision@1: 50.724% (13245/26112)
Loss: 1.348 | Precision@1: 50.720% (13309/26240)
Loss: 1.347 | Precision@1: 50.728% (13376/26368)
Loss: 1.348 | Precision@1: 50.710% (13436/26496)
Loss: 1.348 | Precision@1: 50.695% (13497/26624)
Loss: 1.347 | Precision@1: 50.721% (13569/26752)
Loss: 1.346 | Precision@1: 50.729% (13636/26880)
Loss: 1.346 | Precision@1: 50.733% (13702/27008)
Loss: 1.345 | Precision@1: 50.763% (13775/27136)
Loss: 1.344 | Precision@1: 50.778% (13844/27264)
Loss: 1.343 | Precision@1: 50.792% (13913/27392)
Loss: 1.344 | Precision@1: 50.763% (13970/27520)
Loss: 1.344 | Precision@1: 50.756% (14033/27648)
Loss: 1.343 | Precision@1: 50.788% (14107/27776)
Loss: 1.343 | Precision@1: 50.839% (14186/27904)
Loss: 1.342 | Precision@1: 50.860% (14257/28032)
Loss: 1.341 | Precision@1: 50.852% (14320/28160)
Loss: 1.341 | Precision@1: 50.898% (14398/28288)
Loss: 1.340 | Precision@1: 50.929% (14472/28416)
Loss: 1.339 | Precision@1: 50.970% (14549/28544)
Loss: 1.338 | Precision@1: 51.004% (14624/28672)
Loss: 1.337 | Precision@1: 51.028% (14696/28800)
Loss: 1.337 | Precision@1: 51.065% (14772/28928)
Loss: 1.336 | Precision@1: 51.088% (14844/29056)
Loss: 1.336 | Precision@1: 51.083% (14908/29184)
Loss: 1.336 | Precision@1: 51.092% (14976/29312)
Loss: 1.336 | Precision@1: 51.104% (15045/29440)
Loss: 1.335 | Precision@1: 51.136% (15120/29568)
Loss: 1.335 | Precision@1: 51.148% (15189/29696)
Loss: 1.334 | Precision@1: 51.167% (15260/29824)
Loss: 1.334 | Precision@1: 51.172% (15327/29952)
Loss: 1.334 | Precision@1: 51.190% (15398/30080)
Loss: 1.333 | Precision@1: 51.215% (15471/30208)
Loss: 1.332 | Precision@1: 51.259% (15550/30336)
Loss: 1.331 | Precision@1: 51.303% (15629/30464)
Loss: 1.331 | Precision@1: 51.311% (15697/30592)
Loss: 1.330 | Precision@1: 51.344% (15773/30720)
Loss: 1.329 | Precision@1: 51.384% (15851/30848)
Loss: 1.328 | Precision@1: 51.424% (15929/30976)
Loss: 1.328 | Precision@1: 51.456% (16005/31104)
Loss: 1.327 | Precision@1: 51.514% (16089/31232)
Loss: 1.326 | Precision@1: 51.547% (16165/31360)
Loss: 1.325 | Precision@1: 51.559% (16235/31488)
Loss: 1.325 | Precision@1: 51.569% (16304/31616)
Loss: 1.325 | Precision@1: 51.585% (16375/31744)
Loss: 1.325 | Precision@1: 51.597% (16445/31872)
Loss: 1.325 | Precision@1: 51.600% (16512/32000)
Loss: 1.324 | Precision@1: 51.643% (16592/32128)
Loss: 1.324 | Precision@1: 51.659% (16663/32256)
Loss: 1.324 | Precision@1: 51.689% (16739/32384)
Loss: 1.323 | Precision@1: 51.722% (16816/32512)
Loss: 1.323 | Precision@1: 51.740% (16888/32640)
Loss: 1.322 | Precision@1: 51.724% (16949/32768)
Loss: 1.322 | Precision@1: 51.727% (17016/32896)
Loss: 1.323 | Precision@1: 51.717% (17079/33024)
Loss: 1.322 | Precision@1: 51.731% (17150/33152)
Loss: 1.322 | Precision@1: 51.746% (17221/33280)
Loss: 1.322 | Precision@1: 51.727% (17281/33408)
Loss: 1.321 | Precision@1: 51.783% (17366/33536)
Loss: 1.321 | Precision@1: 51.812% (17442/33664)
Loss: 1.320 | Precision@1: 51.817% (17510/33792)
Loss: 1.320 | Precision@1: 51.816% (17576/33920)
Loss: 1.320 | Precision@1: 51.842% (17651/34048)
Loss: 1.319 | Precision@1: 51.890% (17734/34176)
Loss: 1.318 | Precision@1: 51.918% (17810/34304)
Loss: 1.318 | Precision@1: 51.914% (17875/34432)
Loss: 1.317 | Precision@1: 51.950% (17954/34560)
Loss: 1.316 | Precision@1: 51.966% (18026/34688)
Loss: 1.316 | Precision@1: 51.976% (18096/34816)
Loss: 1.315 | Precision@1: 51.992% (18168/34944)
Loss: 1.315 | Precision@1: 52.010% (18241/35072)
Loss: 1.315 | Precision@1: 52.037% (18317/35200)
Loss: 1.314 | Precision@1: 52.064% (18393/35328)
Loss: 1.313 | Precision@1: 52.107% (18475/35456)
Loss: 1.312 | Precision@1: 52.153% (18558/35584)
Loss: 1.311 | Precision@1: 52.193% (18639/35712)
Loss: 1.311 | Precision@1: 52.204% (18710/35840)
Loss: 1.310 | Precision@1: 52.238% (18789/35968)
Loss: 1.309 | Precision@1: 52.263% (18865/36096)
Loss: 1.309 | Precision@1: 52.294% (18943/36224)
Loss: 1.308 | Precision@1: 52.324% (19021/36352)
Loss: 1.308 | Precision@1: 52.333% (19091/36480)
Loss: 1.308 | Precision@1: 52.330% (19157/36608)
Loss: 1.307 | Precision@1: 52.352% (19232/36736)
Loss: 1.306 | Precision@1: 52.374% (19307/36864)
Loss: 1.306 | Precision@1: 52.398% (19383/36992)
Loss: 1.305 | Precision@1: 52.433% (19463/37120)
Loss: 1.305 | Precision@1: 52.432% (19530/37248)
Loss: 1.305 | Precision@1: 52.432% (19597/37376)
Loss: 1.304 | Precision@1: 52.434% (19665/37504)
Loss: 1.304 | Precision@1: 52.453% (19739/37632)
Loss: 1.303 | Precision@1: 52.463% (19810/37760)
Loss: 1.303 | Precision@1: 52.492% (19888/37888)
Loss: 1.302 | Precision@1: 52.502% (19959/38016)
Loss: 1.302 | Precision@1: 52.535% (20039/38144)
Loss: 1.301 | Precision@1: 52.555% (20114/38272)
Loss: 1.301 | Precision@1: 52.562% (20184/38400)
Loss: 1.300 | Precision@1: 52.577% (20257/38528)
Loss: 1.300 | Precision@1: 52.597% (20332/38656)
Loss: 1.299 | Precision@1: 52.633% (20413/38784)
Loss: 1.299 | Precision@1: 52.655% (20489/38912)
Loss: 1.298 | Precision@1: 52.674% (20564/39040)
Loss: 1.298 | Precision@1: 52.691% (20638/39168)
Loss: 1.298 | Precision@1: 52.713% (20714/39296)
Loss: 1.298 | Precision@1: 52.712% (20781/39424)
Loss: 1.298 | Precision@1: 52.705% (20846/39552)
Loss: 1.298 | Precision@1: 52.704% (20913/39680)
Loss: 1.298 | Precision@1: 52.716% (20985/39808)
Loss: 1.297 | Precision@1: 52.729% (21058/39936)
Loss: 1.297 | Precision@1: 52.733% (21127/40064)
Loss: 1.297 | Precision@1: 52.759% (21205/40192)
Loss: 1.296 | Precision@1: 52.783% (21282/40320)
Loss: 1.295 | Precision@1: 52.799% (21356/40448)
Loss: 1.295 | Precision@1: 52.810% (21428/40576)
Loss: 1.294 | Precision@1: 52.833% (21505/40704)
Loss: 1.294 | Precision@1: 52.841% (21576/40832)
Loss: 1.294 | Precision@1: 52.869% (21655/40960)
Loss: 1.293 | Precision@1: 52.877% (21726/41088)
Loss: 1.293 | Precision@1: 52.890% (21799/41216)
Loss: 1.293 | Precision@1: 52.915% (21877/41344)
Loss: 1.292 | Precision@1: 52.927% (21950/41472)
Loss: 1.292 | Precision@1: 52.942% (22024/41600)
Loss: 1.291 | Precision@1: 52.964% (22101/41728)
Loss: 1.291 | Precision@1: 52.991% (22180/41856)
Loss: 1.291 | Precision@1: 53.008% (22255/41984)
Loss: 1.290 | Precision@1: 53.044% (22338/42112)
Loss: 1.290 | Precision@1: 53.049% (22408/42240)
Loss: 1.290 | Precision@1: 53.075% (22487/42368)
Loss: 1.290 | Precision@1: 53.085% (22559/42496)
Loss: 1.289 | Precision@1: 53.102% (22634/42624)
Loss: 1.289 | Precision@1: 53.113% (22707/42752)
Loss: 1.289 | Precision@1: 53.111% (22774/42880)
Loss: 1.288 | Precision@1: 53.134% (22852/43008)
Loss: 1.288 | Precision@1: 53.127% (22917/43136)
Loss: 1.288 | Precision@1: 53.139% (22990/43264)
Loss: 1.288 | Precision@1: 53.173% (23073/43392)
Loss: 1.287 | Precision@1: 53.208% (23156/43520)
Loss: 1.287 | Precision@1: 53.224% (23231/43648)
Loss: 1.287 | Precision@1: 53.237% (23305/43776)
Loss: 1.286 | Precision@1: 53.250% (23379/43904)
Loss: 1.286 | Precision@1: 53.279% (23460/44032)
Loss: 1.285 | Precision@1: 53.306% (23540/44160)
Loss: 1.285 | Precision@1: 53.324% (23616/44288)
Loss: 1.284 | Precision@1: 53.328% (23686/44416)
Loss: 1.284 | Precision@1: 53.341% (23760/44544)
Loss: 1.283 | Precision@1: 53.353% (23834/44672)
Loss: 1.283 | Precision@1: 53.373% (23911/44800)
Loss: 1.282 | Precision@1: 53.388% (23986/44928)
Loss: 1.282 | Precision@1: 53.416% (24067/45056)
Loss: 1.281 | Precision@1: 53.455% (24153/45184)
Loss: 1.281 | Precision@1: 53.476% (24231/45312)
Loss: 1.280 | Precision@1: 53.484% (24303/45440)
Loss: 1.279 | Precision@1: 53.522% (24389/45568)
Loss: 1.279 | Precision@1: 53.552% (24471/45696)
Loss: 1.278 | Precision@1: 53.588% (24556/45824)
Loss: 1.278 | Precision@1: 53.606% (24633/45952)
Loss: 1.278 | Precision@1: 53.615% (24706/46080)
Loss: 1.278 | Precision@1: 53.601% (24768/46208)
Loss: 1.278 | Precision@1: 53.604% (24838/46336)
Loss: 1.278 | Precision@1: 53.639% (24923/46464)
Loss: 1.277 | Precision@1: 53.666% (25004/46592)
Loss: 1.277 | Precision@1: 53.696% (25087/46720)
Loss: 1.276 | Precision@1: 53.712% (25163/46848)
Loss: 1.276 | Precision@1: 53.723% (25237/46976)
Loss: 1.275 | Precision@1: 53.749% (25318/47104)
Loss: 1.275 | Precision@1: 53.769% (25396/47232)
Loss: 1.274 | Precision@1: 53.784% (25472/47360)
Loss: 1.274 | Precision@1: 53.801% (25549/47488)
Loss: 1.274 | Precision@1: 53.816% (25625/47616)
Loss: 1.273 | Precision@1: 53.835% (25703/47744)
Loss: 1.273 | Precision@1: 53.860% (25784/47872)
Loss: 1.272 | Precision@1: 53.858% (25852/48000)
Loss: 1.272 | Precision@1: 53.871% (25927/48128)
Loss: 1.272 | Precision@1: 53.881% (26001/48256)
Loss: 1.272 | Precision@1: 53.873% (26066/48384)
Loss: 1.271 | Precision@1: 53.900% (26148/48512)
Loss: 1.271 | Precision@1: 53.882% (26208/48640)
Loss: 1.270 | Precision@1: 53.923% (26297/48768)
Loss: 1.270 | Precision@1: 53.949% (26379/48896)
Loss: 1.270 | Precision@1: 53.961% (26454/49024)
Loss: 1.269 | Precision@1: 53.979% (26532/49152)
Loss: 1.269 | Precision@1: 53.987% (26605/49280)
Loss: 1.269 | Precision@1: 53.991% (26676/49408)
Loss: 1.269 | Precision@1: 54.011% (26755/49536)
Loss: 1.268 | Precision@1: 54.011% (26824/49664)
Loss: 1.268 | Precision@1: 54.025% (26900/49792)
Loss: 1.267 | Precision@1: 54.058% (26986/49920)
Loss: 1.266 | Precision@1: 54.078% (27039/50000)

Aggregates: 			
 	 DataLoader Time: 0.3792 			
 	 Mini-batch Time: 12.5813 			
 	 Training Epoch Time: 29.8518
 			
 Averages: 			
 	 Training Loss: 1.2664

 Test set Averages: Loss: 1.277 | Precision@1: 56.500% (5650/10000)

Epoch: 3
Loss: 1.018 | Precision@1: 62.500% (80/128)
Loss: 0.987 | Precision@1: 64.453% (165/256)
Loss: 1.042 | Precision@1: 62.500% (240/384)
Loss: 1.126 | Precision@1: 59.961% (307/512)
Loss: 1.096 | Precision@1: 61.406% (393/640)
Loss: 1.098 | Precision@1: 61.458% (472/768)
Loss: 1.111 | Precision@1: 60.826% (545/896)
Loss: 1.082 | Precision@1: 61.816% (633/1024)
Loss: 1.078 | Precision@1: 62.240% (717/1152)
Loss: 1.090 | Precision@1: 62.031% (794/1280)
Loss: 1.090 | Precision@1: 61.506% (866/1408)
Loss: 1.090 | Precision@1: 61.068% (938/1536)
Loss: 1.095 | Precision@1: 60.637% (1009/1664)
Loss: 1.100 | Precision@1: 60.324% (1081/1792)
Loss: 1.104 | Precision@1: 60.000% (1152/1920)
Loss: 1.108 | Precision@1: 60.010% (1229/2048)
Loss: 1.101 | Precision@1: 60.202% (1310/2176)
Loss: 1.092 | Precision@1: 60.677% (1398/2304)
Loss: 1.082 | Precision@1: 60.773% (1478/2432)
Loss: 1.083 | Precision@1: 60.664% (1553/2560)
Loss: 1.078 | Precision@1: 61.049% (1641/2688)
Loss: 1.086 | Precision@1: 60.760% (1711/2816)
Loss: 1.082 | Precision@1: 60.666% (1786/2944)
Loss: 1.089 | Precision@1: 60.319% (1853/3072)
Loss: 1.079 | Precision@1: 60.781% (1945/3200)
Loss: 1.075 | Precision@1: 60.817% (2024/3328)
Loss: 1.079 | Precision@1: 60.648% (2096/3456)
Loss: 1.079 | Precision@1: 60.798% (2179/3584)
Loss: 1.074 | Precision@1: 60.938% (2262/3712)
Loss: 1.074 | Precision@1: 60.885% (2338/3840)
Loss: 1.071 | Precision@1: 60.988% (2420/3968)
Loss: 1.071 | Precision@1: 61.035% (2500/4096)
Loss: 1.070 | Precision@1: 61.127% (2582/4224)
Loss: 1.070 | Precision@1: 61.006% (2655/4352)
Loss: 1.069 | Precision@1: 61.138% (2739/4480)
Loss: 1.068 | Precision@1: 61.176% (2819/4608)
Loss: 1.070 | Precision@1: 61.212% (2899/4736)
Loss: 1.074 | Precision@1: 61.081% (2971/4864)
Loss: 1.069 | Precision@1: 61.218% (3056/4992)
Loss: 1.072 | Precision@1: 61.152% (3131/5120)
Loss: 1.073 | Precision@1: 61.052% (3204/5248)
Loss: 1.072 | Precision@1: 61.124% (3286/5376)
Loss: 1.070 | Precision@1: 61.265% (3372/5504)
Loss: 1.075 | Precision@1: 61.097% (3441/5632)
Loss: 1.075 | Precision@1: 61.059% (3517/5760)
Loss: 1.076 | Precision@1: 61.073% (3596/5888)
Loss: 1.077 | Precision@1: 60.987% (3669/6016)
Loss: 1.072 | Precision@1: 61.100% (3754/6144)
Loss: 1.072 | Precision@1: 61.145% (3835/6272)
Loss: 1.071 | Precision@1: 61.125% (3912/6400)
Loss: 1.070 | Precision@1: 61.091% (3988/6528)
Loss: 1.072 | Precision@1: 61.073% (4065/6656)
Loss: 1.071 | Precision@1: 61.100% (4145/6784)
Loss: 1.072 | Precision@1: 60.981% (4215/6912)
Loss: 1.069 | Precision@1: 61.037% (4297/7040)
Loss: 1.068 | Precision@1: 61.091% (4379/7168)
Loss: 1.066 | Precision@1: 61.143% (4461/7296)
Loss: 1.065 | Precision@1: 61.140% (4539/7424)
Loss: 1.065 | Precision@1: 61.189% (4621/7552)
Loss: 1.064 | Precision@1: 61.224% (4702/7680)
Loss: 1.066 | Precision@1: 61.130% (4773/7808)
Loss: 1.066 | Precision@1: 61.114% (4850/7936)
Loss: 1.065 | Precision@1: 61.111% (4928/8064)
Loss: 1.063 | Precision@1: 61.218% (5015/8192)
Loss: 1.064 | Precision@1: 61.238% (5095/8320)
Loss: 1.063 | Precision@1: 61.233% (5173/8448)
Loss: 1.063 | Precision@1: 61.357% (5262/8576)
Loss: 1.064 | Precision@1: 61.213% (5328/8704)
Loss: 1.064 | Precision@1: 61.243% (5409/8832)
Loss: 1.064 | Precision@1: 61.194% (5483/8960)
Loss: 1.065 | Precision@1: 61.202% (5562/9088)
Loss: 1.063 | Precision@1: 61.296% (5649/9216)
Loss: 1.063 | Precision@1: 61.312% (5729/9344)
Loss: 1.064 | Precision@1: 61.318% (5808/9472)
Loss: 1.066 | Precision@1: 61.302% (5885/9600)
Loss: 1.065 | Precision@1: 61.287% (5962/9728)
Loss: 1.065 | Precision@1: 61.262% (6038/9856)
Loss: 1.063 | Precision@1: 61.348% (6125/9984)
Loss: 1.064 | Precision@1: 61.313% (6200/10112)
Loss: 1.065 | Precision@1: 61.299% (6277/10240)
Loss: 1.065 | Precision@1: 61.275% (6353/10368)
Loss: 1.065 | Precision@1: 61.252% (6429/10496)
Loss: 1.066 | Precision@1: 61.248% (6507/10624)
Loss: 1.063 | Precision@1: 61.347% (6596/10752)
Loss: 1.063 | Precision@1: 61.388% (6679/10880)
Loss: 1.063 | Precision@1: 61.383% (6757/11008)
Loss: 1.063 | Precision@1: 61.395% (6837/11136)
Loss: 1.062 | Precision@1: 61.470% (6924/11264)
Loss: 1.061 | Precision@1: 61.508% (7007/11392)
Loss: 1.060 | Precision@1: 61.545% (7090/11520)
Loss: 1.061 | Precision@1: 61.530% (7167/11648)
Loss: 1.059 | Precision@1: 61.608% (7255/11776)
Loss: 1.058 | Precision@1: 61.668% (7341/11904)
Loss: 1.058 | Precision@1: 61.661% (7419/12032)
Loss: 1.058 | Precision@1: 61.719% (7505/12160)
Loss: 1.058 | Precision@1: 61.719% (7584/12288)
Loss: 1.060 | Precision@1: 61.687% (7659/12416)
Loss: 1.061 | Precision@1: 61.679% (7737/12544)
Loss: 1.062 | Precision@1: 61.656% (7813/12672)
Loss: 1.061 | Precision@1: 61.641% (7890/12800)
Loss: 1.061 | Precision@1: 61.641% (7969/12928)
Loss: 1.060 | Precision@1: 61.680% (8053/13056)
Loss: 1.058 | Precision@1: 61.757% (8142/13184)
Loss: 1.060 | Precision@1: 61.749% (8220/13312)
Loss: 1.059 | Precision@1: 61.756% (8300/13440)
Loss: 1.058 | Precision@1: 61.822% (8388/13568)
Loss: 1.058 | Precision@1: 61.821% (8467/13696)
Loss: 1.057 | Precision@1: 61.842% (8549/13824)
Loss: 1.056 | Precision@1: 61.862% (8631/13952)
Loss: 1.055 | Precision@1: 61.861% (8710/14080)
Loss: 1.054 | Precision@1: 61.930% (8799/14208)
Loss: 1.055 | Precision@1: 61.872% (8870/14336)
Loss: 1.056 | Precision@1: 61.864% (8948/14464)
Loss: 1.057 | Precision@1: 61.849% (9025/14592)
Loss: 1.056 | Precision@1: 61.909% (9113/14720)
Loss: 1.057 | Precision@1: 61.874% (9187/14848)
Loss: 1.057 | Precision@1: 61.906% (9271/14976)
Loss: 1.057 | Precision@1: 61.931% (9354/15104)
Loss: 1.058 | Precision@1: 61.935% (9434/15232)
Loss: 1.057 | Precision@1: 61.921% (9511/15360)
Loss: 1.057 | Precision@1: 61.925% (9591/15488)
Loss: 1.056 | Precision@1: 61.962% (9676/15616)
Loss: 1.057 | Precision@1: 61.973% (9757/15744)
Loss: 1.056 | Precision@1: 62.027% (9845/15872)
Loss: 1.054 | Precision@1: 62.081% (9933/16000)
Loss: 1.055 | Precision@1: 62.078% (10012/16128)
Loss: 1.055 | Precision@1: 62.051% (10087/16256)
Loss: 1.057 | Precision@1: 62.000% (10158/16384)
Loss: 1.056 | Precision@1: 62.040% (10244/16512)
Loss: 1.056 | Precision@1: 62.061% (10327/16640)
Loss: 1.056 | Precision@1: 62.047% (10404/16768)
Loss: 1.057 | Precision@1: 62.032% (10481/16896)
Loss: 1.055 | Precision@1: 62.083% (10569/17024)
Loss: 1.055 | Precision@1: 62.139% (10658/17152)
Loss: 1.057 | Precision@1: 62.089% (10729/17280)
Loss: 1.057 | Precision@1: 62.069% (10805/17408)
Loss: 1.056 | Precision@1: 62.089% (10888/17536)
Loss: 1.056 | Precision@1: 62.132% (10975/17664)
Loss: 1.057 | Precision@1: 62.101% (11049/17792)
Loss: 1.055 | Precision@1: 62.171% (11141/17920)
Loss: 1.055 | Precision@1: 62.195% (11225/18048)
Loss: 1.054 | Precision@1: 62.236% (11312/18176)
Loss: 1.054 | Precision@1: 62.265% (11397/18304)
Loss: 1.054 | Precision@1: 62.278% (11479/18432)
Loss: 1.054 | Precision@1: 62.258% (11555/18560)
Loss: 1.055 | Precision@1: 62.238% (11631/18688)
Loss: 1.055 | Precision@1: 62.266% (11716/18816)
Loss: 1.054 | Precision@1: 62.257% (11794/18944)
Loss: 1.054 | Precision@1: 62.285% (11879/19072)
Loss: 1.053 | Precision@1: 62.323% (11966/19200)
Loss: 1.053 | Precision@1: 62.329% (12047/19328)
Loss: 1.052 | Precision@1: 62.320% (12125/19456)
Loss: 1.052 | Precision@1: 62.372% (12215/19584)
Loss: 1.051 | Precision@1: 62.424% (12305/19712)
Loss: 1.050 | Precision@1: 62.440% (12388/19840)
Loss: 1.051 | Precision@1: 62.440% (12468/19968)
Loss: 1.050 | Precision@1: 62.455% (12551/20096)
Loss: 1.050 | Precision@1: 62.460% (12632/20224)
Loss: 1.049 | Precision@1: 62.505% (12721/20352)
Loss: 1.049 | Precision@1: 62.456% (12791/20480)
Loss: 1.048 | Precision@1: 62.476% (12875/20608)
Loss: 1.048 | Precision@1: 62.466% (12953/20736)
Loss: 1.047 | Precision@1: 62.486% (13037/20864)
Loss: 1.046 | Precision@1: 62.548% (13130/20992)
Loss: 1.045 | Precision@1: 62.590% (13219/21120)
Loss: 1.046 | Precision@1: 62.594% (13300/21248)
Loss: 1.045 | Precision@1: 62.617% (13385/21376)
Loss: 1.046 | Precision@1: 62.565% (13454/21504)
Loss: 1.046 | Precision@1: 62.592% (13540/21632)
Loss: 1.045 | Precision@1: 62.597% (13621/21760)
Loss: 1.045 | Precision@1: 62.610% (13704/21888)
Loss: 1.045 | Precision@1: 62.636% (13790/22016)
Loss: 1.045 | Precision@1: 62.635% (13870/22144)
Loss: 1.044 | Precision@1: 62.671% (13958/22272)
Loss: 1.044 | Precision@1: 62.638% (14031/22400)
Loss: 1.044 | Precision@1: 62.669% (14118/22528)
Loss: 1.043 | Precision@1: 62.712% (14208/22656)
Loss: 1.041 | Precision@1: 62.759% (14299/22784)
Loss: 1.041 | Precision@1: 62.758% (14379/22912)
Loss: 1.043 | Precision@1: 62.708% (14448/23040)
Loss: 1.042 | Precision@1: 62.750% (14538/23168)
Loss: 1.041 | Precision@1: 62.775% (14624/23296)
Loss: 1.041 | Precision@1: 62.786% (14707/23424)
Loss: 1.041 | Precision@1: 62.772% (14784/23552)
Loss: 1.042 | Precision@1: 62.762% (14862/23680)
Loss: 1.042 | Precision@1: 62.773% (14945/23808)
Loss: 1.042 | Precision@1: 62.805% (15033/23936)
Loss: 1.041 | Precision@1: 62.828% (15119/24064)
Loss: 1.042 | Precision@1: 62.802% (15193/24192)
Loss: 1.042 | Precision@1: 62.808% (15275/24320)
Loss: 1.041 | Precision@1: 62.823% (15359/24448)
Loss: 1.042 | Precision@1: 62.821% (15439/24576)
Loss: 1.042 | Precision@1: 62.804% (15515/24704)
Loss: 1.042 | Precision@1: 62.814% (15598/24832)
Loss: 1.041 | Precision@1: 62.841% (15685/24960)
Loss: 1.041 | Precision@1: 62.827% (15762/25088)
Loss: 1.041 | Precision@1: 62.813% (15839/25216)
Loss: 1.041 | Precision@1: 62.812% (15919/25344)
Loss: 1.040 | Precision@1: 62.857% (16011/25472)
Loss: 1.040 | Precision@1: 62.859% (16092/25600)
Loss: 1.040 | Precision@1: 62.885% (16179/25728)
Loss: 1.039 | Precision@1: 62.941% (16274/25856)
Loss: 1.039 | Precision@1: 62.954% (16358/25984)
Loss: 1.038 | Precision@1: 62.971% (16443/26112)
Loss: 1.038 | Precision@1: 62.969% (16523/26240)
Loss: 1.039 | Precision@1: 62.963% (16602/26368)
Loss: 1.038 | Precision@1: 62.957% (16681/26496)
Loss: 1.038 | Precision@1: 62.954% (16761/26624)
Loss: 1.038 | Precision@1: 62.975% (16847/26752)
Loss: 1.036 | Precision@1: 63.039% (16945/26880)
Loss: 1.036 | Precision@1: 63.044% (17027/27008)
Loss: 1.035 | Precision@1: 63.060% (17112/27136)
Loss: 1.034 | Precision@1: 63.083% (17199/27264)
Loss: 1.034 | Precision@1: 63.070% (17276/27392)
Loss: 1.034 | Precision@1: 63.074% (17358/27520)
Loss: 1.034 | Precision@1: 63.082% (17441/27648)
Loss: 1.034 | Precision@1: 63.072% (17519/27776)
Loss: 1.034 | Precision@1: 63.055% (17595/27904)
Loss: 1.033 | Precision@1: 63.110% (17691/28032)
Loss: 1.033 | Precision@1: 63.114% (17773/28160)
Loss: 1.033 | Precision@1: 63.101% (17850/28288)
Loss: 1.034 | Precision@1: 63.095% (17929/28416)
Loss: 1.033 | Precision@1: 63.099% (18011/28544)
Loss: 1.033 | Precision@1: 63.110% (18095/28672)
Loss: 1.032 | Precision@1: 63.135% (18183/28800)
Loss: 1.032 | Precision@1: 63.105% (18255/28928)
Loss: 1.032 | Precision@1: 63.102% (18335/29056)
Loss: 1.032 | Precision@1: 63.124% (18422/29184)
Loss: 1.031 | Precision@1: 63.128% (18504/29312)
Loss: 1.031 | Precision@1: 63.135% (18587/29440)
Loss: 1.030 | Precision@1: 63.153% (18673/29568)
Loss: 1.030 | Precision@1: 63.136% (18749/29696)
Loss: 1.030 | Precision@1: 63.144% (18832/29824)
Loss: 1.029 | Precision@1: 63.171% (18921/29952)
Loss: 1.028 | Precision@1: 63.195% (19009/30080)
Loss: 1.027 | Precision@1: 63.228% (19100/30208)
Loss: 1.026 | Precision@1: 63.248% (19187/30336)
Loss: 1.025 | Precision@1: 63.291% (19281/30464)
Loss: 1.025 | Precision@1: 63.288% (19361/30592)
Loss: 1.025 | Precision@1: 63.317% (19451/30720)
Loss: 1.024 | Precision@1: 63.330% (19536/30848)
Loss: 1.023 | Precision@1: 63.365% (19628/30976)
Loss: 1.024 | Precision@1: 63.368% (19710/31104)
Loss: 1.024 | Precision@1: 63.384% (19796/31232)
Loss: 1.024 | Precision@1: 63.386% (19878/31360)
Loss: 1.023 | Precision@1: 63.415% (19968/31488)
Loss: 1.024 | Precision@1: 63.408% (20047/31616)
Loss: 1.023 | Precision@1: 63.439% (20138/31744)
Loss: 1.023 | Precision@1: 63.416% (20212/31872)
Loss: 1.023 | Precision@1: 63.431% (20298/32000)
Loss: 1.023 | Precision@1: 63.443% (20383/32128)
Loss: 1.023 | Precision@1: 63.442% (20464/32256)
Loss: 1.022 | Precision@1: 63.467% (20553/32384)
Loss: 1.023 | Precision@1: 63.450% (20629/32512)
Loss: 1.023 | Precision@1: 63.438% (20706/32640)
Loss: 1.022 | Precision@1: 63.489% (20804/32768)
Loss: 1.022 | Precision@1: 63.494% (20887/32896)
Loss: 1.021 | Precision@1: 63.520% (20977/33024)
Loss: 1.021 | Precision@1: 63.556% (21070/33152)
Loss: 1.020 | Precision@1: 63.573% (21157/33280)
Loss: 1.020 | Precision@1: 63.587% (21243/33408)
Loss: 1.020 | Precision@1: 63.600% (21329/33536)
Loss: 1.020 | Precision@1: 63.605% (21412/33664)
Loss: 1.019 | Precision@1: 63.633% (21503/33792)
Loss: 1.020 | Precision@1: 63.614% (21578/33920)
Loss: 1.019 | Precision@1: 63.625% (21663/34048)
Loss: 1.019 | Precision@1: 63.638% (21749/34176)
Loss: 1.019 | Precision@1: 63.640% (21831/34304)
Loss: 1.019 | Precision@1: 63.650% (21916/34432)
Loss: 1.019 | Precision@1: 63.660% (22001/34560)
Loss: 1.018 | Precision@1: 63.670% (22086/34688)
Loss: 1.017 | Precision@1: 63.703% (22179/34816)
Loss: 1.018 | Precision@1: 63.708% (22262/34944)
Loss: 1.017 | Precision@1: 63.700% (22341/35072)
Loss: 1.017 | Precision@1: 63.716% (22428/35200)
Loss: 1.017 | Precision@1: 63.709% (22507/35328)
Loss: 1.016 | Precision@1: 63.741% (22600/35456)
Loss: 1.016 | Precision@1: 63.762% (22689/35584)
Loss: 1.016 | Precision@1: 63.771% (22774/35712)
Loss: 1.015 | Precision@1: 63.781% (22859/35840)
Loss: 1.015 | Precision@1: 63.776% (22939/35968)
Loss: 1.015 | Precision@1: 63.788% (23025/36096)
Loss: 1.015 | Precision@1: 63.778% (23103/36224)
Loss: 1.015 | Precision@1: 63.768% (23181/36352)
Loss: 1.015 | Precision@1: 63.769% (23263/36480)
Loss: 1.015 | Precision@1: 63.770% (23345/36608)
Loss: 1.015 | Precision@1: 63.769% (23426/36736)
Loss: 1.015 | Precision@1: 63.780% (23512/36864)
Loss: 1.014 | Precision@1: 63.784% (23595/36992)
Loss: 1.014 | Precision@1: 63.807% (23685/37120)
Loss: 1.013 | Precision@1: 63.842% (23780/37248)
Loss: 1.013 | Precision@1: 63.854% (23866/37376)
Loss: 1.012 | Precision@1: 63.881% (23958/37504)
Loss: 1.012 | Precision@1: 63.892% (24044/37632)
Loss: 1.012 | Precision@1: 63.904% (24130/37760)
Loss: 1.012 | Precision@1: 63.915% (24216/37888)
Loss: 1.011 | Precision@1: 63.939% (24307/38016)
Loss: 1.011 | Precision@1: 63.939% (24389/38144)
Loss: 1.010 | Precision@1: 63.961% (24479/38272)
Loss: 1.010 | Precision@1: 63.990% (24572/38400)
Loss: 1.010 | Precision@1: 63.987% (24653/38528)
Loss: 1.009 | Precision@1: 64.011% (24744/38656)
Loss: 1.009 | Precision@1: 64.016% (24828/38784)
Loss: 1.009 | Precision@1: 64.016% (24910/38912)
Loss: 1.009 | Precision@1: 64.037% (25000/39040)
Loss: 1.009 | Precision@1: 64.068% (25094/39168)
Loss: 1.008 | Precision@1: 64.075% (25179/39296)
Loss: 1.008 | Precision@1: 64.090% (25267/39424)
Loss: 1.007 | Precision@1: 64.123% (25362/39552)
Loss: 1.007 | Precision@1: 64.120% (25443/39680)
Loss: 1.007 | Precision@1: 64.110% (25521/39808)
Loss: 1.006 | Precision@1: 64.145% (25617/39936)
Loss: 1.006 | Precision@1: 64.182% (25714/40064)
Loss: 1.006 | Precision@1: 64.167% (25790/40192)
Loss: 1.006 | Precision@1: 64.172% (25874/40320)
Loss: 1.006 | Precision@1: 64.166% (25954/40448)
Loss: 1.006 | Precision@1: 64.159% (26033/40576)
Loss: 1.005 | Precision@1: 64.163% (26117/40704)
Loss: 1.005 | Precision@1: 64.175% (26204/40832)
Loss: 1.004 | Precision@1: 64.216% (26303/40960)
Loss: 1.004 | Precision@1: 64.209% (26382/41088)
Loss: 1.004 | Precision@1: 64.196% (26459/41216)
Loss: 1.004 | Precision@1: 64.200% (26543/41344)
Loss: 1.004 | Precision@1: 64.222% (26634/41472)
Loss: 1.003 | Precision@1: 64.248% (26727/41600)
Loss: 1.003 | Precision@1: 64.259% (26814/41728)
Loss: 1.003 | Precision@1: 64.280% (26905/41856)
Loss: 1.003 | Precision@1: 64.274% (26985/41984)
Loss: 1.003 | Precision@1: 64.281% (27070/42112)
Loss: 1.003 | Precision@1: 64.285% (27154/42240)
Loss: 1.003 | Precision@1: 64.275% (27232/42368)
Loss: 1.002 | Precision@1: 64.284% (27318/42496)
Loss: 1.002 | Precision@1: 64.304% (27409/42624)
Loss: 1.001 | Precision@1: 64.315% (27496/42752)
Loss: 1.001 | Precision@1: 64.333% (27586/42880)
Loss: 1.001 | Precision@1: 64.335% (27669/43008)
Loss: 1.000 | Precision@1: 64.359% (27762/43136)
Loss: 1.000 | Precision@1: 64.358% (27844/43264)
Loss: 1.000 | Precision@1: 64.371% (27932/43392)
Loss: 0.999 | Precision@1: 64.377% (28017/43520)
Loss: 0.999 | Precision@1: 64.392% (28106/43648)
Loss: 0.999 | Precision@1: 64.391% (28188/43776)
Loss: 0.999 | Precision@1: 64.372% (28262/43904)
Loss: 0.999 | Precision@1: 64.385% (28350/44032)
Loss: 0.999 | Precision@1: 64.400% (28439/44160)
Loss: 0.999 | Precision@1: 64.394% (28519/44288)
Loss: 0.998 | Precision@1: 64.414% (28610/44416)
Loss: 0.999 | Precision@1: 64.399% (28686/44544)
Loss: 0.999 | Precision@1: 64.412% (28774/44672)
Loss: 0.999 | Precision@1: 64.417% (28859/44800)
Loss: 0.998 | Precision@1: 64.441% (28952/44928)
Loss: 0.998 | Precision@1: 64.458% (29042/45056)
Loss: 0.997 | Precision@1: 64.474% (29132/45184)
Loss: 0.997 | Precision@1: 64.486% (29220/45312)
Loss: 0.997 | Precision@1: 64.492% (29305/45440)
Loss: 0.997 | Precision@1: 64.497% (29390/45568)
Loss: 0.997 | Precision@1: 64.494% (29471/45696)
Loss: 0.996 | Precision@1: 64.508% (29560/45824)
Loss: 0.996 | Precision@1: 64.519% (29648/45952)
Loss: 0.996 | Precision@1: 64.536% (29738/46080)
Loss: 0.996 | Precision@1: 64.541% (29823/46208)
Loss: 0.996 | Precision@1: 64.527% (29899/46336)
Loss: 0.996 | Precision@1: 64.534% (29985/46464)
Loss: 0.996 | Precision@1: 64.545% (30073/46592)
Loss: 0.995 | Precision@1: 64.557% (30161/46720)
Loss: 0.996 | Precision@1: 64.547% (30239/46848)
Loss: 0.996 | Precision@1: 64.546% (30321/46976)
Loss: 0.995 | Precision@1: 64.574% (30417/47104)
Loss: 0.995 | Precision@1: 64.602% (30513/47232)
Loss: 0.995 | Precision@1: 64.603% (30596/47360)
Loss: 0.994 | Precision@1: 64.635% (30694/47488)
Loss: 0.994 | Precision@1: 64.640% (30779/47616)
Loss: 0.993 | Precision@1: 64.649% (30866/47744)
Loss: 0.993 | Precision@1: 64.647% (30948/47872)
Loss: 0.992 | Precision@1: 64.658% (31036/48000)
Loss: 0.992 | Precision@1: 64.673% (31126/48128)
Loss: 0.991 | Precision@1: 64.678% (31211/48256)
Loss: 0.991 | Precision@1: 64.674% (31292/48384)
Loss: 0.992 | Precision@1: 64.673% (31374/48512)
Loss: 0.992 | Precision@1: 64.681% (31461/48640)
Loss: 0.991 | Precision@1: 64.680% (31543/48768)
Loss: 0.991 | Precision@1: 64.676% (31624/48896)
Loss: 0.991 | Precision@1: 64.670% (31704/49024)
Loss: 0.992 | Precision@1: 64.653% (31778/49152)
Loss: 0.991 | Precision@1: 64.675% (31872/49280)
Loss: 0.991 | Precision@1: 64.692% (31963/49408)
Loss: 0.990 | Precision@1: 64.692% (32046/49536)
Loss: 0.991 | Precision@1: 64.701% (32133/49664)
Loss: 0.991 | Precision@1: 64.693% (32212/49792)
Loss: 0.990 | Precision@1: 64.694% (32295/49920)
Loss: 0.990 | Precision@1: 64.718% (32359/50000)

Aggregates: 			
 	 DataLoader Time: 0.3593 			
 	 Mini-batch Time: 12.5095 			
 	 Training Epoch Time: 29.8218
 			
 Averages: 			
 	 Training Loss: 0.9896

 Test set Averages: Loss: 0.959 | Precision@1: 65.930% (6593/10000)

Epoch: 4
Loss: 0.824 | Precision@1: 68.750% (88/128)
Loss: 0.841 | Precision@1: 70.312% (180/256)
Loss: 0.910 | Precision@1: 69.010% (265/384)
Loss: 0.894 | Precision@1: 68.555% (351/512)
Loss: 0.890 | Precision@1: 68.750% (440/640)
Loss: 0.907 | Precision@1: 68.229% (524/768)
Loss: 0.904 | Precision@1: 68.304% (612/896)
Loss: 0.902 | Precision@1: 68.164% (698/1024)
Loss: 0.900 | Precision@1: 68.490% (789/1152)
Loss: 0.904 | Precision@1: 68.125% (872/1280)
Loss: 0.905 | Precision@1: 67.969% (957/1408)
Loss: 0.900 | Precision@1: 68.034% (1045/1536)
Loss: 0.887 | Precision@1: 68.510% (1140/1664)
Loss: 0.891 | Precision@1: 68.359% (1225/1792)
Loss: 0.887 | Precision@1: 68.385% (1313/1920)
Loss: 0.892 | Precision@1: 68.457% (1402/2048)
Loss: 0.889 | Precision@1: 68.428% (1489/2176)
Loss: 0.886 | Precision@1: 68.707% (1583/2304)
Loss: 0.879 | Precision@1: 69.038% (1679/2432)
Loss: 0.881 | Precision@1: 69.062% (1768/2560)
Loss: 0.876 | Precision@1: 69.234% (1861/2688)
Loss: 0.877 | Precision@1: 69.141% (1947/2816)
Loss: 0.880 | Precision@1: 69.056% (2033/2944)
Loss: 0.875 | Precision@1: 69.303% (2129/3072)
Loss: 0.879 | Precision@1: 68.969% (2207/3200)
Loss: 0.877 | Precision@1: 69.231% (2304/3328)
Loss: 0.876 | Precision@1: 69.358% (2397/3456)
Loss: 0.876 | Precision@1: 69.308% (2484/3584)
Loss: 0.874 | Precision@1: 69.235% (2570/3712)
Loss: 0.877 | Precision@1: 69.089% (2653/3840)
Loss: 0.881 | Precision@1: 68.826% (2731/3968)
Loss: 0.878 | Precision@1: 68.921% (2823/4096)
Loss: 0.875 | Precision@1: 68.987% (2914/4224)
Loss: 0.873 | Precision@1: 68.980% (3002/4352)
Loss: 0.872 | Precision@1: 69.018% (3092/4480)
Loss: 0.873 | Precision@1: 69.010% (3180/4608)
Loss: 0.874 | Precision@1: 68.961% (3266/4736)
Loss: 0.877 | Precision@1: 68.914% (3352/4864)
Loss: 0.877 | Precision@1: 68.910% (3440/4992)
Loss: 0.881 | Precision@1: 68.828% (3524/5120)
Loss: 0.879 | Precision@1: 68.979% (3620/5248)
Loss: 0.881 | Precision@1: 69.085% (3714/5376)
Loss: 0.881 | Precision@1: 69.041% (3800/5504)
Loss: 0.880 | Precision@1: 69.052% (3889/5632)
Loss: 0.876 | Precision@1: 69.149% (3983/5760)
Loss: 0.876 | Precision@1: 69.056% (4066/5888)
Loss: 0.880 | Precision@1: 68.883% (4144/6016)
Loss: 0.881 | Precision@1: 68.815% (4228/6144)
Loss: 0.880 | Precision@1: 68.862% (4319/6272)
Loss: 0.878 | Precision@1: 68.953% (4413/6400)
Loss: 0.878 | Precision@1: 68.919% (4499/6528)
Loss: 0.877 | Precision@1: 68.990% (4592/6656)
Loss: 0.878 | Precision@1: 69.060% (4685/6784)
Loss: 0.879 | Precision@1: 68.981% (4768/6912)
Loss: 0.878 | Precision@1: 69.034% (4860/7040)
Loss: 0.876 | Precision@1: 69.155% (4957/7168)
Loss: 0.876 | Precision@1: 69.161% (5046/7296)
Loss: 0.877 | Precision@1: 69.168% (5135/7424)
Loss: 0.878 | Precision@1: 69.160% (5223/7552)
Loss: 0.876 | Precision@1: 69.219% (5316/7680)
Loss: 0.875 | Precision@1: 69.224% (5405/7808)
Loss: 0.876 | Precision@1: 69.191% (5491/7936)
Loss: 0.877 | Precision@1: 69.196% (5580/8064)
Loss: 0.877 | Precision@1: 69.202% (5669/8192)
Loss: 0.876 | Precision@1: 69.327% (5768/8320)
Loss: 0.876 | Precision@1: 69.342% (5858/8448)
Loss: 0.874 | Precision@1: 69.473% (5958/8576)
Loss: 0.873 | Precision@1: 69.474% (6047/8704)
Loss: 0.874 | Precision@1: 69.373% (6127/8832)
Loss: 0.874 | Precision@1: 69.330% (6212/8960)
Loss: 0.874 | Precision@1: 69.300% (6298/9088)
Loss: 0.873 | Precision@1: 69.347% (6391/9216)
Loss: 0.877 | Precision@1: 69.242% (6470/9344)
Loss: 0.875 | Precision@1: 69.362% (6570/9472)
Loss: 0.874 | Precision@1: 69.406% (6663/9600)
Loss: 0.874 | Precision@1: 69.428% (6754/9728)
Loss: 0.873 | Precision@1: 69.440% (6844/9856)
Loss: 0.874 | Precision@1: 69.431% (6932/9984)
Loss: 0.875 | Precision@1: 69.383% (7016/10112)
Loss: 0.872 | Precision@1: 69.463% (7113/10240)
Loss: 0.873 | Precision@1: 69.444% (7200/10368)
Loss: 0.875 | Precision@1: 69.388% (7283/10496)
Loss: 0.876 | Precision@1: 69.315% (7364/10624)
Loss: 0.875 | Precision@1: 69.382% (7460/10752)
Loss: 0.875 | Precision@1: 69.347% (7545/10880)
Loss: 0.875 | Precision@1: 69.350% (7634/11008)
Loss: 0.874 | Precision@1: 69.352% (7723/11136)
Loss: 0.874 | Precision@1: 69.354% (7812/11264)
Loss: 0.875 | Precision@1: 69.277% (7892/11392)
Loss: 0.876 | Precision@1: 69.280% (7981/11520)
Loss: 0.877 | Precision@1: 69.291% (8071/11648)
Loss: 0.877 | Precision@1: 69.344% (8166/11776)
Loss: 0.876 | Precision@1: 69.338% (8254/11904)
Loss: 0.877 | Precision@1: 69.315% (8340/12032)
Loss: 0.875 | Precision@1: 69.400% (8439/12160)
Loss: 0.875 | Precision@1: 69.401% (8528/12288)
Loss: 0.875 | Precision@1: 69.443% (8622/12416)
Loss: 0.874 | Precision@1: 69.452% (8712/12544)
Loss: 0.873 | Precision@1: 69.484% (8805/12672)
Loss: 0.871 | Precision@1: 69.508% (8897/12800)
Loss: 0.870 | Precision@1: 69.524% (8988/12928)
Loss: 0.869 | Precision@1: 69.547% (9080/13056)
Loss: 0.869 | Precision@1: 69.516% (9165/13184)
Loss: 0.870 | Precision@1: 69.464% (9247/13312)
Loss: 0.872 | Precision@1: 69.435% (9332/13440)
Loss: 0.871 | Precision@1: 69.435% (9421/13568)
Loss: 0.871 | Precision@1: 69.429% (9509/13696)
Loss: 0.870 | Precision@1: 69.452% (9601/13824)
Loss: 0.871 | Precision@1: 69.417% (9685/13952)
Loss: 0.872 | Precision@1: 69.382% (9769/14080)
Loss: 0.873 | Precision@1: 69.334% (9851/14208)
Loss: 0.873 | Precision@1: 69.343% (9941/14336)
Loss: 0.876 | Precision@1: 69.255% (10017/14464)
Loss: 0.877 | Precision@1: 69.209% (10099/14592)
Loss: 0.877 | Precision@1: 69.205% (10187/14720)
Loss: 0.877 | Precision@1: 69.208% (10276/14848)
Loss: 0.877 | Precision@1: 69.204% (10364/14976)
Loss: 0.877 | Precision@1: 69.227% (10456/15104)
Loss: 0.877 | Precision@1: 69.229% (10545/15232)
Loss: 0.876 | Precision@1: 69.271% (10640/15360)
Loss: 0.875 | Precision@1: 69.254% (10726/15488)
Loss: 0.875 | Precision@1: 69.275% (10818/15616)
Loss: 0.875 | Precision@1: 69.271% (10906/15744)
Loss: 0.875 | Precision@1: 69.292% (10998/15872)
Loss: 0.875 | Precision@1: 69.281% (11085/16000)
Loss: 0.874 | Precision@1: 69.333% (11182/16128)
Loss: 0.874 | Precision@1: 69.334% (11271/16256)
Loss: 0.874 | Precision@1: 69.336% (11360/16384)
Loss: 0.874 | Precision@1: 69.319% (11446/16512)
Loss: 0.876 | Precision@1: 69.285% (11529/16640)
Loss: 0.876 | Precision@1: 69.257% (11613/16768)
Loss: 0.876 | Precision@1: 69.277% (11705/16896)
Loss: 0.875 | Precision@1: 69.255% (11790/17024)
Loss: 0.876 | Precision@1: 69.263% (11880/17152)
Loss: 0.875 | Precision@1: 69.230% (11963/17280)
Loss: 0.875 | Precision@1: 69.250% (12055/17408)
Loss: 0.875 | Precision@1: 69.246% (12143/17536)
Loss: 0.876 | Precision@1: 69.203% (12224/17664)
Loss: 0.876 | Precision@1: 69.183% (12309/17792)
Loss: 0.876 | Precision@1: 69.180% (12397/17920)
Loss: 0.876 | Precision@1: 69.154% (12481/18048)
Loss: 0.876 | Precision@1: 69.196% (12577/18176)
Loss: 0.876 | Precision@1: 69.171% (12661/18304)
Loss: 0.876 | Precision@1: 69.184% (12752/18432)
Loss: 0.876 | Precision@1: 69.159% (12836/18560)
Loss: 0.876 | Precision@1: 69.194% (12931/18688)
Loss: 0.875 | Precision@1: 69.207% (13022/18816)
Loss: 0.874 | Precision@1: 69.220% (13113/18944)
Loss: 0.874 | Precision@1: 69.211% (13200/19072)
Loss: 0.874 | Precision@1: 69.219% (13290/19200)
Loss: 0.873 | Precision@1: 69.278% (13390/19328)
Loss: 0.874 | Precision@1: 69.228% (13469/19456)
Loss: 0.875 | Precision@1: 69.210% (13554/19584)
Loss: 0.874 | Precision@1: 69.212% (13643/19712)
Loss: 0.874 | Precision@1: 69.224% (13734/19840)
Loss: 0.874 | Precision@1: 69.206% (13819/19968)
Loss: 0.875 | Precision@1: 69.143% (13895/20096)
Loss: 0.875 | Precision@1: 69.141% (13983/20224)
Loss: 0.875 | Precision@1: 69.173% (14078/20352)
Loss: 0.874 | Precision@1: 69.238% (14180/20480)
Loss: 0.873 | Precision@1: 69.264% (14274/20608)
Loss: 0.874 | Precision@1: 69.261% (14362/20736)
Loss: 0.874 | Precision@1: 69.287% (14456/20864)
Loss: 0.874 | Precision@1: 69.274% (14542/20992)
Loss: 0.873 | Precision@1: 69.304% (14637/21120)
Loss: 0.872 | Precision@1: 69.352% (14736/21248)
Loss: 0.872 | Precision@1: 69.297% (14813/21376)
Loss: 0.872 | Precision@1: 69.313% (14905/21504)
Loss: 0.871 | Precision@1: 69.360% (15004/21632)
Loss: 0.871 | Precision@1: 69.357% (15092/21760)
Loss: 0.871 | Precision@1: 69.371% (15184/21888)
Loss: 0.871 | Precision@1: 69.363% (15271/22016)
Loss: 0.871 | Precision@1: 69.351% (15357/22144)
Loss: 0.871 | Precision@1: 69.352% (15446/22272)
Loss: 0.870 | Precision@1: 69.353% (15535/22400)
Loss: 0.869 | Precision@1: 69.398% (15634/22528)
Loss: 0.868 | Precision@1: 69.434% (15731/22656)
Loss: 0.867 | Precision@1: 69.522% (15840/22784)
Loss: 0.867 | Precision@1: 69.501% (15924/22912)
Loss: 0.866 | Precision@1: 69.527% (16019/23040)
Loss: 0.866 | Precision@1: 69.557% (16115/23168)
Loss: 0.866 | Precision@1: 69.583% (16210/23296)
Loss: 0.866 | Precision@1: 69.570% (16296/23424)
Loss: 0.865 | Precision@1: 69.561% (16383/23552)
Loss: 0.865 | Precision@1: 69.590% (16479/23680)
Loss: 0.863 | Precision@1: 69.619% (16575/23808)
Loss: 0.864 | Precision@1: 69.611% (16662/23936)
Loss: 0.863 | Precision@1: 69.656% (16762/24064)
Loss: 0.862 | Precision@1: 69.684% (16858/24192)
Loss: 0.861 | Precision@1: 69.712% (16954/24320)
Loss: 0.860 | Precision@1: 69.740% (17050/24448)
Loss: 0.860 | Precision@1: 69.731% (17137/24576)
Loss: 0.860 | Precision@1: 69.717% (17223/24704)
Loss: 0.859 | Precision@1: 69.733% (17316/24832)
Loss: 0.859 | Precision@1: 69.736% (17406/24960)
Loss: 0.859 | Precision@1: 69.731% (17494/25088)
Loss: 0.860 | Precision@1: 69.694% (17574/25216)
Loss: 0.859 | Precision@1: 69.725% (17671/25344)
Loss: 0.858 | Precision@1: 69.747% (17766/25472)
Loss: 0.859 | Precision@1: 69.691% (17841/25600)
Loss: 0.859 | Precision@1: 69.679% (17927/25728)
Loss: 0.859 | Precision@1: 69.686% (18018/25856)
Loss: 0.858 | Precision@1: 69.708% (18113/25984)
Loss: 0.858 | Precision@1: 69.723% (18206/26112)
Loss: 0.858 | Precision@1: 69.707% (18291/26240)
Loss: 0.857 | Precision@1: 69.732% (18387/26368)
Loss: 0.857 | Precision@1: 69.750% (18481/26496)
Loss: 0.857 | Precision@1: 69.779% (18578/26624)
Loss: 0.857 | Precision@1: 69.763% (18663/26752)
Loss: 0.856 | Precision@1: 69.807% (18764/26880)
Loss: 0.855 | Precision@1: 69.805% (18853/27008)
Loss: 0.855 | Precision@1: 69.819% (18946/27136)
Loss: 0.854 | Precision@1: 69.839% (19041/27264)
Loss: 0.854 | Precision@1: 69.820% (19125/27392)
Loss: 0.854 | Precision@1: 69.818% (19214/27520)
Loss: 0.854 | Precision@1: 69.828% (19306/27648)
Loss: 0.854 | Precision@1: 69.826% (19395/27776)
Loss: 0.854 | Precision@1: 69.814% (19481/27904)
Loss: 0.854 | Precision@1: 69.824% (19573/28032)
Loss: 0.854 | Precision@1: 69.812% (19659/28160)
Loss: 0.854 | Precision@1: 69.811% (19748/28288)
Loss: 0.854 | Precision@1: 69.816% (19839/28416)
Loss: 0.853 | Precision@1: 69.847% (19937/28544)
Loss: 0.853 | Precision@1: 69.863% (20031/28672)
Loss: 0.853 | Precision@1: 69.861% (20120/28800)
Loss: 0.853 | Precision@1: 69.829% (20200/28928)
Loss: 0.853 | Precision@1: 69.844% (20294/29056)
Loss: 0.853 | Precision@1: 69.840% (20382/29184)
Loss: 0.853 | Precision@1: 69.825% (20467/29312)
Loss: 0.853 | Precision@1: 69.840% (20561/29440)
Loss: 0.853 | Precision@1: 69.846% (20652/29568)
Loss: 0.852 | Precision@1: 69.858% (20745/29696)
Loss: 0.853 | Precision@1: 69.853% (20833/29824)
Loss: 0.852 | Precision@1: 69.872% (20928/29952)
Loss: 0.852 | Precision@1: 69.887% (21022/30080)
Loss: 0.852 | Precision@1: 69.902% (21116/30208)
Loss: 0.851 | Precision@1: 69.930% (21214/30336)
Loss: 0.851 | Precision@1: 69.948% (21309/30464)
Loss: 0.851 | Precision@1: 69.973% (21406/30592)
Loss: 0.851 | Precision@1: 69.984% (21499/30720)
Loss: 0.851 | Precision@1: 69.985% (21589/30848)
Loss: 0.850 | Precision@1: 70.012% (21687/30976)
Loss: 0.850 | Precision@1: 70.036% (21784/31104)
Loss: 0.850 | Precision@1: 70.028% (21871/31232)
Loss: 0.851 | Precision@1: 70.019% (21958/31360)
Loss: 0.850 | Precision@1: 70.036% (22053/31488)
Loss: 0.850 | Precision@1: 70.037% (22143/31616)
Loss: 0.850 | Precision@1: 70.038% (22233/31744)
Loss: 0.850 | Precision@1: 70.052% (22327/31872)
Loss: 0.849 | Precision@1: 70.059% (22419/32000)
Loss: 0.849 | Precision@1: 70.051% (22506/32128)
Loss: 0.849 | Precision@1: 70.061% (22599/32256)
Loss: 0.849 | Precision@1: 70.084% (22696/32384)
Loss: 0.848 | Precision@1: 70.113% (22795/32512)
Loss: 0.847 | Precision@1: 70.126% (22889/32640)
Loss: 0.847 | Precision@1: 70.132% (22981/32768)
Loss: 0.847 | Precision@1: 70.127% (23069/32896)
Loss: 0.847 | Precision@1: 70.143% (23164/33024)
Loss: 0.847 | Precision@1: 70.141% (23253/33152)
Loss: 0.847 | Precision@1: 70.144% (23344/33280)
Loss: 0.847 | Precision@1: 70.160% (23439/33408)
Loss: 0.846 | Precision@1: 70.178% (23535/33536)
Loss: 0.846 | Precision@1: 70.197% (23631/33664)
Loss: 0.846 | Precision@1: 70.206% (23724/33792)
Loss: 0.845 | Precision@1: 70.215% (23817/33920)
Loss: 0.845 | Precision@1: 70.216% (23907/34048)
Loss: 0.845 | Precision@1: 70.213% (23996/34176)
Loss: 0.845 | Precision@1: 70.205% (24083/34304)
Loss: 0.845 | Precision@1: 70.191% (24168/34432)
Loss: 0.844 | Precision@1: 70.191% (24258/34560)
Loss: 0.845 | Precision@1: 70.183% (24345/34688)
Loss: 0.844 | Precision@1: 70.206% (24443/34816)
Loss: 0.844 | Precision@1: 70.195% (24529/34944)
Loss: 0.844 | Precision@1: 70.196% (24619/35072)
Loss: 0.844 | Precision@1: 70.196% (24709/35200)
Loss: 0.844 | Precision@1: 70.216% (24806/35328)
Loss: 0.843 | Precision@1: 70.219% (24897/35456)
Loss: 0.843 | Precision@1: 70.231% (24991/35584)
Loss: 0.842 | Precision@1: 70.256% (25090/35712)
Loss: 0.842 | Precision@1: 70.268% (25184/35840)
Loss: 0.841 | Precision@1: 70.293% (25283/35968)
Loss: 0.840 | Precision@1: 70.329% (25386/36096)
Loss: 0.840 | Precision@1: 70.370% (25491/36224)
Loss: 0.840 | Precision@1: 70.343% (25571/36352)
Loss: 0.840 | Precision@1: 70.340% (25660/36480)
Loss: 0.840 | Precision@1: 70.337% (25749/36608)
Loss: 0.840 | Precision@1: 70.356% (25846/36736)
Loss: 0.839 | Precision@1: 70.383% (25946/36864)
Loss: 0.839 | Precision@1: 70.396% (26041/36992)
Loss: 0.839 | Precision@1: 70.401% (26133/37120)
Loss: 0.839 | Precision@1: 70.377% (26214/37248)
Loss: 0.839 | Precision@1: 70.387% (26308/37376)
Loss: 0.839 | Precision@1: 70.411% (26407/37504)
Loss: 0.839 | Precision@1: 70.427% (26503/37632)
Loss: 0.838 | Precision@1: 70.458% (26605/37760)
Loss: 0.838 | Precision@1: 70.444% (26690/37888)
Loss: 0.838 | Precision@1: 70.436% (26777/38016)
Loss: 0.838 | Precision@1: 70.454% (26874/38144)
Loss: 0.838 | Precision@1: 70.464% (26968/38272)
Loss: 0.838 | Precision@1: 70.458% (27056/38400)
Loss: 0.838 | Precision@1: 70.455% (27145/38528)
Loss: 0.838 | Precision@1: 70.431% (27226/38656)
Loss: 0.837 | Precision@1: 70.457% (27326/38784)
Loss: 0.837 | Precision@1: 70.462% (27418/38912)
Loss: 0.837 | Precision@1: 70.474% (27513/39040)
Loss: 0.836 | Precision@1: 70.509% (27617/39168)
Loss: 0.837 | Precision@1: 70.498% (27703/39296)
Loss: 0.837 | Precision@1: 70.493% (27791/39424)
Loss: 0.837 | Precision@1: 70.512% (27889/39552)
Loss: 0.837 | Precision@1: 70.509% (27978/39680)
Loss: 0.837 | Precision@1: 70.513% (28070/39808)
Loss: 0.836 | Precision@1: 70.523% (28164/39936)
Loss: 0.836 | Precision@1: 70.535% (28259/40064)
Loss: 0.836 | Precision@1: 70.546% (28354/40192)
Loss: 0.836 | Precision@1: 70.553% (28447/40320)
Loss: 0.835 | Precision@1: 70.570% (28544/40448)
Loss: 0.835 | Precision@1: 70.574% (28636/40576)
Loss: 0.835 | Precision@1: 70.593% (28734/40704)
Loss: 0.834 | Precision@1: 70.599% (28827/40832)
Loss: 0.834 | Precision@1: 70.605% (28920/40960)
Loss: 0.834 | Precision@1: 70.600% (29008/41088)
Loss: 0.833 | Precision@1: 70.625% (29109/41216)
Loss: 0.833 | Precision@1: 70.629% (29201/41344)
Loss: 0.832 | Precision@1: 70.655% (29302/41472)
Loss: 0.832 | Precision@1: 70.668% (29398/41600)
Loss: 0.831 | Precision@1: 70.703% (29503/41728)
Loss: 0.831 | Precision@1: 70.707% (29595/41856)
Loss: 0.832 | Precision@1: 70.696% (29681/41984)
Loss: 0.832 | Precision@1: 70.683% (29766/42112)
Loss: 0.831 | Precision@1: 70.689% (29859/42240)
Loss: 0.831 | Precision@1: 70.678% (29945/42368)
Loss: 0.831 | Precision@1: 70.694% (30042/42496)
Loss: 0.831 | Precision@1: 70.707% (30138/42624)
Loss: 0.830 | Precision@1: 70.727% (30237/42752)
Loss: 0.830 | Precision@1: 70.732% (30330/42880)
Loss: 0.829 | Precision@1: 70.754% (30430/43008)
Loss: 0.829 | Precision@1: 70.769% (30527/43136)
Loss: 0.830 | Precision@1: 70.763% (30615/43264)
Loss: 0.830 | Precision@1: 70.767% (30707/43392)
Loss: 0.829 | Precision@1: 70.770% (30799/43520)
Loss: 0.829 | Precision@1: 70.775% (30892/43648)
Loss: 0.829 | Precision@1: 70.783% (30986/43776)
Loss: 0.829 | Precision@1: 70.770% (31071/43904)
Loss: 0.829 | Precision@1: 70.776% (31164/44032)
Loss: 0.829 | Precision@1: 70.786% (31259/44160)
Loss: 0.829 | Precision@1: 70.802% (31357/44288)
Loss: 0.829 | Precision@1: 70.790% (31442/44416)
Loss: 0.829 | Precision@1: 70.802% (31538/44544)
Loss: 0.829 | Precision@1: 70.809% (31632/44672)
Loss: 0.829 | Precision@1: 70.804% (31720/44800)
Loss: 0.829 | Precision@1: 70.827% (31821/44928)
Loss: 0.829 | Precision@1: 70.827% (31912/45056)
Loss: 0.828 | Precision@1: 70.841% (32009/45184)
Loss: 0.828 | Precision@1: 70.847% (32102/45312)
Loss: 0.828 | Precision@1: 70.854% (32196/45440)
Loss: 0.828 | Precision@1: 70.846% (32283/45568)
Loss: 0.828 | Precision@1: 70.868% (32384/45696)
Loss: 0.828 | Precision@1: 70.867% (32474/45824)
Loss: 0.827 | Precision@1: 70.874% (32568/45952)
Loss: 0.827 | Precision@1: 70.875% (32659/46080)
Loss: 0.827 | Precision@1: 70.892% (32758/46208)
Loss: 0.826 | Precision@1: 70.897% (32851/46336)
Loss: 0.826 | Precision@1: 70.907% (32946/46464)
Loss: 0.826 | Precision@1: 70.924% (33045/46592)
Loss: 0.826 | Precision@1: 70.933% (33140/46720)
Loss: 0.826 | Precision@1: 70.940% (33234/46848)
Loss: 0.826 | Precision@1: 70.940% (33325/46976)
Loss: 0.825 | Precision@1: 70.954% (33422/47104)
Loss: 0.826 | Precision@1: 70.939% (33506/47232)
Loss: 0.826 | Precision@1: 70.923% (33589/47360)
Loss: 0.826 | Precision@1: 70.923% (33680/47488)
Loss: 0.826 | Precision@1: 70.924% (33771/47616)
Loss: 0.825 | Precision@1: 70.935% (33867/47744)
Loss: 0.825 | Precision@1: 70.933% (33957/47872)
Loss: 0.825 | Precision@1: 70.935% (34049/48000)
Loss: 0.825 | Precision@1: 70.942% (34143/48128)
Loss: 0.824 | Precision@1: 70.955% (34240/48256)
Loss: 0.824 | Precision@1: 70.959% (34333/48384)
Loss: 0.823 | Precision@1: 70.970% (34429/48512)
Loss: 0.823 | Precision@1: 70.977% (34523/48640)
Loss: 0.823 | Precision@1: 70.997% (34624/48768)
Loss: 0.822 | Precision@1: 71.018% (34725/48896)
Loss: 0.822 | Precision@1: 71.010% (34812/49024)
Loss: 0.822 | Precision@1: 71.031% (34913/49152)
Loss: 0.822 | Precision@1: 71.035% (35006/49280)
Loss: 0.821 | Precision@1: 71.057% (35108/49408)
Loss: 0.821 | Precision@1: 71.059% (35200/49536)
Loss: 0.821 | Precision@1: 71.068% (35295/49664)
Loss: 0.821 | Precision@1: 71.084% (35394/49792)
Loss: 0.821 | Precision@1: 71.092% (35489/49920)
Loss: 0.821 | Precision@1: 71.100% (35550/50000)

Aggregates: 			
 	 DataLoader Time: 0.3576 			
 	 Mini-batch Time: 12.5464 			
 	 Training Epoch Time: 29.7197
 			
 Averages: 			
 	 Training Loss: 0.8207

 Test set Averages: Loss: 1.038 | Precision@1: 67.040% (6704/10000)
Average dataloader time is 0.36
