model name	: Intel(R) Xeon(R) CPU E5-2630 v2 @ 2.60GHz
Sun Oct 27 17:29:59 2019       
+-----------------------------------------------------------------------------+
| NVIDIA-SMI 418.67       Driver Version: 418.67       CUDA Version: 10.1     |
|-------------------------------+----------------------+----------------------+
| GPU  Name        Persistence-M| Bus-Id        Disp.A | Volatile Uncorr. ECC |
| Fan  Temp  Perf  Pwr:Usage/Cap|         Memory-Usage | GPU-Util  Compute M. |
|===============================+======================+======================|
|   0  Tesla K40c          On   | 00000000:02:00.0 Off |                    0 |
| 23%   34C    P0    62W / 235W |    425MiB / 11441MiB |      6%      Default |
+-------------------------------+----------------------+----------------------+
                                                                               
+-----------------------------------------------------------------------------+
| Processes:                                                       GPU Memory |
|  GPU       PID   Type   Process name                             Usage      |
|=============================================================================|
|    0      3109      C   python3                                      414MiB |
+-----------------------------------------------------------------------------+
Files already downloaded and verified
Files already downloaded and verified

Epoch: 0
Loss: 2.422 | Precision@1: 12.500% (16/128)
Loss: 4.351 | Precision@1: 11.328% (29/256)
Loss: 4.089 | Precision@1: 11.458% (44/384)
Loss: 4.028 | Precision@1: 11.523% (59/512)
Loss: 3.798 | Precision@1: 11.875% (76/640)
Loss: 3.561 | Precision@1: 12.760% (98/768)
Loss: 3.369 | Precision@1: 14.062% (126/896)
Loss: 3.275 | Precision@1: 14.355% (147/1024)
Loss: 3.152 | Precision@1: 14.670% (169/1152)
Loss: 3.058 | Precision@1: 15.547% (199/1280)
Loss: 2.996 | Precision@1: 16.051% (226/1408)
Loss: 2.933 | Precision@1: 16.406% (252/1536)
Loss: 2.901 | Precision@1: 16.466% (274/1664)
Loss: 2.854 | Precision@1: 16.685% (299/1792)
Loss: 2.813 | Precision@1: 16.667% (320/1920)
Loss: 2.780 | Precision@1: 16.406% (336/2048)
Loss: 2.750 | Precision@1: 16.452% (358/2176)
Loss: 2.721 | Precision@1: 16.276% (375/2304)
Loss: 2.697 | Precision@1: 16.612% (404/2432)
Loss: 2.675 | Precision@1: 16.797% (430/2560)
Loss: 2.652 | Precision@1: 16.853% (453/2688)
Loss: 2.625 | Precision@1: 17.081% (481/2816)
Loss: 2.606 | Precision@1: 17.154% (505/2944)
Loss: 2.581 | Precision@1: 17.383% (534/3072)
Loss: 2.561 | Precision@1: 17.688% (566/3200)
Loss: 2.546 | Precision@1: 17.668% (588/3328)
Loss: 2.531 | Precision@1: 17.650% (610/3456)
Loss: 2.514 | Precision@1: 17.606% (631/3584)
Loss: 2.494 | Precision@1: 17.888% (664/3712)
Loss: 2.488 | Precision@1: 17.917% (688/3840)
Loss: 2.471 | Precision@1: 18.196% (722/3968)
Loss: 2.456 | Precision@1: 18.359% (752/4096)
Loss: 2.441 | Precision@1: 18.466% (780/4224)
Loss: 2.427 | Precision@1: 18.750% (816/4352)
Loss: 2.417 | Precision@1: 18.906% (847/4480)
Loss: 2.407 | Precision@1: 19.119% (881/4608)
Loss: 2.395 | Precision@1: 19.109% (905/4736)
Loss: 2.382 | Precision@1: 19.305% (939/4864)
Loss: 2.371 | Precision@1: 19.311% (964/4992)
Loss: 2.364 | Precision@1: 19.180% (982/5120)
Loss: 2.354 | Precision@1: 19.207% (1008/5248)
Loss: 2.343 | Precision@1: 19.401% (1043/5376)
Loss: 2.329 | Precision@1: 19.731% (1086/5504)
Loss: 2.324 | Precision@1: 19.709% (1110/5632)
Loss: 2.318 | Precision@1: 19.861% (1144/5760)
Loss: 2.313 | Precision@1: 19.990% (1177/5888)
Loss: 2.310 | Precision@1: 20.063% (1207/6016)
Loss: 2.304 | Precision@1: 20.150% (1238/6144)
Loss: 2.298 | Precision@1: 20.137% (1263/6272)
Loss: 2.289 | Precision@1: 20.391% (1305/6400)
Loss: 2.282 | Precision@1: 20.527% (1340/6528)
Loss: 2.276 | Precision@1: 20.553% (1368/6656)
Loss: 2.269 | Precision@1: 20.696% (1404/6784)
Loss: 2.261 | Precision@1: 20.964% (1449/6912)
Loss: 2.253 | Precision@1: 21.165% (1490/7040)
Loss: 2.247 | Precision@1: 21.359% (1531/7168)
Loss: 2.239 | Precision@1: 21.532% (1571/7296)
Loss: 2.233 | Precision@1: 21.700% (1611/7424)
Loss: 2.229 | Precision@1: 21.743% (1642/7552)
Loss: 2.224 | Precision@1: 21.875% (1680/7680)
Loss: 2.218 | Precision@1: 22.029% (1720/7808)
Loss: 2.213 | Precision@1: 22.064% (1751/7936)
Loss: 2.209 | Precision@1: 22.135% (1785/8064)
Loss: 2.203 | Precision@1: 22.339% (1830/8192)
Loss: 2.197 | Precision@1: 22.476% (1870/8320)
Loss: 2.192 | Precision@1: 22.609% (1910/8448)
Loss: 2.188 | Precision@1: 22.680% (1945/8576)
Loss: 2.183 | Precision@1: 22.794% (1984/8704)
Loss: 2.180 | Precision@1: 22.860% (2019/8832)
Loss: 2.178 | Precision@1: 22.913% (2053/8960)
Loss: 2.174 | Precision@1: 22.986% (2089/9088)
Loss: 2.169 | Precision@1: 23.069% (2126/9216)
Loss: 2.165 | Precision@1: 23.223% (2170/9344)
Loss: 2.160 | Precision@1: 23.395% (2216/9472)
Loss: 2.159 | Precision@1: 23.323% (2239/9600)
Loss: 2.155 | Precision@1: 23.366% (2273/9728)
Loss: 2.151 | Precision@1: 23.417% (2308/9856)
Loss: 2.148 | Precision@1: 23.478% (2344/9984)
Loss: 2.146 | Precision@1: 23.457% (2372/10112)
Loss: 2.143 | Precision@1: 23.555% (2412/10240)
Loss: 2.140 | Precision@1: 23.679% (2455/10368)
Loss: 2.135 | Precision@1: 23.809% (2499/10496)
Loss: 2.131 | Precision@1: 23.899% (2539/10624)
Loss: 2.129 | Precision@1: 24.014% (2582/10752)
Loss: 2.126 | Precision@1: 24.053% (2617/10880)
Loss: 2.122 | Precision@1: 24.092% (2652/11008)
Loss: 2.119 | Precision@1: 24.120% (2686/11136)
Loss: 2.115 | Precision@1: 24.192% (2725/11264)
Loss: 2.113 | Precision@1: 24.228% (2760/11392)
Loss: 2.109 | Precision@1: 24.262% (2795/11520)
Loss: 2.106 | Precision@1: 24.330% (2834/11648)
Loss: 2.103 | Precision@1: 24.372% (2870/11776)
Loss: 2.099 | Precision@1: 24.479% (2914/11904)
Loss: 2.097 | Precision@1: 24.418% (2938/12032)
Loss: 2.094 | Precision@1: 24.474% (2976/12160)
Loss: 2.090 | Precision@1: 24.626% (3026/12288)
Loss: 2.087 | Precision@1: 24.726% (3070/12416)
Loss: 2.084 | Precision@1: 24.833% (3115/12544)
Loss: 2.082 | Precision@1: 24.866% (3151/12672)
Loss: 2.079 | Precision@1: 24.953% (3194/12800)
Loss: 2.076 | Precision@1: 25.070% (3241/12928)
Loss: 2.073 | Precision@1: 25.276% (3300/13056)
Loss: 2.071 | Precision@1: 25.349% (3342/13184)
Loss: 2.069 | Precision@1: 25.346% (3374/13312)
Loss: 2.066 | Precision@1: 25.387% (3412/13440)
Loss: 2.064 | Precision@1: 25.531% (3464/13568)
Loss: 2.062 | Precision@1: 25.577% (3503/13696)
Loss: 2.061 | Precision@1: 25.629% (3543/13824)
Loss: 2.058 | Precision@1: 25.645% (3578/13952)
Loss: 2.056 | Precision@1: 25.682% (3616/14080)
Loss: 2.054 | Precision@1: 25.718% (3654/14208)
Loss: 2.051 | Precision@1: 25.746% (3691/14336)
Loss: 2.049 | Precision@1: 25.774% (3728/14464)
Loss: 2.046 | Precision@1: 25.870% (3775/14592)
Loss: 2.043 | Precision@1: 25.958% (3821/14720)
Loss: 2.039 | Precision@1: 26.105% (3876/14848)
Loss: 2.037 | Precision@1: 26.155% (3917/14976)
Loss: 2.035 | Precision@1: 26.192% (3956/15104)
Loss: 2.033 | Precision@1: 26.234% (3996/15232)
Loss: 2.031 | Precision@1: 26.276% (4036/15360)
Loss: 2.029 | Precision@1: 26.375% (4085/15488)
Loss: 2.028 | Precision@1: 26.428% (4127/15616)
Loss: 2.026 | Precision@1: 26.442% (4163/15744)
Loss: 2.024 | Precision@1: 26.474% (4202/15872)
Loss: 2.022 | Precision@1: 26.556% (4249/16000)
Loss: 2.020 | Precision@1: 26.612% (4292/16128)
Loss: 2.017 | Precision@1: 26.686% (4338/16256)
Loss: 2.014 | Precision@1: 26.727% (4379/16384)
Loss: 2.012 | Precision@1: 26.787% (4423/16512)
Loss: 2.011 | Precision@1: 26.815% (4462/16640)
Loss: 2.010 | Precision@1: 26.849% (4502/16768)
Loss: 2.007 | Precision@1: 26.947% (4553/16896)
Loss: 2.004 | Precision@1: 27.044% (4604/17024)
Loss: 2.001 | Precision@1: 27.128% (4653/17152)
Loss: 2.000 | Precision@1: 27.170% (4695/17280)
Loss: 1.997 | Precision@1: 27.269% (4747/17408)
Loss: 1.995 | Precision@1: 27.367% (4799/17536)
Loss: 1.994 | Precision@1: 27.378% (4836/17664)
Loss: 1.992 | Precision@1: 27.400% (4875/17792)
Loss: 1.990 | Precision@1: 27.427% (4915/17920)
Loss: 1.987 | Precision@1: 27.538% (4970/18048)
Loss: 1.985 | Precision@1: 27.630% (5022/18176)
Loss: 1.984 | Precision@1: 27.622% (5056/18304)
Loss: 1.981 | Precision@1: 27.702% (5106/18432)
Loss: 1.980 | Precision@1: 27.726% (5146/18560)
Loss: 1.978 | Precision@1: 27.783% (5192/18688)
Loss: 1.976 | Precision@1: 27.849% (5240/18816)
Loss: 1.974 | Precision@1: 27.914% (5288/18944)
Loss: 1.972 | Precision@1: 27.968% (5334/19072)
Loss: 1.970 | Precision@1: 28.057% (5387/19200)
Loss: 1.968 | Precision@1: 28.146% (5440/19328)
Loss: 1.965 | Precision@1: 28.238% (5494/19456)
Loss: 1.965 | Precision@1: 28.283% (5539/19584)
Loss: 1.963 | Precision@1: 28.348% (5588/19712)
Loss: 1.961 | Precision@1: 28.443% (5643/19840)
Loss: 1.959 | Precision@1: 28.516% (5694/19968)
Loss: 1.957 | Precision@1: 28.588% (5745/20096)
Loss: 1.954 | Precision@1: 28.689% (5802/20224)
Loss: 1.952 | Precision@1: 28.764% (5854/20352)
Loss: 1.951 | Precision@1: 28.804% (5899/20480)
Loss: 1.949 | Precision@1: 28.877% (5951/20608)
Loss: 1.947 | Precision@1: 28.998% (6013/20736)
Loss: 1.946 | Precision@1: 29.007% (6052/20864)
Loss: 1.945 | Precision@1: 29.030% (6094/20992)
Loss: 1.943 | Precision@1: 29.115% (6149/21120)
Loss: 1.941 | Precision@1: 29.156% (6195/21248)
Loss: 1.939 | Precision@1: 29.238% (6250/21376)
Loss: 1.937 | Precision@1: 29.241% (6288/21504)
Loss: 1.936 | Precision@1: 29.308% (6340/21632)
Loss: 1.934 | Precision@1: 29.370% (6391/21760)
Loss: 1.933 | Precision@1: 29.423% (6440/21888)
Loss: 1.931 | Precision@1: 29.474% (6489/22016)
Loss: 1.929 | Precision@1: 29.520% (6537/22144)
Loss: 1.927 | Precision@1: 29.548% (6581/22272)
Loss: 1.926 | Precision@1: 29.598% (6630/22400)
Loss: 1.923 | Precision@1: 29.670% (6684/22528)
Loss: 1.921 | Precision@1: 29.732% (6736/22656)
Loss: 1.920 | Precision@1: 29.745% (6777/22784)
Loss: 1.919 | Precision@1: 29.788% (6825/22912)
Loss: 1.917 | Precision@1: 29.891% (6887/23040)
Loss: 1.915 | Precision@1: 29.959% (6941/23168)
Loss: 1.914 | Precision@1: 29.984% (6985/23296)
Loss: 1.912 | Precision@1: 30.059% (7041/23424)
Loss: 1.910 | Precision@1: 30.104% (7090/23552)
Loss: 1.908 | Precision@1: 30.160% (7142/23680)
Loss: 1.907 | Precision@1: 30.238% (7199/23808)
Loss: 1.906 | Precision@1: 30.302% (7253/23936)
Loss: 1.904 | Precision@1: 30.348% (7303/24064)
Loss: 1.903 | Precision@1: 30.407% (7356/24192)
Loss: 1.901 | Precision@1: 30.456% (7407/24320)
Loss: 1.900 | Precision@1: 30.485% (7453/24448)
Loss: 1.898 | Precision@1: 30.546% (7507/24576)
Loss: 1.897 | Precision@1: 30.602% (7560/24704)
Loss: 1.895 | Precision@1: 30.654% (7612/24832)
Loss: 1.894 | Precision@1: 30.693% (7661/24960)
Loss: 1.892 | Precision@1: 30.764% (7718/25088)
Loss: 1.890 | Precision@1: 30.857% (7781/25216)
Loss: 1.888 | Precision@1: 30.915% (7835/25344)
Loss: 1.886 | Precision@1: 31.003% (7897/25472)
Loss: 1.884 | Precision@1: 31.055% (7950/25600)
Loss: 1.883 | Precision@1: 31.114% (8005/25728)
Loss: 1.882 | Precision@1: 31.126% (8048/25856)
Loss: 1.881 | Precision@1: 31.169% (8099/25984)
Loss: 1.879 | Precision@1: 31.223% (8153/26112)
Loss: 1.878 | Precision@1: 31.261% (8203/26240)
Loss: 1.877 | Precision@1: 31.288% (8250/26368)
Loss: 1.877 | Precision@1: 31.318% (8298/26496)
Loss: 1.875 | Precision@1: 31.378% (8354/26624)
Loss: 1.874 | Precision@1: 31.422% (8406/26752)
Loss: 1.872 | Precision@1: 31.492% (8465/26880)
Loss: 1.871 | Precision@1: 31.543% (8519/27008)
Loss: 1.869 | Precision@1: 31.596% (8574/27136)
Loss: 1.868 | Precision@1: 31.653% (8630/27264)
Loss: 1.866 | Precision@1: 31.721% (8689/27392)
Loss: 1.865 | Precision@1: 31.751% (8738/27520)
Loss: 1.864 | Precision@1: 31.778% (8786/27648)
Loss: 1.863 | Precision@1: 31.830% (8841/27776)
Loss: 1.862 | Precision@1: 31.866% (8892/27904)
Loss: 1.860 | Precision@1: 31.938% (8953/28032)
Loss: 1.859 | Precision@1: 31.946% (8996/28160)
Loss: 1.857 | Precision@1: 31.982% (9047/28288)
Loss: 1.856 | Precision@1: 32.035% (9103/28416)
Loss: 1.854 | Precision@1: 32.080% (9157/28544)
Loss: 1.853 | Precision@1: 32.118% (9209/28672)
Loss: 1.852 | Precision@1: 32.184% (9269/28800)
Loss: 1.851 | Precision@1: 32.214% (9319/28928)
Loss: 1.849 | Precision@1: 32.293% (9383/29056)
Loss: 1.848 | Precision@1: 32.353% (9442/29184)
Loss: 1.846 | Precision@1: 32.403% (9498/29312)
Loss: 1.845 | Precision@1: 32.442% (9551/29440)
Loss: 1.843 | Precision@1: 32.488% (9606/29568)
Loss: 1.842 | Precision@1: 32.523% (9658/29696)
Loss: 1.841 | Precision@1: 32.554% (9709/29824)
Loss: 1.840 | Precision@1: 32.599% (9764/29952)
Loss: 1.839 | Precision@1: 32.626% (9814/30080)
Loss: 1.838 | Precision@1: 32.700% (9878/30208)
Loss: 1.837 | Precision@1: 32.740% (9932/30336)
Loss: 1.835 | Precision@1: 32.763% (9981/30464)
Loss: 1.834 | Precision@1: 32.819% (10040/30592)
Loss: 1.833 | Precision@1: 32.858% (10094/30720)
Loss: 1.832 | Precision@1: 32.874% (10141/30848)
Loss: 1.830 | Precision@1: 32.909% (10194/30976)
Loss: 1.829 | Precision@1: 32.976% (10257/31104)
Loss: 1.827 | Precision@1: 33.046% (10321/31232)
Loss: 1.826 | Precision@1: 33.077% (10373/31360)
Loss: 1.825 | Precision@1: 33.073% (10414/31488)
Loss: 1.824 | Precision@1: 33.145% (10479/31616)
Loss: 1.822 | Precision@1: 33.184% (10534/31744)
Loss: 1.820 | Precision@1: 33.214% (10586/31872)
Loss: 1.818 | Precision@1: 33.306% (10658/32000)
Loss: 1.817 | Precision@1: 33.354% (10716/32128)
Loss: 1.817 | Precision@1: 33.389% (10770/32256)
Loss: 1.816 | Precision@1: 33.402% (10817/32384)
Loss: 1.815 | Precision@1: 33.480% (10885/32512)
Loss: 1.813 | Precision@1: 33.523% (10942/32640)
Loss: 1.813 | Precision@1: 33.517% (10983/32768)
Loss: 1.812 | Precision@1: 33.533% (11031/32896)
Loss: 1.812 | Precision@1: 33.573% (11087/33024)
Loss: 1.811 | Precision@1: 33.606% (11141/33152)
Loss: 1.809 | Precision@1: 33.642% (11196/33280)
Loss: 1.808 | Precision@1: 33.678% (11251/33408)
Loss: 1.807 | Precision@1: 33.710% (11305/33536)
Loss: 1.806 | Precision@1: 33.719% (11351/33664)
Loss: 1.804 | Precision@1: 33.792% (11419/33792)
Loss: 1.804 | Precision@1: 33.821% (11472/33920)
Loss: 1.802 | Precision@1: 33.864% (11530/34048)
Loss: 1.801 | Precision@1: 33.881% (11579/34176)
Loss: 1.799 | Precision@1: 33.935% (11641/34304)
Loss: 1.798 | Precision@1: 33.983% (11701/34432)
Loss: 1.797 | Precision@1: 34.008% (11753/34560)
Loss: 1.796 | Precision@1: 34.038% (11807/34688)
Loss: 1.795 | Precision@1: 34.062% (11859/34816)
Loss: 1.794 | Precision@1: 34.083% (11910/34944)
Loss: 1.793 | Precision@1: 34.130% (11970/35072)
Loss: 1.791 | Precision@1: 34.196% (12037/35200)
Loss: 1.790 | Precision@1: 34.248% (12099/35328)
Loss: 1.788 | Precision@1: 34.299% (12161/35456)
Loss: 1.787 | Precision@1: 34.341% (12220/35584)
Loss: 1.786 | Precision@1: 34.364% (12272/35712)
Loss: 1.785 | Precision@1: 34.381% (12322/35840)
Loss: 1.784 | Precision@1: 34.431% (12384/35968)
Loss: 1.782 | Precision@1: 34.480% (12446/36096)
Loss: 1.781 | Precision@1: 34.541% (12512/36224)
Loss: 1.780 | Precision@1: 34.573% (12568/36352)
Loss: 1.780 | Precision@1: 34.594% (12620/36480)
Loss: 1.779 | Precision@1: 34.610% (12670/36608)
Loss: 1.777 | Precision@1: 34.658% (12732/36736)
Loss: 1.776 | Precision@1: 34.698% (12791/36864)
Loss: 1.775 | Precision@1: 34.732% (12848/36992)
Loss: 1.774 | Precision@1: 34.766% (12905/37120)
Loss: 1.773 | Precision@1: 34.805% (12964/37248)
Loss: 1.772 | Precision@1: 34.849% (13025/37376)
Loss: 1.771 | Precision@1: 34.890% (13085/37504)
Loss: 1.770 | Precision@1: 34.930% (13145/37632)
Loss: 1.769 | Precision@1: 34.966% (13203/37760)
Loss: 1.768 | Precision@1: 34.982% (13254/37888)
Loss: 1.768 | Precision@1: 35.017% (13312/38016)
Loss: 1.767 | Precision@1: 35.041% (13366/38144)
Loss: 1.766 | Precision@1: 35.060% (13418/38272)
Loss: 1.765 | Precision@1: 35.112% (13483/38400)
Loss: 1.764 | Precision@1: 35.135% (13537/38528)
Loss: 1.763 | Precision@1: 35.185% (13601/38656)
Loss: 1.762 | Precision@1: 35.213% (13657/38784)
Loss: 1.762 | Precision@1: 35.223% (13706/38912)
Loss: 1.762 | Precision@1: 35.233% (13755/39040)
Loss: 1.761 | Precision@1: 35.261% (13811/39168)
Loss: 1.760 | Precision@1: 35.283% (13865/39296)
Loss: 1.759 | Precision@1: 35.314% (13922/39424)
Loss: 1.757 | Precision@1: 35.366% (13988/39552)
Loss: 1.756 | Precision@1: 35.403% (14048/39680)
Loss: 1.755 | Precision@1: 35.455% (14114/39808)
Loss: 1.753 | Precision@1: 35.509% (14181/39936)
Loss: 1.752 | Precision@1: 35.546% (14241/40064)
Loss: 1.752 | Precision@1: 35.552% (14289/40192)
Loss: 1.751 | Precision@1: 35.561% (14338/40320)
Loss: 1.749 | Precision@1: 35.616% (14406/40448)
Loss: 1.748 | Precision@1: 35.649% (14465/40576)
Loss: 1.747 | Precision@1: 35.677% (14522/40704)
Loss: 1.746 | Precision@1: 35.702% (14578/40832)
Loss: 1.745 | Precision@1: 35.732% (14636/40960)
Loss: 1.744 | Precision@1: 35.767% (14696/41088)
Loss: 1.743 | Precision@1: 35.799% (14755/41216)
Loss: 1.742 | Precision@1: 35.833% (14815/41344)
Loss: 1.741 | Precision@1: 35.870% (14876/41472)
Loss: 1.741 | Precision@1: 35.892% (14931/41600)
Loss: 1.739 | Precision@1: 35.921% (14989/41728)
Loss: 1.738 | Precision@1: 35.964% (15053/41856)
Loss: 1.737 | Precision@1: 35.999% (15114/41984)
Loss: 1.737 | Precision@1: 36.035% (15175/42112)
Loss: 1.735 | Precision@1: 36.091% (15245/42240)
Loss: 1.735 | Precision@1: 36.098% (15294/42368)
Loss: 1.735 | Precision@1: 36.128% (15353/42496)
Loss: 1.734 | Precision@1: 36.172% (15418/42624)
Loss: 1.732 | Precision@1: 36.214% (15482/42752)
Loss: 1.732 | Precision@1: 36.252% (15545/42880)
Loss: 1.731 | Precision@1: 36.277% (15602/43008)
Loss: 1.730 | Precision@1: 36.315% (15665/43136)
Loss: 1.729 | Precision@1: 36.340% (15722/43264)
Loss: 1.728 | Precision@1: 36.401% (15795/43392)
Loss: 1.726 | Precision@1: 36.418% (15849/43520)
Loss: 1.726 | Precision@1: 36.458% (15913/43648)
Loss: 1.725 | Precision@1: 36.497% (15977/43776)
Loss: 1.724 | Precision@1: 36.525% (16036/43904)
Loss: 1.723 | Precision@1: 36.573% (16104/44032)
Loss: 1.723 | Precision@1: 36.599% (16162/44160)
Loss: 1.722 | Precision@1: 36.640% (16227/44288)
Loss: 1.721 | Precision@1: 36.667% (16286/44416)
Loss: 1.720 | Precision@1: 36.710% (16352/44544)
Loss: 1.719 | Precision@1: 36.746% (16415/44672)
Loss: 1.718 | Precision@1: 36.766% (16471/44800)
Loss: 1.717 | Precision@1: 36.826% (16545/44928)
Loss: 1.717 | Precision@1: 36.850% (16603/45056)
Loss: 1.716 | Precision@1: 36.880% (16664/45184)
Loss: 1.715 | Precision@1: 36.920% (16729/45312)
Loss: 1.714 | Precision@1: 36.967% (16798/45440)
Loss: 1.713 | Precision@1: 37.011% (16865/45568)
Loss: 1.712 | Precision@1: 37.023% (16918/45696)
Loss: 1.711 | Precision@1: 37.031% (16969/45824)
Loss: 1.711 | Precision@1: 37.036% (17019/45952)
Loss: 1.711 | Precision@1: 37.046% (17071/46080)
Loss: 1.710 | Precision@1: 37.095% (17141/46208)
Loss: 1.709 | Precision@1: 37.127% (17203/46336)
Loss: 1.708 | Precision@1: 37.160% (17266/46464)
Loss: 1.707 | Precision@1: 37.210% (17337/46592)
Loss: 1.706 | Precision@1: 37.247% (17402/46720)
Loss: 1.705 | Precision@1: 37.263% (17457/46848)
Loss: 1.704 | Precision@1: 37.302% (17523/46976)
Loss: 1.704 | Precision@1: 37.330% (17584/47104)
Loss: 1.703 | Precision@1: 37.369% (17650/47232)
Loss: 1.702 | Precision@1: 37.388% (17707/47360)
Loss: 1.702 | Precision@1: 37.407% (17764/47488)
Loss: 1.701 | Precision@1: 37.426% (17821/47616)
Loss: 1.700 | Precision@1: 37.450% (17880/47744)
Loss: 1.699 | Precision@1: 37.487% (17946/47872)
Loss: 1.698 | Precision@1: 37.515% (18007/48000)
Loss: 1.698 | Precision@1: 37.548% (18071/48128)
Loss: 1.696 | Precision@1: 37.593% (18141/48256)
Loss: 1.695 | Precision@1: 37.638% (18211/48384)
Loss: 1.695 | Precision@1: 37.667% (18273/48512)
Loss: 1.694 | Precision@1: 37.695% (18335/48640)
Loss: 1.693 | Precision@1: 37.732% (18401/48768)
Loss: 1.693 | Precision@1: 37.747% (18457/48896)
Loss: 1.692 | Precision@1: 37.771% (18517/49024)
Loss: 1.691 | Precision@1: 37.803% (18581/49152)
Loss: 1.690 | Precision@1: 37.845% (18650/49280)
Loss: 1.689 | Precision@1: 37.899% (18725/49408)
Loss: 1.688 | Precision@1: 37.924% (18786/49536)
Loss: 1.687 | Precision@1: 37.947% (18846/49664)
Loss: 1.686 | Precision@1: 37.960% (18901/49792)
Loss: 1.686 | Precision@1: 37.979% (18959/49920)
Loss: 1.685 | Precision@1: 37.990% (18995/50000)

Aggregates: 			
 	 DataLoader Time: 0.6685 			
 	 Mini-batch Time:163.1084 			
 	 Training Epoch Time:163.2620
 			
 Averages: 			
 	 Training Loss: 1.6851

 Test set Averages: Loss: 1.621 | Precision@1: 41.570% (4157/10000)

Epoch: 1
Loss: 1.539 | Precision@1: 41.406% (53/128)
Loss: 1.419 | Precision@1: 48.438% (124/256)
Loss: 1.418 | Precision@1: 49.219% (189/384)
Loss: 1.412 | Precision@1: 48.828% (250/512)
Loss: 1.380 | Precision@1: 50.156% (321/640)
Loss: 1.402 | Precision@1: 49.479% (380/768)
Loss: 1.380 | Precision@1: 49.777% (446/896)
Loss: 1.373 | Precision@1: 49.707% (509/1024)
Loss: 1.379 | Precision@1: 49.740% (573/1152)
Loss: 1.373 | Precision@1: 49.844% (638/1280)
Loss: 1.362 | Precision@1: 50.213% (707/1408)
Loss: 1.369 | Precision@1: 49.870% (766/1536)
Loss: 1.369 | Precision@1: 49.639% (826/1664)
Loss: 1.382 | Precision@1: 48.996% (878/1792)
Loss: 1.382 | Precision@1: 49.115% (943/1920)
Loss: 1.372 | Precision@1: 49.072% (1005/2048)
Loss: 1.367 | Precision@1: 49.311% (1073/2176)
Loss: 1.375 | Precision@1: 48.872% (1126/2304)
Loss: 1.373 | Precision@1: 49.054% (1193/2432)
Loss: 1.373 | Precision@1: 48.984% (1254/2560)
Loss: 1.367 | Precision@1: 49.330% (1326/2688)
Loss: 1.362 | Precision@1: 49.325% (1389/2816)
Loss: 1.357 | Precision@1: 49.660% (1462/2944)
Loss: 1.355 | Precision@1: 49.805% (1530/3072)
Loss: 1.355 | Precision@1: 49.969% (1599/3200)
Loss: 1.355 | Precision@1: 50.120% (1668/3328)
Loss: 1.349 | Precision@1: 50.231% (1736/3456)
Loss: 1.348 | Precision@1: 50.279% (1802/3584)
Loss: 1.351 | Precision@1: 50.323% (1868/3712)
Loss: 1.350 | Precision@1: 50.365% (1934/3840)
Loss: 1.354 | Precision@1: 50.302% (1996/3968)
Loss: 1.354 | Precision@1: 50.220% (2057/4096)
Loss: 1.355 | Precision@1: 50.166% (2119/4224)
Loss: 1.359 | Precision@1: 50.023% (2177/4352)
Loss: 1.357 | Precision@1: 50.089% (2244/4480)
Loss: 1.358 | Precision@1: 49.978% (2303/4608)
Loss: 1.358 | Precision@1: 49.810% (2359/4736)
Loss: 1.358 | Precision@1: 49.897% (2427/4864)
Loss: 1.364 | Precision@1: 49.700% (2481/4992)
Loss: 1.361 | Precision@1: 49.766% (2548/5120)
Loss: 1.364 | Precision@1: 49.714% (2609/5248)
Loss: 1.365 | Precision@1: 49.591% (2666/5376)
Loss: 1.368 | Precision@1: 49.491% (2724/5504)
Loss: 1.363 | Precision@1: 49.680% (2798/5632)
Loss: 1.362 | Precision@1: 49.670% (2861/5760)
Loss: 1.362 | Precision@1: 49.813% (2933/5888)
Loss: 1.359 | Precision@1: 50.000% (3008/6016)
Loss: 1.357 | Precision@1: 50.228% (3086/6144)
Loss: 1.353 | Precision@1: 50.351% (3158/6272)
Loss: 1.350 | Precision@1: 50.375% (3224/6400)
Loss: 1.345 | Precision@1: 50.720% (3311/6528)
Loss: 1.344 | Precision@1: 50.781% (3380/6656)
Loss: 1.345 | Precision@1: 50.767% (3444/6784)
Loss: 1.344 | Precision@1: 50.868% (3516/6912)
Loss: 1.344 | Precision@1: 50.895% (3583/7040)
Loss: 1.346 | Precision@1: 50.823% (3643/7168)
Loss: 1.344 | Precision@1: 50.946% (3717/7296)
Loss: 1.341 | Precision@1: 50.997% (3786/7424)
Loss: 1.338 | Precision@1: 51.152% (3863/7552)
Loss: 1.336 | Precision@1: 51.250% (3936/7680)
Loss: 1.338 | Precision@1: 51.242% (4001/7808)
Loss: 1.335 | Precision@1: 51.373% (4077/7936)
Loss: 1.336 | Precision@1: 51.364% (4142/8064)
Loss: 1.336 | Precision@1: 51.306% (4203/8192)
Loss: 1.336 | Precision@1: 51.250% (4264/8320)
Loss: 1.335 | Precision@1: 51.172% (4323/8448)
Loss: 1.334 | Precision@1: 51.131% (4385/8576)
Loss: 1.334 | Precision@1: 51.068% (4445/8704)
Loss: 1.334 | Precision@1: 51.132% (4516/8832)
Loss: 1.332 | Precision@1: 51.116% (4580/8960)
Loss: 1.333 | Precision@1: 51.078% (4642/9088)
Loss: 1.330 | Precision@1: 51.248% (4723/9216)
Loss: 1.332 | Precision@1: 51.220% (4786/9344)
Loss: 1.331 | Precision@1: 51.309% (4860/9472)
Loss: 1.331 | Precision@1: 51.271% (4922/9600)
Loss: 1.331 | Precision@1: 51.244% (4985/9728)
Loss: 1.332 | Precision@1: 51.319% (5058/9856)
Loss: 1.331 | Precision@1: 51.372% (5129/9984)
Loss: 1.330 | Precision@1: 51.444% (5202/10112)
Loss: 1.329 | Precision@1: 51.553% (5279/10240)
Loss: 1.330 | Precision@1: 51.524% (5342/10368)
Loss: 1.331 | Precision@1: 51.543% (5410/10496)
Loss: 1.330 | Precision@1: 51.581% (5480/10624)
Loss: 1.329 | Precision@1: 51.572% (5545/10752)
Loss: 1.328 | Precision@1: 51.645% (5619/10880)
Loss: 1.327 | Precision@1: 51.672% (5688/11008)
Loss: 1.326 | Precision@1: 51.760% (5764/11136)
Loss: 1.326 | Precision@1: 51.758% (5830/11264)
Loss: 1.327 | Precision@1: 51.703% (5890/11392)
Loss: 1.325 | Precision@1: 51.719% (5958/11520)
Loss: 1.325 | Precision@1: 51.751% (6028/11648)
Loss: 1.325 | Precision@1: 51.783% (6098/11776)
Loss: 1.324 | Precision@1: 51.781% (6164/11904)
Loss: 1.321 | Precision@1: 51.845% (6238/12032)
Loss: 1.319 | Precision@1: 51.949% (6317/12160)
Loss: 1.319 | Precision@1: 51.945% (6383/12288)
Loss: 1.322 | Precision@1: 51.917% (6446/12416)
Loss: 1.321 | Precision@1: 51.921% (6513/12544)
Loss: 1.321 | Precision@1: 51.910% (6578/12672)
Loss: 1.322 | Precision@1: 51.867% (6639/12800)
Loss: 1.321 | Precision@1: 51.942% (6715/12928)
Loss: 1.321 | Precision@1: 51.945% (6782/13056)
Loss: 1.322 | Precision@1: 51.919% (6845/13184)
Loss: 1.323 | Precision@1: 51.855% (6903/13312)
Loss: 1.322 | Precision@1: 51.890% (6974/13440)
Loss: 1.322 | Precision@1: 51.872% (7038/13568)
Loss: 1.321 | Precision@1: 51.898% (7108/13696)
Loss: 1.320 | Precision@1: 51.910% (7176/13824)
Loss: 1.320 | Precision@1: 51.871% (7237/13952)
Loss: 1.319 | Precision@1: 51.982% (7319/14080)
Loss: 1.319 | Precision@1: 51.992% (7387/14208)
Loss: 1.320 | Precision@1: 51.946% (7447/14336)
Loss: 1.321 | Precision@1: 51.929% (7511/14464)
Loss: 1.321 | Precision@1: 51.898% (7573/14592)
Loss: 1.321 | Precision@1: 51.875% (7636/14720)
Loss: 1.320 | Precision@1: 51.893% (7705/14848)
Loss: 1.319 | Precision@1: 51.883% (7770/14976)
Loss: 1.318 | Precision@1: 51.927% (7843/15104)
Loss: 1.317 | Precision@1: 51.976% (7917/15232)
Loss: 1.317 | Precision@1: 51.973% (7983/15360)
Loss: 1.317 | Precision@1: 51.969% (8049/15488)
Loss: 1.317 | Precision@1: 51.947% (8112/15616)
Loss: 1.315 | Precision@1: 51.988% (8185/15744)
Loss: 1.314 | Precision@1: 52.029% (8258/15872)
Loss: 1.313 | Precision@1: 52.062% (8330/16000)
Loss: 1.313 | Precision@1: 52.077% (8399/16128)
Loss: 1.313 | Precision@1: 52.085% (8467/16256)
Loss: 1.313 | Precision@1: 52.063% (8530/16384)
Loss: 1.312 | Precision@1: 52.108% (8604/16512)
Loss: 1.311 | Precision@1: 52.169% (8681/16640)
Loss: 1.313 | Precision@1: 52.135% (8742/16768)
Loss: 1.312 | Precision@1: 52.202% (8820/16896)
Loss: 1.312 | Precision@1: 52.203% (8887/17024)
Loss: 1.311 | Precision@1: 52.204% (8954/17152)
Loss: 1.310 | Precision@1: 52.263% (9031/17280)
Loss: 1.310 | Precision@1: 52.321% (9108/17408)
Loss: 1.309 | Precision@1: 52.315% (9174/17536)
Loss: 1.310 | Precision@1: 52.264% (9232/17664)
Loss: 1.311 | Precision@1: 52.220% (9291/17792)
Loss: 1.310 | Precision@1: 52.254% (9364/17920)
Loss: 1.310 | Precision@1: 52.277% (9435/18048)
Loss: 1.309 | Precision@1: 52.327% (9511/18176)
Loss: 1.308 | Precision@1: 52.344% (9581/18304)
Loss: 1.308 | Precision@1: 52.300% (9640/18432)
Loss: 1.307 | Precision@1: 52.365% (9719/18560)
Loss: 1.305 | Precision@1: 52.413% (9795/18688)
Loss: 1.305 | Precision@1: 52.445% (9868/18816)
Loss: 1.305 | Precision@1: 52.439% (9934/18944)
Loss: 1.305 | Precision@1: 52.407% (9995/19072)
Loss: 1.304 | Precision@1: 52.422% (10065/19200)
Loss: 1.303 | Precision@1: 52.452% (10138/19328)
Loss: 1.302 | Precision@1: 52.483% (10211/19456)
Loss: 1.302 | Precision@1: 52.507% (10283/19584)
Loss: 1.301 | Precision@1: 52.542% (10357/19712)
Loss: 1.302 | Precision@1: 52.485% (10413/19840)
Loss: 1.301 | Precision@1: 52.524% (10488/19968)
Loss: 1.301 | Precision@1: 52.528% (10556/20096)
Loss: 1.300 | Precision@1: 52.512% (10620/20224)
Loss: 1.299 | Precision@1: 52.540% (10693/20352)
Loss: 1.298 | Precision@1: 52.578% (10768/20480)
Loss: 1.299 | Precision@1: 52.509% (10821/20608)
Loss: 1.299 | Precision@1: 52.532% (10893/20736)
Loss: 1.299 | Precision@1: 52.545% (10963/20864)
Loss: 1.298 | Precision@1: 52.539% (11029/20992)
Loss: 1.299 | Precision@1: 52.519% (11092/21120)
Loss: 1.298 | Precision@1: 52.546% (11165/21248)
Loss: 1.297 | Precision@1: 52.559% (11235/21376)
Loss: 1.297 | Precision@1: 52.567% (11304/21504)
Loss: 1.297 | Precision@1: 52.547% (11367/21632)
Loss: 1.298 | Precision@1: 52.546% (11434/21760)
Loss: 1.297 | Precision@1: 52.590% (11511/21888)
Loss: 1.296 | Precision@1: 52.653% (11592/22016)
Loss: 1.294 | Precision@1: 52.728% (11676/22144)
Loss: 1.294 | Precision@1: 52.734% (11745/22272)
Loss: 1.294 | Precision@1: 52.799% (11827/22400)
Loss: 1.293 | Precision@1: 52.854% (11907/22528)
Loss: 1.293 | Precision@1: 52.820% (11967/22656)
Loss: 1.292 | Precision@1: 52.827% (12036/22784)
Loss: 1.292 | Precision@1: 52.811% (12100/22912)
Loss: 1.292 | Precision@1: 52.834% (12173/23040)
Loss: 1.291 | Precision@1: 52.844% (12243/23168)
Loss: 1.290 | Precision@1: 52.897% (12323/23296)
Loss: 1.290 | Precision@1: 52.877% (12386/23424)
Loss: 1.290 | Precision@1: 52.887% (12456/23552)
Loss: 1.290 | Precision@1: 52.893% (12525/23680)
Loss: 1.289 | Precision@1: 52.928% (12601/23808)
Loss: 1.289 | Precision@1: 52.916% (12666/23936)
Loss: 1.288 | Precision@1: 52.934% (12738/24064)
Loss: 1.288 | Precision@1: 52.947% (12809/24192)
Loss: 1.289 | Precision@1: 52.919% (12870/24320)
Loss: 1.288 | Precision@1: 52.937% (12942/24448)
Loss: 1.288 | Precision@1: 52.926% (13007/24576)
Loss: 1.287 | Precision@1: 52.951% (13081/24704)
Loss: 1.285 | Precision@1: 53.028% (13168/24832)
Loss: 1.284 | Precision@1: 53.069% (13246/24960)
Loss: 1.283 | Precision@1: 53.093% (13320/25088)
Loss: 1.282 | Precision@1: 53.105% (13391/25216)
Loss: 1.282 | Precision@1: 53.117% (13462/25344)
Loss: 1.281 | Precision@1: 53.164% (13542/25472)
Loss: 1.281 | Precision@1: 53.191% (13617/25600)
Loss: 1.280 | Precision@1: 53.226% (13694/25728)
Loss: 1.280 | Precision@1: 53.206% (13757/25856)
Loss: 1.280 | Precision@1: 53.210% (13826/25984)
Loss: 1.279 | Precision@1: 53.251% (13905/26112)
Loss: 1.278 | Precision@1: 53.289% (13983/26240)
Loss: 1.279 | Precision@1: 53.280% (14049/26368)
Loss: 1.278 | Precision@1: 53.302% (14123/26496)
Loss: 1.277 | Precision@1: 53.343% (14202/26624)
Loss: 1.277 | Precision@1: 53.349% (14272/26752)
Loss: 1.276 | Precision@1: 53.348% (14340/26880)
Loss: 1.276 | Precision@1: 53.347% (14408/27008)
Loss: 1.276 | Precision@1: 53.365% (14481/27136)
Loss: 1.275 | Precision@1: 53.382% (14554/27264)
Loss: 1.275 | Precision@1: 53.402% (14628/27392)
Loss: 1.275 | Precision@1: 53.387% (14692/27520)
Loss: 1.274 | Precision@1: 53.411% (14767/27648)
Loss: 1.273 | Precision@1: 53.460% (14849/27776)
Loss: 1.272 | Precision@1: 53.476% (14922/27904)
Loss: 1.271 | Precision@1: 53.517% (15002/28032)
Loss: 1.271 | Precision@1: 53.540% (15077/28160)
Loss: 1.271 | Precision@1: 53.539% (15145/28288)
Loss: 1.271 | Precision@1: 53.554% (15218/28416)
Loss: 1.270 | Precision@1: 53.584% (15295/28544)
Loss: 1.270 | Precision@1: 53.589% (15365/28672)
Loss: 1.269 | Precision@1: 53.632% (15446/28800)
Loss: 1.268 | Precision@1: 53.678% (15528/28928)
Loss: 1.268 | Precision@1: 53.679% (15597/29056)
Loss: 1.267 | Precision@1: 53.704% (15673/29184)
Loss: 1.266 | Precision@1: 53.725% (15748/29312)
Loss: 1.266 | Precision@1: 53.736% (15820/29440)
Loss: 1.266 | Precision@1: 53.751% (15893/29568)
Loss: 1.266 | Precision@1: 53.728% (15955/29696)
Loss: 1.265 | Precision@1: 53.759% (16033/29824)
Loss: 1.264 | Precision@1: 53.779% (16108/29952)
Loss: 1.264 | Precision@1: 53.780% (16177/30080)
Loss: 1.263 | Precision@1: 53.767% (16242/30208)
Loss: 1.263 | Precision@1: 53.794% (16319/30336)
Loss: 1.262 | Precision@1: 53.837% (16401/30464)
Loss: 1.262 | Precision@1: 53.857% (16476/30592)
Loss: 1.261 | Precision@1: 53.903% (16559/30720)
Loss: 1.261 | Precision@1: 53.932% (16637/30848)
Loss: 1.260 | Precision@1: 53.964% (16716/30976)
Loss: 1.259 | Precision@1: 53.987% (16792/31104)
Loss: 1.259 | Precision@1: 54.018% (16871/31232)
Loss: 1.258 | Precision@1: 54.005% (16936/31360)
Loss: 1.258 | Precision@1: 54.027% (17012/31488)
Loss: 1.257 | Precision@1: 54.036% (17084/31616)
Loss: 1.257 | Precision@1: 54.051% (17158/31744)
Loss: 1.257 | Precision@1: 54.035% (17222/31872)
Loss: 1.257 | Precision@1: 54.050% (17296/32000)
Loss: 1.256 | Precision@1: 54.056% (17367/32128)
Loss: 1.256 | Precision@1: 54.071% (17441/32256)
Loss: 1.255 | Precision@1: 54.085% (17515/32384)
Loss: 1.255 | Precision@1: 54.122% (17596/32512)
Loss: 1.254 | Precision@1: 54.130% (17668/32640)
Loss: 1.254 | Precision@1: 54.150% (17744/32768)
Loss: 1.253 | Precision@1: 54.177% (17822/32896)
Loss: 1.252 | Precision@1: 54.224% (17907/33024)
Loss: 1.252 | Precision@1: 54.211% (17972/33152)
Loss: 1.252 | Precision@1: 54.219% (18044/33280)
Loss: 1.252 | Precision@1: 54.209% (18110/33408)
Loss: 1.251 | Precision@1: 54.213% (18181/33536)
Loss: 1.251 | Precision@1: 54.233% (18257/33664)
Loss: 1.250 | Precision@1: 54.261% (18336/33792)
Loss: 1.249 | Precision@1: 54.307% (18421/33920)
Loss: 1.249 | Precision@1: 54.341% (18502/34048)
Loss: 1.248 | Precision@1: 54.380% (18585/34176)
Loss: 1.247 | Precision@1: 54.402% (18662/34304)
Loss: 1.246 | Precision@1: 54.423% (18739/34432)
Loss: 1.246 | Precision@1: 54.421% (18808/34560)
Loss: 1.246 | Precision@1: 54.451% (18888/34688)
Loss: 1.245 | Precision@1: 54.484% (18969/34816)
Loss: 1.244 | Precision@1: 54.513% (19049/34944)
Loss: 1.244 | Precision@1: 54.545% (19130/35072)
Loss: 1.243 | Precision@1: 54.580% (19212/35200)
Loss: 1.243 | Precision@1: 54.600% (19289/35328)
Loss: 1.242 | Precision@1: 54.614% (19364/35456)
Loss: 1.242 | Precision@1: 54.631% (19440/35584)
Loss: 1.241 | Precision@1: 54.637% (19512/35712)
Loss: 1.241 | Precision@1: 54.662% (19591/35840)
Loss: 1.240 | Precision@1: 54.682% (19668/35968)
Loss: 1.240 | Precision@1: 54.671% (19734/36096)
Loss: 1.240 | Precision@1: 54.685% (19809/36224)
Loss: 1.239 | Precision@1: 54.712% (19889/36352)
Loss: 1.238 | Precision@1: 54.734% (19967/36480)
Loss: 1.238 | Precision@1: 54.734% (20037/36608)
Loss: 1.237 | Precision@1: 54.742% (20110/36736)
Loss: 1.237 | Precision@1: 54.763% (20188/36864)
Loss: 1.237 | Precision@1: 54.801% (20272/36992)
Loss: 1.237 | Precision@1: 54.803% (20343/37120)
Loss: 1.237 | Precision@1: 54.800% (20412/37248)
Loss: 1.237 | Precision@1: 54.832% (20494/37376)
Loss: 1.236 | Precision@1: 54.879% (20582/37504)
Loss: 1.235 | Precision@1: 54.921% (20668/37632)
Loss: 1.234 | Precision@1: 54.947% (20748/37760)
Loss: 1.233 | Precision@1: 54.999% (20838/37888)
Loss: 1.232 | Precision@1: 55.043% (20925/38016)
Loss: 1.231 | Precision@1: 55.068% (21005/38144)
Loss: 1.231 | Precision@1: 55.085% (21082/38272)
Loss: 1.230 | Precision@1: 55.112% (21163/38400)
Loss: 1.230 | Precision@1: 55.121% (21237/38528)
Loss: 1.230 | Precision@1: 55.135% (21313/38656)
Loss: 1.230 | Precision@1: 55.121% (21378/38784)
Loss: 1.230 | Precision@1: 55.140% (21456/38912)
Loss: 1.230 | Precision@1: 55.138% (21526/39040)
Loss: 1.229 | Precision@1: 55.162% (21606/39168)
Loss: 1.229 | Precision@1: 55.196% (21690/39296)
Loss: 1.229 | Precision@1: 55.205% (21764/39424)
Loss: 1.228 | Precision@1: 55.231% (21845/39552)
Loss: 1.228 | Precision@1: 55.277% (21934/39680)
Loss: 1.227 | Precision@1: 55.303% (22015/39808)
Loss: 1.226 | Precision@1: 55.339% (22100/39936)
Loss: 1.226 | Precision@1: 55.346% (22174/40064)
Loss: 1.225 | Precision@1: 55.367% (22253/40192)
Loss: 1.225 | Precision@1: 55.387% (22332/40320)
Loss: 1.225 | Precision@1: 55.402% (22409/40448)
Loss: 1.224 | Precision@1: 55.412% (22484/40576)
Loss: 1.224 | Precision@1: 55.427% (22561/40704)
Loss: 1.223 | Precision@1: 55.427% (22632/40832)
Loss: 1.223 | Precision@1: 55.442% (22709/40960)
Loss: 1.223 | Precision@1: 55.432% (22776/41088)
Loss: 1.223 | Precision@1: 55.432% (22847/41216)
Loss: 1.223 | Precision@1: 55.425% (22915/41344)
Loss: 1.223 | Precision@1: 55.423% (22985/41472)
Loss: 1.223 | Precision@1: 55.421% (23055/41600)
Loss: 1.222 | Precision@1: 55.438% (23133/41728)
Loss: 1.222 | Precision@1: 55.469% (23217/41856)
Loss: 1.222 | Precision@1: 55.459% (23284/41984)
Loss: 1.222 | Precision@1: 55.471% (23360/42112)
Loss: 1.221 | Precision@1: 55.478% (23434/42240)
Loss: 1.221 | Precision@1: 55.485% (23508/42368)
Loss: 1.221 | Precision@1: 55.504% (23587/42496)
Loss: 1.220 | Precision@1: 55.537% (23672/42624)
Loss: 1.219 | Precision@1: 55.560% (23753/42752)
Loss: 1.218 | Precision@1: 55.585% (23835/42880)
Loss: 1.218 | Precision@1: 55.599% (23912/43008)
Loss: 1.218 | Precision@1: 55.596% (23982/43136)
Loss: 1.218 | Precision@1: 55.594% (24052/43264)
Loss: 1.217 | Precision@1: 55.598% (24125/43392)
Loss: 1.217 | Precision@1: 55.620% (24206/43520)
Loss: 1.216 | Precision@1: 55.657% (24293/43648)
Loss: 1.216 | Precision@1: 55.683% (24376/43776)
Loss: 1.215 | Precision@1: 55.708% (24458/43904)
Loss: 1.214 | Precision@1: 55.757% (24551/44032)
Loss: 1.213 | Precision@1: 55.784% (24634/44160)
Loss: 1.213 | Precision@1: 55.796% (24711/44288)
Loss: 1.212 | Precision@1: 55.829% (24797/44416)
Loss: 1.212 | Precision@1: 55.826% (24867/44544)
Loss: 1.212 | Precision@1: 55.822% (24937/44672)
Loss: 1.212 | Precision@1: 55.821% (25008/44800)
Loss: 1.211 | Precision@1: 55.845% (25090/44928)
Loss: 1.211 | Precision@1: 55.859% (25168/45056)
Loss: 1.211 | Precision@1: 55.878% (25248/45184)
Loss: 1.210 | Precision@1: 55.892% (25326/45312)
Loss: 1.210 | Precision@1: 55.904% (25403/45440)
Loss: 1.209 | Precision@1: 55.914% (25479/45568)
Loss: 1.209 | Precision@1: 55.937% (25561/45696)
Loss: 1.209 | Precision@1: 55.931% (25630/45824)
Loss: 1.209 | Precision@1: 55.919% (25696/45952)
Loss: 1.209 | Precision@1: 55.940% (25777/46080)
Loss: 1.208 | Precision@1: 55.964% (25860/46208)
Loss: 1.207 | Precision@1: 56.008% (25952/46336)
Loss: 1.207 | Precision@1: 56.022% (26030/46464)
Loss: 1.207 | Precision@1: 56.038% (26109/46592)
Loss: 1.206 | Precision@1: 56.074% (26198/46720)
Loss: 1.206 | Precision@1: 56.088% (26276/46848)
Loss: 1.205 | Precision@1: 56.099% (26353/46976)
Loss: 1.205 | Precision@1: 56.118% (26434/47104)
Loss: 1.204 | Precision@1: 56.119% (26506/47232)
Loss: 1.204 | Precision@1: 56.128% (26582/47360)
Loss: 1.203 | Precision@1: 56.143% (26661/47488)
Loss: 1.203 | Precision@1: 56.147% (26735/47616)
Loss: 1.203 | Precision@1: 56.147% (26807/47744)
Loss: 1.203 | Precision@1: 56.160% (26885/47872)
Loss: 1.203 | Precision@1: 56.175% (26964/48000)
Loss: 1.203 | Precision@1: 56.177% (27037/48128)
Loss: 1.202 | Precision@1: 56.202% (27121/48256)
Loss: 1.202 | Precision@1: 56.219% (27201/48384)
Loss: 1.201 | Precision@1: 56.225% (27276/48512)
Loss: 1.201 | Precision@1: 56.236% (27353/48640)
Loss: 1.200 | Precision@1: 56.262% (27438/48768)
Loss: 1.200 | Precision@1: 56.295% (27526/48896)
Loss: 1.200 | Precision@1: 56.295% (27598/49024)
Loss: 1.199 | Precision@1: 56.309% (27677/49152)
Loss: 1.199 | Precision@1: 56.317% (27753/49280)
Loss: 1.199 | Precision@1: 56.329% (27831/49408)
Loss: 1.199 | Precision@1: 56.331% (27904/49536)
Loss: 1.198 | Precision@1: 56.355% (27988/49664)
Loss: 1.198 | Precision@1: 56.379% (28072/49792)
Loss: 1.198 | Precision@1: 56.378% (28144/49920)
Loss: 1.197 | Precision@1: 56.386% (28193/50000)

Aggregates: 			
 	 DataLoader Time: 0.6447 			
 	 Mini-batch Time:163.1756 			
 	 Training Epoch Time:163.3249
 			
 Averages: 			
 	 Training Loss: 1.1974

 Test set Averages: Loss: 1.109 | Precision@1: 60.460% (6046/10000)

Epoch: 2
