model name	: Intel(R) Xeon(R) CPU E5-2620 0 @ 2.00GHz
Sun Oct 27 17:30:00 2019       
+-----------------------------------------------------------------------------+
| NVIDIA-SMI 418.67       Driver Version: 418.67       CUDA Version: 10.1     |
|-------------------------------+----------------------+----------------------+
| GPU  Name        Persistence-M| Bus-Id        Disp.A | Volatile Uncorr. ECC |
| Fan  Temp  Perf  Pwr:Usage/Cap|         Memory-Usage | GPU-Util  Compute M. |
|===============================+======================+======================|
|   0  Tesla K20Xm         On   | 00000000:02:00.0 Off |                  Off |
| N/A   25C    P0    58W / 235W |    377MiB /  6083MiB |      5%      Default |
+-------------------------------+----------------------+----------------------+
                                                                               
+-----------------------------------------------------------------------------+
| Processes:                                                       GPU Memory |
|  GPU       PID   Type   Process name                             Usage      |
|=============================================================================|
|    0      7576      C   python3                                      366MiB |
+-----------------------------------------------------------------------------+
Files already downloaded and verified
Files already downloaded and verified

Epoch: 0
Loss: 2.446 | Precision@1: 14.844% (19/128)
Loss: 2.943 | Precision@1: 12.500% (32/256)
Loss: 3.568 | Precision@1: 11.979% (46/384)
Loss: 3.593 | Precision@1: 13.086% (67/512)
Loss: 3.715 | Precision@1: 13.125% (84/640)
Loss: 3.807 | Precision@1: 12.370% (95/768)
Loss: 3.765 | Precision@1: 12.388% (111/896)
Loss: 3.716 | Precision@1: 12.695% (130/1024)
Loss: 3.598 | Precision@1: 13.715% (158/1152)
Loss: 3.506 | Precision@1: 13.984% (179/1280)
Loss: 3.534 | Precision@1: 14.489% (204/1408)
Loss: 3.479 | Precision@1: 13.932% (214/1536)
Loss: 3.422 | Precision@1: 14.243% (237/1664)
Loss: 3.366 | Precision@1: 14.062% (252/1792)
Loss: 3.318 | Precision@1: 14.271% (274/1920)
Loss: 3.287 | Precision@1: 14.795% (303/2048)
Loss: 3.227 | Precision@1: 15.211% (331/2176)
Loss: 3.241 | Precision@1: 15.278% (352/2304)
Loss: 3.211 | Precision@1: 15.214% (370/2432)
Loss: 3.176 | Precision@1: 15.391% (394/2560)
Loss: 3.168 | Precision@1: 15.737% (423/2688)
Loss: 3.129 | Precision@1: 15.838% (446/2816)
Loss: 3.118 | Precision@1: 16.101% (474/2944)
Loss: 3.102 | Precision@1: 16.081% (494/3072)
Loss: 3.072 | Precision@1: 16.062% (514/3200)
Loss: 3.075 | Precision@1: 16.166% (538/3328)
Loss: 3.045 | Precision@1: 16.262% (562/3456)
Loss: 3.031 | Precision@1: 16.267% (583/3584)
Loss: 3.006 | Precision@1: 16.352% (607/3712)
Loss: 2.976 | Precision@1: 16.641% (639/3840)
Loss: 2.958 | Precision@1: 16.633% (660/3968)
Loss: 2.937 | Precision@1: 16.675% (683/4096)
Loss: 2.916 | Precision@1: 16.690% (705/4224)
Loss: 2.896 | Precision@1: 16.544% (720/4352)
Loss: 2.872 | Precision@1: 16.696% (748/4480)
Loss: 2.856 | Precision@1: 16.623% (766/4608)
Loss: 2.838 | Precision@1: 16.617% (787/4736)
Loss: 2.822 | Precision@1: 16.550% (805/4864)
Loss: 2.808 | Precision@1: 16.526% (825/4992)
Loss: 2.794 | Precision@1: 16.660% (853/5120)
Loss: 2.780 | Precision@1: 16.864% (885/5248)
Loss: 2.765 | Precision@1: 16.908% (909/5376)
Loss: 2.747 | Precision@1: 17.006% (936/5504)
Loss: 2.735 | Precision@1: 17.116% (964/5632)
Loss: 2.719 | Precision@1: 17.274% (995/5760)
Loss: 2.703 | Precision@1: 17.323% (1020/5888)
Loss: 2.688 | Precision@1: 17.337% (1043/6016)
Loss: 2.678 | Precision@1: 17.448% (1072/6144)
Loss: 2.664 | Precision@1: 17.538% (1100/6272)
Loss: 2.658 | Precision@1: 17.641% (1129/6400)
Loss: 2.649 | Precision@1: 17.693% (1155/6528)
Loss: 2.637 | Precision@1: 17.758% (1182/6656)
Loss: 2.626 | Precision@1: 17.895% (1214/6784)
Loss: 2.621 | Precision@1: 17.795% (1230/6912)
Loss: 2.612 | Precision@1: 17.926% (1262/7040)
Loss: 2.604 | Precision@1: 17.871% (1281/7168)
Loss: 2.595 | Precision@1: 17.873% (1304/7296)
Loss: 2.585 | Precision@1: 18.077% (1342/7424)
Loss: 2.579 | Precision@1: 18.101% (1367/7552)
Loss: 2.571 | Precision@1: 18.099% (1390/7680)
Loss: 2.564 | Precision@1: 18.058% (1410/7808)
Loss: 2.555 | Precision@1: 18.196% (1444/7936)
Loss: 2.548 | Precision@1: 18.217% (1469/8064)
Loss: 2.540 | Precision@1: 18.323% (1501/8192)
Loss: 2.531 | Precision@1: 18.401% (1531/8320)
Loss: 2.523 | Precision@1: 18.549% (1567/8448)
Loss: 2.517 | Precision@1: 18.517% (1588/8576)
Loss: 2.509 | Precision@1: 18.543% (1614/8704)
Loss: 2.503 | Precision@1: 18.614% (1644/8832)
Loss: 2.496 | Precision@1: 18.605% (1667/8960)
Loss: 2.488 | Precision@1: 18.706% (1700/9088)
Loss: 2.481 | Precision@1: 18.783% (1731/9216)
Loss: 2.475 | Precision@1: 18.846% (1761/9344)
Loss: 2.470 | Precision@1: 18.877% (1788/9472)
Loss: 2.466 | Precision@1: 18.865% (1811/9600)
Loss: 2.463 | Precision@1: 18.873% (1836/9728)
Loss: 2.456 | Precision@1: 18.912% (1864/9856)
Loss: 2.450 | Precision@1: 18.910% (1888/9984)
Loss: 2.444 | Precision@1: 18.918% (1913/10112)
Loss: 2.440 | Precision@1: 18.906% (1936/10240)
Loss: 2.434 | Precision@1: 18.904% (1960/10368)
Loss: 2.429 | Precision@1: 18.960% (1990/10496)
Loss: 2.424 | Precision@1: 19.004% (2019/10624)
Loss: 2.419 | Precision@1: 19.076% (2051/10752)
Loss: 2.415 | Precision@1: 19.182% (2087/10880)
Loss: 2.412 | Precision@1: 19.231% (2117/11008)
Loss: 2.405 | Precision@1: 19.388% (2159/11136)
Loss: 2.400 | Precision@1: 19.469% (2193/11264)
Loss: 2.395 | Precision@1: 19.487% (2220/11392)
Loss: 2.391 | Precision@1: 19.523% (2249/11520)
Loss: 2.386 | Precision@1: 19.557% (2278/11648)
Loss: 2.382 | Precision@1: 19.557% (2303/11776)
Loss: 2.378 | Precision@1: 19.489% (2320/11904)
Loss: 2.375 | Precision@1: 19.523% (2349/12032)
Loss: 2.371 | Precision@1: 19.531% (2375/12160)
Loss: 2.366 | Precision@1: 19.580% (2406/12288)
Loss: 2.362 | Precision@1: 19.668% (2442/12416)
Loss: 2.356 | Precision@1: 19.834% (2488/12544)
Loss: 2.353 | Precision@1: 19.902% (2522/12672)
Loss: 2.349 | Precision@1: 19.961% (2555/12800)
Loss: 2.345 | Precision@1: 20.003% (2586/12928)
Loss: 2.341 | Precision@1: 20.075% (2621/13056)
Loss: 2.336 | Precision@1: 20.214% (2665/13184)
Loss: 2.332 | Precision@1: 20.305% (2703/13312)
Loss: 2.328 | Precision@1: 20.350% (2735/13440)
Loss: 2.323 | Precision@1: 20.511% (2783/13568)
Loss: 2.319 | Precision@1: 20.583% (2819/13696)
Loss: 2.315 | Precision@1: 20.681% (2859/13824)
Loss: 2.310 | Precision@1: 20.771% (2898/13952)
Loss: 2.308 | Precision@1: 20.810% (2930/14080)
Loss: 2.305 | Precision@1: 20.833% (2960/14208)
Loss: 2.302 | Precision@1: 20.829% (2986/14336)
Loss: 2.298 | Precision@1: 20.942% (3029/14464)
Loss: 2.294 | Precision@1: 21.012% (3066/14592)
Loss: 2.290 | Precision@1: 21.067% (3101/14720)
Loss: 2.286 | Precision@1: 21.094% (3132/14848)
Loss: 2.283 | Precision@1: 21.127% (3164/14976)
Loss: 2.279 | Precision@1: 21.226% (3206/15104)
Loss: 2.276 | Precision@1: 21.271% (3240/15232)
Loss: 2.272 | Precision@1: 21.406% (3288/15360)
Loss: 2.269 | Precision@1: 21.481% (3327/15488)
Loss: 2.266 | Precision@1: 21.510% (3359/15616)
Loss: 2.263 | Precision@1: 21.545% (3392/15744)
Loss: 2.261 | Precision@1: 21.604% (3429/15872)
Loss: 2.257 | Precision@1: 21.700% (3472/16000)
Loss: 2.254 | Precision@1: 21.726% (3504/16128)
Loss: 2.251 | Precision@1: 21.801% (3544/16256)
Loss: 2.248 | Precision@1: 21.918% (3591/16384)
Loss: 2.245 | Precision@1: 21.978% (3629/16512)
Loss: 2.242 | Precision@1: 22.043% (3668/16640)
Loss: 2.238 | Precision@1: 22.120% (3709/16768)
Loss: 2.235 | Precision@1: 22.171% (3746/16896)
Loss: 2.233 | Precision@1: 22.239% (3786/17024)
Loss: 2.230 | Precision@1: 22.353% (3834/17152)
Loss: 2.226 | Precision@1: 22.459% (3881/17280)
Loss: 2.224 | Precision@1: 22.518% (3920/17408)
Loss: 2.222 | Precision@1: 22.536% (3952/17536)
Loss: 2.220 | Precision@1: 22.583% (3989/17664)
Loss: 2.217 | Precision@1: 22.628% (4026/17792)
Loss: 2.214 | Precision@1: 22.645% (4058/17920)
Loss: 2.212 | Precision@1: 22.695% (4096/18048)
Loss: 2.209 | Precision@1: 22.733% (4132/18176)
Loss: 2.206 | Precision@1: 22.837% (4180/18304)
Loss: 2.203 | Precision@1: 22.922% (4225/18432)
Loss: 2.200 | Precision@1: 22.942% (4258/18560)
Loss: 2.198 | Precision@1: 22.988% (4296/18688)
Loss: 2.195 | Precision@1: 23.050% (4337/18816)
Loss: 2.193 | Precision@1: 23.084% (4373/18944)
Loss: 2.190 | Precision@1: 23.160% (4417/19072)
Loss: 2.187 | Precision@1: 23.245% (4463/19200)
Loss: 2.185 | Precision@1: 23.256% (4495/19328)
Loss: 2.183 | Precision@1: 23.283% (4530/19456)
Loss: 2.181 | Precision@1: 23.320% (4567/19584)
Loss: 2.179 | Precision@1: 23.397% (4612/19712)
Loss: 2.176 | Precision@1: 23.468% (4656/19840)
Loss: 2.173 | Precision@1: 23.578% (4708/19968)
Loss: 2.170 | Precision@1: 23.666% (4756/20096)
Loss: 2.169 | Precision@1: 23.685% (4790/20224)
Loss: 2.166 | Precision@1: 23.722% (4828/20352)
Loss: 2.165 | Precision@1: 23.784% (4871/20480)
Loss: 2.162 | Precision@1: 23.831% (4911/20608)
Loss: 2.160 | Precision@1: 23.876% (4951/20736)
Loss: 2.158 | Precision@1: 23.941% (4995/20864)
Loss: 2.156 | Precision@1: 23.962% (5030/20992)
Loss: 2.154 | Precision@1: 23.977% (5064/21120)
Loss: 2.151 | Precision@1: 24.012% (5102/21248)
Loss: 2.149 | Precision@1: 24.055% (5142/21376)
Loss: 2.147 | Precision@1: 24.112% (5185/21504)
Loss: 2.145 | Precision@1: 24.149% (5224/21632)
Loss: 2.143 | Precision@1: 24.223% (5271/21760)
Loss: 2.140 | Precision@1: 24.287% (5316/21888)
Loss: 2.139 | Precision@1: 24.282% (5346/22016)
Loss: 2.137 | Precision@1: 24.273% (5375/22144)
Loss: 2.135 | Precision@1: 24.340% (5421/22272)
Loss: 2.133 | Precision@1: 24.375% (5460/22400)
Loss: 2.130 | Precision@1: 24.410% (5499/22528)
Loss: 2.128 | Precision@1: 24.466% (5543/22656)
Loss: 2.126 | Precision@1: 24.469% (5575/22784)
Loss: 2.125 | Precision@1: 24.524% (5619/22912)
Loss: 2.122 | Precision@1: 24.601% (5668/23040)
Loss: 2.120 | Precision@1: 24.663% (5714/23168)
Loss: 2.118 | Precision@1: 24.734% (5762/23296)
Loss: 2.115 | Precision@1: 24.808% (5811/23424)
Loss: 2.113 | Precision@1: 24.885% (5861/23552)
Loss: 2.110 | Precision@1: 24.945% (5907/23680)
Loss: 2.109 | Precision@1: 25.000% (5952/23808)
Loss: 2.107 | Precision@1: 25.050% (5996/23936)
Loss: 2.106 | Precision@1: 25.104% (6041/24064)
Loss: 2.103 | Precision@1: 25.165% (6088/24192)
Loss: 2.102 | Precision@1: 25.206% (6130/24320)
Loss: 2.100 | Precision@1: 25.241% (6171/24448)
Loss: 2.098 | Precision@1: 25.277% (6212/24576)
Loss: 2.096 | Precision@1: 25.360% (6265/24704)
Loss: 2.094 | Precision@1: 25.407% (6309/24832)
Loss: 2.093 | Precision@1: 25.425% (6346/24960)
Loss: 2.092 | Precision@1: 25.419% (6377/25088)
Loss: 2.090 | Precision@1: 25.488% (6427/25216)
Loss: 2.088 | Precision@1: 25.525% (6469/25344)
Loss: 2.087 | Precision@1: 25.581% (6516/25472)
Loss: 2.084 | Precision@1: 25.660% (6569/25600)
Loss: 2.082 | Precision@1: 25.723% (6618/25728)
Loss: 2.082 | Precision@1: 25.727% (6652/25856)
Loss: 2.081 | Precision@1: 25.731% (6686/25984)
Loss: 2.079 | Precision@1: 25.781% (6732/26112)
Loss: 2.078 | Precision@1: 25.838% (6780/26240)
Loss: 2.076 | Precision@1: 25.899% (6829/26368)
Loss: 2.074 | Precision@1: 25.947% (6875/26496)
Loss: 2.072 | Precision@1: 25.977% (6916/26624)
Loss: 2.071 | Precision@1: 26.020% (6961/26752)
Loss: 2.070 | Precision@1: 26.031% (6997/26880)
Loss: 2.068 | Precision@1: 26.059% (7038/27008)
Loss: 2.067 | Precision@1: 26.091% (7080/27136)
Loss: 2.066 | Precision@1: 26.137% (7126/27264)
Loss: 2.064 | Precision@1: 26.139% (7160/27392)
Loss: 2.062 | Precision@1: 26.206% (7212/27520)
Loss: 2.060 | Precision@1: 26.255% (7259/27648)
Loss: 2.059 | Precision@1: 26.310% (7308/27776)
Loss: 2.057 | Precision@1: 26.344% (7351/27904)
Loss: 2.055 | Precision@1: 26.359% (7389/28032)
Loss: 2.053 | Precision@1: 26.410% (7437/28160)
Loss: 2.053 | Precision@1: 26.407% (7470/28288)
Loss: 2.052 | Precision@1: 26.418% (7507/28416)
Loss: 2.051 | Precision@1: 26.492% (7562/28544)
Loss: 2.049 | Precision@1: 26.514% (7602/28672)
Loss: 2.048 | Precision@1: 26.545% (7645/28800)
Loss: 2.047 | Precision@1: 26.587% (7691/28928)
Loss: 2.045 | Precision@1: 26.600% (7729/29056)
Loss: 2.044 | Precision@1: 26.621% (7769/29184)
Loss: 2.043 | Precision@1: 26.661% (7815/29312)
Loss: 2.042 | Precision@1: 26.681% (7855/29440)
Loss: 2.041 | Precision@1: 26.698% (7894/29568)
Loss: 2.039 | Precision@1: 26.744% (7942/29696)
Loss: 2.038 | Precision@1: 26.797% (7992/29824)
Loss: 2.037 | Precision@1: 26.830% (8036/29952)
Loss: 2.036 | Precision@1: 26.852% (8077/30080)
Loss: 2.034 | Precision@1: 26.854% (8112/30208)
Loss: 2.033 | Precision@1: 26.905% (8162/30336)
Loss: 2.032 | Precision@1: 26.933% (8205/30464)
Loss: 2.031 | Precision@1: 26.958% (8247/30592)
Loss: 2.030 | Precision@1: 27.012% (8298/30720)
Loss: 2.028 | Precision@1: 27.042% (8342/30848)
Loss: 2.027 | Precision@1: 27.063% (8383/30976)
Loss: 2.025 | Precision@1: 27.125% (8437/31104)
Loss: 2.023 | Precision@1: 27.148% (8479/31232)
Loss: 2.022 | Precision@1: 27.162% (8518/31360)
Loss: 2.021 | Precision@1: 27.217% (8570/31488)
Loss: 2.019 | Precision@1: 27.249% (8615/31616)
Loss: 2.018 | Precision@1: 27.278% (8659/31744)
Loss: 2.017 | Precision@1: 27.316% (8706/31872)
Loss: 2.015 | Precision@1: 27.334% (8747/32000)
Loss: 2.013 | Precision@1: 27.390% (8800/32128)
Loss: 2.013 | Precision@1: 27.412% (8842/32256)
Loss: 2.011 | Precision@1: 27.464% (8894/32384)
Loss: 2.010 | Precision@1: 27.473% (8932/32512)
Loss: 2.008 | Precision@1: 27.515% (8981/32640)
Loss: 2.007 | Precision@1: 27.545% (9026/32768)
Loss: 2.007 | Precision@1: 27.547% (9062/32896)
Loss: 2.006 | Precision@1: 27.595% (9113/33024)
Loss: 2.004 | Precision@1: 27.645% (9165/33152)
Loss: 2.002 | Precision@1: 27.671% (9209/33280)
Loss: 2.001 | Precision@1: 27.676% (9246/33408)
Loss: 2.000 | Precision@1: 27.693% (9287/33536)
Loss: 1.999 | Precision@1: 27.730% (9335/33664)
Loss: 1.997 | Precision@1: 27.802% (9395/33792)
Loss: 1.996 | Precision@1: 27.818% (9436/33920)
Loss: 1.995 | Precision@1: 27.846% (9481/34048)
Loss: 1.994 | Precision@1: 27.870% (9525/34176)
Loss: 1.993 | Precision@1: 27.909% (9574/34304)
Loss: 1.992 | Precision@1: 27.933% (9618/34432)
Loss: 1.990 | Precision@1: 27.977% (9669/34560)
Loss: 1.990 | Precision@1: 27.975% (9704/34688)
Loss: 1.989 | Precision@1: 28.042% (9763/34816)
Loss: 1.987 | Precision@1: 28.094% (9817/34944)
Loss: 1.986 | Precision@1: 28.119% (9862/35072)
Loss: 1.985 | Precision@1: 28.182% (9920/35200)
Loss: 1.984 | Precision@1: 28.216% (9968/35328)
Loss: 1.983 | Precision@1: 28.249% (10016/35456)
Loss: 1.982 | Precision@1: 28.274% (10061/35584)
Loss: 1.980 | Precision@1: 28.327% (10116/35712)
Loss: 1.980 | Precision@1: 28.345% (10159/35840)
Loss: 1.979 | Precision@1: 28.361% (10201/35968)
Loss: 1.978 | Precision@1: 28.388% (10247/36096)
Loss: 1.977 | Precision@1: 28.415% (10293/36224)
Loss: 1.976 | Precision@1: 28.450% (10342/36352)
Loss: 1.975 | Precision@1: 28.462% (10383/36480)
Loss: 1.974 | Precision@1: 28.497% (10432/36608)
Loss: 1.973 | Precision@1: 28.520% (10477/36736)
Loss: 1.972 | Precision@1: 28.543% (10522/36864)
Loss: 1.971 | Precision@1: 28.560% (10565/36992)
Loss: 1.971 | Precision@1: 28.567% (10604/37120)
Loss: 1.970 | Precision@1: 28.606% (10655/37248)
Loss: 1.969 | Precision@1: 28.617% (10696/37376)
Loss: 1.968 | Precision@1: 28.618% (10733/37504)
Loss: 1.968 | Precision@1: 28.648% (10781/37632)
Loss: 1.966 | Precision@1: 28.689% (10833/37760)
Loss: 1.965 | Precision@1: 28.729% (10885/37888)
Loss: 1.965 | Precision@1: 28.719% (10918/38016)
Loss: 1.963 | Precision@1: 28.741% (10963/38144)
Loss: 1.963 | Precision@1: 28.752% (11004/38272)
Loss: 1.961 | Precision@1: 28.794% (11057/38400)
Loss: 1.961 | Precision@1: 28.815% (11102/38528)
Loss: 1.960 | Precision@1: 28.849% (11152/38656)
Loss: 1.958 | Precision@1: 28.883% (11202/38784)
Loss: 1.958 | Precision@1: 28.899% (11245/38912)
Loss: 1.957 | Precision@1: 28.909% (11286/39040)
Loss: 1.956 | Precision@1: 28.922% (11328/39168)
Loss: 1.955 | Precision@1: 28.952% (11377/39296)
Loss: 1.955 | Precision@1: 28.962% (11418/39424)
Loss: 1.954 | Precision@1: 28.992% (11467/39552)
Loss: 1.953 | Precision@1: 29.040% (11523/39680)
Loss: 1.952 | Precision@1: 29.075% (11574/39808)
Loss: 1.951 | Precision@1: 29.087% (11616/39936)
Loss: 1.950 | Precision@1: 29.138% (11674/40064)
Loss: 1.949 | Precision@1: 29.175% (11726/40192)
Loss: 1.948 | Precision@1: 29.209% (11777/40320)
Loss: 1.946 | Precision@1: 29.250% (11831/40448)
Loss: 1.945 | Precision@1: 29.283% (11882/40576)
Loss: 1.944 | Precision@1: 29.334% (11940/40704)
Loss: 1.943 | Precision@1: 29.408% (12008/40832)
Loss: 1.943 | Precision@1: 29.421% (12051/40960)
Loss: 1.942 | Precision@1: 29.447% (12099/41088)
Loss: 1.941 | Precision@1: 29.476% (12149/41216)
Loss: 1.940 | Precision@1: 29.504% (12198/41344)
Loss: 1.939 | Precision@1: 29.536% (12249/41472)
Loss: 1.938 | Precision@1: 29.553% (12294/41600)
Loss: 1.937 | Precision@1: 29.570% (12339/41728)
Loss: 1.937 | Precision@1: 29.578% (12380/41856)
Loss: 1.936 | Precision@1: 29.616% (12434/41984)
Loss: 1.935 | Precision@1: 29.645% (12484/42112)
Loss: 1.934 | Precision@1: 29.680% (12537/42240)
Loss: 1.934 | Precision@1: 29.704% (12585/42368)
Loss: 1.933 | Precision@1: 29.723% (12631/42496)
Loss: 1.933 | Precision@1: 29.741% (12677/42624)
Loss: 1.932 | Precision@1: 29.765% (12725/42752)
Loss: 1.931 | Precision@1: 29.778% (12769/42880)
Loss: 1.930 | Precision@1: 29.806% (12819/43008)
Loss: 1.929 | Precision@1: 29.820% (12863/43136)
Loss: 1.929 | Precision@1: 29.838% (12909/43264)
Loss: 1.928 | Precision@1: 29.883% (12967/43392)
Loss: 1.927 | Precision@1: 29.890% (13008/43520)
Loss: 1.926 | Precision@1: 29.928% (13063/43648)
Loss: 1.925 | Precision@1: 29.971% (13120/43776)
Loss: 1.924 | Precision@1: 29.993% (13168/43904)
Loss: 1.923 | Precision@1: 30.017% (13217/44032)
Loss: 1.922 | Precision@1: 30.036% (13264/44160)
Loss: 1.922 | Precision@1: 30.047% (13307/44288)
Loss: 1.921 | Precision@1: 30.059% (13351/44416)
Loss: 1.920 | Precision@1: 30.083% (13400/44544)
Loss: 1.920 | Precision@1: 30.088% (13441/44672)
Loss: 1.919 | Precision@1: 30.123% (13495/44800)
Loss: 1.918 | Precision@1: 30.150% (13546/44928)
Loss: 1.917 | Precision@1: 30.167% (13592/45056)
Loss: 1.916 | Precision@1: 30.181% (13637/45184)
Loss: 1.915 | Precision@1: 30.202% (13685/45312)
Loss: 1.915 | Precision@1: 30.222% (13733/45440)
Loss: 1.914 | Precision@1: 30.232% (13776/45568)
Loss: 1.914 | Precision@1: 30.250% (13823/45696)
Loss: 1.913 | Precision@1: 30.294% (13882/45824)
Loss: 1.912 | Precision@1: 30.327% (13936/45952)
Loss: 1.911 | Precision@1: 30.358% (13989/46080)
Loss: 1.910 | Precision@1: 30.391% (14043/46208)
Loss: 1.909 | Precision@1: 30.432% (14101/46336)
Loss: 1.908 | Precision@1: 30.449% (14148/46464)
Loss: 1.907 | Precision@1: 30.482% (14202/46592)
Loss: 1.906 | Precision@1: 30.492% (14246/46720)
Loss: 1.905 | Precision@1: 30.511% (14294/46848)
Loss: 1.904 | Precision@1: 30.548% (14350/46976)
Loss: 1.903 | Precision@1: 30.590% (14409/47104)
Loss: 1.902 | Precision@1: 30.621% (14463/47232)
Loss: 1.901 | Precision@1: 30.659% (14520/47360)
Loss: 1.900 | Precision@1: 30.692% (14575/47488)
Loss: 1.899 | Precision@1: 30.733% (14634/47616)
Loss: 1.898 | Precision@1: 30.760% (14686/47744)
Loss: 1.897 | Precision@1: 30.788% (14739/47872)
Loss: 1.896 | Precision@1: 30.827% (14797/48000)
Loss: 1.895 | Precision@1: 30.849% (14847/48128)
Loss: 1.894 | Precision@1: 30.898% (14910/48256)
Loss: 1.893 | Precision@1: 30.911% (14956/48384)
Loss: 1.892 | Precision@1: 30.935% (15007/48512)
Loss: 1.891 | Precision@1: 30.977% (15067/48640)
Loss: 1.891 | Precision@1: 31.006% (15121/48768)
Loss: 1.890 | Precision@1: 31.027% (15171/48896)
Loss: 1.889 | Precision@1: 31.046% (15220/49024)
Loss: 1.888 | Precision@1: 31.081% (15277/49152)
Loss: 1.887 | Precision@1: 31.112% (15332/49280)
Loss: 1.887 | Precision@1: 31.125% (15378/49408)
Loss: 1.886 | Precision@1: 31.125% (15418/49536)
Loss: 1.886 | Precision@1: 31.135% (15463/49664)
Loss: 1.885 | Precision@1: 31.178% (15524/49792)
Loss: 1.884 | Precision@1: 31.222% (15586/49920)
Loss: 1.883 | Precision@1: 31.234% (15617/50000)

Aggregates: 			
 	 DataLoader Time: 1.0801 			
 	 Mini-batch Time:156.1357 			
 	 Training Epoch Time:156.3164
 			
 Averages: 			
 	 Training Loss: 1.8832

 Test set Averages: Loss: 1.527 | Precision@1: 43.500% (4350/10000)

Epoch: 1
Loss: 1.483 | Precision@1: 42.969% (55/128)
Loss: 1.566 | Precision@1: 41.016% (105/256)
Loss: 1.544 | Precision@1: 41.406% (159/384)
Loss: 1.541 | Precision@1: 41.797% (214/512)
Loss: 1.558 | Precision@1: 40.938% (262/640)
Loss: 1.557 | Precision@1: 40.755% (313/768)
Loss: 1.578 | Precision@1: 40.067% (359/896)
Loss: 1.572 | Precision@1: 39.648% (406/1024)
Loss: 1.584 | Precision@1: 39.323% (453/1152)
Loss: 1.590 | Precision@1: 38.516% (493/1280)
Loss: 1.583 | Precision@1: 39.134% (551/1408)
Loss: 1.581 | Precision@1: 39.258% (603/1536)
Loss: 1.577 | Precision@1: 39.243% (653/1664)
Loss: 1.579 | Precision@1: 39.174% (702/1792)
Loss: 1.577 | Precision@1: 39.531% (759/1920)
Loss: 1.570 | Precision@1: 39.746% (814/2048)
Loss: 1.577 | Precision@1: 39.568% (861/2176)
Loss: 1.571 | Precision@1: 39.974% (921/2304)
Loss: 1.566 | Precision@1: 40.584% (987/2432)
Loss: 1.564 | Precision@1: 40.859% (1046/2560)
Loss: 1.565 | Precision@1: 40.774% (1096/2688)
Loss: 1.566 | Precision@1: 40.518% (1141/2816)
Loss: 1.559 | Precision@1: 40.897% (1204/2944)
Loss: 1.565 | Precision@1: 40.723% (1251/3072)
Loss: 1.563 | Precision@1: 40.688% (1302/3200)
Loss: 1.565 | Precision@1: 40.775% (1357/3328)
Loss: 1.567 | Precision@1: 40.799% (1410/3456)
Loss: 1.563 | Precision@1: 40.737% (1460/3584)
Loss: 1.562 | Precision@1: 41.029% (1523/3712)
Loss: 1.559 | Precision@1: 41.198% (1582/3840)
Loss: 1.558 | Precision@1: 41.255% (1637/3968)
Loss: 1.552 | Precision@1: 41.309% (1692/4096)
Loss: 1.550 | Precision@1: 41.548% (1755/4224)
Loss: 1.550 | Precision@1: 41.636% (1812/4352)
Loss: 1.548 | Precision@1: 41.786% (1872/4480)
Loss: 1.550 | Precision@1: 41.688% (1921/4608)
Loss: 1.545 | Precision@1: 41.744% (1977/4736)
Loss: 1.545 | Precision@1: 41.900% (2038/4864)
Loss: 1.543 | Precision@1: 41.987% (2096/4992)
Loss: 1.541 | Precision@1: 42.090% (2155/5120)
Loss: 1.544 | Precision@1: 41.997% (2204/5248)
Loss: 1.540 | Precision@1: 42.020% (2259/5376)
Loss: 1.541 | Precision@1: 41.879% (2305/5504)
Loss: 1.541 | Precision@1: 41.815% (2355/5632)
Loss: 1.540 | Precision@1: 41.944% (2416/5760)
Loss: 1.536 | Precision@1: 42.171% (2483/5888)
Loss: 1.536 | Precision@1: 42.287% (2544/6016)
Loss: 1.533 | Precision@1: 42.383% (2604/6144)
Loss: 1.536 | Precision@1: 42.283% (2652/6272)
Loss: 1.536 | Precision@1: 42.312% (2708/6400)
Loss: 1.533 | Precision@1: 42.433% (2770/6528)
Loss: 1.534 | Precision@1: 42.533% (2831/6656)
Loss: 1.536 | Precision@1: 42.468% (2881/6784)
Loss: 1.537 | Precision@1: 42.390% (2930/6912)
Loss: 1.537 | Precision@1: 42.443% (2988/7040)
Loss: 1.536 | Precision@1: 42.508% (3047/7168)
Loss: 1.535 | Precision@1: 42.544% (3104/7296)
Loss: 1.537 | Precision@1: 42.484% (3154/7424)
Loss: 1.537 | Precision@1: 42.426% (3204/7552)
Loss: 1.538 | Precision@1: 42.435% (3259/7680)
Loss: 1.539 | Precision@1: 42.456% (3315/7808)
Loss: 1.541 | Precision@1: 42.377% (3363/7936)
Loss: 1.541 | Precision@1: 42.423% (3421/8064)
Loss: 1.542 | Precision@1: 42.432% (3476/8192)
Loss: 1.540 | Precision@1: 42.560% (3541/8320)
Loss: 1.539 | Precision@1: 42.720% (3609/8448)
Loss: 1.538 | Precision@1: 42.736% (3665/8576)
Loss: 1.538 | Precision@1: 42.739% (3720/8704)
Loss: 1.540 | Precision@1: 42.629% (3765/8832)
Loss: 1.539 | Precision@1: 42.567% (3814/8960)
Loss: 1.540 | Precision@1: 42.540% (3866/9088)
Loss: 1.539 | Precision@1: 42.600% (3926/9216)
Loss: 1.539 | Precision@1: 42.541% (3975/9344)
Loss: 1.538 | Precision@1: 42.599% (4035/9472)
Loss: 1.537 | Precision@1: 42.635% (4093/9600)
Loss: 1.537 | Precision@1: 42.599% (4144/9728)
Loss: 1.534 | Precision@1: 42.735% (4212/9856)
Loss: 1.533 | Precision@1: 42.708% (4264/9984)
Loss: 1.534 | Precision@1: 42.692% (4317/10112)
Loss: 1.534 | Precision@1: 42.734% (4376/10240)
Loss: 1.535 | Precision@1: 42.747% (4432/10368)
Loss: 1.534 | Precision@1: 42.731% (4485/10496)
Loss: 1.532 | Precision@1: 42.780% (4545/10624)
Loss: 1.533 | Precision@1: 42.783% (4600/10752)
Loss: 1.532 | Precision@1: 42.776% (4654/10880)
Loss: 1.529 | Precision@1: 42.823% (4714/11008)
Loss: 1.529 | Precision@1: 42.789% (4765/11136)
Loss: 1.526 | Precision@1: 42.898% (4832/11264)
Loss: 1.525 | Precision@1: 43.021% (4901/11392)
Loss: 1.524 | Precision@1: 43.012% (4955/11520)
Loss: 1.523 | Precision@1: 43.080% (5018/11648)
Loss: 1.522 | Precision@1: 43.028% (5067/11776)
Loss: 1.520 | Precision@1: 43.120% (5133/11904)
Loss: 1.519 | Precision@1: 43.135% (5190/12032)
Loss: 1.518 | Precision@1: 43.215% (5255/12160)
Loss: 1.516 | Precision@1: 43.311% (5322/12288)
Loss: 1.516 | Precision@1: 43.315% (5378/12416)
Loss: 1.516 | Precision@1: 43.312% (5433/12544)
Loss: 1.515 | Precision@1: 43.348% (5493/12672)
Loss: 1.515 | Precision@1: 43.391% (5554/12800)
Loss: 1.516 | Precision@1: 43.425% (5614/12928)
Loss: 1.514 | Precision@1: 43.497% (5679/13056)
Loss: 1.513 | Precision@1: 43.598% (5748/13184)
Loss: 1.512 | Precision@1: 43.660% (5812/13312)
Loss: 1.513 | Precision@1: 43.661% (5868/13440)
Loss: 1.512 | Precision@1: 43.654% (5923/13568)
Loss: 1.512 | Precision@1: 43.633% (5976/13696)
Loss: 1.511 | Precision@1: 43.728% (6045/13824)
Loss: 1.511 | Precision@1: 43.793% (6110/13952)
Loss: 1.510 | Precision@1: 43.800% (6167/14080)
Loss: 1.509 | Precision@1: 43.863% (6232/14208)
Loss: 1.508 | Precision@1: 43.945% (6300/14336)
Loss: 1.507 | Precision@1: 43.992% (6363/14464)
Loss: 1.507 | Precision@1: 44.024% (6424/14592)
Loss: 1.507 | Precision@1: 44.069% (6487/14720)
Loss: 1.507 | Precision@1: 44.033% (6538/14848)
Loss: 1.508 | Precision@1: 44.077% (6601/14976)
Loss: 1.509 | Precision@1: 44.081% (6658/15104)
Loss: 1.508 | Precision@1: 44.131% (6722/15232)
Loss: 1.507 | Precision@1: 44.134% (6779/15360)
Loss: 1.507 | Precision@1: 44.118% (6833/15488)
Loss: 1.508 | Precision@1: 44.096% (6886/15616)
Loss: 1.508 | Precision@1: 44.068% (6938/15744)
Loss: 1.508 | Precision@1: 44.078% (6996/15872)
Loss: 1.506 | Precision@1: 44.106% (7057/16000)
Loss: 1.506 | Precision@1: 44.122% (7116/16128)
Loss: 1.505 | Precision@1: 44.144% (7176/16256)
Loss: 1.504 | Precision@1: 44.177% (7238/16384)
Loss: 1.503 | Precision@1: 44.192% (7297/16512)
Loss: 1.504 | Precision@1: 44.195% (7354/16640)
Loss: 1.504 | Precision@1: 44.221% (7415/16768)
Loss: 1.503 | Precision@1: 44.247% (7476/16896)
Loss: 1.504 | Precision@1: 44.232% (7530/17024)
Loss: 1.503 | Precision@1: 44.251% (7590/17152)
Loss: 1.503 | Precision@1: 44.259% (7648/17280)
Loss: 1.503 | Precision@1: 44.244% (7702/17408)
Loss: 1.503 | Precision@1: 44.229% (7756/17536)
Loss: 1.502 | Precision@1: 44.248% (7816/17664)
Loss: 1.502 | Precision@1: 44.267% (7876/17792)
Loss: 1.502 | Precision@1: 44.280% (7935/17920)
Loss: 1.501 | Precision@1: 44.315% (7998/18048)
Loss: 1.500 | Precision@1: 44.372% (8065/18176)
Loss: 1.501 | Precision@1: 44.389% (8125/18304)
Loss: 1.500 | Precision@1: 44.472% (8197/18432)
Loss: 1.498 | Precision@1: 44.537% (8266/18560)
Loss: 1.498 | Precision@1: 44.537% (8323/18688)
Loss: 1.497 | Precision@1: 44.537% (8380/18816)
Loss: 1.497 | Precision@1: 44.531% (8436/18944)
Loss: 1.497 | Precision@1: 44.589% (8504/19072)
Loss: 1.495 | Precision@1: 44.656% (8574/19200)
Loss: 1.494 | Precision@1: 44.712% (8642/19328)
Loss: 1.494 | Precision@1: 44.752% (8707/19456)
Loss: 1.493 | Precision@1: 44.827% (8779/19584)
Loss: 1.492 | Precision@1: 44.866% (8844/19712)
Loss: 1.491 | Precision@1: 44.889% (8906/19840)
Loss: 1.491 | Precision@1: 44.902% (8966/19968)
Loss: 1.489 | Precision@1: 44.969% (9037/20096)
Loss: 1.489 | Precision@1: 45.006% (9102/20224)
Loss: 1.488 | Precision@1: 45.023% (9163/20352)
Loss: 1.488 | Precision@1: 45.044% (9225/20480)
Loss: 1.488 | Precision@1: 45.021% (9278/20608)
Loss: 1.488 | Precision@1: 45.023% (9336/20736)
Loss: 1.489 | Precision@1: 45.035% (9396/20864)
Loss: 1.488 | Precision@1: 45.103% (9468/20992)
Loss: 1.487 | Precision@1: 45.137% (9533/21120)
Loss: 1.487 | Precision@1: 45.115% (9586/21248)
Loss: 1.487 | Precision@1: 45.093% (9639/21376)
Loss: 1.487 | Precision@1: 45.126% (9704/21504)
Loss: 1.487 | Precision@1: 45.146% (9766/21632)
Loss: 1.487 | Precision@1: 45.152% (9825/21760)
Loss: 1.486 | Precision@1: 45.212% (9896/21888)
Loss: 1.485 | Precision@1: 45.235% (9959/22016)
Loss: 1.486 | Precision@1: 45.218% (10013/22144)
Loss: 1.485 | Precision@1: 45.259% (10080/22272)
Loss: 1.486 | Precision@1: 45.241% (10134/22400)
Loss: 1.486 | Precision@1: 45.233% (10190/22528)
Loss: 1.485 | Precision@1: 45.260% (10254/22656)
Loss: 1.485 | Precision@1: 45.299% (10321/22784)
Loss: 1.484 | Precision@1: 45.339% (10388/22912)
Loss: 1.484 | Precision@1: 45.326% (10443/23040)
Loss: 1.484 | Precision@1: 45.330% (10502/23168)
Loss: 1.484 | Precision@1: 45.282% (10549/23296)
Loss: 1.483 | Precision@1: 45.321% (10616/23424)
Loss: 1.482 | Precision@1: 45.359% (10683/23552)
Loss: 1.482 | Precision@1: 45.384% (10747/23680)
Loss: 1.481 | Precision@1: 45.426% (10815/23808)
Loss: 1.481 | Precision@1: 45.442% (10877/23936)
Loss: 1.480 | Precision@1: 45.450% (10937/24064)
Loss: 1.480 | Precision@1: 45.490% (11005/24192)
Loss: 1.480 | Precision@1: 45.465% (11057/24320)
Loss: 1.479 | Precision@1: 45.488% (11121/24448)
Loss: 1.479 | Precision@1: 45.512% (11185/24576)
Loss: 1.480 | Precision@1: 45.519% (11245/24704)
Loss: 1.479 | Precision@1: 45.554% (11312/24832)
Loss: 1.478 | Precision@1: 45.577% (11376/24960)
Loss: 1.478 | Precision@1: 45.564% (11431/25088)
Loss: 1.477 | Precision@1: 45.594% (11497/25216)
Loss: 1.478 | Precision@1: 45.601% (11557/25344)
Loss: 1.477 | Precision@1: 45.619% (11620/25472)
Loss: 1.478 | Precision@1: 45.594% (11672/25600)
Loss: 1.478 | Precision@1: 45.600% (11732/25728)
Loss: 1.478 | Precision@1: 45.622% (11796/25856)
Loss: 1.478 | Precision@1: 45.632% (11857/25984)
Loss: 1.477 | Precision@1: 45.672% (11926/26112)
Loss: 1.477 | Precision@1: 45.705% (11993/26240)
Loss: 1.478 | Precision@1: 45.707% (12052/26368)
Loss: 1.477 | Precision@1: 45.728% (12116/26496)
Loss: 1.478 | Precision@1: 45.733% (12176/26624)
Loss: 1.478 | Precision@1: 45.727% (12233/26752)
Loss: 1.478 | Precision@1: 45.733% (12293/26880)
Loss: 1.477 | Precision@1: 45.749% (12356/27008)
Loss: 1.477 | Precision@1: 45.758% (12417/27136)
Loss: 1.476 | Precision@1: 45.782% (12482/27264)
Loss: 1.476 | Precision@1: 45.813% (12549/27392)
Loss: 1.476 | Precision@1: 45.821% (12610/27520)
Loss: 1.476 | Precision@1: 45.837% (12673/27648)
Loss: 1.475 | Precision@1: 45.845% (12734/27776)
Loss: 1.474 | Precision@1: 45.854% (12795/27904)
Loss: 1.474 | Precision@1: 45.873% (12859/28032)
Loss: 1.474 | Precision@1: 45.877% (12919/28160)
Loss: 1.474 | Precision@1: 45.903% (12985/28288)
Loss: 1.474 | Precision@1: 45.900% (13043/28416)
Loss: 1.473 | Precision@1: 45.943% (13114/28544)
Loss: 1.472 | Precision@1: 45.975% (13182/28672)
Loss: 1.471 | Precision@1: 46.028% (13256/28800)
Loss: 1.471 | Precision@1: 46.014% (13311/28928)
Loss: 1.470 | Precision@1: 46.059% (13383/29056)
Loss: 1.470 | Precision@1: 46.063% (13443/29184)
Loss: 1.470 | Precision@1: 46.066% (13503/29312)
Loss: 1.469 | Precision@1: 46.087% (13568/29440)
Loss: 1.468 | Precision@1: 46.097% (13630/29568)
Loss: 1.468 | Precision@1: 46.094% (13688/29696)
Loss: 1.467 | Precision@1: 46.121% (13755/29824)
Loss: 1.467 | Precision@1: 46.114% (13812/29952)
Loss: 1.467 | Precision@1: 46.124% (13874/30080)
Loss: 1.466 | Precision@1: 46.163% (13945/30208)
Loss: 1.466 | Precision@1: 46.179% (14009/30336)
Loss: 1.465 | Precision@1: 46.202% (14075/30464)
Loss: 1.465 | Precision@1: 46.198% (14133/30592)
Loss: 1.465 | Precision@1: 46.188% (14189/30720)
Loss: 1.464 | Precision@1: 46.207% (14254/30848)
Loss: 1.464 | Precision@1: 46.226% (14319/30976)
Loss: 1.463 | Precision@1: 46.267% (14391/31104)
Loss: 1.463 | Precision@1: 46.273% (14452/31232)
Loss: 1.463 | Precision@1: 46.295% (14518/31360)
Loss: 1.463 | Precision@1: 46.300% (14579/31488)
Loss: 1.462 | Precision@1: 46.321% (14645/31616)
Loss: 1.462 | Precision@1: 46.324% (14705/31744)
Loss: 1.462 | Precision@1: 46.354% (14774/31872)
Loss: 1.461 | Precision@1: 46.381% (14842/32000)
Loss: 1.460 | Precision@1: 46.408% (14910/32128)
Loss: 1.460 | Precision@1: 46.422% (14974/32256)
Loss: 1.459 | Precision@1: 46.480% (15052/32384)
Loss: 1.459 | Precision@1: 46.503% (15119/32512)
Loss: 1.459 | Precision@1: 46.507% (15180/32640)
Loss: 1.458 | Precision@1: 46.515% (15242/32768)
Loss: 1.457 | Precision@1: 46.528% (15306/32896)
Loss: 1.457 | Precision@1: 46.554% (15374/33024)
Loss: 1.457 | Precision@1: 46.582% (15443/33152)
Loss: 1.456 | Precision@1: 46.575% (15500/33280)
Loss: 1.455 | Precision@1: 46.612% (15572/33408)
Loss: 1.454 | Precision@1: 46.625% (15636/33536)
Loss: 1.454 | Precision@1: 46.655% (15706/33664)
Loss: 1.453 | Precision@1: 46.683% (15775/33792)
Loss: 1.452 | Precision@1: 46.704% (15842/33920)
Loss: 1.452 | Precision@1: 46.731% (15911/34048)
Loss: 1.450 | Precision@1: 46.761% (15981/34176)
Loss: 1.450 | Precision@1: 46.761% (16041/34304)
Loss: 1.450 | Precision@1: 46.785% (16109/34432)
Loss: 1.449 | Precision@1: 46.837% (16187/34560)
Loss: 1.448 | Precision@1: 46.852% (16252/34688)
Loss: 1.448 | Precision@1: 46.852% (16312/34816)
Loss: 1.448 | Precision@1: 46.869% (16378/34944)
Loss: 1.447 | Precision@1: 46.895% (16447/35072)
Loss: 1.446 | Precision@1: 46.926% (16518/35200)
Loss: 1.446 | Precision@1: 46.951% (16587/35328)
Loss: 1.446 | Precision@1: 46.962% (16651/35456)
Loss: 1.446 | Precision@1: 46.954% (16708/35584)
Loss: 1.445 | Precision@1: 46.953% (16768/35712)
Loss: 1.446 | Precision@1: 46.928% (16819/35840)
Loss: 1.445 | Precision@1: 46.945% (16885/35968)
Loss: 1.445 | Precision@1: 46.947% (16946/36096)
Loss: 1.445 | Precision@1: 46.947% (17006/36224)
Loss: 1.445 | Precision@1: 46.936% (17062/36352)
Loss: 1.445 | Precision@1: 46.946% (17126/36480)
Loss: 1.445 | Precision@1: 46.979% (17198/36608)
Loss: 1.444 | Precision@1: 46.987% (17261/36736)
Loss: 1.445 | Precision@1: 47.011% (17330/36864)
Loss: 1.444 | Precision@1: 47.021% (17394/36992)
Loss: 1.444 | Precision@1: 47.037% (17460/37120)
Loss: 1.444 | Precision@1: 47.050% (17525/37248)
Loss: 1.444 | Precision@1: 47.068% (17592/37376)
Loss: 1.443 | Precision@1: 47.099% (17664/37504)
Loss: 1.443 | Precision@1: 47.109% (17728/37632)
Loss: 1.443 | Precision@1: 47.127% (17795/37760)
Loss: 1.442 | Precision@1: 47.142% (17861/37888)
Loss: 1.443 | Precision@1: 47.146% (17923/38016)
Loss: 1.442 | Precision@1: 47.161% (17989/38144)
Loss: 1.442 | Precision@1: 47.181% (18057/38272)
Loss: 1.442 | Precision@1: 47.174% (18115/38400)
Loss: 1.442 | Precision@1: 47.150% (18166/38528)
Loss: 1.441 | Precision@1: 47.178% (18237/38656)
Loss: 1.441 | Precision@1: 47.192% (18303/38784)
Loss: 1.440 | Precision@1: 47.235% (18380/38912)
Loss: 1.440 | Precision@1: 47.239% (18442/39040)
Loss: 1.439 | Precision@1: 47.271% (18515/39168)
Loss: 1.439 | Precision@1: 47.292% (18584/39296)
Loss: 1.438 | Precision@1: 47.337% (18662/39424)
Loss: 1.438 | Precision@1: 47.350% (18728/39552)
Loss: 1.437 | Precision@1: 47.361% (18793/39680)
Loss: 1.437 | Precision@1: 47.387% (18864/39808)
Loss: 1.437 | Precision@1: 47.388% (18925/39936)
Loss: 1.437 | Precision@1: 47.384% (18984/40064)
Loss: 1.436 | Precision@1: 47.388% (19046/40192)
Loss: 1.436 | Precision@1: 47.388% (19107/40320)
Loss: 1.436 | Precision@1: 47.402% (19173/40448)
Loss: 1.435 | Precision@1: 47.405% (19235/40576)
Loss: 1.435 | Precision@1: 47.420% (19302/40704)
Loss: 1.435 | Precision@1: 47.428% (19366/40832)
Loss: 1.434 | Precision@1: 47.444% (19433/40960)
Loss: 1.434 | Precision@1: 47.449% (19496/41088)
Loss: 1.434 | Precision@1: 47.479% (19569/41216)
Loss: 1.434 | Precision@1: 47.465% (19624/41344)
Loss: 1.433 | Precision@1: 47.492% (19696/41472)
Loss: 1.433 | Precision@1: 47.517% (19767/41600)
Loss: 1.432 | Precision@1: 47.544% (19839/41728)
Loss: 1.431 | Precision@1: 47.597% (19922/41856)
Loss: 1.431 | Precision@1: 47.618% (19992/41984)
Loss: 1.430 | Precision@1: 47.635% (20060/42112)
Loss: 1.430 | Precision@1: 47.647% (20126/42240)
Loss: 1.430 | Precision@1: 47.675% (20199/42368)
Loss: 1.429 | Precision@1: 47.692% (20267/42496)
Loss: 1.429 | Precision@1: 47.715% (20338/42624)
Loss: 1.429 | Precision@1: 47.722% (20402/42752)
Loss: 1.428 | Precision@1: 47.743% (20472/42880)
Loss: 1.428 | Precision@1: 47.733% (20529/43008)
Loss: 1.428 | Precision@1: 47.737% (20592/43136)
Loss: 1.427 | Precision@1: 47.746% (20657/43264)
Loss: 1.427 | Precision@1: 47.753% (20721/43392)
Loss: 1.426 | Precision@1: 47.783% (20795/43520)
Loss: 1.426 | Precision@1: 47.778% (20854/43648)
Loss: 1.425 | Precision@1: 47.802% (20926/43776)
Loss: 1.425 | Precision@1: 47.827% (20998/43904)
Loss: 1.425 | Precision@1: 47.833% (21062/44032)
Loss: 1.424 | Precision@1: 47.871% (21140/44160)
Loss: 1.423 | Precision@1: 47.909% (21218/44288)
Loss: 1.422 | Precision@1: 47.929% (21288/44416)
Loss: 1.423 | Precision@1: 47.926% (21348/44544)
Loss: 1.422 | Precision@1: 47.938% (21415/44672)
Loss: 1.421 | Precision@1: 47.969% (21490/44800)
Loss: 1.421 | Precision@1: 47.995% (21563/44928)
Loss: 1.421 | Precision@1: 48.000% (21627/45056)
Loss: 1.420 | Precision@1: 48.030% (21702/45184)
Loss: 1.420 | Precision@1: 48.029% (21763/45312)
Loss: 1.419 | Precision@1: 48.055% (21836/45440)
Loss: 1.419 | Precision@1: 48.064% (21902/45568)
Loss: 1.419 | Precision@1: 48.083% (21972/45696)
Loss: 1.419 | Precision@1: 48.086% (22035/45824)
Loss: 1.418 | Precision@1: 48.094% (22100/45952)
Loss: 1.418 | Precision@1: 48.114% (22171/46080)
Loss: 1.417 | Precision@1: 48.141% (22245/46208)
Loss: 1.417 | Precision@1: 48.163% (22317/46336)
Loss: 1.417 | Precision@1: 48.175% (22384/46464)
Loss: 1.416 | Precision@1: 48.189% (22452/46592)
Loss: 1.416 | Precision@1: 48.215% (22526/46720)
Loss: 1.415 | Precision@1: 48.230% (22595/46848)
Loss: 1.415 | Precision@1: 48.231% (22657/46976)
Loss: 1.415 | Precision@1: 48.251% (22728/47104)
Loss: 1.415 | Precision@1: 48.238% (22784/47232)
Loss: 1.414 | Precision@1: 48.247% (22850/47360)
Loss: 1.414 | Precision@1: 48.277% (22926/47488)
Loss: 1.413 | Precision@1: 48.322% (23009/47616)
Loss: 1.412 | Precision@1: 48.358% (23088/47744)
Loss: 1.412 | Precision@1: 48.369% (23155/47872)
Loss: 1.411 | Precision@1: 48.383% (23224/48000)
Loss: 1.411 | Precision@1: 48.410% (23299/48128)
Loss: 1.410 | Precision@1: 48.433% (23372/48256)
Loss: 1.410 | Precision@1: 48.452% (23443/48384)
Loss: 1.409 | Precision@1: 48.468% (23513/48512)
Loss: 1.408 | Precision@1: 48.483% (23582/48640)
Loss: 1.408 | Precision@1: 48.503% (23654/48768)
Loss: 1.408 | Precision@1: 48.527% (23728/48896)
Loss: 1.407 | Precision@1: 48.554% (23803/49024)
Loss: 1.406 | Precision@1: 48.584% (23880/49152)
Loss: 1.405 | Precision@1: 48.624% (23962/49280)
Loss: 1.404 | Precision@1: 48.658% (24041/49408)
Loss: 1.403 | Precision@1: 48.680% (24114/49536)
Loss: 1.404 | Precision@1: 48.673% (24173/49664)
Loss: 1.404 | Precision@1: 48.674% (24236/49792)
Loss: 1.403 | Precision@1: 48.694% (24308/49920)
Loss: 1.403 | Precision@1: 48.710% (24355/50000)

Aggregates: 			
 	 DataLoader Time: 1.0617 			
 	 Mini-batch Time:156.8602 			
 	 Training Epoch Time:157.0307
 			
 Averages: 			
 	 Training Loss: 1.4029

 Test set Averages: Loss: 1.405 | Precision@1: 49.880% (4988/10000)

Epoch: 2
Loss: 1.491 | Precision@1: 49.219% (63/128)
Loss: 1.445 | Precision@1: 50.781% (130/256)
Loss: 1.360 | Precision@1: 52.865% (203/384)
Loss: 1.359 | Precision@1: 52.539% (269/512)
Loss: 1.335 | Precision@1: 52.500% (336/640)
Loss: 1.353 | Precision@1: 51.432% (395/768)
Loss: 1.349 | Precision@1: 51.339% (460/896)
Loss: 1.340 | Precision@1: 51.465% (527/1024)
Loss: 1.318 | Precision@1: 52.083% (600/1152)
Loss: 1.335 | Precision@1: 51.875% (664/1280)
Loss: 1.334 | Precision@1: 51.420% (724/1408)
Loss: 1.316 | Precision@1: 52.344% (804/1536)
Loss: 1.297 | Precision@1: 53.425% (889/1664)
Loss: 1.293 | Precision@1: 53.627% (961/1792)
Loss: 1.291 | Precision@1: 53.750% (1032/1920)
Loss: 1.302 | Precision@1: 53.223% (1090/2048)
Loss: 1.303 | Precision@1: 53.217% (1158/2176)
Loss: 1.294 | Precision@1: 53.342% (1229/2304)
Loss: 1.291 | Precision@1: 53.454% (1300/2432)
Loss: 1.284 | Precision@1: 53.672% (1374/2560)
Loss: 1.289 | Precision@1: 53.646% (1442/2688)
Loss: 1.290 | Precision@1: 53.587% (1509/2816)
Loss: 1.291 | Precision@1: 53.601% (1578/2944)
Loss: 1.286 | Precision@1: 53.646% (1648/3072)
Loss: 1.275 | Precision@1: 54.125% (1732/3200)
Loss: 1.276 | Precision@1: 54.177% (1803/3328)
Loss: 1.274 | Precision@1: 54.282% (1876/3456)
Loss: 1.277 | Precision@1: 54.102% (1939/3584)
Loss: 1.274 | Precision@1: 54.149% (2010/3712)
Loss: 1.272 | Precision@1: 54.349% (2087/3840)
Loss: 1.269 | Precision@1: 54.410% (2159/3968)
Loss: 1.269 | Precision@1: 54.517% (2233/4096)
Loss: 1.267 | Precision@1: 54.593% (2306/4224)
Loss: 1.266 | Precision@1: 54.756% (2383/4352)
Loss: 1.264 | Precision@1: 54.955% (2462/4480)
Loss: 1.263 | Precision@1: 55.056% (2537/4608)
Loss: 1.261 | Precision@1: 55.152% (2612/4736)
Loss: 1.254 | Precision@1: 55.510% (2700/4864)
Loss: 1.252 | Precision@1: 55.449% (2768/4992)
Loss: 1.251 | Precision@1: 55.508% (2842/5120)
Loss: 1.248 | Precision@1: 55.602% (2918/5248)
Loss: 1.247 | Precision@1: 55.618% (2990/5376)
Loss: 1.245 | Precision@1: 55.759% (3069/5504)
Loss: 1.241 | Precision@1: 55.859% (3146/5632)
Loss: 1.246 | Precision@1: 55.625% (3204/5760)
Loss: 1.245 | Precision@1: 55.707% (3280/5888)
Loss: 1.250 | Precision@1: 55.668% (3349/6016)
Loss: 1.244 | Precision@1: 55.876% (3433/6144)
Loss: 1.245 | Precision@1: 55.867% (3504/6272)
Loss: 1.242 | Precision@1: 56.016% (3585/6400)
Loss: 1.243 | Precision@1: 55.990% (3655/6528)
Loss: 1.241 | Precision@1: 56.055% (3731/6656)
Loss: 1.243 | Precision@1: 55.970% (3797/6784)
Loss: 1.242 | Precision@1: 55.917% (3865/6912)
Loss: 1.240 | Precision@1: 56.023% (3944/7040)
Loss: 1.237 | Precision@1: 56.166% (4026/7168)
Loss: 1.234 | Precision@1: 56.291% (4107/7296)
Loss: 1.235 | Precision@1: 56.263% (4177/7424)
Loss: 1.235 | Precision@1: 56.290% (4251/7552)
Loss: 1.232 | Precision@1: 56.302% (4324/7680)
Loss: 1.232 | Precision@1: 56.314% (4397/7808)
Loss: 1.233 | Precision@1: 56.200% (4460/7936)
Loss: 1.233 | Precision@1: 56.250% (4536/8064)
Loss: 1.232 | Precision@1: 56.201% (4604/8192)
Loss: 1.232 | Precision@1: 56.190% (4675/8320)
Loss: 1.232 | Precision@1: 56.226% (4750/8448)
Loss: 1.231 | Precision@1: 56.308% (4829/8576)
Loss: 1.230 | Precision@1: 56.319% (4902/8704)
Loss: 1.230 | Precision@1: 56.307% (4973/8832)
Loss: 1.230 | Precision@1: 56.283% (5043/8960)
Loss: 1.228 | Precision@1: 56.371% (5123/9088)
Loss: 1.228 | Precision@1: 56.348% (5193/9216)
Loss: 1.228 | Precision@1: 56.378% (5268/9344)
Loss: 1.227 | Precision@1: 56.461% (5348/9472)
Loss: 1.230 | Precision@1: 56.396% (5414/9600)
Loss: 1.229 | Precision@1: 56.425% (5489/9728)
Loss: 1.230 | Precision@1: 56.351% (5554/9856)
Loss: 1.232 | Precision@1: 56.290% (5620/9984)
Loss: 1.230 | Precision@1: 56.329% (5696/10112)
Loss: 1.229 | Precision@1: 56.367% (5772/10240)
Loss: 1.229 | Precision@1: 56.414% (5849/10368)
Loss: 1.229 | Precision@1: 56.383% (5918/10496)
Loss: 1.230 | Precision@1: 56.344% (5986/10624)
Loss: 1.228 | Precision@1: 56.390% (6063/10752)
Loss: 1.226 | Precision@1: 56.425% (6139/10880)
Loss: 1.225 | Precision@1: 56.468% (6216/11008)
Loss: 1.224 | Precision@1: 56.501% (6292/11136)
Loss: 1.224 | Precision@1: 56.552% (6370/11264)
Loss: 1.223 | Precision@1: 56.610% (6449/11392)
Loss: 1.223 | Precision@1: 56.615% (6522/11520)
Loss: 1.220 | Precision@1: 56.662% (6600/11648)
Loss: 1.220 | Precision@1: 56.675% (6674/11776)
Loss: 1.218 | Precision@1: 56.720% (6752/11904)
Loss: 1.218 | Precision@1: 56.724% (6825/12032)
Loss: 1.218 | Precision@1: 56.727% (6898/12160)
Loss: 1.216 | Precision@1: 56.771% (6976/12288)
Loss: 1.214 | Precision@1: 56.838% (7057/12416)
Loss: 1.215 | Precision@1: 56.784% (7123/12544)
Loss: 1.213 | Precision@1: 56.866% (7206/12672)
Loss: 1.214 | Precision@1: 56.852% (7277/12800)
Loss: 1.213 | Precision@1: 56.846% (7349/12928)
Loss: 1.214 | Precision@1: 56.840% (7421/13056)
Loss: 1.212 | Precision@1: 56.902% (7502/13184)
Loss: 1.211 | Precision@1: 56.926% (7578/13312)
Loss: 1.213 | Precision@1: 56.853% (7641/13440)
Loss: 1.212 | Precision@1: 56.862% (7715/13568)
Loss: 1.211 | Precision@1: 56.922% (7796/13696)
Loss: 1.210 | Precision@1: 56.944% (7872/13824)
Loss: 1.210 | Precision@1: 56.974% (7949/13952)
Loss: 1.210 | Precision@1: 56.946% (8018/14080)
Loss: 1.210 | Precision@1: 56.968% (8094/14208)
Loss: 1.209 | Precision@1: 56.961% (8166/14336)
Loss: 1.209 | Precision@1: 56.969% (8240/14464)
Loss: 1.208 | Precision@1: 56.983% (8315/14592)
Loss: 1.208 | Precision@1: 56.950% (8383/14720)
Loss: 1.207 | Precision@1: 56.984% (8461/14848)
Loss: 1.205 | Precision@1: 57.038% (8542/14976)
Loss: 1.204 | Precision@1: 57.071% (8620/15104)
Loss: 1.203 | Precision@1: 57.136% (8703/15232)
Loss: 1.202 | Precision@1: 57.194% (8785/15360)
Loss: 1.202 | Precision@1: 57.212% (8861/15488)
Loss: 1.201 | Precision@1: 57.262% (8942/15616)
Loss: 1.202 | Precision@1: 57.190% (9004/15744)
Loss: 1.202 | Precision@1: 57.189% (9077/15872)
Loss: 1.201 | Precision@1: 57.244% (9159/16000)
Loss: 1.202 | Precision@1: 57.236% (9231/16128)
Loss: 1.201 | Precision@1: 57.228% (9303/16256)
Loss: 1.200 | Precision@1: 57.251% (9380/16384)
Loss: 1.201 | Precision@1: 57.243% (9452/16512)
Loss: 1.201 | Precision@1: 57.218% (9521/16640)
Loss: 1.201 | Precision@1: 57.252% (9600/16768)
Loss: 1.200 | Precision@1: 57.274% (9677/16896)
Loss: 1.200 | Precision@1: 57.301% (9755/17024)
Loss: 1.200 | Precision@1: 57.346% (9836/17152)
Loss: 1.199 | Precision@1: 57.350% (9910/17280)
Loss: 1.200 | Precision@1: 57.341% (9982/17408)
Loss: 1.199 | Precision@1: 57.391% (10064/17536)
Loss: 1.199 | Precision@1: 57.365% (10133/17664)
Loss: 1.199 | Precision@1: 57.380% (10209/17792)
Loss: 1.198 | Precision@1: 57.372% (10281/17920)
Loss: 1.197 | Precision@1: 57.402% (10360/18048)
Loss: 1.196 | Precision@1: 57.416% (10436/18176)
Loss: 1.195 | Precision@1: 57.436% (10513/18304)
Loss: 1.195 | Precision@1: 57.406% (10581/18432)
Loss: 1.194 | Precision@1: 57.414% (10656/18560)
Loss: 1.193 | Precision@1: 57.438% (10734/18688)
Loss: 1.193 | Precision@1: 57.430% (10806/18816)
Loss: 1.192 | Precision@1: 57.501% (10893/18944)
Loss: 1.192 | Precision@1: 57.519% (10970/19072)
Loss: 1.191 | Precision@1: 57.573% (11054/19200)
Loss: 1.192 | Precision@1: 57.549% (11123/19328)
Loss: 1.192 | Precision@1: 57.566% (11200/19456)
Loss: 1.192 | Precision@1: 57.542% (11269/19584)
Loss: 1.191 | Precision@1: 57.579% (11350/19712)
Loss: 1.191 | Precision@1: 57.611% (11430/19840)
Loss: 1.189 | Precision@1: 57.657% (11513/19968)
Loss: 1.189 | Precision@1: 57.683% (11592/20096)
Loss: 1.188 | Precision@1: 57.728% (11675/20224)
Loss: 1.189 | Precision@1: 57.709% (11745/20352)
Loss: 1.188 | Precision@1: 57.739% (11825/20480)
Loss: 1.188 | Precision@1: 57.769% (11905/20608)
Loss: 1.187 | Precision@1: 57.788% (11983/20736)
Loss: 1.186 | Precision@1: 57.812% (12062/20864)
Loss: 1.186 | Precision@1: 57.817% (12137/20992)
Loss: 1.185 | Precision@1: 57.850% (12218/21120)
Loss: 1.185 | Precision@1: 57.850% (12292/21248)
Loss: 1.184 | Precision@1: 57.887% (12374/21376)
Loss: 1.184 | Precision@1: 57.864% (12443/21504)
Loss: 1.184 | Precision@1: 57.882% (12521/21632)
Loss: 1.184 | Precision@1: 57.904% (12600/21760)
Loss: 1.184 | Precision@1: 57.913% (12676/21888)
Loss: 1.183 | Precision@1: 57.967% (12762/22016)
Loss: 1.183 | Precision@1: 57.957% (12834/22144)
Loss: 1.182 | Precision@1: 57.992% (12916/22272)
Loss: 1.183 | Precision@1: 57.955% (12982/22400)
Loss: 1.183 | Precision@1: 57.937% (13052/22528)
Loss: 1.183 | Precision@1: 57.932% (13125/22656)
Loss: 1.183 | Precision@1: 57.944% (13202/22784)
Loss: 1.181 | Precision@1: 57.983% (13285/22912)
Loss: 1.181 | Precision@1: 57.977% (13358/23040)
Loss: 1.181 | Precision@1: 57.968% (13430/23168)
Loss: 1.182 | Precision@1: 57.941% (13498/23296)
Loss: 1.181 | Precision@1: 57.983% (13582/23424)
Loss: 1.180 | Precision@1: 57.995% (13659/23552)
Loss: 1.180 | Precision@1: 58.015% (13738/23680)
Loss: 1.179 | Precision@1: 58.056% (13822/23808)
Loss: 1.178 | Precision@1: 58.072% (13900/23936)
Loss: 1.178 | Precision@1: 58.087% (13978/24064)
Loss: 1.177 | Precision@1: 58.123% (14061/24192)
Loss: 1.176 | Precision@1: 58.117% (14134/24320)
Loss: 1.175 | Precision@1: 58.177% (14223/24448)
Loss: 1.175 | Precision@1: 58.203% (14304/24576)
Loss: 1.174 | Precision@1: 58.193% (14376/24704)
Loss: 1.175 | Precision@1: 58.191% (14450/24832)
Loss: 1.175 | Precision@1: 58.181% (14522/24960)
Loss: 1.174 | Precision@1: 58.179% (14596/25088)
Loss: 1.174 | Precision@1: 58.177% (14670/25216)
Loss: 1.174 | Precision@1: 58.179% (14745/25344)
Loss: 1.175 | Precision@1: 58.150% (14812/25472)
Loss: 1.174 | Precision@1: 58.176% (14893/25600)
Loss: 1.173 | Precision@1: 58.182% (14969/25728)
Loss: 1.172 | Precision@1: 58.195% (15047/25856)
Loss: 1.172 | Precision@1: 58.197% (15122/25984)
Loss: 1.172 | Precision@1: 58.226% (15204/26112)
Loss: 1.172 | Precision@1: 58.243% (15283/26240)
Loss: 1.171 | Precision@1: 58.252% (15360/26368)
Loss: 1.171 | Precision@1: 58.239% (15431/26496)
Loss: 1.170 | Precision@1: 58.252% (15509/26624)
Loss: 1.170 | Precision@1: 58.254% (15584/26752)
Loss: 1.170 | Precision@1: 58.285% (15667/26880)
Loss: 1.170 | Precision@1: 58.268% (15737/27008)
Loss: 1.170 | Precision@1: 58.295% (15819/27136)
Loss: 1.169 | Precision@1: 58.311% (15898/27264)
Loss: 1.170 | Precision@1: 58.294% (15968/27392)
Loss: 1.169 | Precision@1: 58.303% (16045/27520)
Loss: 1.169 | Precision@1: 58.301% (16119/27648)
Loss: 1.170 | Precision@1: 58.313% (16197/27776)
Loss: 1.170 | Precision@1: 58.303% (16269/27904)
Loss: 1.170 | Precision@1: 58.305% (16344/28032)
Loss: 1.169 | Precision@1: 58.335% (16427/28160)
Loss: 1.168 | Precision@1: 58.346% (16505/28288)
Loss: 1.168 | Precision@1: 58.344% (16579/28416)
Loss: 1.168 | Precision@1: 58.359% (16658/28544)
Loss: 1.168 | Precision@1: 58.371% (16736/28672)
Loss: 1.167 | Precision@1: 58.396% (16818/28800)
Loss: 1.167 | Precision@1: 58.373% (16886/28928)
Loss: 1.168 | Precision@1: 58.356% (16956/29056)
Loss: 1.167 | Precision@1: 58.361% (17032/29184)
Loss: 1.168 | Precision@1: 58.352% (17104/29312)
Loss: 1.168 | Precision@1: 58.383% (17188/29440)
Loss: 1.167 | Precision@1: 58.404% (17269/29568)
Loss: 1.166 | Precision@1: 58.449% (17357/29696)
Loss: 1.166 | Precision@1: 58.463% (17436/29824)
Loss: 1.165 | Precision@1: 58.487% (17518/29952)
Loss: 1.165 | Precision@1: 58.511% (17600/30080)
Loss: 1.164 | Precision@1: 58.528% (17680/30208)
Loss: 1.164 | Precision@1: 58.525% (17754/30336)
Loss: 1.164 | Precision@1: 58.531% (17831/30464)
Loss: 1.164 | Precision@1: 58.541% (17909/30592)
Loss: 1.163 | Precision@1: 58.555% (17988/30720)
Loss: 1.163 | Precision@1: 58.552% (18062/30848)
Loss: 1.163 | Precision@1: 58.549% (18136/30976)
Loss: 1.162 | Precision@1: 58.594% (18225/31104)
Loss: 1.162 | Precision@1: 58.597% (18301/31232)
Loss: 1.162 | Precision@1: 58.622% (18384/31360)
Loss: 1.162 | Precision@1: 58.626% (18460/31488)
Loss: 1.162 | Precision@1: 58.622% (18534/31616)
Loss: 1.162 | Precision@1: 58.616% (18607/31744)
Loss: 1.161 | Precision@1: 58.663% (18697/31872)
Loss: 1.160 | Precision@1: 58.700% (18784/32000)
Loss: 1.160 | Precision@1: 58.718% (18865/32128)
Loss: 1.160 | Precision@1: 58.733% (18945/32256)
Loss: 1.160 | Precision@1: 58.730% (19019/32384)
Loss: 1.159 | Precision@1: 58.751% (19101/32512)
Loss: 1.159 | Precision@1: 58.765% (19181/32640)
Loss: 1.159 | Precision@1: 58.798% (19267/32768)
Loss: 1.159 | Precision@1: 58.776% (19335/32896)
Loss: 1.159 | Precision@1: 58.781% (19412/33024)
Loss: 1.159 | Precision@1: 58.790% (19490/33152)
Loss: 1.158 | Precision@1: 58.795% (19567/33280)
Loss: 1.159 | Precision@1: 58.770% (19634/33408)
Loss: 1.159 | Precision@1: 58.797% (19718/33536)
Loss: 1.159 | Precision@1: 58.802% (19795/33664)
Loss: 1.159 | Precision@1: 58.786% (19865/33792)
Loss: 1.160 | Precision@1: 58.753% (19929/33920)
Loss: 1.161 | Precision@1: 58.726% (19995/34048)
Loss: 1.160 | Precision@1: 58.749% (20078/34176)
Loss: 1.160 | Precision@1: 58.748% (20153/34304)
Loss: 1.159 | Precision@1: 58.762% (20233/34432)
Loss: 1.160 | Precision@1: 58.741% (20301/34560)
Loss: 1.160 | Precision@1: 58.749% (20379/34688)
Loss: 1.159 | Precision@1: 58.769% (20461/34816)
Loss: 1.159 | Precision@1: 58.791% (20544/34944)
Loss: 1.159 | Precision@1: 58.808% (20625/35072)
Loss: 1.159 | Precision@1: 58.815% (20703/35200)
Loss: 1.158 | Precision@1: 58.837% (20786/35328)
Loss: 1.158 | Precision@1: 58.845% (20864/35456)
Loss: 1.158 | Precision@1: 58.835% (20936/35584)
Loss: 1.157 | Precision@1: 58.851% (21017/35712)
Loss: 1.157 | Precision@1: 58.859% (21095/35840)
Loss: 1.157 | Precision@1: 58.894% (21183/35968)
Loss: 1.156 | Precision@1: 58.904% (21262/36096)
Loss: 1.157 | Precision@1: 58.892% (21333/36224)
Loss: 1.156 | Precision@1: 58.894% (21409/36352)
Loss: 1.156 | Precision@1: 58.898% (21486/36480)
Loss: 1.156 | Precision@1: 58.916% (21568/36608)
Loss: 1.156 | Precision@1: 58.948% (21655/36736)
Loss: 1.156 | Precision@1: 58.944% (21729/36864)
Loss: 1.155 | Precision@1: 58.961% (21811/36992)
Loss: 1.154 | Precision@1: 58.971% (21890/37120)
Loss: 1.154 | Precision@1: 59.002% (21977/37248)
Loss: 1.153 | Precision@1: 59.016% (22058/37376)
Loss: 1.153 | Precision@1: 59.020% (22135/37504)
Loss: 1.153 | Precision@1: 59.006% (22205/37632)
Loss: 1.153 | Precision@1: 58.988% (22274/37760)
Loss: 1.153 | Precision@1: 59.011% (22358/37888)
Loss: 1.153 | Precision@1: 59.007% (22432/38016)
Loss: 1.152 | Precision@1: 59.013% (22510/38144)
Loss: 1.152 | Precision@1: 59.030% (22592/38272)
Loss: 1.152 | Precision@1: 59.036% (22670/38400)
Loss: 1.151 | Precision@1: 59.061% (22755/38528)
Loss: 1.151 | Precision@1: 59.070% (22834/38656)
Loss: 1.151 | Precision@1: 59.071% (22910/38784)
Loss: 1.151 | Precision@1: 59.056% (22980/38912)
Loss: 1.151 | Precision@1: 59.055% (23055/39040)
Loss: 1.150 | Precision@1: 59.066% (23135/39168)
Loss: 1.150 | Precision@1: 59.082% (23217/39296)
Loss: 1.150 | Precision@1: 59.083% (23293/39424)
Loss: 1.150 | Precision@1: 59.094% (23373/39552)
Loss: 1.149 | Precision@1: 59.113% (23456/39680)
Loss: 1.149 | Precision@1: 59.114% (23532/39808)
Loss: 1.149 | Precision@1: 59.122% (23611/39936)
Loss: 1.148 | Precision@1: 59.135% (23692/40064)
Loss: 1.148 | Precision@1: 59.159% (23777/40192)
Loss: 1.147 | Precision@1: 59.184% (23863/40320)
Loss: 1.147 | Precision@1: 59.175% (23935/40448)
Loss: 1.146 | Precision@1: 59.207% (24024/40576)
Loss: 1.146 | Precision@1: 59.218% (24104/40704)
Loss: 1.145 | Precision@1: 59.228% (24184/40832)
Loss: 1.145 | Precision@1: 59.221% (24257/40960)
Loss: 1.145 | Precision@1: 59.231% (24337/41088)
Loss: 1.144 | Precision@1: 59.251% (24421/41216)
Loss: 1.144 | Precision@1: 59.273% (24506/41344)
Loss: 1.144 | Precision@1: 59.288% (24588/41472)
Loss: 1.144 | Precision@1: 59.298% (24668/41600)
Loss: 1.143 | Precision@1: 59.313% (24750/41728)
Loss: 1.143 | Precision@1: 59.325% (24831/41856)
Loss: 1.143 | Precision@1: 59.330% (24909/41984)
Loss: 1.143 | Precision@1: 59.351% (24994/42112)
Loss: 1.143 | Precision@1: 59.347% (25068/42240)
Loss: 1.143 | Precision@1: 59.375% (25156/42368)
Loss: 1.143 | Precision@1: 59.356% (25224/42496)
Loss: 1.142 | Precision@1: 59.382% (25311/42624)
Loss: 1.142 | Precision@1: 59.382% (25387/42752)
Loss: 1.142 | Precision@1: 59.401% (25471/42880)
Loss: 1.141 | Precision@1: 59.426% (25558/43008)
Loss: 1.141 | Precision@1: 59.431% (25636/43136)
Loss: 1.141 | Precision@1: 59.456% (25723/43264)
Loss: 1.140 | Precision@1: 59.469% (25805/43392)
Loss: 1.140 | Precision@1: 59.485% (25888/43520)
Loss: 1.139 | Precision@1: 59.503% (25972/43648)
Loss: 1.138 | Precision@1: 59.519% (26055/43776)
Loss: 1.138 | Precision@1: 59.532% (26137/43904)
Loss: 1.138 | Precision@1: 59.559% (26225/44032)
Loss: 1.137 | Precision@1: 59.581% (26311/44160)
Loss: 1.136 | Precision@1: 59.610% (26400/44288)
Loss: 1.136 | Precision@1: 59.623% (26482/44416)
Loss: 1.136 | Precision@1: 59.622% (26558/44544)
Loss: 1.136 | Precision@1: 59.626% (26636/44672)
Loss: 1.136 | Precision@1: 59.645% (26721/44800)
Loss: 1.135 | Precision@1: 59.678% (26812/44928)
Loss: 1.135 | Precision@1: 59.670% (26885/45056)
Loss: 1.134 | Precision@1: 59.683% (26967/45184)
Loss: 1.134 | Precision@1: 59.682% (27043/45312)
Loss: 1.134 | Precision@1: 59.696% (27126/45440)
Loss: 1.134 | Precision@1: 59.700% (27204/45568)
Loss: 1.134 | Precision@1: 59.681% (27272/45696)
Loss: 1.134 | Precision@1: 59.678% (27347/45824)
Loss: 1.133 | Precision@1: 59.714% (27440/45952)
Loss: 1.133 | Precision@1: 59.718% (27518/46080)
Loss: 1.133 | Precision@1: 59.726% (27598/46208)
Loss: 1.133 | Precision@1: 59.742% (27682/46336)
Loss: 1.133 | Precision@1: 59.756% (27765/46464)
Loss: 1.132 | Precision@1: 59.759% (27843/46592)
Loss: 1.132 | Precision@1: 59.760% (27920/46720)
Loss: 1.132 | Precision@1: 59.783% (28007/46848)
Loss: 1.132 | Precision@1: 59.765% (28075/46976)
Loss: 1.132 | Precision@1: 59.757% (28148/47104)
Loss: 1.132 | Precision@1: 59.777% (28234/47232)
Loss: 1.132 | Precision@1: 59.793% (28318/47360)
Loss: 1.132 | Precision@1: 59.807% (28401/47488)
Loss: 1.131 | Precision@1: 59.818% (28483/47616)
Loss: 1.131 | Precision@1: 59.842% (28571/47744)
Loss: 1.131 | Precision@1: 59.837% (28645/47872)
Loss: 1.131 | Precision@1: 59.833% (28720/48000)
Loss: 1.130 | Precision@1: 59.843% (28801/48128)
Loss: 1.130 | Precision@1: 59.833% (28873/48256)
Loss: 1.130 | Precision@1: 59.828% (28947/48384)
Loss: 1.130 | Precision@1: 59.835% (29027/48512)
Loss: 1.130 | Precision@1: 59.833% (29103/48640)
Loss: 1.130 | Precision@1: 59.834% (29180/48768)
Loss: 1.130 | Precision@1: 59.819% (29249/48896)
Loss: 1.130 | Precision@1: 59.824% (29328/49024)
Loss: 1.130 | Precision@1: 59.808% (29397/49152)
Loss: 1.130 | Precision@1: 59.801% (29470/49280)
Loss: 1.130 | Precision@1: 59.816% (29554/49408)
Loss: 1.130 | Precision@1: 59.823% (29634/49536)
Loss: 1.130 | Precision@1: 59.818% (29708/49664)
Loss: 1.129 | Precision@1: 59.837% (29794/49792)
Loss: 1.129 | Precision@1: 59.850% (29877/49920)
Loss: 1.128 | Precision@1: 59.858% (29929/50000)

Aggregates: 			
 	 DataLoader Time: 1.0655 			
 	 Mini-batch Time:157.3039 			
 	 Training Epoch Time:157.4770
 			
 Averages: 			
 	 Training Loss: 1.1283

 Test set Averages: Loss: 1.390 | Precision@1: 54.080% (5408/10000)

Epoch: 3
Loss: 1.048 | Precision@1: 60.156% (77/128)
Loss: 1.111 | Precision@1: 59.766% (153/256)
Loss: 1.112 | Precision@1: 58.854% (226/384)
Loss: 1.106 | Precision@1: 58.789% (301/512)
Loss: 1.116 | Precision@1: 58.438% (374/640)
Loss: 1.108 | Precision@1: 58.854% (452/768)
Loss: 1.129 | Precision@1: 58.705% (526/896)
Loss: 1.088 | Precision@1: 60.352% (618/1024)
Loss: 1.083 | Precision@1: 60.590% (698/1152)
Loss: 1.070 | Precision@1: 61.641% (789/1280)
Loss: 1.055 | Precision@1: 61.577% (867/1408)
Loss: 1.055 | Precision@1: 61.328% (942/1536)
Loss: 1.043 | Precision@1: 61.899% (1030/1664)
Loss: 1.029 | Precision@1: 62.612% (1122/1792)
Loss: 1.025 | Precision@1: 63.073% (1211/1920)
Loss: 1.031 | Precision@1: 62.939% (1289/2048)
Loss: 1.037 | Precision@1: 62.684% (1364/2176)
Loss: 1.036 | Precision@1: 62.891% (1449/2304)
Loss: 1.043 | Precision@1: 62.664% (1524/2432)
Loss: 1.049 | Precision@1: 62.617% (1603/2560)
Loss: 1.047 | Precision@1: 62.723% (1686/2688)
Loss: 1.053 | Precision@1: 62.500% (1760/2816)
Loss: 1.050 | Precision@1: 62.602% (1843/2944)
Loss: 1.042 | Precision@1: 63.053% (1937/3072)
Loss: 1.039 | Precision@1: 63.250% (2024/3200)
Loss: 1.034 | Precision@1: 63.371% (2109/3328)
Loss: 1.035 | Precision@1: 63.339% (2189/3456)
Loss: 1.037 | Precision@1: 63.142% (2263/3584)
Loss: 1.034 | Precision@1: 63.173% (2345/3712)
Loss: 1.033 | Precision@1: 63.177% (2426/3840)
Loss: 1.032 | Precision@1: 63.332% (2513/3968)
Loss: 1.034 | Precision@1: 63.208% (2589/4096)
Loss: 1.034 | Precision@1: 63.116% (2666/4224)
Loss: 1.035 | Precision@1: 63.166% (2749/4352)
Loss: 1.034 | Precision@1: 63.304% (2836/4480)
Loss: 1.027 | Precision@1: 63.542% (2928/4608)
Loss: 1.026 | Precision@1: 63.471% (3006/4736)
Loss: 1.026 | Precision@1: 63.425% (3085/4864)
Loss: 1.027 | Precision@1: 63.341% (3162/4992)
Loss: 1.025 | Precision@1: 63.457% (3249/5120)
Loss: 1.025 | Precision@1: 63.357% (3325/5248)
Loss: 1.030 | Precision@1: 63.207% (3398/5376)
Loss: 1.027 | Precision@1: 63.299% (3484/5504)
Loss: 1.032 | Precision@1: 63.139% (3556/5632)
Loss: 1.032 | Precision@1: 63.177% (3639/5760)
Loss: 1.031 | Precision@1: 63.332% (3729/5888)
Loss: 1.027 | Precision@1: 63.464% (3818/6016)
Loss: 1.026 | Precision@1: 63.607% (3908/6144)
Loss: 1.027 | Precision@1: 63.568% (3987/6272)
Loss: 1.027 | Precision@1: 63.594% (4070/6400)
Loss: 1.025 | Precision@1: 63.634% (4154/6528)
Loss: 1.026 | Precision@1: 63.687% (4239/6656)
Loss: 1.025 | Precision@1: 63.782% (4327/6784)
Loss: 1.023 | Precision@1: 63.788% (4409/6912)
Loss: 1.022 | Precision@1: 63.778% (4490/7040)
Loss: 1.020 | Precision@1: 63.867% (4578/7168)
Loss: 1.021 | Precision@1: 63.816% (4656/7296)
Loss: 1.024 | Precision@1: 63.753% (4733/7424)
Loss: 1.024 | Precision@1: 63.758% (4815/7552)
Loss: 1.022 | Precision@1: 63.828% (4902/7680)
Loss: 1.022 | Precision@1: 63.755% (4978/7808)
Loss: 1.019 | Precision@1: 63.899% (5071/7936)
Loss: 1.019 | Precision@1: 63.938% (5156/8064)
Loss: 1.020 | Precision@1: 63.916% (5236/8192)
Loss: 1.018 | Precision@1: 64.014% (5326/8320)
Loss: 1.017 | Precision@1: 64.039% (5410/8448)
Loss: 1.016 | Precision@1: 64.028% (5491/8576)
Loss: 1.015 | Precision@1: 64.017% (5572/8704)
Loss: 1.016 | Precision@1: 63.961% (5649/8832)
Loss: 1.015 | Precision@1: 64.029% (5737/8960)
Loss: 1.015 | Precision@1: 63.985% (5815/9088)
Loss: 1.015 | Precision@1: 63.867% (5886/9216)
Loss: 1.016 | Precision@1: 63.838% (5965/9344)
Loss: 1.016 | Precision@1: 63.830% (6046/9472)
Loss: 1.017 | Precision@1: 63.812% (6126/9600)
Loss: 1.015 | Precision@1: 63.847% (6211/9728)
Loss: 1.015 | Precision@1: 63.819% (6290/9856)
Loss: 1.014 | Precision@1: 63.832% (6373/9984)
Loss: 1.014 | Precision@1: 63.884% (6460/10112)
Loss: 1.013 | Precision@1: 63.877% (6541/10240)
Loss: 1.011 | Precision@1: 63.889% (6624/10368)
Loss: 1.012 | Precision@1: 63.843% (6701/10496)
Loss: 1.014 | Precision@1: 63.733% (6771/10624)
Loss: 1.013 | Precision@1: 63.718% (6851/10752)
Loss: 1.011 | Precision@1: 63.814% (6943/10880)
Loss: 1.011 | Precision@1: 63.826% (7026/11008)
Loss: 1.011 | Precision@1: 63.811% (7106/11136)
Loss: 1.011 | Precision@1: 63.787% (7185/11264)
Loss: 1.013 | Precision@1: 63.755% (7263/11392)
Loss: 1.014 | Precision@1: 63.759% (7345/11520)
Loss: 1.014 | Precision@1: 63.736% (7424/11648)
Loss: 1.015 | Precision@1: 63.663% (7497/11776)
Loss: 1.015 | Precision@1: 63.668% (7579/11904)
Loss: 1.016 | Precision@1: 63.655% (7659/12032)
Loss: 1.014 | Precision@1: 63.734% (7750/12160)
Loss: 1.013 | Precision@1: 63.786% (7838/12288)
Loss: 1.012 | Precision@1: 63.837% (7926/12416)
Loss: 1.011 | Precision@1: 63.839% (8008/12544)
Loss: 1.011 | Precision@1: 63.842% (8090/12672)
Loss: 1.009 | Precision@1: 63.906% (8180/12800)
Loss: 1.007 | Precision@1: 64.016% (8276/12928)
Loss: 1.007 | Precision@1: 64.062% (8364/13056)
Loss: 1.006 | Precision@1: 64.108% (8452/13184)
Loss: 1.005 | Precision@1: 64.138% (8538/13312)
Loss: 1.004 | Precision@1: 64.204% (8629/13440)
Loss: 1.003 | Precision@1: 64.247% (8717/13568)
Loss: 1.003 | Precision@1: 64.238% (8798/13696)
Loss: 1.003 | Precision@1: 64.272% (8885/13824)
Loss: 1.006 | Precision@1: 64.163% (8952/13952)
Loss: 1.005 | Precision@1: 64.205% (9040/14080)
Loss: 1.007 | Precision@1: 64.147% (9114/14208)
Loss: 1.007 | Precision@1: 64.111% (9191/14336)
Loss: 1.007 | Precision@1: 64.111% (9273/14464)
Loss: 1.005 | Precision@1: 64.227% (9372/14592)
Loss: 1.004 | Precision@1: 64.266% (9460/14720)
Loss: 1.004 | Precision@1: 64.231% (9537/14848)
Loss: 1.004 | Precision@1: 64.249% (9622/14976)
Loss: 1.003 | Precision@1: 64.281% (9709/15104)
Loss: 1.003 | Precision@1: 64.319% (9797/15232)
Loss: 1.002 | Precision@1: 64.349% (9884/15360)
Loss: 1.002 | Precision@1: 64.334% (9964/15488)
Loss: 1.002 | Precision@1: 64.325% (10045/15616)
Loss: 1.002 | Precision@1: 64.285% (10121/15744)
Loss: 1.001 | Precision@1: 64.321% (10209/15872)
Loss: 1.002 | Precision@1: 64.344% (10295/16000)
Loss: 1.001 | Precision@1: 64.373% (10382/16128)
Loss: 1.004 | Precision@1: 64.290% (10451/16256)
Loss: 1.003 | Precision@1: 64.313% (10537/16384)
Loss: 1.003 | Precision@1: 64.347% (10625/16512)
Loss: 1.004 | Precision@1: 64.309% (10701/16640)
Loss: 1.004 | Precision@1: 64.325% (10786/16768)
Loss: 1.003 | Precision@1: 64.341% (10871/16896)
Loss: 1.004 | Precision@1: 64.292% (10945/17024)
Loss: 1.005 | Precision@1: 64.278% (11025/17152)
Loss: 1.005 | Precision@1: 64.294% (11110/17280)
Loss: 1.005 | Precision@1: 64.304% (11194/17408)
Loss: 1.005 | Precision@1: 64.313% (11278/17536)
Loss: 1.004 | Precision@1: 64.346% (11366/17664)
Loss: 1.002 | Precision@1: 64.422% (11462/17792)
Loss: 1.002 | Precision@1: 64.414% (11543/17920)
Loss: 1.003 | Precision@1: 64.362% (11616/18048)
Loss: 1.004 | Precision@1: 64.332% (11693/18176)
Loss: 1.003 | Precision@1: 64.341% (11777/18304)
Loss: 1.002 | Precision@1: 64.366% (11864/18432)
Loss: 1.002 | Precision@1: 64.375% (11948/18560)
Loss: 1.002 | Precision@1: 64.330% (12022/18688)
Loss: 1.002 | Precision@1: 64.318% (12102/18816)
Loss: 1.001 | Precision@1: 64.353% (12191/18944)
Loss: 1.001 | Precision@1: 64.356% (12274/19072)
Loss: 1.001 | Precision@1: 64.333% (12352/19200)
Loss: 1.001 | Precision@1: 64.337% (12435/19328)
Loss: 1.001 | Precision@1: 64.345% (12519/19456)
Loss: 1.001 | Precision@1: 64.364% (12605/19584)
Loss: 1.001 | Precision@1: 64.311% (12677/19712)
Loss: 1.000 | Precision@1: 64.309% (12759/19840)
Loss: 1.000 | Precision@1: 64.328% (12845/19968)
Loss: 1.000 | Precision@1: 64.316% (12925/20096)
Loss: 1.000 | Precision@1: 64.330% (13010/20224)
Loss: 1.000 | Precision@1: 64.367% (13100/20352)
Loss: 0.998 | Precision@1: 64.424% (13194/20480)
Loss: 0.998 | Precision@1: 64.460% (13284/20608)
Loss: 0.998 | Precision@1: 64.453% (13365/20736)
Loss: 0.999 | Precision@1: 64.436% (13444/20864)
Loss: 0.999 | Precision@1: 64.405% (13520/20992)
Loss: 0.998 | Precision@1: 64.403% (13602/21120)
Loss: 1.000 | Precision@1: 64.307% (13664/21248)
Loss: 0.999 | Precision@1: 64.329% (13751/21376)
Loss: 0.999 | Precision@1: 64.337% (13835/21504)
Loss: 0.999 | Precision@1: 64.368% (13924/21632)
Loss: 0.998 | Precision@1: 64.389% (14011/21760)
Loss: 0.997 | Precision@1: 64.428% (14102/21888)
Loss: 0.997 | Precision@1: 64.426% (14184/22016)
Loss: 0.997 | Precision@1: 64.419% (14265/22144)
Loss: 0.996 | Precision@1: 64.476% (14360/22272)
Loss: 0.996 | Precision@1: 64.464% (14440/22400)
Loss: 0.995 | Precision@1: 64.475% (14525/22528)
Loss: 0.994 | Precision@1: 64.495% (14612/22656)
Loss: 0.995 | Precision@1: 64.484% (14692/22784)
Loss: 0.994 | Precision@1: 64.508% (14780/22912)
Loss: 0.993 | Precision@1: 64.544% (14871/23040)
Loss: 0.994 | Precision@1: 64.529% (14950/23168)
Loss: 0.995 | Precision@1: 64.479% (15021/23296)
Loss: 0.994 | Precision@1: 64.558% (15122/23424)
Loss: 0.994 | Precision@1: 64.555% (15204/23552)
Loss: 0.993 | Precision@1: 64.569% (15290/23680)
Loss: 0.994 | Precision@1: 64.554% (15369/23808)
Loss: 0.994 | Precision@1: 64.539% (15448/23936)
Loss: 0.993 | Precision@1: 64.561% (15536/24064)
Loss: 0.993 | Precision@1: 64.579% (15623/24192)
Loss: 0.993 | Precision@1: 64.593% (15709/24320)
Loss: 0.993 | Precision@1: 64.615% (15797/24448)
Loss: 0.993 | Precision@1: 64.612% (15879/24576)
Loss: 0.992 | Precision@1: 64.658% (15973/24704)
Loss: 0.991 | Precision@1: 64.663% (16057/24832)
Loss: 0.990 | Precision@1: 64.688% (16146/24960)
Loss: 0.990 | Precision@1: 64.720% (16237/25088)
Loss: 0.990 | Precision@1: 64.737% (16324/25216)
Loss: 0.990 | Precision@1: 64.717% (16402/25344)
Loss: 0.988 | Precision@1: 64.750% (16493/25472)
Loss: 0.988 | Precision@1: 64.758% (16578/25600)
Loss: 0.988 | Precision@1: 64.770% (16664/25728)
Loss: 0.988 | Precision@1: 64.766% (16746/25856)
Loss: 0.988 | Precision@1: 64.790% (16835/25984)
Loss: 0.987 | Precision@1: 64.798% (16920/26112)
Loss: 0.987 | Precision@1: 64.790% (17001/26240)
Loss: 0.988 | Precision@1: 64.787% (17083/26368)
Loss: 0.989 | Precision@1: 64.757% (17158/26496)
Loss: 0.989 | Precision@1: 64.757% (17241/26624)
Loss: 0.989 | Precision@1: 64.750% (17322/26752)
Loss: 0.990 | Precision@1: 64.725% (17398/26880)
Loss: 0.989 | Precision@1: 64.747% (17487/27008)
Loss: 0.989 | Precision@1: 64.748% (17570/27136)
Loss: 0.990 | Precision@1: 64.726% (17647/27264)
Loss: 0.990 | Precision@1: 64.705% (17724/27392)
Loss: 0.989 | Precision@1: 64.735% (17815/27520)
Loss: 0.989 | Precision@1: 64.753% (17903/27648)
Loss: 0.989 | Precision@1: 64.757% (17987/27776)
Loss: 0.989 | Precision@1: 64.765% (18072/27904)
Loss: 0.989 | Precision@1: 64.744% (18149/28032)
Loss: 0.988 | Precision@1: 64.783% (18243/28160)
Loss: 0.988 | Precision@1: 64.777% (18324/28288)
Loss: 0.988 | Precision@1: 64.802% (18414/28416)
Loss: 0.987 | Precision@1: 64.823% (18503/28544)
Loss: 0.986 | Precision@1: 64.844% (18592/28672)
Loss: 0.986 | Precision@1: 64.840% (18674/28800)
Loss: 0.986 | Precision@1: 64.844% (18758/28928)
Loss: 0.985 | Precision@1: 64.861% (18846/29056)
Loss: 0.985 | Precision@1: 64.833% (18921/29184)
Loss: 0.985 | Precision@1: 64.857% (19011/29312)
Loss: 0.985 | Precision@1: 64.868% (19097/29440)
Loss: 0.984 | Precision@1: 64.878% (19183/29568)
Loss: 0.985 | Precision@1: 64.864% (19262/29696)
Loss: 0.984 | Precision@1: 64.911% (19359/29824)
Loss: 0.984 | Precision@1: 64.917% (19444/29952)
Loss: 0.984 | Precision@1: 64.937% (19533/30080)
Loss: 0.984 | Precision@1: 64.930% (19614/30208)
Loss: 0.983 | Precision@1: 64.956% (19705/30336)
Loss: 0.982 | Precision@1: 64.978% (19795/30464)
Loss: 0.982 | Precision@1: 65.014% (19889/30592)
Loss: 0.981 | Precision@1: 65.020% (19974/30720)
Loss: 0.981 | Precision@1: 65.045% (20065/30848)
Loss: 0.981 | Precision@1: 65.031% (20144/30976)
Loss: 0.980 | Precision@1: 65.072% (20240/31104)
Loss: 0.979 | Precision@1: 65.087% (20328/31232)
Loss: 0.980 | Precision@1: 65.061% (20403/31360)
Loss: 0.980 | Precision@1: 65.079% (20492/31488)
Loss: 0.980 | Precision@1: 65.065% (20571/31616)
Loss: 0.980 | Precision@1: 65.064% (20654/31744)
Loss: 0.979 | Precision@1: 65.085% (20744/31872)
Loss: 0.979 | Precision@1: 65.081% (20826/32000)
Loss: 0.979 | Precision@1: 65.108% (20918/32128)
Loss: 0.978 | Precision@1: 65.148% (21014/32256)
Loss: 0.978 | Precision@1: 65.140% (21095/32384)
Loss: 0.977 | Precision@1: 65.161% (21185/32512)
Loss: 0.977 | Precision@1: 65.165% (21270/32640)
Loss: 0.977 | Precision@1: 65.186% (21360/32768)
Loss: 0.977 | Precision@1: 65.172% (21439/32896)
Loss: 0.976 | Precision@1: 65.213% (21536/33024)
Loss: 0.975 | Precision@1: 65.236% (21627/33152)
Loss: 0.976 | Precision@1: 65.216% (21704/33280)
Loss: 0.976 | Precision@1: 65.209% (21785/33408)
Loss: 0.975 | Precision@1: 65.228% (21875/33536)
Loss: 0.976 | Precision@1: 65.221% (21956/33664)
Loss: 0.976 | Precision@1: 65.220% (22039/33792)
Loss: 0.976 | Precision@1: 65.221% (22123/33920)
Loss: 0.976 | Precision@1: 65.205% (22201/34048)
Loss: 0.977 | Precision@1: 65.221% (22290/34176)
Loss: 0.977 | Precision@1: 65.229% (22376/34304)
Loss: 0.976 | Precision@1: 65.271% (22474/34432)
Loss: 0.976 | Precision@1: 65.284% (22562/34560)
Loss: 0.976 | Precision@1: 65.256% (22636/34688)
Loss: 0.976 | Precision@1: 65.257% (22720/34816)
Loss: 0.976 | Precision@1: 65.267% (22807/34944)
Loss: 0.976 | Precision@1: 65.266% (22890/35072)
Loss: 0.975 | Precision@1: 65.273% (22976/35200)
Loss: 0.975 | Precision@1: 65.291% (23066/35328)
Loss: 0.975 | Precision@1: 65.312% (23157/35456)
Loss: 0.975 | Precision@1: 65.316% (23242/35584)
Loss: 0.974 | Precision@1: 65.331% (23331/35712)
Loss: 0.975 | Precision@1: 65.312% (23408/35840)
Loss: 0.975 | Precision@1: 65.325% (23496/35968)
Loss: 0.974 | Precision@1: 65.331% (23582/36096)
Loss: 0.974 | Precision@1: 65.341% (23669/36224)
Loss: 0.973 | Precision@1: 65.364% (23761/36352)
Loss: 0.973 | Precision@1: 65.384% (23852/36480)
Loss: 0.972 | Precision@1: 65.398% (23941/36608)
Loss: 0.972 | Precision@1: 65.413% (24030/36736)
Loss: 0.972 | Precision@1: 65.432% (24121/36864)
Loss: 0.971 | Precision@1: 65.460% (24215/36992)
Loss: 0.971 | Precision@1: 65.485% (24308/37120)
Loss: 0.970 | Precision@1: 65.502% (24398/37248)
Loss: 0.970 | Precision@1: 65.521% (24489/37376)
Loss: 0.970 | Precision@1: 65.537% (24579/37504)
Loss: 0.970 | Precision@1: 65.548% (24667/37632)
Loss: 0.970 | Precision@1: 65.559% (24755/37760)
Loss: 0.969 | Precision@1: 65.564% (24841/37888)
Loss: 0.969 | Precision@1: 65.570% (24927/38016)
Loss: 0.968 | Precision@1: 65.580% (25015/38144)
Loss: 0.969 | Precision@1: 65.581% (25099/38272)
Loss: 0.968 | Precision@1: 65.604% (25192/38400)
Loss: 0.968 | Precision@1: 65.609% (25278/38528)
Loss: 0.968 | Precision@1: 65.625% (25368/38656)
Loss: 0.968 | Precision@1: 65.625% (25452/38784)
Loss: 0.968 | Precision@1: 65.604% (25528/38912)
Loss: 0.967 | Precision@1: 65.615% (25616/39040)
Loss: 0.968 | Precision@1: 65.597% (25693/39168)
Loss: 0.968 | Precision@1: 65.574% (25768/39296)
Loss: 0.968 | Precision@1: 65.574% (25852/39424)
Loss: 0.968 | Precision@1: 65.569% (25934/39552)
Loss: 0.967 | Precision@1: 65.590% (26026/39680)
Loss: 0.968 | Precision@1: 65.582% (26107/39808)
Loss: 0.968 | Precision@1: 65.585% (26192/39936)
Loss: 0.968 | Precision@1: 65.585% (26276/40064)
Loss: 0.968 | Precision@1: 65.568% (26353/40192)
Loss: 0.968 | Precision@1: 65.563% (26435/40320)
Loss: 0.969 | Precision@1: 65.541% (26510/40448)
Loss: 0.969 | Precision@1: 65.536% (26592/40576)
Loss: 0.969 | Precision@1: 65.534% (26675/40704)
Loss: 0.969 | Precision@1: 65.554% (26767/40832)
Loss: 0.969 | Precision@1: 65.549% (26849/40960)
Loss: 0.968 | Precision@1: 65.550% (26933/41088)
Loss: 0.968 | Precision@1: 65.567% (27024/41216)
Loss: 0.968 | Precision@1: 65.569% (27109/41344)
Loss: 0.968 | Precision@1: 65.545% (27183/41472)
Loss: 0.968 | Precision@1: 65.546% (27267/41600)
Loss: 0.968 | Precision@1: 65.532% (27345/41728)
Loss: 0.968 | Precision@1: 65.553% (27438/41856)
Loss: 0.968 | Precision@1: 65.554% (27522/41984)
Loss: 0.968 | Precision@1: 65.549% (27604/42112)
Loss: 0.967 | Precision@1: 65.568% (27696/42240)
Loss: 0.967 | Precision@1: 65.583% (27786/42368)
Loss: 0.967 | Precision@1: 65.597% (27876/42496)
Loss: 0.967 | Precision@1: 65.609% (27965/42624)
Loss: 0.967 | Precision@1: 65.597% (28044/42752)
Loss: 0.967 | Precision@1: 65.599% (28129/42880)
Loss: 0.967 | Precision@1: 65.613% (28219/43008)
Loss: 0.966 | Precision@1: 65.611% (28302/43136)
Loss: 0.967 | Precision@1: 65.602% (28382/43264)
Loss: 0.966 | Precision@1: 65.611% (28470/43392)
Loss: 0.966 | Precision@1: 65.604% (28551/43520)
Loss: 0.966 | Precision@1: 65.616% (28640/43648)
Loss: 0.966 | Precision@1: 65.627% (28729/43776)
Loss: 0.965 | Precision@1: 65.636% (28817/43904)
Loss: 0.965 | Precision@1: 65.645% (28905/44032)
Loss: 0.965 | Precision@1: 65.657% (28994/44160)
Loss: 0.965 | Precision@1: 65.666% (29082/44288)
Loss: 0.965 | Precision@1: 65.666% (29166/44416)
Loss: 0.965 | Precision@1: 65.659% (29247/44544)
Loss: 0.965 | Precision@1: 65.674% (29338/44672)
Loss: 0.965 | Precision@1: 65.690% (29429/44800)
Loss: 0.964 | Precision@1: 65.705% (29520/44928)
Loss: 0.964 | Precision@1: 65.703% (29603/45056)
Loss: 0.964 | Precision@1: 65.711% (29691/45184)
Loss: 0.964 | Precision@1: 65.709% (29774/45312)
Loss: 0.965 | Precision@1: 65.691% (29850/45440)
Loss: 0.965 | Precision@1: 65.708% (29942/45568)
Loss: 0.965 | Precision@1: 65.715% (30029/45696)
Loss: 0.964 | Precision@1: 65.732% (30121/45824)
Loss: 0.965 | Precision@1: 65.725% (30202/45952)
Loss: 0.964 | Precision@1: 65.740% (30293/46080)
Loss: 0.964 | Precision@1: 65.731% (30373/46208)
Loss: 0.964 | Precision@1: 65.737% (30460/46336)
Loss: 0.964 | Precision@1: 65.735% (30543/46464)
Loss: 0.964 | Precision@1: 65.726% (30623/46592)
Loss: 0.965 | Precision@1: 65.726% (30707/46720)
Loss: 0.965 | Precision@1: 65.713% (30785/46848)
Loss: 0.964 | Precision@1: 65.723% (30874/46976)
Loss: 0.964 | Precision@1: 65.735% (30964/47104)
Loss: 0.964 | Precision@1: 65.729% (31045/47232)
Loss: 0.964 | Precision@1: 65.741% (31135/47360)
Loss: 0.964 | Precision@1: 65.735% (31216/47488)
Loss: 0.964 | Precision@1: 65.755% (31310/47616)
Loss: 0.964 | Precision@1: 65.736% (31385/47744)
Loss: 0.964 | Precision@1: 65.759% (31480/47872)
Loss: 0.963 | Precision@1: 65.775% (31572/48000)
Loss: 0.963 | Precision@1: 65.779% (31658/48128)
Loss: 0.963 | Precision@1: 65.807% (31756/48256)
Loss: 0.963 | Precision@1: 65.809% (31841/48384)
Loss: 0.963 | Precision@1: 65.798% (31920/48512)
Loss: 0.962 | Precision@1: 65.806% (32008/48640)
Loss: 0.962 | Precision@1: 65.840% (32109/48768)
Loss: 0.962 | Precision@1: 65.838% (32192/48896)
Loss: 0.962 | Precision@1: 65.839% (32277/49024)
Loss: 0.962 | Precision@1: 65.841% (32362/49152)
Loss: 0.962 | Precision@1: 65.846% (32449/49280)
Loss: 0.962 | Precision@1: 65.854% (32537/49408)
Loss: 0.962 | Precision@1: 65.839% (32614/49536)
Loss: 0.961 | Precision@1: 65.836% (32697/49664)
Loss: 0.961 | Precision@1: 65.846% (32786/49792)
Loss: 0.961 | Precision@1: 65.853% (32874/49920)
Loss: 0.961 | Precision@1: 65.862% (32931/50000)

Aggregates: 			
 	 DataLoader Time: 1.0739 			
 	 Mini-batch Time:156.0602 			
 	 Training Epoch Time:156.2341
 			
 Averages: 			
 	 Training Loss: 0.9609

 Test set Averages: Loss: 1.141 | Precision@1: 62.280% (6228/10000)

Epoch: 4
Loss: 0.891 | Precision@1: 64.062% (82/128)
Loss: 0.949 | Precision@1: 64.062% (164/256)
Loss: 0.942 | Precision@1: 66.146% (254/384)
Loss: 0.917 | Precision@1: 67.578% (346/512)
Loss: 0.914 | Precision@1: 67.656% (433/640)
Loss: 0.908 | Precision@1: 67.969% (522/768)
Loss: 0.899 | Precision@1: 68.527% (614/896)
Loss: 0.876 | Precision@1: 69.043% (707/1024)
Loss: 0.882 | Precision@1: 69.358% (799/1152)
Loss: 0.867 | Precision@1: 69.844% (894/1280)
Loss: 0.882 | Precision@1: 69.318% (976/1408)
Loss: 0.886 | Precision@1: 69.206% (1063/1536)
Loss: 0.883 | Precision@1: 68.870% (1146/1664)
Loss: 0.879 | Precision@1: 69.196% (1240/1792)
Loss: 0.876 | Precision@1: 69.167% (1328/1920)
Loss: 0.870 | Precision@1: 69.385% (1421/2048)
Loss: 0.874 | Precision@1: 69.072% (1503/2176)
Loss: 0.880 | Precision@1: 68.793% (1585/2304)
Loss: 0.887 | Precision@1: 68.586% (1668/2432)
Loss: 0.890 | Precision@1: 68.477% (1753/2560)
Loss: 0.892 | Precision@1: 68.452% (1840/2688)
Loss: 0.893 | Precision@1: 68.324% (1924/2816)
Loss: 0.897 | Precision@1: 68.342% (2012/2944)
Loss: 0.891 | Precision@1: 68.685% (2110/3072)
Loss: 0.898 | Precision@1: 68.312% (2186/3200)
Loss: 0.890 | Precision@1: 68.780% (2289/3328)
Loss: 0.890 | Precision@1: 68.808% (2378/3456)
Loss: 0.893 | Precision@1: 68.806% (2466/3584)
Loss: 0.896 | Precision@1: 68.615% (2547/3712)
Loss: 0.895 | Precision@1: 68.542% (2632/3840)
Loss: 0.890 | Precision@1: 68.725% (2727/3968)
Loss: 0.883 | Precision@1: 68.921% (2823/4096)
Loss: 0.881 | Precision@1: 69.058% (2917/4224)
Loss: 0.878 | Precision@1: 69.233% (3013/4352)
Loss: 0.875 | Precision@1: 69.397% (3109/4480)
Loss: 0.881 | Precision@1: 69.271% (3192/4608)
Loss: 0.878 | Precision@1: 69.405% (3287/4736)
Loss: 0.875 | Precision@1: 69.470% (3379/4864)
Loss: 0.874 | Precision@1: 69.551% (3472/4992)
Loss: 0.872 | Precision@1: 69.570% (3562/5120)
Loss: 0.868 | Precision@1: 69.779% (3662/5248)
Loss: 0.868 | Precision@1: 69.866% (3756/5376)
Loss: 0.868 | Precision@1: 69.822% (3843/5504)
Loss: 0.869 | Precision@1: 69.691% (3925/5632)
Loss: 0.867 | Precision@1: 69.774% (4019/5760)
Loss: 0.865 | Precision@1: 69.752% (4107/5888)
Loss: 0.866 | Precision@1: 69.714% (4194/6016)
Loss: 0.862 | Precision@1: 69.857% (4292/6144)
Loss: 0.861 | Precision@1: 69.946% (4387/6272)
Loss: 0.861 | Precision@1: 69.906% (4474/6400)
Loss: 0.860 | Precision@1: 70.006% (4570/6528)
Loss: 0.864 | Precision@1: 69.892% (4652/6656)
Loss: 0.862 | Precision@1: 69.988% (4748/6784)
Loss: 0.864 | Precision@1: 69.835% (4827/6912)
Loss: 0.865 | Precision@1: 69.815% (4915/7040)
Loss: 0.863 | Precision@1: 69.936% (5013/7168)
Loss: 0.860 | Precision@1: 70.052% (5111/7296)
Loss: 0.860 | Precision@1: 70.084% (5203/7424)
Loss: 0.859 | Precision@1: 70.114% (5295/7552)
Loss: 0.860 | Precision@1: 70.039% (5379/7680)
Loss: 0.864 | Precision@1: 69.877% (5456/7808)
Loss: 0.863 | Precision@1: 69.934% (5550/7936)
Loss: 0.863 | Precision@1: 69.965% (5642/8064)
Loss: 0.863 | Precision@1: 69.885% (5725/8192)
Loss: 0.861 | Precision@1: 70.000% (5824/8320)
Loss: 0.857 | Precision@1: 70.088% (5921/8448)
Loss: 0.857 | Precision@1: 70.149% (6016/8576)
Loss: 0.856 | Precision@1: 70.186% (6109/8704)
Loss: 0.857 | Precision@1: 70.120% (6193/8832)
Loss: 0.857 | Precision@1: 70.112% (6282/8960)
Loss: 0.860 | Precision@1: 70.004% (6362/9088)
Loss: 0.860 | Precision@1: 69.922% (6444/9216)
Loss: 0.858 | Precision@1: 69.949% (6536/9344)
Loss: 0.858 | Precision@1: 69.954% (6626/9472)
Loss: 0.859 | Precision@1: 69.938% (6714/9600)
Loss: 0.858 | Precision@1: 69.953% (6805/9728)
Loss: 0.856 | Precision@1: 69.978% (6897/9856)
Loss: 0.856 | Precision@1: 70.022% (6991/9984)
Loss: 0.856 | Precision@1: 70.006% (7079/10112)
Loss: 0.855 | Precision@1: 70.039% (7172/10240)
Loss: 0.854 | Precision@1: 70.062% (7264/10368)
Loss: 0.853 | Precision@1: 70.074% (7355/10496)
Loss: 0.853 | Precision@1: 70.030% (7440/10624)
Loss: 0.851 | Precision@1: 70.071% (7534/10752)
Loss: 0.855 | Precision@1: 70.009% (7617/10880)
Loss: 0.854 | Precision@1: 69.958% (7701/11008)
Loss: 0.852 | Precision@1: 70.061% (7802/11136)
Loss: 0.852 | Precision@1: 70.082% (7894/11264)
Loss: 0.852 | Precision@1: 70.067% (7982/11392)
Loss: 0.852 | Precision@1: 70.104% (8076/11520)
Loss: 0.853 | Precision@1: 70.029% (8157/11648)
Loss: 0.853 | Precision@1: 70.049% (8249/11776)
Loss: 0.853 | Precision@1: 70.035% (8337/11904)
Loss: 0.852 | Precision@1: 70.063% (8430/12032)
Loss: 0.852 | Precision@1: 70.033% (8516/12160)
Loss: 0.852 | Precision@1: 70.052% (8608/12288)
Loss: 0.850 | Precision@1: 70.111% (8705/12416)
Loss: 0.851 | Precision@1: 70.097% (8793/12544)
Loss: 0.850 | Precision@1: 70.123% (8886/12672)
Loss: 0.850 | Precision@1: 70.156% (8980/12800)
Loss: 0.850 | Precision@1: 70.127% (9066/12928)
Loss: 0.850 | Precision@1: 70.106% (9153/13056)
Loss: 0.849 | Precision@1: 70.168% (9251/13184)
Loss: 0.847 | Precision@1: 70.215% (9347/13312)
Loss: 0.846 | Precision@1: 70.260% (9443/13440)
Loss: 0.848 | Precision@1: 70.202% (9525/13568)
Loss: 0.847 | Precision@1: 70.203% (9615/13696)
Loss: 0.848 | Precision@1: 70.190% (9703/13824)
Loss: 0.848 | Precision@1: 70.148% (9787/13952)
Loss: 0.849 | Precision@1: 70.099% (9870/14080)
Loss: 0.850 | Precision@1: 70.115% (9962/14208)
Loss: 0.849 | Precision@1: 70.159% (10058/14336)
Loss: 0.848 | Precision@1: 70.181% (10151/14464)
Loss: 0.847 | Precision@1: 70.265% (10253/14592)
Loss: 0.846 | Precision@1: 70.333% (10353/14720)
Loss: 0.846 | Precision@1: 70.306% (10439/14848)
Loss: 0.845 | Precision@1: 70.272% (10524/14976)
Loss: 0.845 | Precision@1: 70.260% (10612/15104)
Loss: 0.846 | Precision@1: 70.293% (10707/15232)
Loss: 0.845 | Precision@1: 70.339% (10804/15360)
Loss: 0.844 | Precision@1: 70.332% (10893/15488)
Loss: 0.845 | Precision@1: 70.293% (10977/15616)
Loss: 0.845 | Precision@1: 70.287% (11066/15744)
Loss: 0.845 | Precision@1: 70.287% (11156/15872)
Loss: 0.844 | Precision@1: 70.300% (11248/16000)
Loss: 0.843 | Precision@1: 70.362% (11348/16128)
Loss: 0.843 | Precision@1: 70.343% (11435/16256)
Loss: 0.843 | Precision@1: 70.343% (11525/16384)
Loss: 0.844 | Precision@1: 70.331% (11613/16512)
Loss: 0.843 | Precision@1: 70.379% (11711/16640)
Loss: 0.843 | Precision@1: 70.372% (11800/16768)
Loss: 0.843 | Precision@1: 70.378% (11891/16896)
Loss: 0.844 | Precision@1: 70.324% (11972/17024)
Loss: 0.844 | Precision@1: 70.336% (12064/17152)
Loss: 0.843 | Precision@1: 70.376% (12161/17280)
Loss: 0.843 | Precision@1: 70.353% (12247/17408)
Loss: 0.843 | Precision@1: 70.364% (12339/17536)
Loss: 0.844 | Precision@1: 70.329% (12423/17664)
Loss: 0.844 | Precision@1: 70.312% (12510/17792)
Loss: 0.845 | Precision@1: 70.273% (12593/17920)
Loss: 0.845 | Precision@1: 70.240% (12677/18048)
Loss: 0.846 | Precision@1: 70.208% (12761/18176)
Loss: 0.846 | Precision@1: 70.258% (12860/18304)
Loss: 0.846 | Precision@1: 70.258% (12950/18432)
Loss: 0.846 | Precision@1: 70.264% (13041/18560)
Loss: 0.845 | Precision@1: 70.264% (13131/18688)
Loss: 0.844 | Precision@1: 70.286% (13225/18816)
Loss: 0.844 | Precision@1: 70.339% (13325/18944)
Loss: 0.844 | Precision@1: 70.312% (13410/19072)
Loss: 0.843 | Precision@1: 70.297% (13497/19200)
Loss: 0.843 | Precision@1: 70.287% (13585/19328)
Loss: 0.843 | Precision@1: 70.307% (13679/19456)
Loss: 0.843 | Precision@1: 70.338% (13775/19584)
Loss: 0.841 | Precision@1: 70.378% (13873/19712)
Loss: 0.840 | Precision@1: 70.403% (13968/19840)
Loss: 0.840 | Precision@1: 70.423% (14062/19968)
Loss: 0.839 | Precision@1: 70.427% (14153/20096)
Loss: 0.839 | Precision@1: 70.441% (14246/20224)
Loss: 0.840 | Precision@1: 70.445% (14337/20352)
Loss: 0.838 | Precision@1: 70.464% (14431/20480)
Loss: 0.838 | Precision@1: 70.473% (14523/20608)
Loss: 0.837 | Precision@1: 70.515% (14622/20736)
Loss: 0.837 | Precision@1: 70.533% (14716/20864)
Loss: 0.837 | Precision@1: 70.541% (14808/20992)
Loss: 0.837 | Precision@1: 70.545% (14899/21120)
Loss: 0.838 | Precision@1: 70.548% (14990/21248)
Loss: 0.837 | Precision@1: 70.579% (15087/21376)
Loss: 0.838 | Precision@1: 70.545% (15170/21504)
Loss: 0.837 | Precision@1: 70.567% (15265/21632)
Loss: 0.837 | Precision@1: 70.597% (15362/21760)
Loss: 0.836 | Precision@1: 70.619% (15457/21888)
Loss: 0.837 | Precision@1: 70.558% (15534/22016)
Loss: 0.836 | Precision@1: 70.597% (15633/22144)
Loss: 0.836 | Precision@1: 70.600% (15724/22272)
Loss: 0.836 | Precision@1: 70.638% (15823/22400)
Loss: 0.834 | Precision@1: 70.685% (15924/22528)
Loss: 0.835 | Precision@1: 70.657% (16008/22656)
Loss: 0.834 | Precision@1: 70.690% (16106/22784)
Loss: 0.834 | Precision@1: 70.714% (16202/22912)
Loss: 0.833 | Precision@1: 70.734% (16297/23040)
Loss: 0.833 | Precision@1: 70.757% (16393/23168)
Loss: 0.833 | Precision@1: 70.759% (16484/23296)
Loss: 0.833 | Precision@1: 70.731% (16568/23424)
Loss: 0.833 | Precision@1: 70.741% (16661/23552)
Loss: 0.832 | Precision@1: 70.743% (16752/23680)
Loss: 0.832 | Precision@1: 70.737% (16841/23808)
Loss: 0.832 | Precision@1: 70.734% (16931/23936)
Loss: 0.832 | Precision@1: 70.720% (17018/24064)
Loss: 0.832 | Precision@1: 70.709% (17106/24192)
Loss: 0.832 | Precision@1: 70.724% (17200/24320)
Loss: 0.832 | Precision@1: 70.730% (17292/24448)
Loss: 0.831 | Precision@1: 70.752% (17388/24576)
Loss: 0.831 | Precision@1: 70.742% (17476/24704)
Loss: 0.831 | Precision@1: 70.727% (17563/24832)
Loss: 0.831 | Precision@1: 70.725% (17653/24960)
Loss: 0.831 | Precision@1: 70.707% (17739/25088)
Loss: 0.830 | Precision@1: 70.753% (17841/25216)
Loss: 0.830 | Precision@1: 70.766% (17935/25344)
Loss: 0.830 | Precision@1: 70.780% (18029/25472)
Loss: 0.829 | Precision@1: 70.777% (18119/25600)
Loss: 0.830 | Precision@1: 70.759% (18205/25728)
Loss: 0.830 | Precision@1: 70.773% (18299/25856)
Loss: 0.829 | Precision@1: 70.794% (18395/25984)
Loss: 0.829 | Precision@1: 70.826% (18494/26112)
Loss: 0.828 | Precision@1: 70.857% (18593/26240)
Loss: 0.827 | Precision@1: 70.866% (18686/26368)
Loss: 0.827 | Precision@1: 70.886% (18782/26496)
Loss: 0.826 | Precision@1: 70.887% (18873/26624)
Loss: 0.827 | Precision@1: 70.866% (18958/26752)
Loss: 0.827 | Precision@1: 70.848% (19044/26880)
Loss: 0.827 | Precision@1: 70.853% (19136/27008)
Loss: 0.826 | Precision@1: 70.843% (19224/27136)
Loss: 0.827 | Precision@1: 70.837% (19313/27264)
Loss: 0.827 | Precision@1: 70.813% (19397/27392)
Loss: 0.827 | Precision@1: 70.818% (19489/27520)
Loss: 0.827 | Precision@1: 70.808% (19577/27648)
Loss: 0.827 | Precision@1: 70.806% (19667/27776)
Loss: 0.827 | Precision@1: 70.803% (19757/27904)
Loss: 0.826 | Precision@1: 70.848% (19860/28032)
Loss: 0.826 | Precision@1: 70.835% (19947/28160)
Loss: 0.826 | Precision@1: 70.846% (20041/28288)
Loss: 0.825 | Precision@1: 70.869% (20138/28416)
Loss: 0.826 | Precision@1: 70.863% (20227/28544)
Loss: 0.826 | Precision@1: 70.871% (20320/28672)
Loss: 0.825 | Precision@1: 70.885% (20415/28800)
Loss: 0.825 | Precision@1: 70.890% (20507/28928)
Loss: 0.825 | Precision@1: 70.887% (20597/29056)
Loss: 0.824 | Precision@1: 70.909% (20694/29184)
Loss: 0.823 | Precision@1: 70.927% (20790/29312)
Loss: 0.823 | Precision@1: 70.927% (20881/29440)
Loss: 0.823 | Precision@1: 70.915% (20968/29568)
Loss: 0.823 | Precision@1: 70.898% (21054/29696)
Loss: 0.824 | Precision@1: 70.862% (21134/29824)
Loss: 0.824 | Precision@1: 70.887% (21232/29952)
Loss: 0.824 | Precision@1: 70.878% (21320/30080)
Loss: 0.824 | Precision@1: 70.895% (21416/30208)
Loss: 0.824 | Precision@1: 70.906% (21510/30336)
Loss: 0.825 | Precision@1: 70.894% (21597/30464)
Loss: 0.824 | Precision@1: 70.930% (21699/30592)
Loss: 0.824 | Precision@1: 70.934% (21791/30720)
Loss: 0.824 | Precision@1: 70.938% (21883/30848)
Loss: 0.824 | Precision@1: 70.948% (21977/30976)
Loss: 0.823 | Precision@1: 70.962% (22072/31104)
Loss: 0.823 | Precision@1: 70.982% (22169/31232)
Loss: 0.822 | Precision@1: 71.008% (22268/31360)
Loss: 0.822 | Precision@1: 71.005% (22358/31488)
Loss: 0.822 | Precision@1: 71.021% (22454/31616)
Loss: 0.823 | Precision@1: 70.971% (22529/31744)
Loss: 0.823 | Precision@1: 70.956% (22615/31872)
Loss: 0.823 | Precision@1: 70.963% (22708/32000)
Loss: 0.823 | Precision@1: 70.951% (22795/32128)
Loss: 0.822 | Precision@1: 70.985% (22897/32256)
Loss: 0.823 | Precision@1: 70.986% (22988/32384)
Loss: 0.823 | Precision@1: 70.980% (23077/32512)
Loss: 0.823 | Precision@1: 70.983% (23169/32640)
Loss: 0.824 | Precision@1: 70.950% (23249/32768)
Loss: 0.824 | Precision@1: 70.927% (23332/32896)
Loss: 0.824 | Precision@1: 70.924% (23422/33024)
Loss: 0.823 | Precision@1: 70.955% (23523/33152)
Loss: 0.823 | Precision@1: 70.965% (23617/33280)
Loss: 0.824 | Precision@1: 70.962% (23707/33408)
Loss: 0.823 | Precision@1: 70.969% (23800/33536)
Loss: 0.823 | Precision@1: 71.008% (23904/33664)
Loss: 0.822 | Precision@1: 71.023% (24000/33792)
Loss: 0.822 | Precision@1: 71.038% (24096/33920)
Loss: 0.821 | Precision@1: 71.061% (24195/34048)
Loss: 0.821 | Precision@1: 71.067% (24288/34176)
Loss: 0.821 | Precision@1: 71.082% (24384/34304)
Loss: 0.821 | Precision@1: 71.068% (24470/34432)
Loss: 0.821 | Precision@1: 71.088% (24568/34560)
Loss: 0.820 | Precision@1: 71.105% (24665/34688)
Loss: 0.820 | Precision@1: 71.120% (24761/34816)
Loss: 0.820 | Precision@1: 71.145% (24861/34944)
Loss: 0.820 | Precision@1: 71.171% (24961/35072)
Loss: 0.819 | Precision@1: 71.179% (25055/35200)
Loss: 0.819 | Precision@1: 71.184% (25148/35328)
Loss: 0.818 | Precision@1: 71.209% (25248/35456)
Loss: 0.818 | Precision@1: 71.237% (25349/35584)
Loss: 0.818 | Precision@1: 71.242% (25442/35712)
Loss: 0.818 | Precision@1: 71.256% (25538/35840)
Loss: 0.818 | Precision@1: 71.252% (25628/35968)
Loss: 0.819 | Precision@1: 71.249% (25718/36096)
Loss: 0.819 | Precision@1: 71.265% (25815/36224)
Loss: 0.819 | Precision@1: 71.259% (25904/36352)
Loss: 0.819 | Precision@1: 71.272% (26000/36480)
Loss: 0.818 | Precision@1: 71.290% (26098/36608)
Loss: 0.818 | Precision@1: 71.309% (26196/36736)
Loss: 0.818 | Precision@1: 71.319% (26291/36864)
Loss: 0.818 | Precision@1: 71.326% (26385/36992)
Loss: 0.818 | Precision@1: 71.323% (26475/37120)
Loss: 0.817 | Precision@1: 71.354% (26578/37248)
Loss: 0.817 | Precision@1: 71.356% (26670/37376)
Loss: 0.817 | Precision@1: 71.371% (26767/37504)
Loss: 0.817 | Precision@1: 71.352% (26851/37632)
Loss: 0.817 | Precision@1: 71.335% (26936/37760)
Loss: 0.818 | Precision@1: 71.326% (27024/37888)
Loss: 0.817 | Precision@1: 71.336% (27119/38016)
Loss: 0.818 | Precision@1: 71.324% (27206/38144)
Loss: 0.817 | Precision@1: 71.350% (27307/38272)
Loss: 0.817 | Precision@1: 71.359% (27402/38400)
Loss: 0.816 | Precision@1: 71.387% (27504/38528)
Loss: 0.816 | Precision@1: 71.402% (27601/38656)
Loss: 0.816 | Precision@1: 71.408% (27695/38784)
Loss: 0.816 | Precision@1: 71.415% (27789/38912)
Loss: 0.817 | Precision@1: 71.391% (27871/39040)
Loss: 0.816 | Precision@1: 71.400% (27966/39168)
Loss: 0.816 | Precision@1: 71.397% (28056/39296)
Loss: 0.816 | Precision@1: 71.411% (28153/39424)
Loss: 0.816 | Precision@1: 71.425% (28250/39552)
Loss: 0.815 | Precision@1: 71.449% (28351/39680)
Loss: 0.816 | Precision@1: 71.445% (28441/39808)
Loss: 0.816 | Precision@1: 71.427% (28525/39936)
Loss: 0.816 | Precision@1: 71.446% (28624/40064)
Loss: 0.816 | Precision@1: 71.450% (28717/40192)
Loss: 0.816 | Precision@1: 71.458% (28812/40320)
Loss: 0.816 | Precision@1: 71.447% (28899/40448)
Loss: 0.816 | Precision@1: 71.461% (28996/40576)
Loss: 0.816 | Precision@1: 71.467% (29090/40704)
Loss: 0.816 | Precision@1: 71.486% (29189/40832)
Loss: 0.816 | Precision@1: 71.494% (29284/40960)
Loss: 0.815 | Precision@1: 71.510% (29382/41088)
Loss: 0.815 | Precision@1: 71.526% (29480/41216)
Loss: 0.814 | Precision@1: 71.546% (29580/41344)
Loss: 0.814 | Precision@1: 71.542% (29670/41472)
Loss: 0.814 | Precision@1: 71.560% (29769/41600)
Loss: 0.813 | Precision@1: 71.595% (29875/41728)
Loss: 0.812 | Precision@1: 71.624% (29979/41856)
Loss: 0.812 | Precision@1: 71.615% (30067/41984)
Loss: 0.812 | Precision@1: 71.607% (30155/42112)
Loss: 0.812 | Precision@1: 71.624% (30254/42240)
Loss: 0.812 | Precision@1: 71.634% (30350/42368)
Loss: 0.811 | Precision@1: 71.640% (30444/42496)
Loss: 0.812 | Precision@1: 71.626% (30530/42624)
Loss: 0.811 | Precision@1: 71.636% (30626/42752)
Loss: 0.811 | Precision@1: 71.660% (30728/42880)
Loss: 0.810 | Precision@1: 71.680% (30828/43008)
Loss: 0.810 | Precision@1: 71.701% (30929/43136)
Loss: 0.809 | Precision@1: 71.725% (31031/43264)
Loss: 0.809 | Precision@1: 71.725% (31123/43392)
Loss: 0.809 | Precision@1: 71.721% (31213/43520)
Loss: 0.809 | Precision@1: 71.740% (31313/43648)
Loss: 0.809 | Precision@1: 71.747% (31408/43776)
Loss: 0.809 | Precision@1: 71.757% (31504/43904)
Loss: 0.809 | Precision@1: 71.755% (31595/44032)
Loss: 0.808 | Precision@1: 71.762% (31690/44160)
Loss: 0.808 | Precision@1: 71.778% (31789/44288)
Loss: 0.808 | Precision@1: 71.783% (31883/44416)
Loss: 0.808 | Precision@1: 71.767% (31968/44544)
Loss: 0.808 | Precision@1: 71.779% (32065/44672)
Loss: 0.808 | Precision@1: 71.799% (32166/44800)
Loss: 0.807 | Precision@1: 71.806% (32261/44928)
Loss: 0.807 | Precision@1: 71.831% (32364/45056)
Loss: 0.807 | Precision@1: 71.842% (32461/45184)
Loss: 0.806 | Precision@1: 71.868% (32565/45312)
Loss: 0.806 | Precision@1: 71.873% (32659/45440)
Loss: 0.806 | Precision@1: 71.875% (32752/45568)
Loss: 0.806 | Precision@1: 71.879% (32846/45696)
Loss: 0.806 | Precision@1: 71.868% (32933/45824)
Loss: 0.806 | Precision@1: 71.884% (33032/45952)
Loss: 0.806 | Precision@1: 71.873% (33119/46080)
Loss: 0.806 | Precision@1: 71.862% (33206/46208)
Loss: 0.806 | Precision@1: 71.856% (33295/46336)
Loss: 0.806 | Precision@1: 71.851% (33385/46464)
Loss: 0.806 | Precision@1: 71.866% (33484/46592)
Loss: 0.806 | Precision@1: 71.888% (33586/46720)
Loss: 0.806 | Precision@1: 71.886% (33677/46848)
Loss: 0.806 | Precision@1: 71.881% (33767/46976)
Loss: 0.806 | Precision@1: 71.888% (33862/47104)
Loss: 0.806 | Precision@1: 71.890% (33955/47232)
Loss: 0.805 | Precision@1: 71.892% (34048/47360)
Loss: 0.805 | Precision@1: 71.902% (34145/47488)
Loss: 0.805 | Precision@1: 71.923% (34247/47616)
Loss: 0.805 | Precision@1: 71.921% (34338/47744)
Loss: 0.805 | Precision@1: 71.913% (34426/47872)
Loss: 0.805 | Precision@1: 71.912% (34518/48000)
Loss: 0.805 | Precision@1: 71.921% (34614/48128)
Loss: 0.805 | Precision@1: 71.916% (34704/48256)
Loss: 0.806 | Precision@1: 71.898% (34787/48384)
Loss: 0.805 | Precision@1: 71.908% (34884/48512)
Loss: 0.805 | Precision@1: 71.922% (34983/48640)
Loss: 0.805 | Precision@1: 71.941% (35084/48768)
Loss: 0.805 | Precision@1: 71.945% (35178/48896)
Loss: 0.805 | Precision@1: 71.944% (35270/49024)
Loss: 0.805 | Precision@1: 71.954% (35367/49152)
Loss: 0.805 | Precision@1: 71.978% (35471/49280)
Loss: 0.804 | Precision@1: 71.976% (35562/49408)
Loss: 0.804 | Precision@1: 71.984% (35658/49536)
Loss: 0.804 | Precision@1: 71.982% (35749/49664)
Loss: 0.804 | Precision@1: 71.993% (35847/49792)
Loss: 0.804 | Precision@1: 72.001% (35943/49920)
Loss: 0.804 | Precision@1: 72.006% (36003/50000)

Aggregates: 			
 	 DataLoader Time: 1.0559 			
 	 Mini-batch Time:155.4787 			
 	 Training Epoch Time:155.6523
 			
 Averages: 			
 	 Training Loss: 0.8035

 Test set Averages: Loss: 0.892 | Precision@1: 69.680% (6968/10000)
Average dataloader time is 1.07
