model name	: Intel(R) Xeon(R) Gold 6152 CPU @ 2.10GHz
Tue Oct 29 19:11:39 2019       
+-----------------------------------------------------------------------------+
| NVIDIA-SMI 418.74       Driver Version: 418.74       CUDA Version: 10.1     |
|-------------------------------+----------------------+----------------------+
| GPU  Name        Persistence-M| Bus-Id        Disp.A | Volatile Uncorr. ECC |
| Fan  Temp  Perf  Pwr:Usage/Cap|         Memory-Usage | GPU-Util  Compute M. |
|===============================+======================+======================|
|   0  GeForce RTX 208...  On   | 00000000:3B:00.0 Off |                  N/A |
| 34%   48C    P2    78W / 250W |    990MiB / 10989MiB |      4%      Default |
+-------------------------------+----------------------+----------------------+
                                                                               
+-----------------------------------------------------------------------------+
| Processes:                                                       GPU Memory |
|  GPU       PID   Type   Process name                             Usage      |
|=============================================================================|
|    0    258196      C   python3                                      979MiB |
+-----------------------------------------------------------------------------+
Files already downloaded and verified
Files already downloaded and verified

Epoch: 0
Loss: 2.449 | Precision@1: 7.812% (10/128)
Loss: 2.795 | Precision@1: 8.984% (23/256)
Loss: 2.939 | Precision@1: 10.677% (41/384)
Loss: 3.111 | Precision@1: 10.547% (54/512)
Loss: 3.186 | Precision@1: 9.531% (61/640)
Loss: 3.147 | Precision@1: 9.896% (76/768)
Loss: 3.031 | Precision@1: 11.161% (100/896)
Loss: 2.994 | Precision@1: 11.523% (118/1024)
Loss: 2.935 | Precision@1: 12.240% (141/1152)
Loss: 2.879 | Precision@1: 13.047% (167/1280)
Loss: 2.816 | Precision@1: 13.636% (192/1408)
Loss: 2.757 | Precision@1: 14.648% (225/1536)
Loss: 2.719 | Precision@1: 15.385% (256/1664)
Loss: 2.688 | Precision@1: 15.569% (279/1792)
Loss: 2.665 | Precision@1: 15.677% (301/1920)
Loss: 2.632 | Precision@1: 16.016% (328/2048)
Loss: 2.613 | Precision@1: 16.314% (355/2176)
Loss: 2.596 | Precision@1: 16.580% (382/2304)
Loss: 2.568 | Precision@1: 16.817% (409/2432)
Loss: 2.550 | Precision@1: 16.875% (432/2560)
Loss: 2.526 | Precision@1: 17.336% (466/2688)
Loss: 2.497 | Precision@1: 17.898% (504/2816)
Loss: 2.472 | Precision@1: 18.037% (531/2944)
Loss: 2.450 | Precision@1: 18.587% (571/3072)
Loss: 2.441 | Precision@1: 18.750% (600/3200)
Loss: 2.434 | Precision@1: 18.690% (622/3328)
Loss: 2.421 | Precision@1: 19.039% (658/3456)
Loss: 2.408 | Precision@1: 19.392% (695/3584)
Loss: 2.395 | Precision@1: 19.558% (726/3712)
Loss: 2.385 | Precision@1: 19.714% (757/3840)
Loss: 2.378 | Precision@1: 19.682% (781/3968)
Loss: 2.371 | Precision@1: 19.751% (809/4096)
Loss: 2.361 | Precision@1: 19.934% (842/4224)
Loss: 2.349 | Precision@1: 20.037% (872/4352)
Loss: 2.343 | Precision@1: 20.045% (898/4480)
Loss: 2.329 | Precision@1: 20.551% (947/4608)
Loss: 2.323 | Precision@1: 20.629% (977/4736)
Loss: 2.320 | Precision@1: 20.600% (1002/4864)
Loss: 2.315 | Precision@1: 20.673% (1032/4992)
Loss: 2.306 | Precision@1: 20.859% (1068/5120)
Loss: 2.300 | Precision@1: 21.037% (1104/5248)
Loss: 2.293 | Precision@1: 21.094% (1134/5376)
Loss: 2.285 | Precision@1: 21.148% (1164/5504)
Loss: 2.278 | Precision@1: 21.360% (1203/5632)
Loss: 2.279 | Precision@1: 21.302% (1227/5760)
Loss: 2.273 | Precision@1: 21.518% (1267/5888)
Loss: 2.266 | Precision@1: 21.592% (1299/6016)
Loss: 2.257 | Precision@1: 21.891% (1345/6144)
Loss: 2.249 | Precision@1: 21.987% (1379/6272)
Loss: 2.245 | Precision@1: 22.078% (1413/6400)
Loss: 2.241 | Precision@1: 22.197% (1449/6528)
Loss: 2.237 | Precision@1: 22.191% (1477/6656)
Loss: 2.235 | Precision@1: 22.185% (1505/6784)
Loss: 2.230 | Precision@1: 22.164% (1532/6912)
Loss: 2.225 | Precision@1: 22.287% (1569/7040)
Loss: 2.220 | Precision@1: 22.294% (1598/7168)
Loss: 2.213 | Precision@1: 22.410% (1635/7296)
Loss: 2.207 | Precision@1: 22.548% (1674/7424)
Loss: 2.201 | Precision@1: 22.696% (1714/7552)
Loss: 2.196 | Precision@1: 22.826% (1753/7680)
Loss: 2.191 | Precision@1: 23.015% (1797/7808)
Loss: 2.184 | Precision@1: 23.160% (1838/7936)
Loss: 2.182 | Precision@1: 23.103% (1863/8064)
Loss: 2.179 | Precision@1: 23.193% (1900/8192)
Loss: 2.173 | Precision@1: 23.317% (1940/8320)
Loss: 2.169 | Precision@1: 23.307% (1969/8448)
Loss: 2.166 | Precision@1: 23.286% (1997/8576)
Loss: 2.166 | Precision@1: 23.323% (2030/8704)
Loss: 2.164 | Precision@1: 23.347% (2062/8832)
Loss: 2.160 | Precision@1: 23.449% (2101/8960)
Loss: 2.156 | Precision@1: 23.603% (2145/9088)
Loss: 2.153 | Precision@1: 23.600% (2175/9216)
Loss: 2.151 | Precision@1: 23.566% (2202/9344)
Loss: 2.148 | Precision@1: 23.554% (2231/9472)
Loss: 2.146 | Precision@1: 23.562% (2262/9600)
Loss: 2.145 | Precision@1: 23.520% (2288/9728)
Loss: 2.142 | Precision@1: 23.620% (2328/9856)
Loss: 2.139 | Precision@1: 23.758% (2372/9984)
Loss: 2.135 | Precision@1: 23.863% (2413/10112)
Loss: 2.133 | Precision@1: 23.945% (2452/10240)
Loss: 2.131 | Precision@1: 23.968% (2485/10368)
Loss: 2.128 | Precision@1: 24.047% (2524/10496)
Loss: 2.126 | Precision@1: 24.125% (2563/10624)
Loss: 2.123 | Precision@1: 24.070% (2588/10752)
Loss: 2.117 | Precision@1: 24.246% (2638/10880)
Loss: 2.114 | Precision@1: 24.282% (2673/11008)
Loss: 2.111 | Precision@1: 24.335% (2710/11136)
Loss: 2.108 | Precision@1: 24.450% (2754/11264)
Loss: 2.105 | Precision@1: 24.508% (2792/11392)
Loss: 2.103 | Precision@1: 24.583% (2832/11520)
Loss: 2.103 | Precision@1: 24.536% (2858/11648)
Loss: 2.102 | Precision@1: 24.524% (2888/11776)
Loss: 2.100 | Precision@1: 24.572% (2925/11904)
Loss: 2.097 | Precision@1: 24.618% (2962/12032)
Loss: 2.095 | Precision@1: 24.688% (3002/12160)
Loss: 2.092 | Precision@1: 24.837% (3052/12288)
Loss: 2.090 | Precision@1: 24.871% (3088/12416)
Loss: 2.089 | Precision@1: 24.896% (3123/12544)
Loss: 2.086 | Precision@1: 25.008% (3169/12672)
Loss: 2.084 | Precision@1: 25.070% (3209/12800)
Loss: 2.083 | Precision@1: 25.070% (3241/12928)
Loss: 2.080 | Precision@1: 25.138% (3282/13056)
Loss: 2.078 | Precision@1: 25.220% (3325/13184)
Loss: 2.077 | Precision@1: 25.218% (3357/13312)
Loss: 2.075 | Precision@1: 25.246% (3393/13440)
Loss: 2.073 | Precision@1: 25.391% (3445/13568)
Loss: 2.071 | Precision@1: 25.445% (3485/13696)
Loss: 2.070 | Precision@1: 25.470% (3521/13824)
Loss: 2.067 | Precision@1: 25.559% (3566/13952)
Loss: 2.065 | Precision@1: 25.554% (3598/14080)
Loss: 2.061 | Precision@1: 25.669% (3647/14208)
Loss: 2.058 | Precision@1: 25.753% (3692/14336)
Loss: 2.057 | Precision@1: 25.767% (3727/14464)
Loss: 2.055 | Precision@1: 25.829% (3769/14592)
Loss: 2.053 | Precision@1: 25.856% (3806/14720)
Loss: 2.050 | Precision@1: 25.950% (3853/14848)
Loss: 2.049 | Precision@1: 26.002% (3894/14976)
Loss: 2.047 | Precision@1: 26.053% (3935/15104)
Loss: 2.045 | Precision@1: 26.175% (3987/15232)
Loss: 2.042 | Precision@1: 26.211% (4026/15360)
Loss: 2.041 | Precision@1: 26.233% (4063/15488)
Loss: 2.040 | Precision@1: 26.281% (4104/15616)
Loss: 2.038 | Precision@1: 26.315% (4143/15744)
Loss: 2.037 | Precision@1: 26.329% (4179/15872)
Loss: 2.035 | Precision@1: 26.337% (4214/16000)
Loss: 2.034 | Precision@1: 26.401% (4258/16128)
Loss: 2.031 | Precision@1: 26.495% (4307/16256)
Loss: 2.027 | Precision@1: 26.593% (4357/16384)
Loss: 2.024 | Precision@1: 26.672% (4404/16512)
Loss: 2.023 | Precision@1: 26.695% (4442/16640)
Loss: 2.022 | Precision@1: 26.747% (4485/16768)
Loss: 2.021 | Precision@1: 26.752% (4520/16896)
Loss: 2.019 | Precision@1: 26.874% (4575/17024)
Loss: 2.016 | Precision@1: 26.895% (4613/17152)
Loss: 2.014 | Precision@1: 26.979% (4662/17280)
Loss: 2.012 | Precision@1: 27.034% (4706/17408)
Loss: 2.011 | Precision@1: 27.070% (4747/17536)
Loss: 2.009 | Precision@1: 27.123% (4791/17664)
Loss: 2.007 | Precision@1: 27.231% (4845/17792)
Loss: 2.005 | Precision@1: 27.288% (4890/17920)
Loss: 2.004 | Precision@1: 27.333% (4933/18048)
Loss: 2.003 | Precision@1: 27.399% (4980/18176)
Loss: 2.002 | Precision@1: 27.398% (5015/18304)
Loss: 2.001 | Precision@1: 27.414% (5053/18432)
Loss: 1.999 | Precision@1: 27.441% (5093/18560)
Loss: 1.998 | Precision@1: 27.456% (5131/18688)
Loss: 1.996 | Precision@1: 27.551% (5184/18816)
Loss: 1.994 | Precision@1: 27.634% (5235/18944)
Loss: 1.994 | Precision@1: 27.611% (5266/19072)
Loss: 1.993 | Precision@1: 27.656% (5310/19200)
Loss: 1.991 | Precision@1: 27.716% (5357/19328)
Loss: 1.988 | Precision@1: 27.781% (5405/19456)
Loss: 1.985 | Precision@1: 27.900% (5464/19584)
Loss: 1.982 | Precision@1: 27.978% (5515/19712)
Loss: 1.981 | Precision@1: 27.979% (5551/19840)
Loss: 1.980 | Precision@1: 27.990% (5589/19968)
Loss: 1.978 | Precision@1: 28.021% (5631/20096)
Loss: 1.977 | Precision@1: 28.061% (5675/20224)
Loss: 1.978 | Precision@1: 28.046% (5708/20352)
Loss: 1.978 | Precision@1: 28.062% (5747/20480)
Loss: 1.977 | Precision@1: 28.081% (5787/20608)
Loss: 1.975 | Precision@1: 28.111% (5829/20736)
Loss: 1.974 | Precision@1: 28.178% (5879/20864)
Loss: 1.972 | Precision@1: 28.187% (5917/20992)
Loss: 1.970 | Precision@1: 28.243% (5965/21120)
Loss: 1.968 | Precision@1: 28.294% (6012/21248)
Loss: 1.966 | Precision@1: 28.345% (6059/21376)
Loss: 1.965 | Precision@1: 28.358% (6098/21504)
Loss: 1.963 | Precision@1: 28.453% (6155/21632)
Loss: 1.962 | Precision@1: 28.470% (6195/21760)
Loss: 1.960 | Precision@1: 28.518% (6242/21888)
Loss: 1.959 | Precision@1: 28.552% (6286/22016)
Loss: 1.958 | Precision@1: 28.554% (6323/22144)
Loss: 1.957 | Precision@1: 28.574% (6364/22272)
Loss: 1.955 | Precision@1: 28.621% (6411/22400)
Loss: 1.953 | Precision@1: 28.671% (6459/22528)
Loss: 1.951 | Precision@1: 28.739% (6511/22656)
Loss: 1.949 | Precision@1: 28.810% (6564/22784)
Loss: 1.949 | Precision@1: 28.819% (6603/22912)
Loss: 1.949 | Precision@1: 28.806% (6637/23040)
Loss: 1.949 | Precision@1: 28.777% (6667/23168)
Loss: 1.948 | Precision@1: 28.799% (6709/23296)
Loss: 1.946 | Precision@1: 28.859% (6760/23424)
Loss: 1.945 | Precision@1: 28.923% (6812/23552)
Loss: 1.943 | Precision@1: 28.978% (6862/23680)
Loss: 1.942 | Precision@1: 29.036% (6913/23808)
Loss: 1.939 | Precision@1: 29.103% (6966/23936)
Loss: 1.937 | Precision@1: 29.181% (7022/24064)
Loss: 1.936 | Precision@1: 29.216% (7068/24192)
Loss: 1.935 | Precision@1: 29.252% (7114/24320)
Loss: 1.933 | Precision@1: 29.287% (7160/24448)
Loss: 1.931 | Precision@1: 29.329% (7208/24576)
Loss: 1.930 | Precision@1: 29.339% (7248/24704)
Loss: 1.928 | Precision@1: 29.422% (7306/24832)
Loss: 1.926 | Precision@1: 29.495% (7362/24960)
Loss: 1.924 | Precision@1: 29.548% (7413/25088)
Loss: 1.923 | Precision@1: 29.604% (7465/25216)
Loss: 1.922 | Precision@1: 29.636% (7511/25344)
Loss: 1.921 | Precision@1: 29.676% (7559/25472)
Loss: 1.920 | Precision@1: 29.688% (7600/25600)
Loss: 1.918 | Precision@1: 29.769% (7659/25728)
Loss: 1.917 | Precision@1: 29.804% (7706/25856)
Loss: 1.916 | Precision@1: 29.865% (7760/25984)
Loss: 1.914 | Precision@1: 29.906% (7809/26112)
Loss: 1.912 | Precision@1: 29.962% (7862/26240)
Loss: 1.911 | Precision@1: 30.017% (7915/26368)
Loss: 1.909 | Precision@1: 30.069% (7967/26496)
Loss: 1.907 | Precision@1: 30.161% (8030/26624)
Loss: 1.906 | Precision@1: 30.185% (8075/26752)
Loss: 1.905 | Precision@1: 30.227% (8125/26880)
Loss: 1.904 | Precision@1: 30.243% (8168/27008)
Loss: 1.904 | Precision@1: 30.240% (8206/27136)
Loss: 1.903 | Precision@1: 30.278% (8255/27264)
Loss: 1.902 | Precision@1: 30.345% (8312/27392)
Loss: 1.900 | Precision@1: 30.396% (8365/27520)
Loss: 1.899 | Precision@1: 30.422% (8411/27648)
Loss: 1.898 | Precision@1: 30.436% (8454/27776)
Loss: 1.898 | Precision@1: 30.426% (8490/27904)
Loss: 1.897 | Precision@1: 30.469% (8541/28032)
Loss: 1.895 | Precision@1: 30.533% (8598/28160)
Loss: 1.894 | Precision@1: 30.564% (8646/28288)
Loss: 1.893 | Precision@1: 30.620% (8701/28416)
Loss: 1.892 | Precision@1: 30.668% (8754/28544)
Loss: 1.890 | Precision@1: 30.706% (8804/28672)
Loss: 1.889 | Precision@1: 30.778% (8864/28800)
Loss: 1.888 | Precision@1: 30.797% (8909/28928)
Loss: 1.886 | Precision@1: 30.827% (8957/29056)
Loss: 1.886 | Precision@1: 30.853% (9004/29184)
Loss: 1.884 | Precision@1: 30.899% (9057/29312)
Loss: 1.884 | Precision@1: 30.914% (9101/29440)
Loss: 1.883 | Precision@1: 30.939% (9148/29568)
Loss: 1.882 | Precision@1: 31.001% (9206/29696)
Loss: 1.880 | Precision@1: 31.042% (9258/29824)
Loss: 1.879 | Precision@1: 31.093% (9313/29952)
Loss: 1.877 | Precision@1: 31.147% (9369/30080)
Loss: 1.877 | Precision@1: 31.174% (9417/30208)
Loss: 1.875 | Precision@1: 31.210% (9468/30336)
Loss: 1.875 | Precision@1: 31.224% (9512/30464)
Loss: 1.874 | Precision@1: 31.250% (9560/30592)
Loss: 1.873 | Precision@1: 31.283% (9610/30720)
Loss: 1.872 | Precision@1: 31.302% (9656/30848)
Loss: 1.870 | Precision@1: 31.347% (9710/30976)
Loss: 1.869 | Precision@1: 31.391% (9764/31104)
Loss: 1.869 | Precision@1: 31.394% (9805/31232)
Loss: 1.867 | Precision@1: 31.451% (9863/31360)
Loss: 1.866 | Precision@1: 31.472% (9910/31488)
Loss: 1.865 | Precision@1: 31.525% (9967/31616)
Loss: 1.863 | Precision@1: 31.574% (10023/31744)
Loss: 1.862 | Precision@1: 31.617% (10077/31872)
Loss: 1.861 | Precision@1: 31.644% (10126/32000)
Loss: 1.860 | Precision@1: 31.673% (10176/32128)
Loss: 1.859 | Precision@1: 31.693% (10223/32256)
Loss: 1.858 | Precision@1: 31.744% (10280/32384)
Loss: 1.856 | Precision@1: 31.822% (10346/32512)
Loss: 1.854 | Precision@1: 31.866% (10401/32640)
Loss: 1.853 | Precision@1: 31.912% (10457/32768)
Loss: 1.852 | Precision@1: 31.952% (10511/32896)
Loss: 1.850 | Precision@1: 32.007% (10570/33024)
Loss: 1.850 | Precision@1: 32.004% (10610/33152)
Loss: 1.849 | Precision@1: 32.043% (10664/33280)
Loss: 1.848 | Precision@1: 32.082% (10718/33408)
Loss: 1.846 | Precision@1: 32.145% (10780/33536)
Loss: 1.845 | Precision@1: 32.177% (10832/33664)
Loss: 1.844 | Precision@1: 32.221% (10888/33792)
Loss: 1.843 | Precision@1: 32.246% (10938/33920)
Loss: 1.842 | Precision@1: 32.257% (10983/34048)
Loss: 1.841 | Precision@1: 32.295% (11037/34176)
Loss: 1.840 | Precision@1: 32.346% (11096/34304)
Loss: 1.839 | Precision@1: 32.403% (11157/34432)
Loss: 1.837 | Precision@1: 32.448% (11214/34560)
Loss: 1.837 | Precision@1: 32.461% (11260/34688)
Loss: 1.836 | Precision@1: 32.502% (11316/34816)
Loss: 1.836 | Precision@1: 32.481% (11350/34944)
Loss: 1.835 | Precision@1: 32.516% (11404/35072)
Loss: 1.834 | Precision@1: 32.557% (11460/35200)
Loss: 1.833 | Precision@1: 32.606% (11519/35328)
Loss: 1.831 | Precision@1: 32.660% (11580/35456)
Loss: 1.830 | Precision@1: 32.697% (11635/35584)
Loss: 1.830 | Precision@1: 32.717% (11684/35712)
Loss: 1.829 | Precision@1: 32.743% (11735/35840)
Loss: 1.828 | Precision@1: 32.782% (11791/35968)
Loss: 1.826 | Precision@1: 32.840% (11854/36096)
Loss: 1.825 | Precision@1: 32.884% (11912/36224)
Loss: 1.824 | Precision@1: 32.876% (11951/36352)
Loss: 1.823 | Precision@1: 32.941% (12017/36480)
Loss: 1.822 | Precision@1: 32.987% (12076/36608)
Loss: 1.820 | Precision@1: 33.047% (12140/36736)
Loss: 1.819 | Precision@1: 33.084% (12196/36864)
Loss: 1.818 | Precision@1: 33.123% (12253/36992)
Loss: 1.817 | Precision@1: 33.173% (12314/37120)
Loss: 1.815 | Precision@1: 33.213% (12371/37248)
Loss: 1.814 | Precision@1: 33.281% (12439/37376)
Loss: 1.814 | Precision@1: 33.298% (12488/37504)
Loss: 1.813 | Precision@1: 33.315% (12537/37632)
Loss: 1.813 | Precision@1: 33.340% (12589/37760)
Loss: 1.812 | Precision@1: 33.372% (12644/37888)
Loss: 1.811 | Precision@1: 33.402% (12698/38016)
Loss: 1.810 | Precision@1: 33.436% (12754/38144)
Loss: 1.809 | Precision@1: 33.471% (12810/38272)
Loss: 1.808 | Precision@1: 33.497% (12863/38400)
Loss: 1.807 | Precision@1: 33.547% (12925/38528)
Loss: 1.807 | Precision@1: 33.565% (12975/38656)
Loss: 1.805 | Precision@1: 33.627% (13042/38784)
Loss: 1.804 | Precision@1: 33.684% (13107/38912)
Loss: 1.803 | Precision@1: 33.719% (13164/39040)
Loss: 1.802 | Precision@1: 33.734% (13213/39168)
Loss: 1.801 | Precision@1: 33.772% (13271/39296)
Loss: 1.800 | Precision@1: 33.807% (13328/39424)
Loss: 1.799 | Precision@1: 33.831% (13381/39552)
Loss: 1.798 | Precision@1: 33.863% (13437/39680)
Loss: 1.797 | Precision@1: 33.885% (13489/39808)
Loss: 1.797 | Precision@1: 33.902% (13539/39936)
Loss: 1.796 | Precision@1: 33.941% (13598/40064)
Loss: 1.795 | Precision@1: 33.974% (13655/40192)
Loss: 1.794 | Precision@1: 34.045% (13727/40320)
Loss: 1.792 | Precision@1: 34.093% (13790/40448)
Loss: 1.791 | Precision@1: 34.138% (13852/40576)
Loss: 1.790 | Precision@1: 34.183% (13914/40704)
Loss: 1.789 | Precision@1: 34.218% (13972/40832)
Loss: 1.788 | Precision@1: 34.255% (14031/40960)
Loss: 1.787 | Precision@1: 34.287% (14088/41088)
Loss: 1.786 | Precision@1: 34.305% (14139/41216)
Loss: 1.786 | Precision@1: 34.319% (14189/41344)
Loss: 1.785 | Precision@1: 34.353% (14247/41472)
Loss: 1.785 | Precision@1: 34.361% (14294/41600)
Loss: 1.784 | Precision@1: 34.409% (14358/41728)
Loss: 1.783 | Precision@1: 34.461% (14424/41856)
Loss: 1.782 | Precision@1: 34.494% (14482/41984)
Loss: 1.781 | Precision@1: 34.525% (14539/42112)
Loss: 1.780 | Precision@1: 34.543% (14591/42240)
Loss: 1.779 | Precision@1: 34.599% (14659/42368)
Loss: 1.778 | Precision@1: 34.627% (14715/42496)
Loss: 1.777 | Precision@1: 34.668% (14777/42624)
Loss: 1.776 | Precision@1: 34.719% (14843/42752)
Loss: 1.775 | Precision@1: 34.755% (14903/42880)
Loss: 1.774 | Precision@1: 34.782% (14959/43008)
Loss: 1.773 | Precision@1: 34.839% (15028/43136)
Loss: 1.772 | Precision@1: 34.877% (15089/43264)
Loss: 1.771 | Precision@1: 34.910% (15148/43392)
Loss: 1.771 | Precision@1: 34.936% (15204/43520)
Loss: 1.770 | Precision@1: 34.959% (15259/43648)
Loss: 1.770 | Precision@1: 34.946% (15298/43776)
Loss: 1.768 | Precision@1: 34.992% (15363/43904)
Loss: 1.767 | Precision@1: 35.031% (15425/44032)
Loss: 1.766 | Precision@1: 35.086% (15494/44160)
Loss: 1.766 | Precision@1: 35.118% (15553/44288)
Loss: 1.764 | Precision@1: 35.186% (15628/44416)
Loss: 1.763 | Precision@1: 35.242% (15698/44544)
Loss: 1.761 | Precision@1: 35.279% (15760/44672)
Loss: 1.761 | Precision@1: 35.297% (15813/44800)
Loss: 1.760 | Precision@1: 35.323% (15870/44928)
Loss: 1.759 | Precision@1: 35.334% (15920/45056)
Loss: 1.758 | Precision@1: 35.371% (15982/45184)
Loss: 1.757 | Precision@1: 35.408% (16044/45312)
Loss: 1.757 | Precision@1: 35.431% (16100/45440)
Loss: 1.756 | Precision@1: 35.461% (16159/45568)
Loss: 1.755 | Precision@1: 35.487% (16216/45696)
Loss: 1.754 | Precision@1: 35.508% (16271/45824)
Loss: 1.753 | Precision@1: 35.557% (16339/45952)
Loss: 1.752 | Precision@1: 35.590% (16400/46080)
Loss: 1.752 | Precision@1: 35.622% (16460/46208)
Loss: 1.751 | Precision@1: 35.661% (16524/46336)
Loss: 1.750 | Precision@1: 35.686% (16581/46464)
Loss: 1.748 | Precision@1: 35.731% (16648/46592)
Loss: 1.747 | Precision@1: 35.775% (16714/46720)
Loss: 1.747 | Precision@1: 35.782% (16763/46848)
Loss: 1.747 | Precision@1: 35.803% (16819/46976)
Loss: 1.746 | Precision@1: 35.848% (16886/47104)
Loss: 1.745 | Precision@1: 35.887% (16950/47232)
Loss: 1.744 | Precision@1: 35.946% (17024/47360)
Loss: 1.743 | Precision@1: 35.971% (17082/47488)
Loss: 1.743 | Precision@1: 35.988% (17136/47616)
Loss: 1.742 | Precision@1: 36.005% (17190/47744)
Loss: 1.741 | Precision@1: 36.042% (17254/47872)
Loss: 1.740 | Precision@1: 36.085% (17321/48000)
Loss: 1.739 | Precision@1: 36.116% (17382/48128)
Loss: 1.738 | Precision@1: 36.128% (17434/48256)
Loss: 1.738 | Precision@1: 36.124% (17478/48384)
Loss: 1.737 | Precision@1: 36.154% (17539/48512)
Loss: 1.736 | Precision@1: 36.194% (17605/48640)
Loss: 1.735 | Precision@1: 36.202% (17655/48768)
Loss: 1.735 | Precision@1: 36.234% (17717/48896)
Loss: 1.734 | Precision@1: 36.260% (17776/49024)
Loss: 1.733 | Precision@1: 36.298% (17841/49152)
Loss: 1.732 | Precision@1: 36.331% (17904/49280)
Loss: 1.731 | Precision@1: 36.363% (17966/49408)
Loss: 1.730 | Precision@1: 36.400% (18031/49536)
Loss: 1.729 | Precision@1: 36.421% (18088/49664)
Loss: 1.727 | Precision@1: 36.476% (18162/49792)
Loss: 1.726 | Precision@1: 36.512% (18227/49920)
Loss: 1.726 | Precision@1: 36.528% (18264/50000)

Aggregates: 			
 	 DataLoader Time: 0.3942 			
 	 Mini-batch Time: 14.8503 			
 	 Training Epoch Time: 31.3938
 			
 Averages: 			
 	 Training Loss: 1.7256

 Test set Averages: Loss: 1.568 | Precision@1: 43.240% (4324/10000)

Epoch: 1
Loss: 1.213 | Precision@1: 56.250% (72/128)
Loss: 1.186 | Precision@1: 55.859% (143/256)
Loss: 1.220 | Precision@1: 55.469% (213/384)
Loss: 1.280 | Precision@1: 53.125% (272/512)
Loss: 1.314 | Precision@1: 51.875% (332/640)
Loss: 1.307 | Precision@1: 52.344% (402/768)
Loss: 1.302 | Precision@1: 52.902% (474/896)
Loss: 1.281 | Precision@1: 53.906% (552/1024)
Loss: 1.312 | Precision@1: 53.038% (611/1152)
Loss: 1.340 | Precision@1: 51.641% (661/1280)
Loss: 1.361 | Precision@1: 50.284% (708/1408)
Loss: 1.367 | Precision@1: 49.935% (767/1536)
Loss: 1.376 | Precision@1: 49.880% (830/1664)
Loss: 1.380 | Precision@1: 49.665% (890/1792)
Loss: 1.371 | Precision@1: 50.052% (961/1920)
Loss: 1.376 | Precision@1: 49.414% (1012/2048)
Loss: 1.371 | Precision@1: 49.586% (1079/2176)
Loss: 1.373 | Precision@1: 49.262% (1135/2304)
Loss: 1.368 | Precision@1: 49.630% (1207/2432)
Loss: 1.385 | Precision@1: 49.219% (1260/2560)
Loss: 1.397 | Precision@1: 48.698% (1309/2688)
Loss: 1.396 | Precision@1: 48.828% (1375/2816)
Loss: 1.392 | Precision@1: 48.947% (1441/2944)
Loss: 1.391 | Precision@1: 49.089% (1508/3072)
Loss: 1.392 | Precision@1: 49.031% (1569/3200)
Loss: 1.385 | Precision@1: 49.399% (1644/3328)
Loss: 1.386 | Precision@1: 49.248% (1702/3456)
Loss: 1.384 | Precision@1: 49.330% (1768/3584)
Loss: 1.385 | Precision@1: 49.407% (1834/3712)
Loss: 1.388 | Precision@1: 49.375% (1896/3840)
Loss: 1.385 | Precision@1: 49.395% (1960/3968)
Loss: 1.386 | Precision@1: 49.414% (2024/4096)
Loss: 1.384 | Precision@1: 49.361% (2085/4224)
Loss: 1.384 | Precision@1: 49.403% (2150/4352)
Loss: 1.386 | Precision@1: 49.375% (2212/4480)
Loss: 1.386 | Precision@1: 49.349% (2274/4608)
Loss: 1.386 | Precision@1: 49.535% (2346/4736)
Loss: 1.388 | Precision@1: 49.404% (2403/4864)
Loss: 1.391 | Precision@1: 49.159% (2454/4992)
Loss: 1.386 | Precision@1: 49.395% (2529/5120)
Loss: 1.382 | Precision@1: 49.505% (2598/5248)
Loss: 1.377 | Precision@1: 49.702% (2672/5376)
Loss: 1.376 | Precision@1: 49.727% (2737/5504)
Loss: 1.374 | Precision@1: 49.822% (2806/5632)
Loss: 1.373 | Precision@1: 49.809% (2869/5760)
Loss: 1.370 | Precision@1: 49.932% (2940/5888)
Loss: 1.369 | Precision@1: 49.950% (3005/6016)
Loss: 1.367 | Precision@1: 50.098% (3078/6144)
Loss: 1.370 | Precision@1: 50.175% (3147/6272)
Loss: 1.366 | Precision@1: 50.281% (3218/6400)
Loss: 1.365 | Precision@1: 50.352% (3287/6528)
Loss: 1.365 | Precision@1: 50.316% (3349/6656)
Loss: 1.365 | Precision@1: 50.383% (3418/6784)
Loss: 1.363 | Precision@1: 50.448% (3487/6912)
Loss: 1.362 | Precision@1: 50.497% (3555/7040)
Loss: 1.361 | Precision@1: 50.530% (3622/7168)
Loss: 1.358 | Precision@1: 50.630% (3694/7296)
Loss: 1.359 | Precision@1: 50.552% (3753/7424)
Loss: 1.359 | Precision@1: 50.490% (3813/7552)
Loss: 1.359 | Precision@1: 50.573% (3884/7680)
Loss: 1.362 | Precision@1: 50.499% (3943/7808)
Loss: 1.361 | Precision@1: 50.554% (4012/7936)
Loss: 1.359 | Precision@1: 50.657% (4085/8064)
Loss: 1.358 | Precision@1: 50.720% (4155/8192)
Loss: 1.357 | Precision@1: 50.733% (4221/8320)
Loss: 1.354 | Precision@1: 50.840% (4295/8448)
Loss: 1.351 | Precision@1: 50.956% (4370/8576)
Loss: 1.350 | Precision@1: 50.988% (4438/8704)
Loss: 1.349 | Precision@1: 50.985% (4503/8832)
Loss: 1.349 | Precision@1: 50.982% (4568/8960)
Loss: 1.349 | Precision@1: 50.979% (4633/9088)
Loss: 1.350 | Precision@1: 50.944% (4695/9216)
Loss: 1.350 | Precision@1: 50.952% (4761/9344)
Loss: 1.351 | Precision@1: 50.940% (4825/9472)
Loss: 1.350 | Precision@1: 50.938% (4890/9600)
Loss: 1.352 | Precision@1: 50.843% (4946/9728)
Loss: 1.352 | Precision@1: 50.822% (5009/9856)
Loss: 1.352 | Precision@1: 50.831% (5075/9984)
Loss: 1.351 | Precision@1: 50.850% (5142/10112)
Loss: 1.351 | Precision@1: 50.938% (5216/10240)
Loss: 1.350 | Precision@1: 50.936% (5281/10368)
Loss: 1.350 | Precision@1: 50.924% (5345/10496)
Loss: 1.349 | Precision@1: 50.960% (5414/10624)
Loss: 1.349 | Precision@1: 51.042% (5488/10752)
Loss: 1.349 | Precision@1: 50.938% (5542/10880)
Loss: 1.349 | Precision@1: 50.918% (5605/11008)
Loss: 1.350 | Precision@1: 50.862% (5664/11136)
Loss: 1.348 | Precision@1: 50.932% (5737/11264)
Loss: 1.347 | Precision@1: 50.957% (5805/11392)
Loss: 1.346 | Precision@1: 50.981% (5873/11520)
Loss: 1.345 | Precision@1: 50.970% (5937/11648)
Loss: 1.345 | Precision@1: 50.960% (6001/11776)
Loss: 1.344 | Precision@1: 51.025% (6074/11904)
Loss: 1.344 | Precision@1: 51.080% (6146/12032)
Loss: 1.344 | Precision@1: 51.077% (6211/12160)
Loss: 1.341 | Precision@1: 51.188% (6290/12288)
Loss: 1.340 | Precision@1: 51.232% (6361/12416)
Loss: 1.339 | Precision@1: 51.228% (6426/12544)
Loss: 1.338 | Precision@1: 51.255% (6495/12672)
Loss: 1.337 | Precision@1: 51.312% (6568/12800)
Loss: 1.339 | Precision@1: 51.238% (6624/12928)
Loss: 1.340 | Precision@1: 51.134% (6676/13056)
Loss: 1.340 | Precision@1: 51.100% (6737/13184)
Loss: 1.340 | Precision@1: 51.089% (6801/13312)
Loss: 1.339 | Precision@1: 51.086% (6866/13440)
Loss: 1.340 | Precision@1: 51.076% (6930/13568)
Loss: 1.340 | Precision@1: 51.066% (6994/13696)
Loss: 1.340 | Precision@1: 51.085% (7062/13824)
Loss: 1.340 | Precision@1: 51.068% (7125/13952)
Loss: 1.339 | Precision@1: 51.108% (7196/14080)
Loss: 1.339 | Precision@1: 51.154% (7268/14208)
Loss: 1.338 | Precision@1: 51.151% (7333/14336)
Loss: 1.337 | Precision@1: 51.175% (7402/14464)
Loss: 1.337 | Precision@1: 51.158% (7465/14592)
Loss: 1.335 | Precision@1: 51.236% (7542/14720)
Loss: 1.334 | Precision@1: 51.280% (7614/14848)
Loss: 1.334 | Precision@1: 51.255% (7676/14976)
Loss: 1.333 | Precision@1: 51.258% (7742/15104)
Loss: 1.332 | Precision@1: 51.280% (7811/15232)
Loss: 1.331 | Precision@1: 51.335% (7885/15360)
Loss: 1.329 | Precision@1: 51.427% (7965/15488)
Loss: 1.328 | Precision@1: 51.428% (8031/15616)
Loss: 1.329 | Precision@1: 51.455% (8101/15744)
Loss: 1.328 | Precision@1: 51.525% (8178/15872)
Loss: 1.328 | Precision@1: 51.538% (8246/16000)
Loss: 1.327 | Precision@1: 51.507% (8307/16128)
Loss: 1.327 | Precision@1: 51.495% (8371/16256)
Loss: 1.325 | Precision@1: 51.587% (8452/16384)
Loss: 1.324 | Precision@1: 51.629% (8525/16512)
Loss: 1.323 | Precision@1: 51.671% (8598/16640)
Loss: 1.324 | Precision@1: 51.622% (8656/16768)
Loss: 1.323 | Precision@1: 51.622% (8722/16896)
Loss: 1.323 | Precision@1: 51.615% (8787/17024)
Loss: 1.324 | Precision@1: 51.574% (8846/17152)
Loss: 1.324 | Precision@1: 51.568% (8911/17280)
Loss: 1.322 | Precision@1: 51.631% (8988/17408)
Loss: 1.321 | Precision@1: 51.677% (9062/17536)
Loss: 1.320 | Precision@1: 51.732% (9138/17664)
Loss: 1.319 | Precision@1: 51.748% (9207/17792)
Loss: 1.318 | Precision@1: 51.780% (9279/17920)
Loss: 1.318 | Precision@1: 51.756% (9341/18048)
Loss: 1.318 | Precision@1: 51.816% (9418/18176)
Loss: 1.318 | Precision@1: 51.803% (9482/18304)
Loss: 1.317 | Precision@1: 51.839% (9555/18432)
Loss: 1.316 | Precision@1: 51.832% (9620/18560)
Loss: 1.316 | Precision@1: 51.841% (9688/18688)
Loss: 1.315 | Precision@1: 51.865% (9759/18816)
Loss: 1.315 | Precision@1: 51.879% (9828/18944)
Loss: 1.314 | Precision@1: 51.930% (9904/19072)
Loss: 1.314 | Precision@1: 51.917% (9968/19200)
Loss: 1.313 | Precision@1: 51.919% (10035/19328)
Loss: 1.314 | Precision@1: 51.917% (10101/19456)
Loss: 1.313 | Precision@1: 51.905% (10165/19584)
Loss: 1.313 | Precision@1: 51.933% (10237/19712)
Loss: 1.313 | Precision@1: 51.941% (10305/19840)
Loss: 1.313 | Precision@1: 51.953% (10374/19968)
Loss: 1.313 | Precision@1: 51.946% (10439/20096)
Loss: 1.312 | Precision@1: 51.983% (10513/20224)
Loss: 1.311 | Precision@1: 52.005% (10584/20352)
Loss: 1.309 | Precision@1: 52.075% (10665/20480)
Loss: 1.309 | Precision@1: 52.101% (10737/20608)
Loss: 1.308 | Precision@1: 52.122% (10808/20736)
Loss: 1.306 | Precision@1: 52.171% (10885/20864)
Loss: 1.306 | Precision@1: 52.172% (10952/20992)
Loss: 1.304 | Precision@1: 52.244% (11034/21120)
Loss: 1.303 | Precision@1: 52.297% (11112/21248)
Loss: 1.301 | Precision@1: 52.344% (11189/21376)
Loss: 1.302 | Precision@1: 52.320% (11251/21504)
Loss: 1.302 | Precision@1: 52.284% (11310/21632)
Loss: 1.303 | Precision@1: 52.270% (11374/21760)
Loss: 1.302 | Precision@1: 52.298% (11447/21888)
Loss: 1.301 | Precision@1: 52.353% (11526/22016)
Loss: 1.300 | Precision@1: 52.353% (11593/22144)
Loss: 1.300 | Precision@1: 52.371% (11664/22272)
Loss: 1.299 | Precision@1: 52.362% (11729/22400)
Loss: 1.299 | Precision@1: 52.406% (11806/22528)
Loss: 1.298 | Precision@1: 52.441% (11881/22656)
Loss: 1.297 | Precision@1: 52.458% (11952/22784)
Loss: 1.297 | Precision@1: 52.462% (12020/22912)
Loss: 1.296 | Precision@1: 52.483% (12092/23040)
Loss: 1.296 | Precision@1: 52.456% (12153/23168)
Loss: 1.297 | Precision@1: 52.468% (12223/23296)
Loss: 1.296 | Precision@1: 52.527% (12304/23424)
Loss: 1.294 | Precision@1: 52.539% (12374/23552)
Loss: 1.294 | Precision@1: 52.580% (12451/23680)
Loss: 1.294 | Precision@1: 52.613% (12526/23808)
Loss: 1.294 | Precision@1: 52.615% (12594/23936)
Loss: 1.293 | Precision@1: 52.676% (12676/24064)
Loss: 1.292 | Precision@1: 52.736% (12758/24192)
Loss: 1.291 | Precision@1: 52.763% (12832/24320)
Loss: 1.291 | Precision@1: 52.765% (12900/24448)
Loss: 1.291 | Precision@1: 52.799% (12976/24576)
Loss: 1.292 | Precision@1: 52.761% (13034/24704)
Loss: 1.293 | Precision@1: 52.759% (13101/24832)
Loss: 1.292 | Precision@1: 52.800% (13179/24960)
Loss: 1.292 | Precision@1: 52.806% (13248/25088)
Loss: 1.292 | Precision@1: 52.824% (13320/25216)
Loss: 1.291 | Precision@1: 52.865% (13398/25344)
Loss: 1.290 | Precision@1: 52.893% (13473/25472)
Loss: 1.290 | Precision@1: 52.910% (13545/25600)
Loss: 1.290 | Precision@1: 52.915% (13614/25728)
Loss: 1.290 | Precision@1: 52.955% (13692/25856)
Loss: 1.290 | Precision@1: 52.967% (13763/25984)
Loss: 1.290 | Precision@1: 52.964% (13830/26112)
Loss: 1.289 | Precision@1: 53.011% (13910/26240)
Loss: 1.288 | Precision@1: 53.049% (13988/26368)
Loss: 1.287 | Precision@1: 53.083% (14065/26496)
Loss: 1.286 | Precision@1: 53.117% (14142/26624)
Loss: 1.286 | Precision@1: 53.118% (14210/26752)
Loss: 1.285 | Precision@1: 53.155% (14288/26880)
Loss: 1.285 | Precision@1: 53.184% (14364/27008)
Loss: 1.284 | Precision@1: 53.202% (14437/27136)
Loss: 1.283 | Precision@1: 53.235% (14514/27264)
Loss: 1.282 | Precision@1: 53.275% (14593/27392)
Loss: 1.282 | Precision@1: 53.267% (14659/27520)
Loss: 1.281 | Precision@1: 53.317% (14741/27648)
Loss: 1.280 | Precision@1: 53.334% (14814/27776)
Loss: 1.279 | Precision@1: 53.362% (14890/27904)
Loss: 1.279 | Precision@1: 53.385% (14965/28032)
Loss: 1.278 | Precision@1: 53.409% (15040/28160)
Loss: 1.278 | Precision@1: 53.401% (15106/28288)
Loss: 1.278 | Precision@1: 53.396% (15173/28416)
Loss: 1.278 | Precision@1: 53.402% (15243/28544)
Loss: 1.278 | Precision@1: 53.414% (15315/28672)
Loss: 1.277 | Precision@1: 53.451% (15394/28800)
Loss: 1.276 | Precision@1: 53.478% (15470/28928)
Loss: 1.276 | Precision@1: 53.466% (15535/29056)
Loss: 1.276 | Precision@1: 53.464% (15603/29184)
Loss: 1.275 | Precision@1: 53.480% (15676/29312)
Loss: 1.275 | Precision@1: 53.502% (15751/29440)
Loss: 1.274 | Precision@1: 53.500% (15819/29568)
Loss: 1.273 | Precision@1: 53.522% (15894/29696)
Loss: 1.274 | Precision@1: 53.524% (15963/29824)
Loss: 1.273 | Precision@1: 53.552% (16040/29952)
Loss: 1.273 | Precision@1: 53.590% (16120/30080)
Loss: 1.273 | Precision@1: 53.592% (16189/30208)
Loss: 1.273 | Precision@1: 53.577% (16253/30336)
Loss: 1.273 | Precision@1: 53.575% (16321/30464)
Loss: 1.272 | Precision@1: 53.599% (16397/30592)
Loss: 1.272 | Precision@1: 53.639% (16478/30720)
Loss: 1.270 | Precision@1: 53.679% (16559/30848)
Loss: 1.270 | Precision@1: 53.722% (16641/30976)
Loss: 1.270 | Precision@1: 53.739% (16715/31104)
Loss: 1.268 | Precision@1: 53.788% (16799/31232)
Loss: 1.268 | Precision@1: 53.807% (16874/31360)
Loss: 1.267 | Precision@1: 53.836% (16952/31488)
Loss: 1.266 | Precision@1: 53.871% (17032/31616)
Loss: 1.266 | Precision@1: 53.878% (17103/31744)
Loss: 1.266 | Precision@1: 53.897% (17178/31872)
Loss: 1.265 | Precision@1: 53.934% (17259/32000)
Loss: 1.265 | Precision@1: 53.956% (17335/32128)
Loss: 1.264 | Precision@1: 53.996% (17417/32256)
Loss: 1.264 | Precision@1: 53.987% (17483/32384)
Loss: 1.264 | Precision@1: 53.952% (17541/32512)
Loss: 1.264 | Precision@1: 53.958% (17612/32640)
Loss: 1.263 | Precision@1: 53.967% (17684/32768)
Loss: 1.263 | Precision@1: 53.964% (17752/32896)
Loss: 1.262 | Precision@1: 53.979% (17826/33024)
Loss: 1.261 | Precision@1: 54.015% (17907/33152)
Loss: 1.261 | Precision@1: 54.032% (17982/33280)
Loss: 1.261 | Precision@1: 54.035% (18052/33408)
Loss: 1.260 | Precision@1: 54.034% (18121/33536)
Loss: 1.260 | Precision@1: 54.034% (18190/33664)
Loss: 1.260 | Precision@1: 54.051% (18265/33792)
Loss: 1.260 | Precision@1: 54.071% (18341/33920)
Loss: 1.258 | Precision@1: 54.132% (18431/34048)
Loss: 1.258 | Precision@1: 54.134% (18501/34176)
Loss: 1.257 | Precision@1: 54.148% (18575/34304)
Loss: 1.257 | Precision@1: 54.153% (18646/34432)
Loss: 1.256 | Precision@1: 54.172% (18722/34560)
Loss: 1.256 | Precision@1: 54.223% (18809/34688)
Loss: 1.255 | Precision@1: 54.239% (18884/34816)
Loss: 1.255 | Precision@1: 54.250% (18957/34944)
Loss: 1.255 | Precision@1: 54.280% (19037/35072)
Loss: 1.254 | Precision@1: 54.301% (19114/35200)
Loss: 1.253 | Precision@1: 54.325% (19192/35328)
Loss: 1.254 | Precision@1: 54.329% (19263/35456)
Loss: 1.253 | Precision@1: 54.367% (19346/35584)
Loss: 1.253 | Precision@1: 54.349% (19409/35712)
Loss: 1.253 | Precision@1: 54.364% (19484/35840)
Loss: 1.253 | Precision@1: 54.371% (19556/35968)
Loss: 1.252 | Precision@1: 54.386% (19631/36096)
Loss: 1.251 | Precision@1: 54.392% (19703/36224)
Loss: 1.251 | Precision@1: 54.407% (19778/36352)
Loss: 1.250 | Precision@1: 54.419% (19852/36480)
Loss: 1.250 | Precision@1: 54.431% (19926/36608)
Loss: 1.249 | Precision@1: 54.464% (20008/36736)
Loss: 1.249 | Precision@1: 54.492% (20088/36864)
Loss: 1.248 | Precision@1: 54.514% (20166/36992)
Loss: 1.248 | Precision@1: 54.539% (20245/37120)
Loss: 1.247 | Precision@1: 54.564% (20324/37248)
Loss: 1.246 | Precision@1: 54.597% (20406/37376)
Loss: 1.247 | Precision@1: 54.608% (20480/37504)
Loss: 1.245 | Precision@1: 54.656% (20568/37632)
Loss: 1.245 | Precision@1: 54.680% (20647/37760)
Loss: 1.244 | Precision@1: 54.674% (20715/37888)
Loss: 1.244 | Precision@1: 54.688% (20790/38016)
Loss: 1.244 | Precision@1: 54.711% (20869/38144)
Loss: 1.243 | Precision@1: 54.716% (20941/38272)
Loss: 1.243 | Precision@1: 54.732% (21017/38400)
Loss: 1.242 | Precision@1: 54.763% (21099/38528)
Loss: 1.242 | Precision@1: 54.778% (21175/38656)
Loss: 1.241 | Precision@1: 54.822% (21262/38784)
Loss: 1.241 | Precision@1: 54.806% (21326/38912)
Loss: 1.241 | Precision@1: 54.808% (21397/39040)
Loss: 1.241 | Precision@1: 54.810% (21468/39168)
Loss: 1.241 | Precision@1: 54.825% (21544/39296)
Loss: 1.240 | Precision@1: 54.850% (21624/39424)
Loss: 1.240 | Precision@1: 54.862% (21699/39552)
Loss: 1.239 | Precision@1: 54.861% (21769/39680)
Loss: 1.239 | Precision@1: 54.871% (21843/39808)
Loss: 1.238 | Precision@1: 54.890% (21921/39936)
Loss: 1.237 | Precision@1: 54.915% (22001/40064)
Loss: 1.236 | Precision@1: 54.944% (22083/40192)
Loss: 1.236 | Precision@1: 54.973% (22165/40320)
Loss: 1.235 | Precision@1: 54.977% (22237/40448)
Loss: 1.236 | Precision@1: 54.973% (22306/40576)
Loss: 1.235 | Precision@1: 55.000% (22387/40704)
Loss: 1.234 | Precision@1: 55.013% (22463/40832)
Loss: 1.234 | Precision@1: 55.042% (22545/40960)
Loss: 1.233 | Precision@1: 55.055% (22621/41088)
Loss: 1.233 | Precision@1: 55.085% (22704/41216)
Loss: 1.232 | Precision@1: 55.108% (22784/41344)
Loss: 1.232 | Precision@1: 55.138% (22867/41472)
Loss: 1.232 | Precision@1: 55.132% (22935/41600)
Loss: 1.231 | Precision@1: 55.148% (23012/41728)
Loss: 1.230 | Precision@1: 55.189% (23100/41856)
Loss: 1.230 | Precision@1: 55.200% (23175/41984)
Loss: 1.230 | Precision@1: 55.200% (23246/42112)
Loss: 1.230 | Precision@1: 55.194% (23314/42240)
Loss: 1.230 | Precision@1: 55.200% (23387/42368)
Loss: 1.229 | Precision@1: 55.212% (23463/42496)
Loss: 1.229 | Precision@1: 55.232% (23542/42624)
Loss: 1.229 | Precision@1: 55.233% (23613/42752)
Loss: 1.228 | Precision@1: 55.250% (23691/42880)
Loss: 1.228 | Precision@1: 55.273% (23772/43008)
Loss: 1.228 | Precision@1: 55.281% (23846/43136)
Loss: 1.227 | Precision@1: 55.314% (23931/43264)
Loss: 1.226 | Precision@1: 55.349% (24017/43392)
Loss: 1.226 | Precision@1: 55.358% (24092/43520)
Loss: 1.226 | Precision@1: 55.379% (24172/43648)
Loss: 1.226 | Precision@1: 55.387% (24246/43776)
Loss: 1.226 | Precision@1: 55.375% (24312/43904)
Loss: 1.226 | Precision@1: 55.396% (24392/44032)
Loss: 1.225 | Precision@1: 55.414% (24471/44160)
Loss: 1.224 | Precision@1: 55.437% (24552/44288)
Loss: 1.223 | Precision@1: 55.480% (24642/44416)
Loss: 1.223 | Precision@1: 55.478% (24712/44544)
Loss: 1.223 | Precision@1: 55.489% (24788/44672)
Loss: 1.223 | Precision@1: 55.489% (24859/44800)
Loss: 1.223 | Precision@1: 55.495% (24933/44928)
Loss: 1.222 | Precision@1: 55.491% (25002/45056)
Loss: 1.222 | Precision@1: 55.498% (25076/45184)
Loss: 1.222 | Precision@1: 55.506% (25151/45312)
Loss: 1.221 | Precision@1: 55.550% (25242/45440)
Loss: 1.220 | Precision@1: 55.585% (25329/45568)
Loss: 1.220 | Precision@1: 55.593% (25404/45696)
Loss: 1.219 | Precision@1: 55.611% (25483/45824)
Loss: 1.218 | Precision@1: 55.628% (25562/45952)
Loss: 1.218 | Precision@1: 55.651% (25644/46080)
Loss: 1.217 | Precision@1: 55.677% (25727/46208)
Loss: 1.216 | Precision@1: 55.689% (25804/46336)
Loss: 1.217 | Precision@1: 55.684% (25873/46464)
Loss: 1.216 | Precision@1: 55.705% (25954/46592)
Loss: 1.216 | Precision@1: 55.711% (26028/46720)
Loss: 1.216 | Precision@1: 55.706% (26097/46848)
Loss: 1.216 | Precision@1: 55.728% (26179/46976)
Loss: 1.215 | Precision@1: 55.760% (26265/47104)
Loss: 1.215 | Precision@1: 55.780% (26346/47232)
Loss: 1.215 | Precision@1: 55.779% (26417/47360)
Loss: 1.215 | Precision@1: 55.778% (26488/47488)
Loss: 1.214 | Precision@1: 55.786% (26563/47616)
Loss: 1.214 | Precision@1: 55.808% (26645/47744)
Loss: 1.214 | Precision@1: 55.795% (26710/47872)
Loss: 1.213 | Precision@1: 55.810% (26789/48000)
Loss: 1.213 | Precision@1: 55.839% (26874/48128)
Loss: 1.212 | Precision@1: 55.858% (26955/48256)
Loss: 1.211 | Precision@1: 55.897% (27045/48384)
Loss: 1.211 | Precision@1: 55.908% (27122/48512)
Loss: 1.211 | Precision@1: 55.925% (27202/48640)
Loss: 1.210 | Precision@1: 55.963% (27292/48768)
Loss: 1.210 | Precision@1: 55.982% (27373/48896)
Loss: 1.209 | Precision@1: 55.999% (27453/49024)
Loss: 1.208 | Precision@1: 56.008% (27529/49152)
Loss: 1.208 | Precision@1: 56.033% (27613/49280)
Loss: 1.208 | Precision@1: 56.027% (27682/49408)
Loss: 1.207 | Precision@1: 56.064% (27772/49536)
Loss: 1.206 | Precision@1: 56.085% (27854/49664)
Loss: 1.206 | Precision@1: 56.085% (27926/49792)
Loss: 1.206 | Precision@1: 56.108% (28009/49920)
Loss: 1.205 | Precision@1: 56.144% (28072/50000)

Aggregates: 			
 	 DataLoader Time: 0.4158 			
 	 Mini-batch Time: 14.8115 			
 	 Training Epoch Time: 31.3536
 			
 Averages: 			
 	 Training Loss: 1.2046

 Test set Averages: Loss: 1.373 | Precision@1: 54.110% (5411/10000)

Epoch: 2
Loss: 1.246 | Precision@1: 54.688% (70/128)
Loss: 1.158 | Precision@1: 58.594% (150/256)
Loss: 1.164 | Precision@1: 57.292% (220/384)
Loss: 1.130 | Precision@1: 57.422% (294/512)
Loss: 1.142 | Precision@1: 57.344% (367/640)
Loss: 1.128 | Precision@1: 58.464% (449/768)
Loss: 1.117 | Precision@1: 59.821% (536/896)
Loss: 1.119 | Precision@1: 59.961% (614/1024)
Loss: 1.100 | Precision@1: 60.417% (696/1152)
Loss: 1.093 | Precision@1: 60.703% (777/1280)
Loss: 1.091 | Precision@1: 60.866% (857/1408)
Loss: 1.109 | Precision@1: 60.547% (930/1536)
Loss: 1.095 | Precision@1: 60.697% (1010/1664)
Loss: 1.106 | Precision@1: 59.877% (1073/1792)
Loss: 1.101 | Precision@1: 59.844% (1149/1920)
Loss: 1.093 | Precision@1: 60.205% (1233/2048)
Loss: 1.088 | Precision@1: 60.340% (1313/2176)
Loss: 1.079 | Precision@1: 60.286% (1389/2304)
Loss: 1.077 | Precision@1: 60.526% (1472/2432)
Loss: 1.079 | Precision@1: 60.547% (1550/2560)
Loss: 1.085 | Precision@1: 60.379% (1623/2688)
Loss: 1.080 | Precision@1: 60.653% (1708/2816)
Loss: 1.078 | Precision@1: 60.836% (1791/2944)
Loss: 1.079 | Precision@1: 60.677% (1864/3072)
Loss: 1.075 | Precision@1: 60.750% (1944/3200)
Loss: 1.074 | Precision@1: 60.817% (2024/3328)
Loss: 1.064 | Precision@1: 61.198% (2115/3456)
Loss: 1.057 | Precision@1: 61.412% (2201/3584)
Loss: 1.056 | Precision@1: 61.611% (2287/3712)
Loss: 1.052 | Precision@1: 61.693% (2369/3840)
Loss: 1.048 | Precision@1: 61.820% (2453/3968)
Loss: 1.047 | Precision@1: 61.963% (2538/4096)
Loss: 1.050 | Precision@1: 61.979% (2618/4224)
Loss: 1.047 | Precision@1: 62.109% (2703/4352)
Loss: 1.048 | Precision@1: 62.143% (2784/4480)
Loss: 1.049 | Precision@1: 62.153% (2864/4608)
Loss: 1.046 | Precision@1: 62.289% (2950/4736)
Loss: 1.046 | Precision@1: 62.336% (3032/4864)
Loss: 1.044 | Precision@1: 62.440% (3117/4992)
Loss: 1.044 | Precision@1: 62.461% (3198/5120)
Loss: 1.044 | Precision@1: 62.405% (3275/5248)
Loss: 1.048 | Precision@1: 62.258% (3347/5376)
Loss: 1.047 | Precision@1: 62.355% (3432/5504)
Loss: 1.044 | Precision@1: 62.571% (3524/5632)
Loss: 1.043 | Precision@1: 62.639% (3608/5760)
Loss: 1.047 | Precision@1: 62.602% (3686/5888)
Loss: 1.049 | Precision@1: 62.517% (3761/6016)
Loss: 1.050 | Precision@1: 62.533% (3842/6144)
Loss: 1.050 | Precision@1: 62.643% (3929/6272)
Loss: 1.046 | Precision@1: 62.641% (4009/6400)
Loss: 1.045 | Precision@1: 62.714% (4094/6528)
Loss: 1.043 | Precision@1: 62.846% (4183/6656)
Loss: 1.041 | Precision@1: 62.957% (4271/6784)
Loss: 1.042 | Precision@1: 62.934% (4350/6912)
Loss: 1.040 | Precision@1: 62.912% (4429/7040)
Loss: 1.040 | Precision@1: 62.849% (4505/7168)
Loss: 1.043 | Precision@1: 62.733% (4577/7296)
Loss: 1.042 | Precision@1: 62.675% (4653/7424)
Loss: 1.043 | Precision@1: 62.699% (4735/7552)
Loss: 1.041 | Precision@1: 62.669% (4813/7680)
Loss: 1.040 | Precision@1: 62.641% (4891/7808)
Loss: 1.039 | Precision@1: 62.752% (4980/7936)
Loss: 1.037 | Precision@1: 62.798% (5064/8064)
Loss: 1.035 | Precision@1: 62.866% (5150/8192)
Loss: 1.035 | Precision@1: 62.800% (5225/8320)
Loss: 1.034 | Precision@1: 62.843% (5309/8448)
Loss: 1.034 | Precision@1: 62.885% (5393/8576)
Loss: 1.034 | Precision@1: 62.868% (5472/8704)
Loss: 1.031 | Precision@1: 62.930% (5558/8832)
Loss: 1.030 | Precision@1: 62.980% (5643/8960)
Loss: 1.029 | Precision@1: 63.039% (5729/9088)
Loss: 1.030 | Precision@1: 63.010% (5807/9216)
Loss: 1.028 | Precision@1: 63.046% (5891/9344)
Loss: 1.026 | Precision@1: 63.250% (5991/9472)
Loss: 1.023 | Precision@1: 63.354% (6082/9600)
Loss: 1.022 | Precision@1: 63.363% (6164/9728)
Loss: 1.022 | Precision@1: 63.362% (6245/9856)
Loss: 1.020 | Precision@1: 63.442% (6334/9984)
Loss: 1.022 | Precision@1: 63.360% (6407/10112)
Loss: 1.024 | Precision@1: 63.369% (6489/10240)
Loss: 1.023 | Precision@1: 63.426% (6576/10368)
Loss: 1.023 | Precision@1: 63.434% (6658/10496)
Loss: 1.023 | Precision@1: 63.404% (6736/10624)
Loss: 1.022 | Precision@1: 63.449% (6822/10752)
Loss: 1.021 | Precision@1: 63.419% (6900/10880)
Loss: 1.019 | Precision@1: 63.508% (6991/11008)
Loss: 1.018 | Precision@1: 63.479% (7069/11136)
Loss: 1.017 | Precision@1: 63.485% (7151/11264)
Loss: 1.013 | Precision@1: 63.650% (7251/11392)
Loss: 1.013 | Precision@1: 63.698% (7338/11520)
Loss: 1.012 | Precision@1: 63.685% (7418/11648)
Loss: 1.011 | Precision@1: 63.689% (7500/11776)
Loss: 1.011 | Precision@1: 63.651% (7577/11904)
Loss: 1.014 | Precision@1: 63.572% (7649/12032)
Loss: 1.016 | Precision@1: 63.536% (7726/12160)
Loss: 1.014 | Precision@1: 63.607% (7816/12288)
Loss: 1.015 | Precision@1: 63.587% (7895/12416)
Loss: 1.015 | Precision@1: 63.592% (7977/12544)
Loss: 1.016 | Precision@1: 63.589% (8058/12672)
Loss: 1.015 | Precision@1: 63.641% (8146/12800)
Loss: 1.013 | Precision@1: 63.699% (8235/12928)
Loss: 1.012 | Precision@1: 63.756% (8324/13056)
Loss: 1.010 | Precision@1: 63.805% (8412/13184)
Loss: 1.011 | Precision@1: 63.800% (8493/13312)
Loss: 1.011 | Precision@1: 63.772% (8571/13440)
Loss: 1.011 | Precision@1: 63.746% (8649/13568)
Loss: 1.010 | Precision@1: 63.763% (8733/13696)
Loss: 1.010 | Precision@1: 63.780% (8817/13824)
Loss: 1.011 | Precision@1: 63.754% (8895/13952)
Loss: 1.009 | Precision@1: 63.857% (8991/14080)
Loss: 1.009 | Precision@1: 63.851% (9072/14208)
Loss: 1.009 | Precision@1: 63.839% (9152/14336)
Loss: 1.010 | Precision@1: 63.807% (9229/14464)
Loss: 1.010 | Precision@1: 63.795% (9309/14592)
Loss: 1.010 | Precision@1: 63.791% (9390/14720)
Loss: 1.010 | Precision@1: 63.780% (9470/14848)
Loss: 1.009 | Precision@1: 63.802% (9555/14976)
Loss: 1.009 | Precision@1: 63.804% (9637/15104)
Loss: 1.010 | Precision@1: 63.767% (9713/15232)
Loss: 1.009 | Precision@1: 63.822% (9803/15360)
Loss: 1.008 | Precision@1: 63.882% (9894/15488)
Loss: 1.008 | Precision@1: 63.902% (9979/15616)
Loss: 1.009 | Precision@1: 63.878% (10057/15744)
Loss: 1.009 | Precision@1: 63.899% (10142/15872)
Loss: 1.012 | Precision@1: 63.856% (10217/16000)
Loss: 1.011 | Precision@1: 63.833% (10295/16128)
Loss: 1.010 | Precision@1: 63.903% (10388/16256)
Loss: 1.009 | Precision@1: 63.904% (10470/16384)
Loss: 1.007 | Precision@1: 63.990% (10566/16512)
Loss: 1.006 | Precision@1: 64.008% (10651/16640)
Loss: 1.006 | Precision@1: 64.015% (10734/16768)
Loss: 1.006 | Precision@1: 64.009% (10815/16896)
Loss: 1.006 | Precision@1: 64.010% (10897/17024)
Loss: 1.006 | Precision@1: 64.010% (10979/17152)
Loss: 1.006 | Precision@1: 64.016% (11062/17280)
Loss: 1.006 | Precision@1: 64.022% (11145/17408)
Loss: 1.007 | Precision@1: 64.011% (11225/17536)
Loss: 1.008 | Precision@1: 64.006% (11306/17664)
Loss: 1.008 | Precision@1: 64.046% (11395/17792)
Loss: 1.007 | Precision@1: 64.085% (11484/17920)
Loss: 1.006 | Precision@1: 64.107% (11570/18048)
Loss: 1.005 | Precision@1: 64.118% (11654/18176)
Loss: 1.005 | Precision@1: 64.139% (11740/18304)
Loss: 1.006 | Precision@1: 64.106% (11816/18432)
Loss: 1.007 | Precision@1: 64.052% (11888/18560)
Loss: 1.007 | Precision@1: 64.073% (11974/18688)
Loss: 1.008 | Precision@1: 64.015% (12045/18816)
Loss: 1.009 | Precision@1: 64.010% (12126/18944)
Loss: 1.008 | Precision@1: 64.073% (12220/19072)
Loss: 1.010 | Precision@1: 64.016% (12291/19200)
Loss: 1.010 | Precision@1: 64.016% (12373/19328)
Loss: 1.010 | Precision@1: 64.057% (12463/19456)
Loss: 1.009 | Precision@1: 64.098% (12553/19584)
Loss: 1.008 | Precision@1: 64.144% (12644/19712)
Loss: 1.007 | Precision@1: 64.199% (12737/19840)
Loss: 1.007 | Precision@1: 64.208% (12821/19968)
Loss: 1.006 | Precision@1: 64.247% (12911/20096)
Loss: 1.005 | Precision@1: 64.255% (12995/20224)
Loss: 1.004 | Precision@1: 64.274% (13081/20352)
Loss: 1.004 | Precision@1: 64.248% (13158/20480)
Loss: 1.003 | Precision@1: 64.300% (13251/20608)
Loss: 1.002 | Precision@1: 64.352% (13344/20736)
Loss: 1.001 | Precision@1: 64.384% (13433/20864)
Loss: 1.001 | Precision@1: 64.377% (13514/20992)
Loss: 1.000 | Precision@1: 64.389% (13599/21120)
Loss: 1.000 | Precision@1: 64.392% (13682/21248)
Loss: 1.000 | Precision@1: 64.376% (13761/21376)
Loss: 1.000 | Precision@1: 64.314% (13830/21504)
Loss: 1.000 | Precision@1: 64.312% (13912/21632)
Loss: 1.000 | Precision@1: 64.324% (13997/21760)
Loss: 1.000 | Precision@1: 64.359% (14087/21888)
Loss: 0.999 | Precision@1: 64.408% (14180/22016)
Loss: 0.999 | Precision@1: 64.406% (14262/22144)
Loss: 0.999 | Precision@1: 64.386% (14340/22272)
Loss: 0.999 | Precision@1: 64.384% (14422/22400)
Loss: 0.998 | Precision@1: 64.391% (14506/22528)
Loss: 0.996 | Precision@1: 64.438% (14599/22656)
Loss: 0.998 | Precision@1: 64.379% (14668/22784)
Loss: 0.997 | Precision@1: 64.377% (14750/22912)
Loss: 0.997 | Precision@1: 64.362% (14829/23040)
Loss: 0.996 | Precision@1: 64.365% (14912/23168)
Loss: 0.996 | Precision@1: 64.419% (15007/23296)
Loss: 0.996 | Precision@1: 64.434% (15093/23424)
Loss: 0.996 | Precision@1: 64.423% (15173/23552)
Loss: 0.996 | Precision@1: 64.434% (15258/23680)
Loss: 0.996 | Precision@1: 64.424% (15338/23808)
Loss: 0.996 | Precision@1: 64.422% (15420/23936)
Loss: 0.996 | Precision@1: 64.441% (15507/24064)
Loss: 0.995 | Precision@1: 64.459% (15594/24192)
Loss: 0.994 | Precision@1: 64.474% (15680/24320)
Loss: 0.994 | Precision@1: 64.484% (15765/24448)
Loss: 0.993 | Precision@1: 64.522% (15857/24576)
Loss: 0.993 | Precision@1: 64.536% (15943/24704)
Loss: 0.993 | Precision@1: 64.526% (16023/24832)
Loss: 0.992 | Precision@1: 64.555% (16113/24960)
Loss: 0.992 | Precision@1: 64.589% (16204/25088)
Loss: 0.991 | Precision@1: 64.594% (16288/25216)
Loss: 0.991 | Precision@1: 64.623% (16378/25344)
Loss: 0.990 | Precision@1: 64.675% (16474/25472)
Loss: 0.989 | Precision@1: 64.668% (16555/25600)
Loss: 0.990 | Precision@1: 64.657% (16635/25728)
Loss: 0.990 | Precision@1: 64.670% (16721/25856)
Loss: 0.988 | Precision@1: 64.698% (16811/25984)
Loss: 0.989 | Precision@1: 64.683% (16890/26112)
Loss: 0.989 | Precision@1: 64.688% (16974/26240)
Loss: 0.988 | Precision@1: 64.722% (17066/26368)
Loss: 0.989 | Precision@1: 64.689% (17140/26496)
Loss: 0.988 | Precision@1: 64.724% (17232/26624)
Loss: 0.988 | Precision@1: 64.735% (17318/26752)
Loss: 0.987 | Precision@1: 64.747% (17404/26880)
Loss: 0.987 | Precision@1: 64.759% (17490/27008)
Loss: 0.987 | Precision@1: 64.781% (17579/27136)
Loss: 0.987 | Precision@1: 64.778% (17661/27264)
Loss: 0.987 | Precision@1: 64.785% (17746/27392)
Loss: 0.986 | Precision@1: 64.822% (17839/27520)
Loss: 0.986 | Precision@1: 64.833% (17925/27648)
Loss: 0.986 | Precision@1: 64.847% (18012/27776)
Loss: 0.985 | Precision@1: 64.858% (18098/27904)
Loss: 0.984 | Precision@1: 64.926% (18200/28032)
Loss: 0.983 | Precision@1: 64.954% (18291/28160)
Loss: 0.983 | Precision@1: 64.957% (18375/28288)
Loss: 0.983 | Precision@1: 64.946% (18455/28416)
Loss: 0.983 | Precision@1: 64.963% (18543/28544)
Loss: 0.983 | Precision@1: 64.941% (18620/28672)
Loss: 0.982 | Precision@1: 64.948% (18705/28800)
Loss: 0.982 | Precision@1: 64.965% (18793/28928)
Loss: 0.982 | Precision@1: 64.975% (18879/29056)
Loss: 0.981 | Precision@1: 65.012% (18973/29184)
Loss: 0.981 | Precision@1: 65.008% (19055/29312)
Loss: 0.980 | Precision@1: 65.044% (19149/29440)
Loss: 0.980 | Precision@1: 65.030% (19228/29568)
Loss: 0.979 | Precision@1: 65.059% (19320/29696)
Loss: 0.980 | Precision@1: 65.048% (19400/29824)
Loss: 0.980 | Precision@1: 65.024% (19476/29952)
Loss: 0.980 | Precision@1: 65.017% (19557/30080)
Loss: 0.980 | Precision@1: 65.026% (19643/30208)
Loss: 0.980 | Precision@1: 65.018% (19724/30336)
Loss: 0.979 | Precision@1: 65.024% (19809/30464)
Loss: 0.979 | Precision@1: 65.007% (19887/30592)
Loss: 0.979 | Precision@1: 65.007% (19970/30720)
Loss: 0.979 | Precision@1: 64.999% (20051/30848)
Loss: 0.979 | Precision@1: 64.999% (20134/30976)
Loss: 0.980 | Precision@1: 64.956% (20204/31104)
Loss: 0.980 | Precision@1: 64.997% (20300/31232)
Loss: 0.980 | Precision@1: 64.987% (20380/31360)
Loss: 0.980 | Precision@1: 64.980% (20461/31488)
Loss: 0.979 | Precision@1: 65.005% (20552/31616)
Loss: 0.978 | Precision@1: 65.033% (20644/31744)
Loss: 0.979 | Precision@1: 65.001% (20717/31872)
Loss: 0.979 | Precision@1: 64.991% (20797/32000)
Loss: 0.979 | Precision@1: 64.996% (20882/32128)
Loss: 0.978 | Precision@1: 65.024% (20974/32256)
Loss: 0.978 | Precision@1: 65.023% (21057/32384)
Loss: 0.978 | Precision@1: 65.028% (21142/32512)
Loss: 0.978 | Precision@1: 65.031% (21226/32640)
Loss: 0.978 | Precision@1: 65.051% (21316/32768)
Loss: 0.978 | Precision@1: 65.041% (21396/32896)
Loss: 0.978 | Precision@1: 65.056% (21484/33024)
Loss: 0.978 | Precision@1: 65.067% (21571/33152)
Loss: 0.978 | Precision@1: 65.084% (21660/33280)
Loss: 0.979 | Precision@1: 65.047% (21731/33408)
Loss: 0.979 | Precision@1: 65.035% (21810/33536)
Loss: 0.979 | Precision@1: 65.031% (21892/33664)
Loss: 0.979 | Precision@1: 65.051% (21982/33792)
Loss: 0.978 | Precision@1: 65.065% (22070/33920)
Loss: 0.978 | Precision@1: 65.088% (22161/34048)
Loss: 0.978 | Precision@1: 65.081% (22242/34176)
Loss: 0.978 | Precision@1: 65.103% (22333/34304)
Loss: 0.977 | Precision@1: 65.128% (22425/34432)
Loss: 0.977 | Precision@1: 65.130% (22509/34560)
Loss: 0.977 | Precision@1: 65.123% (22590/34688)
Loss: 0.977 | Precision@1: 65.145% (22681/34816)
Loss: 0.977 | Precision@1: 65.170% (22773/34944)
Loss: 0.977 | Precision@1: 65.169% (22856/35072)
Loss: 0.976 | Precision@1: 65.188% (22946/35200)
Loss: 0.976 | Precision@1: 65.198% (23033/35328)
Loss: 0.976 | Precision@1: 65.199% (23117/35456)
Loss: 0.975 | Precision@1: 65.215% (23206/35584)
Loss: 0.974 | Precision@1: 65.239% (23298/35712)
Loss: 0.974 | Precision@1: 65.248% (23385/35840)
Loss: 0.973 | Precision@1: 65.294% (23485/35968)
Loss: 0.973 | Precision@1: 65.315% (23576/36096)
Loss: 0.972 | Precision@1: 65.327% (23664/36224)
Loss: 0.972 | Precision@1: 65.344% (23754/36352)
Loss: 0.971 | Precision@1: 65.367% (23846/36480)
Loss: 0.971 | Precision@1: 65.368% (23930/36608)
Loss: 0.970 | Precision@1: 65.380% (24018/36736)
Loss: 0.971 | Precision@1: 65.365% (24096/36864)
Loss: 0.970 | Precision@1: 65.401% (24193/36992)
Loss: 0.969 | Precision@1: 65.445% (24293/37120)
Loss: 0.969 | Precision@1: 65.459% (24382/37248)
Loss: 0.968 | Precision@1: 65.456% (24465/37376)
Loss: 0.968 | Precision@1: 65.481% (24558/37504)
Loss: 0.968 | Precision@1: 65.474% (24639/37632)
Loss: 0.968 | Precision@1: 65.482% (24726/37760)
Loss: 0.967 | Precision@1: 65.509% (24820/37888)
Loss: 0.967 | Precision@1: 65.515% (24906/38016)
Loss: 0.967 | Precision@1: 65.520% (24992/38144)
Loss: 0.967 | Precision@1: 65.528% (25079/38272)
Loss: 0.967 | Precision@1: 65.526% (25162/38400)
Loss: 0.967 | Precision@1: 65.524% (25245/38528)
Loss: 0.967 | Precision@1: 65.522% (25328/38656)
Loss: 0.967 | Precision@1: 65.524% (25413/38784)
Loss: 0.967 | Precision@1: 65.527% (25498/38912)
Loss: 0.967 | Precision@1: 65.523% (25580/39040)
Loss: 0.967 | Precision@1: 65.533% (25668/39168)
Loss: 0.967 | Precision@1: 65.531% (25751/39296)
Loss: 0.966 | Precision@1: 65.557% (25845/39424)
Loss: 0.967 | Precision@1: 65.539% (25922/39552)
Loss: 0.967 | Precision@1: 65.537% (26005/39680)
Loss: 0.966 | Precision@1: 65.557% (26097/39808)
Loss: 0.966 | Precision@1: 65.557% (26181/39936)
Loss: 0.966 | Precision@1: 65.570% (26270/40064)
Loss: 0.965 | Precision@1: 65.583% (26359/40192)
Loss: 0.965 | Precision@1: 65.630% (26462/40320)
Loss: 0.964 | Precision@1: 65.652% (26555/40448)
Loss: 0.963 | Precision@1: 65.662% (26643/40576)
Loss: 0.963 | Precision@1: 65.677% (26733/40704)
Loss: 0.963 | Precision@1: 65.681% (26819/40832)
Loss: 0.963 | Precision@1: 65.664% (26896/40960)
Loss: 0.963 | Precision@1: 65.657% (26977/41088)
Loss: 0.963 | Precision@1: 65.671% (27067/41216)
Loss: 0.963 | Precision@1: 65.673% (27152/41344)
Loss: 0.962 | Precision@1: 65.697% (27246/41472)
Loss: 0.962 | Precision@1: 65.695% (27329/41600)
Loss: 0.962 | Precision@1: 65.683% (27408/41728)
Loss: 0.961 | Precision@1: 65.704% (27501/41856)
Loss: 0.962 | Precision@1: 65.711% (27588/41984)
Loss: 0.961 | Precision@1: 65.727% (27679/42112)
Loss: 0.961 | Precision@1: 65.729% (27764/42240)
Loss: 0.961 | Precision@1: 65.719% (27844/42368)
Loss: 0.961 | Precision@1: 65.724% (27930/42496)
Loss: 0.961 | Precision@1: 65.724% (28014/42624)
Loss: 0.960 | Precision@1: 65.749% (28109/42752)
Loss: 0.960 | Precision@1: 65.746% (28192/42880)
Loss: 0.960 | Precision@1: 65.727% (28268/43008)
Loss: 0.960 | Precision@1: 65.713% (28346/43136)
Loss: 0.961 | Precision@1: 65.704% (28426/43264)
Loss: 0.960 | Precision@1: 65.736% (28524/43392)
Loss: 0.959 | Precision@1: 65.751% (28615/43520)
Loss: 0.959 | Precision@1: 65.776% (28710/43648)
Loss: 0.959 | Precision@1: 65.762% (28788/43776)
Loss: 0.959 | Precision@1: 65.784% (28882/43904)
Loss: 0.959 | Precision@1: 65.779% (28964/44032)
Loss: 0.958 | Precision@1: 65.813% (29063/44160)
Loss: 0.958 | Precision@1: 65.817% (29149/44288)
Loss: 0.958 | Precision@1: 65.823% (29236/44416)
Loss: 0.958 | Precision@1: 65.811% (29315/44544)
Loss: 0.958 | Precision@1: 65.804% (29396/44672)
Loss: 0.958 | Precision@1: 65.790% (29474/44800)
Loss: 0.957 | Precision@1: 65.823% (29573/44928)
Loss: 0.957 | Precision@1: 65.827% (29659/45056)
Loss: 0.957 | Precision@1: 65.851% (29754/45184)
Loss: 0.956 | Precision@1: 65.866% (29845/45312)
Loss: 0.956 | Precision@1: 65.876% (29934/45440)
Loss: 0.956 | Precision@1: 65.886% (30023/45568)
Loss: 0.956 | Precision@1: 65.850% (30091/45696)
Loss: 0.956 | Precision@1: 65.883% (30190/45824)
Loss: 0.956 | Precision@1: 65.890% (30278/45952)
Loss: 0.955 | Precision@1: 65.901% (30367/46080)
Loss: 0.955 | Precision@1: 65.915% (30458/46208)
Loss: 0.955 | Precision@1: 65.927% (30548/46336)
Loss: 0.955 | Precision@1: 65.924% (30631/46464)
Loss: 0.956 | Precision@1: 65.915% (30711/46592)
Loss: 0.955 | Precision@1: 65.929% (30802/46720)
Loss: 0.956 | Precision@1: 65.922% (30883/46848)
Loss: 0.955 | Precision@1: 65.946% (30979/46976)
Loss: 0.955 | Precision@1: 65.943% (31062/47104)
Loss: 0.955 | Precision@1: 65.962% (31155/47232)
Loss: 0.954 | Precision@1: 65.973% (31245/47360)
Loss: 0.954 | Precision@1: 66.006% (31345/47488)
Loss: 0.954 | Precision@1: 66.003% (31428/47616)
Loss: 0.953 | Precision@1: 66.004% (31513/47744)
Loss: 0.953 | Precision@1: 66.009% (31600/47872)
Loss: 0.953 | Precision@1: 66.017% (31688/48000)
Loss: 0.952 | Precision@1: 66.045% (31786/48128)
Loss: 0.952 | Precision@1: 66.037% (31867/48256)
Loss: 0.952 | Precision@1: 66.059% (31962/48384)
Loss: 0.951 | Precision@1: 66.087% (32060/48512)
Loss: 0.951 | Precision@1: 66.094% (32148/48640)
Loss: 0.950 | Precision@1: 66.088% (32230/48768)
Loss: 0.950 | Precision@1: 66.128% (32334/48896)
Loss: 0.949 | Precision@1: 66.131% (32420/49024)
Loss: 0.949 | Precision@1: 66.146% (32512/49152)
Loss: 0.949 | Precision@1: 66.149% (32598/49280)
Loss: 0.949 | Precision@1: 66.165% (32691/49408)
Loss: 0.948 | Precision@1: 66.180% (32783/49536)
Loss: 0.948 | Precision@1: 66.187% (32871/49664)
Loss: 0.948 | Precision@1: 66.173% (32949/49792)
Loss: 0.948 | Precision@1: 66.170% (33032/49920)
Loss: 0.947 | Precision@1: 66.184% (33092/50000)

Aggregates: 			
 	 DataLoader Time: 0.4119 			
 	 Mini-batch Time: 14.7872 			
 	 Training Epoch Time: 31.4161
 			
 Averages: 			
 	 Training Loss: 0.9473

 Test set Averages: Loss: 1.087 | Precision@1: 62.810% (6281/10000)

Epoch: 3
Loss: 0.855 | Precision@1: 70.312% (90/128)
Loss: 0.920 | Precision@1: 67.188% (172/256)
Loss: 0.867 | Precision@1: 69.271% (266/384)
Loss: 0.880 | Precision@1: 68.164% (349/512)
Loss: 0.882 | Precision@1: 68.281% (437/640)
Loss: 0.894 | Precision@1: 67.969% (522/768)
Loss: 0.894 | Precision@1: 68.192% (611/896)
Loss: 0.893 | Precision@1: 68.555% (702/1024)
Loss: 0.900 | Precision@1: 68.229% (786/1152)
Loss: 0.892 | Precision@1: 68.047% (871/1280)
Loss: 0.870 | Precision@1: 69.034% (972/1408)
Loss: 0.852 | Precision@1: 69.531% (1068/1536)
Loss: 0.863 | Precision@1: 69.171% (1151/1664)
Loss: 0.880 | Precision@1: 68.583% (1229/1792)
Loss: 0.878 | Precision@1: 68.698% (1319/1920)
Loss: 0.880 | Precision@1: 68.750% (1408/2048)
Loss: 0.867 | Precision@1: 69.164% (1505/2176)
Loss: 0.862 | Precision@1: 69.444% (1600/2304)
Loss: 0.859 | Precision@1: 69.572% (1692/2432)
Loss: 0.854 | Precision@1: 69.805% (1787/2560)
Loss: 0.855 | Precision@1: 69.643% (1872/2688)
Loss: 0.853 | Precision@1: 69.744% (1964/2816)
Loss: 0.850 | Precision@1: 69.701% (2052/2944)
Loss: 0.845 | Precision@1: 69.824% (2145/3072)
Loss: 0.843 | Precision@1: 69.812% (2234/3200)
Loss: 0.845 | Precision@1: 69.832% (2324/3328)
Loss: 0.844 | Precision@1: 69.878% (2415/3456)
Loss: 0.845 | Precision@1: 69.922% (2506/3584)
Loss: 0.846 | Precision@1: 69.935% (2596/3712)
Loss: 0.844 | Precision@1: 70.026% (2689/3840)
Loss: 0.848 | Precision@1: 69.859% (2772/3968)
Loss: 0.850 | Precision@1: 69.849% (2861/4096)
Loss: 0.851 | Precision@1: 69.863% (2951/4224)
Loss: 0.849 | Precision@1: 69.784% (3037/4352)
Loss: 0.852 | Precision@1: 69.665% (3121/4480)
Loss: 0.856 | Precision@1: 69.379% (3197/4608)
Loss: 0.855 | Precision@1: 69.405% (3287/4736)
Loss: 0.858 | Precision@1: 69.223% (3367/4864)
Loss: 0.857 | Precision@1: 69.251% (3457/4992)
Loss: 0.857 | Precision@1: 69.238% (3545/5120)
Loss: 0.858 | Precision@1: 69.188% (3631/5248)
Loss: 0.866 | Precision@1: 68.880% (3703/5376)
Loss: 0.865 | Precision@1: 68.914% (3793/5504)
Loss: 0.866 | Precision@1: 68.874% (3879/5632)
Loss: 0.865 | Precision@1: 68.906% (3969/5760)
Loss: 0.862 | Precision@1: 69.005% (4063/5888)
Loss: 0.860 | Precision@1: 69.016% (4152/6016)
Loss: 0.856 | Precision@1: 69.157% (4249/6144)
Loss: 0.857 | Precision@1: 69.117% (4335/6272)
Loss: 0.856 | Precision@1: 69.156% (4426/6400)
Loss: 0.853 | Precision@1: 69.317% (4525/6528)
Loss: 0.851 | Precision@1: 69.456% (4623/6656)
Loss: 0.849 | Precision@1: 69.502% (4715/6784)
Loss: 0.851 | Precision@1: 69.430% (4799/6912)
Loss: 0.851 | Precision@1: 69.389% (4885/7040)
Loss: 0.852 | Precision@1: 69.406% (4975/7168)
Loss: 0.851 | Precision@1: 69.380% (5062/7296)
Loss: 0.851 | Precision@1: 69.356% (5149/7424)
Loss: 0.853 | Precision@1: 69.306% (5234/7552)
Loss: 0.851 | Precision@1: 69.362% (5327/7680)
Loss: 0.852 | Precision@1: 69.352% (5415/7808)
Loss: 0.853 | Precision@1: 69.317% (5501/7936)
Loss: 0.853 | Precision@1: 69.320% (5590/8064)
Loss: 0.851 | Precision@1: 69.348% (5681/8192)
Loss: 0.850 | Precision@1: 69.387% (5773/8320)
Loss: 0.849 | Precision@1: 69.425% (5865/8448)
Loss: 0.848 | Precision@1: 69.473% (5958/8576)
Loss: 0.847 | Precision@1: 69.531% (6052/8704)
Loss: 0.848 | Precision@1: 69.554% (6143/8832)
Loss: 0.846 | Precision@1: 69.598% (6236/8960)
Loss: 0.846 | Precision@1: 69.641% (6329/9088)
Loss: 0.845 | Precision@1: 69.672% (6421/9216)
Loss: 0.844 | Precision@1: 69.713% (6514/9344)
Loss: 0.844 | Precision@1: 69.732% (6605/9472)
Loss: 0.844 | Precision@1: 69.823% (6703/9600)
Loss: 0.844 | Precision@1: 69.850% (6795/9728)
Loss: 0.844 | Precision@1: 69.785% (6878/9856)
Loss: 0.843 | Precision@1: 69.792% (6968/9984)
Loss: 0.841 | Precision@1: 69.788% (7057/10112)
Loss: 0.839 | Precision@1: 69.844% (7152/10240)
Loss: 0.837 | Precision@1: 69.917% (7249/10368)
Loss: 0.839 | Precision@1: 69.874% (7334/10496)
Loss: 0.840 | Precision@1: 69.851% (7421/10624)
Loss: 0.838 | Precision@1: 69.894% (7515/10752)
Loss: 0.840 | Precision@1: 69.890% (7604/10880)
Loss: 0.840 | Precision@1: 69.831% (7687/11008)
Loss: 0.839 | Precision@1: 69.908% (7785/11136)
Loss: 0.839 | Precision@1: 69.931% (7877/11264)
Loss: 0.838 | Precision@1: 69.979% (7972/11392)
Loss: 0.836 | Precision@1: 70.017% (8066/11520)
Loss: 0.835 | Precision@1: 70.106% (8166/11648)
Loss: 0.833 | Precision@1: 70.160% (8262/11776)
Loss: 0.834 | Precision@1: 70.102% (8345/11904)
Loss: 0.834 | Precision@1: 70.113% (8436/12032)
Loss: 0.833 | Precision@1: 70.156% (8531/12160)
Loss: 0.835 | Precision@1: 70.085% (8612/12288)
Loss: 0.834 | Precision@1: 70.168% (8712/12416)
Loss: 0.836 | Precision@1: 70.105% (8794/12544)
Loss: 0.834 | Precision@1: 70.194% (8895/12672)
Loss: 0.833 | Precision@1: 70.203% (8986/12800)
Loss: 0.832 | Precision@1: 70.289% (9087/12928)
Loss: 0.831 | Precision@1: 70.290% (9177/13056)
Loss: 0.832 | Precision@1: 70.221% (9258/13184)
Loss: 0.830 | Precision@1: 70.320% (9361/13312)
Loss: 0.830 | Precision@1: 70.379% (9459/13440)
Loss: 0.829 | Precision@1: 70.423% (9555/13568)
Loss: 0.829 | Precision@1: 70.422% (9645/13696)
Loss: 0.828 | Precision@1: 70.450% (9739/13824)
Loss: 0.828 | Precision@1: 70.485% (9834/13952)
Loss: 0.828 | Precision@1: 70.483% (9924/14080)
Loss: 0.828 | Precision@1: 70.474% (10013/14208)
Loss: 0.827 | Precision@1: 70.480% (10104/14336)
Loss: 0.827 | Precision@1: 70.506% (10198/14464)
Loss: 0.827 | Precision@1: 70.484% (10285/14592)
Loss: 0.827 | Precision@1: 70.537% (10383/14720)
Loss: 0.827 | Precision@1: 70.575% (10479/14848)
Loss: 0.826 | Precision@1: 70.593% (10572/14976)
Loss: 0.826 | Precision@1: 70.624% (10667/15104)
Loss: 0.826 | Precision@1: 70.634% (10759/15232)
Loss: 0.826 | Precision@1: 70.645% (10851/15360)
Loss: 0.826 | Precision@1: 70.603% (10935/15488)
Loss: 0.825 | Precision@1: 70.639% (11031/15616)
Loss: 0.824 | Precision@1: 70.655% (11124/15744)
Loss: 0.825 | Precision@1: 70.684% (11219/15872)
Loss: 0.824 | Precision@1: 70.700% (11312/16000)
Loss: 0.825 | Precision@1: 70.697% (11402/16128)
Loss: 0.823 | Precision@1: 70.774% (11505/16256)
Loss: 0.823 | Precision@1: 70.782% (11597/16384)
Loss: 0.823 | Precision@1: 70.791% (11689/16512)
Loss: 0.823 | Precision@1: 70.787% (11779/16640)
Loss: 0.823 | Precision@1: 70.796% (11871/16768)
Loss: 0.822 | Precision@1: 70.816% (11965/16896)
Loss: 0.822 | Precision@1: 70.818% (12056/17024)
Loss: 0.821 | Precision@1: 70.861% (12154/17152)
Loss: 0.819 | Precision@1: 70.897% (12251/17280)
Loss: 0.821 | Precision@1: 70.830% (12330/17408)
Loss: 0.822 | Precision@1: 70.809% (12417/17536)
Loss: 0.822 | Precision@1: 70.805% (12507/17664)
Loss: 0.821 | Precision@1: 70.852% (12606/17792)
Loss: 0.820 | Precision@1: 70.893% (12704/17920)
Loss: 0.821 | Precision@1: 70.833% (12784/18048)
Loss: 0.820 | Precision@1: 70.846% (12877/18176)
Loss: 0.820 | Precision@1: 70.842% (12967/18304)
Loss: 0.821 | Precision@1: 70.790% (13048/18432)
Loss: 0.822 | Precision@1: 70.787% (13138/18560)
Loss: 0.824 | Precision@1: 70.735% (13219/18688)
Loss: 0.824 | Precision@1: 70.759% (13314/18816)
Loss: 0.823 | Precision@1: 70.761% (13405/18944)
Loss: 0.824 | Precision@1: 70.716% (13487/19072)
Loss: 0.824 | Precision@1: 70.734% (13581/19200)
Loss: 0.823 | Precision@1: 70.804% (13685/19328)
Loss: 0.822 | Precision@1: 70.842% (13783/19456)
Loss: 0.822 | Precision@1: 70.859% (13877/19584)
Loss: 0.823 | Precision@1: 70.830% (13962/19712)
Loss: 0.823 | Precision@1: 70.786% (14044/19840)
Loss: 0.823 | Precision@1: 70.803% (14138/19968)
Loss: 0.822 | Precision@1: 70.810% (14230/20096)
Loss: 0.822 | Precision@1: 70.837% (14326/20224)
Loss: 0.821 | Precision@1: 70.897% (14429/20352)
Loss: 0.820 | Precision@1: 70.928% (14526/20480)
Loss: 0.820 | Precision@1: 70.943% (14620/20608)
Loss: 0.820 | Precision@1: 70.925% (14707/20736)
Loss: 0.820 | Precision@1: 70.936% (14800/20864)
Loss: 0.820 | Precision@1: 70.932% (14890/20992)
Loss: 0.820 | Precision@1: 70.919% (14978/21120)
Loss: 0.821 | Precision@1: 70.882% (15061/21248)
Loss: 0.821 | Precision@1: 70.865% (15148/21376)
Loss: 0.822 | Precision@1: 70.833% (15232/21504)
Loss: 0.823 | Precision@1: 70.835% (15323/21632)
Loss: 0.821 | Precision@1: 70.869% (15421/21760)
Loss: 0.820 | Precision@1: 70.929% (15525/21888)
Loss: 0.819 | Precision@1: 70.930% (15616/22016)
Loss: 0.820 | Precision@1: 70.891% (15698/22144)
Loss: 0.820 | Precision@1: 70.905% (15792/22272)
Loss: 0.820 | Precision@1: 70.924% (15887/22400)
Loss: 0.820 | Precision@1: 70.916% (15976/22528)
Loss: 0.819 | Precision@1: 70.939% (16072/22656)
Loss: 0.819 | Precision@1: 70.962% (16168/22784)
Loss: 0.820 | Precision@1: 70.928% (16251/22912)
Loss: 0.821 | Precision@1: 70.933% (16343/23040)
Loss: 0.820 | Precision@1: 70.934% (16434/23168)
Loss: 0.820 | Precision@1: 70.974% (16534/23296)
Loss: 0.820 | Precision@1: 70.991% (16629/23424)
Loss: 0.819 | Precision@1: 71.009% (16724/23552)
Loss: 0.818 | Precision@1: 71.030% (16820/23680)
Loss: 0.817 | Precision@1: 71.069% (16920/23808)
Loss: 0.816 | Precision@1: 71.090% (17016/23936)
Loss: 0.817 | Precision@1: 71.040% (17095/24064)
Loss: 0.817 | Precision@1: 71.048% (17188/24192)
Loss: 0.818 | Precision@1: 71.032% (17275/24320)
Loss: 0.817 | Precision@1: 71.053% (17371/24448)
Loss: 0.816 | Precision@1: 71.094% (17472/24576)
Loss: 0.815 | Precision@1: 71.114% (17568/24704)
Loss: 0.815 | Precision@1: 71.118% (17660/24832)
Loss: 0.815 | Precision@1: 71.098% (17746/24960)
Loss: 0.815 | Precision@1: 71.102% (17838/25088)
Loss: 0.815 | Precision@1: 71.106% (17930/25216)
Loss: 0.815 | Precision@1: 71.090% (18017/25344)
Loss: 0.815 | Precision@1: 71.117% (18115/25472)
Loss: 0.814 | Precision@1: 71.141% (18212/25600)
Loss: 0.814 | Precision@1: 71.137% (18302/25728)
Loss: 0.814 | Precision@1: 71.148% (18396/25856)
Loss: 0.813 | Precision@1: 71.140% (18485/25984)
Loss: 0.813 | Precision@1: 71.121% (18571/26112)
Loss: 0.813 | Precision@1: 71.143% (18668/26240)
Loss: 0.812 | Precision@1: 71.177% (18768/26368)
Loss: 0.811 | Precision@1: 71.203% (18866/26496)
Loss: 0.810 | Precision@1: 71.236% (18966/26624)
Loss: 0.810 | Precision@1: 71.251% (19061/26752)
Loss: 0.811 | Precision@1: 71.239% (19149/26880)
Loss: 0.811 | Precision@1: 71.238% (19240/27008)
Loss: 0.811 | Precision@1: 71.267% (19339/27136)
Loss: 0.810 | Precision@1: 71.299% (19439/27264)
Loss: 0.810 | Precision@1: 71.320% (19536/27392)
Loss: 0.810 | Precision@1: 71.301% (19622/27520)
Loss: 0.810 | Precision@1: 71.275% (19706/27648)
Loss: 0.810 | Precision@1: 71.303% (19805/27776)
Loss: 0.809 | Precision@1: 71.337% (19906/27904)
Loss: 0.809 | Precision@1: 71.304% (19988/28032)
Loss: 0.809 | Precision@1: 71.307% (20080/28160)
Loss: 0.809 | Precision@1: 71.316% (20174/28288)
Loss: 0.809 | Precision@1: 71.337% (20271/28416)
Loss: 0.809 | Precision@1: 71.332% (20361/28544)
Loss: 0.810 | Precision@1: 71.334% (20453/28672)
Loss: 0.809 | Precision@1: 71.361% (20552/28800)
Loss: 0.809 | Precision@1: 71.363% (20644/28928)
Loss: 0.808 | Precision@1: 71.383% (20741/29056)
Loss: 0.808 | Precision@1: 71.388% (20834/29184)
Loss: 0.808 | Precision@1: 71.391% (20926/29312)
Loss: 0.808 | Precision@1: 71.379% (21014/29440)
Loss: 0.808 | Precision@1: 71.378% (21105/29568)
Loss: 0.807 | Precision@1: 71.383% (21198/29696)
Loss: 0.807 | Precision@1: 71.392% (21292/29824)
Loss: 0.806 | Precision@1: 71.418% (21391/29952)
Loss: 0.806 | Precision@1: 71.410% (21480/30080)
Loss: 0.807 | Precision@1: 71.385% (21564/30208)
Loss: 0.807 | Precision@1: 71.384% (21655/30336)
Loss: 0.806 | Precision@1: 71.438% (21763/30464)
Loss: 0.806 | Precision@1: 71.457% (21860/30592)
Loss: 0.805 | Precision@1: 71.491% (21962/30720)
Loss: 0.805 | Precision@1: 71.492% (22054/30848)
Loss: 0.805 | Precision@1: 71.517% (22153/30976)
Loss: 0.804 | Precision@1: 71.547% (22254/31104)
Loss: 0.804 | Precision@1: 71.552% (22347/31232)
Loss: 0.803 | Precision@1: 71.582% (22448/31360)
Loss: 0.803 | Precision@1: 71.599% (22545/31488)
Loss: 0.803 | Precision@1: 71.622% (22644/31616)
Loss: 0.802 | Precision@1: 71.620% (22735/31744)
Loss: 0.802 | Precision@1: 71.621% (22827/31872)
Loss: 0.802 | Precision@1: 71.641% (22925/32000)
Loss: 0.802 | Precision@1: 71.632% (23014/32128)
Loss: 0.802 | Precision@1: 71.670% (23118/32256)
Loss: 0.801 | Precision@1: 71.702% (23220/32384)
Loss: 0.801 | Precision@1: 71.724% (23319/32512)
Loss: 0.801 | Precision@1: 71.703% (23404/32640)
Loss: 0.801 | Precision@1: 71.707% (23497/32768)
Loss: 0.800 | Precision@1: 71.726% (23595/32896)
Loss: 0.800 | Precision@1: 71.754% (23696/33024)
Loss: 0.799 | Precision@1: 71.751% (23787/33152)
Loss: 0.799 | Precision@1: 71.767% (23884/33280)
Loss: 0.799 | Precision@1: 71.782% (23981/33408)
Loss: 0.799 | Precision@1: 71.780% (24072/33536)
Loss: 0.800 | Precision@1: 71.753% (24155/33664)
Loss: 0.800 | Precision@1: 71.754% (24247/33792)
Loss: 0.799 | Precision@1: 71.778% (24347/33920)
Loss: 0.799 | Precision@1: 71.769% (24436/34048)
Loss: 0.800 | Precision@1: 71.755% (24523/34176)
Loss: 0.800 | Precision@1: 71.747% (24612/34304)
Loss: 0.799 | Precision@1: 71.776% (24714/34432)
Loss: 0.799 | Precision@1: 71.797% (24813/34560)
Loss: 0.798 | Precision@1: 71.823% (24914/34688)
Loss: 0.798 | Precision@1: 71.849% (25015/34816)
Loss: 0.798 | Precision@1: 71.866% (25113/34944)
Loss: 0.798 | Precision@1: 71.861% (25203/35072)
Loss: 0.797 | Precision@1: 71.889% (25305/35200)
Loss: 0.797 | Precision@1: 71.923% (25409/35328)
Loss: 0.797 | Precision@1: 71.917% (25499/35456)
Loss: 0.796 | Precision@1: 71.934% (25597/35584)
Loss: 0.795 | Precision@1: 71.962% (25699/35712)
Loss: 0.795 | Precision@1: 71.989% (25801/35840)
Loss: 0.795 | Precision@1: 71.981% (25890/35968)
Loss: 0.795 | Precision@1: 71.978% (25981/36096)
Loss: 0.795 | Precision@1: 71.977% (26073/36224)
Loss: 0.795 | Precision@1: 71.969% (26162/36352)
Loss: 0.795 | Precision@1: 71.963% (26252/36480)
Loss: 0.794 | Precision@1: 71.960% (26343/36608)
Loss: 0.794 | Precision@1: 71.965% (26437/36736)
Loss: 0.794 | Precision@1: 71.970% (26531/36864)
Loss: 0.794 | Precision@1: 71.980% (26627/36992)
Loss: 0.794 | Precision@1: 71.985% (26721/37120)
Loss: 0.794 | Precision@1: 71.985% (26813/37248)
Loss: 0.793 | Precision@1: 71.971% (26900/37376)
Loss: 0.793 | Precision@1: 71.990% (26999/37504)
Loss: 0.793 | Precision@1: 71.995% (27093/37632)
Loss: 0.793 | Precision@1: 71.986% (27182/37760)
Loss: 0.793 | Precision@1: 72.010% (27283/37888)
Loss: 0.793 | Precision@1: 72.020% (27379/38016)
Loss: 0.792 | Precision@1: 72.035% (27477/38144)
Loss: 0.793 | Precision@1: 72.037% (27570/38272)
Loss: 0.792 | Precision@1: 72.073% (27676/38400)
Loss: 0.792 | Precision@1: 72.070% (27767/38528)
Loss: 0.791 | Precision@1: 72.079% (27863/38656)
Loss: 0.792 | Precision@1: 72.055% (27946/38784)
Loss: 0.792 | Precision@1: 72.057% (28039/38912)
Loss: 0.792 | Precision@1: 72.062% (28133/39040)
Loss: 0.792 | Precision@1: 72.069% (28228/39168)
Loss: 0.791 | Precision@1: 72.076% (28323/39296)
Loss: 0.791 | Precision@1: 72.086% (28419/39424)
Loss: 0.791 | Precision@1: 72.087% (28512/39552)
Loss: 0.791 | Precision@1: 72.102% (28610/39680)
Loss: 0.791 | Precision@1: 72.084% (28695/39808)
Loss: 0.791 | Precision@1: 72.090% (28790/39936)
Loss: 0.790 | Precision@1: 72.117% (28893/40064)
Loss: 0.790 | Precision@1: 72.131% (28991/40192)
Loss: 0.790 | Precision@1: 72.130% (29083/40320)
Loss: 0.790 | Precision@1: 72.132% (29176/40448)
Loss: 0.790 | Precision@1: 72.149% (29275/40576)
Loss: 0.790 | Precision@1: 72.153% (29369/40704)
Loss: 0.789 | Precision@1: 72.162% (29465/40832)
Loss: 0.789 | Precision@1: 72.180% (29565/40960)
Loss: 0.788 | Precision@1: 72.201% (29666/41088)
Loss: 0.788 | Precision@1: 72.217% (29765/41216)
Loss: 0.788 | Precision@1: 72.211% (29855/41344)
Loss: 0.788 | Precision@1: 72.205% (29945/41472)
Loss: 0.788 | Precision@1: 72.228% (30047/41600)
Loss: 0.787 | Precision@1: 72.254% (30150/41728)
Loss: 0.787 | Precision@1: 72.272% (30250/41856)
Loss: 0.787 | Precision@1: 72.285% (30348/41984)
Loss: 0.787 | Precision@1: 72.291% (30443/42112)
Loss: 0.787 | Precision@1: 72.292% (30536/42240)
Loss: 0.787 | Precision@1: 72.300% (30632/42368)
Loss: 0.787 | Precision@1: 72.289% (30720/42496)
Loss: 0.786 | Precision@1: 72.309% (30821/42624)
Loss: 0.786 | Precision@1: 72.312% (30915/42752)
Loss: 0.786 | Precision@1: 72.313% (31008/42880)
Loss: 0.786 | Precision@1: 72.326% (31106/43008)
Loss: 0.786 | Precision@1: 72.325% (31198/43136)
Loss: 0.785 | Precision@1: 72.340% (31297/43264)
Loss: 0.785 | Precision@1: 72.331% (31386/43392)
Loss: 0.785 | Precision@1: 72.330% (31478/43520)
Loss: 0.785 | Precision@1: 72.333% (31572/43648)
Loss: 0.785 | Precision@1: 72.368% (31680/43776)
Loss: 0.784 | Precision@1: 72.397% (31785/43904)
Loss: 0.783 | Precision@1: 72.411% (31884/44032)
Loss: 0.784 | Precision@1: 72.407% (31975/44160)
Loss: 0.784 | Precision@1: 72.408% (32068/44288)
Loss: 0.783 | Precision@1: 72.436% (32173/44416)
Loss: 0.783 | Precision@1: 72.441% (32268/44544)
Loss: 0.783 | Precision@1: 72.450% (32365/44672)
Loss: 0.782 | Precision@1: 72.471% (32467/44800)
Loss: 0.782 | Precision@1: 72.478% (32563/44928)
Loss: 0.782 | Precision@1: 72.490% (32661/45056)
Loss: 0.782 | Precision@1: 72.504% (32760/45184)
Loss: 0.782 | Precision@1: 72.508% (32855/45312)
Loss: 0.782 | Precision@1: 72.502% (32945/45440)
Loss: 0.781 | Precision@1: 72.507% (33040/45568)
Loss: 0.781 | Precision@1: 72.529% (33143/45696)
Loss: 0.780 | Precision@1: 72.547% (33244/45824)
Loss: 0.780 | Precision@1: 72.565% (33345/45952)
Loss: 0.780 | Precision@1: 72.569% (33440/46080)
Loss: 0.779 | Precision@1: 72.574% (33535/46208)
Loss: 0.779 | Precision@1: 72.583% (33632/46336)
Loss: 0.779 | Precision@1: 72.583% (33725/46464)
Loss: 0.779 | Precision@1: 72.581% (33817/46592)
Loss: 0.779 | Precision@1: 72.586% (33912/46720)
Loss: 0.779 | Precision@1: 72.599% (34011/46848)
Loss: 0.779 | Precision@1: 72.592% (34101/46976)
Loss: 0.779 | Precision@1: 72.595% (34195/47104)
Loss: 0.779 | Precision@1: 72.586% (34284/47232)
Loss: 0.780 | Precision@1: 72.565% (34367/47360)
Loss: 0.779 | Precision@1: 72.574% (34464/47488)
Loss: 0.779 | Precision@1: 72.600% (34569/47616)
Loss: 0.778 | Precision@1: 72.621% (34672/47744)
Loss: 0.778 | Precision@1: 72.633% (34771/47872)
Loss: 0.778 | Precision@1: 72.640% (34867/48000)
Loss: 0.778 | Precision@1: 72.665% (34972/48128)
Loss: 0.777 | Precision@1: 72.683% (35074/48256)
Loss: 0.777 | Precision@1: 72.693% (35172/48384)
Loss: 0.776 | Precision@1: 72.712% (35274/48512)
Loss: 0.776 | Precision@1: 72.732% (35377/48640)
Loss: 0.776 | Precision@1: 72.734% (35471/48768)
Loss: 0.775 | Precision@1: 72.728% (35561/48896)
Loss: 0.775 | Precision@1: 72.740% (35660/49024)
Loss: 0.776 | Precision@1: 72.734% (35750/49152)
Loss: 0.776 | Precision@1: 72.733% (35843/49280)
Loss: 0.776 | Precision@1: 72.725% (35932/49408)
Loss: 0.776 | Precision@1: 72.709% (36017/49536)
Loss: 0.775 | Precision@1: 72.727% (36119/49664)
Loss: 0.776 | Precision@1: 72.714% (36206/49792)
Loss: 0.776 | Precision@1: 72.712% (36298/49920)
Loss: 0.777 | Precision@1: 72.698% (36349/50000)

Aggregates: 			
 	 DataLoader Time: 0.3825 			
 	 Mini-batch Time: 14.7810 			
 	 Training Epoch Time: 31.4595
 			
 Averages: 			
 	 Training Loss: 0.7765

 Test set Averages: Loss: 1.503 | Precision@1: 54.440% (5444/10000)

Epoch: 4
Loss: 1.001 | Precision@1: 62.500% (80/128)
Loss: 0.849 | Precision@1: 67.969% (174/256)
Loss: 0.808 | Precision@1: 70.573% (271/384)
Loss: 0.782 | Precision@1: 72.461% (371/512)
Loss: 0.772 | Precision@1: 72.031% (461/640)
Loss: 0.737 | Precision@1: 73.438% (564/768)
Loss: 0.725 | Precision@1: 73.884% (662/896)
Loss: 0.729 | Precision@1: 74.023% (758/1024)
Loss: 0.697 | Precision@1: 75.608% (871/1152)
Loss: 0.675 | Precision@1: 76.641% (981/1280)
Loss: 0.681 | Precision@1: 76.136% (1072/1408)
Loss: 0.680 | Precision@1: 76.107% (1169/1536)
Loss: 0.696 | Precision@1: 75.601% (1258/1664)
Loss: 0.712 | Precision@1: 74.777% (1340/1792)
Loss: 0.713 | Precision@1: 74.896% (1438/1920)
Loss: 0.714 | Precision@1: 74.805% (1532/2048)
Loss: 0.704 | Precision@1: 75.184% (1636/2176)
Loss: 0.703 | Precision@1: 75.087% (1730/2304)
Loss: 0.699 | Precision@1: 75.164% (1828/2432)
Loss: 0.696 | Precision@1: 75.039% (1921/2560)
Loss: 0.688 | Precision@1: 75.446% (2028/2688)
Loss: 0.694 | Precision@1: 75.320% (2121/2816)
Loss: 0.695 | Precision@1: 75.306% (2217/2944)
Loss: 0.695 | Precision@1: 75.456% (2318/3072)
Loss: 0.698 | Precision@1: 75.594% (2419/3200)
Loss: 0.697 | Precision@1: 75.781% (2522/3328)
Loss: 0.696 | Precision@1: 75.839% (2621/3456)
Loss: 0.697 | Precision@1: 75.893% (2720/3584)
Loss: 0.697 | Precision@1: 75.889% (2817/3712)
Loss: 0.701 | Precision@1: 75.677% (2906/3840)
Loss: 0.702 | Precision@1: 75.731% (3005/3968)
Loss: 0.700 | Precision@1: 75.732% (3102/4096)
Loss: 0.693 | Precision@1: 75.994% (3210/4224)
Loss: 0.691 | Precision@1: 75.988% (3307/4352)
Loss: 0.691 | Precision@1: 75.938% (3402/4480)
Loss: 0.693 | Precision@1: 75.911% (3498/4608)
Loss: 0.692 | Precision@1: 75.908% (3595/4736)
Loss: 0.693 | Precision@1: 75.966% (3695/4864)
Loss: 0.691 | Precision@1: 76.042% (3796/4992)
Loss: 0.689 | Precision@1: 76.055% (3894/5120)
Loss: 0.689 | Precision@1: 76.048% (3991/5248)
Loss: 0.692 | Precision@1: 75.930% (4082/5376)
Loss: 0.694 | Precision@1: 75.890% (4177/5504)
Loss: 0.696 | Precision@1: 75.817% (4270/5632)
Loss: 0.700 | Precision@1: 75.694% (4360/5760)
Loss: 0.699 | Precision@1: 75.747% (4460/5888)
Loss: 0.700 | Precision@1: 75.781% (4559/6016)
Loss: 0.700 | Precision@1: 75.814% (4658/6144)
Loss: 0.702 | Precision@1: 75.813% (4755/6272)
Loss: 0.704 | Precision@1: 75.750% (4848/6400)
Loss: 0.704 | Precision@1: 75.812% (4949/6528)
Loss: 0.704 | Precision@1: 75.796% (5045/6656)
Loss: 0.705 | Precision@1: 75.767% (5140/6784)
Loss: 0.705 | Precision@1: 75.752% (5236/6912)
Loss: 0.706 | Precision@1: 75.710% (5330/7040)
Loss: 0.704 | Precision@1: 75.781% (5432/7168)
Loss: 0.702 | Precision@1: 75.891% (5537/7296)
Loss: 0.700 | Precision@1: 75.929% (5637/7424)
Loss: 0.702 | Precision@1: 75.874% (5730/7552)
Loss: 0.702 | Precision@1: 75.898% (5829/7680)
Loss: 0.702 | Precision@1: 75.807% (5919/7808)
Loss: 0.701 | Precision@1: 75.869% (6021/7936)
Loss: 0.701 | Precision@1: 75.831% (6115/8064)
Loss: 0.701 | Precision@1: 75.830% (6212/8192)
Loss: 0.702 | Precision@1: 75.829% (6309/8320)
Loss: 0.701 | Precision@1: 75.864% (6409/8448)
Loss: 0.701 | Precision@1: 75.851% (6505/8576)
Loss: 0.702 | Precision@1: 75.862% (6603/8704)
Loss: 0.702 | Precision@1: 75.861% (6700/8832)
Loss: 0.703 | Precision@1: 75.848% (6796/8960)
Loss: 0.704 | Precision@1: 75.836% (6892/9088)
Loss: 0.703 | Precision@1: 75.868% (6992/9216)
Loss: 0.702 | Precision@1: 75.803% (7083/9344)
Loss: 0.703 | Precision@1: 75.760% (7176/9472)
Loss: 0.701 | Precision@1: 75.854% (7282/9600)
Loss: 0.700 | Precision@1: 75.915% (7385/9728)
Loss: 0.699 | Precision@1: 75.964% (7487/9856)
Loss: 0.697 | Precision@1: 76.072% (7595/9984)
Loss: 0.698 | Precision@1: 76.068% (7692/10112)
Loss: 0.699 | Precision@1: 76.025% (7785/10240)
Loss: 0.700 | Precision@1: 76.022% (7882/10368)
Loss: 0.701 | Precision@1: 75.962% (7973/10496)
Loss: 0.700 | Precision@1: 76.035% (8078/10624)
Loss: 0.699 | Precision@1: 76.004% (8172/10752)
Loss: 0.700 | Precision@1: 76.002% (8269/10880)
Loss: 0.700 | Precision@1: 76.027% (8369/11008)
Loss: 0.697 | Precision@1: 76.122% (8477/11136)
Loss: 0.698 | Precision@1: 76.110% (8573/11264)
Loss: 0.697 | Precision@1: 76.159% (8676/11392)
Loss: 0.697 | Precision@1: 76.120% (8769/11520)
Loss: 0.697 | Precision@1: 76.099% (8864/11648)
Loss: 0.699 | Precision@1: 76.053% (8956/11776)
Loss: 0.698 | Precision@1: 76.050% (9053/11904)
Loss: 0.697 | Precision@1: 76.080% (9154/12032)
Loss: 0.697 | Precision@1: 76.061% (9249/12160)
Loss: 0.697 | Precision@1: 76.099% (9351/12288)
Loss: 0.696 | Precision@1: 76.144% (9454/12416)
Loss: 0.696 | Precision@1: 76.124% (9549/12544)
Loss: 0.697 | Precision@1: 76.050% (9637/12672)
Loss: 0.697 | Precision@1: 76.055% (9735/12800)
Loss: 0.698 | Precision@1: 76.037% (9830/12928)
Loss: 0.698 | Precision@1: 75.980% (9920/13056)
Loss: 0.698 | Precision@1: 75.956% (10014/13184)
Loss: 0.698 | Precision@1: 75.931% (10108/13312)
Loss: 0.698 | Precision@1: 75.908% (10202/13440)
Loss: 0.698 | Precision@1: 75.936% (10303/13568)
Loss: 0.697 | Precision@1: 75.964% (10404/13696)
Loss: 0.697 | Precision@1: 75.962% (10501/13824)
Loss: 0.698 | Precision@1: 75.896% (10589/13952)
Loss: 0.697 | Precision@1: 75.902% (10687/14080)
Loss: 0.696 | Precision@1: 75.936% (10789/14208)
Loss: 0.695 | Precision@1: 75.963% (10890/14336)
Loss: 0.696 | Precision@1: 75.954% (10986/14464)
Loss: 0.695 | Precision@1: 75.959% (11084/14592)
Loss: 0.694 | Precision@1: 75.999% (11187/14720)
Loss: 0.694 | Precision@1: 76.004% (11285/14848)
Loss: 0.694 | Precision@1: 75.982% (11379/14976)
Loss: 0.694 | Precision@1: 75.986% (11477/15104)
Loss: 0.695 | Precision@1: 75.991% (11575/15232)
Loss: 0.694 | Precision@1: 76.003% (11674/15360)
Loss: 0.694 | Precision@1: 76.046% (11778/15488)
Loss: 0.694 | Precision@1: 76.037% (11874/15616)
Loss: 0.692 | Precision@1: 76.054% (11974/15744)
Loss: 0.691 | Precision@1: 76.103% (12079/15872)
Loss: 0.690 | Precision@1: 76.112% (12178/16000)
Loss: 0.691 | Precision@1: 76.085% (12271/16128)
Loss: 0.691 | Precision@1: 76.046% (12362/16256)
Loss: 0.694 | Precision@1: 75.958% (12445/16384)
Loss: 0.695 | Precision@1: 75.902% (12533/16512)
Loss: 0.695 | Precision@1: 75.859% (12623/16640)
Loss: 0.695 | Precision@1: 75.853% (12719/16768)
Loss: 0.694 | Precision@1: 75.876% (12820/16896)
Loss: 0.694 | Precision@1: 75.863% (12915/17024)
Loss: 0.695 | Precision@1: 75.845% (13009/17152)
Loss: 0.695 | Precision@1: 75.868% (13110/17280)
Loss: 0.694 | Precision@1: 75.890% (13211/17408)
Loss: 0.695 | Precision@1: 75.895% (13309/17536)
Loss: 0.694 | Precision@1: 75.945% (13415/17664)
Loss: 0.693 | Precision@1: 75.961% (13515/17792)
Loss: 0.691 | Precision@1: 75.988% (13617/17920)
Loss: 0.691 | Precision@1: 76.008% (13718/18048)
Loss: 0.690 | Precision@1: 76.034% (13820/18176)
Loss: 0.690 | Precision@1: 76.022% (13915/18304)
Loss: 0.690 | Precision@1: 76.036% (14015/18432)
Loss: 0.690 | Precision@1: 76.040% (14113/18560)
Loss: 0.689 | Precision@1: 76.060% (14214/18688)
Loss: 0.689 | Precision@1: 76.063% (14312/18816)
Loss: 0.690 | Precision@1: 76.014% (14400/18944)
Loss: 0.691 | Precision@1: 76.001% (14495/19072)
Loss: 0.692 | Precision@1: 75.927% (14578/19200)
Loss: 0.693 | Precision@1: 75.880% (14666/19328)
Loss: 0.692 | Precision@1: 75.889% (14765/19456)
Loss: 0.693 | Precision@1: 75.888% (14862/19584)
Loss: 0.693 | Precision@1: 75.842% (14950/19712)
Loss: 0.694 | Precision@1: 75.806% (15040/19840)
Loss: 0.694 | Precision@1: 75.796% (15135/19968)
Loss: 0.694 | Precision@1: 75.781% (15229/20096)
Loss: 0.695 | Precision@1: 75.761% (15322/20224)
Loss: 0.694 | Precision@1: 75.791% (15425/20352)
Loss: 0.694 | Precision@1: 75.791% (15522/20480)
Loss: 0.693 | Precision@1: 75.786% (15618/20608)
Loss: 0.693 | Precision@1: 75.781% (15714/20736)
Loss: 0.693 | Precision@1: 75.776% (15810/20864)
Loss: 0.692 | Precision@1: 75.805% (15913/20992)
Loss: 0.691 | Precision@1: 75.871% (16024/21120)
Loss: 0.692 | Precision@1: 75.866% (16120/21248)
Loss: 0.692 | Precision@1: 75.837% (16211/21376)
Loss: 0.693 | Precision@1: 75.832% (16307/21504)
Loss: 0.692 | Precision@1: 75.837% (16405/21632)
Loss: 0.692 | Precision@1: 75.832% (16501/21760)
Loss: 0.692 | Precision@1: 75.832% (16598/21888)
Loss: 0.692 | Precision@1: 75.845% (16698/22016)
Loss: 0.691 | Precision@1: 75.876% (16802/22144)
Loss: 0.690 | Precision@1: 75.902% (16905/22272)
Loss: 0.688 | Precision@1: 75.924% (17007/22400)
Loss: 0.689 | Precision@1: 75.897% (17098/22528)
Loss: 0.689 | Precision@1: 75.883% (17192/22656)
Loss: 0.689 | Precision@1: 75.900% (17293/22784)
Loss: 0.688 | Precision@1: 75.921% (17395/22912)
Loss: 0.690 | Precision@1: 75.872% (17481/23040)
Loss: 0.689 | Precision@1: 75.893% (17583/23168)
Loss: 0.689 | Precision@1: 75.867% (17674/23296)
Loss: 0.688 | Precision@1: 75.901% (17779/23424)
Loss: 0.688 | Precision@1: 75.866% (17868/23552)
Loss: 0.688 | Precision@1: 75.870% (17966/23680)
Loss: 0.688 | Precision@1: 75.857% (18060/23808)
Loss: 0.689 | Precision@1: 75.836% (18152/23936)
Loss: 0.688 | Precision@1: 75.848% (18252/24064)
Loss: 0.688 | Precision@1: 75.847% (18349/24192)
Loss: 0.689 | Precision@1: 75.822% (18440/24320)
Loss: 0.689 | Precision@1: 75.822% (18537/24448)
Loss: 0.689 | Precision@1: 75.818% (18633/24576)
Loss: 0.689 | Precision@1: 75.818% (18730/24704)
Loss: 0.688 | Precision@1: 75.834% (18831/24832)
Loss: 0.687 | Precision@1: 75.873% (18938/24960)
Loss: 0.687 | Precision@1: 75.865% (19033/25088)
Loss: 0.687 | Precision@1: 75.861% (19129/25216)
Loss: 0.686 | Precision@1: 75.915% (19240/25344)
Loss: 0.685 | Precision@1: 75.938% (19343/25472)
Loss: 0.685 | Precision@1: 75.957% (19445/25600)
Loss: 0.685 | Precision@1: 75.952% (19541/25728)
Loss: 0.685 | Precision@1: 75.971% (19643/25856)
Loss: 0.684 | Precision@1: 75.993% (19746/25984)
Loss: 0.684 | Precision@1: 76.003% (19846/26112)
Loss: 0.685 | Precision@1: 75.983% (19938/26240)
Loss: 0.685 | Precision@1: 76.001% (20040/26368)
Loss: 0.684 | Precision@1: 76.011% (20140/26496)
Loss: 0.684 | Precision@1: 76.037% (20244/26624)
Loss: 0.684 | Precision@1: 76.035% (20341/26752)
Loss: 0.684 | Precision@1: 76.027% (20436/26880)
Loss: 0.684 | Precision@1: 76.037% (20536/27008)
Loss: 0.683 | Precision@1: 76.065% (20641/27136)
Loss: 0.684 | Precision@1: 76.075% (20741/27264)
Loss: 0.684 | Precision@1: 76.066% (20836/27392)
Loss: 0.684 | Precision@1: 76.065% (20933/27520)
Loss: 0.684 | Precision@1: 76.089% (21037/27648)
Loss: 0.683 | Precision@1: 76.123% (21144/27776)
Loss: 0.683 | Precision@1: 76.136% (21245/27904)
Loss: 0.683 | Precision@1: 76.138% (21343/28032)
Loss: 0.683 | Precision@1: 76.158% (21446/28160)
Loss: 0.683 | Precision@1: 76.156% (21543/28288)
Loss: 0.684 | Precision@1: 76.123% (21631/28416)
Loss: 0.684 | Precision@1: 76.090% (21719/28544)
Loss: 0.684 | Precision@1: 76.085% (21815/28672)
Loss: 0.684 | Precision@1: 76.083% (21912/28800)
Loss: 0.685 | Precision@1: 76.089% (22011/28928)
Loss: 0.685 | Precision@1: 76.101% (22112/29056)
Loss: 0.684 | Precision@1: 76.131% (22218/29184)
Loss: 0.684 | Precision@1: 76.150% (22321/29312)
Loss: 0.683 | Precision@1: 76.158% (22421/29440)
Loss: 0.682 | Precision@1: 76.194% (22529/29568)
Loss: 0.683 | Precision@1: 76.175% (22621/29696)
Loss: 0.683 | Precision@1: 76.187% (22722/29824)
Loss: 0.682 | Precision@1: 76.199% (22823/29952)
Loss: 0.682 | Precision@1: 76.213% (22925/30080)
Loss: 0.681 | Precision@1: 76.245% (23032/30208)
Loss: 0.680 | Precision@1: 76.259% (23134/30336)
Loss: 0.681 | Precision@1: 76.247% (23228/30464)
Loss: 0.681 | Precision@1: 76.249% (23326/30592)
Loss: 0.680 | Precision@1: 76.260% (23427/30720)
Loss: 0.680 | Precision@1: 76.248% (23521/30848)
Loss: 0.680 | Precision@1: 76.256% (23621/30976)
Loss: 0.680 | Precision@1: 76.273% (23724/31104)
Loss: 0.679 | Precision@1: 76.303% (23831/31232)
Loss: 0.680 | Precision@1: 76.304% (23929/31360)
Loss: 0.680 | Precision@1: 76.302% (24026/31488)
Loss: 0.680 | Precision@1: 76.294% (24121/31616)
Loss: 0.680 | Precision@1: 76.310% (24224/31744)
Loss: 0.679 | Precision@1: 76.318% (24324/31872)
Loss: 0.680 | Precision@1: 76.306% (24418/32000)
Loss: 0.679 | Precision@1: 76.292% (24511/32128)
Loss: 0.679 | Precision@1: 76.314% (24616/32256)
Loss: 0.679 | Precision@1: 76.315% (24714/32384)
Loss: 0.679 | Precision@1: 76.335% (24818/32512)
Loss: 0.679 | Precision@1: 76.348% (24920/32640)
Loss: 0.678 | Precision@1: 76.358% (25021/32768)
Loss: 0.679 | Precision@1: 76.350% (25116/32896)
Loss: 0.679 | Precision@1: 76.354% (25215/33024)
Loss: 0.679 | Precision@1: 76.342% (25309/33152)
Loss: 0.678 | Precision@1: 76.358% (25412/33280)
Loss: 0.678 | Precision@1: 76.365% (25512/33408)
Loss: 0.678 | Precision@1: 76.345% (25603/33536)
Loss: 0.678 | Precision@1: 76.358% (25705/33664)
Loss: 0.678 | Precision@1: 76.361% (25804/33792)
Loss: 0.679 | Precision@1: 76.362% (25902/33920)
Loss: 0.679 | Precision@1: 76.363% (26000/34048)
Loss: 0.679 | Precision@1: 76.378% (26103/34176)
Loss: 0.678 | Precision@1: 76.382% (26202/34304)
Loss: 0.678 | Precision@1: 76.391% (26303/34432)
Loss: 0.678 | Precision@1: 76.403% (26405/34560)
Loss: 0.677 | Precision@1: 76.404% (26503/34688)
Loss: 0.678 | Precision@1: 76.384% (26594/34816)
Loss: 0.678 | Precision@1: 76.388% (26693/34944)
Loss: 0.678 | Precision@1: 76.406% (26797/35072)
Loss: 0.677 | Precision@1: 76.418% (26899/35200)
Loss: 0.678 | Precision@1: 76.407% (26993/35328)
Loss: 0.677 | Precision@1: 76.441% (27103/35456)
Loss: 0.676 | Precision@1: 76.450% (27204/35584)
Loss: 0.676 | Precision@1: 76.459% (27305/35712)
Loss: 0.676 | Precision@1: 76.448% (27399/35840)
Loss: 0.675 | Precision@1: 76.482% (27509/35968)
Loss: 0.675 | Precision@1: 76.496% (27612/36096)
Loss: 0.676 | Precision@1: 76.471% (27701/36224)
Loss: 0.676 | Precision@1: 76.458% (27794/36352)
Loss: 0.676 | Precision@1: 76.464% (27894/36480)
Loss: 0.676 | Precision@1: 76.448% (27986/36608)
Loss: 0.676 | Precision@1: 76.437% (28080/36736)
Loss: 0.676 | Precision@1: 76.446% (28181/36864)
Loss: 0.676 | Precision@1: 76.454% (28282/36992)
Loss: 0.675 | Precision@1: 76.457% (28381/37120)
Loss: 0.675 | Precision@1: 76.474% (28485/37248)
Loss: 0.675 | Precision@1: 76.480% (28585/37376)
Loss: 0.675 | Precision@1: 76.475% (28681/37504)
Loss: 0.674 | Precision@1: 76.493% (28786/37632)
Loss: 0.674 | Precision@1: 76.494% (28884/37760)
Loss: 0.674 | Precision@1: 76.467% (28972/37888)
Loss: 0.674 | Precision@1: 76.486% (29077/38016)
Loss: 0.674 | Precision@1: 76.486% (29175/38144)
Loss: 0.675 | Precision@1: 76.482% (29271/38272)
Loss: 0.675 | Precision@1: 76.464% (29362/38400)
Loss: 0.675 | Precision@1: 76.441% (29451/38528)
Loss: 0.676 | Precision@1: 76.425% (29543/38656)
Loss: 0.676 | Precision@1: 76.431% (29643/38784)
Loss: 0.676 | Precision@1: 76.431% (29741/38912)
Loss: 0.676 | Precision@1: 76.429% (29838/39040)
Loss: 0.676 | Precision@1: 76.437% (29939/39168)
Loss: 0.676 | Precision@1: 76.445% (30040/39296)
Loss: 0.675 | Precision@1: 76.474% (30149/39424)
Loss: 0.674 | Precision@1: 76.489% (30253/39552)
Loss: 0.674 | Precision@1: 76.507% (30358/39680)
Loss: 0.673 | Precision@1: 76.537% (30468/39808)
Loss: 0.673 | Precision@1: 76.555% (30573/39936)
Loss: 0.673 | Precision@1: 76.558% (30672/40064)
Loss: 0.673 | Precision@1: 76.555% (30769/40192)
Loss: 0.674 | Precision@1: 76.528% (30856/40320)
Loss: 0.674 | Precision@1: 76.518% (30950/40448)
Loss: 0.674 | Precision@1: 76.501% (31041/40576)
Loss: 0.674 | Precision@1: 76.513% (31144/40704)
Loss: 0.674 | Precision@1: 76.516% (31243/40832)
Loss: 0.674 | Precision@1: 76.516% (31341/40960)
Loss: 0.673 | Precision@1: 76.543% (31450/41088)
Loss: 0.673 | Precision@1: 76.562% (31556/41216)
Loss: 0.673 | Precision@1: 76.562% (31654/41344)
Loss: 0.673 | Precision@1: 76.570% (31755/41472)
Loss: 0.673 | Precision@1: 76.584% (31859/41600)
Loss: 0.673 | Precision@1: 76.584% (31957/41728)
Loss: 0.672 | Precision@1: 76.586% (32056/41856)
Loss: 0.672 | Precision@1: 76.582% (32152/41984)
Loss: 0.672 | Precision@1: 76.598% (32257/42112)
Loss: 0.671 | Precision@1: 76.603% (32357/42240)
Loss: 0.672 | Precision@1: 76.593% (32451/42368)
Loss: 0.672 | Precision@1: 76.593% (32549/42496)
Loss: 0.672 | Precision@1: 76.598% (32649/42624)
Loss: 0.671 | Precision@1: 76.598% (32747/42752)
Loss: 0.671 | Precision@1: 76.616% (32853/42880)
Loss: 0.671 | Precision@1: 76.632% (32958/43008)
Loss: 0.671 | Precision@1: 76.648% (33063/43136)
Loss: 0.670 | Precision@1: 76.676% (33173/43264)
Loss: 0.670 | Precision@1: 76.675% (33271/43392)
Loss: 0.670 | Precision@1: 76.691% (33376/43520)
Loss: 0.670 | Precision@1: 76.707% (33481/43648)
Loss: 0.669 | Precision@1: 76.716% (33583/43776)
Loss: 0.669 | Precision@1: 76.701% (33675/43904)
Loss: 0.669 | Precision@1: 76.708% (33776/44032)
Loss: 0.669 | Precision@1: 76.712% (33876/44160)
Loss: 0.668 | Precision@1: 76.725% (33980/44288)
Loss: 0.668 | Precision@1: 76.740% (34085/44416)
Loss: 0.668 | Precision@1: 76.738% (34182/44544)
Loss: 0.668 | Precision@1: 76.742% (34282/44672)
Loss: 0.668 | Precision@1: 76.743% (34381/44800)
Loss: 0.668 | Precision@1: 76.761% (34487/44928)
Loss: 0.668 | Precision@1: 76.784% (34596/45056)
Loss: 0.668 | Precision@1: 76.779% (34692/45184)
Loss: 0.668 | Precision@1: 76.779% (34790/45312)
Loss: 0.668 | Precision@1: 76.778% (34888/45440)
Loss: 0.667 | Precision@1: 76.782% (34988/45568)
Loss: 0.667 | Precision@1: 76.803% (35096/45696)
Loss: 0.667 | Precision@1: 76.813% (35199/45824)
Loss: 0.667 | Precision@1: 76.819% (35300/45952)
Loss: 0.667 | Precision@1: 76.842% (35409/46080)
Loss: 0.666 | Precision@1: 76.850% (35511/46208)
Loss: 0.667 | Precision@1: 76.850% (35609/46336)
Loss: 0.666 | Precision@1: 76.857% (35711/46464)
Loss: 0.666 | Precision@1: 76.857% (35809/46592)
Loss: 0.666 | Precision@1: 76.845% (35902/46720)
Loss: 0.667 | Precision@1: 76.836% (35996/46848)
Loss: 0.666 | Precision@1: 76.841% (36097/46976)
Loss: 0.666 | Precision@1: 76.862% (36205/47104)
Loss: 0.666 | Precision@1: 76.859% (36302/47232)
Loss: 0.666 | Precision@1: 76.869% (36405/47360)
Loss: 0.665 | Precision@1: 76.874% (36506/47488)
Loss: 0.665 | Precision@1: 76.882% (36608/47616)
Loss: 0.665 | Precision@1: 76.889% (36710/47744)
Loss: 0.665 | Precision@1: 76.882% (36805/47872)
Loss: 0.665 | Precision@1: 76.890% (36907/48000)
Loss: 0.664 | Precision@1: 76.897% (37009/48128)
Loss: 0.664 | Precision@1: 76.896% (37107/48256)
Loss: 0.664 | Precision@1: 76.914% (37214/48384)
Loss: 0.664 | Precision@1: 76.923% (37317/48512)
Loss: 0.664 | Precision@1: 76.931% (37419/48640)
Loss: 0.663 | Precision@1: 76.946% (37525/48768)
Loss: 0.663 | Precision@1: 76.955% (37628/48896)
Loss: 0.662 | Precision@1: 76.960% (37729/49024)
Loss: 0.662 | Precision@1: 76.967% (37831/49152)
Loss: 0.662 | Precision@1: 76.960% (37926/49280)
Loss: 0.662 | Precision@1: 76.975% (38032/49408)
Loss: 0.662 | Precision@1: 76.978% (38132/49536)
Loss: 0.662 | Precision@1: 76.973% (38228/49664)
Loss: 0.662 | Precision@1: 76.986% (38333/49792)
Loss: 0.662 | Precision@1: 76.993% (38435/49920)
Loss: 0.661 | Precision@1: 76.998% (38499/50000)

Aggregates: 			
 	 DataLoader Time: 0.3688 			
 	 Mini-batch Time: 14.8043 			
 	 Training Epoch Time: 31.3668
 			
 Averages: 			
 	 Training Loss: 0.6614

 Test set Averages: Loss: 0.770 | Precision@1: 74.210% (7421/10000)
Average dataloader time is 0.39
