model name	: Intel(R) Xeon(R) CPU E5-2609 v3 @ 1.90GHz
Sun Oct 27 17:33:35 2019       
+-----------------------------------------------------------------------------+
| NVIDIA-SMI 418.74       Driver Version: 418.74       CUDA Version: 10.1     |
|-------------------------------+----------------------+----------------------+
| GPU  Name        Persistence-M| Bus-Id        Disp.A | Volatile Uncorr. ECC |
| Fan  Temp  Perf  Pwr:Usage/Cap|         Memory-Usage | GPU-Util  Compute M. |
|===============================+======================+======================|
|   0  GeForce GTX 108...  On   | 00000000:02:00.0 Off |                  N/A |
| 48%   72C    P2    68W / 250W |    670MiB / 11178MiB |      4%      Default |
+-------------------------------+----------------------+----------------------+
                                                                               
+-----------------------------------------------------------------------------+
| Processes:                                                       GPU Memory |
|  GPU       PID   Type   Process name                             Usage      |
|=============================================================================|
|    0     13814      C   python3                                      659MiB |
+-----------------------------------------------------------------------------+
Files already downloaded and verified
Files already downloaded and verified

Epoch: 0
Loss: 2.350 | Precision@1: 12.500% (16/128)
Loss: 2.872 | Precision@1: 14.062% (36/256)
Loss: 2.781 | Precision@1: 14.323% (55/384)
Loss: 2.715 | Precision@1: 14.062% (72/512)
Loss: 2.650 | Precision@1: 14.375% (92/640)
Loss: 2.584 | Precision@1: 16.016% (123/768)
Loss: 2.540 | Precision@1: 16.853% (151/896)
Loss: 2.491 | Precision@1: 17.969% (184/1024)
Loss: 2.447 | Precision@1: 18.576% (214/1152)
Loss: 2.433 | Precision@1: 19.141% (245/1280)
Loss: 2.400 | Precision@1: 19.602% (276/1408)
Loss: 2.361 | Precision@1: 20.052% (308/1536)
Loss: 2.325 | Precision@1: 21.274% (354/1664)
Loss: 2.296 | Precision@1: 22.098% (396/1792)
Loss: 2.269 | Precision@1: 22.500% (432/1920)
Loss: 2.247 | Precision@1: 22.705% (465/2048)
Loss: 2.231 | Precision@1: 22.840% (497/2176)
Loss: 2.212 | Precision@1: 22.960% (529/2304)
Loss: 2.194 | Precision@1: 23.479% (571/2432)
Loss: 2.179 | Precision@1: 23.711% (607/2560)
Loss: 2.166 | Precision@1: 23.884% (642/2688)
Loss: 2.156 | Precision@1: 24.148% (680/2816)
Loss: 2.142 | Precision@1: 24.457% (720/2944)
Loss: 2.134 | Precision@1: 24.349% (748/3072)
Loss: 2.127 | Precision@1: 24.531% (785/3200)
Loss: 2.117 | Precision@1: 24.910% (829/3328)
Loss: 2.106 | Precision@1: 25.203% (871/3456)
Loss: 2.095 | Precision@1: 25.558% (916/3584)
Loss: 2.086 | Precision@1: 25.916% (962/3712)
Loss: 2.078 | Precision@1: 25.964% (997/3840)
Loss: 2.070 | Precision@1: 26.084% (1035/3968)
Loss: 2.063 | Precision@1: 26.245% (1075/4096)
Loss: 2.052 | Precision@1: 26.681% (1127/4224)
Loss: 2.042 | Precision@1: 26.907% (1171/4352)
Loss: 2.035 | Precision@1: 27.076% (1213/4480)
Loss: 2.028 | Precision@1: 27.083% (1248/4608)
Loss: 2.017 | Precision@1: 27.365% (1296/4736)
Loss: 2.010 | Precision@1: 27.467% (1336/4864)
Loss: 2.001 | Precision@1: 27.744% (1385/4992)
Loss: 1.994 | Precision@1: 27.734% (1420/5120)
Loss: 1.986 | Precision@1: 27.896% (1464/5248)
Loss: 1.978 | Precision@1: 28.144% (1513/5376)
Loss: 1.973 | Precision@1: 28.198% (1552/5504)
Loss: 1.967 | Precision@1: 28.249% (1591/5632)
Loss: 1.961 | Precision@1: 28.385% (1635/5760)
Loss: 1.955 | Precision@1: 28.702% (1690/5888)
Loss: 1.954 | Precision@1: 28.807% (1733/6016)
Loss: 1.949 | Precision@1: 28.939% (1778/6144)
Loss: 1.945 | Precision@1: 28.922% (1814/6272)
Loss: 1.941 | Precision@1: 28.984% (1855/6400)
Loss: 1.938 | Precision@1: 29.213% (1907/6528)
Loss: 1.936 | Precision@1: 29.117% (1938/6656)
Loss: 1.933 | Precision@1: 29.260% (1985/6784)
Loss: 1.928 | Precision@1: 29.442% (2035/6912)
Loss: 1.920 | Precision@1: 29.631% (2086/7040)
Loss: 1.915 | Precision@1: 29.799% (2136/7168)
Loss: 1.915 | Precision@1: 29.770% (2172/7296)
Loss: 1.912 | Precision@1: 29.822% (2214/7424)
Loss: 1.910 | Precision@1: 29.793% (2250/7552)
Loss: 1.907 | Precision@1: 29.909% (2297/7680)
Loss: 1.906 | Precision@1: 29.931% (2337/7808)
Loss: 1.905 | Precision@1: 29.902% (2373/7936)
Loss: 1.904 | Precision@1: 30.035% (2422/8064)
Loss: 1.900 | Precision@1: 30.164% (2471/8192)
Loss: 1.900 | Precision@1: 30.132% (2507/8320)
Loss: 1.896 | Precision@1: 30.114% (2544/8448)
Loss: 1.894 | Precision@1: 30.131% (2584/8576)
Loss: 1.890 | Precision@1: 30.285% (2636/8704)
Loss: 1.889 | Precision@1: 30.389% (2684/8832)
Loss: 1.889 | Precision@1: 30.402% (2724/8960)
Loss: 1.886 | Precision@1: 30.546% (2776/9088)
Loss: 1.881 | Precision@1: 30.621% (2822/9216)
Loss: 1.878 | Precision@1: 30.736% (2872/9344)
Loss: 1.876 | Precision@1: 30.796% (2917/9472)
Loss: 1.875 | Precision@1: 30.823% (2959/9600)
Loss: 1.873 | Precision@1: 30.870% (3003/9728)
Loss: 1.869 | Precision@1: 31.006% (3056/9856)
Loss: 1.867 | Precision@1: 31.060% (3101/9984)
Loss: 1.864 | Precision@1: 31.072% (3142/10112)
Loss: 1.861 | Precision@1: 31.104% (3185/10240)
Loss: 1.860 | Precision@1: 31.086% (3223/10368)
Loss: 1.858 | Precision@1: 31.145% (3269/10496)
Loss: 1.856 | Precision@1: 31.250% (3320/10624)
Loss: 1.856 | Precision@1: 31.306% (3366/10752)
Loss: 1.853 | Precision@1: 31.305% (3406/10880)
Loss: 1.853 | Precision@1: 31.295% (3445/11008)
Loss: 1.850 | Precision@1: 31.295% (3485/11136)
Loss: 1.848 | Precision@1: 31.383% (3535/11264)
Loss: 1.845 | Precision@1: 31.461% (3584/11392)
Loss: 1.845 | Precision@1: 31.450% (3623/11520)
Loss: 1.844 | Precision@1: 31.482% (3667/11648)
Loss: 1.844 | Precision@1: 31.428% (3701/11776)
Loss: 1.842 | Precision@1: 31.519% (3752/11904)
Loss: 1.841 | Precision@1: 31.541% (3795/12032)
Loss: 1.838 | Precision@1: 31.637% (3847/12160)
Loss: 1.836 | Precision@1: 31.641% (3888/12288)
Loss: 1.834 | Precision@1: 31.693% (3935/12416)
Loss: 1.832 | Precision@1: 31.744% (3982/12544)
Loss: 1.831 | Precision@1: 31.708% (4018/12672)
Loss: 1.829 | Precision@1: 31.797% (4070/12800)
Loss: 1.827 | Precision@1: 31.869% (4120/12928)
Loss: 1.826 | Precision@1: 31.847% (4158/13056)
Loss: 1.824 | Precision@1: 31.910% (4207/13184)
Loss: 1.822 | Precision@1: 31.971% (4256/13312)
Loss: 1.820 | Precision@1: 32.046% (4307/13440)
Loss: 1.818 | Precision@1: 32.075% (4352/13568)
Loss: 1.816 | Precision@1: 32.133% (4401/13696)
Loss: 1.814 | Precision@1: 32.147% (4444/13824)
Loss: 1.812 | Precision@1: 32.275% (4503/13952)
Loss: 1.810 | Precision@1: 32.294% (4547/14080)
Loss: 1.809 | Precision@1: 32.313% (4591/14208)
Loss: 1.806 | Precision@1: 32.331% (4635/14336)
Loss: 1.804 | Precision@1: 32.446% (4693/14464)
Loss: 1.803 | Precision@1: 32.477% (4739/14592)
Loss: 1.800 | Precision@1: 32.615% (4801/14720)
Loss: 1.797 | Precision@1: 32.711% (4857/14848)
Loss: 1.795 | Precision@1: 32.833% (4917/14976)
Loss: 1.794 | Precision@1: 32.872% (4965/15104)
Loss: 1.793 | Precision@1: 32.904% (5012/15232)
Loss: 1.790 | Precision@1: 32.988% (5067/15360)
Loss: 1.789 | Precision@1: 33.006% (5112/15488)
Loss: 1.788 | Precision@1: 33.056% (5162/15616)
Loss: 1.787 | Precision@1: 33.124% (5215/15744)
Loss: 1.785 | Precision@1: 33.153% (5262/15872)
Loss: 1.784 | Precision@1: 33.188% (5310/16000)
Loss: 1.781 | Precision@1: 33.278% (5367/16128)
Loss: 1.780 | Precision@1: 33.342% (5420/16256)
Loss: 1.777 | Precision@1: 33.478% (5485/16384)
Loss: 1.776 | Precision@1: 33.527% (5536/16512)
Loss: 1.774 | Precision@1: 33.636% (5597/16640)
Loss: 1.771 | Precision@1: 33.767% (5662/16768)
Loss: 1.769 | Precision@1: 33.866% (5722/16896)
Loss: 1.767 | Precision@1: 33.958% (5781/17024)
Loss: 1.765 | Precision@1: 33.996% (5831/17152)
Loss: 1.762 | Precision@1: 34.091% (5891/17280)
Loss: 1.763 | Precision@1: 34.076% (5932/17408)
Loss: 1.762 | Precision@1: 34.124% (5984/17536)
Loss: 1.760 | Precision@1: 34.149% (6032/17664)
Loss: 1.759 | Precision@1: 34.229% (6090/17792)
Loss: 1.757 | Precision@1: 34.269% (6141/17920)
Loss: 1.755 | Precision@1: 34.314% (6193/18048)
Loss: 1.755 | Precision@1: 34.336% (6241/18176)
Loss: 1.753 | Precision@1: 34.380% (6293/18304)
Loss: 1.752 | Precision@1: 34.424% (6345/18432)
Loss: 1.749 | Precision@1: 34.494% (6402/18560)
Loss: 1.747 | Precision@1: 34.573% (6461/18688)
Loss: 1.746 | Precision@1: 34.625% (6515/18816)
Loss: 1.746 | Precision@1: 34.649% (6564/18944)
Loss: 1.744 | Precision@1: 34.726% (6623/19072)
Loss: 1.743 | Precision@1: 34.786% (6679/19200)
Loss: 1.742 | Precision@1: 34.851% (6736/19328)
Loss: 1.740 | Precision@1: 34.915% (6793/19456)
Loss: 1.739 | Precision@1: 34.957% (6846/19584)
Loss: 1.738 | Precision@1: 35.004% (6900/19712)
Loss: 1.738 | Precision@1: 35.030% (6950/19840)
Loss: 1.736 | Precision@1: 35.126% (7014/19968)
Loss: 1.736 | Precision@1: 35.146% (7063/20096)
Loss: 1.735 | Precision@1: 35.206% (7120/20224)
Loss: 1.733 | Precision@1: 35.294% (7183/20352)
Loss: 1.732 | Precision@1: 35.356% (7241/20480)
Loss: 1.731 | Precision@1: 35.370% (7289/20608)
Loss: 1.730 | Precision@1: 35.431% (7347/20736)
Loss: 1.729 | Precision@1: 35.449% (7396/20864)
Loss: 1.727 | Precision@1: 35.509% (7454/20992)
Loss: 1.726 | Precision@1: 35.563% (7511/21120)
Loss: 1.725 | Precision@1: 35.603% (7565/21248)
Loss: 1.723 | Precision@1: 35.666% (7624/21376)
Loss: 1.722 | Precision@1: 35.710% (7679/21504)
Loss: 1.721 | Precision@1: 35.748% (7733/21632)
Loss: 1.720 | Precision@1: 35.758% (7781/21760)
Loss: 1.719 | Precision@1: 35.823% (7841/21888)
Loss: 1.718 | Precision@1: 35.833% (7889/22016)
Loss: 1.716 | Precision@1: 35.879% (7945/22144)
Loss: 1.716 | Precision@1: 35.888% (7993/22272)
Loss: 1.715 | Precision@1: 35.893% (8040/22400)
Loss: 1.715 | Precision@1: 35.911% (8090/22528)
Loss: 1.715 | Precision@1: 35.951% (8145/22656)
Loss: 1.714 | Precision@1: 35.990% (8200/22784)
Loss: 1.712 | Precision@1: 36.051% (8260/22912)
Loss: 1.712 | Precision@1: 36.063% (8309/23040)
Loss: 1.711 | Precision@1: 36.084% (8360/23168)
Loss: 1.710 | Precision@1: 36.148% (8421/23296)
Loss: 1.709 | Precision@1: 36.185% (8476/23424)
Loss: 1.708 | Precision@1: 36.230% (8533/23552)
Loss: 1.705 | Precision@1: 36.318% (8600/23680)
Loss: 1.704 | Precision@1: 36.395% (8665/23808)
Loss: 1.702 | Precision@1: 36.468% (8729/23936)
Loss: 1.701 | Precision@1: 36.478% (8778/24064)
Loss: 1.700 | Precision@1: 36.524% (8836/24192)
Loss: 1.698 | Precision@1: 36.591% (8899/24320)
Loss: 1.696 | Precision@1: 36.633% (8956/24448)
Loss: 1.694 | Precision@1: 36.690% (9017/24576)
Loss: 1.694 | Precision@1: 36.707% (9068/24704)
Loss: 1.692 | Precision@1: 36.783% (9134/24832)
Loss: 1.691 | Precision@1: 36.791% (9183/24960)
Loss: 1.690 | Precision@1: 36.858% (9247/25088)
Loss: 1.688 | Precision@1: 36.917% (9309/25216)
Loss: 1.687 | Precision@1: 36.971% (9370/25344)
Loss: 1.686 | Precision@1: 37.025% (9431/25472)
Loss: 1.685 | Precision@1: 37.078% (9492/25600)
Loss: 1.684 | Precision@1: 37.061% (9535/25728)
Loss: 1.683 | Precision@1: 37.102% (9593/25856)
Loss: 1.683 | Precision@1: 37.154% (9654/25984)
Loss: 1.681 | Precision@1: 37.209% (9716/26112)
Loss: 1.680 | Precision@1: 37.275% (9781/26240)
Loss: 1.679 | Precision@1: 37.299% (9835/26368)
Loss: 1.678 | Precision@1: 37.364% (9900/26496)
Loss: 1.676 | Precision@1: 37.421% (9963/26624)
Loss: 1.674 | Precision@1: 37.481% (10027/26752)
Loss: 1.673 | Precision@1: 37.511% (10083/26880)
Loss: 1.671 | Precision@1: 37.519% (10133/27008)
Loss: 1.671 | Precision@1: 37.555% (10191/27136)
Loss: 1.670 | Precision@1: 37.617% (10256/27264)
Loss: 1.668 | Precision@1: 37.664% (10317/27392)
Loss: 1.667 | Precision@1: 37.696% (10374/27520)
Loss: 1.667 | Precision@1: 37.742% (10435/27648)
Loss: 1.666 | Precision@1: 37.756% (10487/27776)
Loss: 1.665 | Precision@1: 37.815% (10552/27904)
Loss: 1.663 | Precision@1: 37.889% (10621/28032)
Loss: 1.663 | Precision@1: 37.926% (10680/28160)
Loss: 1.662 | Precision@1: 37.949% (10735/28288)
Loss: 1.661 | Precision@1: 37.993% (10796/28416)
Loss: 1.661 | Precision@1: 38.040% (10858/28544)
Loss: 1.661 | Precision@1: 38.041% (10907/28672)
Loss: 1.660 | Precision@1: 38.080% (10967/28800)
Loss: 1.660 | Precision@1: 38.084% (11017/28928)
Loss: 1.659 | Precision@1: 38.119% (11076/29056)
Loss: 1.658 | Precision@1: 38.141% (11131/29184)
Loss: 1.657 | Precision@1: 38.162% (11186/29312)
Loss: 1.657 | Precision@1: 38.186% (11242/29440)
Loss: 1.657 | Precision@1: 38.210% (11298/29568)
Loss: 1.657 | Precision@1: 38.237% (11355/29696)
Loss: 1.656 | Precision@1: 38.275% (11415/29824)
Loss: 1.655 | Precision@1: 38.281% (11466/29952)
Loss: 1.654 | Precision@1: 38.318% (11526/30080)
Loss: 1.653 | Precision@1: 38.354% (11586/30208)
Loss: 1.652 | Precision@1: 38.416% (11654/30336)
Loss: 1.651 | Precision@1: 38.462% (11717/30464)
Loss: 1.650 | Precision@1: 38.504% (11779/30592)
Loss: 1.648 | Precision@1: 38.571% (11849/30720)
Loss: 1.648 | Precision@1: 38.589% (11904/30848)
Loss: 1.647 | Precision@1: 38.627% (11965/30976)
Loss: 1.646 | Precision@1: 38.648% (12021/31104)
Loss: 1.645 | Precision@1: 38.701% (12087/31232)
Loss: 1.644 | Precision@1: 38.705% (12138/31360)
Loss: 1.644 | Precision@1: 38.716% (12191/31488)
Loss: 1.643 | Precision@1: 38.740% (12248/31616)
Loss: 1.643 | Precision@1: 38.751% (12301/31744)
Loss: 1.642 | Precision@1: 38.815% (12371/31872)
Loss: 1.640 | Precision@1: 38.856% (12434/32000)
Loss: 1.639 | Precision@1: 38.876% (12490/32128)
Loss: 1.639 | Precision@1: 38.892% (12545/32256)
Loss: 1.638 | Precision@1: 38.927% (12606/32384)
Loss: 1.637 | Precision@1: 38.970% (12670/32512)
Loss: 1.637 | Precision@1: 38.961% (12717/32640)
Loss: 1.636 | Precision@1: 38.992% (12777/32768)
Loss: 1.635 | Precision@1: 39.014% (12834/32896)
Loss: 1.635 | Precision@1: 39.032% (12890/33024)
Loss: 1.634 | Precision@1: 39.062% (12950/33152)
Loss: 1.634 | Precision@1: 39.075% (13004/33280)
Loss: 1.633 | Precision@1: 39.131% (13073/33408)
Loss: 1.631 | Precision@1: 39.179% (13139/33536)
Loss: 1.631 | Precision@1: 39.211% (13200/33664)
Loss: 1.629 | Precision@1: 39.273% (13271/33792)
Loss: 1.628 | Precision@1: 39.325% (13339/33920)
Loss: 1.628 | Precision@1: 39.371% (13405/34048)
Loss: 1.627 | Precision@1: 39.390% (13462/34176)
Loss: 1.626 | Precision@1: 39.430% (13526/34304)
Loss: 1.625 | Precision@1: 39.463% (13588/34432)
Loss: 1.624 | Precision@1: 39.502% (13652/34560)
Loss: 1.623 | Precision@1: 39.555% (13721/34688)
Loss: 1.622 | Precision@1: 39.585% (13782/34816)
Loss: 1.622 | Precision@1: 39.632% (13849/34944)
Loss: 1.621 | Precision@1: 39.678% (13916/35072)
Loss: 1.620 | Precision@1: 39.707% (13977/35200)
Loss: 1.619 | Precision@1: 39.756% (14045/35328)
Loss: 1.619 | Precision@1: 39.779% (14104/35456)
Loss: 1.618 | Precision@1: 39.827% (14172/35584)
Loss: 1.617 | Precision@1: 39.852% (14232/35712)
Loss: 1.616 | Precision@1: 39.880% (14293/35840)
Loss: 1.615 | Precision@1: 39.910% (14355/35968)
Loss: 1.614 | Precision@1: 39.966% (14426/36096)
Loss: 1.614 | Precision@1: 39.996% (14488/36224)
Loss: 1.612 | Precision@1: 40.053% (14560/36352)
Loss: 1.612 | Precision@1: 40.079% (14621/36480)
Loss: 1.611 | Precision@1: 40.098% (14679/36608)
Loss: 1.609 | Precision@1: 40.154% (14751/36736)
Loss: 1.608 | Precision@1: 40.194% (14817/36864)
Loss: 1.608 | Precision@1: 40.198% (14870/36992)
Loss: 1.607 | Precision@1: 40.234% (14935/37120)
Loss: 1.606 | Precision@1: 40.306% (15013/37248)
Loss: 1.605 | Precision@1: 40.325% (15072/37376)
Loss: 1.604 | Precision@1: 40.369% (15140/37504)
Loss: 1.603 | Precision@1: 40.404% (15205/37632)
Loss: 1.602 | Precision@1: 40.458% (15277/37760)
Loss: 1.600 | Precision@1: 40.504% (15346/37888)
Loss: 1.599 | Precision@1: 40.564% (15421/38016)
Loss: 1.599 | Precision@1: 40.588% (15482/38144)
Loss: 1.598 | Precision@1: 40.641% (15554/38272)
Loss: 1.597 | Precision@1: 40.695% (15627/38400)
Loss: 1.596 | Precision@1: 40.711% (15685/38528)
Loss: 1.595 | Precision@1: 40.747% (15751/38656)
Loss: 1.594 | Precision@1: 40.787% (15819/38784)
Loss: 1.594 | Precision@1: 40.795% (15874/38912)
Loss: 1.593 | Precision@1: 40.809% (15932/39040)
Loss: 1.592 | Precision@1: 40.845% (15998/39168)
Loss: 1.591 | Precision@1: 40.913% (16077/39296)
Loss: 1.590 | Precision@1: 40.950% (16144/39424)
Loss: 1.589 | Precision@1: 41.007% (16219/39552)
Loss: 1.588 | Precision@1: 41.023% (16278/39680)
Loss: 1.588 | Precision@1: 41.042% (16338/39808)
Loss: 1.587 | Precision@1: 41.078% (16405/39936)
Loss: 1.586 | Precision@1: 41.122% (16475/40064)
Loss: 1.585 | Precision@1: 41.162% (16544/40192)
Loss: 1.584 | Precision@1: 41.208% (16615/40320)
Loss: 1.583 | Precision@1: 41.233% (16678/40448)
Loss: 1.582 | Precision@1: 41.256% (16740/40576)
Loss: 1.581 | Precision@1: 41.306% (16813/40704)
Loss: 1.580 | Precision@1: 41.338% (16879/40832)
Loss: 1.580 | Precision@1: 41.340% (16933/40960)
Loss: 1.579 | Precision@1: 41.384% (17004/41088)
Loss: 1.579 | Precision@1: 41.409% (17067/41216)
Loss: 1.578 | Precision@1: 41.428% (17128/41344)
Loss: 1.577 | Precision@1: 41.479% (17202/41472)
Loss: 1.576 | Precision@1: 41.502% (17265/41600)
Loss: 1.575 | Precision@1: 41.531% (17330/41728)
Loss: 1.574 | Precision@1: 41.571% (17400/41856)
Loss: 1.573 | Precision@1: 41.625% (17476/41984)
Loss: 1.572 | Precision@1: 41.667% (17547/42112)
Loss: 1.571 | Precision@1: 41.695% (17612/42240)
Loss: 1.570 | Precision@1: 41.748% (17688/42368)
Loss: 1.569 | Precision@1: 41.783% (17756/42496)
Loss: 1.568 | Precision@1: 41.814% (17823/42624)
Loss: 1.567 | Precision@1: 41.860% (17896/42752)
Loss: 1.566 | Precision@1: 41.898% (17966/42880)
Loss: 1.565 | Precision@1: 41.941% (18038/43008)
Loss: 1.564 | Precision@1: 41.965% (18102/43136)
Loss: 1.564 | Precision@1: 41.975% (18160/43264)
Loss: 1.563 | Precision@1: 42.028% (18237/43392)
Loss: 1.563 | Precision@1: 42.066% (18307/43520)
Loss: 1.562 | Precision@1: 42.098% (18375/43648)
Loss: 1.561 | Precision@1: 42.130% (18443/43776)
Loss: 1.561 | Precision@1: 42.162% (18511/43904)
Loss: 1.560 | Precision@1: 42.201% (18582/44032)
Loss: 1.559 | Precision@1: 42.201% (18636/44160)
Loss: 1.559 | Precision@1: 42.226% (18701/44288)
Loss: 1.558 | Precision@1: 42.271% (18775/44416)
Loss: 1.557 | Precision@1: 42.311% (18847/44544)
Loss: 1.556 | Precision@1: 42.349% (18918/44672)
Loss: 1.556 | Precision@1: 42.377% (18985/44800)
Loss: 1.555 | Precision@1: 42.408% (19053/44928)
Loss: 1.554 | Precision@1: 42.441% (19122/45056)
Loss: 1.553 | Precision@1: 42.482% (19195/45184)
Loss: 1.552 | Precision@1: 42.512% (19263/45312)
Loss: 1.552 | Precision@1: 42.529% (19325/45440)
Loss: 1.551 | Precision@1: 42.550% (19389/45568)
Loss: 1.550 | Precision@1: 42.577% (19456/45696)
Loss: 1.549 | Precision@1: 42.617% (19529/45824)
Loss: 1.549 | Precision@1: 42.642% (19595/45952)
Loss: 1.547 | Precision@1: 42.697% (19675/46080)
Loss: 1.547 | Precision@1: 42.724% (19742/46208)
Loss: 1.546 | Precision@1: 42.783% (19824/46336)
Loss: 1.545 | Precision@1: 42.814% (19893/46464)
Loss: 1.544 | Precision@1: 42.842% (19961/46592)
Loss: 1.543 | Precision@1: 42.860% (20024/46720)
Loss: 1.542 | Precision@1: 42.898% (20097/46848)
Loss: 1.542 | Precision@1: 42.926% (20165/46976)
Loss: 1.541 | Precision@1: 42.960% (20236/47104)
Loss: 1.541 | Precision@1: 42.979% (20300/47232)
Loss: 1.540 | Precision@1: 43.015% (20372/47360)
Loss: 1.539 | Precision@1: 43.047% (20442/47488)
Loss: 1.538 | Precision@1: 43.084% (20515/47616)
Loss: 1.538 | Precision@1: 43.097% (20576/47744)
Loss: 1.537 | Precision@1: 43.134% (20649/47872)
Loss: 1.536 | Precision@1: 43.167% (20720/48000)
Loss: 1.535 | Precision@1: 43.195% (20789/48128)
Loss: 1.535 | Precision@1: 43.207% (20850/48256)
Loss: 1.534 | Precision@1: 43.233% (20918/48384)
Loss: 1.534 | Precision@1: 43.243% (20978/48512)
Loss: 1.533 | Precision@1: 43.281% (21052/48640)
Loss: 1.532 | Precision@1: 43.303% (21118/48768)
Loss: 1.532 | Precision@1: 43.321% (21182/48896)
Loss: 1.531 | Precision@1: 43.350% (21252/49024)
Loss: 1.530 | Precision@1: 43.361% (21313/49152)
Loss: 1.529 | Precision@1: 43.403% (21389/49280)
Loss: 1.529 | Precision@1: 43.430% (21458/49408)
Loss: 1.528 | Precision@1: 43.445% (21521/49536)
Loss: 1.527 | Precision@1: 43.460% (21584/49664)
Loss: 1.526 | Precision@1: 43.501% (21660/49792)
Loss: 1.526 | Precision@1: 43.526% (21728/49920)
Loss: 1.525 | Precision@1: 43.530% (21765/50000)

Aggregates: 			
 	 DataLoader Time: 3.6256 			
 	 Mini-batch Time:38.2289 			
 	 Training Epoch Time:38.4328
 			
 Averages: 			
 	 Training Loss: 1.5253

 Test set Averages: Loss: 1.277 | Precision@1: 52.910% (5291/10000)

Epoch: 1
Loss: 1.289 | Precision@1: 46.875% (60/128)
Loss: 1.173 | Precision@1: 55.078% (141/256)
Loss: 1.217 | Precision@1: 54.688% (210/384)
Loss: 1.211 | Precision@1: 55.664% (285/512)
Loss: 1.232 | Precision@1: 54.219% (347/640)
Loss: 1.234 | Precision@1: 54.297% (417/768)
Loss: 1.216 | Precision@1: 55.692% (499/896)
Loss: 1.220 | Precision@1: 55.859% (572/1024)
Loss: 1.237 | Precision@1: 55.122% (635/1152)
Loss: 1.226 | Precision@1: 55.547% (711/1280)
Loss: 1.231 | Precision@1: 55.114% (776/1408)
Loss: 1.230 | Precision@1: 54.492% (837/1536)
Loss: 1.231 | Precision@1: 54.868% (913/1664)
Loss: 1.221 | Precision@1: 55.357% (992/1792)
Loss: 1.212 | Precision@1: 55.833% (1072/1920)
Loss: 1.200 | Precision@1: 56.152% (1150/2048)
Loss: 1.190 | Precision@1: 56.572% (1231/2176)
Loss: 1.192 | Precision@1: 56.380% (1299/2304)
Loss: 1.187 | Precision@1: 56.579% (1376/2432)
Loss: 1.186 | Precision@1: 56.562% (1448/2560)
Loss: 1.182 | Precision@1: 56.696% (1524/2688)
Loss: 1.181 | Precision@1: 56.747% (1598/2816)
Loss: 1.180 | Precision@1: 56.929% (1676/2944)
Loss: 1.178 | Precision@1: 57.194% (1757/3072)
Loss: 1.172 | Precision@1: 57.406% (1837/3200)
Loss: 1.175 | Precision@1: 57.452% (1912/3328)
Loss: 1.178 | Precision@1: 57.263% (1979/3456)
Loss: 1.185 | Precision@1: 57.143% (2048/3584)
Loss: 1.189 | Precision@1: 56.950% (2114/3712)
Loss: 1.193 | Precision@1: 56.667% (2176/3840)
Loss: 1.192 | Precision@1: 56.603% (2246/3968)
Loss: 1.194 | Precision@1: 56.348% (2308/4096)
Loss: 1.193 | Precision@1: 56.439% (2384/4224)
Loss: 1.194 | Precision@1: 56.457% (2457/4352)
Loss: 1.197 | Precision@1: 56.183% (2517/4480)
Loss: 1.200 | Precision@1: 55.968% (2579/4608)
Loss: 1.200 | Precision@1: 56.060% (2655/4736)
Loss: 1.199 | Precision@1: 56.086% (2728/4864)
Loss: 1.199 | Precision@1: 56.030% (2797/4992)
Loss: 1.202 | Precision@1: 55.977% (2866/5120)
Loss: 1.202 | Precision@1: 55.755% (2926/5248)
Loss: 1.204 | Precision@1: 55.543% (2986/5376)
Loss: 1.202 | Precision@1: 55.723% (3067/5504)
Loss: 1.198 | Precision@1: 55.948% (3151/5632)
Loss: 1.201 | Precision@1: 55.851% (3217/5760)
Loss: 1.201 | Precision@1: 55.842% (3288/5888)
Loss: 1.202 | Precision@1: 55.818% (3358/6016)
Loss: 1.206 | Precision@1: 55.697% (3422/6144)
Loss: 1.209 | Precision@1: 55.644% (3490/6272)
Loss: 1.211 | Precision@1: 55.656% (3562/6400)
Loss: 1.210 | Precision@1: 55.683% (3635/6528)
Loss: 1.206 | Precision@1: 55.814% (3715/6656)
Loss: 1.204 | Precision@1: 56.014% (3800/6784)
Loss: 1.203 | Precision@1: 55.990% (3870/6912)
Loss: 1.205 | Precision@1: 55.994% (3942/7040)
Loss: 1.204 | Precision@1: 55.971% (4012/7168)
Loss: 1.203 | Precision@1: 56.058% (4090/7296)
Loss: 1.201 | Precision@1: 56.223% (4174/7424)
Loss: 1.199 | Precision@1: 56.329% (4254/7552)
Loss: 1.197 | Precision@1: 56.432% (4334/7680)
Loss: 1.194 | Precision@1: 56.596% (4419/7808)
Loss: 1.192 | Precision@1: 56.678% (4498/7936)
Loss: 1.191 | Precision@1: 56.771% (4578/8064)
Loss: 1.189 | Precision@1: 56.738% (4648/8192)
Loss: 1.193 | Precision@1: 56.683% (4716/8320)
Loss: 1.193 | Precision@1: 56.712% (4791/8448)
Loss: 1.193 | Precision@1: 56.693% (4862/8576)
Loss: 1.193 | Precision@1: 56.756% (4940/8704)
Loss: 1.193 | Precision@1: 56.805% (5017/8832)
Loss: 1.195 | Precision@1: 56.741% (5084/8960)
Loss: 1.196 | Precision@1: 56.712% (5154/9088)
Loss: 1.195 | Precision@1: 56.684% (5224/9216)
Loss: 1.194 | Precision@1: 56.667% (5295/9344)
Loss: 1.192 | Precision@1: 56.757% (5376/9472)
Loss: 1.190 | Precision@1: 56.812% (5454/9600)
Loss: 1.188 | Precision@1: 56.887% (5534/9728)
Loss: 1.187 | Precision@1: 56.950% (5613/9856)
Loss: 1.187 | Precision@1: 56.921% (5683/9984)
Loss: 1.186 | Precision@1: 56.962% (5760/10112)
Loss: 1.186 | Precision@1: 56.963% (5833/10240)
Loss: 1.186 | Precision@1: 56.916% (5901/10368)
Loss: 1.187 | Precision@1: 56.869% (5969/10496)
Loss: 1.185 | Precision@1: 56.937% (6049/10624)
Loss: 1.185 | Precision@1: 57.013% (6130/10752)
Loss: 1.186 | Precision@1: 56.976% (6199/10880)
Loss: 1.186 | Precision@1: 56.931% (6267/11008)
Loss: 1.184 | Precision@1: 56.986% (6346/11136)
Loss: 1.182 | Precision@1: 57.031% (6424/11264)
Loss: 1.181 | Precision@1: 57.075% (6502/11392)
Loss: 1.182 | Precision@1: 57.023% (6569/11520)
Loss: 1.182 | Precision@1: 57.074% (6648/11648)
Loss: 1.182 | Precision@1: 57.057% (6719/11776)
Loss: 1.184 | Precision@1: 56.989% (6784/11904)
Loss: 1.183 | Precision@1: 57.031% (6862/12032)
Loss: 1.182 | Precision@1: 57.081% (6941/12160)
Loss: 1.183 | Precision@1: 57.048% (7010/12288)
Loss: 1.184 | Precision@1: 56.999% (7077/12416)
Loss: 1.184 | Precision@1: 57.031% (7154/12544)
Loss: 1.182 | Precision@1: 57.031% (7227/12672)
Loss: 1.181 | Precision@1: 57.062% (7304/12800)
Loss: 1.180 | Precision@1: 57.124% (7385/12928)
Loss: 1.180 | Precision@1: 57.146% (7461/13056)
Loss: 1.178 | Precision@1: 57.206% (7542/13184)
Loss: 1.177 | Precision@1: 57.257% (7622/13312)
Loss: 1.177 | Precision@1: 57.254% (7695/13440)
Loss: 1.176 | Precision@1: 57.326% (7778/13568)
Loss: 1.175 | Precision@1: 57.338% (7853/13696)
Loss: 1.174 | Precision@1: 57.335% (7926/13824)
Loss: 1.174 | Precision@1: 57.368% (8004/13952)
Loss: 1.174 | Precision@1: 57.365% (8077/14080)
Loss: 1.175 | Precision@1: 57.355% (8149/14208)
Loss: 1.174 | Precision@1: 57.359% (8223/14336)
Loss: 1.173 | Precision@1: 57.432% (8307/14464)
Loss: 1.173 | Precision@1: 57.367% (8371/14592)
Loss: 1.172 | Precision@1: 57.425% (8453/14720)
Loss: 1.171 | Precision@1: 57.442% (8529/14848)
Loss: 1.170 | Precision@1: 57.479% (8608/14976)
Loss: 1.169 | Precision@1: 57.501% (8685/15104)
Loss: 1.169 | Precision@1: 57.478% (8755/15232)
Loss: 1.168 | Precision@1: 57.552% (8840/15360)
Loss: 1.168 | Precision@1: 57.574% (8917/15488)
Loss: 1.168 | Precision@1: 57.550% (8987/15616)
Loss: 1.168 | Precision@1: 57.546% (9060/15744)
Loss: 1.166 | Precision@1: 57.592% (9141/15872)
Loss: 1.165 | Precision@1: 57.669% (9227/16000)
Loss: 1.167 | Precision@1: 57.614% (9292/16128)
Loss: 1.166 | Precision@1: 57.665% (9374/16256)
Loss: 1.165 | Precision@1: 57.697% (9453/16384)
Loss: 1.164 | Precision@1: 57.734% (9533/16512)
Loss: 1.164 | Precision@1: 57.752% (9610/16640)
Loss: 1.163 | Precision@1: 57.783% (9689/16768)
Loss: 1.162 | Precision@1: 57.818% (9769/16896)
Loss: 1.162 | Precision@1: 57.812% (9842/17024)
Loss: 1.162 | Precision@1: 57.824% (9918/17152)
Loss: 1.163 | Precision@1: 57.784% (9985/17280)
Loss: 1.162 | Precision@1: 57.841% (10069/17408)
Loss: 1.163 | Precision@1: 57.824% (10140/17536)
Loss: 1.164 | Precision@1: 57.779% (10206/17664)
Loss: 1.165 | Precision@1: 57.734% (10272/17792)
Loss: 1.164 | Precision@1: 57.768% (10352/17920)
Loss: 1.165 | Precision@1: 57.768% (10426/18048)
Loss: 1.165 | Precision@1: 57.746% (10496/18176)
Loss: 1.165 | Precision@1: 57.741% (10569/18304)
Loss: 1.164 | Precision@1: 57.796% (10653/18432)
Loss: 1.164 | Precision@1: 57.802% (10728/18560)
Loss: 1.164 | Precision@1: 57.845% (10810/18688)
Loss: 1.165 | Precision@1: 57.839% (10883/18816)
Loss: 1.164 | Precision@1: 57.855% (10960/18944)
Loss: 1.164 | Precision@1: 57.875% (11038/19072)
Loss: 1.163 | Precision@1: 57.906% (11118/19200)
Loss: 1.163 | Precision@1: 57.926% (11196/19328)
Loss: 1.164 | Precision@1: 57.946% (11274/19456)
Loss: 1.163 | Precision@1: 58.007% (11360/19584)
Loss: 1.162 | Precision@1: 57.985% (11430/19712)
Loss: 1.163 | Precision@1: 57.959% (11499/19840)
Loss: 1.162 | Precision@1: 57.988% (11579/19968)
Loss: 1.162 | Precision@1: 58.026% (11661/20096)
Loss: 1.161 | Precision@1: 58.045% (11739/20224)
Loss: 1.162 | Precision@1: 58.024% (11809/20352)
Loss: 1.161 | Precision@1: 58.071% (11893/20480)
Loss: 1.160 | Precision@1: 58.147% (11983/20608)
Loss: 1.160 | Precision@1: 58.136% (12055/20736)
Loss: 1.160 | Precision@1: 58.134% (12129/20864)
Loss: 1.159 | Precision@1: 58.175% (12212/20992)
Loss: 1.159 | Precision@1: 58.168% (12285/21120)
Loss: 1.159 | Precision@1: 58.189% (12364/21248)
Loss: 1.159 | Precision@1: 58.177% (12436/21376)
Loss: 1.158 | Precision@1: 58.236% (12523/21504)
Loss: 1.157 | Precision@1: 58.247% (12600/21632)
Loss: 1.158 | Precision@1: 58.240% (12673/21760)
Loss: 1.158 | Precision@1: 58.256% (12751/21888)
Loss: 1.156 | Precision@1: 58.326% (12841/22016)
Loss: 1.155 | Precision@1: 58.363% (12924/22144)
Loss: 1.155 | Precision@1: 58.378% (13002/22272)
Loss: 1.155 | Precision@1: 58.339% (13068/22400)
Loss: 1.155 | Precision@1: 58.350% (13145/22528)
Loss: 1.156 | Precision@1: 58.351% (13220/22656)
Loss: 1.156 | Precision@1: 58.339% (13292/22784)
Loss: 1.155 | Precision@1: 58.376% (13375/22912)
Loss: 1.154 | Precision@1: 58.372% (13449/23040)
Loss: 1.154 | Precision@1: 58.378% (13525/23168)
Loss: 1.153 | Precision@1: 58.392% (13603/23296)
Loss: 1.153 | Precision@1: 58.419% (13684/23424)
Loss: 1.152 | Precision@1: 58.475% (13772/23552)
Loss: 1.151 | Precision@1: 58.488% (13850/23680)
Loss: 1.150 | Precision@1: 58.535% (13936/23808)
Loss: 1.150 | Precision@1: 58.548% (14014/23936)
Loss: 1.149 | Precision@1: 58.552% (14090/24064)
Loss: 1.149 | Precision@1: 58.557% (14166/24192)
Loss: 1.149 | Precision@1: 58.565% (14243/24320)
Loss: 1.149 | Precision@1: 58.561% (14317/24448)
Loss: 1.149 | Precision@1: 58.553% (14390/24576)
Loss: 1.148 | Precision@1: 58.549% (14464/24704)
Loss: 1.148 | Precision@1: 58.558% (14541/24832)
Loss: 1.147 | Precision@1: 58.574% (14620/24960)
Loss: 1.147 | Precision@1: 58.578% (14696/25088)
Loss: 1.146 | Precision@1: 58.594% (14775/25216)
Loss: 1.146 | Precision@1: 58.621% (14857/25344)
Loss: 1.145 | Precision@1: 58.668% (14944/25472)
Loss: 1.145 | Precision@1: 58.648% (15014/25600)
Loss: 1.144 | Precision@1: 58.671% (15095/25728)
Loss: 1.144 | Precision@1: 58.683% (15173/25856)
Loss: 1.144 | Precision@1: 58.694% (15251/25984)
Loss: 1.144 | Precision@1: 58.689% (15325/26112)
Loss: 1.144 | Precision@1: 58.720% (15408/26240)
Loss: 1.144 | Precision@1: 58.715% (15482/26368)
Loss: 1.144 | Precision@1: 58.692% (15551/26496)
Loss: 1.143 | Precision@1: 58.740% (15639/26624)
Loss: 1.142 | Precision@1: 58.784% (15726/26752)
Loss: 1.142 | Precision@1: 58.802% (15806/26880)
Loss: 1.142 | Precision@1: 58.809% (15883/27008)
Loss: 1.142 | Precision@1: 58.804% (15957/27136)
Loss: 1.142 | Precision@1: 58.810% (16034/27264)
Loss: 1.142 | Precision@1: 58.838% (16117/27392)
Loss: 1.141 | Precision@1: 58.859% (16198/27520)
Loss: 1.141 | Precision@1: 58.890% (16282/27648)
Loss: 1.140 | Precision@1: 58.921% (16366/27776)
Loss: 1.140 | Precision@1: 58.909% (16438/27904)
Loss: 1.139 | Precision@1: 58.961% (16528/28032)
Loss: 1.138 | Precision@1: 58.988% (16611/28160)
Loss: 1.137 | Precision@1: 59.007% (16692/28288)
Loss: 1.136 | Precision@1: 59.044% (16778/28416)
Loss: 1.135 | Precision@1: 59.088% (16866/28544)
Loss: 1.135 | Precision@1: 59.110% (16948/28672)
Loss: 1.135 | Precision@1: 59.083% (17016/28800)
Loss: 1.134 | Precision@1: 59.123% (17103/28928)
Loss: 1.134 | Precision@1: 59.155% (17188/29056)
Loss: 1.134 | Precision@1: 59.166% (17267/29184)
Loss: 1.133 | Precision@1: 59.198% (17352/29312)
Loss: 1.133 | Precision@1: 59.222% (17435/29440)
Loss: 1.133 | Precision@1: 59.230% (17513/29568)
Loss: 1.133 | Precision@1: 59.227% (17588/29696)
Loss: 1.133 | Precision@1: 59.258% (17673/29824)
Loss: 1.132 | Precision@1: 59.285% (17757/29952)
Loss: 1.132 | Precision@1: 59.299% (17837/30080)
Loss: 1.131 | Precision@1: 59.339% (17925/30208)
Loss: 1.132 | Precision@1: 59.329% (17998/30336)
Loss: 1.132 | Precision@1: 59.342% (18078/30464)
Loss: 1.131 | Precision@1: 59.365% (18161/30592)
Loss: 1.131 | Precision@1: 59.378% (18241/30720)
Loss: 1.131 | Precision@1: 59.381% (18318/30848)
Loss: 1.130 | Precision@1: 59.430% (18409/30976)
Loss: 1.129 | Precision@1: 59.488% (18503/31104)
Loss: 1.128 | Precision@1: 59.509% (18586/31232)
Loss: 1.128 | Precision@1: 59.541% (18672/31360)
Loss: 1.128 | Precision@1: 59.546% (18750/31488)
Loss: 1.127 | Precision@1: 59.577% (18836/31616)
Loss: 1.127 | Precision@1: 59.580% (18913/31744)
Loss: 1.126 | Precision@1: 59.604% (18997/31872)
Loss: 1.126 | Precision@1: 59.600% (19072/32000)
Loss: 1.126 | Precision@1: 59.599% (19148/32128)
Loss: 1.126 | Precision@1: 59.617% (19230/32256)
Loss: 1.126 | Precision@1: 59.628% (19310/32384)
Loss: 1.125 | Precision@1: 59.636% (19389/32512)
Loss: 1.125 | Precision@1: 59.632% (19464/32640)
Loss: 1.124 | Precision@1: 59.650% (19546/32768)
Loss: 1.124 | Precision@1: 59.667% (19628/32896)
Loss: 1.123 | Precision@1: 59.690% (19712/33024)
Loss: 1.123 | Precision@1: 59.713% (19796/33152)
Loss: 1.122 | Precision@1: 59.730% (19878/33280)
Loss: 1.121 | Precision@1: 59.749% (19961/33408)
Loss: 1.121 | Precision@1: 59.757% (20040/33536)
Loss: 1.121 | Precision@1: 59.776% (20123/33664)
Loss: 1.120 | Precision@1: 59.789% (20204/33792)
Loss: 1.120 | Precision@1: 59.802% (20285/33920)
Loss: 1.120 | Precision@1: 59.816% (20366/34048)
Loss: 1.119 | Precision@1: 59.846% (20453/34176)
Loss: 1.119 | Precision@1: 59.868% (20537/34304)
Loss: 1.119 | Precision@1: 59.877% (20617/34432)
Loss: 1.118 | Precision@1: 59.893% (20699/34560)
Loss: 1.117 | Precision@1: 59.908% (20781/34688)
Loss: 1.116 | Precision@1: 59.938% (20868/34816)
Loss: 1.116 | Precision@1: 59.947% (20948/34944)
Loss: 1.115 | Precision@1: 60.005% (21045/35072)
Loss: 1.114 | Precision@1: 60.040% (21134/35200)
Loss: 1.114 | Precision@1: 60.046% (21213/35328)
Loss: 1.113 | Precision@1: 60.077% (21301/35456)
Loss: 1.113 | Precision@1: 60.100% (21386/35584)
Loss: 1.112 | Precision@1: 60.125% (21472/35712)
Loss: 1.111 | Precision@1: 60.162% (21562/35840)
Loss: 1.110 | Precision@1: 60.198% (21652/35968)
Loss: 1.110 | Precision@1: 60.234% (21742/36096)
Loss: 1.109 | Precision@1: 60.261% (21829/36224)
Loss: 1.108 | Precision@1: 60.280% (21913/36352)
Loss: 1.108 | Precision@1: 60.291% (21994/36480)
Loss: 1.108 | Precision@1: 60.301% (22075/36608)
Loss: 1.107 | Precision@1: 60.333% (22164/36736)
Loss: 1.107 | Precision@1: 60.357% (22250/36864)
Loss: 1.106 | Precision@1: 60.381% (22336/36992)
Loss: 1.106 | Precision@1: 60.399% (22420/37120)
Loss: 1.106 | Precision@1: 60.395% (22496/37248)
Loss: 1.106 | Precision@1: 60.389% (22571/37376)
Loss: 1.106 | Precision@1: 60.410% (22656/37504)
Loss: 1.105 | Precision@1: 60.425% (22739/37632)
Loss: 1.105 | Precision@1: 60.418% (22814/37760)
Loss: 1.105 | Precision@1: 60.410% (22888/37888)
Loss: 1.104 | Precision@1: 60.440% (22977/38016)
Loss: 1.104 | Precision@1: 60.445% (23056/38144)
Loss: 1.104 | Precision@1: 60.465% (23141/38272)
Loss: 1.104 | Precision@1: 60.466% (23219/38400)
Loss: 1.104 | Precision@1: 60.442% (23287/38528)
Loss: 1.104 | Precision@1: 60.449% (23367/38656)
Loss: 1.103 | Precision@1: 60.455% (23447/38784)
Loss: 1.103 | Precision@1: 60.483% (23535/38912)
Loss: 1.102 | Precision@1: 60.497% (23618/39040)
Loss: 1.102 | Precision@1: 60.532% (23709/39168)
Loss: 1.101 | Precision@1: 60.538% (23789/39296)
Loss: 1.101 | Precision@1: 60.544% (23869/39424)
Loss: 1.101 | Precision@1: 60.553% (23950/39552)
Loss: 1.101 | Precision@1: 60.542% (24023/39680)
Loss: 1.101 | Precision@1: 60.531% (24096/39808)
Loss: 1.101 | Precision@1: 60.557% (24184/39936)
Loss: 1.101 | Precision@1: 60.568% (24266/40064)
Loss: 1.100 | Precision@1: 60.607% (24359/40192)
Loss: 1.100 | Precision@1: 60.613% (24439/40320)
Loss: 1.099 | Precision@1: 60.628% (24523/40448)
Loss: 1.099 | Precision@1: 60.639% (24605/40576)
Loss: 1.099 | Precision@1: 60.643% (24684/40704)
Loss: 1.098 | Precision@1: 60.656% (24767/40832)
Loss: 1.098 | Precision@1: 60.671% (24851/40960)
Loss: 1.097 | Precision@1: 60.699% (24940/41088)
Loss: 1.097 | Precision@1: 60.697% (25017/41216)
Loss: 1.097 | Precision@1: 60.686% (25090/41344)
Loss: 1.097 | Precision@1: 60.689% (25169/41472)
Loss: 1.097 | Precision@1: 60.700% (25251/41600)
Loss: 1.096 | Precision@1: 60.715% (25335/41728)
Loss: 1.096 | Precision@1: 60.751% (25428/41856)
Loss: 1.095 | Precision@1: 60.776% (25516/41984)
Loss: 1.095 | Precision@1: 60.783% (25597/42112)
Loss: 1.095 | Precision@1: 60.772% (25670/42240)
Loss: 1.094 | Precision@1: 60.779% (25751/42368)
Loss: 1.094 | Precision@1: 60.780% (25829/42496)
Loss: 1.094 | Precision@1: 60.787% (25910/42624)
Loss: 1.094 | Precision@1: 60.795% (25991/42752)
Loss: 1.093 | Precision@1: 60.835% (26086/42880)
Loss: 1.093 | Precision@1: 60.831% (26162/43008)
Loss: 1.093 | Precision@1: 60.829% (26239/43136)
Loss: 1.093 | Precision@1: 60.824% (26315/43264)
Loss: 1.094 | Precision@1: 60.806% (26385/43392)
Loss: 1.094 | Precision@1: 60.813% (26466/43520)
Loss: 1.094 | Precision@1: 60.828% (26550/43648)
Loss: 1.093 | Precision@1: 60.869% (26646/43776)
Loss: 1.093 | Precision@1: 60.881% (26729/43904)
Loss: 1.093 | Precision@1: 60.881% (26807/44032)
Loss: 1.093 | Precision@1: 60.885% (26887/44160)
Loss: 1.093 | Precision@1: 60.874% (26960/44288)
Loss: 1.093 | Precision@1: 60.886% (27043/44416)
Loss: 1.092 | Precision@1: 60.895% (27125/44544)
Loss: 1.092 | Precision@1: 60.902% (27206/44672)
Loss: 1.092 | Precision@1: 60.895% (27281/44800)
Loss: 1.092 | Precision@1: 60.900% (27361/44928)
Loss: 1.091 | Precision@1: 60.913% (27445/45056)
Loss: 1.091 | Precision@1: 60.907% (27520/45184)
Loss: 1.091 | Precision@1: 60.922% (27605/45312)
Loss: 1.091 | Precision@1: 60.909% (27677/45440)
Loss: 1.091 | Precision@1: 60.924% (27762/45568)
Loss: 1.090 | Precision@1: 60.924% (27840/45696)
Loss: 1.090 | Precision@1: 60.933% (27922/45824)
Loss: 1.090 | Precision@1: 60.931% (27999/45952)
Loss: 1.090 | Precision@1: 60.948% (28085/46080)
Loss: 1.089 | Precision@1: 60.961% (28169/46208)
Loss: 1.089 | Precision@1: 60.957% (28245/46336)
Loss: 1.089 | Precision@1: 60.976% (28332/46464)
Loss: 1.089 | Precision@1: 60.955% (28400/46592)
Loss: 1.089 | Precision@1: 60.978% (28489/46720)
Loss: 1.088 | Precision@1: 61.012% (28583/46848)
Loss: 1.088 | Precision@1: 61.023% (28666/46976)
Loss: 1.088 | Precision@1: 61.044% (28754/47104)
Loss: 1.087 | Precision@1: 61.073% (28846/47232)
Loss: 1.087 | Precision@1: 61.087% (28931/47360)
Loss: 1.087 | Precision@1: 61.081% (29006/47488)
Loss: 1.087 | Precision@1: 61.089% (29088/47616)
Loss: 1.086 | Precision@1: 61.099% (29171/47744)
Loss: 1.086 | Precision@1: 61.117% (29258/47872)
Loss: 1.086 | Precision@1: 61.142% (29348/48000)
Loss: 1.085 | Precision@1: 61.145% (29428/48128)
Loss: 1.085 | Precision@1: 61.159% (29513/48256)
Loss: 1.085 | Precision@1: 61.157% (29590/48384)
Loss: 1.085 | Precision@1: 61.162% (29671/48512)
Loss: 1.084 | Precision@1: 61.170% (29753/48640)
Loss: 1.084 | Precision@1: 61.167% (29830/48768)
Loss: 1.084 | Precision@1: 61.179% (29914/48896)
Loss: 1.084 | Precision@1: 61.186% (29996/49024)
Loss: 1.084 | Precision@1: 61.176% (30069/49152)
Loss: 1.084 | Precision@1: 61.189% (30154/49280)
Loss: 1.084 | Precision@1: 61.178% (30227/49408)
Loss: 1.083 | Precision@1: 61.180% (30306/49536)
Loss: 1.083 | Precision@1: 61.177% (30383/49664)
Loss: 1.083 | Precision@1: 61.183% (30464/49792)
Loss: 1.083 | Precision@1: 61.214% (30558/49920)
Loss: 1.082 | Precision@1: 61.220% (30610/50000)

Aggregates: 			
 	 DataLoader Time: 3.7465 			
 	 Mini-batch Time:38.2190 			
 	 Training Epoch Time:38.4326
 			
 Averages: 			
 	 Training Loss: 1.0822

 Test set Averages: Loss: 0.924 | Precision@1: 67.760% (6776/10000)

Epoch: 2
Loss: 0.985 | Precision@1: 67.188% (86/128)
Loss: 1.032 | Precision@1: 64.062% (164/256)
Loss: 1.015 | Precision@1: 64.323% (247/384)
Loss: 1.066 | Precision@1: 62.695% (321/512)
Loss: 1.049 | Precision@1: 63.438% (406/640)
Loss: 1.008 | Precision@1: 64.844% (498/768)
Loss: 0.986 | Precision@1: 65.848% (590/896)
Loss: 0.978 | Precision@1: 66.113% (677/1024)
Loss: 0.972 | Precision@1: 66.059% (761/1152)
Loss: 0.981 | Precision@1: 65.547% (839/1280)
Loss: 0.988 | Precision@1: 65.696% (925/1408)
Loss: 0.990 | Precision@1: 65.430% (1005/1536)
Loss: 0.989 | Precision@1: 65.325% (1087/1664)
Loss: 0.988 | Precision@1: 65.458% (1173/1792)
Loss: 0.999 | Precision@1: 65.052% (1249/1920)
Loss: 0.996 | Precision@1: 65.234% (1336/2048)
Loss: 1.001 | Precision@1: 65.303% (1421/2176)
Loss: 1.001 | Precision@1: 65.321% (1505/2304)
Loss: 1.001 | Precision@1: 65.337% (1589/2432)
Loss: 1.002 | Precision@1: 65.156% (1668/2560)
Loss: 1.000 | Precision@1: 65.179% (1752/2688)
Loss: 0.993 | Precision@1: 65.128% (1834/2816)
Loss: 0.990 | Precision@1: 65.048% (1915/2944)
Loss: 0.989 | Precision@1: 64.974% (1996/3072)
Loss: 0.990 | Precision@1: 64.688% (2070/3200)
Loss: 0.988 | Precision@1: 64.844% (2158/3328)
Loss: 0.986 | Precision@1: 64.931% (2244/3456)
Loss: 0.984 | Precision@1: 64.955% (2328/3584)
Loss: 0.981 | Precision@1: 65.059% (2415/3712)
Loss: 0.982 | Precision@1: 65.026% (2497/3840)
Loss: 0.981 | Precision@1: 65.096% (2583/3968)
Loss: 0.978 | Precision@1: 65.283% (2674/4096)
Loss: 0.977 | Precision@1: 65.365% (2761/4224)
Loss: 0.973 | Precision@1: 65.418% (2847/4352)
Loss: 0.969 | Precision@1: 65.536% (2936/4480)
Loss: 0.975 | Precision@1: 65.386% (3013/4608)
Loss: 0.978 | Precision@1: 65.351% (3095/4736)
Loss: 0.980 | Precision@1: 65.173% (3170/4864)
Loss: 0.984 | Precision@1: 64.964% (3243/4992)
Loss: 0.981 | Precision@1: 65.176% (3337/5120)
Loss: 0.983 | Precision@1: 65.111% (3417/5248)
Loss: 0.984 | Precision@1: 65.067% (3498/5376)
Loss: 0.983 | Precision@1: 65.207% (3589/5504)
Loss: 0.980 | Precision@1: 65.288% (3677/5632)
Loss: 0.980 | Precision@1: 65.243% (3758/5760)
Loss: 0.978 | Precision@1: 65.370% (3849/5888)
Loss: 0.979 | Precision@1: 65.276% (3927/6016)
Loss: 0.975 | Precision@1: 65.397% (4018/6144)
Loss: 0.975 | Precision@1: 65.434% (4104/6272)
Loss: 0.974 | Precision@1: 65.453% (4189/6400)
Loss: 0.973 | Precision@1: 65.548% (4279/6528)
Loss: 0.973 | Precision@1: 65.535% (4362/6656)
Loss: 0.973 | Precision@1: 65.492% (4443/6784)
Loss: 0.973 | Precision@1: 65.480% (4526/6912)
Loss: 0.974 | Precision@1: 65.440% (4607/7040)
Loss: 0.974 | Precision@1: 65.416% (4689/7168)
Loss: 0.973 | Precision@1: 65.406% (4772/7296)
Loss: 0.974 | Precision@1: 65.383% (4854/7424)
Loss: 0.971 | Precision@1: 65.532% (4949/7552)
Loss: 0.971 | Precision@1: 65.456% (5027/7680)
Loss: 0.972 | Precision@1: 65.369% (5104/7808)
Loss: 0.969 | Precision@1: 65.461% (5195/7936)
Loss: 0.968 | Precision@1: 65.588% (5289/8064)
Loss: 0.966 | Precision@1: 65.613% (5375/8192)
Loss: 0.965 | Precision@1: 65.661% (5463/8320)
Loss: 0.968 | Precision@1: 65.578% (5540/8448)
Loss: 0.966 | Precision@1: 65.625% (5628/8576)
Loss: 0.965 | Precision@1: 65.659% (5715/8704)
Loss: 0.966 | Precision@1: 65.602% (5794/8832)
Loss: 0.968 | Precision@1: 65.569% (5875/8960)
Loss: 0.967 | Precision@1: 65.592% (5961/9088)
Loss: 0.965 | Precision@1: 65.679% (6053/9216)
Loss: 0.966 | Precision@1: 65.625% (6132/9344)
Loss: 0.965 | Precision@1: 65.657% (6219/9472)
Loss: 0.963 | Precision@1: 65.677% (6305/9600)
Loss: 0.963 | Precision@1: 65.625% (6384/9728)
Loss: 0.962 | Precision@1: 65.605% (6466/9856)
Loss: 0.962 | Precision@1: 65.585% (6548/9984)
Loss: 0.962 | Precision@1: 65.615% (6635/10112)
Loss: 0.962 | Precision@1: 65.586% (6716/10240)
Loss: 0.961 | Precision@1: 65.654% (6807/10368)
Loss: 0.959 | Precision@1: 65.673% (6893/10496)
Loss: 0.958 | Precision@1: 65.747% (6985/10624)
Loss: 0.957 | Precision@1: 65.811% (7076/10752)
Loss: 0.957 | Precision@1: 65.809% (7160/10880)
Loss: 0.958 | Precision@1: 65.752% (7238/11008)
Loss: 0.959 | Precision@1: 65.706% (7317/11136)
Loss: 0.958 | Precision@1: 65.696% (7400/11264)
Loss: 0.958 | Precision@1: 65.678% (7482/11392)
Loss: 0.958 | Precision@1: 65.694% (7568/11520)
Loss: 0.958 | Precision@1: 65.651% (7647/11648)
Loss: 0.956 | Precision@1: 65.735% (7741/11776)
Loss: 0.956 | Precision@1: 65.768% (7829/11904)
Loss: 0.955 | Precision@1: 65.800% (7917/12032)
Loss: 0.954 | Precision@1: 65.831% (8005/12160)
Loss: 0.954 | Precision@1: 65.804% (8086/12288)
Loss: 0.953 | Precision@1: 65.875% (8179/12416)
Loss: 0.954 | Precision@1: 65.840% (8259/12544)
Loss: 0.954 | Precision@1: 65.807% (8339/12672)
Loss: 0.953 | Precision@1: 65.828% (8426/12800)
Loss: 0.953 | Precision@1: 65.834% (8511/12928)
Loss: 0.954 | Precision@1: 65.794% (8590/13056)
Loss: 0.953 | Precision@1: 65.807% (8676/13184)
Loss: 0.953 | Precision@1: 65.835% (8764/13312)
Loss: 0.953 | Precision@1: 65.885% (8855/13440)
Loss: 0.952 | Precision@1: 65.920% (8944/13568)
Loss: 0.953 | Precision@1: 65.873% (9022/13696)
Loss: 0.954 | Precision@1: 65.849% (9103/13824)
Loss: 0.955 | Precision@1: 65.776% (9177/13952)
Loss: 0.954 | Precision@1: 65.824% (9268/14080)
Loss: 0.954 | Precision@1: 65.780% (9346/14208)
Loss: 0.953 | Precision@1: 65.778% (9430/14336)
Loss: 0.953 | Precision@1: 65.791% (9516/14464)
Loss: 0.953 | Precision@1: 65.789% (9600/14592)
Loss: 0.953 | Precision@1: 65.822% (9689/14720)
Loss: 0.954 | Precision@1: 65.766% (9765/14848)
Loss: 0.954 | Precision@1: 65.799% (9854/14976)
Loss: 0.954 | Precision@1: 65.797% (9938/15104)
Loss: 0.954 | Precision@1: 65.822% (10026/15232)
Loss: 0.953 | Precision@1: 65.814% (10109/15360)
Loss: 0.954 | Precision@1: 65.806% (10192/15488)
Loss: 0.953 | Precision@1: 65.888% (10289/15616)
Loss: 0.953 | Precision@1: 65.879% (10372/15744)
Loss: 0.953 | Precision@1: 65.871% (10455/15872)
Loss: 0.953 | Precision@1: 65.869% (10539/16000)
Loss: 0.953 | Precision@1: 65.885% (10626/16128)
Loss: 0.952 | Precision@1: 65.902% (10713/16256)
Loss: 0.952 | Precision@1: 65.942% (10804/16384)
Loss: 0.952 | Precision@1: 65.916% (10884/16512)
Loss: 0.951 | Precision@1: 65.998% (10982/16640)
Loss: 0.951 | Precision@1: 65.983% (11064/16768)
Loss: 0.951 | Precision@1: 66.016% (11154/16896)
Loss: 0.951 | Precision@1: 66.019% (11239/17024)
Loss: 0.950 | Precision@1: 66.103% (11338/17152)
Loss: 0.950 | Precision@1: 66.111% (11424/17280)
Loss: 0.950 | Precision@1: 66.096% (11506/17408)
Loss: 0.950 | Precision@1: 66.098% (11591/17536)
Loss: 0.950 | Precision@1: 66.055% (11668/17664)
Loss: 0.951 | Precision@1: 66.030% (11748/17792)
Loss: 0.951 | Precision@1: 66.044% (11835/17920)
Loss: 0.951 | Precision@1: 66.041% (11919/18048)
Loss: 0.950 | Precision@1: 66.093% (12013/18176)
Loss: 0.948 | Precision@1: 66.182% (12114/18304)
Loss: 0.948 | Precision@1: 66.184% (12199/18432)
Loss: 0.948 | Precision@1: 66.191% (12285/18560)
Loss: 0.947 | Precision@1: 66.235% (12378/18688)
Loss: 0.947 | Precision@1: 66.252% (12466/18816)
Loss: 0.946 | Precision@1: 66.280% (12556/18944)
Loss: 0.946 | Precision@1: 66.301% (12645/19072)
Loss: 0.945 | Precision@1: 66.302% (12730/19200)
Loss: 0.945 | Precision@1: 66.329% (12820/19328)
Loss: 0.945 | Precision@1: 66.309% (12901/19456)
Loss: 0.944 | Precision@1: 66.319% (12988/19584)
Loss: 0.944 | Precision@1: 66.335% (13076/19712)
Loss: 0.943 | Precision@1: 66.361% (13166/19840)
Loss: 0.942 | Precision@1: 66.361% (13251/19968)
Loss: 0.943 | Precision@1: 66.361% (13336/20096)
Loss: 0.942 | Precision@1: 66.406% (13430/20224)
Loss: 0.942 | Precision@1: 66.401% (13514/20352)
Loss: 0.942 | Precision@1: 66.431% (13605/20480)
Loss: 0.942 | Precision@1: 66.445% (13693/20608)
Loss: 0.942 | Precision@1: 66.435% (13776/20736)
Loss: 0.942 | Precision@1: 66.454% (13865/20864)
Loss: 0.941 | Precision@1: 66.492% (13958/20992)
Loss: 0.941 | Precision@1: 66.501% (14045/21120)
Loss: 0.941 | Precision@1: 66.529% (14136/21248)
Loss: 0.940 | Precision@1: 66.547% (14225/21376)
Loss: 0.940 | Precision@1: 66.527% (14306/21504)
Loss: 0.940 | Precision@1: 66.522% (14390/21632)
Loss: 0.939 | Precision@1: 66.558% (14483/21760)
Loss: 0.939 | Precision@1: 66.566% (14570/21888)
Loss: 0.938 | Precision@1: 66.574% (14657/22016)
Loss: 0.938 | Precision@1: 66.596% (14747/22144)
Loss: 0.937 | Precision@1: 66.595% (14832/22272)
Loss: 0.938 | Precision@1: 66.621% (14923/22400)
Loss: 0.937 | Precision@1: 66.633% (15011/22528)
Loss: 0.937 | Precision@1: 66.649% (15100/22656)
Loss: 0.935 | Precision@1: 66.731% (15204/22784)
Loss: 0.935 | Precision@1: 66.760% (15296/22912)
Loss: 0.935 | Precision@1: 66.788% (15388/23040)
Loss: 0.934 | Precision@1: 66.834% (15484/23168)
Loss: 0.934 | Precision@1: 66.831% (15569/23296)
Loss: 0.934 | Precision@1: 66.816% (15651/23424)
Loss: 0.934 | Precision@1: 66.818% (15737/23552)
Loss: 0.934 | Precision@1: 66.824% (15824/23680)
Loss: 0.933 | Precision@1: 66.864% (15919/23808)
Loss: 0.932 | Precision@1: 66.912% (16016/23936)
Loss: 0.932 | Precision@1: 66.917% (16103/24064)
Loss: 0.932 | Precision@1: 66.944% (16195/24192)
Loss: 0.932 | Precision@1: 66.924% (16276/24320)
Loss: 0.932 | Precision@1: 66.934% (16364/24448)
Loss: 0.932 | Precision@1: 66.931% (16449/24576)
Loss: 0.932 | Precision@1: 66.945% (16538/24704)
Loss: 0.931 | Precision@1: 66.974% (16631/24832)
Loss: 0.931 | Precision@1: 66.975% (16717/24960)
Loss: 0.931 | Precision@1: 66.964% (16800/25088)
Loss: 0.932 | Precision@1: 66.930% (16877/25216)
Loss: 0.932 | Precision@1: 66.939% (16965/25344)
Loss: 0.932 | Precision@1: 66.960% (17056/25472)
Loss: 0.930 | Precision@1: 66.996% (17151/25600)
Loss: 0.931 | Precision@1: 66.993% (17236/25728)
Loss: 0.930 | Precision@1: 67.041% (17334/25856)
Loss: 0.929 | Precision@1: 67.076% (17429/25984)
Loss: 0.929 | Precision@1: 67.088% (17518/26112)
Loss: 0.930 | Precision@1: 67.081% (17602/26240)
Loss: 0.929 | Precision@1: 67.089% (17690/26368)
Loss: 0.930 | Precision@1: 67.059% (17768/26496)
Loss: 0.931 | Precision@1: 67.018% (17843/26624)
Loss: 0.930 | Precision@1: 67.023% (17930/26752)
Loss: 0.931 | Precision@1: 67.001% (18010/26880)
Loss: 0.930 | Precision@1: 67.013% (18099/27008)
Loss: 0.930 | Precision@1: 67.007% (18183/27136)
Loss: 0.931 | Precision@1: 66.986% (18263/27264)
Loss: 0.931 | Precision@1: 66.983% (18348/27392)
Loss: 0.931 | Precision@1: 66.988% (18435/27520)
Loss: 0.931 | Precision@1: 66.978% (18518/27648)
Loss: 0.931 | Precision@1: 66.997% (18609/27776)
Loss: 0.931 | Precision@1: 67.005% (18697/27904)
Loss: 0.930 | Precision@1: 67.013% (18785/28032)
Loss: 0.930 | Precision@1: 67.010% (18870/28160)
Loss: 0.931 | Precision@1: 67.000% (18953/28288)
Loss: 0.930 | Precision@1: 67.026% (19046/28416)
Loss: 0.929 | Precision@1: 67.061% (19142/28544)
Loss: 0.929 | Precision@1: 67.076% (19232/28672)
Loss: 0.929 | Precision@1: 67.087% (19321/28800)
Loss: 0.928 | Precision@1: 67.118% (19416/28928)
Loss: 0.927 | Precision@1: 67.139% (19508/29056)
Loss: 0.927 | Precision@1: 67.157% (19599/29184)
Loss: 0.927 | Precision@1: 67.170% (19689/29312)
Loss: 0.926 | Precision@1: 67.198% (19783/29440)
Loss: 0.926 | Precision@1: 67.208% (19872/29568)
Loss: 0.925 | Precision@1: 67.228% (19964/29696)
Loss: 0.925 | Precision@1: 67.234% (20052/29824)
Loss: 0.925 | Precision@1: 67.224% (20135/29952)
Loss: 0.924 | Precision@1: 67.267% (20234/30080)
Loss: 0.924 | Precision@1: 67.297% (20329/30208)
Loss: 0.923 | Precision@1: 67.300% (20416/30336)
Loss: 0.924 | Precision@1: 67.293% (20500/30464)
Loss: 0.923 | Precision@1: 67.318% (20594/30592)
Loss: 0.923 | Precision@1: 67.331% (20684/30720)
Loss: 0.923 | Precision@1: 67.350% (20776/30848)
Loss: 0.923 | Precision@1: 67.352% (20863/30976)
Loss: 0.922 | Precision@1: 67.387% (20960/31104)
Loss: 0.922 | Precision@1: 67.408% (21053/31232)
Loss: 0.922 | Precision@1: 67.408% (21139/31360)
Loss: 0.922 | Precision@1: 67.410% (21226/31488)
Loss: 0.922 | Precision@1: 67.406% (21311/31616)
Loss: 0.922 | Precision@1: 67.383% (21390/31744)
Loss: 0.922 | Precision@1: 67.395% (21480/31872)
Loss: 0.922 | Precision@1: 67.388% (21564/32000)
Loss: 0.922 | Precision@1: 67.384% (21649/32128)
Loss: 0.922 | Precision@1: 67.370% (21731/32256)
Loss: 0.922 | Precision@1: 67.379% (21820/32384)
Loss: 0.922 | Precision@1: 67.391% (21910/32512)
Loss: 0.921 | Precision@1: 67.445% (22014/32640)
Loss: 0.921 | Precision@1: 67.438% (22098/32768)
Loss: 0.921 | Precision@1: 67.431% (22182/32896)
Loss: 0.921 | Precision@1: 67.439% (22271/33024)
Loss: 0.921 | Precision@1: 67.432% (22355/33152)
Loss: 0.921 | Precision@1: 67.443% (22445/33280)
Loss: 0.922 | Precision@1: 67.442% (22531/33408)
Loss: 0.921 | Precision@1: 67.450% (22620/33536)
Loss: 0.921 | Precision@1: 67.458% (22709/33664)
Loss: 0.920 | Precision@1: 67.486% (22805/33792)
Loss: 0.921 | Precision@1: 67.459% (22882/33920)
Loss: 0.920 | Precision@1: 67.469% (22972/34048)
Loss: 0.920 | Precision@1: 67.477% (23061/34176)
Loss: 0.920 | Precision@1: 67.482% (23149/34304)
Loss: 0.920 | Precision@1: 67.492% (23239/34432)
Loss: 0.920 | Precision@1: 67.486% (23323/34560)
Loss: 0.920 | Precision@1: 67.493% (23412/34688)
Loss: 0.919 | Precision@1: 67.506% (23503/34816)
Loss: 0.919 | Precision@1: 67.517% (23593/34944)
Loss: 0.919 | Precision@1: 67.518% (23680/35072)
Loss: 0.919 | Precision@1: 67.528% (23770/35200)
Loss: 0.918 | Precision@1: 67.553% (23865/35328)
Loss: 0.918 | Precision@1: 67.543% (23948/35456)
Loss: 0.919 | Precision@1: 67.536% (24032/35584)
Loss: 0.918 | Precision@1: 67.543% (24121/35712)
Loss: 0.918 | Precision@1: 67.570% (24217/35840)
Loss: 0.917 | Precision@1: 67.585% (24309/35968)
Loss: 0.917 | Precision@1: 67.592% (24398/36096)
Loss: 0.917 | Precision@1: 67.593% (24485/36224)
Loss: 0.917 | Precision@1: 67.606% (24576/36352)
Loss: 0.916 | Precision@1: 67.612% (24665/36480)
Loss: 0.916 | Precision@1: 67.633% (24759/36608)
Loss: 0.915 | Precision@1: 67.658% (24855/36736)
Loss: 0.915 | Precision@1: 67.670% (24946/36864)
Loss: 0.914 | Precision@1: 67.679% (25036/36992)
Loss: 0.914 | Precision@1: 67.686% (25125/37120)
Loss: 0.915 | Precision@1: 67.655% (25200/37248)
Loss: 0.914 | Precision@1: 67.672% (25293/37376)
Loss: 0.914 | Precision@1: 67.689% (25386/37504)
Loss: 0.914 | Precision@1: 67.692% (25474/37632)
Loss: 0.913 | Precision@1: 67.722% (25572/37760)
Loss: 0.913 | Precision@1: 67.723% (25659/37888)
Loss: 0.913 | Precision@1: 67.737% (25751/38016)
Loss: 0.913 | Precision@1: 67.728% (25834/38144)
Loss: 0.913 | Precision@1: 67.726% (25920/38272)
Loss: 0.913 | Precision@1: 67.732% (26009/38400)
Loss: 0.913 | Precision@1: 67.746% (26101/38528)
Loss: 0.913 | Precision@1: 67.749% (26189/38656)
Loss: 0.913 | Precision@1: 67.768% (26283/38784)
Loss: 0.912 | Precision@1: 67.786% (26377/38912)
Loss: 0.912 | Precision@1: 67.802% (26470/39040)
Loss: 0.912 | Precision@1: 67.785% (26550/39168)
Loss: 0.912 | Precision@1: 67.796% (26641/39296)
Loss: 0.911 | Precision@1: 67.834% (26743/39424)
Loss: 0.911 | Precision@1: 67.827% (26827/39552)
Loss: 0.911 | Precision@1: 67.845% (26921/39680)
Loss: 0.911 | Precision@1: 67.866% (27016/39808)
Loss: 0.911 | Precision@1: 67.884% (27110/39936)
Loss: 0.910 | Precision@1: 67.914% (27209/40064)
Loss: 0.910 | Precision@1: 67.919% (27298/40192)
Loss: 0.910 | Precision@1: 67.941% (27394/40320)
Loss: 0.910 | Precision@1: 67.927% (27475/40448)
Loss: 0.911 | Precision@1: 67.917% (27558/40576)
Loss: 0.910 | Precision@1: 67.929% (27650/40704)
Loss: 0.910 | Precision@1: 67.947% (27744/40832)
Loss: 0.910 | Precision@1: 67.935% (27826/40960)
Loss: 0.909 | Precision@1: 67.966% (27926/41088)
Loss: 0.909 | Precision@1: 67.988% (28022/41216)
Loss: 0.909 | Precision@1: 68.010% (28118/41344)
Loss: 0.908 | Precision@1: 68.041% (28218/41472)
Loss: 0.907 | Precision@1: 68.070% (28317/41600)
Loss: 0.907 | Precision@1: 68.086% (28411/41728)
Loss: 0.907 | Precision@1: 68.071% (28492/41856)
Loss: 0.907 | Precision@1: 68.085% (28585/41984)
Loss: 0.906 | Precision@1: 68.097% (28677/42112)
Loss: 0.906 | Precision@1: 68.101% (28766/42240)
Loss: 0.906 | Precision@1: 68.110% (28857/42368)
Loss: 0.905 | Precision@1: 68.129% (28952/42496)
Loss: 0.905 | Precision@1: 68.135% (29042/42624)
Loss: 0.905 | Precision@1: 68.142% (29132/42752)
Loss: 0.905 | Precision@1: 68.153% (29224/42880)
Loss: 0.905 | Precision@1: 68.152% (29311/43008)
Loss: 0.906 | Precision@1: 68.136% (29391/43136)
Loss: 0.906 | Precision@1: 68.137% (29479/43264)
Loss: 0.906 | Precision@1: 68.139% (29567/43392)
Loss: 0.906 | Precision@1: 68.118% (29645/43520)
Loss: 0.907 | Precision@1: 68.104% (29726/43648)
Loss: 0.906 | Precision@1: 68.129% (29824/43776)
Loss: 0.906 | Precision@1: 68.140% (29916/43904)
Loss: 0.905 | Precision@1: 68.153% (30009/44032)
Loss: 0.905 | Precision@1: 68.143% (30092/44160)
Loss: 0.905 | Precision@1: 68.149% (30182/44288)
Loss: 0.905 | Precision@1: 68.156% (30272/44416)
Loss: 0.905 | Precision@1: 68.169% (30365/44544)
Loss: 0.905 | Precision@1: 68.172% (30454/44672)
Loss: 0.905 | Precision@1: 68.190% (30549/44800)
Loss: 0.905 | Precision@1: 68.180% (30632/44928)
Loss: 0.904 | Precision@1: 68.188% (30723/45056)
Loss: 0.904 | Precision@1: 68.175% (30804/45184)
Loss: 0.904 | Precision@1: 68.176% (30892/45312)
Loss: 0.904 | Precision@1: 68.200% (30990/45440)
Loss: 0.904 | Precision@1: 68.193% (31074/45568)
Loss: 0.904 | Precision@1: 68.188% (31159/45696)
Loss: 0.904 | Precision@1: 68.187% (31246/45824)
Loss: 0.904 | Precision@1: 68.195% (31337/45952)
Loss: 0.904 | Precision@1: 68.190% (31422/46080)
Loss: 0.904 | Precision@1: 68.207% (31517/46208)
Loss: 0.904 | Precision@1: 68.195% (31599/46336)
Loss: 0.903 | Precision@1: 68.208% (31692/46464)
Loss: 0.903 | Precision@1: 68.209% (31780/46592)
Loss: 0.903 | Precision@1: 68.221% (31873/46720)
Loss: 0.903 | Precision@1: 68.216% (31958/46848)
Loss: 0.903 | Precision@1: 68.224% (32049/46976)
Loss: 0.903 | Precision@1: 68.221% (32135/47104)
Loss: 0.903 | Precision@1: 68.219% (32221/47232)
Loss: 0.903 | Precision@1: 68.224% (32311/47360)
Loss: 0.902 | Precision@1: 68.234% (32403/47488)
Loss: 0.902 | Precision@1: 68.238% (32492/47616)
Loss: 0.902 | Precision@1: 68.256% (32588/47744)
Loss: 0.901 | Precision@1: 68.263% (32679/47872)
Loss: 0.901 | Precision@1: 68.277% (32773/48000)
Loss: 0.901 | Precision@1: 68.293% (32868/48128)
Loss: 0.901 | Precision@1: 68.294% (32956/48256)
Loss: 0.901 | Precision@1: 68.302% (33047/48384)
Loss: 0.900 | Precision@1: 68.301% (33134/48512)
Loss: 0.901 | Precision@1: 68.283% (33213/48640)
Loss: 0.901 | Precision@1: 68.295% (33306/48768)
Loss: 0.900 | Precision@1: 68.304% (33398/48896)
Loss: 0.900 | Precision@1: 68.309% (33488/49024)
Loss: 0.900 | Precision@1: 68.311% (33576/49152)
Loss: 0.900 | Precision@1: 68.330% (33673/49280)
Loss: 0.899 | Precision@1: 68.351% (33771/49408)
Loss: 0.899 | Precision@1: 68.366% (33866/49536)
Loss: 0.899 | Precision@1: 68.371% (33956/49664)
Loss: 0.899 | Precision@1: 68.376% (34046/49792)
Loss: 0.898 | Precision@1: 68.393% (34142/49920)
Loss: 0.899 | Precision@1: 68.380% (34190/50000)

Aggregates: 			
 	 DataLoader Time: 4.0042 			
 	 Mini-batch Time:38.3168 			
 	 Training Epoch Time:38.5294
 			
 Averages: 			
 	 Training Loss: 0.8987

 Test set Averages: Loss: 0.921 | Precision@1: 68.790% (6879/10000)

Epoch: 3
Loss: 0.725 | Precision@1: 73.438% (94/128)
Loss: 0.833 | Precision@1: 67.188% (172/256)
Loss: 0.863 | Precision@1: 67.188% (258/384)
Loss: 0.850 | Precision@1: 67.188% (344/512)
Loss: 0.839 | Precision@1: 68.281% (437/640)
Loss: 0.835 | Precision@1: 68.620% (527/768)
Loss: 0.831 | Precision@1: 69.308% (621/896)
Loss: 0.814 | Precision@1: 70.020% (717/1024)
Loss: 0.815 | Precision@1: 69.792% (804/1152)
Loss: 0.806 | Precision@1: 70.312% (900/1280)
Loss: 0.814 | Precision@1: 70.526% (993/1408)
Loss: 0.798 | Precision@1: 71.029% (1091/1536)
Loss: 0.807 | Precision@1: 70.673% (1176/1664)
Loss: 0.795 | Precision@1: 71.261% (1277/1792)
Loss: 0.782 | Precision@1: 71.771% (1378/1920)
Loss: 0.780 | Precision@1: 71.680% (1468/2048)
Loss: 0.793 | Precision@1: 71.186% (1549/2176)
Loss: 0.788 | Precision@1: 71.311% (1643/2304)
Loss: 0.786 | Precision@1: 71.587% (1741/2432)
Loss: 0.785 | Precision@1: 71.680% (1835/2560)
Loss: 0.789 | Precision@1: 71.503% (1922/2688)
Loss: 0.785 | Precision@1: 71.626% (2017/2816)
Loss: 0.790 | Precision@1: 71.433% (2103/2944)
Loss: 0.789 | Precision@1: 71.582% (2199/3072)
Loss: 0.799 | Precision@1: 71.219% (2279/3200)
Loss: 0.797 | Precision@1: 71.424% (2377/3328)
Loss: 0.793 | Precision@1: 71.557% (2473/3456)
Loss: 0.796 | Precision@1: 71.484% (2562/3584)
Loss: 0.790 | Precision@1: 71.821% (2666/3712)
Loss: 0.789 | Precision@1: 71.745% (2755/3840)
Loss: 0.788 | Precision@1: 71.749% (2847/3968)
Loss: 0.789 | Precision@1: 71.826% (2942/4096)
Loss: 0.790 | Precision@1: 71.875% (3036/4224)
Loss: 0.788 | Precision@1: 71.921% (3130/4352)
Loss: 0.783 | Precision@1: 72.165% (3233/4480)
Loss: 0.783 | Precision@1: 72.287% (3331/4608)
Loss: 0.781 | Precision@1: 72.340% (3426/4736)
Loss: 0.785 | Precision@1: 72.163% (3510/4864)
Loss: 0.783 | Precision@1: 72.276% (3608/4992)
Loss: 0.786 | Precision@1: 72.129% (3693/5120)
Loss: 0.785 | Precision@1: 72.066% (3782/5248)
Loss: 0.786 | Precision@1: 72.005% (3871/5376)
Loss: 0.787 | Precision@1: 71.984% (3962/5504)
Loss: 0.786 | Precision@1: 71.964% (4053/5632)
Loss: 0.786 | Precision@1: 71.979% (4146/5760)
Loss: 0.788 | Precision@1: 71.960% (4237/5888)
Loss: 0.788 | Precision@1: 71.908% (4326/6016)
Loss: 0.789 | Precision@1: 71.875% (4416/6144)
Loss: 0.790 | Precision@1: 71.827% (4505/6272)
Loss: 0.787 | Precision@1: 71.938% (4604/6400)
Loss: 0.790 | Precision@1: 71.906% (4694/6528)
Loss: 0.789 | Precision@1: 71.980% (4791/6656)
Loss: 0.784 | Precision@1: 72.214% (4899/6784)
Loss: 0.785 | Precision@1: 72.179% (4989/6912)
Loss: 0.784 | Precision@1: 72.173% (5081/7040)
Loss: 0.784 | Precision@1: 72.140% (5171/7168)
Loss: 0.785 | Precision@1: 72.039% (5256/7296)
Loss: 0.788 | Precision@1: 71.888% (5337/7424)
Loss: 0.789 | Precision@1: 71.822% (5424/7552)
Loss: 0.789 | Precision@1: 71.771% (5512/7680)
Loss: 0.786 | Precision@1: 71.952% (5618/7808)
Loss: 0.785 | Precision@1: 71.951% (5710/7936)
Loss: 0.786 | Precision@1: 71.949% (5802/8064)
Loss: 0.786 | Precision@1: 71.960% (5895/8192)
Loss: 0.785 | Precision@1: 71.959% (5987/8320)
Loss: 0.787 | Precision@1: 71.899% (6074/8448)
Loss: 0.787 | Precision@1: 71.910% (6167/8576)
Loss: 0.788 | Precision@1: 71.944% (6262/8704)
Loss: 0.788 | Precision@1: 71.988% (6358/8832)
Loss: 0.791 | Precision@1: 71.998% (6451/8960)
Loss: 0.792 | Precision@1: 72.018% (6545/9088)
Loss: 0.793 | Precision@1: 71.984% (6634/9216)
Loss: 0.793 | Precision@1: 71.993% (6727/9344)
Loss: 0.793 | Precision@1: 72.002% (6820/9472)
Loss: 0.794 | Precision@1: 71.990% (6911/9600)
Loss: 0.794 | Precision@1: 71.978% (7002/9728)
Loss: 0.795 | Precision@1: 71.987% (7095/9856)
Loss: 0.796 | Precision@1: 71.995% (7188/9984)
Loss: 0.796 | Precision@1: 72.013% (7282/10112)
Loss: 0.796 | Precision@1: 72.041% (7377/10240)
Loss: 0.796 | Precision@1: 72.000% (7465/10368)
Loss: 0.797 | Precision@1: 71.951% (7552/10496)
Loss: 0.796 | Precision@1: 72.007% (7650/10624)
Loss: 0.797 | Precision@1: 71.959% (7737/10752)
Loss: 0.798 | Precision@1: 71.958% (7829/10880)
Loss: 0.799 | Precision@1: 71.948% (7920/11008)
Loss: 0.800 | Precision@1: 71.956% (8013/11136)
Loss: 0.802 | Precision@1: 71.946% (8104/11264)
Loss: 0.802 | Precision@1: 71.893% (8190/11392)
Loss: 0.802 | Precision@1: 71.936% (8287/11520)
Loss: 0.802 | Precision@1: 71.901% (8375/11648)
Loss: 0.803 | Precision@1: 71.858% (8462/11776)
Loss: 0.802 | Precision@1: 71.925% (8562/11904)
Loss: 0.803 | Precision@1: 71.867% (8647/12032)
Loss: 0.802 | Precision@1: 71.859% (8738/12160)
Loss: 0.804 | Precision@1: 71.818% (8825/12288)
Loss: 0.803 | Precision@1: 71.811% (8916/12416)
Loss: 0.803 | Precision@1: 71.867% (9015/12544)
Loss: 0.802 | Precision@1: 71.899% (9111/12672)
Loss: 0.802 | Precision@1: 71.867% (9199/12800)
Loss: 0.805 | Precision@1: 71.805% (9283/12928)
Loss: 0.805 | Precision@1: 71.760% (9369/13056)
Loss: 0.804 | Precision@1: 71.784% (9464/13184)
Loss: 0.805 | Precision@1: 71.755% (9552/13312)
Loss: 0.804 | Precision@1: 71.793% (9649/13440)
Loss: 0.805 | Precision@1: 71.728% (9732/13568)
Loss: 0.803 | Precision@1: 71.809% (9835/13696)
Loss: 0.804 | Precision@1: 71.810% (9927/13824)
Loss: 0.803 | Precision@1: 71.818% (10020/13952)
Loss: 0.804 | Precision@1: 71.783% (10107/14080)
Loss: 0.804 | Precision@1: 71.791% (10200/14208)
Loss: 0.804 | Precision@1: 71.840% (10299/14336)
Loss: 0.804 | Precision@1: 71.861% (10394/14464)
Loss: 0.803 | Precision@1: 71.882% (10489/14592)
Loss: 0.803 | Precision@1: 71.882% (10581/14720)
Loss: 0.800 | Precision@1: 71.989% (10689/14848)
Loss: 0.800 | Precision@1: 71.989% (10781/14976)
Loss: 0.799 | Precision@1: 72.001% (10875/15104)
Loss: 0.798 | Precision@1: 72.013% (10969/15232)
Loss: 0.799 | Precision@1: 71.966% (11054/15360)
Loss: 0.798 | Precision@1: 71.978% (11148/15488)
Loss: 0.799 | Precision@1: 71.933% (11233/15616)
Loss: 0.799 | Precision@1: 71.977% (11332/15744)
Loss: 0.799 | Precision@1: 71.970% (11423/15872)
Loss: 0.798 | Precision@1: 72.031% (11525/16000)
Loss: 0.799 | Precision@1: 72.042% (11619/16128)
Loss: 0.798 | Precision@1: 72.053% (11713/16256)
Loss: 0.798 | Precision@1: 72.064% (11807/16384)
Loss: 0.798 | Precision@1: 72.111% (11907/16512)
Loss: 0.798 | Precision@1: 72.133% (12003/16640)
Loss: 0.796 | Precision@1: 72.197% (12106/16768)
Loss: 0.796 | Precision@1: 72.189% (12197/16896)
Loss: 0.796 | Precision@1: 72.216% (12294/17024)
Loss: 0.795 | Precision@1: 72.236% (12390/17152)
Loss: 0.795 | Precision@1: 72.257% (12486/17280)
Loss: 0.795 | Precision@1: 72.243% (12576/17408)
Loss: 0.795 | Precision@1: 72.291% (12677/17536)
Loss: 0.794 | Precision@1: 72.300% (12771/17664)
Loss: 0.794 | Precision@1: 72.302% (12864/17792)
Loss: 0.793 | Precision@1: 72.338% (12963/17920)
Loss: 0.793 | Precision@1: 72.357% (13059/18048)
Loss: 0.793 | Precision@1: 72.381% (13156/18176)
Loss: 0.793 | Precision@1: 72.399% (13252/18304)
Loss: 0.793 | Precision@1: 72.363% (13338/18432)
Loss: 0.793 | Precision@1: 72.338% (13426/18560)
Loss: 0.794 | Precision@1: 72.303% (13512/18688)
Loss: 0.793 | Precision@1: 72.327% (13609/18816)
Loss: 0.793 | Precision@1: 72.329% (13702/18944)
Loss: 0.791 | Precision@1: 72.368% (13802/19072)
Loss: 0.791 | Precision@1: 72.354% (13892/19200)
Loss: 0.790 | Precision@1: 72.392% (13992/19328)
Loss: 0.790 | Precision@1: 72.389% (14084/19456)
Loss: 0.791 | Precision@1: 72.355% (14170/19584)
Loss: 0.791 | Precision@1: 72.362% (14264/19712)
Loss: 0.790 | Precision@1: 72.389% (14362/19840)
Loss: 0.789 | Precision@1: 72.426% (14462/19968)
Loss: 0.789 | Precision@1: 72.417% (14553/20096)
Loss: 0.789 | Precision@1: 72.424% (14647/20224)
Loss: 0.788 | Precision@1: 72.425% (14740/20352)
Loss: 0.788 | Precision@1: 72.446% (14837/20480)
Loss: 0.787 | Precision@1: 72.457% (14932/20608)
Loss: 0.786 | Precision@1: 72.473% (15028/20736)
Loss: 0.786 | Precision@1: 72.503% (15127/20864)
Loss: 0.785 | Precision@1: 72.542% (15228/20992)
Loss: 0.786 | Precision@1: 72.509% (15314/21120)
Loss: 0.785 | Precision@1: 72.534% (15412/21248)
Loss: 0.786 | Precision@1: 72.530% (15504/21376)
Loss: 0.786 | Precision@1: 72.507% (15592/21504)
Loss: 0.787 | Precision@1: 72.490% (15681/21632)
Loss: 0.786 | Precision@1: 72.505% (15777/21760)
Loss: 0.786 | Precision@1: 72.533% (15876/21888)
Loss: 0.786 | Precision@1: 72.579% (15979/22016)
Loss: 0.786 | Precision@1: 72.607% (16078/22144)
Loss: 0.785 | Precision@1: 72.611% (16172/22272)
Loss: 0.785 | Precision@1: 72.625% (16268/22400)
Loss: 0.784 | Precision@1: 72.643% (16365/22528)
Loss: 0.784 | Precision@1: 72.647% (16459/22656)
Loss: 0.784 | Precision@1: 72.652% (16553/22784)
Loss: 0.785 | Precision@1: 72.634% (16642/22912)
Loss: 0.784 | Precision@1: 72.678% (16745/23040)
Loss: 0.785 | Precision@1: 72.639% (16829/23168)
Loss: 0.784 | Precision@1: 72.661% (16927/23296)
Loss: 0.784 | Precision@1: 72.669% (17022/23424)
Loss: 0.784 | Precision@1: 72.686% (17119/23552)
Loss: 0.783 | Precision@1: 72.711% (17218/23680)
Loss: 0.784 | Precision@1: 72.715% (17312/23808)
Loss: 0.783 | Precision@1: 72.711% (17404/23936)
Loss: 0.783 | Precision@1: 72.756% (17508/24064)
Loss: 0.783 | Precision@1: 72.764% (17603/24192)
Loss: 0.783 | Precision@1: 72.775% (17699/24320)
Loss: 0.782 | Precision@1: 72.791% (17796/24448)
Loss: 0.783 | Precision@1: 72.782% (17887/24576)
Loss: 0.782 | Precision@1: 72.814% (17988/24704)
Loss: 0.780 | Precision@1: 72.833% (18086/24832)
Loss: 0.780 | Precision@1: 72.837% (18180/24960)
Loss: 0.780 | Precision@1: 72.836% (18273/25088)
Loss: 0.780 | Precision@1: 72.847% (18369/25216)
Loss: 0.781 | Precision@1: 72.834% (18459/25344)
Loss: 0.780 | Precision@1: 72.853% (18557/25472)
Loss: 0.779 | Precision@1: 72.875% (18656/25600)
Loss: 0.779 | Precision@1: 72.905% (18757/25728)
Loss: 0.779 | Precision@1: 72.896% (18848/25856)
Loss: 0.779 | Precision@1: 72.879% (18937/25984)
Loss: 0.780 | Precision@1: 72.875% (19029/26112)
Loss: 0.780 | Precision@1: 72.889% (19126/26240)
Loss: 0.779 | Precision@1: 72.929% (19230/26368)
Loss: 0.778 | Precision@1: 72.932% (19324/26496)
Loss: 0.778 | Precision@1: 72.945% (19421/26624)
Loss: 0.778 | Precision@1: 72.955% (19517/26752)
Loss: 0.778 | Precision@1: 72.950% (19609/26880)
Loss: 0.778 | Precision@1: 72.945% (19701/27008)
Loss: 0.777 | Precision@1: 72.988% (19806/27136)
Loss: 0.777 | Precision@1: 72.964% (19893/27264)
Loss: 0.776 | Precision@1: 72.981% (19991/27392)
Loss: 0.776 | Precision@1: 72.983% (20085/27520)
Loss: 0.776 | Precision@1: 72.993% (20181/27648)
Loss: 0.775 | Precision@1: 73.002% (20277/27776)
Loss: 0.775 | Precision@1: 72.997% (20369/27904)
Loss: 0.775 | Precision@1: 72.999% (20463/28032)
Loss: 0.776 | Precision@1: 72.976% (20550/28160)
Loss: 0.775 | Precision@1: 72.992% (20648/28288)
Loss: 0.776 | Precision@1: 72.991% (20741/28416)
Loss: 0.777 | Precision@1: 73.003% (20838/28544)
Loss: 0.777 | Precision@1: 72.970% (20922/28672)
Loss: 0.777 | Precision@1: 72.979% (21018/28800)
Loss: 0.777 | Precision@1: 73.002% (21118/28928)
Loss: 0.777 | Precision@1: 72.997% (21210/29056)
Loss: 0.778 | Precision@1: 72.992% (21302/29184)
Loss: 0.778 | Precision@1: 72.991% (21395/29312)
Loss: 0.777 | Precision@1: 73.016% (21496/29440)
Loss: 0.777 | Precision@1: 73.022% (21591/29568)
Loss: 0.777 | Precision@1: 73.020% (21684/29696)
Loss: 0.777 | Precision@1: 72.998% (21771/29824)
Loss: 0.777 | Precision@1: 73.000% (21865/29952)
Loss: 0.777 | Precision@1: 72.972% (21950/30080)
Loss: 0.777 | Precision@1: 72.987% (22048/30208)
Loss: 0.778 | Precision@1: 72.973% (22137/30336)
Loss: 0.778 | Precision@1: 72.958% (22226/30464)
Loss: 0.777 | Precision@1: 72.980% (22326/30592)
Loss: 0.777 | Precision@1: 72.965% (22415/30720)
Loss: 0.776 | Precision@1: 72.977% (22512/30848)
Loss: 0.777 | Precision@1: 72.947% (22596/30976)
Loss: 0.777 | Precision@1: 72.955% (22692/31104)
Loss: 0.777 | Precision@1: 72.964% (22788/31232)
Loss: 0.777 | Precision@1: 72.982% (22887/31360)
Loss: 0.776 | Precision@1: 72.996% (22985/31488)
Loss: 0.776 | Precision@1: 72.985% (23075/31616)
Loss: 0.776 | Precision@1: 72.993% (23171/31744)
Loss: 0.776 | Precision@1: 73.008% (23269/31872)
Loss: 0.776 | Precision@1: 73.013% (23364/32000)
Loss: 0.776 | Precision@1: 73.030% (23463/32128)
Loss: 0.776 | Precision@1: 73.025% (23555/32256)
Loss: 0.775 | Precision@1: 73.052% (23657/32384)
Loss: 0.776 | Precision@1: 73.031% (23744/32512)
Loss: 0.776 | Precision@1: 73.033% (23838/32640)
Loss: 0.776 | Precision@1: 73.050% (23937/32768)
Loss: 0.776 | Precision@1: 73.054% (24032/32896)
Loss: 0.776 | Precision@1: 73.029% (24117/33024)
Loss: 0.775 | Precision@1: 73.042% (24215/33152)
Loss: 0.775 | Precision@1: 73.059% (24314/33280)
Loss: 0.775 | Precision@1: 73.063% (24409/33408)
Loss: 0.775 | Precision@1: 73.068% (24504/33536)
Loss: 0.775 | Precision@1: 73.057% (24594/33664)
Loss: 0.776 | Precision@1: 73.053% (24686/33792)
Loss: 0.775 | Precision@1: 73.060% (24782/33920)
Loss: 0.775 | Precision@1: 73.056% (24874/34048)
Loss: 0.775 | Precision@1: 73.057% (24968/34176)
Loss: 0.775 | Precision@1: 73.050% (25059/34304)
Loss: 0.776 | Precision@1: 73.043% (25150/34432)
Loss: 0.775 | Precision@1: 73.053% (25247/34560)
Loss: 0.775 | Precision@1: 73.074% (25348/34688)
Loss: 0.774 | Precision@1: 73.081% (25444/34816)
Loss: 0.774 | Precision@1: 73.106% (25546/34944)
Loss: 0.774 | Precision@1: 73.092% (25635/35072)
Loss: 0.773 | Precision@1: 73.122% (25739/35200)
Loss: 0.773 | Precision@1: 73.120% (25832/35328)
Loss: 0.773 | Precision@1: 73.150% (25936/35456)
Loss: 0.773 | Precision@1: 73.126% (26021/35584)
Loss: 0.774 | Precision@1: 73.121% (26113/35712)
Loss: 0.774 | Precision@1: 73.108% (26202/35840)
Loss: 0.774 | Precision@1: 73.123% (26301/35968)
Loss: 0.773 | Precision@1: 73.138% (26400/36096)
Loss: 0.774 | Precision@1: 73.115% (26485/36224)
Loss: 0.773 | Precision@1: 73.129% (26584/36352)
Loss: 0.773 | Precision@1: 73.139% (26681/36480)
Loss: 0.773 | Precision@1: 73.156% (26781/36608)
Loss: 0.773 | Precision@1: 73.152% (26873/36736)
Loss: 0.772 | Precision@1: 73.158% (26969/36864)
Loss: 0.772 | Precision@1: 73.173% (27068/36992)
Loss: 0.772 | Precision@1: 73.187% (27167/37120)
Loss: 0.771 | Precision@1: 73.201% (27266/37248)
Loss: 0.771 | Precision@1: 73.199% (27359/37376)
Loss: 0.770 | Precision@1: 73.224% (27462/37504)
Loss: 0.770 | Precision@1: 73.220% (27554/37632)
Loss: 0.770 | Precision@1: 73.247% (27658/37760)
Loss: 0.770 | Precision@1: 73.234% (27747/37888)
Loss: 0.769 | Precision@1: 73.256% (27849/38016)
Loss: 0.769 | Precision@1: 73.257% (27943/38144)
Loss: 0.770 | Precision@1: 73.236% (28029/38272)
Loss: 0.770 | Precision@1: 73.240% (28124/38400)
Loss: 0.769 | Precision@1: 73.261% (28226/38528)
Loss: 0.769 | Precision@1: 73.267% (28322/38656)
Loss: 0.770 | Precision@1: 73.254% (28411/38784)
Loss: 0.770 | Precision@1: 73.242% (28500/38912)
Loss: 0.770 | Precision@1: 73.248% (28596/39040)
Loss: 0.770 | Precision@1: 73.228% (28682/39168)
Loss: 0.770 | Precision@1: 73.224% (28774/39296)
Loss: 0.770 | Precision@1: 73.219% (28866/39424)
Loss: 0.771 | Precision@1: 73.225% (28962/39552)
Loss: 0.770 | Precision@1: 73.233% (29059/39680)
Loss: 0.770 | Precision@1: 73.239% (29155/39808)
Loss: 0.770 | Precision@1: 73.227% (29244/39936)
Loss: 0.770 | Precision@1: 73.230% (29339/40064)
Loss: 0.770 | Precision@1: 73.224% (29430/40192)
Loss: 0.770 | Precision@1: 73.209% (29518/40320)
Loss: 0.770 | Precision@1: 73.205% (29610/40448)
Loss: 0.770 | Precision@1: 73.218% (29709/40576)
Loss: 0.770 | Precision@1: 73.214% (29801/40704)
Loss: 0.770 | Precision@1: 73.227% (29900/40832)
Loss: 0.769 | Precision@1: 73.259% (30007/40960)
Loss: 0.769 | Precision@1: 73.250% (30097/41088)
Loss: 0.769 | Precision@1: 73.287% (30206/41216)
Loss: 0.769 | Precision@1: 73.285% (30299/41344)
Loss: 0.769 | Precision@1: 73.295% (30397/41472)
Loss: 0.768 | Precision@1: 73.298% (30492/41600)
Loss: 0.768 | Precision@1: 73.303% (30588/41728)
Loss: 0.768 | Precision@1: 73.311% (30685/41856)
Loss: 0.768 | Precision@1: 73.302% (30775/41984)
Loss: 0.768 | Precision@1: 73.312% (30873/42112)
Loss: 0.767 | Precision@1: 73.343% (30980/42240)
Loss: 0.767 | Precision@1: 73.353% (31078/42368)
Loss: 0.766 | Precision@1: 73.360% (31175/42496)
Loss: 0.767 | Precision@1: 73.351% (31265/42624)
Loss: 0.767 | Precision@1: 73.332% (31351/42752)
Loss: 0.767 | Precision@1: 73.335% (31446/42880)
Loss: 0.766 | Precision@1: 73.347% (31545/43008)
Loss: 0.766 | Precision@1: 73.366% (31647/43136)
Loss: 0.766 | Precision@1: 73.364% (31740/43264)
Loss: 0.766 | Precision@1: 73.350% (31828/43392)
Loss: 0.766 | Precision@1: 73.364% (31928/43520)
Loss: 0.765 | Precision@1: 73.394% (32035/43648)
Loss: 0.765 | Precision@1: 73.399% (32131/43776)
Loss: 0.765 | Precision@1: 73.408% (32229/43904)
Loss: 0.765 | Precision@1: 73.403% (32321/44032)
Loss: 0.765 | Precision@1: 73.408% (32417/44160)
Loss: 0.765 | Precision@1: 73.410% (32512/44288)
Loss: 0.764 | Precision@1: 73.410% (32606/44416)
Loss: 0.764 | Precision@1: 73.417% (32703/44544)
Loss: 0.764 | Precision@1: 73.429% (32802/44672)
Loss: 0.764 | Precision@1: 73.431% (32897/44800)
Loss: 0.764 | Precision@1: 73.424% (32988/44928)
Loss: 0.764 | Precision@1: 73.426% (33083/45056)
Loss: 0.764 | Precision@1: 73.440% (33183/45184)
Loss: 0.764 | Precision@1: 73.433% (33274/45312)
Loss: 0.763 | Precision@1: 73.466% (33383/45440)
Loss: 0.763 | Precision@1: 73.473% (33480/45568)
Loss: 0.763 | Precision@1: 73.462% (33569/45696)
Loss: 0.763 | Precision@1: 73.472% (33668/45824)
Loss: 0.763 | Precision@1: 73.470% (33761/45952)
Loss: 0.763 | Precision@1: 73.477% (33858/46080)
Loss: 0.763 | Precision@1: 73.483% (33955/46208)
Loss: 0.762 | Precision@1: 73.507% (34060/46336)
Loss: 0.762 | Precision@1: 73.528% (34164/46464)
Loss: 0.761 | Precision@1: 73.543% (34265/46592)
Loss: 0.761 | Precision@1: 73.549% (34362/46720)
Loss: 0.761 | Precision@1: 73.563% (34463/46848)
Loss: 0.761 | Precision@1: 73.552% (34552/46976)
Loss: 0.762 | Precision@1: 73.552% (34646/47104)
Loss: 0.761 | Precision@1: 73.571% (34749/47232)
Loss: 0.762 | Precision@1: 73.566% (34841/47360)
Loss: 0.762 | Precision@1: 73.576% (34940/47488)
Loss: 0.761 | Precision@1: 73.591% (35041/47616)
Loss: 0.761 | Precision@1: 73.586% (35133/47744)
Loss: 0.761 | Precision@1: 73.575% (35222/47872)
Loss: 0.761 | Precision@1: 73.585% (35321/48000)
Loss: 0.761 | Precision@1: 73.597% (35421/48128)
Loss: 0.761 | Precision@1: 73.603% (35518/48256)
Loss: 0.761 | Precision@1: 73.601% (35611/48384)
Loss: 0.760 | Precision@1: 73.609% (35709/48512)
Loss: 0.760 | Precision@1: 73.627% (35812/48640)
Loss: 0.760 | Precision@1: 73.643% (35914/48768)
Loss: 0.759 | Precision@1: 73.646% (36010/48896)
Loss: 0.759 | Precision@1: 73.654% (36108/49024)
Loss: 0.759 | Precision@1: 73.649% (36200/49152)
Loss: 0.759 | Precision@1: 73.661% (36300/49280)
Loss: 0.759 | Precision@1: 73.674% (36401/49408)
Loss: 0.759 | Precision@1: 73.688% (36502/49536)
Loss: 0.759 | Precision@1: 73.685% (36595/49664)
Loss: 0.759 | Precision@1: 73.693% (36693/49792)
Loss: 0.758 | Precision@1: 73.718% (36800/49920)
Loss: 0.757 | Precision@1: 73.730% (36865/50000)

Aggregates: 			
 	 DataLoader Time: 3.7180 			
 	 Mini-batch Time:38.2184 			
 	 Training Epoch Time:38.4312
 			
 Averages: 			
 	 Training Loss: 0.7574

 Test set Averages: Loss: 0.863 | Precision@1: 69.540% (6954/10000)

Epoch: 4
Loss: 0.585 | Precision@1: 78.125% (100/128)
Loss: 0.623 | Precision@1: 77.734% (199/256)
Loss: 0.628 | Precision@1: 77.604% (298/384)
Loss: 0.647 | Precision@1: 76.758% (393/512)
Loss: 0.646 | Precision@1: 77.031% (493/640)
Loss: 0.674 | Precision@1: 76.042% (584/768)
Loss: 0.693 | Precision@1: 75.558% (677/896)
Loss: 0.707 | Precision@1: 75.098% (769/1024)
Loss: 0.688 | Precision@1: 75.608% (871/1152)
Loss: 0.689 | Precision@1: 75.781% (970/1280)
Loss: 0.682 | Precision@1: 75.923% (1069/1408)
Loss: 0.676 | Precision@1: 76.042% (1168/1536)
Loss: 0.680 | Precision@1: 75.901% (1263/1664)
Loss: 0.680 | Precision@1: 75.893% (1360/1792)
Loss: 0.683 | Precision@1: 75.781% (1455/1920)
Loss: 0.682 | Precision@1: 75.781% (1552/2048)
Loss: 0.679 | Precision@1: 75.965% (1653/2176)
Loss: 0.676 | Precision@1: 75.955% (1750/2304)
Loss: 0.675 | Precision@1: 75.863% (1845/2432)
Loss: 0.666 | Precision@1: 76.172% (1950/2560)
Loss: 0.671 | Precision@1: 75.967% (2042/2688)
Loss: 0.667 | Precision@1: 76.101% (2143/2816)
Loss: 0.663 | Precision@1: 76.291% (2246/2944)
Loss: 0.673 | Precision@1: 75.781% (2328/3072)
Loss: 0.671 | Precision@1: 75.938% (2430/3200)
Loss: 0.672 | Precision@1: 75.931% (2527/3328)
Loss: 0.671 | Precision@1: 75.897% (2623/3456)
Loss: 0.671 | Precision@1: 75.921% (2721/3584)
Loss: 0.675 | Precision@1: 75.889% (2817/3712)
Loss: 0.680 | Precision@1: 75.729% (2908/3840)
Loss: 0.683 | Precision@1: 75.580% (2999/3968)
Loss: 0.678 | Precision@1: 75.781% (3104/4096)
Loss: 0.681 | Precision@1: 75.781% (3201/4224)
Loss: 0.675 | Precision@1: 75.965% (3306/4352)
Loss: 0.674 | Precision@1: 76.071% (3408/4480)
Loss: 0.677 | Precision@1: 75.933% (3499/4608)
Loss: 0.679 | Precision@1: 75.823% (3591/4736)
Loss: 0.680 | Precision@1: 75.720% (3683/4864)
Loss: 0.678 | Precision@1: 75.781% (3783/4992)
Loss: 0.680 | Precision@1: 75.625% (3872/5120)
Loss: 0.681 | Precision@1: 75.629% (3969/5248)
Loss: 0.680 | Precision@1: 75.670% (4068/5376)
Loss: 0.681 | Precision@1: 75.672% (4165/5504)
Loss: 0.678 | Precision@1: 75.835% (4271/5632)
Loss: 0.676 | Precision@1: 75.920% (4373/5760)
Loss: 0.680 | Precision@1: 75.832% (4465/5888)
Loss: 0.678 | Precision@1: 75.947% (4569/6016)
Loss: 0.678 | Precision@1: 75.960% (4667/6144)
Loss: 0.680 | Precision@1: 75.957% (4764/6272)
Loss: 0.681 | Precision@1: 75.938% (4860/6400)
Loss: 0.685 | Precision@1: 75.812% (4949/6528)
Loss: 0.683 | Precision@1: 75.811% (5046/6656)
Loss: 0.683 | Precision@1: 75.855% (5146/6784)
Loss: 0.683 | Precision@1: 75.825% (5241/6912)
Loss: 0.683 | Precision@1: 75.781% (5335/7040)
Loss: 0.685 | Precision@1: 75.711% (5427/7168)
Loss: 0.687 | Precision@1: 75.658% (5520/7296)
Loss: 0.687 | Precision@1: 75.633% (5615/7424)
Loss: 0.688 | Precision@1: 75.609% (5710/7552)
Loss: 0.688 | Precision@1: 75.677% (5812/7680)
Loss: 0.690 | Precision@1: 75.666% (5908/7808)
Loss: 0.691 | Precision@1: 75.605% (6000/7936)
Loss: 0.690 | Precision@1: 75.632% (6099/8064)
Loss: 0.688 | Precision@1: 75.684% (6200/8192)
Loss: 0.686 | Precision@1: 75.733% (6301/8320)
Loss: 0.686 | Precision@1: 75.817% (6405/8448)
Loss: 0.687 | Precision@1: 75.816% (6502/8576)
Loss: 0.689 | Precision@1: 75.735% (6592/8704)
Loss: 0.687 | Precision@1: 75.713% (6687/8832)
Loss: 0.685 | Precision@1: 75.804% (6792/8960)
Loss: 0.684 | Precision@1: 75.781% (6887/9088)
Loss: 0.685 | Precision@1: 75.803% (6986/9216)
Loss: 0.685 | Precision@1: 75.813% (7084/9344)
Loss: 0.685 | Precision@1: 75.802% (7180/9472)
Loss: 0.686 | Precision@1: 75.823% (7279/9600)
Loss: 0.686 | Precision@1: 75.781% (7372/9728)
Loss: 0.687 | Precision@1: 75.751% (7466/9856)
Loss: 0.687 | Precision@1: 75.731% (7561/9984)
Loss: 0.685 | Precision@1: 75.850% (7670/10112)
Loss: 0.684 | Precision@1: 75.859% (7768/10240)
Loss: 0.684 | Precision@1: 75.878% (7867/10368)
Loss: 0.686 | Precision@1: 75.791% (7955/10496)
Loss: 0.685 | Precision@1: 75.809% (8054/10624)
Loss: 0.684 | Precision@1: 75.846% (8155/10752)
Loss: 0.685 | Precision@1: 75.846% (8252/10880)
Loss: 0.686 | Precision@1: 75.754% (8339/11008)
Loss: 0.685 | Precision@1: 75.781% (8439/11136)
Loss: 0.687 | Precision@1: 75.692% (8526/11264)
Loss: 0.686 | Precision@1: 75.781% (8633/11392)
Loss: 0.688 | Precision@1: 75.712% (8722/11520)
Loss: 0.687 | Precision@1: 75.755% (8824/11648)
Loss: 0.686 | Precision@1: 75.824% (8929/11776)
Loss: 0.686 | Precision@1: 75.815% (9025/11904)
Loss: 0.685 | Precision@1: 75.848% (9126/12032)
Loss: 0.686 | Precision@1: 75.855% (9224/12160)
Loss: 0.686 | Precision@1: 75.879% (9324/12288)
Loss: 0.686 | Precision@1: 75.894% (9423/12416)
Loss: 0.685 | Precision@1: 75.917% (9523/12544)
Loss: 0.686 | Precision@1: 75.884% (9616/12672)
Loss: 0.685 | Precision@1: 75.922% (9718/12800)
Loss: 0.685 | Precision@1: 75.944% (9818/12928)
Loss: 0.685 | Precision@1: 75.919% (9912/13056)
Loss: 0.685 | Precision@1: 75.903% (10007/13184)
Loss: 0.684 | Precision@1: 75.962% (10112/13312)
Loss: 0.685 | Precision@1: 75.938% (10206/13440)
Loss: 0.684 | Precision@1: 75.951% (10305/13568)
Loss: 0.684 | Precision@1: 75.935% (10400/13696)
Loss: 0.685 | Precision@1: 75.911% (10494/13824)
Loss: 0.686 | Precision@1: 75.882% (10587/13952)
Loss: 0.684 | Precision@1: 75.902% (10687/14080)
Loss: 0.684 | Precision@1: 75.936% (10789/14208)
Loss: 0.685 | Precision@1: 75.893% (10880/14336)
Loss: 0.686 | Precision@1: 75.837% (10969/14464)
Loss: 0.685 | Precision@1: 75.884% (11073/14592)
Loss: 0.685 | Precision@1: 75.917% (11175/14720)
Loss: 0.686 | Precision@1: 75.882% (11267/14848)
Loss: 0.686 | Precision@1: 75.848% (11359/14976)
Loss: 0.686 | Precision@1: 75.854% (11457/15104)
Loss: 0.684 | Precision@1: 75.913% (11563/15232)
Loss: 0.684 | Precision@1: 75.879% (11655/15360)
Loss: 0.683 | Precision@1: 75.949% (11763/15488)
Loss: 0.682 | Precision@1: 75.967% (11863/15616)
Loss: 0.682 | Precision@1: 76.004% (11966/15744)
Loss: 0.681 | Precision@1: 75.995% (12062/15872)
Loss: 0.682 | Precision@1: 75.969% (12155/16000)
Loss: 0.683 | Precision@1: 75.961% (12251/16128)
Loss: 0.682 | Precision@1: 75.990% (12353/16256)
Loss: 0.682 | Precision@1: 75.983% (12449/16384)
Loss: 0.682 | Precision@1: 75.969% (12544/16512)
Loss: 0.683 | Precision@1: 75.950% (12638/16640)
Loss: 0.683 | Precision@1: 75.990% (12742/16768)
Loss: 0.685 | Precision@1: 75.947% (12832/16896)
Loss: 0.685 | Precision@1: 75.957% (12931/17024)
Loss: 0.685 | Precision@1: 75.944% (13026/17152)
Loss: 0.685 | Precision@1: 75.943% (13123/17280)
Loss: 0.685 | Precision@1: 75.959% (13223/17408)
Loss: 0.685 | Precision@1: 75.992% (13326/17536)
Loss: 0.684 | Precision@1: 75.991% (13423/17664)
Loss: 0.686 | Precision@1: 75.955% (13514/17792)
Loss: 0.686 | Precision@1: 75.949% (13610/17920)
Loss: 0.686 | Precision@1: 75.925% (13703/18048)
Loss: 0.686 | Precision@1: 75.919% (13799/18176)
Loss: 0.686 | Precision@1: 75.896% (13892/18304)
Loss: 0.685 | Precision@1: 75.890% (13988/18432)
Loss: 0.685 | Precision@1: 75.905% (14088/18560)
Loss: 0.684 | Precision@1: 75.915% (14187/18688)
Loss: 0.684 | Precision@1: 75.957% (14292/18816)
Loss: 0.683 | Precision@1: 76.003% (14398/18944)
Loss: 0.683 | Precision@1: 76.001% (14495/19072)
Loss: 0.683 | Precision@1: 76.010% (14594/19200)
Loss: 0.683 | Precision@1: 75.988% (14687/19328)
Loss: 0.682 | Precision@1: 75.997% (14786/19456)
Loss: 0.682 | Precision@1: 76.006% (14885/19584)
Loss: 0.682 | Precision@1: 76.015% (14984/19712)
Loss: 0.681 | Precision@1: 76.028% (15084/19840)
Loss: 0.681 | Precision@1: 76.057% (15187/19968)
Loss: 0.681 | Precision@1: 76.060% (15285/20096)
Loss: 0.681 | Precision@1: 76.038% (15378/20224)
Loss: 0.680 | Precision@1: 76.086% (15485/20352)
Loss: 0.680 | Precision@1: 76.084% (15582/20480)
Loss: 0.680 | Precision@1: 76.068% (15676/20608)
Loss: 0.680 | Precision@1: 76.075% (15775/20736)
Loss: 0.681 | Precision@1: 76.059% (15869/20864)
Loss: 0.681 | Precision@1: 76.034% (15961/20992)
Loss: 0.680 | Precision@1: 76.065% (16065/21120)
Loss: 0.680 | Precision@1: 76.073% (16164/21248)
Loss: 0.681 | Precision@1: 76.071% (16261/21376)
Loss: 0.681 | Precision@1: 76.065% (16357/21504)
Loss: 0.680 | Precision@1: 76.100% (16462/21632)
Loss: 0.680 | Precision@1: 76.103% (16560/21760)
Loss: 0.680 | Precision@1: 76.087% (16654/21888)
Loss: 0.680 | Precision@1: 76.099% (16754/22016)
Loss: 0.680 | Precision@1: 76.106% (16853/22144)
Loss: 0.679 | Precision@1: 76.118% (16953/22272)
Loss: 0.680 | Precision@1: 76.112% (17049/22400)
Loss: 0.679 | Precision@1: 76.145% (17154/22528)
Loss: 0.679 | Precision@1: 76.130% (17248/22656)
Loss: 0.679 | Precision@1: 76.141% (17348/22784)
Loss: 0.679 | Precision@1: 76.130% (17443/22912)
Loss: 0.679 | Precision@1: 76.128% (17540/23040)
Loss: 0.680 | Precision@1: 76.118% (17635/23168)
Loss: 0.680 | Precision@1: 76.129% (17735/23296)
Loss: 0.680 | Precision@1: 76.131% (17833/23424)
Loss: 0.679 | Precision@1: 76.155% (17936/23552)
Loss: 0.679 | Precision@1: 76.144% (18031/23680)
Loss: 0.679 | Precision@1: 76.168% (18134/23808)
Loss: 0.679 | Precision@1: 76.141% (18225/23936)
Loss: 0.679 | Precision@1: 76.155% (18326/24064)
Loss: 0.679 | Precision@1: 76.157% (18424/24192)
Loss: 0.679 | Precision@1: 76.143% (18518/24320)
Loss: 0.680 | Precision@1: 76.113% (18608/24448)
Loss: 0.679 | Precision@1: 76.115% (18706/24576)
Loss: 0.680 | Precision@1: 76.097% (18799/24704)
Loss: 0.680 | Precision@1: 76.103% (18898/24832)
Loss: 0.680 | Precision@1: 76.106% (18996/24960)
Loss: 0.680 | Precision@1: 76.100% (19092/25088)
Loss: 0.679 | Precision@1: 76.134% (19198/25216)
Loss: 0.678 | Precision@1: 76.180% (19307/25344)
Loss: 0.678 | Precision@1: 76.193% (19408/25472)
Loss: 0.678 | Precision@1: 76.207% (19509/25600)
Loss: 0.678 | Precision@1: 76.220% (19610/25728)
Loss: 0.678 | Precision@1: 76.222% (19708/25856)
Loss: 0.678 | Precision@1: 76.216% (19804/25984)
Loss: 0.678 | Precision@1: 76.206% (19899/26112)
Loss: 0.679 | Precision@1: 76.197% (19994/26240)
Loss: 0.679 | Precision@1: 76.191% (20090/26368)
Loss: 0.679 | Precision@1: 76.193% (20188/26496)
Loss: 0.679 | Precision@1: 76.198% (20287/26624)
Loss: 0.679 | Precision@1: 76.196% (20384/26752)
Loss: 0.678 | Precision@1: 76.228% (20490/26880)
Loss: 0.677 | Precision@1: 76.270% (20599/27008)
Loss: 0.677 | Precision@1: 76.286% (20701/27136)
Loss: 0.676 | Precision@1: 76.306% (20804/27264)
Loss: 0.676 | Precision@1: 76.329% (20908/27392)
Loss: 0.676 | Precision@1: 76.330% (21006/27520)
Loss: 0.676 | Precision@1: 76.353% (21110/27648)
Loss: 0.676 | Precision@1: 76.339% (21204/27776)
Loss: 0.676 | Precision@1: 76.347% (21304/27904)
Loss: 0.676 | Precision@1: 76.345% (21401/28032)
Loss: 0.676 | Precision@1: 76.367% (21505/28160)
Loss: 0.675 | Precision@1: 76.372% (21604/28288)
Loss: 0.675 | Precision@1: 76.372% (21702/28416)
Loss: 0.675 | Precision@1: 76.377% (21801/28544)
Loss: 0.675 | Precision@1: 76.364% (21895/28672)
Loss: 0.676 | Precision@1: 76.340% (21986/28800)
Loss: 0.677 | Precision@1: 76.324% (22079/28928)
Loss: 0.676 | Precision@1: 76.332% (22179/29056)
Loss: 0.676 | Precision@1: 76.323% (22274/29184)
Loss: 0.676 | Precision@1: 76.331% (22374/29312)
Loss: 0.676 | Precision@1: 76.328% (22471/29440)
Loss: 0.677 | Precision@1: 76.316% (22565/29568)
Loss: 0.677 | Precision@1: 76.317% (22663/29696)
Loss: 0.678 | Precision@1: 76.294% (22754/29824)
Loss: 0.678 | Precision@1: 76.295% (22852/29952)
Loss: 0.679 | Precision@1: 76.263% (22940/30080)
Loss: 0.679 | Precision@1: 76.218% (23024/30208)
Loss: 0.679 | Precision@1: 76.210% (23119/30336)
Loss: 0.680 | Precision@1: 76.192% (23211/30464)
Loss: 0.680 | Precision@1: 76.170% (23302/30592)
Loss: 0.680 | Precision@1: 76.159% (23396/30720)
Loss: 0.680 | Precision@1: 76.177% (23499/30848)
Loss: 0.680 | Precision@1: 76.178% (23597/30976)
Loss: 0.680 | Precision@1: 76.161% (23689/31104)
Loss: 0.680 | Precision@1: 76.185% (23794/31232)
Loss: 0.680 | Precision@1: 76.196% (23895/31360)
Loss: 0.680 | Precision@1: 76.194% (23992/31488)
Loss: 0.680 | Precision@1: 76.180% (24085/31616)
Loss: 0.680 | Precision@1: 76.181% (24183/31744)
Loss: 0.680 | Precision@1: 76.186% (24282/31872)
Loss: 0.680 | Precision@1: 76.178% (24377/32000)
Loss: 0.680 | Precision@1: 76.183% (24476/32128)
Loss: 0.680 | Precision@1: 76.200% (24579/32256)
Loss: 0.679 | Precision@1: 76.223% (24684/32384)
Loss: 0.679 | Precision@1: 76.221% (24781/32512)
Loss: 0.679 | Precision@1: 76.216% (24877/32640)
Loss: 0.678 | Precision@1: 76.233% (24980/32768)
Loss: 0.678 | Precision@1: 76.246% (25082/32896)
Loss: 0.678 | Precision@1: 76.263% (25185/33024)
Loss: 0.678 | Precision@1: 76.258% (25281/33152)
Loss: 0.677 | Precision@1: 76.271% (25383/33280)
Loss: 0.677 | Precision@1: 76.281% (25484/33408)
Loss: 0.678 | Precision@1: 76.270% (25578/33536)
Loss: 0.678 | Precision@1: 76.260% (25672/33664)
Loss: 0.678 | Precision@1: 76.281% (25777/33792)
Loss: 0.677 | Precision@1: 76.309% (25884/33920)
Loss: 0.677 | Precision@1: 76.319% (25985/34048)
Loss: 0.677 | Precision@1: 76.323% (26084/34176)
Loss: 0.677 | Precision@1: 76.306% (26176/34304)
Loss: 0.677 | Precision@1: 76.301% (26272/34432)
Loss: 0.676 | Precision@1: 76.319% (26376/34560)
Loss: 0.676 | Precision@1: 76.341% (26481/34688)
Loss: 0.676 | Precision@1: 76.359% (26585/34816)
Loss: 0.675 | Precision@1: 76.382% (26691/34944)
Loss: 0.675 | Precision@1: 76.403% (26796/35072)
Loss: 0.674 | Precision@1: 76.438% (26906/35200)
Loss: 0.673 | Precision@1: 76.466% (27014/35328)
Loss: 0.673 | Precision@1: 76.464% (27111/35456)
Loss: 0.673 | Precision@1: 76.456% (27206/35584)
Loss: 0.674 | Precision@1: 76.445% (27300/35712)
Loss: 0.673 | Precision@1: 76.456% (27402/35840)
Loss: 0.673 | Precision@1: 76.460% (27501/35968)
Loss: 0.673 | Precision@1: 76.485% (27608/36096)
Loss: 0.672 | Precision@1: 76.485% (27706/36224)
Loss: 0.672 | Precision@1: 76.466% (27797/36352)
Loss: 0.672 | Precision@1: 76.456% (27891/36480)
Loss: 0.672 | Precision@1: 76.461% (27991/36608)
Loss: 0.672 | Precision@1: 76.456% (28087/36736)
Loss: 0.672 | Precision@1: 76.457% (28185/36864)
Loss: 0.672 | Precision@1: 76.460% (28284/36992)
Loss: 0.672 | Precision@1: 76.466% (28384/37120)
Loss: 0.671 | Precision@1: 76.487% (28490/37248)
Loss: 0.671 | Precision@1: 76.509% (28596/37376)
Loss: 0.671 | Precision@1: 76.509% (28694/37504)
Loss: 0.671 | Precision@1: 76.512% (28793/37632)
Loss: 0.671 | Precision@1: 76.525% (28896/37760)
Loss: 0.670 | Precision@1: 76.549% (29003/37888)
Loss: 0.671 | Precision@1: 76.539% (29097/38016)
Loss: 0.671 | Precision@1: 76.539% (29195/38144)
Loss: 0.671 | Precision@1: 76.534% (29291/38272)
Loss: 0.671 | Precision@1: 76.536% (29390/38400)
Loss: 0.670 | Precision@1: 76.542% (29490/38528)
Loss: 0.671 | Precision@1: 76.537% (29586/38656)
Loss: 0.671 | Precision@1: 76.521% (29678/38784)
Loss: 0.671 | Precision@1: 76.511% (29772/38912)
Loss: 0.671 | Precision@1: 76.506% (29868/39040)
Loss: 0.671 | Precision@1: 76.506% (29966/39168)
Loss: 0.671 | Precision@1: 76.499% (30061/39296)
Loss: 0.671 | Precision@1: 76.502% (30160/39424)
Loss: 0.671 | Precision@1: 76.489% (30253/39552)
Loss: 0.671 | Precision@1: 76.499% (30355/39680)
Loss: 0.671 | Precision@1: 76.505% (30455/39808)
Loss: 0.670 | Precision@1: 76.530% (30563/39936)
Loss: 0.670 | Precision@1: 76.548% (30668/40064)
Loss: 0.670 | Precision@1: 76.553% (30768/40192)
Loss: 0.670 | Precision@1: 76.553% (30866/40320)
Loss: 0.670 | Precision@1: 76.550% (30963/40448)
Loss: 0.670 | Precision@1: 76.560% (31065/40576)
Loss: 0.670 | Precision@1: 76.540% (31155/40704)
Loss: 0.670 | Precision@1: 76.543% (31254/40832)
Loss: 0.670 | Precision@1: 76.550% (31355/40960)
Loss: 0.670 | Precision@1: 76.550% (31453/41088)
Loss: 0.670 | Precision@1: 76.560% (31555/41216)
Loss: 0.670 | Precision@1: 76.543% (31646/41344)
Loss: 0.670 | Precision@1: 76.555% (31749/41472)
Loss: 0.670 | Precision@1: 76.582% (31858/41600)
Loss: 0.670 | Precision@1: 76.579% (31955/41728)
Loss: 0.670 | Precision@1: 76.572% (32050/41856)
Loss: 0.670 | Precision@1: 76.574% (32149/41984)
Loss: 0.670 | Precision@1: 76.581% (32250/42112)
Loss: 0.670 | Precision@1: 76.581% (32348/42240)
Loss: 0.670 | Precision@1: 76.579% (32445/42368)
Loss: 0.670 | Precision@1: 76.574% (32541/42496)
Loss: 0.670 | Precision@1: 76.588% (32645/42624)
Loss: 0.670 | Precision@1: 76.593% (32745/42752)
Loss: 0.669 | Precision@1: 76.607% (32849/42880)
Loss: 0.669 | Precision@1: 76.604% (32946/43008)
Loss: 0.669 | Precision@1: 76.609% (33046/43136)
Loss: 0.669 | Precision@1: 76.618% (33148/43264)
Loss: 0.668 | Precision@1: 76.636% (33254/43392)
Loss: 0.668 | Precision@1: 76.634% (33351/43520)
Loss: 0.668 | Precision@1: 76.634% (33449/43648)
Loss: 0.668 | Precision@1: 76.645% (33552/43776)
Loss: 0.668 | Precision@1: 76.658% (33656/43904)
Loss: 0.668 | Precision@1: 76.672% (33760/44032)
Loss: 0.668 | Precision@1: 76.649% (33848/44160)
Loss: 0.668 | Precision@1: 76.655% (33949/44288)
Loss: 0.668 | Precision@1: 76.637% (34039/44416)
Loss: 0.668 | Precision@1: 76.646% (34141/44544)
Loss: 0.668 | Precision@1: 76.661% (34246/44672)
Loss: 0.667 | Precision@1: 76.676% (34351/44800)
Loss: 0.667 | Precision@1: 76.683% (34452/44928)
Loss: 0.667 | Precision@1: 76.667% (34543/45056)
Loss: 0.667 | Precision@1: 76.682% (34648/45184)
Loss: 0.667 | Precision@1: 76.688% (34749/45312)
Loss: 0.666 | Precision@1: 76.710% (34857/45440)
Loss: 0.666 | Precision@1: 76.723% (34961/45568)
Loss: 0.666 | Precision@1: 76.733% (35064/45696)
Loss: 0.666 | Precision@1: 76.746% (35168/45824)
Loss: 0.666 | Precision@1: 76.763% (35274/45952)
Loss: 0.666 | Precision@1: 76.766% (35374/46080)
Loss: 0.665 | Precision@1: 76.779% (35478/46208)
Loss: 0.666 | Precision@1: 76.780% (35577/46336)
Loss: 0.665 | Precision@1: 76.773% (35672/46464)
Loss: 0.665 | Precision@1: 76.788% (35777/46592)
Loss: 0.665 | Precision@1: 76.798% (35880/46720)
Loss: 0.665 | Precision@1: 76.812% (35985/46848)
Loss: 0.664 | Precision@1: 76.824% (36089/46976)
Loss: 0.664 | Precision@1: 76.845% (36197/47104)
Loss: 0.664 | Precision@1: 76.848% (36297/47232)
Loss: 0.664 | Precision@1: 76.848% (36395/47360)
Loss: 0.664 | Precision@1: 76.845% (36492/47488)
Loss: 0.664 | Precision@1: 76.844% (36590/47616)
Loss: 0.664 | Precision@1: 76.841% (36687/47744)
Loss: 0.663 | Precision@1: 76.851% (36790/47872)
Loss: 0.663 | Precision@1: 76.852% (36889/48000)
Loss: 0.663 | Precision@1: 76.841% (36982/48128)
Loss: 0.663 | Precision@1: 76.857% (37088/48256)
Loss: 0.663 | Precision@1: 76.846% (37181/48384)
Loss: 0.663 | Precision@1: 76.849% (37281/48512)
Loss: 0.663 | Precision@1: 76.846% (37378/48640)
Loss: 0.663 | Precision@1: 76.843% (37475/48768)
Loss: 0.663 | Precision@1: 76.841% (37572/48896)
Loss: 0.663 | Precision@1: 76.848% (37674/49024)
Loss: 0.664 | Precision@1: 76.847% (37772/49152)
Loss: 0.664 | Precision@1: 76.847% (37870/49280)
Loss: 0.664 | Precision@1: 76.852% (37971/49408)
Loss: 0.664 | Precision@1: 76.855% (38071/49536)
Loss: 0.664 | Precision@1: 76.846% (38165/49664)
Loss: 0.664 | Precision@1: 76.836% (38258/49792)
Loss: 0.665 | Precision@1: 76.815% (38346/49920)
Loss: 0.665 | Precision@1: 76.814% (38407/50000)

Aggregates: 			
 	 DataLoader Time: 3.5646 			
 	 Mini-batch Time:38.3391 			
 	 Training Epoch Time:38.5533
 			
 Averages: 			
 	 Training Loss: 0.6647

 Test set Averages: Loss: 0.778 | Precision@1: 74.320% (7432/10000)
Average dataloader time is 3.73
