model name	: Intel(R) Xeon(R) CPU E5-2609 v3 @ 1.90GHz
Sun Oct 27 19:55:45 2019       
+-----------------------------------------------------------------------------+
| NVIDIA-SMI 418.74       Driver Version: 418.74       CUDA Version: 10.1     |
|-------------------------------+----------------------+----------------------+
| GPU  Name        Persistence-M| Bus-Id        Disp.A | Volatile Uncorr. ECC |
| Fan  Temp  Perf  Pwr:Usage/Cap|         Memory-Usage | GPU-Util  Compute M. |
|===============================+======================+======================|
|   0  GeForce GTX 108...  On   | 00000000:02:00.0 Off |                  N/A |
| 23%   23C    P8     8W / 250W |      1MiB / 11178MiB |      0%      Default |
+-------------------------------+----------------------+----------------------+
                                                                               
+-----------------------------------------------------------------------------+
| Processes:                                                       GPU Memory |
|  GPU       PID   Type   Process name                             Usage      |
|=============================================================================|
|  No running processes found                                                 |
+-----------------------------------------------------------------------------+
Files already downloaded and verified
Files already downloaded and verified

Epoch: 0
Loss: 2.331 | Precision@1: 11.719% (15/128)
Loss: 2.434 | Precision@1: 12.891% (33/256)
Loss: 2.837 | Precision@1: 12.500% (48/384)
Loss: 3.143 | Precision@1: 12.891% (66/512)
Loss: 3.313 | Precision@1: 14.531% (93/640)
Loss: 3.263 | Precision@1: 13.672% (105/768)
Loss: 3.448 | Precision@1: 13.616% (122/896)
Loss: 3.595 | Precision@1: 13.477% (138/1024)
Loss: 3.620 | Precision@1: 13.628% (157/1152)
Loss: 3.663 | Precision@1: 13.281% (170/1280)
Loss: 3.659 | Precision@1: 13.139% (185/1408)
Loss: 3.700 | Precision@1: 12.760% (196/1536)
Loss: 3.675 | Precision@1: 12.560% (209/1664)
Loss: 3.669 | Precision@1: 12.835% (230/1792)
Loss: 3.622 | Precision@1: 12.865% (247/1920)
Loss: 3.599 | Precision@1: 12.939% (265/2048)
Loss: 3.541 | Precision@1: 13.235% (288/2176)
Loss: 3.481 | Precision@1: 13.238% (305/2304)
Loss: 3.445 | Precision@1: 13.487% (328/2432)
Loss: 3.385 | Precision@1: 13.789% (353/2560)
Loss: 3.325 | Precision@1: 14.211% (382/2688)
Loss: 3.281 | Precision@1: 14.773% (416/2816)
Loss: 3.235 | Precision@1: 14.844% (437/2944)
Loss: 3.191 | Precision@1: 14.974% (460/3072)
Loss: 3.153 | Precision@1: 15.094% (483/3200)
Loss: 3.120 | Precision@1: 15.264% (508/3328)
Loss: 3.081 | Precision@1: 15.480% (535/3456)
Loss: 3.045 | Precision@1: 15.569% (558/3584)
Loss: 3.011 | Precision@1: 15.814% (587/3712)
Loss: 2.983 | Precision@1: 15.781% (606/3840)
Loss: 2.962 | Precision@1: 15.675% (622/3968)
Loss: 2.934 | Precision@1: 15.649% (641/4096)
Loss: 2.909 | Precision@1: 15.720% (664/4224)
Loss: 2.884 | Precision@1: 15.901% (692/4352)
Loss: 2.863 | Precision@1: 15.848% (710/4480)
Loss: 2.845 | Precision@1: 15.951% (735/4608)
Loss: 2.825 | Precision@1: 16.090% (762/4736)
Loss: 2.806 | Precision@1: 16.201% (788/4864)
Loss: 2.788 | Precision@1: 16.266% (812/4992)
Loss: 2.772 | Precision@1: 16.270% (833/5120)
Loss: 2.755 | Precision@1: 16.311% (856/5248)
Loss: 2.739 | Precision@1: 16.313% (877/5376)
Loss: 2.723 | Precision@1: 16.388% (902/5504)
Loss: 2.708 | Precision@1: 16.584% (934/5632)
Loss: 2.694 | Precision@1: 16.719% (963/5760)
Loss: 2.681 | Precision@1: 16.559% (975/5888)
Loss: 2.669 | Precision@1: 16.622% (1000/6016)
Loss: 2.657 | Precision@1: 16.732% (1028/6144)
Loss: 2.647 | Precision@1: 16.725% (1049/6272)
Loss: 2.634 | Precision@1: 16.875% (1080/6400)
Loss: 2.624 | Precision@1: 16.973% (1108/6528)
Loss: 2.613 | Precision@1: 17.082% (1137/6656)
Loss: 2.603 | Precision@1: 17.025% (1155/6784)
Loss: 2.593 | Precision@1: 17.057% (1179/6912)
Loss: 2.582 | Precision@1: 17.116% (1205/7040)
Loss: 2.572 | Precision@1: 17.146% (1229/7168)
Loss: 2.564 | Precision@1: 17.242% (1258/7296)
Loss: 2.554 | Precision@1: 17.403% (1292/7424)
Loss: 2.545 | Precision@1: 17.426% (1316/7552)
Loss: 2.536 | Precision@1: 17.448% (1340/7680)
Loss: 2.529 | Precision@1: 17.482% (1365/7808)
Loss: 2.521 | Precision@1: 17.553% (1393/7936)
Loss: 2.513 | Precision@1: 17.634% (1422/8064)
Loss: 2.505 | Precision@1: 17.712% (1451/8192)
Loss: 2.498 | Precision@1: 17.704% (1473/8320)
Loss: 2.491 | Precision@1: 17.815% (1505/8448)
Loss: 2.485 | Precision@1: 17.887% (1534/8576)
Loss: 2.479 | Precision@1: 17.877% (1556/8704)
Loss: 2.472 | Precision@1: 17.923% (1583/8832)
Loss: 2.465 | Precision@1: 17.958% (1609/8960)
Loss: 2.457 | Precision@1: 18.112% (1646/9088)
Loss: 2.451 | Precision@1: 18.164% (1674/9216)
Loss: 2.444 | Precision@1: 18.268% (1707/9344)
Loss: 2.438 | Precision@1: 18.328% (1736/9472)
Loss: 2.432 | Precision@1: 18.385% (1765/9600)
Loss: 2.429 | Precision@1: 18.452% (1795/9728)
Loss: 2.423 | Precision@1: 18.527% (1826/9856)
Loss: 2.416 | Precision@1: 18.680% (1865/9984)
Loss: 2.410 | Precision@1: 18.780% (1899/10112)
Loss: 2.403 | Precision@1: 18.877% (1933/10240)
Loss: 2.401 | Precision@1: 18.972% (1967/10368)
Loss: 2.394 | Precision@1: 19.064% (2001/10496)
Loss: 2.389 | Precision@1: 19.032% (2022/10624)
Loss: 2.384 | Precision@1: 19.085% (2052/10752)
Loss: 2.376 | Precision@1: 19.274% (2097/10880)
Loss: 2.371 | Precision@1: 19.395% (2135/11008)
Loss: 2.368 | Precision@1: 19.432% (2164/11136)
Loss: 2.363 | Precision@1: 19.505% (2197/11264)
Loss: 2.357 | Precision@1: 19.575% (2230/11392)
Loss: 2.353 | Precision@1: 19.670% (2266/11520)
Loss: 2.348 | Precision@1: 19.746% (2300/11648)
Loss: 2.344 | Precision@1: 19.820% (2334/11776)
Loss: 2.340 | Precision@1: 19.876% (2366/11904)
Loss: 2.336 | Precision@1: 19.922% (2397/12032)
Loss: 2.332 | Precision@1: 19.992% (2431/12160)
Loss: 2.328 | Precision@1: 20.003% (2458/12288)
Loss: 2.325 | Precision@1: 20.079% (2493/12416)
Loss: 2.321 | Precision@1: 20.185% (2532/12544)
Loss: 2.316 | Precision@1: 20.257% (2567/12672)
Loss: 2.312 | Precision@1: 20.273% (2595/12800)
Loss: 2.308 | Precision@1: 20.297% (2624/12928)
Loss: 2.304 | Precision@1: 20.420% (2666/13056)
Loss: 2.300 | Precision@1: 20.510% (2704/13184)
Loss: 2.296 | Precision@1: 20.538% (2734/13312)
Loss: 2.291 | Precision@1: 20.588% (2767/13440)
Loss: 2.288 | Precision@1: 20.637% (2800/13568)
Loss: 2.284 | Precision@1: 20.678% (2832/13696)
Loss: 2.280 | Precision@1: 20.775% (2872/13824)
Loss: 2.277 | Precision@1: 20.793% (2901/13952)
Loss: 2.274 | Precision@1: 20.888% (2941/14080)
Loss: 2.270 | Precision@1: 20.904% (2970/14208)
Loss: 2.267 | Precision@1: 20.954% (3004/14336)
Loss: 2.264 | Precision@1: 21.011% (3039/14464)
Loss: 2.260 | Precision@1: 21.080% (3076/14592)
Loss: 2.258 | Precision@1: 21.162% (3115/14720)
Loss: 2.254 | Precision@1: 21.195% (3147/14848)
Loss: 2.251 | Precision@1: 21.281% (3187/14976)
Loss: 2.248 | Precision@1: 21.319% (3220/15104)
Loss: 2.245 | Precision@1: 21.363% (3254/15232)
Loss: 2.241 | Precision@1: 21.439% (3293/15360)
Loss: 2.238 | Precision@1: 21.481% (3327/15488)
Loss: 2.234 | Precision@1: 21.542% (3364/15616)
Loss: 2.231 | Precision@1: 21.608% (3402/15744)
Loss: 2.229 | Precision@1: 21.642% (3435/15872)
Loss: 2.226 | Precision@1: 21.738% (3478/16000)
Loss: 2.222 | Precision@1: 21.844% (3523/16128)
Loss: 2.218 | Precision@1: 21.967% (3571/16256)
Loss: 2.216 | Precision@1: 22.040% (3611/16384)
Loss: 2.213 | Precision@1: 22.075% (3645/16512)
Loss: 2.210 | Precision@1: 22.115% (3680/16640)
Loss: 2.208 | Precision@1: 22.161% (3716/16768)
Loss: 2.206 | Precision@1: 22.201% (3751/16896)
Loss: 2.202 | Precision@1: 22.310% (3798/17024)
Loss: 2.200 | Precision@1: 22.347% (3833/17152)
Loss: 2.196 | Precision@1: 22.442% (3878/17280)
Loss: 2.193 | Precision@1: 22.559% (3927/17408)
Loss: 2.189 | Precision@1: 22.651% (3972/17536)
Loss: 2.186 | Precision@1: 22.690% (4008/17664)
Loss: 2.183 | Precision@1: 22.791% (4055/17792)
Loss: 2.180 | Precision@1: 22.829% (4091/17920)
Loss: 2.179 | Precision@1: 22.822% (4119/18048)
Loss: 2.176 | Precision@1: 22.882% (4159/18176)
Loss: 2.173 | Precision@1: 22.962% (4203/18304)
Loss: 2.171 | Precision@1: 22.960% (4232/18432)
Loss: 2.169 | Precision@1: 23.001% (4269/18560)
Loss: 2.167 | Precision@1: 23.074% (4312/18688)
Loss: 2.164 | Precision@1: 23.145% (4355/18816)
Loss: 2.162 | Precision@1: 23.226% (4400/18944)
Loss: 2.159 | Precision@1: 23.312% (4446/19072)
Loss: 2.156 | Precision@1: 23.458% (4504/19200)
Loss: 2.154 | Precision@1: 23.510% (4544/19328)
Loss: 2.151 | Precision@1: 23.566% (4585/19456)
Loss: 2.148 | Precision@1: 23.647% (4631/19584)
Loss: 2.145 | Precision@1: 23.737% (4679/19712)
Loss: 2.143 | Precision@1: 23.810% (4724/19840)
Loss: 2.141 | Precision@1: 23.873% (4767/19968)
Loss: 2.140 | Precision@1: 23.875% (4798/20096)
Loss: 2.137 | Precision@1: 23.927% (4839/20224)
Loss: 2.134 | Precision@1: 24.042% (4893/20352)
Loss: 2.131 | Precision@1: 24.136% (4943/20480)
Loss: 2.130 | Precision@1: 24.204% (4988/20608)
Loss: 2.128 | Precision@1: 24.262% (5031/20736)
Loss: 2.126 | Precision@1: 24.329% (5076/20864)
Loss: 2.124 | Precision@1: 24.366% (5115/20992)
Loss: 2.122 | Precision@1: 24.455% (5165/21120)
Loss: 2.120 | Precision@1: 24.511% (5208/21248)
Loss: 2.117 | Precision@1: 24.607% (5260/21376)
Loss: 2.115 | Precision@1: 24.661% (5303/21504)
Loss: 2.113 | Precision@1: 24.723% (5348/21632)
Loss: 2.112 | Precision@1: 24.784% (5393/21760)
Loss: 2.109 | Precision@1: 24.872% (5444/21888)
Loss: 2.108 | Precision@1: 24.891% (5480/22016)
Loss: 2.105 | Precision@1: 24.977% (5531/22144)
Loss: 2.103 | Precision@1: 25.036% (5576/22272)
Loss: 2.102 | Precision@1: 25.058% (5613/22400)
Loss: 2.100 | Precision@1: 25.080% (5650/22528)
Loss: 2.098 | Precision@1: 25.128% (5693/22656)
Loss: 2.096 | Precision@1: 25.193% (5740/22784)
Loss: 2.095 | Precision@1: 25.214% (5777/22912)
Loss: 2.093 | Precision@1: 25.260% (5820/23040)
Loss: 2.091 | Precision@1: 25.294% (5860/23168)
Loss: 2.089 | Precision@1: 25.339% (5903/23296)
Loss: 2.087 | Precision@1: 25.367% (5942/23424)
Loss: 2.086 | Precision@1: 25.357% (5972/23552)
Loss: 2.084 | Precision@1: 25.410% (6017/23680)
Loss: 2.083 | Precision@1: 25.412% (6050/23808)
Loss: 2.081 | Precision@1: 25.418% (6084/23936)
Loss: 2.079 | Precision@1: 25.449% (6124/24064)
Loss: 2.078 | Precision@1: 25.479% (6164/24192)
Loss: 2.077 | Precision@1: 25.551% (6214/24320)
Loss: 2.075 | Precision@1: 25.581% (6254/24448)
Loss: 2.074 | Precision@1: 25.639% (6301/24576)
Loss: 2.071 | Precision@1: 25.680% (6344/24704)
Loss: 2.070 | Precision@1: 25.705% (6383/24832)
Loss: 2.068 | Precision@1: 25.753% (6428/24960)
Loss: 2.066 | Precision@1: 25.817% (6477/25088)
Loss: 2.065 | Precision@1: 25.857% (6520/25216)
Loss: 2.063 | Precision@1: 25.880% (6559/25344)
Loss: 2.061 | Precision@1: 25.942% (6608/25472)
Loss: 2.059 | Precision@1: 26.004% (6657/25600)
Loss: 2.058 | Precision@1: 26.046% (6701/25728)
Loss: 2.056 | Precision@1: 26.102% (6749/25856)
Loss: 2.054 | Precision@1: 26.162% (6798/25984)
Loss: 2.052 | Precision@1: 26.214% (6845/26112)
Loss: 2.051 | Precision@1: 26.254% (6889/26240)
Loss: 2.049 | Precision@1: 26.305% (6936/26368)
Loss: 2.047 | Precision@1: 26.355% (6983/26496)
Loss: 2.046 | Precision@1: 26.371% (7021/26624)
Loss: 2.044 | Precision@1: 26.450% (7076/26752)
Loss: 2.042 | Precision@1: 26.507% (7125/26880)
Loss: 2.040 | Precision@1: 26.551% (7171/27008)
Loss: 2.039 | Precision@1: 26.607% (7220/27136)
Loss: 2.037 | Precision@1: 26.640% (7263/27264)
Loss: 2.035 | Precision@1: 26.694% (7312/27392)
Loss: 2.033 | Precision@1: 26.726% (7355/27520)
Loss: 2.032 | Precision@1: 26.780% (7404/27648)
Loss: 2.030 | Precision@1: 26.815% (7448/27776)
Loss: 2.028 | Precision@1: 26.871% (7498/27904)
Loss: 2.026 | Precision@1: 26.926% (7548/28032)
Loss: 2.025 | Precision@1: 26.967% (7594/28160)
Loss: 2.023 | Precision@1: 26.990% (7635/28288)
Loss: 2.021 | Precision@1: 27.055% (7688/28416)
Loss: 2.020 | Precision@1: 27.092% (7733/28544)
Loss: 2.019 | Precision@1: 27.145% (7783/28672)
Loss: 2.017 | Precision@1: 27.194% (7832/28800)
Loss: 2.016 | Precision@1: 27.244% (7881/28928)
Loss: 2.014 | Precision@1: 27.309% (7935/29056)
Loss: 2.012 | Precision@1: 27.351% (7982/29184)
Loss: 2.010 | Precision@1: 27.415% (8036/29312)
Loss: 2.009 | Precision@1: 27.480% (8090/29440)
Loss: 2.007 | Precision@1: 27.533% (8141/29568)
Loss: 2.005 | Precision@1: 27.590% (8193/29696)
Loss: 2.004 | Precision@1: 27.639% (8243/29824)
Loss: 2.002 | Precision@1: 27.691% (8294/29952)
Loss: 2.001 | Precision@1: 27.716% (8337/30080)
Loss: 2.000 | Precision@1: 27.744% (8381/30208)
Loss: 1.999 | Precision@1: 27.782% (8428/30336)
Loss: 1.997 | Precision@1: 27.813% (8473/30464)
Loss: 1.997 | Precision@1: 27.828% (8513/30592)
Loss: 1.996 | Precision@1: 27.855% (8557/30720)
Loss: 1.995 | Precision@1: 27.882% (8601/30848)
Loss: 1.994 | Precision@1: 27.902% (8643/30976)
Loss: 1.992 | Precision@1: 27.935% (8689/31104)
Loss: 1.991 | Precision@1: 27.968% (8735/31232)
Loss: 1.990 | Precision@1: 27.991% (8778/31360)
Loss: 1.989 | Precision@1: 28.030% (8826/31488)
Loss: 1.987 | Precision@1: 28.078% (8877/31616)
Loss: 1.985 | Precision@1: 28.138% (8932/31744)
Loss: 1.985 | Precision@1: 28.141% (8969/31872)
Loss: 1.984 | Precision@1: 28.159% (9011/32000)
Loss: 1.983 | Precision@1: 28.184% (9055/32128)
Loss: 1.981 | Precision@1: 28.258% (9115/32256)
Loss: 1.979 | Precision@1: 28.338% (9177/32384)
Loss: 1.978 | Precision@1: 28.371% (9224/32512)
Loss: 1.977 | Precision@1: 28.422% (9277/32640)
Loss: 1.975 | Precision@1: 28.491% (9336/32768)
Loss: 1.975 | Precision@1: 28.505% (9377/32896)
Loss: 1.974 | Precision@1: 28.558% (9431/33024)
Loss: 1.973 | Precision@1: 28.556% (9467/33152)
Loss: 1.972 | Precision@1: 28.609% (9521/33280)
Loss: 1.972 | Precision@1: 28.622% (9562/33408)
Loss: 1.971 | Precision@1: 28.626% (9600/33536)
Loss: 1.969 | Precision@1: 28.686% (9657/33664)
Loss: 1.968 | Precision@1: 28.741% (9712/33792)
Loss: 1.967 | Precision@1: 28.759% (9755/33920)
Loss: 1.967 | Precision@1: 28.768% (9795/34048)
Loss: 1.966 | Precision@1: 28.801% (9843/34176)
Loss: 1.965 | Precision@1: 28.819% (9886/34304)
Loss: 1.964 | Precision@1: 28.845% (9932/34432)
Loss: 1.963 | Precision@1: 28.877% (9980/34560)
Loss: 1.961 | Precision@1: 28.912% (10029/34688)
Loss: 1.960 | Precision@1: 28.964% (10084/34816)
Loss: 1.960 | Precision@1: 28.966% (10122/34944)
Loss: 1.959 | Precision@1: 29.012% (10175/35072)
Loss: 1.958 | Precision@1: 29.037% (10221/35200)
Loss: 1.956 | Precision@1: 29.068% (10269/35328)
Loss: 1.955 | Precision@1: 29.095% (10316/35456)
Loss: 1.955 | Precision@1: 29.125% (10364/35584)
Loss: 1.954 | Precision@1: 29.158% (10413/35712)
Loss: 1.952 | Precision@1: 29.191% (10462/35840)
Loss: 1.951 | Precision@1: 29.229% (10513/35968)
Loss: 1.950 | Precision@1: 29.277% (10568/36096)
Loss: 1.949 | Precision@1: 29.298% (10613/36224)
Loss: 1.948 | Precision@1: 29.333% (10663/36352)
Loss: 1.947 | Precision@1: 29.342% (10704/36480)
Loss: 1.946 | Precision@1: 29.390% (10759/36608)
Loss: 1.945 | Precision@1: 29.432% (10812/36736)
Loss: 1.944 | Precision@1: 29.468% (10863/36864)
Loss: 1.942 | Precision@1: 29.485% (10907/36992)
Loss: 1.941 | Precision@1: 29.512% (10955/37120)
Loss: 1.940 | Precision@1: 29.545% (11005/37248)
Loss: 1.939 | Precision@1: 29.586% (11058/37376)
Loss: 1.938 | Precision@1: 29.605% (11103/37504)
Loss: 1.937 | Precision@1: 29.616% (11145/37632)
Loss: 1.936 | Precision@1: 29.661% (11200/37760)
Loss: 1.936 | Precision@1: 29.685% (11247/37888)
Loss: 1.935 | Precision@1: 29.711% (11295/38016)
Loss: 1.934 | Precision@1: 29.764% (11353/38144)
Loss: 1.932 | Precision@1: 29.813% (11410/38272)
Loss: 1.932 | Precision@1: 29.826% (11453/38400)
Loss: 1.931 | Precision@1: 29.846% (11499/38528)
Loss: 1.930 | Precision@1: 29.882% (11551/38656)
Loss: 1.928 | Precision@1: 29.932% (11609/38784)
Loss: 1.927 | Precision@1: 29.980% (11666/38912)
Loss: 1.926 | Precision@1: 30.018% (11719/39040)
Loss: 1.925 | Precision@1: 30.042% (11767/39168)
Loss: 1.924 | Precision@1: 30.072% (11817/39296)
Loss: 1.922 | Precision@1: 30.129% (11878/39424)
Loss: 1.921 | Precision@1: 30.165% (11931/39552)
Loss: 1.920 | Precision@1: 30.192% (11980/39680)
Loss: 1.919 | Precision@1: 30.192% (12019/39808)
Loss: 1.918 | Precision@1: 30.216% (12067/39936)
Loss: 1.917 | Precision@1: 30.237% (12114/40064)
Loss: 1.916 | Precision@1: 30.260% (12162/40192)
Loss: 1.915 | Precision@1: 30.285% (12211/40320)
Loss: 1.914 | Precision@1: 30.323% (12265/40448)
Loss: 1.913 | Precision@1: 30.387% (12330/40576)
Loss: 1.912 | Precision@1: 30.395% (12372/40704)
Loss: 1.912 | Precision@1: 30.417% (12420/40832)
Loss: 1.911 | Precision@1: 30.442% (12469/40960)
Loss: 1.911 | Precision@1: 30.466% (12518/41088)
Loss: 1.910 | Precision@1: 30.505% (12573/41216)
Loss: 1.908 | Precision@1: 30.556% (12633/41344)
Loss: 1.908 | Precision@1: 30.575% (12680/41472)
Loss: 1.907 | Precision@1: 30.582% (12722/41600)
Loss: 1.906 | Precision@1: 30.586% (12763/41728)
Loss: 1.905 | Precision@1: 30.622% (12817/41856)
Loss: 1.904 | Precision@1: 30.669% (12876/41984)
Loss: 1.903 | Precision@1: 30.709% (12932/42112)
Loss: 1.902 | Precision@1: 30.741% (12985/42240)
Loss: 1.901 | Precision@1: 30.757% (13031/42368)
Loss: 1.900 | Precision@1: 30.782% (13081/42496)
Loss: 1.900 | Precision@1: 30.809% (13132/42624)
Loss: 1.899 | Precision@1: 30.815% (13174/42752)
Loss: 1.898 | Precision@1: 30.861% (13233/42880)
Loss: 1.897 | Precision@1: 30.878% (13280/43008)
Loss: 1.896 | Precision@1: 30.916% (13336/43136)
Loss: 1.895 | Precision@1: 30.947% (13389/43264)
Loss: 1.894 | Precision@1: 30.985% (13445/43392)
Loss: 1.893 | Precision@1: 31.011% (13496/43520)
Loss: 1.893 | Precision@1: 31.039% (13548/43648)
Loss: 1.891 | Precision@1: 31.079% (13605/43776)
Loss: 1.890 | Precision@1: 31.102% (13655/43904)
Loss: 1.889 | Precision@1: 31.143% (13713/44032)
Loss: 1.889 | Precision@1: 31.166% (13763/44160)
Loss: 1.888 | Precision@1: 31.189% (13813/44288)
Loss: 1.888 | Precision@1: 31.185% (13851/44416)
Loss: 1.887 | Precision@1: 31.207% (13901/44544)
Loss: 1.886 | Precision@1: 31.254% (13962/44672)
Loss: 1.886 | Precision@1: 31.283% (14015/44800)
Loss: 1.885 | Precision@1: 31.303% (14064/44928)
Loss: 1.884 | Precision@1: 31.312% (14108/45056)
Loss: 1.883 | Precision@1: 31.354% (14167/45184)
Loss: 1.882 | Precision@1: 31.409% (14232/45312)
Loss: 1.881 | Precision@1: 31.450% (14291/45440)
Loss: 1.880 | Precision@1: 31.485% (14347/45568)
Loss: 1.879 | Precision@1: 31.534% (14410/45696)
Loss: 1.878 | Precision@1: 31.571% (14467/45824)
Loss: 1.877 | Precision@1: 31.587% (14515/45952)
Loss: 1.876 | Precision@1: 31.615% (14568/46080)
Loss: 1.875 | Precision@1: 31.650% (14625/46208)
Loss: 1.874 | Precision@1: 31.682% (14680/46336)
Loss: 1.874 | Precision@1: 31.685% (14722/46464)
Loss: 1.873 | Precision@1: 31.707% (14773/46592)
Loss: 1.872 | Precision@1: 31.732% (14825/46720)
Loss: 1.872 | Precision@1: 31.762% (14880/46848)
Loss: 1.871 | Precision@1: 31.765% (14922/46976)
Loss: 1.870 | Precision@1: 31.789% (14974/47104)
Loss: 1.869 | Precision@1: 31.813% (15026/47232)
Loss: 1.868 | Precision@1: 31.824% (15072/47360)
Loss: 1.868 | Precision@1: 31.850% (15125/47488)
Loss: 1.867 | Precision@1: 31.886% (15183/47616)
Loss: 1.866 | Precision@1: 31.918% (15239/47744)
Loss: 1.865 | Precision@1: 31.973% (15306/47872)
Loss: 1.864 | Precision@1: 31.998% (15359/48000)
Loss: 1.863 | Precision@1: 32.042% (15421/48128)
Loss: 1.863 | Precision@1: 32.042% (15462/48256)
Loss: 1.862 | Precision@1: 32.071% (15517/48384)
Loss: 1.861 | Precision@1: 32.083% (15564/48512)
Loss: 1.860 | Precision@1: 32.124% (15625/48640)
Loss: 1.859 | Precision@1: 32.130% (15669/48768)
Loss: 1.858 | Precision@1: 32.162% (15726/48896)
Loss: 1.858 | Precision@1: 32.176% (15774/49024)
Loss: 1.856 | Precision@1: 32.216% (15835/49152)
Loss: 1.856 | Precision@1: 32.248% (15892/49280)
Loss: 1.855 | Precision@1: 32.274% (15946/49408)
Loss: 1.854 | Precision@1: 32.296% (15998/49536)
Loss: 1.854 | Precision@1: 32.325% (16054/49664)
Loss: 1.853 | Precision@1: 32.347% (16106/49792)
Loss: 1.852 | Precision@1: 32.368% (16158/49920)
Loss: 1.851 | Precision@1: 32.396% (16198/50000)

Aggregates: 			
 	 DataLoader Time: 1.3477 			
 	 Mini-batch Time: 5083.7169 			
 	 Training Epoch Time: 5084.4473
 			
 Averages: 			
 	 Training Loss: 1.8512

 Test set Averages: Loss: 1.517 | Precision@1: 43.460% (4346/10000)

Epoch: 1
Loss: 1.525 | Precision@1: 42.188% (54/128)
Loss: 1.544 | Precision@1: 41.406% (106/256)
Loss: 1.552 | Precision@1: 40.625% (156/384)
Loss: 1.499 | Precision@1: 44.531% (228/512)
Loss: 1.524 | Precision@1: 43.750% (280/640)
Loss: 1.509 | Precision@1: 44.271% (340/768)
Loss: 1.516 | Precision@1: 44.531% (399/896)
Loss: 1.508 | Precision@1: 44.922% (460/1024)
Loss: 1.492 | Precision@1: 45.573% (525/1152)
Loss: 1.517 | Precision@1: 44.688% (572/1280)
Loss: 1.531 | Precision@1: 44.247% (623/1408)
Loss: 1.524 | Precision@1: 44.661% (686/1536)
Loss: 1.506 | Precision@1: 45.192% (752/1664)
Loss: 1.496 | Precision@1: 45.257% (811/1792)
Loss: 1.487 | Precision@1: 45.625% (876/1920)
Loss: 1.493 | Precision@1: 45.264% (927/2048)
Loss: 1.490 | Precision@1: 44.853% (976/2176)
Loss: 1.483 | Precision@1: 45.399% (1046/2304)
Loss: 1.491 | Precision@1: 44.984% (1094/2432)
Loss: 1.499 | Precision@1: 44.492% (1139/2560)
Loss: 1.501 | Precision@1: 44.643% (1200/2688)
Loss: 1.500 | Precision@1: 44.602% (1256/2816)
Loss: 1.505 | Precision@1: 44.497% (1310/2944)
Loss: 1.511 | Precision@1: 44.564% (1369/3072)
Loss: 1.502 | Precision@1: 44.938% (1438/3200)
Loss: 1.504 | Precision@1: 44.862% (1493/3328)
Loss: 1.508 | Precision@1: 44.618% (1542/3456)
Loss: 1.507 | Precision@1: 44.559% (1597/3584)
Loss: 1.506 | Precision@1: 44.504% (1652/3712)
Loss: 1.506 | Precision@1: 44.531% (1710/3840)
Loss: 1.506 | Precision@1: 44.506% (1766/3968)
Loss: 1.504 | Precision@1: 44.604% (1827/4096)
Loss: 1.506 | Precision@1: 44.555% (1882/4224)
Loss: 1.500 | Precision@1: 44.830% (1951/4352)
Loss: 1.503 | Precision@1: 44.621% (1999/4480)
Loss: 1.507 | Precision@1: 44.510% (2051/4608)
Loss: 1.504 | Precision@1: 44.426% (2104/4736)
Loss: 1.505 | Precision@1: 44.326% (2156/4864)
Loss: 1.507 | Precision@1: 44.311% (2212/4992)
Loss: 1.508 | Precision@1: 44.141% (2260/5120)
Loss: 1.510 | Precision@1: 43.941% (2306/5248)
Loss: 1.509 | Precision@1: 43.899% (2360/5376)
Loss: 1.508 | Precision@1: 43.968% (2420/5504)
Loss: 1.511 | Precision@1: 43.732% (2463/5632)
Loss: 1.515 | Precision@1: 43.594% (2511/5760)
Loss: 1.517 | Precision@1: 43.529% (2563/5888)
Loss: 1.517 | Precision@1: 43.534% (2619/6016)
Loss: 1.517 | Precision@1: 43.457% (2670/6144)
Loss: 1.519 | Precision@1: 43.399% (2722/6272)
Loss: 1.521 | Precision@1: 43.312% (2772/6400)
Loss: 1.518 | Precision@1: 43.413% (2834/6528)
Loss: 1.517 | Precision@1: 43.434% (2891/6656)
Loss: 1.517 | Precision@1: 43.544% (2954/6784)
Loss: 1.518 | Precision@1: 43.475% (3005/6912)
Loss: 1.518 | Precision@1: 43.395% (3055/7040)
Loss: 1.522 | Precision@1: 43.206% (3097/7168)
Loss: 1.523 | Precision@1: 43.078% (3143/7296)
Loss: 1.521 | Precision@1: 43.265% (3212/7424)
Loss: 1.521 | Precision@1: 43.247% (3266/7552)
Loss: 1.521 | Precision@1: 43.268% (3323/7680)
Loss: 1.518 | Precision@1: 43.340% (3384/7808)
Loss: 1.519 | Precision@1: 43.385% (3443/7936)
Loss: 1.518 | Precision@1: 43.390% (3499/8064)
Loss: 1.518 | Precision@1: 43.335% (3550/8192)
Loss: 1.518 | Precision@1: 43.329% (3605/8320)
Loss: 1.519 | Precision@1: 43.359% (3663/8448)
Loss: 1.519 | Precision@1: 43.400% (3722/8576)
Loss: 1.518 | Precision@1: 43.371% (3775/8704)
Loss: 1.517 | Precision@1: 43.399% (3833/8832)
Loss: 1.515 | Precision@1: 43.404% (3889/8960)
Loss: 1.515 | Precision@1: 43.431% (3947/9088)
Loss: 1.514 | Precision@1: 43.424% (4002/9216)
Loss: 1.513 | Precision@1: 43.397% (4055/9344)
Loss: 1.515 | Precision@1: 43.349% (4106/9472)
Loss: 1.515 | Precision@1: 43.365% (4163/9600)
Loss: 1.515 | Precision@1: 43.349% (4217/9728)
Loss: 1.514 | Precision@1: 43.405% (4278/9856)
Loss: 1.515 | Precision@1: 43.329% (4326/9984)
Loss: 1.514 | Precision@1: 43.414% (4390/10112)
Loss: 1.511 | Precision@1: 43.574% (4462/10240)
Loss: 1.510 | Precision@1: 43.605% (4521/10368)
Loss: 1.508 | Precision@1: 43.664% (4583/10496)
Loss: 1.508 | Precision@1: 43.637% (4636/10624)
Loss: 1.506 | Precision@1: 43.657% (4694/10752)
Loss: 1.505 | Precision@1: 43.676% (4752/10880)
Loss: 1.504 | Precision@1: 43.768% (4818/11008)
Loss: 1.503 | Precision@1: 43.858% (4884/11136)
Loss: 1.501 | Precision@1: 43.892% (4944/11264)
Loss: 1.500 | Precision@1: 43.908% (5002/11392)
Loss: 1.499 | Precision@1: 43.915% (5059/11520)
Loss: 1.499 | Precision@1: 43.947% (5119/11648)
Loss: 1.497 | Precision@1: 43.996% (5181/11776)
Loss: 1.495 | Precision@1: 44.078% (5247/11904)
Loss: 1.494 | Precision@1: 44.074% (5303/12032)
Loss: 1.493 | Precision@1: 44.128% (5366/12160)
Loss: 1.491 | Precision@1: 44.206% (5432/12288)
Loss: 1.489 | Precision@1: 44.330% (5504/12416)
Loss: 1.490 | Precision@1: 44.364% (5565/12544)
Loss: 1.488 | Precision@1: 44.437% (5631/12672)
Loss: 1.488 | Precision@1: 44.516% (5698/12800)
Loss: 1.488 | Precision@1: 44.524% (5756/12928)
Loss: 1.488 | Precision@1: 44.585% (5821/13056)
Loss: 1.485 | Precision@1: 44.668% (5889/13184)
Loss: 1.485 | Precision@1: 44.659% (5945/13312)
Loss: 1.485 | Precision@1: 44.695% (6007/13440)
Loss: 1.483 | Precision@1: 44.745% (6071/13568)
Loss: 1.482 | Precision@1: 44.809% (6137/13696)
Loss: 1.481 | Precision@1: 44.864% (6202/13824)
Loss: 1.480 | Precision@1: 44.897% (6264/13952)
Loss: 1.479 | Precision@1: 44.964% (6331/14080)
Loss: 1.478 | Precision@1: 44.989% (6392/14208)
Loss: 1.478 | Precision@1: 44.999% (6451/14336)
Loss: 1.477 | Precision@1: 45.050% (6516/14464)
Loss: 1.478 | Precision@1: 45.004% (6567/14592)
Loss: 1.477 | Precision@1: 45.082% (6636/14720)
Loss: 1.476 | Precision@1: 45.070% (6692/14848)
Loss: 1.475 | Precision@1: 45.106% (6755/14976)
Loss: 1.476 | Precision@1: 45.041% (6803/15104)
Loss: 1.475 | Precision@1: 45.070% (6865/15232)
Loss: 1.475 | Precision@1: 45.091% (6926/15360)
Loss: 1.474 | Precision@1: 45.125% (6989/15488)
Loss: 1.474 | Precision@1: 45.159% (7052/15616)
Loss: 1.473 | Precision@1: 45.135% (7106/15744)
Loss: 1.473 | Precision@1: 45.155% (7167/15872)
Loss: 1.473 | Precision@1: 45.206% (7233/16000)
Loss: 1.471 | Precision@1: 45.244% (7297/16128)
Loss: 1.470 | Precision@1: 45.239% (7354/16256)
Loss: 1.471 | Precision@1: 45.178% (7402/16384)
Loss: 1.472 | Precision@1: 45.143% (7454/16512)
Loss: 1.472 | Precision@1: 45.138% (7511/16640)
Loss: 1.471 | Precision@1: 45.140% (7569/16768)
Loss: 1.472 | Precision@1: 45.111% (7622/16896)
Loss: 1.472 | Precision@1: 45.107% (7679/17024)
Loss: 1.473 | Precision@1: 45.120% (7739/17152)
Loss: 1.473 | Precision@1: 45.098% (7793/17280)
Loss: 1.474 | Precision@1: 45.065% (7845/17408)
Loss: 1.474 | Precision@1: 45.044% (7899/17536)
Loss: 1.473 | Precision@1: 45.092% (7965/17664)
Loss: 1.472 | Precision@1: 45.144% (8032/17792)
Loss: 1.471 | Precision@1: 45.173% (8095/17920)
Loss: 1.471 | Precision@1: 45.157% (8150/18048)
Loss: 1.471 | Precision@1: 45.219% (8219/18176)
Loss: 1.470 | Precision@1: 45.280% (8288/18304)
Loss: 1.469 | Precision@1: 45.340% (8357/18432)
Loss: 1.470 | Precision@1: 45.329% (8413/18560)
Loss: 1.469 | Precision@1: 45.302% (8466/18688)
Loss: 1.469 | Precision@1: 45.328% (8529/18816)
Loss: 1.468 | Precision@1: 45.392% (8599/18944)
Loss: 1.467 | Precision@1: 45.412% (8661/19072)
Loss: 1.466 | Precision@1: 45.469% (8730/19200)
Loss: 1.467 | Precision@1: 45.437% (8782/19328)
Loss: 1.466 | Precision@1: 45.451% (8843/19456)
Loss: 1.466 | Precision@1: 45.466% (8904/19584)
Loss: 1.465 | Precision@1: 45.495% (8968/19712)
Loss: 1.466 | Precision@1: 45.464% (9020/19840)
Loss: 1.466 | Precision@1: 45.478% (9081/19968)
Loss: 1.466 | Precision@1: 45.507% (9145/20096)
Loss: 1.466 | Precision@1: 45.520% (9206/20224)
Loss: 1.465 | Precision@1: 45.583% (9277/20352)
Loss: 1.465 | Precision@1: 45.615% (9342/20480)
Loss: 1.466 | Precision@1: 45.575% (9392/20608)
Loss: 1.467 | Precision@1: 45.539% (9443/20736)
Loss: 1.466 | Precision@1: 45.586% (9511/20864)
Loss: 1.466 | Precision@1: 45.603% (9573/20992)
Loss: 1.465 | Precision@1: 45.634% (9638/21120)
Loss: 1.465 | Precision@1: 45.637% (9697/21248)
Loss: 1.464 | Precision@1: 45.682% (9765/21376)
Loss: 1.463 | Precision@1: 45.736% (9835/21504)
Loss: 1.462 | Precision@1: 45.738% (9894/21632)
Loss: 1.461 | Precision@1: 45.772% (9960/21760)
Loss: 1.461 | Precision@1: 45.810% (10027/21888)
Loss: 1.460 | Precision@1: 45.803% (10084/22016)
Loss: 1.460 | Precision@1: 45.827% (10148/22144)
Loss: 1.460 | Precision@1: 45.847% (10211/22272)
Loss: 1.459 | Precision@1: 45.884% (10278/22400)
Loss: 1.459 | Precision@1: 45.867% (10333/22528)
Loss: 1.459 | Precision@1: 45.913% (10402/22656)
Loss: 1.458 | Precision@1: 45.923% (10463/22784)
Loss: 1.458 | Precision@1: 45.932% (10524/22912)
Loss: 1.457 | Precision@1: 45.968% (10591/23040)
Loss: 1.458 | Precision@1: 45.908% (10636/23168)
Loss: 1.457 | Precision@1: 45.926% (10699/23296)
Loss: 1.457 | Precision@1: 45.936% (10760/23424)
Loss: 1.457 | Precision@1: 45.958% (10824/23552)
Loss: 1.457 | Precision@1: 45.950% (10881/23680)
Loss: 1.457 | Precision@1: 45.972% (10945/23808)
Loss: 1.457 | Precision@1: 45.985% (11007/23936)
Loss: 1.456 | Precision@1: 46.027% (11076/24064)
Loss: 1.455 | Precision@1: 46.040% (11138/24192)
Loss: 1.454 | Precision@1: 46.065% (11203/24320)
Loss: 1.455 | Precision@1: 46.057% (11260/24448)
Loss: 1.455 | Precision@1: 46.082% (11325/24576)
Loss: 1.454 | Precision@1: 46.102% (11389/24704)
Loss: 1.455 | Precision@1: 46.070% (11440/24832)
Loss: 1.454 | Precision@1: 46.106% (11508/24960)
Loss: 1.454 | Precision@1: 46.118% (11570/25088)
Loss: 1.454 | Precision@1: 46.106% (11626/25216)
Loss: 1.454 | Precision@1: 46.106% (11685/25344)
Loss: 1.454 | Precision@1: 46.113% (11746/25472)
Loss: 1.454 | Precision@1: 46.062% (11792/25600)
Loss: 1.453 | Precision@1: 46.086% (11857/25728)
Loss: 1.453 | Precision@1: 46.074% (11913/25856)
Loss: 1.452 | Precision@1: 46.075% (11972/25984)
Loss: 1.452 | Precision@1: 46.101% (12038/26112)
Loss: 1.452 | Precision@1: 46.139% (12107/26240)
Loss: 1.450 | Precision@1: 46.181% (12177/26368)
Loss: 1.450 | Precision@1: 46.215% (12245/26496)
Loss: 1.450 | Precision@1: 46.229% (12308/26624)
Loss: 1.449 | Precision@1: 46.269% (12378/26752)
Loss: 1.449 | Precision@1: 46.287% (12442/26880)
Loss: 1.448 | Precision@1: 46.320% (12510/27008)
Loss: 1.447 | Precision@1: 46.333% (12573/27136)
Loss: 1.447 | Precision@1: 46.321% (12629/27264)
Loss: 1.446 | Precision@1: 46.364% (12700/27392)
Loss: 1.446 | Precision@1: 46.395% (12768/27520)
Loss: 1.446 | Precision@1: 46.412% (12832/27648)
Loss: 1.444 | Precision@1: 46.454% (12903/27776)
Loss: 1.444 | Precision@1: 46.474% (12968/27904)
Loss: 1.443 | Precision@1: 46.522% (13041/28032)
Loss: 1.442 | Precision@1: 46.523% (13101/28160)
Loss: 1.443 | Precision@1: 46.532% (13163/28288)
Loss: 1.441 | Precision@1: 46.576% (13235/28416)
Loss: 1.441 | Precision@1: 46.598% (13301/28544)
Loss: 1.441 | Precision@1: 46.606% (13363/28672)
Loss: 1.441 | Precision@1: 46.611% (13424/28800)
Loss: 1.440 | Precision@1: 46.633% (13490/28928)
Loss: 1.439 | Precision@1: 46.669% (13560/29056)
Loss: 1.440 | Precision@1: 46.642% (13612/29184)
Loss: 1.439 | Precision@1: 46.667% (13679/29312)
Loss: 1.439 | Precision@1: 46.681% (13743/29440)
Loss: 1.439 | Precision@1: 46.665% (13798/29568)
Loss: 1.439 | Precision@1: 46.659% (13856/29696)
Loss: 1.439 | Precision@1: 46.687% (13924/29824)
Loss: 1.438 | Precision@1: 46.708% (13990/29952)
Loss: 1.437 | Precision@1: 46.735% (14058/30080)
Loss: 1.437 | Precision@1: 46.779% (14131/30208)
Loss: 1.438 | Precision@1: 46.766% (14187/30336)
Loss: 1.438 | Precision@1: 46.757% (14244/30464)
Loss: 1.437 | Precision@1: 46.764% (14306/30592)
Loss: 1.436 | Precision@1: 46.784% (14372/30720)
Loss: 1.436 | Precision@1: 46.781% (14431/30848)
Loss: 1.435 | Precision@1: 46.827% (14505/30976)
Loss: 1.435 | Precision@1: 46.840% (14569/31104)
Loss: 1.435 | Precision@1: 46.833% (14627/31232)
Loss: 1.434 | Precision@1: 46.859% (14695/31360)
Loss: 1.434 | Precision@1: 46.878% (14761/31488)
Loss: 1.433 | Precision@1: 46.916% (14833/31616)
Loss: 1.433 | Precision@1: 46.932% (14898/31744)
Loss: 1.433 | Precision@1: 46.963% (14968/31872)
Loss: 1.432 | Precision@1: 46.991% (15037/32000)
Loss: 1.432 | Precision@1: 47.012% (15104/32128)
Loss: 1.431 | Precision@1: 47.018% (15166/32256)
Loss: 1.431 | Precision@1: 47.014% (15225/32384)
Loss: 1.431 | Precision@1: 47.001% (15281/32512)
Loss: 1.430 | Precision@1: 47.025% (15349/32640)
Loss: 1.430 | Precision@1: 47.064% (15422/32768)
Loss: 1.429 | Precision@1: 47.073% (15485/32896)
Loss: 1.429 | Precision@1: 47.084% (15549/33024)
Loss: 1.429 | Precision@1: 47.068% (15604/33152)
Loss: 1.429 | Precision@1: 47.058% (15661/33280)
Loss: 1.429 | Precision@1: 47.064% (15723/33408)
Loss: 1.428 | Precision@1: 47.078% (15788/33536)
Loss: 1.427 | Precision@1: 47.107% (15858/33664)
Loss: 1.427 | Precision@1: 47.132% (15927/33792)
Loss: 1.426 | Precision@1: 47.149% (15993/33920)
Loss: 1.426 | Precision@1: 47.151% (16054/34048)
Loss: 1.426 | Precision@1: 47.206% (16133/34176)
Loss: 1.425 | Precision@1: 47.225% (16200/34304)
Loss: 1.424 | Precision@1: 47.264% (16274/34432)
Loss: 1.424 | Precision@1: 47.277% (16339/34560)
Loss: 1.424 | Precision@1: 47.293% (16405/34688)
Loss: 1.423 | Precision@1: 47.306% (16470/34816)
Loss: 1.423 | Precision@1: 47.321% (16536/34944)
Loss: 1.423 | Precision@1: 47.354% (16608/35072)
Loss: 1.422 | Precision@1: 47.372% (16675/35200)
Loss: 1.422 | Precision@1: 47.376% (16737/35328)
Loss: 1.422 | Precision@1: 47.391% (16803/35456)
Loss: 1.422 | Precision@1: 47.375% (16858/35584)
Loss: 1.421 | Precision@1: 47.407% (16930/35712)
Loss: 1.420 | Precision@1: 47.422% (16996/35840)
Loss: 1.420 | Precision@1: 47.428% (17059/35968)
Loss: 1.420 | Precision@1: 47.451% (17128/36096)
Loss: 1.420 | Precision@1: 47.482% (17200/36224)
Loss: 1.419 | Precision@1: 47.505% (17269/36352)
Loss: 1.418 | Precision@1: 47.538% (17342/36480)
Loss: 1.417 | Precision@1: 47.577% (17417/36608)
Loss: 1.417 | Precision@1: 47.575% (17477/36736)
Loss: 1.417 | Precision@1: 47.618% (17554/36864)
Loss: 1.417 | Precision@1: 47.613% (17613/36992)
Loss: 1.417 | Precision@1: 47.619% (17676/37120)
Loss: 1.417 | Precision@1: 47.637% (17744/37248)
Loss: 1.416 | Precision@1: 47.648% (17809/37376)
Loss: 1.415 | Precision@1: 47.664% (17876/37504)
Loss: 1.415 | Precision@1: 47.675% (17941/37632)
Loss: 1.414 | Precision@1: 47.712% (18016/37760)
Loss: 1.413 | Precision@1: 47.728% (18083/37888)
Loss: 1.412 | Precision@1: 47.754% (18154/38016)
Loss: 1.413 | Precision@1: 47.758% (18217/38144)
Loss: 1.412 | Precision@1: 47.792% (18291/38272)
Loss: 1.412 | Precision@1: 47.826% (18365/38400)
Loss: 1.411 | Precision@1: 47.835% (18430/38528)
Loss: 1.411 | Precision@1: 47.861% (18501/38656)
Loss: 1.411 | Precision@1: 47.842% (18555/38784)
Loss: 1.411 | Precision@1: 47.839% (18615/38912)
Loss: 1.410 | Precision@1: 47.848% (18680/39040)
Loss: 1.410 | Precision@1: 47.845% (18740/39168)
Loss: 1.409 | Precision@1: 47.870% (18811/39296)
Loss: 1.409 | Precision@1: 47.887% (18879/39424)
Loss: 1.409 | Precision@1: 47.886% (18940/39552)
Loss: 1.409 | Precision@1: 47.881% (18999/39680)
Loss: 1.408 | Precision@1: 47.907% (19071/39808)
Loss: 1.408 | Precision@1: 47.907% (19132/39936)
Loss: 1.409 | Precision@1: 47.901% (19191/40064)
Loss: 1.408 | Precision@1: 47.915% (19258/40192)
Loss: 1.408 | Precision@1: 47.927% (19324/40320)
Loss: 1.407 | Precision@1: 47.960% (19399/40448)
Loss: 1.407 | Precision@1: 47.984% (19470/40576)
Loss: 1.407 | Precision@1: 48.005% (19540/40704)
Loss: 1.406 | Precision@1: 48.006% (19602/40832)
Loss: 1.405 | Precision@1: 48.040% (19677/40960)
Loss: 1.405 | Precision@1: 48.046% (19741/41088)
Loss: 1.405 | Precision@1: 48.059% (19808/41216)
Loss: 1.405 | Precision@1: 48.077% (19877/41344)
Loss: 1.404 | Precision@1: 48.093% (19945/41472)
Loss: 1.404 | Precision@1: 48.079% (20001/41600)
Loss: 1.404 | Precision@1: 48.097% (20070/41728)
Loss: 1.403 | Precision@1: 48.105% (20135/41856)
Loss: 1.403 | Precision@1: 48.090% (20190/41984)
Loss: 1.403 | Precision@1: 48.131% (20269/42112)
Loss: 1.402 | Precision@1: 48.144% (20336/42240)
Loss: 1.402 | Precision@1: 48.154% (20402/42368)
Loss: 1.402 | Precision@1: 48.150% (20462/42496)
Loss: 1.401 | Precision@1: 48.177% (20535/42624)
Loss: 1.400 | Precision@1: 48.185% (20600/42752)
Loss: 1.400 | Precision@1: 48.204% (20670/42880)
Loss: 1.400 | Precision@1: 48.214% (20736/43008)
Loss: 1.400 | Precision@1: 48.233% (20806/43136)
Loss: 1.400 | Precision@1: 48.243% (20872/43264)
Loss: 1.399 | Precision@1: 48.260% (20941/43392)
Loss: 1.399 | Precision@1: 48.267% (21006/43520)
Loss: 1.399 | Precision@1: 48.279% (21073/43648)
Loss: 1.399 | Precision@1: 48.275% (21133/43776)
Loss: 1.399 | Precision@1: 48.276% (21195/43904)
Loss: 1.398 | Precision@1: 48.290% (21263/44032)
Loss: 1.398 | Precision@1: 48.306% (21332/44160)
Loss: 1.398 | Precision@1: 48.313% (21397/44288)
Loss: 1.397 | Precision@1: 48.327% (21465/44416)
Loss: 1.397 | Precision@1: 48.348% (21536/44544)
Loss: 1.396 | Precision@1: 48.361% (21604/44672)
Loss: 1.396 | Precision@1: 48.375% (21672/44800)
Loss: 1.396 | Precision@1: 48.384% (21738/44928)
Loss: 1.395 | Precision@1: 48.413% (21813/45056)
Loss: 1.394 | Precision@1: 48.444% (21889/45184)
Loss: 1.394 | Precision@1: 48.455% (21956/45312)
Loss: 1.394 | Precision@1: 48.464% (22022/45440)
Loss: 1.394 | Precision@1: 48.473% (22088/45568)
Loss: 1.393 | Precision@1: 48.490% (22158/45696)
Loss: 1.393 | Precision@1: 48.510% (22229/45824)
Loss: 1.393 | Precision@1: 48.527% (22299/45952)
Loss: 1.392 | Precision@1: 48.537% (22366/46080)
Loss: 1.392 | Precision@1: 48.535% (22427/46208)
Loss: 1.392 | Precision@1: 48.530% (22487/46336)
Loss: 1.392 | Precision@1: 48.549% (22558/46464)
Loss: 1.392 | Precision@1: 48.560% (22625/46592)
Loss: 1.391 | Precision@1: 48.572% (22693/46720)
Loss: 1.391 | Precision@1: 48.585% (22761/46848)
Loss: 1.390 | Precision@1: 48.593% (22827/46976)
Loss: 1.391 | Precision@1: 48.592% (22889/47104)
Loss: 1.391 | Precision@1: 48.579% (22945/47232)
Loss: 1.390 | Precision@1: 48.602% (23018/47360)
Loss: 1.390 | Precision@1: 48.623% (23090/47488)
Loss: 1.389 | Precision@1: 48.658% (23169/47616)
Loss: 1.388 | Precision@1: 48.662% (23233/47744)
Loss: 1.388 | Precision@1: 48.680% (23304/47872)
Loss: 1.388 | Precision@1: 48.688% (23370/48000)
Loss: 1.388 | Precision@1: 48.703% (23440/48128)
Loss: 1.387 | Precision@1: 48.732% (23516/48256)
Loss: 1.387 | Precision@1: 48.750% (23587/48384)
Loss: 1.387 | Precision@1: 48.749% (23649/48512)
Loss: 1.386 | Precision@1: 48.771% (23722/48640)
Loss: 1.385 | Precision@1: 48.802% (23800/48768)
Loss: 1.385 | Precision@1: 48.810% (23866/48896)
Loss: 1.384 | Precision@1: 48.845% (23946/49024)
Loss: 1.384 | Precision@1: 48.871% (24021/49152)
Loss: 1.383 | Precision@1: 48.914% (24105/49280)
Loss: 1.382 | Precision@1: 48.933% (24177/49408)
Loss: 1.382 | Precision@1: 48.938% (24242/49536)
Loss: 1.381 | Precision@1: 48.971% (24321/49664)
Loss: 1.381 | Precision@1: 48.970% (24383/49792)
Loss: 1.381 | Precision@1: 48.982% (24452/49920)
Loss: 1.380 | Precision@1: 48.994% (24497/50000)

Aggregates: 			
 	 DataLoader Time: 1.4382 			
 	 Mini-batch Time: 5083.7934 			
 	 Training Epoch Time: 5084.6351
 			
 Averages: 			
 	 Training Loss: 1.3801

 Test set Averages: Loss: 1.213 | Precision@1: 55.890% (5589/10000)

Epoch: 2
Loss: 1.187 | Precision@1: 60.156% (77/128)
Loss: 1.136 | Precision@1: 58.594% (150/256)
Loss: 1.140 | Precision@1: 58.073% (223/384)
Loss: 1.122 | Precision@1: 58.789% (301/512)
Loss: 1.138 | Precision@1: 58.750% (376/640)
Loss: 1.155 | Precision@1: 58.203% (447/768)
Loss: 1.142 | Precision@1: 59.263% (531/896)
Loss: 1.134 | Precision@1: 58.887% (603/1024)
Loss: 1.134 | Precision@1: 58.681% (676/1152)
Loss: 1.142 | Precision@1: 57.969% (742/1280)
Loss: 1.138 | Precision@1: 57.955% (816/1408)
Loss: 1.139 | Precision@1: 57.812% (888/1536)
Loss: 1.138 | Precision@1: 57.933% (964/1664)
Loss: 1.149 | Precision@1: 57.422% (1029/1792)
Loss: 1.161 | Precision@1: 57.240% (1099/1920)
Loss: 1.161 | Precision@1: 57.275% (1173/2048)
Loss: 1.166 | Precision@1: 56.985% (1240/2176)
Loss: 1.170 | Precision@1: 56.814% (1309/2304)
Loss: 1.172 | Precision@1: 56.538% (1375/2432)
Loss: 1.176 | Precision@1: 56.484% (1446/2560)
Loss: 1.177 | Precision@1: 56.585% (1521/2688)
Loss: 1.180 | Precision@1: 56.463% (1590/2816)
Loss: 1.171 | Precision@1: 56.726% (1670/2944)
Loss: 1.172 | Precision@1: 56.738% (1743/3072)
Loss: 1.172 | Precision@1: 56.844% (1819/3200)
Loss: 1.175 | Precision@1: 56.821% (1891/3328)
Loss: 1.171 | Precision@1: 57.234% (1978/3456)
Loss: 1.170 | Precision@1: 57.115% (2047/3584)
Loss: 1.176 | Precision@1: 56.843% (2110/3712)
Loss: 1.179 | Precision@1: 56.797% (2181/3840)
Loss: 1.180 | Precision@1: 56.830% (2255/3968)
Loss: 1.185 | Precision@1: 56.836% (2328/4096)
Loss: 1.180 | Precision@1: 57.079% (2411/4224)
Loss: 1.182 | Precision@1: 56.824% (2473/4352)
Loss: 1.187 | Precision@1: 56.719% (2541/4480)
Loss: 1.191 | Precision@1: 56.641% (2610/4608)
Loss: 1.187 | Precision@1: 56.757% (2688/4736)
Loss: 1.189 | Precision@1: 56.620% (2754/4864)
Loss: 1.190 | Precision@1: 56.510% (2821/4992)
Loss: 1.191 | Precision@1: 56.445% (2890/5120)
Loss: 1.190 | Precision@1: 56.498% (2965/5248)
Loss: 1.190 | Precision@1: 56.585% (3042/5376)
Loss: 1.187 | Precision@1: 56.686% (3120/5504)
Loss: 1.186 | Precision@1: 56.765% (3197/5632)
Loss: 1.188 | Precision@1: 56.615% (3261/5760)
Loss: 1.189 | Precision@1: 56.624% (3334/5888)
Loss: 1.191 | Precision@1: 56.466% (3397/6016)
Loss: 1.191 | Precision@1: 56.494% (3471/6144)
Loss: 1.191 | Precision@1: 56.633% (3552/6272)
Loss: 1.191 | Precision@1: 56.625% (3624/6400)
Loss: 1.188 | Precision@1: 56.679% (3700/6528)
Loss: 1.190 | Precision@1: 56.686% (3773/6656)
Loss: 1.190 | Precision@1: 56.722% (3848/6784)
Loss: 1.189 | Precision@1: 56.771% (3924/6912)
Loss: 1.190 | Precision@1: 56.790% (3998/7040)
Loss: 1.189 | Precision@1: 56.808% (4072/7168)
Loss: 1.190 | Precision@1: 56.812% (4145/7296)
Loss: 1.188 | Precision@1: 56.856% (4221/7424)
Loss: 1.189 | Precision@1: 56.806% (4290/7552)
Loss: 1.189 | Precision@1: 56.771% (4360/7680)
Loss: 1.192 | Precision@1: 56.698% (4427/7808)
Loss: 1.191 | Precision@1: 56.830% (4510/7936)
Loss: 1.193 | Precision@1: 56.746% (4576/8064)
Loss: 1.192 | Precision@1: 56.775% (4651/8192)
Loss: 1.191 | Precision@1: 56.815% (4727/8320)
Loss: 1.191 | Precision@1: 56.830% (4801/8448)
Loss: 1.191 | Precision@1: 56.868% (4877/8576)
Loss: 1.189 | Precision@1: 57.043% (4965/8704)
Loss: 1.188 | Precision@1: 57.054% (5039/8832)
Loss: 1.190 | Precision@1: 56.964% (5104/8960)
Loss: 1.191 | Precision@1: 56.932% (5174/9088)
Loss: 1.191 | Precision@1: 56.923% (5246/9216)
Loss: 1.190 | Precision@1: 56.967% (5323/9344)
Loss: 1.189 | Precision@1: 57.000% (5399/9472)
Loss: 1.190 | Precision@1: 56.958% (5468/9600)
Loss: 1.191 | Precision@1: 56.939% (5539/9728)
Loss: 1.191 | Precision@1: 57.001% (5618/9856)
Loss: 1.192 | Precision@1: 56.981% (5689/9984)
Loss: 1.190 | Precision@1: 56.922% (5756/10112)
Loss: 1.191 | Precision@1: 56.934% (5830/10240)
Loss: 1.190 | Precision@1: 56.993% (5909/10368)
Loss: 1.191 | Precision@1: 57.003% (5983/10496)
Loss: 1.191 | Precision@1: 57.022% (6058/10624)
Loss: 1.193 | Precision@1: 56.985% (6127/10752)
Loss: 1.191 | Precision@1: 57.068% (6209/10880)
Loss: 1.191 | Precision@1: 57.086% (6284/11008)
Loss: 1.191 | Precision@1: 57.175% (6367/11136)
Loss: 1.190 | Precision@1: 57.200% (6443/11264)
Loss: 1.191 | Precision@1: 57.189% (6515/11392)
Loss: 1.191 | Precision@1: 57.248% (6595/11520)
Loss: 1.190 | Precision@1: 57.315% (6676/11648)
Loss: 1.189 | Precision@1: 57.286% (6746/11776)
Loss: 1.188 | Precision@1: 57.308% (6822/11904)
Loss: 1.187 | Precision@1: 57.364% (6902/12032)
Loss: 1.188 | Precision@1: 57.336% (6972/12160)
Loss: 1.187 | Precision@1: 57.438% (7058/12288)
Loss: 1.186 | Precision@1: 57.458% (7134/12416)
Loss: 1.186 | Precision@1: 57.438% (7205/12544)
Loss: 1.184 | Precision@1: 57.465% (7282/12672)
Loss: 1.185 | Precision@1: 57.477% (7357/12800)
Loss: 1.185 | Precision@1: 57.472% (7430/12928)
Loss: 1.184 | Precision@1: 57.483% (7505/13056)
Loss: 1.184 | Precision@1: 57.494% (7580/13184)
Loss: 1.185 | Precision@1: 57.467% (7650/13312)
Loss: 1.185 | Precision@1: 57.485% (7726/13440)
Loss: 1.185 | Precision@1: 57.510% (7803/13568)
Loss: 1.185 | Precision@1: 57.579% (7886/13696)
Loss: 1.183 | Precision@1: 57.653% (7970/13824)
Loss: 1.183 | Precision@1: 57.648% (8043/13952)
Loss: 1.183 | Precision@1: 57.635% (8115/14080)
Loss: 1.182 | Precision@1: 57.651% (8191/14208)
Loss: 1.181 | Precision@1: 57.729% (8276/14336)
Loss: 1.182 | Precision@1: 57.702% (8346/14464)
Loss: 1.182 | Precision@1: 57.744% (8426/14592)
Loss: 1.184 | Precision@1: 57.663% (8488/14720)
Loss: 1.183 | Precision@1: 57.705% (8568/14848)
Loss: 1.183 | Precision@1: 57.766% (8651/14976)
Loss: 1.182 | Precision@1: 57.812% (8732/15104)
Loss: 1.184 | Precision@1: 57.767% (8799/15232)
Loss: 1.183 | Precision@1: 57.793% (8877/15360)
Loss: 1.183 | Precision@1: 57.812% (8954/15488)
Loss: 1.184 | Precision@1: 57.806% (9027/15616)
Loss: 1.184 | Precision@1: 57.762% (9094/15744)
Loss: 1.184 | Precision@1: 57.762% (9168/15872)
Loss: 1.183 | Precision@1: 57.800% (9248/16000)
Loss: 1.183 | Precision@1: 57.831% (9327/16128)
Loss: 1.182 | Precision@1: 57.819% (9399/16256)
Loss: 1.181 | Precision@1: 57.843% (9477/16384)
Loss: 1.180 | Precision@1: 57.873% (9556/16512)
Loss: 1.180 | Precision@1: 57.855% (9627/16640)
Loss: 1.179 | Precision@1: 57.848% (9700/16768)
Loss: 1.179 | Precision@1: 57.854% (9775/16896)
Loss: 1.180 | Precision@1: 57.818% (9843/17024)
Loss: 1.179 | Precision@1: 57.824% (9918/17152)
Loss: 1.180 | Precision@1: 57.807% (9989/17280)
Loss: 1.179 | Precision@1: 57.841% (10069/17408)
Loss: 1.179 | Precision@1: 57.887% (10151/17536)
Loss: 1.179 | Precision@1: 57.897% (10227/17664)
Loss: 1.178 | Precision@1: 57.925% (10306/17792)
Loss: 1.177 | Precision@1: 57.985% (10391/17920)
Loss: 1.178 | Precision@1: 57.945% (10458/18048)
Loss: 1.177 | Precision@1: 57.989% (10540/18176)
Loss: 1.177 | Precision@1: 57.971% (10611/18304)
Loss: 1.176 | Precision@1: 57.975% (10686/18432)
Loss: 1.175 | Precision@1: 57.990% (10763/18560)
Loss: 1.175 | Precision@1: 58.005% (10840/18688)
Loss: 1.176 | Precision@1: 57.972% (10908/18816)
Loss: 1.176 | Precision@1: 57.955% (10979/18944)
Loss: 1.177 | Precision@1: 57.907% (11044/19072)
Loss: 1.177 | Precision@1: 57.901% (11117/19200)
Loss: 1.176 | Precision@1: 57.921% (11195/19328)
Loss: 1.175 | Precision@1: 57.977% (11280/19456)
Loss: 1.174 | Precision@1: 58.017% (11362/19584)
Loss: 1.173 | Precision@1: 58.046% (11442/19712)
Loss: 1.172 | Precision@1: 58.059% (11519/19840)
Loss: 1.171 | Precision@1: 58.078% (11597/19968)
Loss: 1.171 | Precision@1: 58.046% (11665/20096)
Loss: 1.169 | Precision@1: 58.119% (11754/20224)
Loss: 1.168 | Precision@1: 58.147% (11834/20352)
Loss: 1.168 | Precision@1: 58.130% (11905/20480)
Loss: 1.168 | Precision@1: 58.123% (11978/20608)
Loss: 1.168 | Precision@1: 58.087% (12045/20736)
Loss: 1.169 | Precision@1: 58.086% (12119/20864)
Loss: 1.168 | Precision@1: 58.075% (12191/20992)
Loss: 1.167 | Precision@1: 58.106% (12272/21120)
Loss: 1.167 | Precision@1: 58.137% (12353/21248)
Loss: 1.167 | Precision@1: 58.145% (12429/21376)
Loss: 1.166 | Precision@1: 58.171% (12509/21504)
Loss: 1.167 | Precision@1: 58.187% (12587/21632)
Loss: 1.166 | Precision@1: 58.199% (12664/21760)
Loss: 1.166 | Precision@1: 58.219% (12743/21888)
Loss: 1.167 | Precision@1: 58.180% (12809/22016)
Loss: 1.167 | Precision@1: 58.219% (12892/22144)
Loss: 1.166 | Precision@1: 58.257% (12975/22272)
Loss: 1.166 | Precision@1: 58.250% (13048/22400)
Loss: 1.166 | Precision@1: 58.265% (13126/22528)
Loss: 1.166 | Precision@1: 58.249% (13197/22656)
Loss: 1.165 | Precision@1: 58.291% (13281/22784)
Loss: 1.165 | Precision@1: 58.284% (13354/22912)
Loss: 1.164 | Precision@1: 58.307% (13434/23040)
Loss: 1.163 | Precision@1: 58.365% (13522/23168)
Loss: 1.163 | Precision@1: 58.366% (13597/23296)
Loss: 1.163 | Precision@1: 58.385% (13676/23424)
Loss: 1.163 | Precision@1: 58.381% (13750/23552)
Loss: 1.163 | Precision@1: 58.399% (13829/23680)
Loss: 1.163 | Precision@1: 58.409% (13906/23808)
Loss: 1.162 | Precision@1: 58.422% (13984/23936)
Loss: 1.162 | Precision@1: 58.436% (14062/24064)
Loss: 1.162 | Precision@1: 58.428% (14135/24192)
Loss: 1.163 | Precision@1: 58.413% (14206/24320)
Loss: 1.163 | Precision@1: 58.365% (14269/24448)
Loss: 1.162 | Precision@1: 58.398% (14352/24576)
Loss: 1.162 | Precision@1: 58.412% (14430/24704)
Loss: 1.162 | Precision@1: 58.417% (14506/24832)
Loss: 1.162 | Precision@1: 58.442% (14587/24960)
Loss: 1.162 | Precision@1: 58.406% (14653/25088)
Loss: 1.161 | Precision@1: 58.411% (14729/25216)
Loss: 1.161 | Precision@1: 58.436% (14810/25344)
Loss: 1.160 | Precision@1: 58.429% (14883/25472)
Loss: 1.160 | Precision@1: 58.457% (14965/25600)
Loss: 1.159 | Precision@1: 58.477% (15045/25728)
Loss: 1.159 | Precision@1: 58.501% (15126/25856)
Loss: 1.158 | Precision@1: 58.501% (15201/25984)
Loss: 1.158 | Precision@1: 58.532% (15284/26112)
Loss: 1.157 | Precision@1: 58.567% (15368/26240)
Loss: 1.156 | Precision@1: 58.556% (15440/26368)
Loss: 1.156 | Precision@1: 58.571% (15519/26496)
Loss: 1.155 | Precision@1: 58.579% (15596/26624)
Loss: 1.155 | Precision@1: 58.612% (15680/26752)
Loss: 1.155 | Precision@1: 58.586% (15748/26880)
Loss: 1.155 | Precision@1: 58.583% (15822/27008)
Loss: 1.155 | Precision@1: 58.612% (15905/27136)
Loss: 1.155 | Precision@1: 58.630% (15985/27264)
Loss: 1.154 | Precision@1: 58.649% (16065/27392)
Loss: 1.153 | Precision@1: 58.659% (16143/27520)
Loss: 1.153 | Precision@1: 58.666% (16220/27648)
Loss: 1.153 | Precision@1: 58.673% (16297/27776)
Loss: 1.152 | Precision@1: 58.712% (16383/27904)
Loss: 1.151 | Precision@1: 58.736% (16465/28032)
Loss: 1.151 | Precision@1: 58.757% (16546/28160)
Loss: 1.151 | Precision@1: 58.739% (16616/28288)
Loss: 1.150 | Precision@1: 58.777% (16702/28416)
Loss: 1.149 | Precision@1: 58.793% (16782/28544)
Loss: 1.149 | Precision@1: 58.796% (16858/28672)
Loss: 1.148 | Precision@1: 58.837% (16945/28800)
Loss: 1.148 | Precision@1: 58.822% (17016/28928)
Loss: 1.148 | Precision@1: 58.852% (17100/29056)
Loss: 1.148 | Precision@1: 58.854% (17176/29184)
Loss: 1.148 | Precision@1: 58.850% (17250/29312)
Loss: 1.147 | Precision@1: 58.876% (17333/29440)
Loss: 1.146 | Precision@1: 58.885% (17411/29568)
Loss: 1.146 | Precision@1: 58.900% (17491/29696)
Loss: 1.145 | Precision@1: 58.909% (17569/29824)
Loss: 1.145 | Precision@1: 58.908% (17644/29952)
Loss: 1.144 | Precision@1: 58.913% (17721/30080)
Loss: 1.144 | Precision@1: 58.948% (17807/30208)
Loss: 1.143 | Precision@1: 58.960% (17886/30336)
Loss: 1.143 | Precision@1: 58.955% (17960/30464)
Loss: 1.143 | Precision@1: 58.989% (18046/30592)
Loss: 1.143 | Precision@1: 58.994% (18123/30720)
Loss: 1.142 | Precision@1: 58.992% (18198/30848)
Loss: 1.141 | Precision@1: 59.039% (18288/30976)
Loss: 1.141 | Precision@1: 59.028% (18360/31104)
Loss: 1.140 | Precision@1: 59.074% (18450/31232)
Loss: 1.140 | Precision@1: 59.101% (18534/31360)
Loss: 1.139 | Precision@1: 59.140% (18622/31488)
Loss: 1.139 | Precision@1: 59.138% (18697/31616)
Loss: 1.138 | Precision@1: 59.173% (18784/31744)
Loss: 1.137 | Precision@1: 59.202% (18869/31872)
Loss: 1.137 | Precision@1: 59.219% (18950/32000)
Loss: 1.136 | Precision@1: 59.238% (19032/32128)
Loss: 1.135 | Precision@1: 59.273% (19119/32256)
Loss: 1.135 | Precision@1: 59.304% (19205/32384)
Loss: 1.134 | Precision@1: 59.326% (19288/32512)
Loss: 1.134 | Precision@1: 59.329% (19365/32640)
Loss: 1.134 | Precision@1: 59.326% (19440/32768)
Loss: 1.134 | Precision@1: 59.326% (19516/32896)
Loss: 1.133 | Precision@1: 59.342% (19597/33024)
Loss: 1.133 | Precision@1: 59.357% (19678/33152)
Loss: 1.133 | Precision@1: 59.372% (19759/33280)
Loss: 1.132 | Precision@1: 59.372% (19835/33408)
Loss: 1.132 | Precision@1: 59.363% (19908/33536)
Loss: 1.132 | Precision@1: 59.390% (19993/33664)
Loss: 1.132 | Precision@1: 59.393% (20070/33792)
Loss: 1.131 | Precision@1: 59.396% (20147/33920)
Loss: 1.131 | Precision@1: 59.419% (20231/34048)
Loss: 1.130 | Precision@1: 59.428% (20310/34176)
Loss: 1.130 | Precision@1: 59.457% (20396/34304)
Loss: 1.130 | Precision@1: 59.453% (20471/34432)
Loss: 1.129 | Precision@1: 59.491% (20560/34560)
Loss: 1.129 | Precision@1: 59.493% (20637/34688)
Loss: 1.128 | Precision@1: 59.521% (20723/34816)
Loss: 1.128 | Precision@1: 59.552% (20810/34944)
Loss: 1.128 | Precision@1: 59.552% (20886/35072)
Loss: 1.128 | Precision@1: 59.537% (20957/35200)
Loss: 1.129 | Precision@1: 59.522% (21028/35328)
Loss: 1.129 | Precision@1: 59.493% (21094/35456)
Loss: 1.129 | Precision@1: 59.510% (21176/35584)
Loss: 1.129 | Precision@1: 59.515% (21254/35712)
Loss: 1.130 | Precision@1: 59.506% (21327/35840)
Loss: 1.130 | Precision@1: 59.461% (21387/35968)
Loss: 1.131 | Precision@1: 59.453% (21460/36096)
Loss: 1.131 | Precision@1: 59.477% (21545/36224)
Loss: 1.131 | Precision@1: 59.469% (21618/36352)
Loss: 1.131 | Precision@1: 59.463% (21692/36480)
Loss: 1.130 | Precision@1: 59.471% (21771/36608)
Loss: 1.130 | Precision@1: 59.478% (21850/36736)
Loss: 1.130 | Precision@1: 59.473% (21924/36864)
Loss: 1.129 | Precision@1: 59.499% (22010/36992)
Loss: 1.129 | Precision@1: 59.529% (22097/37120)
Loss: 1.128 | Precision@1: 59.547% (22180/37248)
Loss: 1.128 | Precision@1: 59.570% (22265/37376)
Loss: 1.128 | Precision@1: 59.583% (22346/37504)
Loss: 1.128 | Precision@1: 59.590% (22425/37632)
Loss: 1.128 | Precision@1: 59.584% (22499/37760)
Loss: 1.129 | Precision@1: 59.578% (22573/37888)
Loss: 1.128 | Precision@1: 59.585% (22652/38016)
Loss: 1.128 | Precision@1: 59.590% (22730/38144)
Loss: 1.128 | Precision@1: 59.597% (22809/38272)
Loss: 1.127 | Precision@1: 59.620% (22894/38400)
Loss: 1.127 | Precision@1: 59.609% (22966/38528)
Loss: 1.127 | Precision@1: 59.608% (23042/38656)
Loss: 1.127 | Precision@1: 59.599% (23115/38784)
Loss: 1.127 | Precision@1: 59.601% (23192/38912)
Loss: 1.127 | Precision@1: 59.598% (23267/39040)
Loss: 1.127 | Precision@1: 59.612% (23349/39168)
Loss: 1.127 | Precision@1: 59.614% (23426/39296)
Loss: 1.127 | Precision@1: 59.601% (23497/39424)
Loss: 1.126 | Precision@1: 59.595% (23571/39552)
Loss: 1.127 | Precision@1: 59.567% (23636/39680)
Loss: 1.127 | Precision@1: 59.558% (23709/39808)
Loss: 1.127 | Precision@1: 59.560% (23786/39936)
Loss: 1.126 | Precision@1: 59.590% (23874/40064)
Loss: 1.126 | Precision@1: 59.569% (23942/40192)
Loss: 1.126 | Precision@1: 59.571% (24019/40320)
Loss: 1.126 | Precision@1: 59.575% (24097/40448)
Loss: 1.125 | Precision@1: 59.604% (24185/40576)
Loss: 1.125 | Precision@1: 59.633% (24273/40704)
Loss: 1.124 | Precision@1: 59.659% (24360/40832)
Loss: 1.124 | Precision@1: 59.626% (24423/40960)
Loss: 1.124 | Precision@1: 59.635% (24503/41088)
Loss: 1.124 | Precision@1: 59.652% (24586/41216)
Loss: 1.124 | Precision@1: 59.653% (24663/41344)
Loss: 1.124 | Precision@1: 59.645% (24736/41472)
Loss: 1.124 | Precision@1: 59.627% (24805/41600)
Loss: 1.124 | Precision@1: 59.646% (24889/41728)
Loss: 1.124 | Precision@1: 59.652% (24968/41856)
Loss: 1.124 | Precision@1: 59.661% (25048/41984)
Loss: 1.124 | Precision@1: 59.653% (25121/42112)
Loss: 1.124 | Precision@1: 59.645% (25194/42240)
Loss: 1.124 | Precision@1: 59.654% (25274/42368)
Loss: 1.124 | Precision@1: 59.669% (25357/42496)
Loss: 1.124 | Precision@1: 59.652% (25426/42624)
Loss: 1.124 | Precision@1: 59.644% (25499/42752)
Loss: 1.124 | Precision@1: 59.653% (25579/42880)
Loss: 1.124 | Precision@1: 59.666% (25661/43008)
Loss: 1.123 | Precision@1: 59.674% (25741/43136)
Loss: 1.123 | Precision@1: 59.682% (25821/43264)
Loss: 1.123 | Precision@1: 59.695% (25903/43392)
Loss: 1.122 | Precision@1: 59.697% (25980/43520)
Loss: 1.123 | Precision@1: 59.696% (26056/43648)
Loss: 1.123 | Precision@1: 59.695% (26132/43776)
Loss: 1.123 | Precision@1: 59.687% (26205/43904)
Loss: 1.123 | Precision@1: 59.691% (26283/44032)
Loss: 1.123 | Precision@1: 59.699% (26363/44160)
Loss: 1.123 | Precision@1: 59.705% (26442/44288)
Loss: 1.122 | Precision@1: 59.715% (26523/44416)
Loss: 1.122 | Precision@1: 59.718% (26601/44544)
Loss: 1.122 | Precision@1: 59.726% (26681/44672)
Loss: 1.122 | Precision@1: 59.723% (26756/44800)
Loss: 1.121 | Precision@1: 59.753% (26846/44928)
Loss: 1.121 | Precision@1: 59.763% (26927/45056)
Loss: 1.121 | Precision@1: 59.758% (27001/45184)
Loss: 1.120 | Precision@1: 59.779% (27087/45312)
Loss: 1.120 | Precision@1: 59.798% (27172/45440)
Loss: 1.119 | Precision@1: 59.823% (27260/45568)
Loss: 1.119 | Precision@1: 59.835% (27342/45696)
Loss: 1.119 | Precision@1: 59.833% (27418/45824)
Loss: 1.119 | Precision@1: 59.847% (27501/45952)
Loss: 1.119 | Precision@1: 59.868% (27587/46080)
Loss: 1.118 | Precision@1: 59.884% (27671/46208)
Loss: 1.118 | Precision@1: 59.886% (27749/46336)
Loss: 1.118 | Precision@1: 59.887% (27826/46464)
Loss: 1.117 | Precision@1: 59.909% (27913/46592)
Loss: 1.117 | Precision@1: 59.932% (28000/46720)
Loss: 1.117 | Precision@1: 59.930% (28076/46848)
Loss: 1.116 | Precision@1: 59.948% (28161/46976)
Loss: 1.116 | Precision@1: 59.959% (28243/47104)
Loss: 1.115 | Precision@1: 59.978% (28329/47232)
Loss: 1.115 | Precision@1: 59.975% (28404/47360)
Loss: 1.115 | Precision@1: 59.994% (28490/47488)
Loss: 1.115 | Precision@1: 59.980% (28560/47616)
Loss: 1.114 | Precision@1: 59.989% (28641/47744)
Loss: 1.114 | Precision@1: 60.006% (28726/47872)
Loss: 1.114 | Precision@1: 60.021% (28810/48000)
Loss: 1.114 | Precision@1: 60.027% (28890/48128)
Loss: 1.113 | Precision@1: 60.038% (28972/48256)
Loss: 1.113 | Precision@1: 60.038% (29049/48384)
Loss: 1.113 | Precision@1: 60.063% (29138/48512)
Loss: 1.112 | Precision@1: 60.084% (29225/48640)
Loss: 1.112 | Precision@1: 60.101% (29310/48768)
Loss: 1.112 | Precision@1: 60.097% (29385/48896)
Loss: 1.111 | Precision@1: 60.109% (29468/49024)
Loss: 1.111 | Precision@1: 60.109% (29545/49152)
Loss: 1.110 | Precision@1: 60.134% (29634/49280)
Loss: 1.110 | Precision@1: 60.146% (29717/49408)
Loss: 1.110 | Precision@1: 60.176% (29809/49536)
Loss: 1.110 | Precision@1: 60.182% (29889/49664)
Loss: 1.110 | Precision@1: 60.168% (29959/49792)
Loss: 1.110 | Precision@1: 60.162% (30033/49920)
Loss: 1.110 | Precision@1: 60.176% (30088/50000)

Aggregates: 			
 	 DataLoader Time: 1.3962 			
 	 Mini-batch Time: 5081.1180 			
 	 Training Epoch Time: 5081.9645
 			
 Averages: 			
 	 Training Loss: 1.1101

 Test set Averages: Loss: 1.080 | Precision@1: 61.890% (6189/10000)

Epoch: 3
Loss: 1.037 | Precision@1: 59.375% (76/128)
Loss: 1.037 | Precision@1: 62.500% (160/256)
Loss: 1.084 | Precision@1: 62.500% (240/384)
Loss: 1.041 | Precision@1: 64.258% (329/512)
Loss: 1.054 | Precision@1: 63.438% (406/640)
Loss: 1.050 | Precision@1: 63.802% (490/768)
Loss: 1.038 | Precision@1: 64.286% (576/896)
Loss: 1.037 | Precision@1: 64.258% (658/1024)
Loss: 1.043 | Precision@1: 63.976% (737/1152)
Loss: 1.040 | Precision@1: 63.516% (813/1280)
Loss: 1.050 | Precision@1: 62.713% (883/1408)
Loss: 1.045 | Precision@1: 62.956% (967/1536)
Loss: 1.044 | Precision@1: 62.680% (1043/1664)
Loss: 1.041 | Precision@1: 62.779% (1125/1792)
Loss: 1.049 | Precision@1: 62.448% (1199/1920)
Loss: 1.058 | Precision@1: 62.207% (1274/2048)
Loss: 1.052 | Precision@1: 62.500% (1360/2176)
Loss: 1.051 | Precision@1: 62.500% (1440/2304)
Loss: 1.049 | Precision@1: 62.706% (1525/2432)
Loss: 1.048 | Precision@1: 62.422% (1598/2560)
Loss: 1.052 | Precision@1: 62.240% (1673/2688)
Loss: 1.053 | Precision@1: 62.322% (1755/2816)
Loss: 1.046 | Precision@1: 62.772% (1848/2944)
Loss: 1.047 | Precision@1: 62.891% (1932/3072)
Loss: 1.043 | Precision@1: 63.156% (2021/3200)
Loss: 1.041 | Precision@1: 63.191% (2103/3328)
Loss: 1.040 | Precision@1: 63.310% (2188/3456)
Loss: 1.038 | Precision@1: 63.449% (2274/3584)
Loss: 1.043 | Precision@1: 63.200% (2346/3712)
Loss: 1.043 | Precision@1: 63.151% (2425/3840)
Loss: 1.044 | Precision@1: 63.105% (2504/3968)
Loss: 1.047 | Precision@1: 62.988% (2580/4096)
Loss: 1.046 | Precision@1: 62.926% (2658/4224)
Loss: 1.043 | Precision@1: 63.028% (2743/4352)
Loss: 1.037 | Precision@1: 63.281% (2835/4480)
Loss: 1.035 | Precision@1: 63.303% (2917/4608)
Loss: 1.029 | Precision@1: 63.471% (3006/4736)
Loss: 1.031 | Precision@1: 63.446% (3086/4864)
Loss: 1.028 | Precision@1: 63.502% (3170/4992)
Loss: 1.025 | Precision@1: 63.574% (3255/5120)
Loss: 1.024 | Precision@1: 63.643% (3340/5248)
Loss: 1.023 | Precision@1: 63.560% (3417/5376)
Loss: 1.017 | Precision@1: 63.772% (3510/5504)
Loss: 1.017 | Precision@1: 63.903% (3599/5632)
Loss: 1.020 | Precision@1: 63.733% (3671/5760)
Loss: 1.018 | Precision@1: 63.740% (3753/5888)
Loss: 1.019 | Precision@1: 63.747% (3835/6016)
Loss: 1.022 | Precision@1: 63.688% (3913/6144)
Loss: 1.018 | Precision@1: 63.823% (4003/6272)
Loss: 1.018 | Precision@1: 63.812% (4084/6400)
Loss: 1.017 | Precision@1: 63.817% (4166/6528)
Loss: 1.015 | Precision@1: 63.942% (4256/6656)
Loss: 1.014 | Precision@1: 63.915% (4336/6784)
Loss: 1.017 | Precision@1: 63.715% (4404/6912)
Loss: 1.014 | Precision@1: 63.821% (4493/7040)
Loss: 1.015 | Precision@1: 63.881% (4579/7168)
Loss: 1.012 | Precision@1: 63.953% (4666/7296)
Loss: 1.012 | Precision@1: 63.968% (4749/7424)
Loss: 1.013 | Precision@1: 63.930% (4828/7552)
Loss: 1.017 | Precision@1: 63.789% (4899/7680)
Loss: 1.017 | Precision@1: 63.768% (4979/7808)
Loss: 1.016 | Precision@1: 63.836% (5066/7936)
Loss: 1.014 | Precision@1: 63.938% (5156/8064)
Loss: 1.015 | Precision@1: 63.831% (5229/8192)
Loss: 1.016 | Precision@1: 63.870% (5314/8320)
Loss: 1.016 | Precision@1: 63.873% (5396/8448)
Loss: 1.016 | Precision@1: 63.864% (5477/8576)
Loss: 1.016 | Precision@1: 63.902% (5562/8704)
Loss: 1.016 | Precision@1: 63.881% (5642/8832)
Loss: 1.017 | Precision@1: 63.884% (5724/8960)
Loss: 1.017 | Precision@1: 63.875% (5805/9088)
Loss: 1.018 | Precision@1: 63.813% (5881/9216)
Loss: 1.019 | Precision@1: 63.763% (5958/9344)
Loss: 1.020 | Precision@1: 63.735% (6037/9472)
Loss: 1.018 | Precision@1: 63.781% (6123/9600)
Loss: 1.018 | Precision@1: 63.775% (6204/9728)
Loss: 1.019 | Precision@1: 63.758% (6284/9856)
Loss: 1.017 | Precision@1: 63.832% (6373/9984)
Loss: 1.015 | Precision@1: 63.914% (6463/10112)
Loss: 1.017 | Precision@1: 63.867% (6540/10240)
Loss: 1.014 | Precision@1: 63.985% (6634/10368)
Loss: 1.014 | Precision@1: 63.929% (6710/10496)
Loss: 1.013 | Precision@1: 63.987% (6798/10624)
Loss: 1.013 | Precision@1: 63.960% (6877/10752)
Loss: 1.013 | Precision@1: 64.007% (6964/10880)
Loss: 1.013 | Precision@1: 64.062% (7052/11008)
Loss: 1.012 | Precision@1: 64.125% (7141/11136)
Loss: 1.011 | Precision@1: 64.107% (7221/11264)
Loss: 1.010 | Precision@1: 64.177% (7311/11392)
Loss: 1.011 | Precision@1: 64.149% (7390/11520)
Loss: 1.010 | Precision@1: 64.123% (7469/11648)
Loss: 1.009 | Precision@1: 64.156% (7555/11776)
Loss: 1.008 | Precision@1: 64.247% (7648/11904)
Loss: 1.007 | Precision@1: 64.287% (7735/12032)
Loss: 1.007 | Precision@1: 64.276% (7816/12160)
Loss: 1.004 | Precision@1: 64.380% (7911/12288)
Loss: 1.002 | Precision@1: 64.441% (8001/12416)
Loss: 1.002 | Precision@1: 64.469% (8087/12544)
Loss: 1.000 | Precision@1: 64.520% (8176/12672)
Loss: 0.999 | Precision@1: 64.594% (8268/12800)
Loss: 0.999 | Precision@1: 64.581% (8349/12928)
Loss: 0.997 | Precision@1: 64.599% (8434/13056)
Loss: 0.996 | Precision@1: 64.616% (8519/13184)
Loss: 0.997 | Precision@1: 64.596% (8599/13312)
Loss: 0.997 | Precision@1: 64.628% (8686/13440)
Loss: 0.997 | Precision@1: 64.564% (8760/13568)
Loss: 0.996 | Precision@1: 64.596% (8847/13696)
Loss: 0.997 | Precision@1: 64.533% (8921/13824)
Loss: 0.997 | Precision@1: 64.521% (9002/13952)
Loss: 0.996 | Precision@1: 64.531% (9086/14080)
Loss: 0.995 | Precision@1: 64.541% (9170/14208)
Loss: 0.997 | Precision@1: 64.488% (9245/14336)
Loss: 0.998 | Precision@1: 64.443% (9321/14464)
Loss: 0.998 | Precision@1: 64.453% (9405/14592)
Loss: 0.997 | Precision@1: 64.457% (9488/14720)
Loss: 0.997 | Precision@1: 64.467% (9572/14848)
Loss: 0.996 | Precision@1: 64.490% (9658/14976)
Loss: 0.995 | Precision@1: 64.546% (9749/15104)
Loss: 0.996 | Precision@1: 64.535% (9830/15232)
Loss: 0.994 | Precision@1: 64.564% (9917/15360)
Loss: 0.994 | Precision@1: 64.547% (9997/15488)
Loss: 0.995 | Precision@1: 64.549% (10080/15616)
Loss: 0.994 | Precision@1: 64.564% (10165/15744)
Loss: 0.994 | Precision@1: 64.560% (10247/15872)
Loss: 0.995 | Precision@1: 64.569% (10331/16000)
Loss: 0.994 | Precision@1: 64.602% (10419/16128)
Loss: 0.994 | Precision@1: 64.598% (10501/16256)
Loss: 0.992 | Precision@1: 64.691% (10599/16384)
Loss: 0.993 | Precision@1: 64.680% (10680/16512)
Loss: 0.992 | Precision@1: 64.724% (10770/16640)
Loss: 0.992 | Precision@1: 64.730% (10854/16768)
Loss: 0.991 | Precision@1: 64.731% (10937/16896)
Loss: 0.991 | Precision@1: 64.715% (11017/17024)
Loss: 0.993 | Precision@1: 64.715% (11100/17152)
Loss: 0.993 | Precision@1: 64.745% (11188/17280)
Loss: 0.993 | Precision@1: 64.746% (11271/17408)
Loss: 0.993 | Precision@1: 64.730% (11351/17536)
Loss: 0.993 | Precision@1: 64.759% (11439/17664)
Loss: 0.994 | Precision@1: 64.743% (11519/17792)
Loss: 0.996 | Precision@1: 64.693% (11593/17920)
Loss: 0.995 | Precision@1: 64.705% (11678/18048)
Loss: 0.995 | Precision@1: 64.728% (11765/18176)
Loss: 0.996 | Precision@1: 64.685% (11840/18304)
Loss: 0.995 | Precision@1: 64.692% (11924/18432)
Loss: 0.996 | Precision@1: 64.704% (12009/18560)
Loss: 0.996 | Precision@1: 64.710% (12093/18688)
Loss: 0.997 | Precision@1: 64.642% (12163/18816)
Loss: 0.997 | Precision@1: 64.648% (12247/18944)
Loss: 0.995 | Precision@1: 64.734% (12346/19072)
Loss: 0.994 | Precision@1: 64.766% (12435/19200)
Loss: 0.995 | Precision@1: 64.725% (12510/19328)
Loss: 0.995 | Precision@1: 64.715% (12591/19456)
Loss: 0.997 | Precision@1: 64.655% (12662/19584)
Loss: 0.996 | Precision@1: 64.692% (12752/19712)
Loss: 0.996 | Precision@1: 64.703% (12837/19840)
Loss: 0.996 | Precision@1: 64.694% (12918/19968)
Loss: 0.995 | Precision@1: 64.685% (12999/20096)
Loss: 0.995 | Precision@1: 64.700% (13085/20224)
Loss: 0.994 | Precision@1: 64.716% (13171/20352)
Loss: 0.994 | Precision@1: 64.697% (13250/20480)
Loss: 0.994 | Precision@1: 64.698% (13333/20608)
Loss: 0.994 | Precision@1: 64.752% (13427/20736)
Loss: 0.994 | Precision@1: 64.753% (13510/20864)
Loss: 0.994 | Precision@1: 64.753% (13593/20992)
Loss: 0.995 | Precision@1: 64.711% (13667/21120)
Loss: 0.994 | Precision@1: 64.764% (13761/21248)
Loss: 0.995 | Precision@1: 64.713% (13833/21376)
Loss: 0.995 | Precision@1: 64.695% (13912/21504)
Loss: 0.994 | Precision@1: 64.742% (14005/21632)
Loss: 0.993 | Precision@1: 64.761% (14092/21760)
Loss: 0.993 | Precision@1: 64.775% (14178/21888)
Loss: 0.993 | Precision@1: 64.776% (14261/22016)
Loss: 0.992 | Precision@1: 64.830% (14356/22144)
Loss: 0.991 | Precision@1: 64.862% (14446/22272)
Loss: 0.991 | Precision@1: 64.871% (14531/22400)
Loss: 0.991 | Precision@1: 64.835% (14606/22528)
Loss: 0.991 | Precision@1: 64.804% (14682/22656)
Loss: 0.991 | Precision@1: 64.791% (14762/22784)
Loss: 0.992 | Precision@1: 64.778% (14842/22912)
Loss: 0.992 | Precision@1: 64.805% (14931/23040)
Loss: 0.991 | Precision@1: 64.839% (15022/23168)
Loss: 0.991 | Precision@1: 64.831% (15103/23296)
Loss: 0.991 | Precision@1: 64.844% (15189/23424)
Loss: 0.991 | Precision@1: 64.831% (15269/23552)
Loss: 0.990 | Precision@1: 64.882% (15364/23680)
Loss: 0.990 | Precision@1: 64.886% (15448/23808)
Loss: 0.991 | Precision@1: 64.860% (15525/23936)
Loss: 0.990 | Precision@1: 64.898% (15617/24064)
Loss: 0.990 | Precision@1: 64.902% (15701/24192)
Loss: 0.989 | Precision@1: 64.893% (15782/24320)
Loss: 0.988 | Precision@1: 64.938% (15876/24448)
Loss: 0.988 | Precision@1: 64.950% (15962/24576)
Loss: 0.987 | Precision@1: 64.973% (16051/24704)
Loss: 0.987 | Precision@1: 64.952% (16129/24832)
Loss: 0.987 | Precision@1: 64.972% (16217/24960)
Loss: 0.986 | Precision@1: 65.003% (16308/25088)
Loss: 0.986 | Precision@1: 65.002% (16391/25216)
Loss: 0.986 | Precision@1: 64.994% (16472/25344)
Loss: 0.986 | Precision@1: 64.993% (16555/25472)
Loss: 0.986 | Precision@1: 65.000% (16640/25600)
Loss: 0.986 | Precision@1: 65.026% (16730/25728)
Loss: 0.985 | Precision@1: 65.026% (16813/25856)
Loss: 0.984 | Precision@1: 65.075% (16909/25984)
Loss: 0.983 | Precision@1: 65.112% (17002/26112)
Loss: 0.982 | Precision@1: 65.152% (17096/26240)
Loss: 0.982 | Precision@1: 65.151% (17179/26368)
Loss: 0.981 | Precision@1: 65.161% (17265/26496)
Loss: 0.981 | Precision@1: 65.167% (17350/26624)
Loss: 0.981 | Precision@1: 65.184% (17438/26752)
Loss: 0.981 | Precision@1: 65.216% (17530/26880)
Loss: 0.980 | Precision@1: 65.244% (17621/27008)
Loss: 0.980 | Precision@1: 65.260% (17709/27136)
Loss: 0.979 | Precision@1: 65.269% (17795/27264)
Loss: 0.979 | Precision@1: 65.293% (17885/27392)
Loss: 0.979 | Precision@1: 65.312% (17974/27520)
Loss: 0.979 | Precision@1: 65.318% (18059/27648)
Loss: 0.979 | Precision@1: 65.319% (18143/27776)
Loss: 0.979 | Precision@1: 65.313% (18225/27904)
Loss: 0.979 | Precision@1: 65.304% (18306/28032)
Loss: 0.979 | Precision@1: 65.302% (18389/28160)
Loss: 0.978 | Precision@1: 65.321% (18478/28288)
Loss: 0.978 | Precision@1: 65.294% (18554/28416)
Loss: 0.978 | Precision@1: 65.313% (18643/28544)
Loss: 0.978 | Precision@1: 65.315% (18727/28672)
Loss: 0.977 | Precision@1: 65.302% (18807/28800)
Loss: 0.977 | Precision@1: 65.317% (18895/28928)
Loss: 0.977 | Precision@1: 65.308% (18976/29056)
Loss: 0.976 | Precision@1: 65.337% (19068/29184)
Loss: 0.976 | Precision@1: 65.359% (19158/29312)
Loss: 0.975 | Precision@1: 65.360% (19242/29440)
Loss: 0.975 | Precision@1: 65.381% (19332/29568)
Loss: 0.975 | Precision@1: 65.386% (19417/29696)
Loss: 0.974 | Precision@1: 65.397% (19504/29824)
Loss: 0.974 | Precision@1: 65.388% (19585/29952)
Loss: 0.974 | Precision@1: 65.386% (19668/30080)
Loss: 0.974 | Precision@1: 65.397% (19755/30208)
Loss: 0.973 | Precision@1: 65.440% (19852/30336)
Loss: 0.973 | Precision@1: 65.451% (19939/30464)
Loss: 0.972 | Precision@1: 65.471% (20029/30592)
Loss: 0.972 | Precision@1: 65.495% (20120/30720)
Loss: 0.971 | Precision@1: 65.518% (20211/30848)
Loss: 0.971 | Precision@1: 65.541% (20302/30976)
Loss: 0.971 | Precision@1: 65.551% (20389/31104)
Loss: 0.971 | Precision@1: 65.529% (20466/31232)
Loss: 0.970 | Precision@1: 65.558% (20559/31360)
Loss: 0.970 | Precision@1: 65.555% (20642/31488)
Loss: 0.970 | Precision@1: 65.559% (20727/31616)
Loss: 0.969 | Precision@1: 65.606% (20826/31744)
Loss: 0.969 | Precision@1: 65.609% (20911/31872)
Loss: 0.969 | Precision@1: 65.631% (21002/32000)
Loss: 0.968 | Precision@1: 65.656% (21094/32128)
Loss: 0.968 | Precision@1: 65.662% (21180/32256)
Loss: 0.968 | Precision@1: 65.681% (21270/32384)
Loss: 0.968 | Precision@1: 65.699% (21360/32512)
Loss: 0.967 | Precision@1: 65.717% (21450/32640)
Loss: 0.967 | Precision@1: 65.738% (21541/32768)
Loss: 0.966 | Precision@1: 65.777% (21638/32896)
Loss: 0.965 | Precision@1: 65.782% (21724/33024)
Loss: 0.965 | Precision@1: 65.785% (21809/33152)
Loss: 0.965 | Precision@1: 65.781% (21892/33280)
Loss: 0.965 | Precision@1: 65.808% (21985/33408)
Loss: 0.965 | Precision@1: 65.822% (22074/33536)
Loss: 0.965 | Precision@1: 65.815% (22156/33664)
Loss: 0.965 | Precision@1: 65.806% (22237/33792)
Loss: 0.965 | Precision@1: 65.814% (22324/33920)
Loss: 0.965 | Precision@1: 65.810% (22407/34048)
Loss: 0.965 | Precision@1: 65.803% (22489/34176)
Loss: 0.965 | Precision@1: 65.800% (22572/34304)
Loss: 0.964 | Precision@1: 65.811% (22660/34432)
Loss: 0.964 | Precision@1: 65.819% (22747/34560)
Loss: 0.964 | Precision@1: 65.830% (22835/34688)
Loss: 0.963 | Precision@1: 65.858% (22929/34816)
Loss: 0.963 | Precision@1: 65.854% (23012/34944)
Loss: 0.963 | Precision@1: 65.853% (23096/35072)
Loss: 0.963 | Precision@1: 65.861% (23183/35200)
Loss: 0.963 | Precision@1: 65.866% (23269/35328)
Loss: 0.963 | Precision@1: 65.853% (23349/35456)
Loss: 0.963 | Precision@1: 65.850% (23432/35584)
Loss: 0.962 | Precision@1: 65.880% (23527/35712)
Loss: 0.962 | Precision@1: 65.918% (23625/35840)
Loss: 0.962 | Precision@1: 65.920% (23710/35968)
Loss: 0.961 | Precision@1: 65.946% (23804/36096)
Loss: 0.961 | Precision@1: 65.937% (23885/36224)
Loss: 0.961 | Precision@1: 65.936% (23969/36352)
Loss: 0.961 | Precision@1: 65.929% (24051/36480)
Loss: 0.960 | Precision@1: 65.945% (24141/36608)
Loss: 0.960 | Precision@1: 65.924% (24218/36736)
Loss: 0.960 | Precision@1: 65.926% (24303/36864)
Loss: 0.960 | Precision@1: 65.928% (24388/36992)
Loss: 0.960 | Precision@1: 65.929% (24473/37120)
Loss: 0.960 | Precision@1: 65.944% (24563/37248)
Loss: 0.960 | Precision@1: 65.954% (24651/37376)
Loss: 0.959 | Precision@1: 65.934% (24728/37504)
Loss: 0.959 | Precision@1: 65.933% (24812/37632)
Loss: 0.959 | Precision@1: 65.959% (24906/37760)
Loss: 0.958 | Precision@1: 65.965% (24993/37888)
Loss: 0.959 | Precision@1: 65.951% (25072/38016)
Loss: 0.959 | Precision@1: 65.955% (25158/38144)
Loss: 0.959 | Precision@1: 65.944% (25238/38272)
Loss: 0.958 | Precision@1: 65.953% (25326/38400)
Loss: 0.958 | Precision@1: 65.973% (25418/38528)
Loss: 0.958 | Precision@1: 65.979% (25505/38656)
Loss: 0.958 | Precision@1: 65.986% (25592/38784)
Loss: 0.958 | Precision@1: 65.992% (25679/38912)
Loss: 0.957 | Precision@1: 66.002% (25767/39040)
Loss: 0.956 | Precision@1: 66.033% (25864/39168)
Loss: 0.956 | Precision@1: 66.025% (25945/39296)
Loss: 0.956 | Precision@1: 66.046% (26038/39424)
Loss: 0.955 | Precision@1: 66.050% (26124/39552)
Loss: 0.955 | Precision@1: 66.058% (26212/39680)
Loss: 0.955 | Precision@1: 66.085% (26307/39808)
Loss: 0.954 | Precision@1: 66.091% (26394/39936)
Loss: 0.954 | Precision@1: 66.117% (26489/40064)
Loss: 0.954 | Precision@1: 66.118% (26574/40192)
Loss: 0.954 | Precision@1: 66.124% (26661/40320)
Loss: 0.953 | Precision@1: 66.149% (26756/40448)
Loss: 0.953 | Precision@1: 66.172% (26850/40576)
Loss: 0.952 | Precision@1: 66.175% (26936/40704)
Loss: 0.952 | Precision@1: 66.198% (27030/40832)
Loss: 0.951 | Precision@1: 66.221% (27124/40960)
Loss: 0.951 | Precision@1: 66.199% (27200/41088)
Loss: 0.951 | Precision@1: 66.202% (27286/41216)
Loss: 0.951 | Precision@1: 66.196% (27368/41344)
Loss: 0.951 | Precision@1: 66.189% (27450/41472)
Loss: 0.951 | Precision@1: 66.214% (27545/41600)
Loss: 0.951 | Precision@1: 66.207% (27627/41728)
Loss: 0.951 | Precision@1: 66.189% (27704/41856)
Loss: 0.951 | Precision@1: 66.187% (27788/41984)
Loss: 0.951 | Precision@1: 66.188% (27873/42112)
Loss: 0.950 | Precision@1: 66.210% (27967/42240)
Loss: 0.950 | Precision@1: 66.220% (28056/42368)
Loss: 0.949 | Precision@1: 66.242% (28150/42496)
Loss: 0.949 | Precision@1: 66.265% (28245/42624)
Loss: 0.949 | Precision@1: 66.278% (28335/42752)
Loss: 0.949 | Precision@1: 66.273% (28418/42880)
Loss: 0.948 | Precision@1: 66.285% (28508/43008)
Loss: 0.948 | Precision@1: 66.302% (28600/43136)
Loss: 0.948 | Precision@1: 66.325% (28695/43264)
Loss: 0.947 | Precision@1: 66.335% (28784/43392)
Loss: 0.947 | Precision@1: 66.340% (28871/43520)
Loss: 0.947 | Precision@1: 66.360% (28965/43648)
Loss: 0.947 | Precision@1: 66.367% (29053/43776)
Loss: 0.946 | Precision@1: 66.379% (29143/43904)
Loss: 0.946 | Precision@1: 66.395% (29235/44032)
Loss: 0.946 | Precision@1: 66.406% (29325/44160)
Loss: 0.945 | Precision@1: 66.427% (29419/44288)
Loss: 0.945 | Precision@1: 66.449% (29514/44416)
Loss: 0.945 | Precision@1: 66.458% (29603/44544)
Loss: 0.945 | Precision@1: 66.462% (29690/44672)
Loss: 0.944 | Precision@1: 66.475% (29781/44800)
Loss: 0.944 | Precision@1: 66.484% (29870/44928)
Loss: 0.944 | Precision@1: 66.479% (29953/45056)
Loss: 0.944 | Precision@1: 66.473% (30035/45184)
Loss: 0.944 | Precision@1: 66.495% (30130/45312)
Loss: 0.944 | Precision@1: 66.492% (30214/45440)
Loss: 0.943 | Precision@1: 66.520% (30312/45568)
Loss: 0.942 | Precision@1: 66.542% (30407/45696)
Loss: 0.942 | Precision@1: 66.559% (30500/45824)
Loss: 0.942 | Precision@1: 66.563% (30587/45952)
Loss: 0.942 | Precision@1: 66.569% (30675/46080)
Loss: 0.941 | Precision@1: 66.573% (30762/46208)
Loss: 0.941 | Precision@1: 66.585% (30853/46336)
Loss: 0.941 | Precision@1: 66.576% (30934/46464)
Loss: 0.941 | Precision@1: 66.563% (31013/46592)
Loss: 0.941 | Precision@1: 66.558% (31096/46720)
Loss: 0.941 | Precision@1: 66.547% (31176/46848)
Loss: 0.942 | Precision@1: 66.525% (31251/46976)
Loss: 0.942 | Precision@1: 66.515% (31331/47104)
Loss: 0.942 | Precision@1: 66.523% (31420/47232)
Loss: 0.941 | Precision@1: 66.537% (31512/47360)
Loss: 0.941 | Precision@1: 66.512% (31585/47488)
Loss: 0.942 | Precision@1: 66.513% (31671/47616)
Loss: 0.941 | Precision@1: 66.530% (31764/47744)
Loss: 0.941 | Precision@1: 66.527% (31848/47872)
Loss: 0.941 | Precision@1: 66.535% (31937/48000)
Loss: 0.942 | Precision@1: 66.531% (32020/48128)
Loss: 0.941 | Precision@1: 66.541% (32110/48256)
Loss: 0.941 | Precision@1: 66.557% (32203/48384)
Loss: 0.941 | Precision@1: 66.575% (32297/48512)
Loss: 0.941 | Precision@1: 66.558% (32374/48640)
Loss: 0.940 | Precision@1: 66.578% (32469/48768)
Loss: 0.940 | Precision@1: 66.594% (32562/48896)
Loss: 0.940 | Precision@1: 66.596% (32648/49024)
Loss: 0.940 | Precision@1: 66.585% (32728/49152)
Loss: 0.940 | Precision@1: 66.585% (32813/49280)
Loss: 0.940 | Precision@1: 66.570% (32891/49408)
Loss: 0.940 | Precision@1: 66.578% (32980/49536)
Loss: 0.940 | Precision@1: 66.596% (33074/49664)
Loss: 0.940 | Precision@1: 66.585% (33154/49792)
Loss: 0.939 | Precision@1: 66.607% (33250/49920)
Loss: 0.939 | Precision@1: 66.616% (33308/50000)

Aggregates: 			
 	 DataLoader Time: 1.3625 			
 	 Mini-batch Time: 5077.9532 			
 	 Training Epoch Time: 5078.8039
 			
 Averages: 			
 	 Training Loss: 0.9393

 Test set Averages: Loss: 0.952 | Precision@1: 66.500% (6650/10000)

Epoch: 4
Loss: 0.884 | Precision@1: 67.188% (86/128)
Loss: 0.864 | Precision@1: 69.141% (177/256)
Loss: 0.943 | Precision@1: 67.188% (258/384)
Loss: 0.967 | Precision@1: 66.016% (338/512)
Loss: 0.956 | Precision@1: 66.562% (426/640)
Loss: 0.939 | Precision@1: 66.797% (513/768)
Loss: 0.911 | Precision@1: 67.634% (606/896)
Loss: 0.897 | Precision@1: 67.871% (695/1024)
Loss: 0.894 | Precision@1: 67.969% (783/1152)
Loss: 0.896 | Precision@1: 68.125% (872/1280)
Loss: 0.885 | Precision@1: 68.608% (966/1408)
Loss: 0.885 | Precision@1: 68.620% (1054/1536)
Loss: 0.872 | Precision@1: 69.171% (1151/1664)
Loss: 0.872 | Precision@1: 69.196% (1240/1792)
Loss: 0.862 | Precision@1: 69.531% (1335/1920)
Loss: 0.860 | Precision@1: 69.580% (1425/2048)
Loss: 0.870 | Precision@1: 69.072% (1503/2176)
Loss: 0.872 | Precision@1: 69.054% (1591/2304)
Loss: 0.865 | Precision@1: 69.243% (1684/2432)
Loss: 0.862 | Precision@1: 69.414% (1777/2560)
Loss: 0.867 | Precision@1: 69.382% (1865/2688)
Loss: 0.867 | Precision@1: 69.283% (1951/2816)
Loss: 0.864 | Precision@1: 69.327% (2041/2944)
Loss: 0.863 | Precision@1: 69.629% (2139/3072)
Loss: 0.856 | Precision@1: 70.000% (2240/3200)
Loss: 0.851 | Precision@1: 70.162% (2335/3328)
Loss: 0.854 | Precision@1: 69.994% (2419/3456)
Loss: 0.851 | Precision@1: 70.033% (2510/3584)
Loss: 0.848 | Precision@1: 70.178% (2605/3712)
Loss: 0.844 | Precision@1: 70.260% (2698/3840)
Loss: 0.842 | Precision@1: 70.338% (2791/3968)
Loss: 0.838 | Precision@1: 70.312% (2880/4096)
Loss: 0.837 | Precision@1: 70.360% (2972/4224)
Loss: 0.835 | Precision@1: 70.404% (3064/4352)
Loss: 0.835 | Precision@1: 70.335% (3151/4480)
Loss: 0.833 | Precision@1: 70.421% (3245/4608)
Loss: 0.834 | Precision@1: 70.503% (3339/4736)
Loss: 0.832 | Precision@1: 70.477% (3428/4864)
Loss: 0.834 | Precision@1: 70.373% (3513/4992)
Loss: 0.836 | Precision@1: 70.293% (3599/5120)
Loss: 0.836 | Precision@1: 70.312% (3690/5248)
Loss: 0.832 | Precision@1: 70.517% (3791/5376)
Loss: 0.833 | Precision@1: 70.458% (3878/5504)
Loss: 0.836 | Precision@1: 70.348% (3962/5632)
Loss: 0.838 | Precision@1: 70.295% (4049/5760)
Loss: 0.834 | Precision@1: 70.516% (4152/5888)
Loss: 0.838 | Precision@1: 70.229% (4225/6016)
Loss: 0.835 | Precision@1: 70.215% (4314/6144)
Loss: 0.837 | Precision@1: 70.233% (4405/6272)
Loss: 0.837 | Precision@1: 70.219% (4494/6400)
Loss: 0.838 | Precision@1: 70.221% (4584/6528)
Loss: 0.839 | Precision@1: 70.147% (4669/6656)
Loss: 0.839 | Precision@1: 70.209% (4763/6784)
Loss: 0.844 | Precision@1: 70.052% (4842/6912)
Loss: 0.844 | Precision@1: 70.099% (4935/7040)
Loss: 0.845 | Precision@1: 70.131% (5027/7168)
Loss: 0.845 | Precision@1: 70.162% (5119/7296)
Loss: 0.842 | Precision@1: 70.218% (5213/7424)
Loss: 0.840 | Precision@1: 70.312% (5310/7552)
Loss: 0.844 | Precision@1: 70.052% (5380/7680)
Loss: 0.843 | Precision@1: 70.044% (5469/7808)
Loss: 0.843 | Precision@1: 70.086% (5562/7936)
Loss: 0.842 | Precision@1: 70.114% (5654/8064)
Loss: 0.841 | Precision@1: 70.227% (5753/8192)
Loss: 0.846 | Precision@1: 70.000% (5824/8320)
Loss: 0.845 | Precision@1: 70.052% (5918/8448)
Loss: 0.844 | Precision@1: 70.079% (6010/8576)
Loss: 0.844 | Precision@1: 70.129% (6104/8704)
Loss: 0.842 | Precision@1: 70.177% (6198/8832)
Loss: 0.841 | Precision@1: 70.156% (6286/8960)
Loss: 0.841 | Precision@1: 70.147% (6375/9088)
Loss: 0.841 | Precision@1: 70.150% (6465/9216)
Loss: 0.840 | Precision@1: 70.163% (6556/9344)
Loss: 0.840 | Precision@1: 70.144% (6644/9472)
Loss: 0.838 | Precision@1: 70.208% (6740/9600)
Loss: 0.835 | Precision@1: 70.323% (6841/9728)
Loss: 0.836 | Precision@1: 70.272% (6926/9856)
Loss: 0.837 | Precision@1: 70.242% (7013/9984)
Loss: 0.836 | Precision@1: 70.312% (7110/10112)
Loss: 0.835 | Precision@1: 70.322% (7201/10240)
Loss: 0.835 | Precision@1: 70.361% (7295/10368)
Loss: 0.835 | Precision@1: 70.360% (7385/10496)
Loss: 0.836 | Precision@1: 70.322% (7471/10624)
Loss: 0.835 | Precision@1: 70.359% (7565/10752)
Loss: 0.836 | Precision@1: 70.340% (7653/10880)
Loss: 0.837 | Precision@1: 70.367% (7746/11008)
Loss: 0.837 | Precision@1: 70.393% (7839/11136)
Loss: 0.836 | Precision@1: 70.348% (7924/11264)
Loss: 0.837 | Precision@1: 70.356% (8015/11392)
Loss: 0.836 | Precision@1: 70.425% (8113/11520)
Loss: 0.837 | Precision@1: 70.501% (8212/11648)
Loss: 0.836 | Precision@1: 70.559% (8309/11776)
Loss: 0.836 | Precision@1: 70.548% (8398/11904)
Loss: 0.836 | Precision@1: 70.570% (8491/12032)
Loss: 0.837 | Precision@1: 70.584% (8583/12160)
Loss: 0.837 | Precision@1: 70.630% (8679/12288)
Loss: 0.837 | Precision@1: 70.619% (8768/12416)
Loss: 0.837 | Precision@1: 70.623% (8859/12544)
Loss: 0.839 | Precision@1: 70.589% (8945/12672)
Loss: 0.839 | Precision@1: 70.617% (9039/12800)
Loss: 0.839 | Precision@1: 70.591% (9126/12928)
Loss: 0.840 | Precision@1: 70.512% (9206/13056)
Loss: 0.840 | Precision@1: 70.517% (9297/13184)
Loss: 0.841 | Precision@1: 70.485% (9383/13312)
Loss: 0.841 | Precision@1: 70.513% (9477/13440)
Loss: 0.842 | Precision@1: 70.445% (9558/13568)
Loss: 0.841 | Precision@1: 70.429% (9646/13696)
Loss: 0.841 | Precision@1: 70.443% (9738/13824)
Loss: 0.842 | Precision@1: 70.406% (9823/13952)
Loss: 0.841 | Precision@1: 70.469% (9922/14080)
Loss: 0.840 | Precision@1: 70.517% (10019/14208)
Loss: 0.838 | Precision@1: 70.571% (10117/14336)
Loss: 0.838 | Precision@1: 70.575% (10208/14464)
Loss: 0.839 | Precision@1: 70.593% (10301/14592)
Loss: 0.839 | Precision@1: 70.571% (10388/14720)
Loss: 0.837 | Precision@1: 70.636% (10488/14848)
Loss: 0.837 | Precision@1: 70.680% (10585/14976)
Loss: 0.836 | Precision@1: 70.710% (10680/15104)
Loss: 0.834 | Precision@1: 70.746% (10776/15232)
Loss: 0.834 | Precision@1: 70.781% (10872/15360)
Loss: 0.834 | Precision@1: 70.764% (10960/15488)
Loss: 0.835 | Precision@1: 70.716% (11043/15616)
Loss: 0.835 | Precision@1: 70.744% (11138/15744)
Loss: 0.835 | Precision@1: 70.735% (11227/15872)
Loss: 0.833 | Precision@1: 70.794% (11327/16000)
Loss: 0.833 | Precision@1: 70.796% (11418/16128)
Loss: 0.834 | Precision@1: 70.811% (11511/16256)
Loss: 0.834 | Precision@1: 70.764% (11594/16384)
Loss: 0.834 | Precision@1: 70.785% (11688/16512)
Loss: 0.834 | Precision@1: 70.817% (11784/16640)
Loss: 0.835 | Precision@1: 70.813% (11874/16768)
Loss: 0.834 | Precision@1: 70.869% (11974/16896)
Loss: 0.833 | Precision@1: 70.882% (12067/17024)
Loss: 0.834 | Precision@1: 70.872% (12156/17152)
Loss: 0.833 | Precision@1: 70.891% (12250/17280)
Loss: 0.833 | Precision@1: 70.893% (12341/17408)
Loss: 0.832 | Precision@1: 70.871% (12428/17536)
Loss: 0.833 | Precision@1: 70.873% (12519/17664)
Loss: 0.832 | Precision@1: 70.908% (12616/17792)
Loss: 0.831 | Precision@1: 70.943% (12713/17920)
Loss: 0.831 | Precision@1: 70.939% (12803/18048)
Loss: 0.830 | Precision@1: 70.951% (12896/18176)
Loss: 0.831 | Precision@1: 70.919% (12981/18304)
Loss: 0.831 | Precision@1: 70.904% (13069/18432)
Loss: 0.832 | Precision@1: 70.889% (13157/18560)
Loss: 0.833 | Precision@1: 70.848% (13240/18688)
Loss: 0.832 | Precision@1: 70.876% (13336/18816)
Loss: 0.832 | Precision@1: 70.851% (13422/18944)
Loss: 0.832 | Precision@1: 70.879% (13518/19072)
Loss: 0.833 | Precision@1: 70.849% (13603/19200)
Loss: 0.832 | Precision@1: 70.871% (13698/19328)
Loss: 0.832 | Precision@1: 70.909% (13796/19456)
Loss: 0.833 | Precision@1: 70.859% (13877/19584)
Loss: 0.833 | Precision@1: 70.860% (13968/19712)
Loss: 0.832 | Precision@1: 70.867% (14060/19840)
Loss: 0.833 | Precision@1: 70.863% (14150/19968)
Loss: 0.833 | Precision@1: 70.845% (14237/20096)
Loss: 0.833 | Precision@1: 70.827% (14324/20224)
Loss: 0.834 | Precision@1: 70.794% (14408/20352)
Loss: 0.833 | Precision@1: 70.825% (14505/20480)
Loss: 0.833 | Precision@1: 70.827% (14596/20608)
Loss: 0.834 | Precision@1: 70.824% (14686/20736)
Loss: 0.833 | Precision@1: 70.825% (14777/20864)
Loss: 0.833 | Precision@1: 70.808% (14864/20992)
Loss: 0.834 | Precision@1: 70.786% (14950/21120)
Loss: 0.834 | Precision@1: 70.783% (15040/21248)
Loss: 0.834 | Precision@1: 70.780% (15130/21376)
Loss: 0.834 | Precision@1: 70.787% (15222/21504)
Loss: 0.833 | Precision@1: 70.826% (15321/21632)
Loss: 0.832 | Precision@1: 70.869% (15421/21760)
Loss: 0.831 | Precision@1: 70.897% (15518/21888)
Loss: 0.831 | Precision@1: 70.921% (15614/22016)
Loss: 0.830 | Precision@1: 70.922% (15705/22144)
Loss: 0.830 | Precision@1: 70.937% (15799/22272)
Loss: 0.830 | Precision@1: 70.929% (15888/22400)
Loss: 0.831 | Precision@1: 70.925% (15978/22528)
Loss: 0.830 | Precision@1: 70.926% (16069/22656)
Loss: 0.831 | Precision@1: 70.931% (16161/22784)
Loss: 0.830 | Precision@1: 70.967% (16260/22912)
Loss: 0.830 | Precision@1: 70.972% (16352/23040)
Loss: 0.831 | Precision@1: 70.956% (16439/23168)
Loss: 0.831 | Precision@1: 70.944% (16527/23296)
Loss: 0.831 | Precision@1: 70.940% (16617/23424)
Loss: 0.831 | Precision@1: 70.941% (16708/23552)
Loss: 0.830 | Precision@1: 70.967% (16805/23680)
Loss: 0.830 | Precision@1: 71.001% (16904/23808)
Loss: 0.829 | Precision@1: 71.019% (16999/23936)
Loss: 0.829 | Precision@1: 71.002% (17086/24064)
Loss: 0.829 | Precision@1: 71.032% (17184/24192)
Loss: 0.829 | Precision@1: 71.032% (17275/24320)
Loss: 0.829 | Precision@1: 71.024% (17364/24448)
Loss: 0.828 | Precision@1: 71.037% (17458/24576)
Loss: 0.828 | Precision@1: 71.053% (17553/24704)
Loss: 0.827 | Precision@1: 71.082% (17651/24832)
Loss: 0.827 | Precision@1: 71.046% (17733/24960)
Loss: 0.826 | Precision@1: 71.070% (17830/25088)
Loss: 0.826 | Precision@1: 71.074% (17922/25216)
Loss: 0.826 | Precision@1: 71.078% (18014/25344)
Loss: 0.826 | Precision@1: 71.058% (18100/25472)
Loss: 0.826 | Precision@1: 71.062% (18192/25600)
Loss: 0.827 | Precision@1: 71.047% (18279/25728)
Loss: 0.827 | Precision@1: 71.047% (18370/25856)
Loss: 0.826 | Precision@1: 71.067% (18466/25984)
Loss: 0.827 | Precision@1: 71.036% (18549/26112)
Loss: 0.827 | Precision@1: 71.029% (18638/26240)
Loss: 0.827 | Precision@1: 71.044% (18733/26368)
Loss: 0.827 | Precision@1: 71.041% (18823/26496)
Loss: 0.828 | Precision@1: 71.000% (18903/26624)
Loss: 0.828 | Precision@1: 70.982% (18989/26752)
Loss: 0.828 | Precision@1: 70.993% (19083/26880)
Loss: 0.827 | Precision@1: 71.009% (19178/27008)
Loss: 0.827 | Precision@1: 70.991% (19264/27136)
Loss: 0.828 | Precision@1: 70.987% (19354/27264)
Loss: 0.828 | Precision@1: 70.977% (19442/27392)
Loss: 0.828 | Precision@1: 70.974% (19532/27520)
Loss: 0.830 | Precision@1: 70.931% (19611/27648)
Loss: 0.829 | Precision@1: 70.935% (19703/27776)
Loss: 0.829 | Precision@1: 70.947% (19797/27904)
Loss: 0.828 | Precision@1: 70.958% (19891/28032)
Loss: 0.829 | Precision@1: 70.948% (19979/28160)
Loss: 0.829 | Precision@1: 70.959% (20073/28288)
Loss: 0.829 | Precision@1: 70.946% (20160/28416)
Loss: 0.829 | Precision@1: 70.940% (20249/28544)
Loss: 0.829 | Precision@1: 70.951% (20343/28672)
Loss: 0.829 | Precision@1: 70.944% (20432/28800)
Loss: 0.828 | Precision@1: 70.959% (20527/28928)
Loss: 0.828 | Precision@1: 70.956% (20617/29056)
Loss: 0.829 | Precision@1: 70.943% (20704/29184)
Loss: 0.829 | Precision@1: 70.927% (20790/29312)
Loss: 0.828 | Precision@1: 70.961% (20891/29440)
Loss: 0.828 | Precision@1: 70.962% (20982/29568)
Loss: 0.828 | Precision@1: 70.996% (21083/29696)
Loss: 0.827 | Precision@1: 71.017% (21180/29824)
Loss: 0.827 | Precision@1: 71.037% (21277/29952)
Loss: 0.827 | Precision@1: 71.037% (21368/30080)
Loss: 0.827 | Precision@1: 71.051% (21463/30208)
Loss: 0.826 | Precision@1: 71.057% (21556/30336)
Loss: 0.826 | Precision@1: 71.071% (21651/30464)
Loss: 0.825 | Precision@1: 71.094% (21749/30592)
Loss: 0.826 | Precision@1: 71.113% (21846/30720)
Loss: 0.825 | Precision@1: 71.126% (21941/30848)
Loss: 0.826 | Precision@1: 71.071% (22015/30976)
Loss: 0.826 | Precision@1: 71.087% (22111/31104)
Loss: 0.826 | Precision@1: 71.075% (22198/31232)
Loss: 0.825 | Precision@1: 71.097% (22296/31360)
Loss: 0.825 | Precision@1: 71.100% (22388/31488)
Loss: 0.825 | Precision@1: 71.097% (22478/31616)
Loss: 0.826 | Precision@1: 71.094% (22568/31744)
Loss: 0.826 | Precision@1: 71.084% (22656/31872)
Loss: 0.825 | Precision@1: 71.112% (22756/32000)
Loss: 0.825 | Precision@1: 71.144% (22857/32128)
Loss: 0.824 | Precision@1: 71.174% (22958/32256)
Loss: 0.824 | Precision@1: 71.177% (23050/32384)
Loss: 0.824 | Precision@1: 71.189% (23145/32512)
Loss: 0.823 | Precision@1: 71.201% (23240/32640)
Loss: 0.823 | Precision@1: 71.198% (23330/32768)
Loss: 0.823 | Precision@1: 71.215% (23427/32896)
Loss: 0.822 | Precision@1: 71.251% (23530/33024)
Loss: 0.821 | Precision@1: 71.287% (23633/33152)
Loss: 0.822 | Precision@1: 71.274% (23720/33280)
Loss: 0.822 | Precision@1: 71.276% (23812/33408)
Loss: 0.821 | Precision@1: 71.291% (23908/33536)
Loss: 0.820 | Precision@1: 71.320% (24009/33664)
Loss: 0.820 | Precision@1: 71.336% (24106/33792)
Loss: 0.820 | Precision@1: 71.324% (24193/33920)
Loss: 0.820 | Precision@1: 71.323% (24284/34048)
Loss: 0.820 | Precision@1: 71.351% (24385/34176)
Loss: 0.820 | Precision@1: 71.353% (24477/34304)
Loss: 0.820 | Precision@1: 71.349% (24567/34432)
Loss: 0.819 | Precision@1: 71.351% (24659/34560)
Loss: 0.819 | Precision@1: 71.371% (24757/34688)
Loss: 0.819 | Precision@1: 71.375% (24850/34816)
Loss: 0.819 | Precision@1: 71.357% (24935/34944)
Loss: 0.819 | Precision@1: 71.370% (25031/35072)
Loss: 0.818 | Precision@1: 71.392% (25130/35200)
Loss: 0.818 | Precision@1: 71.422% (25232/35328)
Loss: 0.818 | Precision@1: 71.449% (25333/35456)
Loss: 0.817 | Precision@1: 71.453% (25426/35584)
Loss: 0.817 | Precision@1: 71.463% (25521/35712)
Loss: 0.817 | Precision@1: 71.459% (25611/35840)
Loss: 0.817 | Precision@1: 71.475% (25708/35968)
Loss: 0.818 | Precision@1: 71.448% (25790/36096)
Loss: 0.817 | Precision@1: 71.464% (25887/36224)
Loss: 0.816 | Precision@1: 71.471% (25981/36352)
Loss: 0.816 | Precision@1: 71.475% (26074/36480)
Loss: 0.816 | Precision@1: 71.487% (26170/36608)
Loss: 0.817 | Precision@1: 71.480% (26259/36736)
Loss: 0.816 | Precision@1: 71.493% (26355/36864)
Loss: 0.816 | Precision@1: 71.507% (26452/36992)
Loss: 0.816 | Precision@1: 71.530% (26552/37120)
Loss: 0.816 | Precision@1: 71.531% (26644/37248)
Loss: 0.815 | Precision@1: 71.546% (26741/37376)
Loss: 0.815 | Precision@1: 71.550% (26834/37504)
Loss: 0.815 | Precision@1: 71.567% (26932/37632)
Loss: 0.814 | Precision@1: 71.581% (27029/37760)
Loss: 0.813 | Precision@1: 71.616% (27134/37888)
Loss: 0.814 | Precision@1: 71.609% (27223/38016)
Loss: 0.814 | Precision@1: 71.594% (27309/38144)
Loss: 0.813 | Precision@1: 71.603% (27404/38272)
Loss: 0.813 | Precision@1: 71.617% (27501/38400)
Loss: 0.813 | Precision@1: 71.631% (27598/38528)
Loss: 0.812 | Precision@1: 71.645% (27695/38656)
Loss: 0.812 | Precision@1: 71.646% (27787/38784)
Loss: 0.812 | Precision@1: 71.631% (27873/38912)
Loss: 0.812 | Precision@1: 71.627% (27963/39040)
Loss: 0.812 | Precision@1: 71.653% (28065/39168)
Loss: 0.811 | Precision@1: 71.664% (28161/39296)
Loss: 0.811 | Precision@1: 71.664% (28253/39424)
Loss: 0.810 | Precision@1: 71.688% (28354/39552)
Loss: 0.810 | Precision@1: 71.691% (28447/39680)
Loss: 0.810 | Precision@1: 71.687% (28537/39808)
Loss: 0.810 | Precision@1: 71.717% (28641/39936)
Loss: 0.809 | Precision@1: 71.725% (28736/40064)
Loss: 0.809 | Precision@1: 71.731% (28830/40192)
Loss: 0.809 | Precision@1: 71.734% (28923/40320)
Loss: 0.809 | Precision@1: 71.746% (29020/40448)
Loss: 0.809 | Precision@1: 71.732% (29106/40576)
Loss: 0.809 | Precision@1: 71.735% (29199/40704)
Loss: 0.809 | Precision@1: 71.740% (29293/40832)
Loss: 0.809 | Precision@1: 71.741% (29385/40960)
Loss: 0.809 | Precision@1: 71.741% (29477/41088)
Loss: 0.809 | Precision@1: 71.734% (29566/41216)
Loss: 0.809 | Precision@1: 71.732% (29657/41344)
Loss: 0.809 | Precision@1: 71.747% (29755/41472)
Loss: 0.808 | Precision@1: 71.762% (29853/41600)
Loss: 0.808 | Precision@1: 71.791% (29957/41728)
Loss: 0.808 | Precision@1: 71.789% (30048/41856)
Loss: 0.807 | Precision@1: 71.784% (30138/41984)
Loss: 0.807 | Precision@1: 71.809% (30240/42112)
Loss: 0.807 | Precision@1: 71.825% (30339/42240)
Loss: 0.807 | Precision@1: 71.828% (30432/42368)
Loss: 0.806 | Precision@1: 71.861% (30538/42496)
Loss: 0.805 | Precision@1: 71.861% (30630/42624)
Loss: 0.805 | Precision@1: 71.887% (30733/42752)
Loss: 0.805 | Precision@1: 71.882% (30823/42880)
Loss: 0.805 | Precision@1: 71.898% (30922/43008)
Loss: 0.805 | Precision@1: 71.889% (31010/43136)
Loss: 0.804 | Precision@1: 71.917% (31114/43264)
Loss: 0.804 | Precision@1: 71.933% (31213/43392)
Loss: 0.803 | Precision@1: 71.939% (31308/43520)
Loss: 0.803 | Precision@1: 71.941% (31401/43648)
Loss: 0.803 | Precision@1: 71.941% (31493/43776)
Loss: 0.803 | Precision@1: 71.952% (31590/43904)
Loss: 0.802 | Precision@1: 71.966% (31688/44032)
Loss: 0.802 | Precision@1: 71.979% (31786/44160)
Loss: 0.801 | Precision@1: 71.990% (31883/44288)
Loss: 0.801 | Precision@1: 72.008% (31983/44416)
Loss: 0.801 | Precision@1: 72.003% (32073/44544)
Loss: 0.801 | Precision@1: 72.027% (32176/44672)
Loss: 0.800 | Precision@1: 72.036% (32272/44800)
Loss: 0.801 | Precision@1: 72.035% (32364/44928)
Loss: 0.801 | Precision@1: 72.024% (32451/45056)
Loss: 0.801 | Precision@1: 72.023% (32543/45184)
Loss: 0.800 | Precision@1: 72.016% (32632/45312)
Loss: 0.801 | Precision@1: 72.011% (32722/45440)
Loss: 0.800 | Precision@1: 72.031% (32823/45568)
Loss: 0.800 | Precision@1: 72.037% (32918/45696)
Loss: 0.799 | Precision@1: 72.052% (33017/45824)
Loss: 0.800 | Precision@1: 72.038% (33103/45952)
Loss: 0.799 | Precision@1: 72.062% (33206/46080)
Loss: 0.799 | Precision@1: 72.059% (33297/46208)
Loss: 0.799 | Precision@1: 72.065% (33392/46336)
Loss: 0.799 | Precision@1: 72.064% (33484/46464)
Loss: 0.799 | Precision@1: 72.068% (33578/46592)
Loss: 0.799 | Precision@1: 72.036% (33655/46720)
Loss: 0.800 | Precision@1: 72.041% (33750/46848)
Loss: 0.799 | Precision@1: 72.056% (33849/46976)
Loss: 0.799 | Precision@1: 72.058% (33942/47104)
Loss: 0.799 | Precision@1: 72.057% (34034/47232)
Loss: 0.799 | Precision@1: 72.061% (34128/47360)
Loss: 0.799 | Precision@1: 72.050% (34215/47488)
Loss: 0.798 | Precision@1: 72.068% (34316/47616)
Loss: 0.798 | Precision@1: 72.068% (34408/47744)
Loss: 0.798 | Precision@1: 72.082% (34507/47872)
Loss: 0.798 | Precision@1: 72.083% (34600/48000)
Loss: 0.798 | Precision@1: 72.068% (34685/48128)
Loss: 0.798 | Precision@1: 72.074% (34780/48256)
Loss: 0.798 | Precision@1: 72.073% (34872/48384)
Loss: 0.798 | Precision@1: 72.089% (34972/48512)
Loss: 0.798 | Precision@1: 72.085% (35062/48640)
Loss: 0.797 | Precision@1: 72.082% (35153/48768)
Loss: 0.798 | Precision@1: 72.075% (35242/48896)
Loss: 0.798 | Precision@1: 72.050% (35322/49024)
Loss: 0.798 | Precision@1: 72.030% (35404/49152)
Loss: 0.798 | Precision@1: 72.035% (35499/49280)
Loss: 0.798 | Precision@1: 72.047% (35597/49408)
Loss: 0.797 | Precision@1: 72.073% (35702/49536)
Loss: 0.797 | Precision@1: 72.082% (35799/49664)
Loss: 0.797 | Precision@1: 72.084% (35892/49792)
Loss: 0.797 | Precision@1: 72.095% (35990/49920)
Loss: 0.797 | Precision@1: 72.104% (36052/50000)

Aggregates: 			
 	 DataLoader Time: 1.3960 			
 	 Mini-batch Time: 5070.1005 			
 	 Training Epoch Time: 5070.9364
 			
 Averages: 			
 	 Training Loss: 0.7970

 Test set Averages: Loss: 0.791 | Precision@1: 72.260% (7226/10000)
Average dataloader time is 1.39
