model name	: Intel(R) Xeon(R) CPU E5-2609 v3 @ 1.90GHz
Sun Oct 27 17:30:02 2019       
+-----------------------------------------------------------------------------+
| NVIDIA-SMI 418.74       Driver Version: 418.74       CUDA Version: 10.1     |
|-------------------------------+----------------------+----------------------+
| GPU  Name        Persistence-M| Bus-Id        Disp.A | Volatile Uncorr. ECC |
| Fan  Temp  Perf  Pwr:Usage/Cap|         Memory-Usage | GPU-Util  Compute M. |
|===============================+======================+======================|
|   0  GeForce GTX TIT...  On   | 00000000:02:00.0 Off |                  N/A |
| 22%   37C    P2    68W / 250W |    588MiB / 12212MiB |      3%      Default |
+-------------------------------+----------------------+----------------------+
|   1  GeForce GTX TIT...  On   | 00000000:83:00.0 Off |                  N/A |
| 22%   31C    P8    16W / 250W |      1MiB / 12212MiB |      0%      Default |
+-------------------------------+----------------------+----------------------+
                                                                               
+-----------------------------------------------------------------------------+
| Processes:                                                       GPU Memory |
|  GPU       PID   Type   Process name                             Usage      |
|=============================================================================|
|    0     10152      C   python3                                      576MiB |
+-----------------------------------------------------------------------------+
Files already downloaded and verified
Files already downloaded and verified

Epoch: 0
Loss: 2.378 | Precision@1: 10.938% (14/128)
Loss: 2.696 | Precision@1: 12.891% (33/256)
Loss: 3.277 | Precision@1: 10.938% (42/384)
Loss: 3.878 | Precision@1: 11.914% (61/512)
Loss: 4.383 | Precision@1: 11.250% (72/640)
Loss: 4.771 | Precision@1: 11.198% (86/768)
Loss: 4.784 | Precision@1: 11.272% (101/896)
Loss: 4.962 | Precision@1: 11.328% (116/1024)
Loss: 4.901 | Precision@1: 10.938% (126/1152)
Loss: 4.853 | Precision@1: 10.781% (138/1280)
Loss: 4.728 | Precision@1: 10.511% (148/1408)
Loss: 4.644 | Precision@1: 10.872% (167/1536)
Loss: 4.495 | Precision@1: 11.058% (184/1664)
Loss: 4.358 | Precision@1: 11.161% (200/1792)
Loss: 4.270 | Precision@1: 11.042% (212/1920)
Loss: 4.182 | Precision@1: 10.938% (224/2048)
Loss: 4.125 | Precision@1: 10.938% (238/2176)
Loss: 4.068 | Precision@1: 10.677% (246/2304)
Loss: 4.033 | Precision@1: 10.567% (257/2432)
Loss: 3.968 | Precision@1: 10.820% (277/2560)
Loss: 3.924 | Precision@1: 11.012% (296/2688)
Loss: 3.877 | Precision@1: 11.257% (317/2816)
Loss: 3.815 | Precision@1: 11.277% (332/2944)
Loss: 3.753 | Precision@1: 11.458% (352/3072)
Loss: 3.710 | Precision@1: 11.562% (370/3200)
Loss: 3.654 | Precision@1: 11.569% (385/3328)
Loss: 3.602 | Precision@1: 11.690% (404/3456)
Loss: 3.559 | Precision@1: 11.942% (428/3584)
Loss: 3.513 | Precision@1: 12.096% (449/3712)
Loss: 3.477 | Precision@1: 12.292% (472/3840)
Loss: 3.435 | Precision@1: 12.500% (496/3968)
Loss: 3.404 | Precision@1: 12.793% (524/4096)
Loss: 3.372 | Precision@1: 12.950% (547/4224)
Loss: 3.338 | Precision@1: 13.051% (568/4352)
Loss: 3.304 | Precision@1: 13.281% (595/4480)
Loss: 3.272 | Precision@1: 13.346% (615/4608)
Loss: 3.245 | Precision@1: 13.514% (640/4736)
Loss: 3.217 | Precision@1: 13.651% (664/4864)
Loss: 3.189 | Precision@1: 13.802% (689/4992)
Loss: 3.165 | Precision@1: 13.887% (711/5120)
Loss: 3.140 | Precision@1: 13.986% (734/5248)
Loss: 3.118 | Precision@1: 14.044% (755/5376)
Loss: 3.100 | Precision@1: 14.062% (774/5504)
Loss: 3.079 | Precision@1: 14.258% (803/5632)
Loss: 3.062 | Precision@1: 14.288% (823/5760)
Loss: 3.041 | Precision@1: 14.317% (843/5888)
Loss: 3.023 | Precision@1: 14.461% (870/6016)
Loss: 3.003 | Precision@1: 14.697% (903/6144)
Loss: 2.988 | Precision@1: 14.796% (928/6272)
Loss: 2.969 | Precision@1: 14.891% (953/6400)
Loss: 2.951 | Precision@1: 14.936% (975/6528)
Loss: 2.937 | Precision@1: 14.994% (998/6656)
Loss: 2.925 | Precision@1: 14.976% (1016/6784)
Loss: 2.910 | Precision@1: 15.061% (1041/6912)
Loss: 2.897 | Precision@1: 15.114% (1064/7040)
Loss: 2.882 | Precision@1: 15.290% (1096/7168)
Loss: 2.867 | Precision@1: 15.351% (1120/7296)
Loss: 2.853 | Precision@1: 15.463% (1148/7424)
Loss: 2.843 | Precision@1: 15.678% (1184/7552)
Loss: 2.831 | Precision@1: 15.807% (1214/7680)
Loss: 2.822 | Precision@1: 15.894% (1241/7808)
Loss: 2.812 | Precision@1: 16.041% (1273/7936)
Loss: 2.801 | Precision@1: 16.022% (1292/8064)
Loss: 2.790 | Precision@1: 16.248% (1331/8192)
Loss: 2.779 | Precision@1: 16.334% (1359/8320)
Loss: 2.769 | Precision@1: 16.418% (1387/8448)
Loss: 2.759 | Precision@1: 16.488% (1414/8576)
Loss: 2.751 | Precision@1: 16.590% (1444/8704)
Loss: 2.740 | Precision@1: 16.735% (1478/8832)
Loss: 2.734 | Precision@1: 16.775% (1503/8960)
Loss: 2.725 | Precision@1: 16.769% (1524/9088)
Loss: 2.718 | Precision@1: 16.764% (1545/9216)
Loss: 2.713 | Precision@1: 16.781% (1568/9344)
Loss: 2.708 | Precision@1: 16.850% (1596/9472)
Loss: 2.699 | Precision@1: 16.948% (1627/9600)
Loss: 2.690 | Precision@1: 17.054% (1659/9728)
Loss: 2.682 | Precision@1: 17.137% (1689/9856)
Loss: 2.675 | Precision@1: 17.218% (1719/9984)
Loss: 2.668 | Precision@1: 17.356% (1755/10112)
Loss: 2.661 | Precision@1: 17.451% (1787/10240)
Loss: 2.654 | Precision@1: 17.602% (1825/10368)
Loss: 2.648 | Precision@1: 17.616% (1849/10496)
Loss: 2.641 | Precision@1: 17.724% (1883/10624)
Loss: 2.634 | Precision@1: 17.839% (1918/10752)
Loss: 2.627 | Precision@1: 17.886% (1946/10880)
Loss: 2.620 | Precision@1: 17.996% (1981/11008)
Loss: 2.613 | Precision@1: 18.112% (2017/11136)
Loss: 2.606 | Precision@1: 18.146% (2044/11264)
Loss: 2.599 | Precision@1: 18.285% (2083/11392)
Loss: 2.592 | Precision@1: 18.394% (2119/11520)
Loss: 2.587 | Precision@1: 18.467% (2151/11648)
Loss: 2.580 | Precision@1: 18.555% (2185/11776)
Loss: 2.574 | Precision@1: 18.632% (2218/11904)
Loss: 2.568 | Precision@1: 18.767% (2258/12032)
Loss: 2.563 | Precision@1: 18.882% (2296/12160)
Loss: 2.558 | Precision@1: 18.945% (2328/12288)
Loss: 2.556 | Precision@1: 18.919% (2349/12416)
Loss: 2.550 | Precision@1: 18.997% (2383/12544)
Loss: 2.545 | Precision@1: 19.026% (2411/12672)
Loss: 2.539 | Precision@1: 19.156% (2452/12800)
Loss: 2.533 | Precision@1: 19.237% (2487/12928)
Loss: 2.528 | Precision@1: 19.324% (2523/13056)
Loss: 2.522 | Precision@1: 19.433% (2562/13184)
Loss: 2.518 | Precision@1: 19.456% (2590/13312)
Loss: 2.515 | Precision@1: 19.487% (2619/13440)
Loss: 2.510 | Precision@1: 19.480% (2643/13568)
Loss: 2.505 | Precision@1: 19.560% (2679/13696)
Loss: 2.501 | Precision@1: 19.560% (2704/13824)
Loss: 2.497 | Precision@1: 19.589% (2733/13952)
Loss: 2.493 | Precision@1: 19.595% (2759/14080)
Loss: 2.489 | Precision@1: 19.602% (2785/14208)
Loss: 2.484 | Precision@1: 19.678% (2821/14336)
Loss: 2.480 | Precision@1: 19.663% (2844/14464)
Loss: 2.476 | Precision@1: 19.703% (2875/14592)
Loss: 2.471 | Precision@1: 19.796% (2914/14720)
Loss: 2.466 | Precision@1: 19.888% (2953/14848)
Loss: 2.461 | Precision@1: 19.972% (2991/14976)
Loss: 2.457 | Precision@1: 20.015% (3023/15104)
Loss: 2.451 | Precision@1: 20.148% (3069/15232)
Loss: 2.448 | Precision@1: 20.182% (3100/15360)
Loss: 2.445 | Precision@1: 20.190% (3127/15488)
Loss: 2.443 | Precision@1: 20.191% (3153/15616)
Loss: 2.438 | Precision@1: 20.262% (3190/15744)
Loss: 2.434 | Precision@1: 20.369% (3233/15872)
Loss: 2.431 | Precision@1: 20.419% (3267/16000)
Loss: 2.426 | Precision@1: 20.480% (3303/16128)
Loss: 2.423 | Precision@1: 20.534% (3338/16256)
Loss: 2.419 | Precision@1: 20.581% (3372/16384)
Loss: 2.416 | Precision@1: 20.640% (3408/16512)
Loss: 2.411 | Precision@1: 20.703% (3445/16640)
Loss: 2.407 | Precision@1: 20.712% (3473/16768)
Loss: 2.404 | Precision@1: 20.750% (3506/16896)
Loss: 2.400 | Precision@1: 20.865% (3552/17024)
Loss: 2.397 | Precision@1: 20.919% (3588/17152)
Loss: 2.393 | Precision@1: 20.978% (3625/17280)
Loss: 2.390 | Precision@1: 21.019% (3659/17408)
Loss: 2.388 | Precision@1: 21.037% (3689/17536)
Loss: 2.384 | Precision@1: 21.060% (3720/17664)
Loss: 2.380 | Precision@1: 21.122% (3758/17792)
Loss: 2.377 | Precision@1: 21.177% (3795/17920)
Loss: 2.374 | Precision@1: 21.266% (3838/18048)
Loss: 2.371 | Precision@1: 21.303% (3872/18176)
Loss: 2.368 | Precision@1: 21.340% (3906/18304)
Loss: 2.366 | Precision@1: 21.365% (3938/18432)
Loss: 2.362 | Precision@1: 21.444% (3980/18560)
Loss: 2.359 | Precision@1: 21.495% (4017/18688)
Loss: 2.356 | Precision@1: 21.551% (4055/18816)
Loss: 2.353 | Precision@1: 21.648% (4101/18944)
Loss: 2.350 | Precision@1: 21.697% (4138/19072)
Loss: 2.347 | Precision@1: 21.734% (4173/19200)
Loss: 2.344 | Precision@1: 21.844% (4222/19328)
Loss: 2.341 | Precision@1: 21.896% (4260/19456)
Loss: 2.339 | Precision@1: 21.926% (4294/19584)
Loss: 2.337 | Precision@1: 21.941% (4325/19712)
Loss: 2.334 | Precision@1: 21.986% (4362/19840)
Loss: 2.331 | Precision@1: 22.015% (4396/19968)
Loss: 2.329 | Precision@1: 22.094% (4440/20096)
Loss: 2.326 | Precision@1: 22.132% (4476/20224)
Loss: 2.323 | Precision@1: 22.140% (4506/20352)
Loss: 2.320 | Precision@1: 22.222% (4551/20480)
Loss: 2.317 | Precision@1: 22.258% (4587/20608)
Loss: 2.315 | Precision@1: 22.275% (4619/20736)
Loss: 2.313 | Precision@1: 22.330% (4659/20864)
Loss: 2.310 | Precision@1: 22.380% (4698/20992)
Loss: 2.307 | Precision@1: 22.434% (4738/21120)
Loss: 2.304 | Precision@1: 22.487% (4778/21248)
Loss: 2.301 | Precision@1: 22.572% (4825/21376)
Loss: 2.299 | Precision@1: 22.605% (4861/21504)
Loss: 2.296 | Precision@1: 22.670% (4904/21632)
Loss: 2.294 | Precision@1: 22.693% (4938/21760)
Loss: 2.292 | Precision@1: 22.748% (4979/21888)
Loss: 2.290 | Precision@1: 22.747% (5008/22016)
Loss: 2.288 | Precision@1: 22.810% (5051/22144)
Loss: 2.285 | Precision@1: 22.854% (5090/22272)
Loss: 2.283 | Precision@1: 22.893% (5128/22400)
Loss: 2.280 | Precision@1: 22.985% (5178/22528)
Loss: 2.278 | Precision@1: 23.027% (5217/22656)
Loss: 2.276 | Precision@1: 23.069% (5256/22784)
Loss: 2.274 | Precision@1: 23.115% (5296/22912)
Loss: 2.271 | Precision@1: 23.164% (5337/23040)
Loss: 2.269 | Precision@1: 23.235% (5383/23168)
Loss: 2.267 | Precision@1: 23.266% (5420/23296)
Loss: 2.265 | Precision@1: 23.267% (5450/23424)
Loss: 2.263 | Precision@1: 23.276% (5482/23552)
Loss: 2.261 | Precision@1: 23.311% (5520/23680)
Loss: 2.259 | Precision@1: 23.353% (5560/23808)
Loss: 2.256 | Precision@1: 23.408% (5603/23936)
Loss: 2.254 | Precision@1: 23.442% (5641/24064)
Loss: 2.252 | Precision@1: 23.475% (5679/24192)
Loss: 2.250 | Precision@1: 23.536% (5724/24320)
Loss: 2.249 | Precision@1: 23.556% (5759/24448)
Loss: 2.247 | Precision@1: 23.588% (5797/24576)
Loss: 2.245 | Precision@1: 23.624% (5836/24704)
Loss: 2.242 | Precision@1: 23.679% (5880/24832)
Loss: 2.241 | Precision@1: 23.718% (5920/24960)
Loss: 2.239 | Precision@1: 23.736% (5955/25088)
Loss: 2.237 | Precision@1: 23.755% (5990/25216)
Loss: 2.235 | Precision@1: 23.785% (6028/25344)
Loss: 2.233 | Precision@1: 23.846% (6074/25472)
Loss: 2.231 | Precision@1: 23.883% (6114/25600)
Loss: 2.229 | Precision@1: 23.904% (6150/25728)
Loss: 2.226 | Precision@1: 23.940% (6190/25856)
Loss: 2.224 | Precision@1: 23.996% (6235/25984)
Loss: 2.222 | Precision@1: 24.020% (6272/26112)
Loss: 2.220 | Precision@1: 24.085% (6320/26240)
Loss: 2.218 | Precision@1: 24.105% (6356/26368)
Loss: 2.217 | Precision@1: 24.109% (6388/26496)
Loss: 2.215 | Precision@1: 24.132% (6425/26624)
Loss: 2.212 | Precision@1: 24.159% (6463/26752)
Loss: 2.211 | Precision@1: 24.167% (6496/26880)
Loss: 2.208 | Precision@1: 24.234% (6545/27008)
Loss: 2.206 | Precision@1: 24.285% (6590/27136)
Loss: 2.205 | Precision@1: 24.299% (6625/27264)
Loss: 2.204 | Precision@1: 24.317% (6661/27392)
Loss: 2.201 | Precision@1: 24.386% (6711/27520)
Loss: 2.200 | Precision@1: 24.429% (6754/27648)
Loss: 2.198 | Precision@1: 24.471% (6797/27776)
Loss: 2.196 | Precision@1: 24.516% (6841/27904)
Loss: 2.194 | Precision@1: 24.590% (6893/28032)
Loss: 2.193 | Precision@1: 24.609% (6930/28160)
Loss: 2.191 | Precision@1: 24.639% (6970/28288)
Loss: 2.189 | Precision@1: 24.645% (7003/28416)
Loss: 2.188 | Precision@1: 24.685% (7046/28544)
Loss: 2.186 | Precision@1: 24.756% (7098/28672)
Loss: 2.184 | Precision@1: 24.792% (7140/28800)
Loss: 2.182 | Precision@1: 24.810% (7177/28928)
Loss: 2.181 | Precision@1: 24.811% (7209/29056)
Loss: 2.179 | Precision@1: 24.846% (7251/29184)
Loss: 2.178 | Precision@1: 24.884% (7294/29312)
Loss: 2.176 | Precision@1: 24.912% (7334/29440)
Loss: 2.174 | Precision@1: 24.966% (7382/29568)
Loss: 2.173 | Precision@1: 24.973% (7416/29696)
Loss: 2.171 | Precision@1: 24.977% (7449/29824)
Loss: 2.169 | Precision@1: 25.010% (7491/29952)
Loss: 2.167 | Precision@1: 25.066% (7540/30080)
Loss: 2.166 | Precision@1: 25.109% (7585/30208)
Loss: 2.164 | Precision@1: 25.132% (7624/30336)
Loss: 2.162 | Precision@1: 25.141% (7659/30464)
Loss: 2.161 | Precision@1: 25.163% (7698/30592)
Loss: 2.159 | Precision@1: 25.179% (7735/30720)
Loss: 2.158 | Precision@1: 25.198% (7773/30848)
Loss: 2.156 | Precision@1: 25.268% (7827/30976)
Loss: 2.155 | Precision@1: 25.286% (7865/31104)
Loss: 2.153 | Precision@1: 25.285% (7897/31232)
Loss: 2.152 | Precision@1: 25.360% (7953/31360)
Loss: 2.150 | Precision@1: 25.400% (7998/31488)
Loss: 2.149 | Precision@1: 25.433% (8041/31616)
Loss: 2.147 | Precision@1: 25.495% (8093/31744)
Loss: 2.145 | Precision@1: 25.533% (8138/31872)
Loss: 2.144 | Precision@1: 25.575% (8184/32000)
Loss: 2.142 | Precision@1: 25.623% (8232/32128)
Loss: 2.141 | Precision@1: 25.663% (8278/32256)
Loss: 2.139 | Precision@1: 25.707% (8325/32384)
Loss: 2.138 | Precision@1: 25.729% (8365/32512)
Loss: 2.136 | Precision@1: 25.781% (8415/32640)
Loss: 2.134 | Precision@1: 25.830% (8464/32768)
Loss: 2.133 | Precision@1: 25.857% (8506/32896)
Loss: 2.131 | Precision@1: 25.890% (8550/33024)
Loss: 2.130 | Precision@1: 25.905% (8588/33152)
Loss: 2.128 | Precision@1: 25.956% (8638/33280)
Loss: 2.126 | Precision@1: 25.997% (8685/33408)
Loss: 2.126 | Precision@1: 26.011% (8723/33536)
Loss: 2.124 | Precision@1: 26.075% (8778/33664)
Loss: 2.122 | Precision@1: 26.125% (8828/33792)
Loss: 2.121 | Precision@1: 26.167% (8876/33920)
Loss: 2.120 | Precision@1: 26.201% (8921/34048)
Loss: 2.118 | Precision@1: 26.220% (8961/34176)
Loss: 2.117 | Precision@1: 26.259% (9008/34304)
Loss: 2.115 | Precision@1: 26.287% (9051/34432)
Loss: 2.114 | Precision@1: 26.293% (9087/34560)
Loss: 2.112 | Precision@1: 26.341% (9137/34688)
Loss: 2.110 | Precision@1: 26.373% (9182/34816)
Loss: 2.109 | Precision@1: 26.419% (9232/34944)
Loss: 2.107 | Precision@1: 26.460% (9280/35072)
Loss: 2.106 | Precision@1: 26.500% (9328/35200)
Loss: 2.105 | Precision@1: 26.557% (9382/35328)
Loss: 2.103 | Precision@1: 26.594% (9429/35456)
Loss: 2.102 | Precision@1: 26.622% (9473/35584)
Loss: 2.101 | Precision@1: 26.616% (9505/35712)
Loss: 2.099 | Precision@1: 26.643% (9549/35840)
Loss: 2.098 | Precision@1: 26.671% (9593/35968)
Loss: 2.097 | Precision@1: 26.693% (9635/36096)
Loss: 2.096 | Precision@1: 26.728% (9682/36224)
Loss: 2.094 | Precision@1: 26.774% (9733/36352)
Loss: 2.093 | Precision@1: 26.782% (9770/36480)
Loss: 2.092 | Precision@1: 26.781% (9804/36608)
Loss: 2.091 | Precision@1: 26.827% (9855/36736)
Loss: 2.089 | Precision@1: 26.842% (9895/36864)
Loss: 2.088 | Precision@1: 26.865% (9938/36992)
Loss: 2.087 | Precision@1: 26.891% (9982/37120)
Loss: 2.086 | Precision@1: 26.928% (10030/37248)
Loss: 2.085 | Precision@1: 26.940% (10069/37376)
Loss: 2.083 | Precision@1: 26.986% (10121/37504)
Loss: 2.082 | Precision@1: 27.038% (10175/37632)
Loss: 2.080 | Precision@1: 27.047% (10213/37760)
Loss: 2.079 | Precision@1: 27.101% (10268/37888)
Loss: 2.078 | Precision@1: 27.133% (10315/38016)
Loss: 2.077 | Precision@1: 27.142% (10353/38144)
Loss: 2.076 | Precision@1: 27.156% (10393/38272)
Loss: 2.075 | Precision@1: 27.188% (10440/38400)
Loss: 2.074 | Precision@1: 27.227% (10490/38528)
Loss: 2.072 | Precision@1: 27.269% (10541/38656)
Loss: 2.071 | Precision@1: 27.313% (10593/38784)
Loss: 2.070 | Precision@1: 27.328% (10634/38912)
Loss: 2.069 | Precision@1: 27.349% (10677/39040)
Loss: 2.068 | Precision@1: 27.372% (10721/39168)
Loss: 2.067 | Precision@1: 27.402% (10768/39296)
Loss: 2.066 | Precision@1: 27.435% (10816/39424)
Loss: 2.065 | Precision@1: 27.455% (10859/39552)
Loss: 2.063 | Precision@1: 27.490% (10908/39680)
Loss: 2.062 | Precision@1: 27.525% (10957/39808)
Loss: 2.061 | Precision@1: 27.544% (11000/39936)
Loss: 2.059 | Precision@1: 27.593% (11055/40064)
Loss: 2.058 | Precision@1: 27.617% (11100/40192)
Loss: 2.057 | Precision@1: 27.629% (11140/40320)
Loss: 2.056 | Precision@1: 27.678% (11195/40448)
Loss: 2.055 | Precision@1: 27.681% (11232/40576)
Loss: 2.053 | Precision@1: 27.727% (11286/40704)
Loss: 2.052 | Precision@1: 27.760% (11335/40832)
Loss: 2.051 | Precision@1: 27.783% (11380/40960)
Loss: 2.050 | Precision@1: 27.796% (11421/41088)
Loss: 2.049 | Precision@1: 27.814% (11464/41216)
Loss: 2.048 | Precision@1: 27.837% (11509/41344)
Loss: 2.047 | Precision@1: 27.872% (11559/41472)
Loss: 2.046 | Precision@1: 27.868% (11593/41600)
Loss: 2.045 | Precision@1: 27.888% (11637/41728)
Loss: 2.045 | Precision@1: 27.903% (11679/41856)
Loss: 2.043 | Precision@1: 27.925% (11724/41984)
Loss: 2.042 | Precision@1: 27.959% (11774/42112)
Loss: 2.041 | Precision@1: 27.992% (11824/42240)
Loss: 2.040 | Precision@1: 28.009% (11867/42368)
Loss: 2.039 | Precision@1: 28.036% (11914/42496)
Loss: 2.038 | Precision@1: 28.073% (11966/42624)
Loss: 2.037 | Precision@1: 28.102% (12014/42752)
Loss: 2.036 | Precision@1: 28.116% (12056/42880)
Loss: 2.035 | Precision@1: 28.134% (12100/43008)
Loss: 2.034 | Precision@1: 28.167% (12150/43136)
Loss: 2.033 | Precision@1: 28.192% (12197/43264)
Loss: 2.032 | Precision@1: 28.222% (12246/43392)
Loss: 2.031 | Precision@1: 28.261% (12299/43520)
Loss: 2.029 | Precision@1: 28.304% (12354/43648)
Loss: 2.028 | Precision@1: 28.344% (12408/43776)
Loss: 2.027 | Precision@1: 28.385% (12462/43904)
Loss: 2.026 | Precision@1: 28.438% (12522/44032)
Loss: 2.025 | Precision@1: 28.465% (12570/44160)
Loss: 2.024 | Precision@1: 28.473% (12610/44288)
Loss: 2.024 | Precision@1: 28.487% (12653/44416)
Loss: 2.023 | Precision@1: 28.495% (12693/44544)
Loss: 2.022 | Precision@1: 28.519% (12740/44672)
Loss: 2.021 | Precision@1: 28.562% (12796/44800)
Loss: 2.020 | Precision@1: 28.581% (12841/44928)
Loss: 2.019 | Precision@1: 28.613% (12892/45056)
Loss: 2.018 | Precision@1: 28.641% (12941/45184)
Loss: 2.017 | Precision@1: 28.655% (12984/45312)
Loss: 2.016 | Precision@1: 28.693% (13038/45440)
Loss: 2.015 | Precision@1: 28.718% (13086/45568)
Loss: 2.014 | Precision@1: 28.777% (13150/45696)
Loss: 2.013 | Precision@1: 28.815% (13204/45824)
Loss: 2.012 | Precision@1: 28.850% (13257/45952)
Loss: 2.011 | Precision@1: 28.856% (13297/46080)
Loss: 2.010 | Precision@1: 28.878% (13344/46208)
Loss: 2.009 | Precision@1: 28.906% (13394/46336)
Loss: 2.008 | Precision@1: 28.943% (13448/46464)
Loss: 2.007 | Precision@1: 28.966% (13496/46592)
Loss: 2.006 | Precision@1: 28.973% (13536/46720)
Loss: 2.005 | Precision@1: 28.998% (13585/46848)
Loss: 2.005 | Precision@1: 29.019% (13632/46976)
Loss: 2.004 | Precision@1: 29.051% (13684/47104)
Loss: 2.003 | Precision@1: 29.084% (13737/47232)
Loss: 2.002 | Precision@1: 29.122% (13792/47360)
Loss: 2.001 | Precision@1: 29.159% (13847/47488)
Loss: 2.000 | Precision@1: 29.183% (13896/47616)
Loss: 1.999 | Precision@1: 29.204% (13943/47744)
Loss: 1.998 | Precision@1: 29.228% (13992/47872)
Loss: 1.997 | Precision@1: 29.267% (14048/48000)
Loss: 1.996 | Precision@1: 29.297% (14100/48128)
Loss: 1.996 | Precision@1: 29.314% (14146/48256)
Loss: 1.995 | Precision@1: 29.351% (14201/48384)
Loss: 1.994 | Precision@1: 29.356% (14241/48512)
Loss: 1.993 | Precision@1: 29.389% (14295/48640)
Loss: 1.992 | Precision@1: 29.413% (14344/48768)
Loss: 1.991 | Precision@1: 29.424% (14387/48896)
Loss: 1.990 | Precision@1: 29.437% (14431/49024)
Loss: 1.990 | Precision@1: 29.456% (14478/49152)
Loss: 1.989 | Precision@1: 29.481% (14528/49280)
Loss: 1.988 | Precision@1: 29.505% (14578/49408)
Loss: 1.987 | Precision@1: 29.512% (14619/49536)
Loss: 1.986 | Precision@1: 29.536% (14669/49664)
Loss: 1.985 | Precision@1: 29.573% (14725/49792)
Loss: 1.984 | Precision@1: 29.599% (14776/49920)
Loss: 1.983 | Precision@1: 29.600% (14800/50000)

Aggregates: 			
 	 DataLoader Time: 0.9337 			
 	 Mini-batch Time:48.3069 			
 	 Training Epoch Time:48.4971
 			
 Averages: 			
 	 Training Loss: 1.9834

 Test set Averages: Loss: 1.585 | Precision@1: 41.000% (4100/10000)

Epoch: 1
Loss: 1.763 | Precision@1: 37.500% (48/128)
Loss: 1.637 | Precision@1: 41.797% (107/256)
Loss: 1.673 | Precision@1: 38.802% (149/384)
Loss: 1.602 | Precision@1: 41.602% (213/512)
Loss: 1.631 | Precision@1: 40.156% (257/640)
Loss: 1.611 | Precision@1: 40.885% (314/768)
Loss: 1.599 | Precision@1: 41.183% (369/896)
Loss: 1.607 | Precision@1: 40.332% (413/1024)
Loss: 1.612 | Precision@1: 40.191% (463/1152)
Loss: 1.607 | Precision@1: 40.234% (515/1280)
Loss: 1.601 | Precision@1: 40.625% (572/1408)
Loss: 1.596 | Precision@1: 40.690% (625/1536)
Loss: 1.611 | Precision@1: 40.565% (675/1664)
Loss: 1.617 | Precision@1: 40.234% (721/1792)
Loss: 1.616 | Precision@1: 40.000% (768/1920)
Loss: 1.623 | Precision@1: 39.307% (805/2048)
Loss: 1.616 | Precision@1: 39.936% (869/2176)
Loss: 1.619 | Precision@1: 39.540% (911/2304)
Loss: 1.615 | Precision@1: 39.556% (962/2432)
Loss: 1.610 | Precision@1: 39.766% (1018/2560)
Loss: 1.608 | Precision@1: 39.435% (1060/2688)
Loss: 1.610 | Precision@1: 39.524% (1113/2816)
Loss: 1.612 | Precision@1: 39.538% (1164/2944)
Loss: 1.615 | Precision@1: 39.714% (1220/3072)
Loss: 1.613 | Precision@1: 39.844% (1275/3200)
Loss: 1.609 | Precision@1: 39.724% (1322/3328)
Loss: 1.606 | Precision@1: 39.786% (1375/3456)
Loss: 1.601 | Precision@1: 40.095% (1437/3584)
Loss: 1.594 | Precision@1: 40.356% (1498/3712)
Loss: 1.596 | Precision@1: 40.286% (1547/3840)
Loss: 1.590 | Precision@1: 40.549% (1609/3968)
Loss: 1.590 | Precision@1: 40.430% (1656/4096)
Loss: 1.592 | Precision@1: 40.388% (1706/4224)
Loss: 1.591 | Precision@1: 40.441% (1760/4352)
Loss: 1.595 | Precision@1: 40.268% (1804/4480)
Loss: 1.596 | Precision@1: 40.169% (1851/4608)
Loss: 1.595 | Precision@1: 40.097% (1899/4736)
Loss: 1.596 | Precision@1: 40.049% (1948/4864)
Loss: 1.592 | Precision@1: 40.204% (2007/4992)
Loss: 1.591 | Precision@1: 40.312% (2064/5120)
Loss: 1.590 | Precision@1: 40.301% (2115/5248)
Loss: 1.590 | Precision@1: 40.327% (2168/5376)
Loss: 1.589 | Precision@1: 40.243% (2215/5504)
Loss: 1.589 | Precision@1: 40.305% (2270/5632)
Loss: 1.591 | Precision@1: 40.156% (2313/5760)
Loss: 1.592 | Precision@1: 40.200% (2367/5888)
Loss: 1.591 | Precision@1: 40.359% (2428/6016)
Loss: 1.592 | Precision@1: 40.430% (2484/6144)
Loss: 1.594 | Precision@1: 40.370% (2532/6272)
Loss: 1.595 | Precision@1: 40.312% (2580/6400)
Loss: 1.596 | Precision@1: 40.242% (2627/6528)
Loss: 1.595 | Precision@1: 40.294% (2682/6656)
Loss: 1.596 | Precision@1: 40.256% (2731/6784)
Loss: 1.594 | Precision@1: 40.336% (2788/6912)
Loss: 1.596 | Precision@1: 40.355% (2841/7040)
Loss: 1.595 | Precision@1: 40.402% (2896/7168)
Loss: 1.592 | Precision@1: 40.584% (2961/7296)
Loss: 1.591 | Precision@1: 40.585% (3013/7424)
Loss: 1.593 | Precision@1: 40.506% (3059/7552)
Loss: 1.592 | Precision@1: 40.560% (3115/7680)
Loss: 1.594 | Precision@1: 40.459% (3159/7808)
Loss: 1.594 | Precision@1: 40.398% (3206/7936)
Loss: 1.595 | Precision@1: 40.340% (3253/8064)
Loss: 1.595 | Precision@1: 40.344% (3305/8192)
Loss: 1.594 | Precision@1: 40.385% (3360/8320)
Loss: 1.596 | Precision@1: 40.341% (3408/8448)
Loss: 1.597 | Precision@1: 40.287% (3455/8576)
Loss: 1.597 | Precision@1: 40.234% (3502/8704)
Loss: 1.596 | Precision@1: 40.365% (3565/8832)
Loss: 1.595 | Precision@1: 40.435% (3623/8960)
Loss: 1.592 | Precision@1: 40.515% (3682/9088)
Loss: 1.591 | Precision@1: 40.603% (3742/9216)
Loss: 1.590 | Precision@1: 40.743% (3807/9344)
Loss: 1.589 | Precision@1: 40.783% (3863/9472)
Loss: 1.589 | Precision@1: 40.781% (3915/9600)
Loss: 1.590 | Precision@1: 40.748% (3964/9728)
Loss: 1.589 | Precision@1: 40.818% (4023/9856)
Loss: 1.589 | Precision@1: 40.765% (4070/9984)
Loss: 1.590 | Precision@1: 40.783% (4124/10112)
Loss: 1.592 | Precision@1: 40.762% (4174/10240)
Loss: 1.591 | Precision@1: 40.750% (4225/10368)
Loss: 1.589 | Precision@1: 40.787% (4281/10496)
Loss: 1.589 | Precision@1: 40.785% (4333/10624)
Loss: 1.589 | Precision@1: 40.765% (4383/10752)
Loss: 1.589 | Precision@1: 40.772% (4436/10880)
Loss: 1.589 | Precision@1: 40.734% (4484/11008)
Loss: 1.588 | Precision@1: 40.778% (4541/11136)
Loss: 1.588 | Precision@1: 40.776% (4593/11264)
Loss: 1.587 | Precision@1: 40.792% (4647/11392)
Loss: 1.586 | Precision@1: 40.807% (4701/11520)
Loss: 1.585 | Precision@1: 40.797% (4752/11648)
Loss: 1.585 | Precision@1: 40.820% (4807/11776)
Loss: 1.587 | Precision@1: 40.801% (4857/11904)
Loss: 1.585 | Precision@1: 40.858% (4916/12032)
Loss: 1.585 | Precision@1: 40.880% (4971/12160)
Loss: 1.585 | Precision@1: 40.902% (5026/12288)
Loss: 1.584 | Precision@1: 40.947% (5084/12416)
Loss: 1.585 | Precision@1: 40.944% (5136/12544)
Loss: 1.585 | Precision@1: 41.004% (5196/12672)
Loss: 1.583 | Precision@1: 41.109% (5262/12800)
Loss: 1.582 | Precision@1: 41.182% (5324/12928)
Loss: 1.581 | Precision@1: 41.176% (5376/13056)
Loss: 1.581 | Precision@1: 41.171% (5428/13184)
Loss: 1.580 | Precision@1: 41.218% (5487/13312)
Loss: 1.579 | Precision@1: 41.280% (5548/13440)
Loss: 1.578 | Precision@1: 41.384% (5615/13568)
Loss: 1.578 | Precision@1: 41.384% (5668/13696)
Loss: 1.577 | Precision@1: 41.442% (5729/13824)
Loss: 1.578 | Precision@1: 41.471% (5786/13952)
Loss: 1.578 | Precision@1: 41.499% (5843/14080)
Loss: 1.577 | Precision@1: 41.540% (5902/14208)
Loss: 1.576 | Precision@1: 41.567% (5959/14336)
Loss: 1.578 | Precision@1: 41.489% (6001/14464)
Loss: 1.577 | Precision@1: 41.482% (6053/14592)
Loss: 1.578 | Precision@1: 41.413% (6096/14720)
Loss: 1.577 | Precision@1: 41.440% (6153/14848)
Loss: 1.576 | Precision@1: 41.533% (6220/14976)
Loss: 1.575 | Precision@1: 41.472% (6264/15104)
Loss: 1.575 | Precision@1: 41.505% (6322/15232)
Loss: 1.575 | Precision@1: 41.510% (6376/15360)
Loss: 1.575 | Precision@1: 41.490% (6426/15488)
Loss: 1.574 | Precision@1: 41.528% (6485/15616)
Loss: 1.574 | Precision@1: 41.552% (6542/15744)
Loss: 1.573 | Precision@1: 41.564% (6597/15872)
Loss: 1.573 | Precision@1: 41.606% (6657/16000)
Loss: 1.573 | Precision@1: 41.567% (6704/16128)
Loss: 1.572 | Precision@1: 41.597% (6762/16256)
Loss: 1.572 | Precision@1: 41.632% (6821/16384)
Loss: 1.571 | Precision@1: 41.667% (6880/16512)
Loss: 1.570 | Precision@1: 41.683% (6936/16640)
Loss: 1.571 | Precision@1: 41.687% (6990/16768)
Loss: 1.571 | Precision@1: 41.679% (7042/16896)
Loss: 1.570 | Precision@1: 41.712% (7101/17024)
Loss: 1.570 | Precision@1: 41.721% (7156/17152)
Loss: 1.569 | Precision@1: 41.713% (7208/17280)
Loss: 1.568 | Precision@1: 41.728% (7264/17408)
Loss: 1.568 | Precision@1: 41.714% (7315/17536)
Loss: 1.568 | Precision@1: 41.701% (7366/17664)
Loss: 1.567 | Precision@1: 41.732% (7425/17792)
Loss: 1.566 | Precision@1: 41.786% (7488/17920)
Loss: 1.566 | Precision@1: 41.761% (7537/18048)
Loss: 1.566 | Precision@1: 41.813% (7600/18176)
Loss: 1.565 | Precision@1: 41.876% (7665/18304)
Loss: 1.564 | Precision@1: 41.911% (7725/18432)
Loss: 1.564 | Precision@1: 41.988% (7793/18560)
Loss: 1.562 | Precision@1: 42.048% (7858/18688)
Loss: 1.561 | Precision@1: 42.065% (7915/18816)
Loss: 1.561 | Precision@1: 42.061% (7968/18944)
Loss: 1.561 | Precision@1: 42.077% (8025/19072)
Loss: 1.560 | Precision@1: 42.089% (8081/19200)
Loss: 1.561 | Precision@1: 42.048% (8127/19328)
Loss: 1.560 | Precision@1: 42.064% (8184/19456)
Loss: 1.560 | Precision@1: 42.075% (8240/19584)
Loss: 1.560 | Precision@1: 42.035% (8286/19712)
Loss: 1.559 | Precision@1: 42.077% (8348/19840)
Loss: 1.560 | Precision@1: 42.062% (8399/19968)
Loss: 1.559 | Precision@1: 42.063% (8453/20096)
Loss: 1.559 | Precision@1: 42.069% (8508/20224)
Loss: 1.559 | Precision@1: 42.040% (8556/20352)
Loss: 1.559 | Precision@1: 42.031% (8608/20480)
Loss: 1.559 | Precision@1: 42.037% (8663/20608)
Loss: 1.558 | Precision@1: 42.033% (8716/20736)
Loss: 1.558 | Precision@1: 42.058% (8775/20864)
Loss: 1.559 | Precision@1: 42.026% (8822/20992)
Loss: 1.559 | Precision@1: 42.022% (8875/21120)
Loss: 1.558 | Precision@1: 42.065% (8938/21248)
Loss: 1.558 | Precision@1: 42.066% (8992/21376)
Loss: 1.557 | Precision@1: 42.085% (9050/21504)
Loss: 1.556 | Precision@1: 42.127% (9113/21632)
Loss: 1.556 | Precision@1: 42.142% (9170/21760)
Loss: 1.556 | Precision@1: 42.119% (9219/21888)
Loss: 1.555 | Precision@1: 42.156% (9281/22016)
Loss: 1.555 | Precision@1: 42.169% (9338/22144)
Loss: 1.554 | Precision@1: 42.214% (9402/22272)
Loss: 1.553 | Precision@1: 42.272% (9469/22400)
Loss: 1.553 | Precision@1: 42.298% (9529/22528)
Loss: 1.553 | Precision@1: 42.311% (9586/22656)
Loss: 1.553 | Precision@1: 42.293% (9636/22784)
Loss: 1.553 | Precision@1: 42.275% (9686/22912)
Loss: 1.552 | Precision@1: 42.318% (9750/23040)
Loss: 1.551 | Precision@1: 42.399% (9823/23168)
Loss: 1.551 | Precision@1: 42.428% (9884/23296)
Loss: 1.550 | Precision@1: 42.444% (9942/23424)
Loss: 1.550 | Precision@1: 42.476% (10004/23552)
Loss: 1.550 | Precision@1: 42.508% (10066/23680)
Loss: 1.550 | Precision@1: 42.524% (10124/23808)
Loss: 1.549 | Precision@1: 42.538% (10182/23936)
Loss: 1.548 | Precision@1: 42.557% (10241/24064)
Loss: 1.549 | Precision@1: 42.564% (10297/24192)
Loss: 1.549 | Precision@1: 42.537% (10345/24320)
Loss: 1.548 | Precision@1: 42.547% (10402/24448)
Loss: 1.547 | Precision@1: 42.574% (10463/24576)
Loss: 1.547 | Precision@1: 42.580% (10519/24704)
Loss: 1.548 | Precision@1: 42.574% (10572/24832)
Loss: 1.547 | Precision@1: 42.596% (10632/24960)
Loss: 1.547 | Precision@1: 42.622% (10693/25088)
Loss: 1.545 | Precision@1: 42.663% (10758/25216)
Loss: 1.545 | Precision@1: 42.657% (10811/25344)
Loss: 1.545 | Precision@1: 42.682% (10872/25472)
Loss: 1.544 | Precision@1: 42.707% (10933/25600)
Loss: 1.544 | Precision@1: 42.716% (10990/25728)
Loss: 1.543 | Precision@1: 42.791% (11064/25856)
Loss: 1.543 | Precision@1: 42.780% (11116/25984)
Loss: 1.542 | Precision@1: 42.804% (11177/26112)
Loss: 1.542 | Precision@1: 42.820% (11236/26240)
Loss: 1.541 | Precision@1: 42.855% (11300/26368)
Loss: 1.541 | Precision@1: 42.897% (11366/26496)
Loss: 1.541 | Precision@1: 42.875% (11415/26624)
Loss: 1.542 | Precision@1: 42.853% (11464/26752)
Loss: 1.542 | Precision@1: 42.876% (11525/26880)
Loss: 1.543 | Precision@1: 42.850% (11573/27008)
Loss: 1.542 | Precision@1: 42.902% (11642/27136)
Loss: 1.542 | Precision@1: 42.892% (11694/27264)
Loss: 1.542 | Precision@1: 42.870% (11743/27392)
Loss: 1.541 | Precision@1: 42.903% (11807/27520)
Loss: 1.540 | Precision@1: 42.922% (11867/27648)
Loss: 1.540 | Precision@1: 42.944% (11928/27776)
Loss: 1.540 | Precision@1: 42.933% (11980/27904)
Loss: 1.540 | Precision@1: 42.940% (12037/28032)
Loss: 1.540 | Precision@1: 42.933% (12090/28160)
Loss: 1.540 | Precision@1: 42.923% (12142/28288)
Loss: 1.539 | Precision@1: 42.930% (12199/28416)
Loss: 1.539 | Precision@1: 42.962% (12263/28544)
Loss: 1.539 | Precision@1: 42.958% (12317/28672)
Loss: 1.539 | Precision@1: 42.976% (12377/28800)
Loss: 1.538 | Precision@1: 42.989% (12436/28928)
Loss: 1.538 | Precision@1: 43.013% (12498/29056)
Loss: 1.537 | Precision@1: 43.034% (12559/29184)
Loss: 1.537 | Precision@1: 43.030% (12613/29312)
Loss: 1.536 | Precision@1: 43.050% (12674/29440)
Loss: 1.537 | Precision@1: 43.043% (12727/29568)
Loss: 1.536 | Precision@1: 43.073% (12791/29696)
Loss: 1.536 | Precision@1: 43.059% (12842/29824)
Loss: 1.537 | Precision@1: 43.039% (12891/29952)
Loss: 1.537 | Precision@1: 43.022% (12941/30080)
Loss: 1.537 | Precision@1: 43.008% (12992/30208)
Loss: 1.537 | Precision@1: 42.998% (13044/30336)
Loss: 1.537 | Precision@1: 43.008% (13102/30464)
Loss: 1.536 | Precision@1: 43.044% (13168/30592)
Loss: 1.535 | Precision@1: 43.086% (13236/30720)
Loss: 1.535 | Precision@1: 43.095% (13294/30848)
Loss: 1.536 | Precision@1: 43.098% (13350/30976)
Loss: 1.536 | Precision@1: 43.104% (13407/31104)
Loss: 1.535 | Precision@1: 43.135% (13472/31232)
Loss: 1.535 | Precision@1: 43.135% (13527/31360)
Loss: 1.534 | Precision@1: 43.153% (13588/31488)
Loss: 1.534 | Precision@1: 43.168% (13648/31616)
Loss: 1.533 | Precision@1: 43.196% (13712/31744)
Loss: 1.533 | Precision@1: 43.210% (13772/31872)
Loss: 1.532 | Precision@1: 43.237% (13836/32000)
Loss: 1.531 | Precision@1: 43.252% (13896/32128)
Loss: 1.531 | Precision@1: 43.251% (13951/32256)
Loss: 1.531 | Precision@1: 43.284% (14017/32384)
Loss: 1.531 | Precision@1: 43.286% (14073/32512)
Loss: 1.530 | Precision@1: 43.297% (14132/32640)
Loss: 1.530 | Precision@1: 43.317% (14194/32768)
Loss: 1.529 | Precision@1: 43.346% (14259/32896)
Loss: 1.528 | Precision@1: 43.384% (14327/33024)
Loss: 1.528 | Precision@1: 43.385% (14383/33152)
Loss: 1.528 | Precision@1: 43.401% (14444/33280)
Loss: 1.526 | Precision@1: 43.454% (14517/33408)
Loss: 1.526 | Precision@1: 43.473% (14579/33536)
Loss: 1.526 | Precision@1: 43.492% (14641/33664)
Loss: 1.525 | Precision@1: 43.522% (14707/33792)
Loss: 1.524 | Precision@1: 43.567% (14778/33920)
Loss: 1.523 | Precision@1: 43.618% (14851/34048)
Loss: 1.523 | Precision@1: 43.627% (14910/34176)
Loss: 1.523 | Precision@1: 43.619% (14963/34304)
Loss: 1.523 | Precision@1: 43.643% (15027/34432)
Loss: 1.523 | Precision@1: 43.655% (15087/34560)
Loss: 1.522 | Precision@1: 43.655% (15143/34688)
Loss: 1.522 | Precision@1: 43.678% (15207/34816)
Loss: 1.522 | Precision@1: 43.673% (15261/34944)
Loss: 1.522 | Precision@1: 43.727% (15336/35072)
Loss: 1.522 | Precision@1: 43.699% (15382/35200)
Loss: 1.523 | Precision@1: 43.696% (15437/35328)
Loss: 1.522 | Precision@1: 43.725% (15503/35456)
Loss: 1.522 | Precision@1: 43.742% (15565/35584)
Loss: 1.522 | Precision@1: 43.753% (15625/35712)
Loss: 1.521 | Precision@1: 43.789% (15694/35840)
Loss: 1.521 | Precision@1: 43.794% (15752/35968)
Loss: 1.521 | Precision@1: 43.769% (15799/36096)
Loss: 1.521 | Precision@1: 43.783% (15860/36224)
Loss: 1.520 | Precision@1: 43.813% (15927/36352)
Loss: 1.520 | Precision@1: 43.827% (15988/36480)
Loss: 1.519 | Precision@1: 43.854% (16054/36608)
Loss: 1.519 | Precision@1: 43.870% (16116/36736)
Loss: 1.518 | Precision@1: 43.902% (16184/36864)
Loss: 1.518 | Precision@1: 43.882% (16233/36992)
Loss: 1.518 | Precision@1: 43.893% (16293/37120)
Loss: 1.518 | Precision@1: 43.892% (16349/37248)
Loss: 1.517 | Precision@1: 43.911% (16412/37376)
Loss: 1.517 | Precision@1: 43.907% (16467/37504)
Loss: 1.517 | Precision@1: 43.923% (16529/37632)
Loss: 1.516 | Precision@1: 43.927% (16587/37760)
Loss: 1.516 | Precision@1: 43.956% (16654/37888)
Loss: 1.515 | Precision@1: 43.987% (16722/38016)
Loss: 1.515 | Precision@1: 43.994% (16781/38144)
Loss: 1.515 | Precision@1: 44.024% (16849/38272)
Loss: 1.514 | Precision@1: 44.039% (16911/38400)
Loss: 1.514 | Precision@1: 44.054% (16973/38528)
Loss: 1.514 | Precision@1: 44.053% (17029/38656)
Loss: 1.513 | Precision@1: 44.072% (17093/38784)
Loss: 1.513 | Precision@1: 44.089% (17156/38912)
Loss: 1.512 | Precision@1: 44.129% (17228/39040)
Loss: 1.512 | Precision@1: 44.138% (17288/39168)
Loss: 1.512 | Precision@1: 44.134% (17343/39296)
Loss: 1.511 | Precision@1: 44.161% (17410/39424)
Loss: 1.511 | Precision@1: 44.195% (17480/39552)
Loss: 1.510 | Precision@1: 44.231% (17551/39680)
Loss: 1.510 | Precision@1: 44.230% (17607/39808)
Loss: 1.510 | Precision@1: 44.238% (17667/39936)
Loss: 1.510 | Precision@1: 44.227% (17719/40064)
Loss: 1.510 | Precision@1: 44.228% (17776/40192)
Loss: 1.509 | Precision@1: 44.244% (17839/40320)
Loss: 1.509 | Precision@1: 44.254% (17900/40448)
Loss: 1.509 | Precision@1: 44.292% (17972/40576)
Loss: 1.508 | Precision@1: 44.315% (18038/40704)
Loss: 1.508 | Precision@1: 44.313% (18094/40832)
Loss: 1.507 | Precision@1: 44.321% (18154/40960)
Loss: 1.507 | Precision@1: 44.327% (18213/41088)
Loss: 1.506 | Precision@1: 44.344% (18277/41216)
Loss: 1.506 | Precision@1: 44.345% (18334/41344)
Loss: 1.506 | Precision@1: 44.362% (18398/41472)
Loss: 1.507 | Precision@1: 44.339% (18445/41600)
Loss: 1.506 | Precision@1: 44.342% (18503/41728)
Loss: 1.506 | Precision@1: 44.354% (18565/41856)
Loss: 1.506 | Precision@1: 44.362% (18625/41984)
Loss: 1.505 | Precision@1: 44.391% (18694/42112)
Loss: 1.505 | Precision@1: 44.413% (18760/42240)
Loss: 1.505 | Precision@1: 44.413% (18817/42368)
Loss: 1.504 | Precision@1: 44.439% (18885/42496)
Loss: 1.504 | Precision@1: 44.449% (18946/42624)
Loss: 1.504 | Precision@1: 44.491% (19021/42752)
Loss: 1.503 | Precision@1: 44.499% (19081/42880)
Loss: 1.503 | Precision@1: 44.501% (19139/43008)
Loss: 1.502 | Precision@1: 44.534% (19210/43136)
Loss: 1.502 | Precision@1: 44.545% (19272/43264)
Loss: 1.502 | Precision@1: 44.559% (19335/43392)
Loss: 1.501 | Precision@1: 44.586% (19404/43520)
Loss: 1.501 | Precision@1: 44.598% (19466/43648)
Loss: 1.501 | Precision@1: 44.591% (19520/43776)
Loss: 1.500 | Precision@1: 44.622% (19591/43904)
Loss: 1.500 | Precision@1: 44.640% (19656/44032)
Loss: 1.500 | Precision@1: 44.633% (19710/44160)
Loss: 1.500 | Precision@1: 44.644% (19772/44288)
Loss: 1.500 | Precision@1: 44.644% (19829/44416)
Loss: 1.500 | Precision@1: 44.635% (19882/44544)
Loss: 1.500 | Precision@1: 44.641% (19942/44672)
Loss: 1.500 | Precision@1: 44.688% (20020/44800)
Loss: 1.499 | Precision@1: 44.714% (20089/44928)
Loss: 1.499 | Precision@1: 44.760% (20167/45056)
Loss: 1.498 | Precision@1: 44.775% (20231/45184)
Loss: 1.498 | Precision@1: 44.794% (20297/45312)
Loss: 1.497 | Precision@1: 44.802% (20358/45440)
Loss: 1.497 | Precision@1: 44.823% (20425/45568)
Loss: 1.496 | Precision@1: 44.857% (20498/45696)
Loss: 1.495 | Precision@1: 44.876% (20564/45824)
Loss: 1.495 | Precision@1: 44.895% (20630/45952)
Loss: 1.495 | Precision@1: 44.894% (20687/46080)
Loss: 1.495 | Precision@1: 44.890% (20743/46208)
Loss: 1.495 | Precision@1: 44.911% (20810/46336)
Loss: 1.494 | Precision@1: 44.927% (20875/46464)
Loss: 1.494 | Precision@1: 44.930% (20934/46592)
Loss: 1.494 | Precision@1: 44.940% (20996/46720)
Loss: 1.493 | Precision@1: 44.943% (21055/46848)
Loss: 1.493 | Precision@1: 44.968% (21124/46976)
Loss: 1.493 | Precision@1: 44.977% (21186/47104)
Loss: 1.492 | Precision@1: 45.003% (21256/47232)
Loss: 1.492 | Precision@1: 44.994% (21309/47360)
Loss: 1.491 | Precision@1: 45.005% (21372/47488)
Loss: 1.491 | Precision@1: 45.035% (21444/47616)
Loss: 1.491 | Precision@1: 45.049% (21508/47744)
Loss: 1.491 | Precision@1: 45.049% (21566/47872)
Loss: 1.490 | Precision@1: 45.069% (21633/48000)
Loss: 1.490 | Precision@1: 45.071% (21692/48128)
Loss: 1.489 | Precision@1: 45.085% (21756/48256)
Loss: 1.489 | Precision@1: 45.085% (21814/48384)
Loss: 1.489 | Precision@1: 45.092% (21875/48512)
Loss: 1.488 | Precision@1: 45.103% (21938/48640)
Loss: 1.488 | Precision@1: 45.134% (22011/48768)
Loss: 1.487 | Precision@1: 45.147% (22075/48896)
Loss: 1.487 | Precision@1: 45.172% (22145/49024)
Loss: 1.486 | Precision@1: 45.199% (22216/49152)
Loss: 1.486 | Precision@1: 45.201% (22275/49280)
Loss: 1.486 | Precision@1: 45.191% (22328/49408)
Loss: 1.486 | Precision@1: 45.212% (22396/49536)
Loss: 1.486 | Precision@1: 45.218% (22457/49664)
Loss: 1.485 | Precision@1: 45.238% (22525/49792)
Loss: 1.485 | Precision@1: 45.238% (22583/49920)
Loss: 1.485 | Precision@1: 45.242% (22621/50000)

Aggregates: 			
 	 DataLoader Time: 0.9282 			
 	 Mini-batch Time:50.7698 			
 	 Training Epoch Time:50.9641
 			
 Averages: 			
 	 Training Loss: 1.4848

 Test set Averages: Loss: 1.372 | Precision@1: 49.980% (4998/10000)

Epoch: 2
Loss: 1.241 | Precision@1: 54.688% (70/128)
Loss: 1.269 | Precision@1: 53.906% (138/256)
Loss: 1.248 | Precision@1: 54.948% (211/384)
Loss: 1.355 | Precision@1: 52.148% (267/512)
Loss: 1.310 | Precision@1: 54.531% (349/640)
Loss: 1.312 | Precision@1: 53.516% (411/768)
Loss: 1.326 | Precision@1: 52.455% (470/896)
Loss: 1.337 | Precision@1: 51.855% (531/1024)
Loss: 1.331 | Precision@1: 51.649% (595/1152)
Loss: 1.328 | Precision@1: 51.953% (665/1280)
Loss: 1.323 | Precision@1: 51.918% (731/1408)
Loss: 1.324 | Precision@1: 52.148% (801/1536)
Loss: 1.321 | Precision@1: 52.103% (867/1664)
Loss: 1.331 | Precision@1: 51.897% (930/1792)
Loss: 1.333 | Precision@1: 51.823% (995/1920)
Loss: 1.336 | Precision@1: 51.123% (1047/2048)
Loss: 1.339 | Precision@1: 50.827% (1106/2176)
Loss: 1.333 | Precision@1: 50.911% (1173/2304)
Loss: 1.324 | Precision@1: 51.357% (1249/2432)
Loss: 1.328 | Precision@1: 51.211% (1311/2560)
Loss: 1.330 | Precision@1: 51.228% (1377/2688)
Loss: 1.328 | Precision@1: 51.101% (1439/2816)
Loss: 1.333 | Precision@1: 51.019% (1502/2944)
Loss: 1.331 | Precision@1: 50.944% (1565/3072)
Loss: 1.329 | Precision@1: 50.938% (1630/3200)
Loss: 1.328 | Precision@1: 51.022% (1698/3328)
Loss: 1.324 | Precision@1: 50.955% (1761/3456)
Loss: 1.322 | Precision@1: 51.228% (1836/3584)
Loss: 1.321 | Precision@1: 51.212% (1901/3712)
Loss: 1.325 | Precision@1: 51.068% (1961/3840)
Loss: 1.323 | Precision@1: 51.210% (2032/3968)
Loss: 1.320 | Precision@1: 51.318% (2102/4096)
Loss: 1.320 | Precision@1: 51.515% (2176/4224)
Loss: 1.319 | Precision@1: 51.471% (2240/4352)
Loss: 1.320 | Precision@1: 51.451% (2305/4480)
Loss: 1.320 | Precision@1: 51.562% (2376/4608)
Loss: 1.321 | Precision@1: 51.562% (2442/4736)
Loss: 1.322 | Precision@1: 51.439% (2502/4864)
Loss: 1.319 | Precision@1: 51.583% (2575/4992)
Loss: 1.321 | Precision@1: 51.543% (2639/5120)
Loss: 1.318 | Precision@1: 51.562% (2706/5248)
Loss: 1.318 | Precision@1: 51.581% (2773/5376)
Loss: 1.319 | Precision@1: 51.690% (2845/5504)
Loss: 1.319 | Precision@1: 51.669% (2910/5632)
Loss: 1.323 | Precision@1: 51.615% (2973/5760)
Loss: 1.324 | Precision@1: 51.630% (3040/5888)
Loss: 1.322 | Precision@1: 51.679% (3109/6016)
Loss: 1.324 | Precision@1: 51.481% (3163/6144)
Loss: 1.325 | Precision@1: 51.339% (3220/6272)
Loss: 1.325 | Precision@1: 51.359% (3287/6400)
Loss: 1.325 | Precision@1: 51.363% (3353/6528)
Loss: 1.326 | Precision@1: 51.292% (3414/6656)
Loss: 1.328 | Precision@1: 51.209% (3474/6784)
Loss: 1.327 | Precision@1: 51.302% (3546/6912)
Loss: 1.329 | Precision@1: 51.179% (3603/7040)
Loss: 1.328 | Precision@1: 51.214% (3671/7168)
Loss: 1.329 | Precision@1: 51.138% (3731/7296)
Loss: 1.325 | Precision@1: 51.347% (3812/7424)
Loss: 1.323 | Precision@1: 51.311% (3875/7552)
Loss: 1.323 | Precision@1: 51.380% (3946/7680)
Loss: 1.320 | Precision@1: 51.524% (4023/7808)
Loss: 1.318 | Precision@1: 51.600% (4095/7936)
Loss: 1.318 | Precision@1: 51.699% (4169/8064)
Loss: 1.316 | Precision@1: 51.819% (4245/8192)
Loss: 1.315 | Precision@1: 51.911% (4319/8320)
Loss: 1.313 | Precision@1: 51.965% (4390/8448)
Loss: 1.313 | Precision@1: 51.971% (4457/8576)
Loss: 1.315 | Precision@1: 51.838% (4512/8704)
Loss: 1.312 | Precision@1: 51.970% (4590/8832)
Loss: 1.311 | Precision@1: 52.065% (4665/8960)
Loss: 1.309 | Precision@1: 52.113% (4736/9088)
Loss: 1.310 | Precision@1: 52.051% (4797/9216)
Loss: 1.312 | Precision@1: 52.065% (4865/9344)
Loss: 1.311 | Precision@1: 52.048% (4930/9472)
Loss: 1.311 | Precision@1: 52.094% (5001/9600)
Loss: 1.314 | Precision@1: 52.066% (5065/9728)
Loss: 1.314 | Precision@1: 52.090% (5134/9856)
Loss: 1.313 | Precision@1: 52.113% (5203/9984)
Loss: 1.314 | Precision@1: 52.087% (5267/10112)
Loss: 1.314 | Precision@1: 52.197% (5345/10240)
Loss: 1.313 | Precision@1: 52.228% (5415/10368)
Loss: 1.312 | Precision@1: 52.268% (5486/10496)
Loss: 1.311 | Precision@1: 52.344% (5561/10624)
Loss: 1.311 | Precision@1: 52.372% (5631/10752)
Loss: 1.311 | Precision@1: 52.417% (5703/10880)
Loss: 1.310 | Precision@1: 52.444% (5773/11008)
Loss: 1.308 | Precision@1: 52.523% (5849/11136)
Loss: 1.307 | Precision@1: 52.548% (5919/11264)
Loss: 1.309 | Precision@1: 52.493% (5980/11392)
Loss: 1.309 | Precision@1: 52.526% (6051/11520)
Loss: 1.309 | Precision@1: 52.507% (6116/11648)
Loss: 1.309 | Precision@1: 52.480% (6180/11776)
Loss: 1.308 | Precision@1: 52.529% (6253/11904)
Loss: 1.307 | Precision@1: 52.502% (6317/12032)
Loss: 1.308 | Precision@1: 52.467% (6380/12160)
Loss: 1.308 | Precision@1: 52.450% (6445/12288)
Loss: 1.306 | Precision@1: 52.473% (6515/12416)
Loss: 1.306 | Precision@1: 52.503% (6586/12544)
Loss: 1.305 | Precision@1: 52.525% (6656/12672)
Loss: 1.304 | Precision@1: 52.562% (6728/12800)
Loss: 1.304 | Precision@1: 52.576% (6797/12928)
Loss: 1.303 | Precision@1: 52.574% (6864/13056)
Loss: 1.302 | Precision@1: 52.647% (6941/13184)
Loss: 1.302 | Precision@1: 52.607% (7003/13312)
Loss: 1.301 | Precision@1: 52.656% (7077/13440)
Loss: 1.301 | Precision@1: 52.668% (7146/13568)
Loss: 1.299 | Precision@1: 52.738% (7223/13696)
Loss: 1.300 | Precision@1: 52.727% (7289/13824)
Loss: 1.299 | Precision@1: 52.767% (7362/13952)
Loss: 1.298 | Precision@1: 52.820% (7437/14080)
Loss: 1.298 | Precision@1: 52.808% (7503/14208)
Loss: 1.298 | Precision@1: 52.804% (7570/14336)
Loss: 1.298 | Precision@1: 52.786% (7635/14464)
Loss: 1.297 | Precision@1: 52.830% (7709/14592)
Loss: 1.299 | Precision@1: 52.751% (7765/14720)
Loss: 1.299 | Precision@1: 52.741% (7831/14848)
Loss: 1.297 | Precision@1: 52.811% (7909/14976)
Loss: 1.296 | Precision@1: 52.887% (7988/15104)
Loss: 1.295 | Precision@1: 52.928% (8062/15232)
Loss: 1.295 | Precision@1: 52.930% (8130/15360)
Loss: 1.296 | Precision@1: 52.918% (8196/15488)
Loss: 1.295 | Precision@1: 52.965% (8271/15616)
Loss: 1.295 | Precision@1: 52.960% (8338/15744)
Loss: 1.294 | Precision@1: 52.993% (8411/15872)
Loss: 1.293 | Precision@1: 53.031% (8485/16000)
Loss: 1.294 | Precision@1: 53.044% (8555/16128)
Loss: 1.293 | Precision@1: 53.020% (8619/16256)
Loss: 1.293 | Precision@1: 53.021% (8687/16384)
Loss: 1.292 | Precision@1: 53.095% (8767/16512)
Loss: 1.292 | Precision@1: 53.089% (8834/16640)
Loss: 1.292 | Precision@1: 53.065% (8898/16768)
Loss: 1.293 | Precision@1: 53.007% (8956/16896)
Loss: 1.293 | Precision@1: 53.055% (9032/17024)
Loss: 1.293 | Precision@1: 53.090% (9106/17152)
Loss: 1.293 | Precision@1: 53.090% (9174/17280)
Loss: 1.292 | Precision@1: 53.102% (9244/17408)
Loss: 1.293 | Precision@1: 53.062% (9305/17536)
Loss: 1.292 | Precision@1: 53.097% (9379/17664)
Loss: 1.292 | Precision@1: 53.136% (9454/17792)
Loss: 1.292 | Precision@1: 53.153% (9525/17920)
Loss: 1.291 | Precision@1: 53.180% (9598/18048)
Loss: 1.291 | Precision@1: 53.186% (9667/18176)
Loss: 1.291 | Precision@1: 53.169% (9732/18304)
Loss: 1.292 | Precision@1: 53.147% (9796/18432)
Loss: 1.291 | Precision@1: 53.173% (9869/18560)
Loss: 1.291 | Precision@1: 53.200% (9942/18688)
Loss: 1.292 | Precision@1: 53.168% (10004/18816)
Loss: 1.291 | Precision@1: 53.204% (10079/18944)
Loss: 1.290 | Precision@1: 53.209% (10148/19072)
Loss: 1.290 | Precision@1: 53.208% (10216/19200)
Loss: 1.289 | Precision@1: 53.218% (10286/19328)
Loss: 1.289 | Precision@1: 53.243% (10359/19456)
Loss: 1.290 | Precision@1: 53.207% (10420/19584)
Loss: 1.291 | Precision@1: 53.211% (10489/19712)
Loss: 1.290 | Precision@1: 53.231% (10561/19840)
Loss: 1.289 | Precision@1: 53.265% (10636/19968)
Loss: 1.288 | Precision@1: 53.309% (10713/20096)
Loss: 1.287 | Precision@1: 53.357% (10791/20224)
Loss: 1.287 | Precision@1: 53.405% (10869/20352)
Loss: 1.287 | Precision@1: 53.423% (10941/20480)
Loss: 1.287 | Precision@1: 53.382% (11001/20608)
Loss: 1.286 | Precision@1: 53.400% (11073/20736)
Loss: 1.287 | Precision@1: 53.389% (11139/20864)
Loss: 1.286 | Precision@1: 53.411% (11212/20992)
Loss: 1.286 | Precision@1: 53.419% (11282/21120)
Loss: 1.285 | Precision@1: 53.426% (11352/21248)
Loss: 1.285 | Precision@1: 53.443% (11424/21376)
Loss: 1.285 | Precision@1: 53.418% (11487/21504)
Loss: 1.286 | Precision@1: 53.361% (11543/21632)
Loss: 1.286 | Precision@1: 53.336% (11606/21760)
Loss: 1.286 | Precision@1: 53.317% (11670/21888)
Loss: 1.286 | Precision@1: 53.320% (11739/22016)
Loss: 1.285 | Precision@1: 53.328% (11809/22144)
Loss: 1.285 | Precision@1: 53.349% (11882/22272)
Loss: 1.287 | Precision@1: 53.308% (11941/22400)
Loss: 1.288 | Precision@1: 53.267% (12000/22528)
Loss: 1.287 | Precision@1: 53.284% (12072/22656)
Loss: 1.287 | Precision@1: 53.340% (12153/22784)
Loss: 1.286 | Precision@1: 53.383% (12231/22912)
Loss: 1.287 | Precision@1: 53.398% (12303/23040)
Loss: 1.287 | Precision@1: 53.388% (12369/23168)
Loss: 1.286 | Precision@1: 53.391% (12438/23296)
Loss: 1.286 | Precision@1: 53.420% (12513/23424)
Loss: 1.286 | Precision@1: 53.414% (12580/23552)
Loss: 1.286 | Precision@1: 53.412% (12648/23680)
Loss: 1.286 | Precision@1: 53.398% (12713/23808)
Loss: 1.285 | Precision@1: 53.438% (12791/23936)
Loss: 1.284 | Precision@1: 53.474% (12868/24064)
Loss: 1.284 | Precision@1: 53.497% (12942/24192)
Loss: 1.283 | Precision@1: 53.516% (13015/24320)
Loss: 1.284 | Precision@1: 53.477% (13074/24448)
Loss: 1.284 | Precision@1: 53.487% (13145/24576)
Loss: 1.283 | Precision@1: 53.506% (13218/24704)
Loss: 1.282 | Precision@1: 53.512% (13288/24832)
Loss: 1.283 | Precision@1: 53.510% (13356/24960)
Loss: 1.283 | Precision@1: 53.536% (13431/25088)
Loss: 1.283 | Precision@1: 53.530% (13498/25216)
Loss: 1.283 | Precision@1: 53.527% (13566/25344)
Loss: 1.283 | Precision@1: 53.557% (13642/25472)
Loss: 1.282 | Precision@1: 53.574% (13715/25600)
Loss: 1.282 | Precision@1: 53.572% (13783/25728)
Loss: 1.282 | Precision@1: 53.558% (13848/25856)
Loss: 1.282 | Precision@1: 53.564% (13918/25984)
Loss: 1.283 | Precision@1: 53.558% (13985/26112)
Loss: 1.283 | Precision@1: 53.579% (14059/26240)
Loss: 1.283 | Precision@1: 53.599% (14133/26368)
Loss: 1.282 | Precision@1: 53.627% (14209/26496)
Loss: 1.282 | Precision@1: 53.643% (14282/26624)
Loss: 1.283 | Precision@1: 53.633% (14348/26752)
Loss: 1.283 | Precision@1: 53.638% (14418/26880)
Loss: 1.283 | Precision@1: 53.669% (14495/27008)
Loss: 1.282 | Precision@1: 53.693% (14570/27136)
Loss: 1.282 | Precision@1: 53.730% (14649/27264)
Loss: 1.281 | Precision@1: 53.735% (14719/27392)
Loss: 1.282 | Precision@1: 53.732% (14787/27520)
Loss: 1.281 | Precision@1: 53.758% (14863/27648)
Loss: 1.281 | Precision@1: 53.773% (14936/27776)
Loss: 1.281 | Precision@1: 53.781% (15007/27904)
Loss: 1.281 | Precision@1: 53.799% (15081/28032)
Loss: 1.281 | Precision@1: 53.789% (15147/28160)
Loss: 1.280 | Precision@1: 53.811% (15222/28288)
Loss: 1.280 | Precision@1: 53.857% (15304/28416)
Loss: 1.280 | Precision@1: 53.885% (15381/28544)
Loss: 1.279 | Precision@1: 53.952% (15469/28672)
Loss: 1.278 | Precision@1: 53.965% (15542/28800)
Loss: 1.278 | Precision@1: 53.979% (15615/28928)
Loss: 1.277 | Precision@1: 54.023% (15697/29056)
Loss: 1.278 | Precision@1: 54.019% (15765/29184)
Loss: 1.278 | Precision@1: 53.988% (15825/29312)
Loss: 1.277 | Precision@1: 54.032% (15907/29440)
Loss: 1.277 | Precision@1: 54.018% (15972/29568)
Loss: 1.276 | Precision@1: 54.014% (16040/29696)
Loss: 1.276 | Precision@1: 54.034% (16115/29824)
Loss: 1.276 | Precision@1: 54.033% (16184/29952)
Loss: 1.276 | Precision@1: 54.036% (16254/30080)
Loss: 1.275 | Precision@1: 54.068% (16333/30208)
Loss: 1.276 | Precision@1: 54.084% (16407/30336)
Loss: 1.275 | Precision@1: 54.097% (16480/30464)
Loss: 1.275 | Precision@1: 54.093% (16548/30592)
Loss: 1.275 | Precision@1: 54.105% (16621/30720)
Loss: 1.275 | Precision@1: 54.120% (16695/30848)
Loss: 1.275 | Precision@1: 54.090% (16755/30976)
Loss: 1.275 | Precision@1: 54.115% (16832/31104)
Loss: 1.274 | Precision@1: 54.134% (16907/31232)
Loss: 1.274 | Precision@1: 54.139% (16978/31360)
Loss: 1.274 | Precision@1: 54.148% (17050/31488)
Loss: 1.274 | Precision@1: 54.153% (17121/31616)
Loss: 1.274 | Precision@1: 54.149% (17189/31744)
Loss: 1.274 | Precision@1: 54.176% (17267/31872)
Loss: 1.274 | Precision@1: 54.184% (17339/32000)
Loss: 1.274 | Precision@1: 54.158% (17400/32128)
Loss: 1.275 | Precision@1: 54.160% (17470/32256)
Loss: 1.275 | Precision@1: 54.144% (17534/32384)
Loss: 1.274 | Precision@1: 54.192% (17619/32512)
Loss: 1.274 | Precision@1: 54.225% (17699/32640)
Loss: 1.274 | Precision@1: 54.221% (17767/32768)
Loss: 1.274 | Precision@1: 54.222% (17837/32896)
Loss: 1.274 | Precision@1: 54.218% (17905/33024)
Loss: 1.273 | Precision@1: 54.253% (17986/33152)
Loss: 1.273 | Precision@1: 54.264% (18059/33280)
Loss: 1.272 | Precision@1: 54.280% (18134/33408)
Loss: 1.271 | Precision@1: 54.309% (18213/33536)
Loss: 1.271 | Precision@1: 54.313% (18284/33664)
Loss: 1.270 | Precision@1: 54.350% (18366/33792)
Loss: 1.270 | Precision@1: 54.348% (18435/33920)
Loss: 1.269 | Precision@1: 54.367% (18511/34048)
Loss: 1.269 | Precision@1: 54.377% (18584/34176)
Loss: 1.269 | Precision@1: 54.344% (18642/34304)
Loss: 1.269 | Precision@1: 54.359% (18717/34432)
Loss: 1.269 | Precision@1: 54.369% (18790/34560)
Loss: 1.269 | Precision@1: 54.370% (18860/34688)
Loss: 1.269 | Precision@1: 54.383% (18934/34816)
Loss: 1.268 | Precision@1: 54.384% (19004/34944)
Loss: 1.268 | Precision@1: 54.377% (19071/35072)
Loss: 1.268 | Precision@1: 54.366% (19137/35200)
Loss: 1.268 | Precision@1: 54.376% (19210/35328)
Loss: 1.269 | Precision@1: 54.366% (19276/35456)
Loss: 1.269 | Precision@1: 54.370% (19347/35584)
Loss: 1.268 | Precision@1: 54.393% (19425/35712)
Loss: 1.269 | Precision@1: 54.372% (19487/35840)
Loss: 1.269 | Precision@1: 54.373% (19557/35968)
Loss: 1.268 | Precision@1: 54.391% (19633/36096)
Loss: 1.268 | Precision@1: 54.392% (19703/36224)
Loss: 1.268 | Precision@1: 54.415% (19781/36352)
Loss: 1.268 | Precision@1: 54.424% (19854/36480)
Loss: 1.267 | Precision@1: 54.442% (19930/36608)
Loss: 1.267 | Precision@1: 54.437% (19998/36736)
Loss: 1.267 | Precision@1: 54.454% (20074/36864)
Loss: 1.267 | Precision@1: 54.450% (20142/36992)
Loss: 1.266 | Precision@1: 54.477% (20222/37120)
Loss: 1.265 | Precision@1: 54.483% (20294/37248)
Loss: 1.265 | Precision@1: 54.506% (20372/37376)
Loss: 1.265 | Precision@1: 54.506% (20442/37504)
Loss: 1.264 | Precision@1: 54.541% (20525/37632)
Loss: 1.264 | Precision@1: 54.560% (20602/37760)
Loss: 1.263 | Precision@1: 54.606% (20689/37888)
Loss: 1.264 | Precision@1: 54.595% (20755/38016)
Loss: 1.264 | Precision@1: 54.593% (20824/38144)
Loss: 1.264 | Precision@1: 54.622% (20905/38272)
Loss: 1.263 | Precision@1: 54.635% (20980/38400)
Loss: 1.263 | Precision@1: 54.641% (21052/38528)
Loss: 1.263 | Precision@1: 54.651% (21126/38656)
Loss: 1.262 | Precision@1: 54.672% (21204/38784)
Loss: 1.262 | Precision@1: 54.680% (21277/38912)
Loss: 1.261 | Precision@1: 54.688% (21350/39040)
Loss: 1.261 | Precision@1: 54.703% (21426/39168)
Loss: 1.260 | Precision@1: 54.731% (21507/39296)
Loss: 1.261 | Precision@1: 54.715% (21571/39424)
Loss: 1.260 | Precision@1: 54.733% (21648/39552)
Loss: 1.260 | Precision@1: 54.766% (21731/39680)
Loss: 1.260 | Precision@1: 54.763% (21800/39808)
Loss: 1.259 | Precision@1: 54.763% (21870/39936)
Loss: 1.258 | Precision@1: 54.785% (21949/40064)
Loss: 1.258 | Precision@1: 54.809% (22029/40192)
Loss: 1.258 | Precision@1: 54.807% (22098/40320)
Loss: 1.258 | Precision@1: 54.799% (22165/40448)
Loss: 1.257 | Precision@1: 54.816% (22242/40576)
Loss: 1.256 | Precision@1: 54.840% (22322/40704)
Loss: 1.256 | Precision@1: 54.856% (22399/40832)
Loss: 1.256 | Precision@1: 54.851% (22467/40960)
Loss: 1.255 | Precision@1: 54.872% (22546/41088)
Loss: 1.255 | Precision@1: 54.886% (22622/41216)
Loss: 1.255 | Precision@1: 54.876% (22688/41344)
Loss: 1.254 | Precision@1: 54.902% (22769/41472)
Loss: 1.255 | Precision@1: 54.894% (22836/41600)
Loss: 1.255 | Precision@1: 54.898% (22908/41728)
Loss: 1.255 | Precision@1: 54.883% (22972/41856)
Loss: 1.254 | Precision@1: 54.914% (23055/41984)
Loss: 1.254 | Precision@1: 54.920% (23128/42112)
Loss: 1.253 | Precision@1: 54.922% (23199/42240)
Loss: 1.253 | Precision@1: 54.940% (23277/42368)
Loss: 1.253 | Precision@1: 54.951% (23352/42496)
Loss: 1.253 | Precision@1: 54.950% (23422/42624)
Loss: 1.252 | Precision@1: 54.968% (23500/42752)
Loss: 1.252 | Precision@1: 54.986% (23578/42880)
Loss: 1.251 | Precision@1: 55.034% (23669/43008)
Loss: 1.250 | Precision@1: 55.049% (23746/43136)
Loss: 1.250 | Precision@1: 55.057% (23820/43264)
Loss: 1.249 | Precision@1: 55.086% (23903/43392)
Loss: 1.249 | Precision@1: 55.087% (23974/43520)
Loss: 1.249 | Precision@1: 55.104% (24052/43648)
Loss: 1.248 | Precision@1: 55.124% (24131/43776)
Loss: 1.248 | Precision@1: 55.109% (24195/43904)
Loss: 1.248 | Precision@1: 55.124% (24272/44032)
Loss: 1.248 | Precision@1: 55.129% (24345/44160)
Loss: 1.247 | Precision@1: 55.123% (24413/44288)
Loss: 1.247 | Precision@1: 55.115% (24480/44416)
Loss: 1.247 | Precision@1: 55.132% (24558/44544)
Loss: 1.247 | Precision@1: 55.135% (24630/44672)
Loss: 1.246 | Precision@1: 55.179% (24720/44800)
Loss: 1.246 | Precision@1: 55.182% (24792/44928)
Loss: 1.245 | Precision@1: 55.189% (24866/45056)
Loss: 1.245 | Precision@1: 55.230% (24955/45184)
Loss: 1.244 | Precision@1: 55.235% (25028/45312)
Loss: 1.244 | Precision@1: 55.246% (25104/45440)
Loss: 1.244 | Precision@1: 55.236% (25170/45568)
Loss: 1.244 | Precision@1: 55.237% (25241/45696)
Loss: 1.244 | Precision@1: 55.257% (25321/45824)
Loss: 1.244 | Precision@1: 55.266% (25396/45952)
Loss: 1.243 | Precision@1: 55.284% (25475/46080)
Loss: 1.243 | Precision@1: 55.319% (25562/46208)
Loss: 1.242 | Precision@1: 55.354% (25649/46336)
Loss: 1.241 | Precision@1: 55.391% (25737/46464)
Loss: 1.241 | Precision@1: 55.422% (25822/46592)
Loss: 1.240 | Precision@1: 55.420% (25892/46720)
Loss: 1.240 | Precision@1: 55.415% (25961/46848)
Loss: 1.240 | Precision@1: 55.424% (26036/46976)
Loss: 1.240 | Precision@1: 55.433% (26111/47104)
Loss: 1.240 | Precision@1: 55.437% (26184/47232)
Loss: 1.240 | Precision@1: 55.437% (26255/47360)
Loss: 1.240 | Precision@1: 55.439% (26327/47488)
Loss: 1.239 | Precision@1: 55.452% (26404/47616)
Loss: 1.239 | Precision@1: 55.450% (26474/47744)
Loss: 1.239 | Precision@1: 55.465% (26552/47872)
Loss: 1.239 | Precision@1: 55.469% (26625/48000)
Loss: 1.238 | Precision@1: 55.487% (26705/48128)
Loss: 1.238 | Precision@1: 55.516% (26790/48256)
Loss: 1.237 | Precision@1: 55.537% (26871/48384)
Loss: 1.238 | Precision@1: 55.526% (26937/48512)
Loss: 1.238 | Precision@1: 55.512% (27001/48640)
Loss: 1.237 | Precision@1: 55.514% (27073/48768)
Loss: 1.238 | Precision@1: 55.510% (27142/48896)
Loss: 1.237 | Precision@1: 55.522% (27219/49024)
Loss: 1.237 | Precision@1: 55.509% (27284/49152)
Loss: 1.237 | Precision@1: 55.511% (27356/49280)
Loss: 1.237 | Precision@1: 55.513% (27428/49408)
Loss: 1.237 | Precision@1: 55.519% (27502/49536)
Loss: 1.236 | Precision@1: 55.531% (27579/49664)
Loss: 1.236 | Precision@1: 55.531% (27650/49792)
Loss: 1.236 | Precision@1: 55.537% (27724/49920)
Loss: 1.236 | Precision@1: 55.556% (27778/50000)

Aggregates: 			
 	 DataLoader Time: 0.9651 			
 	 Mini-batch Time:52.1731 			
 	 Training Epoch Time:52.3603
 			
 Averages: 			
 	 Training Loss: 1.2358

 Test set Averages: Loss: 1.162 | Precision@1: 58.350% (5835/10000)

Epoch: 3
Loss: 1.335 | Precision@1: 51.562% (66/128)
Loss: 1.207 | Precision@1: 55.469% (142/256)
Loss: 1.170 | Precision@1: 56.771% (218/384)
Loss: 1.127 | Precision@1: 59.375% (304/512)
Loss: 1.122 | Precision@1: 59.688% (382/640)
Loss: 1.143 | Precision@1: 59.245% (455/768)
Loss: 1.146 | Precision@1: 59.152% (530/896)
Loss: 1.173 | Precision@1: 57.617% (590/1024)
Loss: 1.159 | Precision@1: 58.160% (670/1152)
Loss: 1.145 | Precision@1: 58.828% (753/1280)
Loss: 1.153 | Precision@1: 58.878% (829/1408)
Loss: 1.161 | Precision@1: 58.724% (902/1536)
Loss: 1.169 | Precision@1: 58.654% (976/1664)
Loss: 1.179 | Precision@1: 58.315% (1045/1792)
Loss: 1.179 | Precision@1: 58.125% (1116/1920)
Loss: 1.176 | Precision@1: 58.057% (1189/2048)
Loss: 1.163 | Precision@1: 58.686% (1277/2176)
Loss: 1.160 | Precision@1: 58.941% (1358/2304)
Loss: 1.157 | Precision@1: 59.046% (1436/2432)
Loss: 1.155 | Precision@1: 59.102% (1513/2560)
Loss: 1.152 | Precision@1: 59.115% (1589/2688)
Loss: 1.152 | Precision@1: 59.091% (1664/2816)
Loss: 1.150 | Precision@1: 59.205% (1743/2944)
Loss: 1.148 | Precision@1: 59.277% (1821/3072)
Loss: 1.147 | Precision@1: 59.375% (1900/3200)
Loss: 1.142 | Precision@1: 59.555% (1982/3328)
Loss: 1.139 | Precision@1: 59.693% (2063/3456)
Loss: 1.140 | Precision@1: 59.598% (2136/3584)
Loss: 1.139 | Precision@1: 59.617% (2213/3712)
Loss: 1.134 | Precision@1: 59.922% (2301/3840)
Loss: 1.132 | Precision@1: 60.207% (2389/3968)
Loss: 1.128 | Precision@1: 60.352% (2472/4096)
Loss: 1.127 | Precision@1: 60.369% (2550/4224)
Loss: 1.126 | Precision@1: 60.524% (2634/4352)
Loss: 1.124 | Precision@1: 60.558% (2713/4480)
Loss: 1.124 | Precision@1: 60.569% (2791/4608)
Loss: 1.126 | Precision@1: 60.515% (2866/4736)
Loss: 1.123 | Precision@1: 60.444% (2940/4864)
Loss: 1.119 | Precision@1: 60.557% (3023/4992)
Loss: 1.119 | Precision@1: 60.449% (3095/5120)
Loss: 1.116 | Precision@1: 60.461% (3173/5248)
Loss: 1.115 | Precision@1: 60.547% (3255/5376)
Loss: 1.116 | Precision@1: 60.374% (3323/5504)
Loss: 1.116 | Precision@1: 60.369% (3400/5632)
Loss: 1.115 | Precision@1: 60.417% (3480/5760)
Loss: 1.114 | Precision@1: 60.377% (3555/5888)
Loss: 1.112 | Precision@1: 60.322% (3629/6016)
Loss: 1.110 | Precision@1: 60.482% (3716/6144)
Loss: 1.106 | Precision@1: 60.698% (3807/6272)
Loss: 1.105 | Precision@1: 60.750% (3888/6400)
Loss: 1.107 | Precision@1: 60.723% (3964/6528)
Loss: 1.107 | Precision@1: 60.682% (4039/6656)
Loss: 1.107 | Precision@1: 60.628% (4113/6784)
Loss: 1.109 | Precision@1: 60.460% (4179/6912)
Loss: 1.110 | Precision@1: 60.455% (4256/7040)
Loss: 1.110 | Precision@1: 60.477% (4335/7168)
Loss: 1.110 | Precision@1: 60.471% (4412/7296)
Loss: 1.107 | Precision@1: 60.480% (4490/7424)
Loss: 1.107 | Precision@1: 60.434% (4564/7552)
Loss: 1.107 | Precision@1: 60.352% (4635/7680)
Loss: 1.109 | Precision@1: 60.272% (4706/7808)
Loss: 1.110 | Precision@1: 60.282% (4784/7936)
Loss: 1.110 | Precision@1: 60.330% (4865/8064)
Loss: 1.110 | Precision@1: 60.400% (4948/8192)
Loss: 1.109 | Precision@1: 60.481% (5032/8320)
Loss: 1.110 | Precision@1: 60.417% (5104/8448)
Loss: 1.109 | Precision@1: 60.518% (5190/8576)
Loss: 1.108 | Precision@1: 60.581% (5273/8704)
Loss: 1.108 | Precision@1: 60.507% (5344/8832)
Loss: 1.107 | Precision@1: 60.547% (5425/8960)
Loss: 1.107 | Precision@1: 60.618% (5509/9088)
Loss: 1.106 | Precision@1: 60.623% (5587/9216)
Loss: 1.107 | Precision@1: 60.563% (5659/9344)
Loss: 1.108 | Precision@1: 60.484% (5729/9472)
Loss: 1.105 | Precision@1: 60.625% (5820/9600)
Loss: 1.103 | Precision@1: 60.660% (5901/9728)
Loss: 1.104 | Precision@1: 60.633% (5976/9856)
Loss: 1.104 | Precision@1: 60.647% (6055/9984)
Loss: 1.103 | Precision@1: 60.720% (6140/10112)
Loss: 1.104 | Precision@1: 60.762% (6222/10240)
Loss: 1.103 | Precision@1: 60.831% (6307/10368)
Loss: 1.101 | Precision@1: 60.928% (6395/10496)
Loss: 1.102 | Precision@1: 60.909% (6471/10624)
Loss: 1.099 | Precision@1: 60.975% (6556/10752)
Loss: 1.100 | Precision@1: 60.983% (6635/10880)
Loss: 1.100 | Precision@1: 60.928% (6707/11008)
Loss: 1.102 | Precision@1: 60.821% (6773/11136)
Loss: 1.102 | Precision@1: 60.813% (6850/11264)
Loss: 1.101 | Precision@1: 60.806% (6927/11392)
Loss: 1.101 | Precision@1: 60.825% (7007/11520)
Loss: 1.103 | Precision@1: 60.706% (7071/11648)
Loss: 1.103 | Precision@1: 60.708% (7149/11776)
Loss: 1.104 | Precision@1: 60.685% (7224/11904)
Loss: 1.103 | Precision@1: 60.696% (7303/12032)
Loss: 1.102 | Precision@1: 60.765% (7389/12160)
Loss: 1.101 | Precision@1: 60.799% (7471/12288)
Loss: 1.099 | Precision@1: 60.809% (7550/12416)
Loss: 1.099 | Precision@1: 60.770% (7623/12544)
Loss: 1.099 | Precision@1: 60.732% (7696/12672)
Loss: 1.100 | Precision@1: 60.695% (7769/12800)
Loss: 1.099 | Precision@1: 60.729% (7851/12928)
Loss: 1.098 | Precision@1: 60.769% (7934/13056)
Loss: 1.097 | Precision@1: 60.778% (8013/13184)
Loss: 1.097 | Precision@1: 60.817% (8096/13312)
Loss: 1.099 | Precision@1: 60.774% (8168/13440)
Loss: 1.098 | Precision@1: 60.805% (8250/13568)
Loss: 1.099 | Precision@1: 60.806% (8328/13696)
Loss: 1.099 | Precision@1: 60.807% (8406/13824)
Loss: 1.099 | Precision@1: 60.808% (8484/13952)
Loss: 1.097 | Precision@1: 60.852% (8568/14080)
Loss: 1.095 | Precision@1: 60.938% (8658/14208)
Loss: 1.095 | Precision@1: 60.924% (8734/14336)
Loss: 1.096 | Precision@1: 60.944% (8815/14464)
Loss: 1.095 | Precision@1: 60.958% (8895/14592)
Loss: 1.094 | Precision@1: 60.971% (8975/14720)
Loss: 1.095 | Precision@1: 60.998% (9057/14848)
Loss: 1.093 | Precision@1: 61.064% (9145/14976)
Loss: 1.093 | Precision@1: 61.063% (9223/15104)
Loss: 1.093 | Precision@1: 61.108% (9308/15232)
Loss: 1.094 | Precision@1: 61.068% (9380/15360)
Loss: 1.094 | Precision@1: 61.067% (9458/15488)
Loss: 1.095 | Precision@1: 61.027% (9530/15616)
Loss: 1.093 | Precision@1: 61.096% (9619/15744)
Loss: 1.093 | Precision@1: 61.108% (9699/15872)
Loss: 1.094 | Precision@1: 61.050% (9768/16000)
Loss: 1.094 | Precision@1: 61.080% (9851/16128)
Loss: 1.094 | Precision@1: 61.054% (9925/16256)
Loss: 1.093 | Precision@1: 61.084% (10008/16384)
Loss: 1.093 | Precision@1: 61.095% (10088/16512)
Loss: 1.092 | Precision@1: 61.100% (10167/16640)
Loss: 1.093 | Precision@1: 61.110% (10247/16768)
Loss: 1.092 | Precision@1: 61.139% (10330/16896)
Loss: 1.093 | Precision@1: 61.149% (10410/17024)
Loss: 1.092 | Precision@1: 61.177% (10493/17152)
Loss: 1.091 | Precision@1: 61.250% (10584/17280)
Loss: 1.091 | Precision@1: 61.259% (10664/17408)
Loss: 1.090 | Precision@1: 61.291% (10748/17536)
Loss: 1.089 | Precision@1: 61.339% (10835/17664)
Loss: 1.089 | Precision@1: 61.297% (10906/17792)
Loss: 1.090 | Precision@1: 61.261% (10978/17920)
Loss: 1.088 | Precision@1: 61.309% (11065/18048)
Loss: 1.088 | Precision@1: 61.312% (11144/18176)
Loss: 1.087 | Precision@1: 61.375% (11234/18304)
Loss: 1.087 | Precision@1: 61.350% (11308/18432)
Loss: 1.087 | Precision@1: 61.369% (11390/18560)
Loss: 1.087 | Precision@1: 61.344% (11464/18688)
Loss: 1.087 | Precision@1: 61.352% (11544/18816)
Loss: 1.087 | Precision@1: 61.312% (11615/18944)
Loss: 1.087 | Precision@1: 61.289% (11689/19072)
Loss: 1.087 | Precision@1: 61.266% (11763/19200)
Loss: 1.087 | Precision@1: 61.279% (11844/19328)
Loss: 1.086 | Precision@1: 61.287% (11924/19456)
Loss: 1.085 | Precision@1: 61.300% (12005/19584)
Loss: 1.086 | Precision@1: 61.288% (12081/19712)
Loss: 1.086 | Precision@1: 61.295% (12161/19840)
Loss: 1.087 | Precision@1: 61.278% (12236/19968)
Loss: 1.086 | Precision@1: 61.286% (12316/20096)
Loss: 1.085 | Precision@1: 61.308% (12399/20224)
Loss: 1.085 | Precision@1: 61.340% (12484/20352)
Loss: 1.085 | Precision@1: 61.343% (12563/20480)
Loss: 1.085 | Precision@1: 61.345% (12642/20608)
Loss: 1.083 | Precision@1: 61.391% (12730/20736)
Loss: 1.083 | Precision@1: 61.422% (12815/20864)
Loss: 1.084 | Precision@1: 61.404% (12890/20992)
Loss: 1.083 | Precision@1: 61.402% (12968/21120)
Loss: 1.083 | Precision@1: 61.413% (13049/21248)
Loss: 1.083 | Precision@1: 61.443% (13134/21376)
Loss: 1.082 | Precision@1: 61.454% (13215/21504)
Loss: 1.082 | Precision@1: 61.451% (13293/21632)
Loss: 1.082 | Precision@1: 61.484% (13379/21760)
Loss: 1.082 | Precision@1: 61.486% (13458/21888)
Loss: 1.081 | Precision@1: 61.514% (13543/22016)
Loss: 1.081 | Precision@1: 61.516% (13622/22144)
Loss: 1.081 | Precision@1: 61.530% (13704/22272)
Loss: 1.081 | Precision@1: 61.540% (13785/22400)
Loss: 1.081 | Precision@1: 61.519% (13859/22528)
Loss: 1.080 | Precision@1: 61.538% (13942/22656)
Loss: 1.080 | Precision@1: 61.556% (14025/22784)
Loss: 1.079 | Precision@1: 61.579% (14109/22912)
Loss: 1.078 | Precision@1: 61.619% (14197/23040)
Loss: 1.078 | Precision@1: 61.615% (14275/23168)
Loss: 1.078 | Precision@1: 61.616% (14354/23296)
Loss: 1.078 | Precision@1: 61.638% (14438/23424)
Loss: 1.078 | Precision@1: 61.617% (14512/23552)
Loss: 1.077 | Precision@1: 61.630% (14594/23680)
Loss: 1.077 | Precision@1: 61.656% (14679/23808)
Loss: 1.077 | Precision@1: 61.652% (14757/23936)
Loss: 1.076 | Precision@1: 61.673% (14841/24064)
Loss: 1.075 | Precision@1: 61.735% (14935/24192)
Loss: 1.075 | Precision@1: 61.772% (15023/24320)
Loss: 1.075 | Precision@1: 61.784% (15105/24448)
Loss: 1.075 | Precision@1: 61.812% (15191/24576)
Loss: 1.074 | Precision@1: 61.836% (15276/24704)
Loss: 1.074 | Precision@1: 61.836% (15355/24832)
Loss: 1.074 | Precision@1: 61.811% (15428/24960)
Loss: 1.074 | Precision@1: 61.826% (15511/25088)
Loss: 1.073 | Precision@1: 61.822% (15589/25216)
Loss: 1.072 | Precision@1: 61.861% (15678/25344)
Loss: 1.073 | Precision@1: 61.876% (15761/25472)
Loss: 1.073 | Precision@1: 61.867% (15838/25600)
Loss: 1.073 | Precision@1: 61.878% (15920/25728)
Loss: 1.072 | Precision@1: 61.897% (16004/25856)
Loss: 1.072 | Precision@1: 61.903% (16085/25984)
Loss: 1.072 | Precision@1: 61.922% (16169/26112)
Loss: 1.073 | Precision@1: 61.909% (16245/26240)
Loss: 1.072 | Precision@1: 61.908% (16324/26368)
Loss: 1.072 | Precision@1: 61.930% (16409/26496)
Loss: 1.072 | Precision@1: 61.922% (16486/26624)
Loss: 1.072 | Precision@1: 61.939% (16570/26752)
Loss: 1.072 | Precision@1: 61.961% (16655/26880)
Loss: 1.071 | Precision@1: 61.996% (16744/27008)
Loss: 1.071 | Precision@1: 62.017% (16829/27136)
Loss: 1.071 | Precision@1: 62.016% (16908/27264)
Loss: 1.071 | Precision@1: 62.018% (16988/27392)
Loss: 1.071 | Precision@1: 62.006% (17064/27520)
Loss: 1.071 | Precision@1: 62.055% (17157/27648)
Loss: 1.071 | Precision@1: 62.057% (17237/27776)
Loss: 1.070 | Precision@1: 62.070% (17320/27904)
Loss: 1.070 | Precision@1: 62.065% (17398/28032)
Loss: 1.070 | Precision@1: 62.070% (17479/28160)
Loss: 1.070 | Precision@1: 62.076% (17560/28288)
Loss: 1.070 | Precision@1: 62.078% (17640/28416)
Loss: 1.069 | Precision@1: 62.094% (17724/28544)
Loss: 1.068 | Precision@1: 62.123% (17812/28672)
Loss: 1.068 | Precision@1: 62.153% (17900/28800)
Loss: 1.068 | Precision@1: 62.161% (17982/28928)
Loss: 1.067 | Precision@1: 62.194% (18071/29056)
Loss: 1.067 | Precision@1: 62.212% (18156/29184)
Loss: 1.066 | Precision@1: 62.217% (18237/29312)
Loss: 1.066 | Precision@1: 62.208% (18314/29440)
Loss: 1.066 | Precision@1: 62.229% (18400/29568)
Loss: 1.065 | Precision@1: 62.204% (18472/29696)
Loss: 1.065 | Precision@1: 62.222% (18557/29824)
Loss: 1.064 | Precision@1: 62.246% (18644/29952)
Loss: 1.064 | Precision@1: 62.274% (18732/30080)
Loss: 1.064 | Precision@1: 62.268% (18810/30208)
Loss: 1.063 | Precision@1: 62.299% (18899/30336)
Loss: 1.063 | Precision@1: 62.300% (18979/30464)
Loss: 1.063 | Precision@1: 62.291% (19056/30592)
Loss: 1.063 | Precision@1: 62.301% (19139/30720)
Loss: 1.062 | Precision@1: 62.338% (19230/30848)
Loss: 1.062 | Precision@1: 62.355% (19315/30976)
Loss: 1.063 | Precision@1: 62.323% (19385/31104)
Loss: 1.063 | Precision@1: 62.314% (19462/31232)
Loss: 1.063 | Precision@1: 62.337% (19549/31360)
Loss: 1.063 | Precision@1: 62.325% (19625/31488)
Loss: 1.063 | Precision@1: 62.326% (19705/31616)
Loss: 1.064 | Precision@1: 62.283% (19771/31744)
Loss: 1.064 | Precision@1: 62.284% (19851/31872)
Loss: 1.063 | Precision@1: 62.294% (19934/32000)
Loss: 1.063 | Precision@1: 62.316% (20021/32128)
Loss: 1.063 | Precision@1: 62.345% (20110/32256)
Loss: 1.062 | Precision@1: 62.358% (20194/32384)
Loss: 1.063 | Precision@1: 62.359% (20274/32512)
Loss: 1.062 | Precision@1: 62.371% (20358/32640)
Loss: 1.062 | Precision@1: 62.399% (20447/32768)
Loss: 1.062 | Precision@1: 62.409% (20530/32896)
Loss: 1.062 | Precision@1: 62.412% (20611/33024)
Loss: 1.062 | Precision@1: 62.406% (20689/33152)
Loss: 1.061 | Precision@1: 62.434% (20778/33280)
Loss: 1.061 | Precision@1: 62.440% (20860/33408)
Loss: 1.061 | Precision@1: 62.428% (20936/33536)
Loss: 1.061 | Precision@1: 62.429% (21016/33664)
Loss: 1.061 | Precision@1: 62.435% (21098/33792)
Loss: 1.061 | Precision@1: 62.441% (21180/33920)
Loss: 1.061 | Precision@1: 62.444% (21261/34048)
Loss: 1.061 | Precision@1: 62.441% (21340/34176)
Loss: 1.061 | Precision@1: 62.424% (21414/34304)
Loss: 1.060 | Precision@1: 62.433% (21497/34432)
Loss: 1.060 | Precision@1: 62.442% (21580/34560)
Loss: 1.060 | Precision@1: 62.451% (21663/34688)
Loss: 1.060 | Precision@1: 62.434% (21737/34816)
Loss: 1.060 | Precision@1: 62.434% (21817/34944)
Loss: 1.059 | Precision@1: 62.486% (21915/35072)
Loss: 1.059 | Precision@1: 62.494% (21998/35200)
Loss: 1.059 | Precision@1: 62.525% (22089/35328)
Loss: 1.058 | Precision@1: 62.523% (22168/35456)
Loss: 1.058 | Precision@1: 62.545% (22256/35584)
Loss: 1.058 | Precision@1: 62.562% (22342/35712)
Loss: 1.057 | Precision@1: 62.575% (22427/35840)
Loss: 1.057 | Precision@1: 62.595% (22514/35968)
Loss: 1.057 | Precision@1: 62.594% (22594/36096)
Loss: 1.056 | Precision@1: 62.619% (22683/36224)
Loss: 1.056 | Precision@1: 62.596% (22755/36352)
Loss: 1.056 | Precision@1: 62.615% (22842/36480)
Loss: 1.056 | Precision@1: 62.609% (22920/36608)
Loss: 1.056 | Precision@1: 62.620% (23004/36736)
Loss: 1.056 | Precision@1: 62.611% (23081/36864)
Loss: 1.055 | Precision@1: 62.632% (23169/36992)
Loss: 1.056 | Precision@1: 62.648% (23255/37120)
Loss: 1.056 | Precision@1: 62.648% (23335/37248)
Loss: 1.055 | Precision@1: 62.644% (23414/37376)
Loss: 1.055 | Precision@1: 62.660% (23500/37504)
Loss: 1.054 | Precision@1: 62.681% (23588/37632)
Loss: 1.055 | Precision@1: 62.662% (23661/37760)
Loss: 1.054 | Precision@1: 62.674% (23746/37888)
Loss: 1.055 | Precision@1: 62.668% (23824/38016)
Loss: 1.054 | Precision@1: 62.689% (23912/38144)
Loss: 1.054 | Precision@1: 62.699% (23996/38272)
Loss: 1.054 | Precision@1: 62.708% (24080/38400)
Loss: 1.054 | Precision@1: 62.700% (24157/38528)
Loss: 1.053 | Precision@1: 62.728% (24248/38656)
Loss: 1.053 | Precision@1: 62.732% (24330/38784)
Loss: 1.053 | Precision@1: 62.744% (24415/38912)
Loss: 1.053 | Precision@1: 62.725% (24488/39040)
Loss: 1.052 | Precision@1: 62.730% (24570/39168)
Loss: 1.052 | Precision@1: 62.732% (24651/39296)
Loss: 1.052 | Precision@1: 62.744% (24736/39424)
Loss: 1.052 | Precision@1: 62.730% (24811/39552)
Loss: 1.052 | Precision@1: 62.729% (24891/39680)
Loss: 1.052 | Precision@1: 62.754% (24981/39808)
Loss: 1.052 | Precision@1: 62.765% (25066/39936)
Loss: 1.051 | Precision@1: 62.772% (25149/40064)
Loss: 1.051 | Precision@1: 62.771% (25229/40192)
Loss: 1.050 | Precision@1: 62.805% (25323/40320)
Loss: 1.050 | Precision@1: 62.816% (25408/40448)
Loss: 1.050 | Precision@1: 62.823% (25491/40576)
Loss: 1.049 | Precision@1: 62.834% (25576/40704)
Loss: 1.049 | Precision@1: 62.848% (25662/40832)
Loss: 1.048 | Precision@1: 62.861% (25748/40960)
Loss: 1.048 | Precision@1: 62.872% (25833/41088)
Loss: 1.048 | Precision@1: 62.883% (25918/41216)
Loss: 1.048 | Precision@1: 62.875% (25995/41344)
Loss: 1.047 | Precision@1: 62.893% (26083/41472)
Loss: 1.047 | Precision@1: 62.909% (26170/41600)
Loss: 1.047 | Precision@1: 62.927% (26258/41728)
Loss: 1.047 | Precision@1: 62.932% (26341/41856)
Loss: 1.046 | Precision@1: 62.950% (26429/41984)
Loss: 1.046 | Precision@1: 62.961% (26514/42112)
Loss: 1.045 | Precision@1: 62.971% (26599/42240)
Loss: 1.045 | Precision@1: 62.974% (26681/42368)
Loss: 1.045 | Precision@1: 62.985% (26766/42496)
Loss: 1.045 | Precision@1: 62.986% (26847/42624)
Loss: 1.044 | Precision@1: 63.005% (26936/42752)
Loss: 1.044 | Precision@1: 63.018% (27022/42880)
Loss: 1.043 | Precision@1: 63.030% (27108/43008)
Loss: 1.043 | Precision@1: 63.052% (27198/43136)
Loss: 1.043 | Precision@1: 63.062% (27283/43264)
Loss: 1.043 | Precision@1: 63.048% (27358/43392)
Loss: 1.042 | Precision@1: 63.077% (27451/43520)
Loss: 1.041 | Precision@1: 63.100% (27542/43648)
Loss: 1.041 | Precision@1: 63.124% (27633/43776)
Loss: 1.041 | Precision@1: 63.149% (27725/43904)
Loss: 1.040 | Precision@1: 63.163% (27812/44032)
Loss: 1.040 | Precision@1: 63.179% (27900/44160)
Loss: 1.040 | Precision@1: 63.186% (27984/44288)
Loss: 1.039 | Precision@1: 63.225% (28082/44416)
Loss: 1.039 | Precision@1: 63.223% (28162/44544)
Loss: 1.039 | Precision@1: 63.221% (28242/44672)
Loss: 1.039 | Precision@1: 63.230% (28327/44800)
Loss: 1.039 | Precision@1: 63.232% (28409/44928)
Loss: 1.039 | Precision@1: 63.248% (28497/45056)
Loss: 1.038 | Precision@1: 63.266% (28586/45184)
Loss: 1.038 | Precision@1: 63.297% (28681/45312)
Loss: 1.037 | Precision@1: 63.312% (28769/45440)
Loss: 1.037 | Precision@1: 63.310% (28849/45568)
Loss: 1.037 | Precision@1: 63.329% (28939/45696)
Loss: 1.037 | Precision@1: 63.307% (29010/45824)
Loss: 1.037 | Precision@1: 63.314% (29094/45952)
Loss: 1.037 | Precision@1: 63.294% (29166/46080)
Loss: 1.037 | Precision@1: 63.303% (29251/46208)
Loss: 1.037 | Precision@1: 63.305% (29333/46336)
Loss: 1.036 | Precision@1: 63.326% (29424/46464)
Loss: 1.036 | Precision@1: 63.318% (29501/46592)
Loss: 1.036 | Precision@1: 63.337% (29591/46720)
Loss: 1.036 | Precision@1: 63.343% (29675/46848)
Loss: 1.035 | Precision@1: 63.366% (29767/46976)
Loss: 1.035 | Precision@1: 63.356% (29843/47104)
Loss: 1.035 | Precision@1: 63.364% (29928/47232)
Loss: 1.035 | Precision@1: 63.374% (30014/47360)
Loss: 1.035 | Precision@1: 63.372% (30094/47488)
Loss: 1.035 | Precision@1: 63.351% (30165/47616)
Loss: 1.035 | Precision@1: 63.355% (30248/47744)
Loss: 1.035 | Precision@1: 63.354% (30329/47872)
Loss: 1.035 | Precision@1: 63.358% (30412/48000)
Loss: 1.035 | Precision@1: 63.358% (30493/48128)
Loss: 1.034 | Precision@1: 63.399% (30594/48256)
Loss: 1.034 | Precision@1: 63.409% (30680/48384)
Loss: 1.034 | Precision@1: 63.411% (30762/48512)
Loss: 1.033 | Precision@1: 63.425% (30850/48640)
Loss: 1.033 | Precision@1: 63.427% (30932/48768)
Loss: 1.033 | Precision@1: 63.439% (31019/48896)
Loss: 1.033 | Precision@1: 63.453% (31107/49024)
Loss: 1.032 | Precision@1: 63.472% (31198/49152)
Loss: 1.033 | Precision@1: 63.456% (31271/49280)
Loss: 1.032 | Precision@1: 63.459% (31354/49408)
Loss: 1.032 | Precision@1: 63.475% (31443/49536)
Loss: 1.032 | Precision@1: 63.497% (31535/49664)
Loss: 1.032 | Precision@1: 63.492% (31614/49792)
Loss: 1.032 | Precision@1: 63.498% (31698/49920)
Loss: 1.031 | Precision@1: 63.506% (31753/50000)

Aggregates: 			
 	 DataLoader Time: 0.9062 			
 	 Mini-batch Time:52.2913 			
 	 Training Epoch Time:52.4898
 			
 Averages: 			
 	 Training Loss: 1.0311

 Test set Averages: Loss: 1.099 | Precision@1: 61.930% (6193/10000)

Epoch: 4
Loss: 1.192 | Precision@1: 58.594% (75/128)
Loss: 1.086 | Precision@1: 62.891% (161/256)
Loss: 1.117 | Precision@1: 61.979% (238/384)
Loss: 1.046 | Precision@1: 63.672% (326/512)
Loss: 1.027 | Precision@1: 64.688% (414/640)
Loss: 1.023 | Precision@1: 64.453% (495/768)
Loss: 1.001 | Precision@1: 65.179% (584/896)
Loss: 0.993 | Precision@1: 65.918% (675/1024)
Loss: 0.991 | Precision@1: 65.885% (759/1152)
Loss: 0.984 | Precision@1: 66.016% (845/1280)
Loss: 0.977 | Precision@1: 66.193% (932/1408)
Loss: 0.976 | Precision@1: 65.820% (1011/1536)
Loss: 0.992 | Precision@1: 65.264% (1086/1664)
Loss: 1.001 | Precision@1: 65.179% (1168/1792)
Loss: 0.994 | Precision@1: 65.417% (1256/1920)
Loss: 0.986 | Precision@1: 65.771% (1347/2048)
Loss: 0.980 | Precision@1: 65.671% (1429/2176)
Loss: 0.978 | Precision@1: 65.538% (1510/2304)
Loss: 0.974 | Precision@1: 65.707% (1598/2432)
Loss: 0.974 | Precision@1: 65.430% (1675/2560)
Loss: 0.976 | Precision@1: 65.179% (1752/2688)
Loss: 0.977 | Precision@1: 65.199% (1836/2816)
Loss: 0.984 | Precision@1: 65.115% (1917/2944)
Loss: 0.983 | Precision@1: 65.104% (2000/3072)
Loss: 0.977 | Precision@1: 65.312% (2090/3200)
Loss: 0.972 | Precision@1: 65.475% (2179/3328)
Loss: 0.972 | Precision@1: 65.596% (2267/3456)
Loss: 0.969 | Precision@1: 65.709% (2355/3584)
Loss: 0.968 | Precision@1: 65.733% (2440/3712)
Loss: 0.971 | Precision@1: 65.599% (2519/3840)
Loss: 0.966 | Precision@1: 65.852% (2613/3968)
Loss: 0.964 | Precision@1: 65.894% (2699/4096)
Loss: 0.962 | Precision@1: 65.862% (2782/4224)
Loss: 0.961 | Precision@1: 65.901% (2868/4352)
Loss: 0.965 | Precision@1: 65.848% (2950/4480)
Loss: 0.969 | Precision@1: 65.755% (3030/4608)
Loss: 0.968 | Precision@1: 65.857% (3119/4736)
Loss: 0.968 | Precision@1: 65.892% (3205/4864)
Loss: 0.963 | Precision@1: 66.106% (3300/4992)
Loss: 0.963 | Precision@1: 66.094% (3384/5120)
Loss: 0.961 | Precision@1: 66.235% (3476/5248)
Loss: 0.964 | Precision@1: 66.109% (3554/5376)
Loss: 0.969 | Precision@1: 65.970% (3631/5504)
Loss: 0.968 | Precision@1: 65.980% (3716/5632)
Loss: 0.964 | Precision@1: 65.955% (3799/5760)
Loss: 0.961 | Precision@1: 66.101% (3892/5888)
Loss: 0.962 | Precision@1: 66.024% (3972/6016)
Loss: 0.960 | Precision@1: 66.146% (4064/6144)
Loss: 0.958 | Precision@1: 66.119% (4147/6272)
Loss: 0.957 | Precision@1: 66.094% (4230/6400)
Loss: 0.957 | Precision@1: 66.176% (4320/6528)
Loss: 0.958 | Precision@1: 66.181% (4405/6656)
Loss: 0.956 | Precision@1: 66.318% (4499/6784)
Loss: 0.955 | Precision@1: 66.392% (4589/6912)
Loss: 0.956 | Precision@1: 66.378% (4673/7040)
Loss: 0.954 | Precision@1: 66.434% (4762/7168)
Loss: 0.952 | Precision@1: 66.516% (4853/7296)
Loss: 0.950 | Precision@1: 66.527% (4939/7424)
Loss: 0.950 | Precision@1: 66.565% (5027/7552)
Loss: 0.949 | Precision@1: 66.484% (5106/7680)
Loss: 0.948 | Precision@1: 66.547% (5196/7808)
Loss: 0.948 | Precision@1: 66.507% (5278/7936)
Loss: 0.948 | Precision@1: 66.419% (5356/8064)
Loss: 0.947 | Precision@1: 66.406% (5440/8192)
Loss: 0.946 | Precision@1: 66.430% (5527/8320)
Loss: 0.945 | Precision@1: 66.501% (5618/8448)
Loss: 0.948 | Precision@1: 66.371% (5692/8576)
Loss: 0.947 | Precision@1: 66.349% (5775/8704)
Loss: 0.946 | Precision@1: 66.384% (5863/8832)
Loss: 0.947 | Precision@1: 66.395% (5949/8960)
Loss: 0.948 | Precision@1: 66.384% (6033/9088)
Loss: 0.949 | Precision@1: 66.395% (6119/9216)
Loss: 0.947 | Precision@1: 66.449% (6209/9344)
Loss: 0.947 | Precision@1: 66.470% (6296/9472)
Loss: 0.948 | Precision@1: 66.448% (6379/9600)
Loss: 0.946 | Precision@1: 66.530% (6472/9728)
Loss: 0.945 | Precision@1: 66.457% (6550/9856)
Loss: 0.947 | Precision@1: 66.426% (6632/9984)
Loss: 0.948 | Precision@1: 66.377% (6712/10112)
Loss: 0.950 | Precision@1: 66.328% (6792/10240)
Loss: 0.951 | Precision@1: 66.377% (6882/10368)
Loss: 0.950 | Precision@1: 66.349% (6964/10496)
Loss: 0.951 | Precision@1: 66.331% (7047/10624)
Loss: 0.951 | Precision@1: 66.304% (7129/10752)
Loss: 0.952 | Precision@1: 66.204% (7203/10880)
Loss: 0.952 | Precision@1: 66.179% (7285/11008)
Loss: 0.951 | Precision@1: 66.272% (7380/11136)
Loss: 0.950 | Precision@1: 66.300% (7468/11264)
Loss: 0.951 | Precision@1: 66.275% (7550/11392)
Loss: 0.952 | Precision@1: 66.285% (7636/11520)
Loss: 0.951 | Precision@1: 66.277% (7720/11648)
Loss: 0.950 | Precision@1: 66.279% (7805/11776)
Loss: 0.949 | Precision@1: 66.347% (7898/11904)
Loss: 0.947 | Precision@1: 66.456% (7996/12032)
Loss: 0.949 | Precision@1: 66.398% (8074/12160)
Loss: 0.949 | Precision@1: 66.406% (8160/12288)
Loss: 0.948 | Precision@1: 66.447% (8250/12416)
Loss: 0.949 | Precision@1: 66.430% (8333/12544)
Loss: 0.949 | Precision@1: 66.430% (8418/12672)
Loss: 0.948 | Precision@1: 66.484% (8510/12800)
Loss: 0.947 | Precision@1: 66.538% (8602/12928)
Loss: 0.946 | Precision@1: 66.567% (8691/13056)
Loss: 0.945 | Precision@1: 66.603% (8781/13184)
Loss: 0.946 | Precision@1: 66.579% (8863/13312)
Loss: 0.948 | Precision@1: 66.525% (8941/13440)
Loss: 0.947 | Precision@1: 66.568% (9032/13568)
Loss: 0.947 | Precision@1: 66.552% (9115/13696)
Loss: 0.946 | Precision@1: 66.558% (9201/13824)
Loss: 0.947 | Precision@1: 66.535% (9283/13952)
Loss: 0.947 | Precision@1: 66.513% (9365/14080)
Loss: 0.947 | Precision@1: 66.526% (9452/14208)
Loss: 0.947 | Precision@1: 66.546% (9540/14336)
Loss: 0.947 | Precision@1: 66.579% (9630/14464)
Loss: 0.946 | Precision@1: 66.626% (9722/14592)
Loss: 0.947 | Precision@1: 66.556% (9797/14720)
Loss: 0.947 | Precision@1: 66.575% (9885/14848)
Loss: 0.945 | Precision@1: 66.647% (9981/14976)
Loss: 0.945 | Precision@1: 66.664% (10069/15104)
Loss: 0.946 | Precision@1: 66.616% (10147/15232)
Loss: 0.946 | Precision@1: 66.621% (10233/15360)
Loss: 0.946 | Precision@1: 66.632% (10320/15488)
Loss: 0.946 | Precision@1: 66.605% (10401/15616)
Loss: 0.945 | Precision@1: 66.635% (10491/15744)
Loss: 0.944 | Precision@1: 66.690% (10585/15872)
Loss: 0.944 | Precision@1: 66.700% (10672/16000)
Loss: 0.943 | Precision@1: 66.704% (10758/16128)
Loss: 0.942 | Precision@1: 66.757% (10852/16256)
Loss: 0.942 | Precision@1: 66.748% (10936/16384)
Loss: 0.943 | Precision@1: 66.679% (11010/16512)
Loss: 0.942 | Precision@1: 66.701% (11099/16640)
Loss: 0.944 | Precision@1: 66.633% (11173/16768)
Loss: 0.944 | Precision@1: 66.661% (11263/16896)
Loss: 0.945 | Precision@1: 66.594% (11337/17024)
Loss: 0.946 | Precision@1: 66.575% (11419/17152)
Loss: 0.946 | Precision@1: 66.562% (11502/17280)
Loss: 0.946 | Precision@1: 66.556% (11586/17408)
Loss: 0.945 | Precision@1: 66.589% (11677/17536)
Loss: 0.945 | Precision@1: 66.616% (11767/17664)
Loss: 0.946 | Precision@1: 66.597% (11849/17792)
Loss: 0.946 | Precision@1: 66.596% (11934/17920)
Loss: 0.946 | Precision@1: 66.611% (12022/18048)
Loss: 0.945 | Precision@1: 66.670% (12118/18176)
Loss: 0.944 | Precision@1: 66.723% (12213/18304)
Loss: 0.944 | Precision@1: 66.726% (12299/18432)
Loss: 0.943 | Precision@1: 66.789% (12396/18560)
Loss: 0.943 | Precision@1: 66.813% (12486/18688)
Loss: 0.943 | Precision@1: 66.826% (12574/18816)
Loss: 0.943 | Precision@1: 66.829% (12660/18944)
Loss: 0.942 | Precision@1: 66.836% (12747/19072)
Loss: 0.941 | Precision@1: 66.927% (12850/19200)
Loss: 0.941 | Precision@1: 66.929% (12936/19328)
Loss: 0.940 | Precision@1: 66.895% (13015/19456)
Loss: 0.940 | Precision@1: 66.922% (13106/19584)
Loss: 0.939 | Precision@1: 66.959% (13199/19712)
Loss: 0.939 | Precision@1: 66.956% (13284/19840)
Loss: 0.939 | Precision@1: 66.937% (13366/19968)
Loss: 0.940 | Precision@1: 66.924% (13449/20096)
Loss: 0.940 | Precision@1: 66.965% (13543/20224)
Loss: 0.939 | Precision@1: 66.947% (13625/20352)
Loss: 0.939 | Precision@1: 66.953% (13712/20480)
Loss: 0.939 | Precision@1: 66.959% (13799/20608)
Loss: 0.939 | Precision@1: 66.980% (13889/20736)
Loss: 0.939 | Precision@1: 66.948% (13968/20864)
Loss: 0.939 | Precision@1: 66.925% (14049/20992)
Loss: 0.939 | Precision@1: 66.941% (14138/21120)
Loss: 0.938 | Precision@1: 66.971% (14230/21248)
Loss: 0.939 | Precision@1: 66.940% (14309/21376)
Loss: 0.938 | Precision@1: 66.950% (14397/21504)
Loss: 0.937 | Precision@1: 66.989% (14491/21632)
Loss: 0.937 | Precision@1: 66.999% (14579/21760)
Loss: 0.936 | Precision@1: 67.018% (14669/21888)
Loss: 0.935 | Precision@1: 67.047% (14761/22016)
Loss: 0.935 | Precision@1: 67.057% (14849/22144)
Loss: 0.935 | Precision@1: 67.084% (14941/22272)
Loss: 0.934 | Precision@1: 67.089% (15028/22400)
Loss: 0.935 | Precision@1: 67.099% (15116/22528)
Loss: 0.935 | Precision@1: 67.073% (15196/22656)
Loss: 0.936 | Precision@1: 67.082% (15284/22784)
Loss: 0.935 | Precision@1: 67.100% (15374/22912)
Loss: 0.935 | Precision@1: 67.101% (15460/23040)
Loss: 0.934 | Precision@1: 67.140% (15555/23168)
Loss: 0.934 | Precision@1: 67.162% (15646/23296)
Loss: 0.934 | Precision@1: 67.166% (15733/23424)
Loss: 0.933 | Precision@1: 67.162% (15818/23552)
Loss: 0.934 | Precision@1: 67.179% (15908/23680)
Loss: 0.935 | Precision@1: 67.145% (15986/23808)
Loss: 0.934 | Precision@1: 67.167% (16077/23936)
Loss: 0.933 | Precision@1: 67.196% (16170/24064)
Loss: 0.933 | Precision@1: 67.196% (16256/24192)
Loss: 0.933 | Precision@1: 67.208% (16345/24320)
Loss: 0.932 | Precision@1: 67.212% (16432/24448)
Loss: 0.931 | Precision@1: 67.236% (16524/24576)
Loss: 0.931 | Precision@1: 67.248% (16613/24704)
Loss: 0.930 | Precision@1: 67.272% (16705/24832)
Loss: 0.930 | Precision@1: 67.312% (16801/24960)
Loss: 0.929 | Precision@1: 67.339% (16894/25088)
Loss: 0.929 | Precision@1: 67.350% (16983/25216)
Loss: 0.928 | Precision@1: 67.389% (17079/25344)
Loss: 0.928 | Precision@1: 67.364% (17159/25472)
Loss: 0.928 | Precision@1: 67.359% (17244/25600)
Loss: 0.929 | Precision@1: 67.335% (17324/25728)
Loss: 0.929 | Precision@1: 67.342% (17412/25856)
Loss: 0.928 | Precision@1: 67.368% (17505/25984)
Loss: 0.928 | Precision@1: 67.375% (17593/26112)
Loss: 0.928 | Precision@1: 67.370% (17678/26240)
Loss: 0.927 | Precision@1: 67.362% (17762/26368)
Loss: 0.928 | Precision@1: 67.331% (17840/26496)
Loss: 0.928 | Precision@1: 67.323% (17924/26624)
Loss: 0.927 | Precision@1: 67.337% (18014/26752)
Loss: 0.927 | Precision@1: 67.329% (18098/26880)
Loss: 0.927 | Precision@1: 67.347% (18189/27008)
Loss: 0.927 | Precision@1: 67.342% (18274/27136)
Loss: 0.927 | Precision@1: 67.356% (18364/27264)
Loss: 0.928 | Precision@1: 67.348% (18448/27392)
Loss: 0.927 | Precision@1: 67.347% (18534/27520)
Loss: 0.927 | Precision@1: 67.365% (18625/27648)
Loss: 0.928 | Precision@1: 67.357% (18709/27776)
Loss: 0.928 | Precision@1: 67.345% (18792/27904)
Loss: 0.928 | Precision@1: 67.352% (18880/28032)
Loss: 0.927 | Precision@1: 67.358% (18968/28160)
Loss: 0.928 | Precision@1: 67.343% (19050/28288)
Loss: 0.927 | Precision@1: 67.363% (19142/28416)
Loss: 0.927 | Precision@1: 67.384% (19234/28544)
Loss: 0.926 | Precision@1: 67.418% (19330/28672)
Loss: 0.925 | Precision@1: 67.424% (19418/28800)
Loss: 0.925 | Precision@1: 67.423% (19504/28928)
Loss: 0.925 | Precision@1: 67.411% (19587/29056)
Loss: 0.925 | Precision@1: 67.403% (19671/29184)
Loss: 0.926 | Precision@1: 67.372% (19748/29312)
Loss: 0.926 | Precision@1: 67.388% (19839/29440)
Loss: 0.926 | Precision@1: 67.387% (19925/29568)
Loss: 0.926 | Precision@1: 67.379% (20009/29696)
Loss: 0.925 | Precision@1: 67.395% (20100/29824)
Loss: 0.925 | Precision@1: 67.378% (20181/29952)
Loss: 0.925 | Precision@1: 67.397% (20273/30080)
Loss: 0.925 | Precision@1: 67.383% (20355/30208)
Loss: 0.926 | Precision@1: 67.382% (20441/30336)
Loss: 0.926 | Precision@1: 67.391% (20530/30464)
Loss: 0.926 | Precision@1: 67.407% (20621/30592)
Loss: 0.925 | Precision@1: 67.428% (20714/30720)
Loss: 0.925 | Precision@1: 67.440% (20804/30848)
Loss: 0.925 | Precision@1: 67.433% (20888/30976)
Loss: 0.924 | Precision@1: 67.445% (20978/31104)
Loss: 0.923 | Precision@1: 67.447% (21065/31232)
Loss: 0.923 | Precision@1: 67.452% (21153/31360)
Loss: 0.922 | Precision@1: 67.473% (21246/31488)
Loss: 0.922 | Precision@1: 67.450% (21325/31616)
Loss: 0.922 | Precision@1: 67.446% (21410/31744)
Loss: 0.921 | Precision@1: 67.467% (21503/31872)
Loss: 0.921 | Precision@1: 67.487% (21596/32000)
Loss: 0.920 | Precision@1: 67.521% (21693/32128)
Loss: 0.920 | Precision@1: 67.510% (21776/32256)
Loss: 0.920 | Precision@1: 67.521% (21866/32384)
Loss: 0.919 | Precision@1: 67.538% (21958/32512)
Loss: 0.919 | Precision@1: 67.540% (22045/32640)
Loss: 0.919 | Precision@1: 67.551% (22135/32768)
Loss: 0.919 | Precision@1: 67.561% (22225/32896)
Loss: 0.919 | Precision@1: 67.587% (22320/33024)
Loss: 0.918 | Precision@1: 67.601% (22411/33152)
Loss: 0.918 | Precision@1: 67.611% (22501/33280)
Loss: 0.918 | Precision@1: 67.607% (22586/33408)
Loss: 0.918 | Precision@1: 67.599% (22670/33536)
Loss: 0.917 | Precision@1: 67.627% (22766/33664)
Loss: 0.917 | Precision@1: 67.637% (22856/33792)
Loss: 0.917 | Precision@1: 67.642% (22944/33920)
Loss: 0.917 | Precision@1: 67.663% (23038/34048)
Loss: 0.917 | Precision@1: 67.650% (23120/34176)
Loss: 0.916 | Precision@1: 67.671% (23214/34304)
Loss: 0.916 | Precision@1: 67.667% (23299/34432)
Loss: 0.916 | Precision@1: 67.642% (23377/34560)
Loss: 0.917 | Precision@1: 67.623% (23457/34688)
Loss: 0.917 | Precision@1: 67.613% (23540/34816)
Loss: 0.917 | Precision@1: 67.605% (23624/34944)
Loss: 0.917 | Precision@1: 67.601% (23709/35072)
Loss: 0.918 | Precision@1: 67.602% (23796/35200)
Loss: 0.918 | Precision@1: 67.587% (23877/35328)
Loss: 0.918 | Precision@1: 67.591% (23965/35456)
Loss: 0.917 | Precision@1: 67.603% (24056/35584)
Loss: 0.917 | Precision@1: 67.596% (24140/35712)
Loss: 0.918 | Precision@1: 67.589% (24224/35840)
Loss: 0.918 | Precision@1: 67.577% (24306/35968)
Loss: 0.917 | Precision@1: 67.600% (24401/36096)
Loss: 0.917 | Precision@1: 67.599% (24487/36224)
Loss: 0.917 | Precision@1: 67.611% (24578/36352)
Loss: 0.917 | Precision@1: 67.610% (24664/36480)
Loss: 0.917 | Precision@1: 67.622% (24755/36608)
Loss: 0.917 | Precision@1: 67.658% (24855/36736)
Loss: 0.916 | Precision@1: 67.668% (24945/36864)
Loss: 0.916 | Precision@1: 67.671% (25033/36992)
Loss: 0.916 | Precision@1: 67.680% (25123/37120)
Loss: 0.915 | Precision@1: 67.676% (25208/37248)
Loss: 0.915 | Precision@1: 67.690% (25300/37376)
Loss: 0.915 | Precision@1: 67.689% (25386/37504)
Loss: 0.915 | Precision@1: 67.690% (25473/37632)
Loss: 0.914 | Precision@1: 67.712% (25568/37760)
Loss: 0.914 | Precision@1: 67.718% (25657/37888)
Loss: 0.914 | Precision@1: 67.729% (25748/38016)
Loss: 0.913 | Precision@1: 67.728% (25834/38144)
Loss: 0.913 | Precision@1: 67.726% (25920/38272)
Loss: 0.913 | Precision@1: 67.729% (26008/38400)
Loss: 0.913 | Precision@1: 67.748% (26102/38528)
Loss: 0.913 | Precision@1: 67.744% (26187/38656)
Loss: 0.913 | Precision@1: 67.744% (26274/38784)
Loss: 0.913 | Precision@1: 67.727% (26354/38912)
Loss: 0.913 | Precision@1: 67.738% (26445/39040)
Loss: 0.912 | Precision@1: 67.759% (26540/39168)
Loss: 0.912 | Precision@1: 67.747% (26622/39296)
Loss: 0.912 | Precision@1: 67.761% (26714/39424)
Loss: 0.911 | Precision@1: 67.774% (26806/39552)
Loss: 0.911 | Precision@1: 67.772% (26892/39680)
Loss: 0.912 | Precision@1: 67.753% (26971/39808)
Loss: 0.911 | Precision@1: 67.758% (27060/39936)
Loss: 0.911 | Precision@1: 67.782% (27156/40064)
Loss: 0.910 | Precision@1: 67.775% (27240/40192)
Loss: 0.910 | Precision@1: 67.815% (27343/40320)
Loss: 0.910 | Precision@1: 67.828% (27435/40448)
Loss: 0.909 | Precision@1: 67.821% (27519/40576)
Loss: 0.909 | Precision@1: 67.853% (27619/40704)
Loss: 0.908 | Precision@1: 67.888% (27720/40832)
Loss: 0.908 | Precision@1: 67.898% (27811/40960)
Loss: 0.907 | Precision@1: 67.908% (27902/41088)
Loss: 0.907 | Precision@1: 67.928% (27997/41216)
Loss: 0.908 | Precision@1: 67.920% (28081/41344)
Loss: 0.907 | Precision@1: 67.937% (28175/41472)
Loss: 0.907 | Precision@1: 67.969% (28275/41600)
Loss: 0.907 | Precision@1: 67.957% (28357/41728)
Loss: 0.906 | Precision@1: 67.962% (28446/41856)
Loss: 0.906 | Precision@1: 67.959% (28532/41984)
Loss: 0.906 | Precision@1: 67.966% (28622/42112)
Loss: 0.907 | Precision@1: 67.952% (28703/42240)
Loss: 0.906 | Precision@1: 67.988% (28805/42368)
Loss: 0.906 | Precision@1: 67.992% (28894/42496)
Loss: 0.906 | Precision@1: 67.992% (28981/42624)
Loss: 0.906 | Precision@1: 67.992% (29068/42752)
Loss: 0.906 | Precision@1: 68.011% (29163/42880)
Loss: 0.906 | Precision@1: 68.018% (29253/43008)
Loss: 0.906 | Precision@1: 68.001% (29333/43136)
Loss: 0.905 | Precision@1: 68.017% (29427/43264)
Loss: 0.906 | Precision@1: 68.008% (29510/43392)
Loss: 0.905 | Precision@1: 68.010% (29598/43520)
Loss: 0.905 | Precision@1: 68.033% (29695/43648)
Loss: 0.905 | Precision@1: 68.035% (29783/43776)
Loss: 0.904 | Precision@1: 68.062% (29882/43904)
Loss: 0.903 | Precision@1: 68.082% (29978/44032)
Loss: 0.903 | Precision@1: 68.071% (30060/44160)
Loss: 0.903 | Precision@1: 68.068% (30146/44288)
Loss: 0.903 | Precision@1: 68.079% (30238/44416)
Loss: 0.903 | Precision@1: 68.079% (30325/44544)
Loss: 0.903 | Precision@1: 68.085% (30415/44672)
Loss: 0.902 | Precision@1: 68.096% (30507/44800)
Loss: 0.903 | Precision@1: 68.078% (30586/44928)
Loss: 0.903 | Precision@1: 68.075% (30672/45056)
Loss: 0.902 | Precision@1: 68.077% (30760/45184)
Loss: 0.902 | Precision@1: 68.090% (30853/45312)
Loss: 0.902 | Precision@1: 68.092% (30941/45440)
Loss: 0.902 | Precision@1: 68.103% (31033/45568)
Loss: 0.902 | Precision@1: 68.107% (31122/45696)
Loss: 0.902 | Precision@1: 68.104% (31208/45824)
Loss: 0.902 | Precision@1: 68.106% (31296/45952)
Loss: 0.902 | Precision@1: 68.125% (31392/46080)
Loss: 0.901 | Precision@1: 68.157% (31494/46208)
Loss: 0.900 | Precision@1: 68.189% (31596/46336)
Loss: 0.900 | Precision@1: 68.212% (31694/46464)
Loss: 0.899 | Precision@1: 68.228% (31789/46592)
Loss: 0.899 | Precision@1: 68.241% (31882/46720)
Loss: 0.899 | Precision@1: 68.233% (31966/46848)
Loss: 0.899 | Precision@1: 68.248% (32060/46976)
Loss: 0.899 | Precision@1: 68.238% (32143/47104)
Loss: 0.898 | Precision@1: 68.246% (32234/47232)
Loss: 0.898 | Precision@1: 68.243% (32320/47360)
Loss: 0.898 | Precision@1: 68.255% (32413/47488)
Loss: 0.898 | Precision@1: 68.259% (32502/47616)
Loss: 0.898 | Precision@1: 68.272% (32596/47744)
Loss: 0.898 | Precision@1: 68.276% (32685/47872)
Loss: 0.897 | Precision@1: 68.287% (32778/48000)
Loss: 0.897 | Precision@1: 68.295% (32869/48128)
Loss: 0.897 | Precision@1: 68.302% (32960/48256)
Loss: 0.897 | Precision@1: 68.295% (33044/48384)
Loss: 0.896 | Precision@1: 68.327% (33147/48512)
Loss: 0.896 | Precision@1: 68.339% (33240/48640)
Loss: 0.896 | Precision@1: 68.340% (33328/48768)
Loss: 0.895 | Precision@1: 68.370% (33430/48896)
Loss: 0.895 | Precision@1: 68.352% (33509/49024)
Loss: 0.895 | Precision@1: 68.363% (33602/49152)
Loss: 0.895 | Precision@1: 68.369% (33692/49280)
Loss: 0.895 | Precision@1: 68.382% (33786/49408)
Loss: 0.895 | Precision@1: 68.383% (33874/49536)
Loss: 0.895 | Precision@1: 68.390% (33965/49664)
Loss: 0.894 | Precision@1: 68.399% (34057/49792)
Loss: 0.894 | Precision@1: 68.411% (34151/49920)
Loss: 0.894 | Precision@1: 68.422% (34211/50000)

Aggregates: 			
 	 DataLoader Time: 0.9392 			
 	 Mini-batch Time:52.3748 			
 	 Training Epoch Time:52.5725
 			
 Averages: 			
 	 Training Loss: 0.8936

 Test set Averages: Loss: 0.935 | Precision@1: 68.100% (6810/10000)
Average dataloader time is 0.93
