model name	: Intel(R) Xeon(R) Gold 6152 CPU @ 2.10GHz
Wed Oct 30 12:53:45 2019       
+-----------------------------------------------------------------------------+
| NVIDIA-SMI 418.74       Driver Version: 418.74       CUDA Version: 10.1     |
|-------------------------------+----------------------+----------------------+
| GPU  Name        Persistence-M| Bus-Id        Disp.A | Volatile Uncorr. ECC |
| Fan  Temp  Perf  Pwr:Usage/Cap|         Memory-Usage | GPU-Util  Compute M. |
|===============================+======================+======================|
|   0  GeForce RTX 208...  On   | 00000000:3B:00.0 Off |                  N/A |
| 29%   31C    P2    69W / 250W |    990MiB / 10989MiB |      4%      Default |
+-------------------------------+----------------------+----------------------+
                                                                               
+-----------------------------------------------------------------------------+
| Processes:                                                       GPU Memory |
|  GPU       PID   Type   Process name                             Usage      |
|=============================================================================|
|    0    102784      C   python3                                      979MiB |
+-----------------------------------------------------------------------------+
Files already downloaded and verified
Files already downloaded and verified

Epoch: 0
Loss: 2.449 | Precision@1: 7.031% (9/128)
Loss: 3.207 | Precision@1: 10.938% (28/256)
Loss: 3.741 | Precision@1: 11.458% (44/384)
Loss: 4.028 | Precision@1: 12.500% (64/512)
Loss: 4.854 | Precision@1: 11.875% (76/640)
Loss: 5.437 | Precision@1: 11.458% (88/768)
Loss: 6.016 | Precision@1: 11.384% (102/896)
Loss: 6.626 | Precision@1: 10.547% (108/1024)
Loss: 6.668 | Precision@1: 10.503% (121/1152)
Loss: 6.678 | Precision@1: 10.547% (135/1280)
Loss: 6.468 | Precision@1: 10.866% (153/1408)
Loss: 6.297 | Precision@1: 10.612% (163/1536)
Loss: 6.627 | Precision@1: 10.577% (176/1664)
Loss: 6.368 | Precision@1: 10.714% (192/1792)
Loss: 6.198 | Precision@1: 10.938% (210/1920)
Loss: 6.044 | Precision@1: 11.279% (231/2048)
Loss: 5.871 | Precision@1: 11.167% (243/2176)
Loss: 5.707 | Precision@1: 10.807% (249/2304)
Loss: 5.548 | Precision@1: 10.732% (261/2432)
Loss: 5.412 | Precision@1: 10.781% (276/2560)
Loss: 5.295 | Precision@1: 10.528% (283/2688)
Loss: 5.179 | Precision@1: 10.653% (300/2816)
Loss: 5.076 | Precision@1: 10.666% (314/2944)
Loss: 5.001 | Precision@1: 10.775% (331/3072)
Loss: 4.904 | Precision@1: 10.875% (348/3200)
Loss: 4.815 | Precision@1: 10.877% (362/3328)
Loss: 4.754 | Precision@1: 10.909% (377/3456)
Loss: 4.670 | Precision@1: 10.714% (384/3584)
Loss: 4.592 | Precision@1: 10.695% (397/3712)
Loss: 4.519 | Precision@1: 10.599% (407/3840)
Loss: 4.450 | Precision@1: 10.559% (419/3968)
Loss: 4.386 | Precision@1: 10.352% (424/4096)
Loss: 4.326 | Precision@1: 10.393% (439/4224)
Loss: 4.268 | Precision@1: 10.294% (448/4352)
Loss: 4.211 | Precision@1: 10.290% (461/4480)
Loss: 4.160 | Precision@1: 10.286% (474/4608)
Loss: 4.110 | Precision@1: 10.389% (492/4736)
Loss: 4.065 | Precision@1: 10.362% (504/4864)
Loss: 4.019 | Precision@1: 10.337% (516/4992)
Loss: 3.978 | Precision@1: 10.352% (530/5120)
Loss: 3.937 | Precision@1: 10.290% (540/5248)
Loss: 3.898 | Precision@1: 10.305% (554/5376)
Loss: 3.859 | Precision@1: 10.320% (568/5504)
Loss: 3.824 | Precision@1: 10.369% (584/5632)
Loss: 3.790 | Precision@1: 10.417% (600/5760)
Loss: 3.757 | Precision@1: 10.411% (613/5888)
Loss: 3.726 | Precision@1: 10.489% (631/6016)
Loss: 3.695 | Precision@1: 10.531% (647/6144)
Loss: 3.667 | Precision@1: 10.587% (664/6272)
Loss: 3.640 | Precision@1: 10.625% (680/6400)
Loss: 3.615 | Precision@1: 10.677% (697/6528)
Loss: 3.589 | Precision@1: 10.712% (713/6656)
Loss: 3.564 | Precision@1: 10.805% (733/6784)
Loss: 3.541 | Precision@1: 10.880% (752/6912)
Loss: 3.518 | Precision@1: 10.852% (764/7040)
Loss: 3.496 | Precision@1: 10.868% (779/7168)
Loss: 3.474 | Precision@1: 10.855% (792/7296)
Loss: 3.454 | Precision@1: 10.803% (802/7424)
Loss: 3.434 | Precision@1: 10.845% (819/7552)
Loss: 3.415 | Precision@1: 10.977% (843/7680)
Loss: 3.396 | Precision@1: 11.040% (862/7808)
Loss: 3.378 | Precision@1: 10.988% (872/7936)
Loss: 3.361 | Precision@1: 10.938% (882/8064)
Loss: 3.344 | Precision@1: 10.986% (900/8192)
Loss: 3.328 | Precision@1: 10.974% (913/8320)
Loss: 3.311 | Precision@1: 11.080% (936/8448)
Loss: 3.296 | Precision@1: 11.124% (954/8576)
Loss: 3.280 | Precision@1: 11.133% (969/8704)
Loss: 3.265 | Precision@1: 11.153% (985/8832)
Loss: 3.250 | Precision@1: 11.194% (1003/8960)
Loss: 3.237 | Precision@1: 11.224% (1020/9088)
Loss: 3.222 | Precision@1: 11.285% (1040/9216)
Loss: 3.209 | Precision@1: 11.323% (1058/9344)
Loss: 3.196 | Precision@1: 11.318% (1072/9472)
Loss: 3.184 | Precision@1: 11.385% (1093/9600)
Loss: 3.171 | Precision@1: 11.380% (1107/9728)
Loss: 3.159 | Precision@1: 11.455% (1129/9856)
Loss: 3.148 | Precision@1: 11.528% (1151/9984)
Loss: 3.137 | Precision@1: 11.551% (1168/10112)
Loss: 3.127 | Precision@1: 11.553% (1183/10240)
Loss: 3.116 | Precision@1: 11.584% (1201/10368)
Loss: 3.105 | Precision@1: 11.595% (1217/10496)
Loss: 3.095 | Precision@1: 11.559% (1228/10624)
Loss: 3.085 | Precision@1: 11.551% (1242/10752)
Loss: 3.075 | Precision@1: 11.572% (1259/10880)
Loss: 3.066 | Precision@1: 11.546% (1271/11008)
Loss: 3.056 | Precision@1: 11.575% (1289/11136)
Loss: 3.046 | Precision@1: 11.648% (1312/11264)
Loss: 3.037 | Precision@1: 11.754% (1339/11392)
Loss: 3.028 | Precision@1: 11.719% (1350/11520)
Loss: 3.019 | Precision@1: 11.719% (1365/11648)
Loss: 3.010 | Precision@1: 11.710% (1379/11776)
Loss: 3.002 | Precision@1: 11.744% (1398/11904)
Loss: 2.994 | Precision@1: 11.760% (1415/12032)
Loss: 2.986 | Precision@1: 11.785% (1433/12160)
Loss: 2.978 | Precision@1: 11.825% (1453/12288)
Loss: 2.970 | Precision@1: 11.872% (1474/12416)
Loss: 2.963 | Precision@1: 11.854% (1487/12544)
Loss: 2.955 | Precision@1: 11.861% (1503/12672)
Loss: 2.948 | Precision@1: 11.867% (1519/12800)
Loss: 2.940 | Precision@1: 11.873% (1535/12928)
Loss: 2.933 | Precision@1: 11.864% (1549/13056)
Loss: 2.926 | Precision@1: 11.939% (1574/13184)
Loss: 2.919 | Precision@1: 11.989% (1596/13312)
Loss: 2.912 | Precision@1: 12.001% (1613/13440)
Loss: 2.904 | Precision@1: 12.065% (1637/13568)
Loss: 2.899 | Precision@1: 12.033% (1648/13696)
Loss: 2.893 | Precision@1: 12.015% (1661/13824)
Loss: 2.886 | Precision@1: 12.041% (1680/13952)
Loss: 2.880 | Precision@1: 12.102% (1704/14080)
Loss: 2.873 | Precision@1: 12.141% (1725/14208)
Loss: 2.867 | Precision@1: 12.207% (1750/14336)
Loss: 2.861 | Precision@1: 12.251% (1772/14464)
Loss: 2.855 | Precision@1: 12.308% (1796/14592)
Loss: 2.848 | Precision@1: 12.344% (1817/14720)
Loss: 2.842 | Precision@1: 12.372% (1837/14848)
Loss: 2.836 | Precision@1: 12.433% (1862/14976)
Loss: 2.830 | Precision@1: 12.454% (1881/15104)
Loss: 2.824 | Precision@1: 12.480% (1901/15232)
Loss: 2.819 | Precision@1: 12.539% (1926/15360)
Loss: 2.813 | Precision@1: 12.610% (1953/15488)
Loss: 2.806 | Precision@1: 12.718% (1986/15616)
Loss: 2.800 | Precision@1: 12.830% (2020/15744)
Loss: 2.795 | Precision@1: 12.935% (2053/15872)
Loss: 2.789 | Precision@1: 12.975% (2076/16000)
Loss: 2.783 | Precision@1: 13.015% (2099/16128)
Loss: 2.777 | Precision@1: 13.121% (2133/16256)
Loss: 2.771 | Precision@1: 13.190% (2161/16384)
Loss: 2.766 | Precision@1: 13.269% (2191/16512)
Loss: 2.761 | Precision@1: 13.293% (2212/16640)
Loss: 2.755 | Precision@1: 13.389% (2245/16768)
Loss: 2.749 | Precision@1: 13.459% (2274/16896)
Loss: 2.745 | Precision@1: 13.493% (2297/17024)
Loss: 2.741 | Precision@1: 13.538% (2322/17152)
Loss: 2.736 | Precision@1: 13.617% (2353/17280)
Loss: 2.731 | Precision@1: 13.620% (2371/17408)
Loss: 2.727 | Precision@1: 13.669% (2397/17536)
Loss: 2.722 | Precision@1: 13.723% (2424/17664)
Loss: 2.717 | Precision@1: 13.742% (2445/17792)
Loss: 2.713 | Precision@1: 13.756% (2465/17920)
Loss: 2.709 | Precision@1: 13.802% (2491/18048)
Loss: 2.705 | Precision@1: 13.870% (2521/18176)
Loss: 2.700 | Precision@1: 13.920% (2548/18304)
Loss: 2.695 | Precision@1: 13.976% (2576/18432)
Loss: 2.692 | Precision@1: 13.982% (2595/18560)
Loss: 2.687 | Precision@1: 14.020% (2620/18688)
Loss: 2.682 | Precision@1: 14.084% (2650/18816)
Loss: 2.678 | Precision@1: 14.131% (2677/18944)
Loss: 2.674 | Precision@1: 14.188% (2706/19072)
Loss: 2.670 | Precision@1: 14.208% (2728/19200)
Loss: 2.665 | Precision@1: 14.254% (2755/19328)
Loss: 2.661 | Precision@1: 14.294% (2781/19456)
Loss: 2.657 | Precision@1: 14.302% (2801/19584)
Loss: 2.654 | Precision@1: 14.336% (2826/19712)
Loss: 2.650 | Precision@1: 14.375% (2852/19840)
Loss: 2.645 | Precision@1: 14.408% (2877/19968)
Loss: 2.642 | Precision@1: 14.446% (2903/20096)
Loss: 2.638 | Precision@1: 14.463% (2925/20224)
Loss: 2.635 | Precision@1: 14.500% (2951/20352)
Loss: 2.632 | Precision@1: 14.531% (2976/20480)
Loss: 2.629 | Precision@1: 14.572% (3003/20608)
Loss: 2.626 | Precision@1: 14.612% (3030/20736)
Loss: 2.623 | Precision@1: 14.638% (3054/20864)
Loss: 2.620 | Precision@1: 14.672% (3080/20992)
Loss: 2.617 | Precision@1: 14.716% (3108/21120)
Loss: 2.614 | Precision@1: 14.726% (3129/21248)
Loss: 2.611 | Precision@1: 14.755% (3154/21376)
Loss: 2.607 | Precision@1: 14.825% (3188/21504)
Loss: 2.604 | Precision@1: 14.844% (3211/21632)
Loss: 2.601 | Precision@1: 14.876% (3237/21760)
Loss: 2.598 | Precision@1: 14.931% (3268/21888)
Loss: 2.595 | Precision@1: 14.948% (3291/22016)
Loss: 2.592 | Precision@1: 14.970% (3315/22144)
Loss: 2.589 | Precision@1: 14.978% (3336/22272)
Loss: 2.587 | Precision@1: 15.018% (3364/22400)
Loss: 2.584 | Precision@1: 15.066% (3394/22528)
Loss: 2.581 | Precision@1: 15.073% (3415/22656)
Loss: 2.578 | Precision@1: 15.111% (3443/22784)
Loss: 2.575 | Precision@1: 15.149% (3471/22912)
Loss: 2.572 | Precision@1: 15.191% (3500/23040)
Loss: 2.570 | Precision@1: 15.176% (3516/23168)
Loss: 2.566 | Precision@1: 15.226% (3547/23296)
Loss: 2.563 | Precision@1: 15.275% (3578/23424)
Loss: 2.561 | Precision@1: 15.302% (3604/23552)
Loss: 2.558 | Precision@1: 15.346% (3634/23680)
Loss: 2.555 | Precision@1: 15.365% (3658/23808)
Loss: 2.553 | Precision@1: 15.366% (3678/23936)
Loss: 2.550 | Precision@1: 15.405% (3707/24064)
Loss: 2.547 | Precision@1: 15.435% (3734/24192)
Loss: 2.544 | Precision@1: 15.485% (3766/24320)
Loss: 2.541 | Precision@1: 15.535% (3798/24448)
Loss: 2.539 | Precision@1: 15.588% (3831/24576)
Loss: 2.536 | Precision@1: 15.629% (3861/24704)
Loss: 2.533 | Precision@1: 15.649% (3886/24832)
Loss: 2.531 | Precision@1: 15.701% (3919/24960)
Loss: 2.528 | Precision@1: 15.749% (3951/25088)
Loss: 2.526 | Precision@1: 15.788% (3981/25216)
Loss: 2.523 | Precision@1: 15.830% (4012/25344)
Loss: 2.521 | Precision@1: 15.868% (4042/25472)
Loss: 2.519 | Precision@1: 15.875% (4064/25600)
Loss: 2.517 | Precision@1: 15.874% (4084/25728)
Loss: 2.514 | Precision@1: 15.873% (4104/25856)
Loss: 2.512 | Precision@1: 15.925% (4138/25984)
Loss: 2.509 | Precision@1: 15.977% (4172/26112)
Loss: 2.506 | Precision@1: 15.991% (4196/26240)
Loss: 2.504 | Precision@1: 16.023% (4225/26368)
Loss: 2.502 | Precision@1: 16.025% (4246/26496)
Loss: 2.500 | Precision@1: 16.046% (4272/26624)
Loss: 2.497 | Precision@1: 16.085% (4303/26752)
Loss: 2.495 | Precision@1: 16.124% (4334/26880)
Loss: 2.493 | Precision@1: 16.166% (4366/27008)
Loss: 2.491 | Precision@1: 16.204% (4397/27136)
Loss: 2.488 | Precision@1: 16.271% (4436/27264)
Loss: 2.486 | Precision@1: 16.278% (4459/27392)
Loss: 2.484 | Precision@1: 16.334% (4495/27520)
Loss: 2.483 | Precision@1: 16.370% (4526/27648)
Loss: 2.481 | Precision@1: 16.406% (4557/27776)
Loss: 2.479 | Precision@1: 16.413% (4580/27904)
Loss: 2.477 | Precision@1: 16.421% (4603/28032)
Loss: 2.476 | Precision@1: 16.435% (4628/28160)
Loss: 2.474 | Precision@1: 16.442% (4651/28288)
Loss: 2.471 | Precision@1: 16.494% (4687/28416)
Loss: 2.469 | Precision@1: 16.550% (4724/28544)
Loss: 2.468 | Precision@1: 16.560% (4748/28672)
Loss: 2.465 | Precision@1: 16.594% (4779/28800)
Loss: 2.464 | Precision@1: 16.638% (4813/28928)
Loss: 2.462 | Precision@1: 16.706% (4854/29056)
Loss: 2.459 | Precision@1: 16.763% (4892/29184)
Loss: 2.458 | Precision@1: 16.788% (4921/29312)
Loss: 2.456 | Precision@1: 16.800% (4946/29440)
Loss: 2.454 | Precision@1: 16.836% (4978/29568)
Loss: 2.452 | Precision@1: 16.878% (5012/29696)
Loss: 2.450 | Precision@1: 16.889% (5037/29824)
Loss: 2.448 | Precision@1: 16.920% (5068/29952)
Loss: 2.446 | Precision@1: 16.938% (5095/30080)
Loss: 2.444 | Precision@1: 16.995% (5134/30208)
Loss: 2.442 | Precision@1: 17.009% (5160/30336)
Loss: 2.440 | Precision@1: 17.020% (5185/30464)
Loss: 2.438 | Precision@1: 17.057% (5218/30592)
Loss: 2.436 | Precision@1: 17.109% (5256/30720)
Loss: 2.434 | Precision@1: 17.158% (5293/30848)
Loss: 2.432 | Precision@1: 17.184% (5323/30976)
Loss: 2.430 | Precision@1: 17.204% (5351/31104)
Loss: 2.428 | Precision@1: 17.280% (5397/31232)
Loss: 2.427 | Precision@1: 17.290% (5422/31360)
Loss: 2.425 | Precision@1: 17.318% (5453/31488)
Loss: 2.423 | Precision@1: 17.352% (5486/31616)
Loss: 2.421 | Precision@1: 17.389% (5520/31744)
Loss: 2.419 | Precision@1: 17.429% (5555/31872)
Loss: 2.417 | Precision@1: 17.450% (5584/32000)
Loss: 2.416 | Precision@1: 17.480% (5616/32128)
Loss: 2.414 | Precision@1: 17.522% (5652/32256)
Loss: 2.412 | Precision@1: 17.552% (5684/32384)
Loss: 2.411 | Precision@1: 17.572% (5713/32512)
Loss: 2.409 | Precision@1: 17.592% (5742/32640)
Loss: 2.408 | Precision@1: 17.636% (5779/32768)
Loss: 2.406 | Precision@1: 17.659% (5809/32896)
Loss: 2.404 | Precision@1: 17.687% (5841/33024)
Loss: 2.403 | Precision@1: 17.727% (5877/33152)
Loss: 2.401 | Precision@1: 17.767% (5913/33280)
Loss: 2.399 | Precision@1: 17.804% (5948/33408)
Loss: 2.398 | Precision@1: 17.820% (5976/33536)
Loss: 2.397 | Precision@1: 17.868% (6015/33664)
Loss: 2.395 | Precision@1: 17.895% (6047/33792)
Loss: 2.394 | Precision@1: 17.913% (6076/33920)
Loss: 2.392 | Precision@1: 17.945% (6110/34048)
Loss: 2.390 | Precision@1: 17.951% (6135/34176)
Loss: 2.389 | Precision@1: 17.966% (6163/34304)
Loss: 2.388 | Precision@1: 17.977% (6190/34432)
Loss: 2.387 | Precision@1: 17.980% (6214/34560)
Loss: 2.385 | Precision@1: 17.983% (6238/34688)
Loss: 2.384 | Precision@1: 17.980% (6260/34816)
Loss: 2.383 | Precision@1: 17.980% (6283/34944)
Loss: 2.382 | Precision@1: 18.003% (6314/35072)
Loss: 2.380 | Precision@1: 18.040% (6350/35200)
Loss: 2.378 | Precision@1: 18.082% (6388/35328)
Loss: 2.377 | Precision@1: 18.093% (6415/35456)
Loss: 2.375 | Precision@1: 18.123% (6449/35584)
Loss: 2.374 | Precision@1: 18.170% (6489/35712)
Loss: 2.372 | Precision@1: 18.200% (6523/35840)
Loss: 2.371 | Precision@1: 18.216% (6552/35968)
Loss: 2.369 | Precision@1: 18.257% (6590/36096)
Loss: 2.368 | Precision@1: 18.267% (6617/36224)
Loss: 2.366 | Precision@1: 18.313% (6657/36352)
Loss: 2.365 | Precision@1: 18.342% (6691/36480)
Loss: 2.364 | Precision@1: 18.370% (6725/36608)
Loss: 2.362 | Precision@1: 18.404% (6761/36736)
Loss: 2.361 | Precision@1: 18.430% (6794/36864)
Loss: 2.359 | Precision@1: 18.461% (6829/36992)
Loss: 2.358 | Precision@1: 18.478% (6859/37120)
Loss: 2.357 | Precision@1: 18.503% (6892/37248)
Loss: 2.356 | Precision@1: 18.544% (6931/37376)
Loss: 2.355 | Precision@1: 18.558% (6960/37504)
Loss: 2.353 | Precision@1: 18.604% (7001/37632)
Loss: 2.352 | Precision@1: 18.639% (7038/37760)
Loss: 2.350 | Precision@1: 18.676% (7076/37888)
Loss: 2.349 | Precision@1: 18.697% (7108/38016)
Loss: 2.348 | Precision@1: 18.708% (7136/38144)
Loss: 2.346 | Precision@1: 18.747% (7175/38272)
Loss: 2.345 | Precision@1: 18.760% (7204/38400)
Loss: 2.344 | Precision@1: 18.799% (7243/38528)
Loss: 2.343 | Precision@1: 18.807% (7270/38656)
Loss: 2.341 | Precision@1: 18.822% (7300/38784)
Loss: 2.340 | Precision@1: 18.837% (7330/38912)
Loss: 2.339 | Precision@1: 18.847% (7358/39040)
Loss: 2.337 | Precision@1: 18.860% (7387/39168)
Loss: 2.336 | Precision@1: 18.890% (7423/39296)
Loss: 2.334 | Precision@1: 18.917% (7458/39424)
Loss: 2.333 | Precision@1: 18.947% (7494/39552)
Loss: 2.332 | Precision@1: 18.984% (7533/39680)
Loss: 2.330 | Precision@1: 19.006% (7566/39808)
Loss: 2.330 | Precision@1: 19.020% (7596/39936)
Loss: 2.329 | Precision@1: 19.025% (7622/40064)
Loss: 2.327 | Precision@1: 19.051% (7657/40192)
Loss: 2.326 | Precision@1: 19.090% (7697/40320)
Loss: 2.324 | Precision@1: 19.138% (7741/40448)
Loss: 2.323 | Precision@1: 19.174% (7780/40576)
Loss: 2.322 | Precision@1: 19.197% (7814/40704)
Loss: 2.321 | Precision@1: 19.218% (7847/40832)
Loss: 2.319 | Precision@1: 19.265% (7891/40960)
Loss: 2.317 | Precision@1: 19.295% (7928/41088)
Loss: 2.316 | Precision@1: 19.327% (7966/41216)
Loss: 2.315 | Precision@1: 19.345% (7998/41344)
Loss: 2.314 | Precision@1: 19.384% (8039/41472)
Loss: 2.313 | Precision@1: 19.413% (8076/41600)
Loss: 2.312 | Precision@1: 19.438% (8111/41728)
Loss: 2.311 | Precision@1: 19.472% (8150/41856)
Loss: 2.309 | Precision@1: 19.486% (8181/41984)
Loss: 2.308 | Precision@1: 19.519% (8220/42112)
Loss: 2.307 | Precision@1: 19.529% (8249/42240)
Loss: 2.306 | Precision@1: 19.562% (8288/42368)
Loss: 2.305 | Precision@1: 19.599% (8329/42496)
Loss: 2.303 | Precision@1: 19.637% (8370/42624)
Loss: 2.302 | Precision@1: 19.653% (8402/42752)
Loss: 2.300 | Precision@1: 19.690% (8443/42880)
Loss: 2.299 | Precision@1: 19.717% (8480/43008)
Loss: 2.298 | Precision@1: 19.733% (8512/43136)
Loss: 2.297 | Precision@1: 19.737% (8539/43264)
Loss: 2.296 | Precision@1: 19.771% (8579/43392)
Loss: 2.294 | Precision@1: 19.816% (8624/43520)
Loss: 2.293 | Precision@1: 19.854% (8666/43648)
Loss: 2.292 | Precision@1: 19.885% (8705/43776)
Loss: 2.291 | Precision@1: 19.930% (8750/43904)
Loss: 2.289 | Precision@1: 19.956% (8787/44032)
Loss: 2.289 | Precision@1: 19.973% (8820/44160)
Loss: 2.288 | Precision@1: 20.003% (8859/44288)
Loss: 2.287 | Precision@1: 20.022% (8893/44416)
Loss: 2.286 | Precision@1: 20.052% (8932/44544)
Loss: 2.285 | Precision@1: 20.055% (8959/44672)
Loss: 2.284 | Precision@1: 20.092% (9001/44800)
Loss: 2.283 | Precision@1: 20.106% (9033/44928)
Loss: 2.282 | Precision@1: 20.157% (9082/45056)
Loss: 2.281 | Precision@1: 20.153% (9106/45184)
Loss: 2.280 | Precision@1: 20.173% (9141/45312)
Loss: 2.279 | Precision@1: 20.220% (9188/45440)
Loss: 2.277 | Precision@1: 20.247% (9226/45568)
Loss: 2.277 | Precision@1: 20.260% (9258/45696)
Loss: 2.275 | Precision@1: 20.284% (9295/45824)
Loss: 2.274 | Precision@1: 20.315% (9335/45952)
Loss: 2.273 | Precision@1: 20.341% (9373/46080)
Loss: 2.272 | Precision@1: 20.367% (9411/46208)
Loss: 2.271 | Precision@1: 20.410% (9457/46336)
Loss: 2.270 | Precision@1: 20.429% (9492/46464)
Loss: 2.269 | Precision@1: 20.454% (9530/46592)
Loss: 2.268 | Precision@1: 20.486% (9571/46720)
Loss: 2.267 | Precision@1: 20.541% (9623/46848)
Loss: 2.266 | Precision@1: 20.570% (9663/46976)
Loss: 2.265 | Precision@1: 20.597% (9702/47104)
Loss: 2.264 | Precision@1: 20.607% (9733/47232)
Loss: 2.263 | Precision@1: 20.627% (9769/47360)
Loss: 2.262 | Precision@1: 20.681% (9821/47488)
Loss: 2.261 | Precision@1: 20.709% (9861/47616)
Loss: 2.260 | Precision@1: 20.727% (9896/47744)
Loss: 2.259 | Precision@1: 20.766% (9941/47872)
Loss: 2.258 | Precision@1: 20.788% (9978/48000)
Loss: 2.257 | Precision@1: 20.813% (10017/48128)
Loss: 2.257 | Precision@1: 20.818% (10046/48256)
Loss: 2.255 | Precision@1: 20.848% (10087/48384)
Loss: 2.254 | Precision@1: 20.894% (10136/48512)
Loss: 2.253 | Precision@1: 20.913% (10172/48640)
Loss: 2.252 | Precision@1: 20.946% (10215/48768)
Loss: 2.251 | Precision@1: 20.975% (10256/48896)
Loss: 2.250 | Precision@1: 20.975% (10283/49024)
Loss: 2.249 | Precision@1: 20.986% (10315/49152)
Loss: 2.248 | Precision@1: 21.006% (10352/49280)
Loss: 2.247 | Precision@1: 21.033% (10392/49408)
Loss: 2.246 | Precision@1: 21.061% (10433/49536)
Loss: 2.245 | Precision@1: 21.084% (10471/49664)
Loss: 2.244 | Precision@1: 21.122% (10517/49792)
Loss: 2.243 | Precision@1: 21.152% (10559/49920)
Loss: 2.242 | Precision@1: 21.168% (10584/50000)

Aggregates: 			
 	 DataLoader Time: 0.3570 			
 	 Mini-batch Time: 12.5031 			
 	 Training Epoch Time: 29.9321
 			
 Averages: 			
 	 Training Loss: 2.2424

 Test set Averages: Loss: 1.849 | Precision@1: 32.430% (3243/10000)

Epoch: 1
Loss: 1.791 | Precision@1: 47.656% (61/128)
Loss: 1.744 | Precision@1: 44.922% (115/256)
Loss: 1.785 | Precision@1: 40.885% (157/384)
Loss: 1.781 | Precision@1: 38.867% (199/512)
Loss: 1.800 | Precision@1: 37.344% (239/640)
Loss: 1.791 | Precision@1: 36.458% (280/768)
Loss: 1.795 | Precision@1: 35.491% (318/896)
Loss: 1.804 | Precision@1: 34.668% (355/1024)
Loss: 1.808 | Precision@1: 34.722% (400/1152)
Loss: 1.818 | Precision@1: 33.984% (435/1280)
Loss: 1.825 | Precision@1: 33.807% (476/1408)
Loss: 1.824 | Precision@1: 33.919% (521/1536)
Loss: 1.830 | Precision@1: 33.894% (564/1664)
Loss: 1.836 | Precision@1: 33.371% (598/1792)
Loss: 1.841 | Precision@1: 33.438% (642/1920)
Loss: 1.840 | Precision@1: 33.252% (681/2048)
Loss: 1.842 | Precision@1: 33.272% (724/2176)
Loss: 1.842 | Precision@1: 33.594% (774/2304)
Loss: 1.838 | Precision@1: 33.594% (817/2432)
Loss: 1.839 | Precision@1: 33.438% (856/2560)
Loss: 1.834 | Precision@1: 33.519% (901/2688)
Loss: 1.838 | Precision@1: 33.239% (936/2816)
Loss: 1.839 | Precision@1: 33.356% (982/2944)
Loss: 1.837 | Precision@1: 33.171% (1019/3072)
Loss: 1.838 | Precision@1: 33.219% (1063/3200)
Loss: 1.836 | Precision@1: 33.083% (1101/3328)
Loss: 1.835 | Precision@1: 32.957% (1139/3456)
Loss: 1.836 | Precision@1: 32.701% (1172/3584)
Loss: 1.834 | Precision@1: 32.597% (1210/3712)
Loss: 1.830 | Precision@1: 32.578% (1251/3840)
Loss: 1.829 | Precision@1: 32.510% (1290/3968)
Loss: 1.830 | Precision@1: 32.373% (1326/4096)
Loss: 1.826 | Precision@1: 32.457% (1371/4224)
Loss: 1.826 | Precision@1: 32.330% (1407/4352)
Loss: 1.828 | Precision@1: 32.388% (1451/4480)
Loss: 1.827 | Precision@1: 32.357% (1491/4608)
Loss: 1.825 | Precision@1: 32.454% (1537/4736)
Loss: 1.822 | Precision@1: 32.401% (1576/4864)
Loss: 1.822 | Precision@1: 32.432% (1619/4992)
Loss: 1.825 | Precision@1: 32.324% (1655/5120)
Loss: 1.826 | Precision@1: 32.298% (1695/5248)
Loss: 1.825 | Precision@1: 32.292% (1736/5376)
Loss: 1.824 | Precision@1: 32.340% (1780/5504)
Loss: 1.826 | Precision@1: 32.120% (1809/5632)
Loss: 1.826 | Precision@1: 32.118% (1850/5760)
Loss: 1.825 | Precision@1: 32.133% (1892/5888)
Loss: 1.826 | Precision@1: 32.098% (1931/6016)
Loss: 1.824 | Precision@1: 32.129% (1974/6144)
Loss: 1.825 | Precision@1: 32.143% (2016/6272)
Loss: 1.823 | Precision@1: 32.125% (2056/6400)
Loss: 1.823 | Precision@1: 32.123% (2097/6528)
Loss: 1.822 | Precision@1: 32.166% (2141/6656)
Loss: 1.821 | Precision@1: 32.208% (2185/6784)
Loss: 1.820 | Precision@1: 32.133% (2221/6912)
Loss: 1.820 | Precision@1: 32.131% (2262/7040)
Loss: 1.819 | Precision@1: 32.129% (2303/7168)
Loss: 1.818 | Precision@1: 32.127% (2344/7296)
Loss: 1.817 | Precision@1: 32.112% (2384/7424)
Loss: 1.817 | Precision@1: 32.084% (2423/7552)
Loss: 1.817 | Precision@1: 32.005% (2458/7680)
Loss: 1.818 | Precision@1: 31.993% (2498/7808)
Loss: 1.818 | Precision@1: 32.031% (2542/7936)
Loss: 1.815 | Precision@1: 32.180% (2595/8064)
Loss: 1.815 | Precision@1: 32.239% (2641/8192)
Loss: 1.815 | Precision@1: 32.236% (2682/8320)
Loss: 1.814 | Precision@1: 32.209% (2721/8448)
Loss: 1.813 | Precision@1: 32.206% (2762/8576)
Loss: 1.812 | Precision@1: 32.261% (2808/8704)
Loss: 1.813 | Precision@1: 32.258% (2849/8832)
Loss: 1.814 | Precision@1: 32.176% (2883/8960)
Loss: 1.815 | Precision@1: 32.174% (2924/9088)
Loss: 1.814 | Precision@1: 32.227% (2970/9216)
Loss: 1.816 | Precision@1: 32.095% (2999/9344)
Loss: 1.817 | Precision@1: 32.264% (3056/9472)
Loss: 1.815 | Precision@1: 32.344% (3105/9600)
Loss: 1.815 | Precision@1: 32.391% (3151/9728)
Loss: 1.816 | Precision@1: 32.376% (3191/9856)
Loss: 1.815 | Precision@1: 32.372% (3232/9984)
Loss: 1.814 | Precision@1: 32.407% (3277/10112)
Loss: 1.815 | Precision@1: 32.334% (3311/10240)
Loss: 1.815 | Precision@1: 32.359% (3355/10368)
Loss: 1.815 | Precision@1: 32.355% (3396/10496)
Loss: 1.816 | Precision@1: 32.304% (3432/10624)
Loss: 1.816 | Precision@1: 32.320% (3475/10752)
Loss: 1.815 | Precision@1: 32.362% (3521/10880)
Loss: 1.816 | Precision@1: 32.304% (3556/11008)
Loss: 1.816 | Precision@1: 32.319% (3599/11136)
Loss: 1.814 | Precision@1: 32.351% (3644/11264)
Loss: 1.814 | Precision@1: 32.391% (3690/11392)
Loss: 1.814 | Precision@1: 32.344% (3726/11520)
Loss: 1.812 | Precision@1: 32.323% (3765/11648)
Loss: 1.812 | Precision@1: 32.286% (3802/11776)
Loss: 1.811 | Precision@1: 32.401% (3857/11904)
Loss: 1.810 | Precision@1: 32.463% (3906/12032)
Loss: 1.809 | Precision@1: 32.442% (3945/12160)
Loss: 1.808 | Precision@1: 32.495% (3993/12288)
Loss: 1.806 | Precision@1: 32.595% (4047/12416)
Loss: 1.806 | Precision@1: 32.645% (4095/12544)
Loss: 1.804 | Precision@1: 32.686% (4142/12672)
Loss: 1.803 | Precision@1: 32.703% (4186/12800)
Loss: 1.801 | Precision@1: 32.820% (4243/12928)
Loss: 1.801 | Precision@1: 32.805% (4283/13056)
Loss: 1.801 | Precision@1: 32.759% (4319/13184)
Loss: 1.800 | Precision@1: 32.805% (4367/13312)
Loss: 1.799 | Precision@1: 32.879% (4419/13440)
Loss: 1.799 | Precision@1: 32.894% (4463/13568)
Loss: 1.798 | Precision@1: 32.907% (4507/13696)
Loss: 1.798 | Precision@1: 32.827% (4538/13824)
Loss: 1.797 | Precision@1: 32.848% (4583/13952)
Loss: 1.796 | Precision@1: 32.876% (4629/14080)
Loss: 1.797 | Precision@1: 32.890% (4673/14208)
Loss: 1.796 | Precision@1: 32.882% (4714/14336)
Loss: 1.796 | Precision@1: 32.916% (4761/14464)
Loss: 1.796 | Precision@1: 32.915% (4803/14592)
Loss: 1.795 | Precision@1: 32.962% (4852/14720)
Loss: 1.795 | Precision@1: 32.967% (4895/14848)
Loss: 1.793 | Precision@1: 32.999% (4942/14976)
Loss: 1.793 | Precision@1: 33.038% (4990/15104)
Loss: 1.793 | Precision@1: 33.029% (5031/15232)
Loss: 1.794 | Precision@1: 33.021% (5072/15360)
Loss: 1.792 | Precision@1: 33.110% (5128/15488)
Loss: 1.791 | Precision@1: 33.145% (5176/15616)
Loss: 1.790 | Precision@1: 33.238% (5233/15744)
Loss: 1.791 | Precision@1: 33.203% (5270/15872)
Loss: 1.790 | Precision@1: 33.275% (5324/16000)
Loss: 1.789 | Precision@1: 33.340% (5377/16128)
Loss: 1.790 | Precision@1: 33.335% (5419/16256)
Loss: 1.790 | Precision@1: 33.356% (5465/16384)
Loss: 1.790 | Precision@1: 33.327% (5503/16512)
Loss: 1.789 | Precision@1: 33.299% (5541/16640)
Loss: 1.790 | Precision@1: 33.236% (5573/16768)
Loss: 1.789 | Precision@1: 33.274% (5622/16896)
Loss: 1.789 | Precision@1: 33.253% (5661/17024)
Loss: 1.788 | Precision@1: 33.296% (5711/17152)
Loss: 1.788 | Precision@1: 33.270% (5749/17280)
Loss: 1.787 | Precision@1: 33.284% (5794/17408)
Loss: 1.787 | Precision@1: 33.331% (5845/17536)
Loss: 1.787 | Precision@1: 33.294% (5881/17664)
Loss: 1.787 | Precision@1: 33.279% (5921/17792)
Loss: 1.787 | Precision@1: 33.242% (5957/17920)
Loss: 1.787 | Precision@1: 33.289% (6008/18048)
Loss: 1.786 | Precision@1: 33.319% (6056/18176)
Loss: 1.787 | Precision@1: 33.288% (6093/18304)
Loss: 1.785 | Precision@1: 33.274% (6133/18432)
Loss: 1.785 | Precision@1: 33.292% (6179/18560)
Loss: 1.785 | Precision@1: 33.283% (6220/18688)
Loss: 1.785 | Precision@1: 33.275% (6261/18816)
Loss: 1.784 | Precision@1: 33.309% (6310/18944)
Loss: 1.784 | Precision@1: 33.374% (6365/19072)
Loss: 1.783 | Precision@1: 33.401% (6413/19200)
Loss: 1.784 | Precision@1: 33.413% (6458/19328)
Loss: 1.784 | Precision@1: 33.383% (6495/19456)
Loss: 1.783 | Precision@1: 33.456% (6552/19584)
Loss: 1.783 | Precision@1: 33.457% (6595/19712)
Loss: 1.783 | Precision@1: 33.427% (6632/19840)
Loss: 1.782 | Precision@1: 33.469% (6683/19968)
Loss: 1.783 | Precision@1: 33.464% (6725/20096)
Loss: 1.782 | Precision@1: 33.505% (6776/20224)
Loss: 1.782 | Precision@1: 33.495% (6817/20352)
Loss: 1.782 | Precision@1: 33.477% (6856/20480)
Loss: 1.782 | Precision@1: 33.463% (6896/20608)
Loss: 1.782 | Precision@1: 33.449% (6936/20736)
Loss: 1.782 | Precision@1: 33.460% (6981/20864)
Loss: 1.782 | Precision@1: 33.427% (7017/20992)
Loss: 1.781 | Precision@1: 33.438% (7062/21120)
Loss: 1.780 | Precision@1: 33.481% (7114/21248)
Loss: 1.780 | Precision@1: 33.486% (7158/21376)
Loss: 1.780 | Precision@1: 33.459% (7195/21504)
Loss: 1.780 | Precision@1: 33.464% (7239/21632)
Loss: 1.779 | Precision@1: 33.506% (7291/21760)
Loss: 1.777 | Precision@1: 33.557% (7345/21888)
Loss: 1.777 | Precision@1: 33.553% (7387/22016)
Loss: 1.776 | Precision@1: 33.549% (7429/22144)
Loss: 1.775 | Precision@1: 33.580% (7479/22272)
Loss: 1.775 | Precision@1: 33.607% (7528/22400)
Loss: 1.775 | Precision@1: 33.594% (7568/22528)
Loss: 1.775 | Precision@1: 33.585% (7609/22656)
Loss: 1.776 | Precision@1: 33.585% (7652/22784)
Loss: 1.776 | Precision@1: 33.598% (7698/22912)
Loss: 1.775 | Precision@1: 33.615% (7745/23040)
Loss: 1.775 | Precision@1: 33.572% (7778/23168)
Loss: 1.775 | Precision@1: 33.551% (7816/23296)
Loss: 1.776 | Precision@1: 33.538% (7856/23424)
Loss: 1.775 | Precision@1: 33.606% (7915/23552)
Loss: 1.774 | Precision@1: 33.602% (7957/23680)
Loss: 1.774 | Precision@1: 33.623% (8005/23808)
Loss: 1.773 | Precision@1: 33.661% (8057/23936)
Loss: 1.773 | Precision@1: 33.681% (8105/24064)
Loss: 1.772 | Precision@1: 33.701% (8153/24192)
Loss: 1.772 | Precision@1: 33.684% (8192/24320)
Loss: 1.772 | Precision@1: 33.725% (8245/24448)
Loss: 1.772 | Precision@1: 33.736% (8291/24576)
Loss: 1.771 | Precision@1: 33.780% (8345/24704)
Loss: 1.771 | Precision@1: 33.815% (8397/24832)
Loss: 1.770 | Precision@1: 33.834% (8445/24960)
Loss: 1.770 | Precision@1: 33.833% (8488/25088)
Loss: 1.770 | Precision@1: 33.840% (8533/25216)
Loss: 1.770 | Precision@1: 33.882% (8587/25344)
Loss: 1.770 | Precision@1: 33.876% (8629/25472)
Loss: 1.770 | Precision@1: 33.895% (8677/25600)
Loss: 1.770 | Precision@1: 33.889% (8719/25728)
Loss: 1.769 | Precision@1: 33.907% (8767/25856)
Loss: 1.769 | Precision@1: 33.898% (8808/25984)
Loss: 1.769 | Precision@1: 33.935% (8861/26112)
Loss: 1.769 | Precision@1: 33.937% (8905/26240)
Loss: 1.769 | Precision@1: 33.920% (8944/26368)
Loss: 1.768 | Precision@1: 33.933% (8991/26496)
Loss: 1.768 | Precision@1: 33.932% (9034/26624)
Loss: 1.767 | Precision@1: 33.938% (9079/26752)
Loss: 1.767 | Precision@1: 33.929% (9120/26880)
Loss: 1.767 | Precision@1: 33.927% (9163/27008)
Loss: 1.766 | Precision@1: 33.940% (9210/27136)
Loss: 1.766 | Precision@1: 33.957% (9258/27264)
Loss: 1.765 | Precision@1: 34.010% (9316/27392)
Loss: 1.764 | Precision@1: 33.997% (9356/27520)
Loss: 1.764 | Precision@1: 34.017% (9405/27648)
Loss: 1.763 | Precision@1: 34.029% (9452/27776)
Loss: 1.763 | Precision@1: 34.035% (9497/27904)
Loss: 1.763 | Precision@1: 34.022% (9537/28032)
Loss: 1.763 | Precision@1: 34.052% (9589/28160)
Loss: 1.762 | Precision@1: 34.067% (9637/28288)
Loss: 1.762 | Precision@1: 34.051% (9676/28416)
Loss: 1.762 | Precision@1: 34.070% (9725/28544)
Loss: 1.762 | Precision@1: 34.051% (9763/28672)
Loss: 1.761 | Precision@1: 34.073% (9813/28800)
Loss: 1.761 | Precision@1: 34.071% (9856/28928)
Loss: 1.760 | Precision@1: 34.082% (9903/29056)
Loss: 1.760 | Precision@1: 34.108% (9954/29184)
Loss: 1.760 | Precision@1: 34.116% (10000/29312)
Loss: 1.760 | Precision@1: 34.124% (10046/29440)
Loss: 1.759 | Precision@1: 34.142% (10095/29568)
Loss: 1.759 | Precision@1: 34.139% (10138/29696)
Loss: 1.758 | Precision@1: 34.177% (10193/29824)
Loss: 1.758 | Precision@1: 34.188% (10240/29952)
Loss: 1.757 | Precision@1: 34.225% (10295/30080)
Loss: 1.757 | Precision@1: 34.243% (10344/30208)
Loss: 1.757 | Precision@1: 34.260% (10393/30336)
Loss: 1.757 | Precision@1: 34.293% (10447/30464)
Loss: 1.756 | Precision@1: 34.300% (10493/30592)
Loss: 1.756 | Precision@1: 34.310% (10540/30720)
Loss: 1.756 | Precision@1: 34.310% (10584/30848)
Loss: 1.755 | Precision@1: 34.323% (10632/30976)
Loss: 1.755 | Precision@1: 34.314% (10673/31104)
Loss: 1.754 | Precision@1: 34.333% (10723/31232)
Loss: 1.754 | Precision@1: 34.349% (10772/31360)
Loss: 1.754 | Precision@1: 34.369% (10822/31488)
Loss: 1.754 | Precision@1: 34.394% (10874/31616)
Loss: 1.753 | Precision@1: 34.429% (10929/31744)
Loss: 1.753 | Precision@1: 34.413% (10968/31872)
Loss: 1.753 | Precision@1: 34.425% (11016/32000)
Loss: 1.753 | Precision@1: 34.409% (11055/32128)
Loss: 1.753 | Precision@1: 34.400% (11096/32256)
Loss: 1.753 | Precision@1: 34.400% (11140/32384)
Loss: 1.753 | Precision@1: 34.400% (11184/32512)
Loss: 1.753 | Precision@1: 34.424% (11236/32640)
Loss: 1.753 | Precision@1: 34.421% (11279/32768)
Loss: 1.752 | Precision@1: 34.448% (11332/32896)
Loss: 1.751 | Precision@1: 34.496% (11392/33024)
Loss: 1.751 | Precision@1: 34.499% (11437/33152)
Loss: 1.751 | Precision@1: 34.501% (11482/33280)
Loss: 1.751 | Precision@1: 34.510% (11529/33408)
Loss: 1.750 | Precision@1: 34.515% (11575/33536)
Loss: 1.749 | Precision@1: 34.553% (11632/33664)
Loss: 1.749 | Precision@1: 34.561% (11679/33792)
Loss: 1.748 | Precision@1: 34.581% (11730/33920)
Loss: 1.748 | Precision@1: 34.625% (11789/34048)
Loss: 1.747 | Precision@1: 34.653% (11843/34176)
Loss: 1.747 | Precision@1: 34.675% (11895/34304)
Loss: 1.746 | Precision@1: 34.689% (11944/34432)
Loss: 1.746 | Precision@1: 34.708% (11995/34560)
Loss: 1.746 | Precision@1: 34.735% (12049/34688)
Loss: 1.745 | Precision@1: 34.751% (12099/34816)
Loss: 1.745 | Precision@1: 34.764% (12148/34944)
Loss: 1.745 | Precision@1: 34.768% (12194/35072)
Loss: 1.744 | Precision@1: 34.795% (12248/35200)
Loss: 1.744 | Precision@1: 34.828% (12304/35328)
Loss: 1.743 | Precision@1: 34.843% (12354/35456)
Loss: 1.743 | Precision@1: 34.867% (12407/35584)
Loss: 1.743 | Precision@1: 34.879% (12456/35712)
Loss: 1.742 | Precision@1: 34.894% (12506/35840)
Loss: 1.742 | Precision@1: 34.920% (12560/35968)
Loss: 1.742 | Precision@1: 34.918% (12604/36096)
Loss: 1.741 | Precision@1: 34.938% (12656/36224)
Loss: 1.741 | Precision@1: 34.944% (12703/36352)
Loss: 1.741 | Precision@1: 34.973% (12758/36480)
Loss: 1.741 | Precision@1: 34.979% (12805/36608)
Loss: 1.740 | Precision@1: 34.974% (12848/36736)
Loss: 1.740 | Precision@1: 34.977% (12894/36864)
Loss: 1.741 | Precision@1: 34.986% (12942/36992)
Loss: 1.741 | Precision@1: 34.960% (12977/37120)
Loss: 1.741 | Precision@1: 34.971% (13026/37248)
Loss: 1.741 | Precision@1: 34.993% (13079/37376)
Loss: 1.740 | Precision@1: 35.007% (13129/37504)
Loss: 1.740 | Precision@1: 34.986% (13166/37632)
Loss: 1.740 | Precision@1: 34.997% (13215/37760)
Loss: 1.740 | Precision@1: 35.003% (13262/37888)
Loss: 1.739 | Precision@1: 35.004% (13307/38016)
Loss: 1.739 | Precision@1: 35.015% (13356/38144)
Loss: 1.738 | Precision@1: 35.047% (13413/38272)
Loss: 1.738 | Precision@1: 35.091% (13475/38400)
Loss: 1.738 | Precision@1: 35.078% (13515/38528)
Loss: 1.738 | Precision@1: 35.099% (13568/38656)
Loss: 1.738 | Precision@1: 35.089% (13609/38784)
Loss: 1.737 | Precision@1: 35.089% (13654/38912)
Loss: 1.737 | Precision@1: 35.115% (13709/39040)
Loss: 1.737 | Precision@1: 35.136% (13762/39168)
Loss: 1.737 | Precision@1: 35.138% (13808/39296)
Loss: 1.736 | Precision@1: 35.141% (13854/39424)
Loss: 1.736 | Precision@1: 35.139% (13898/39552)
Loss: 1.735 | Precision@1: 35.166% (13954/39680)
Loss: 1.735 | Precision@1: 35.181% (14005/39808)
Loss: 1.735 | Precision@1: 35.199% (14057/39936)
Loss: 1.734 | Precision@1: 35.211% (14107/40064)
Loss: 1.734 | Precision@1: 35.231% (14160/40192)
Loss: 1.734 | Precision@1: 35.233% (14206/40320)
Loss: 1.733 | Precision@1: 35.240% (14254/40448)
Loss: 1.734 | Precision@1: 35.220% (14291/40576)
Loss: 1.733 | Precision@1: 35.247% (14347/40704)
Loss: 1.733 | Precision@1: 35.293% (14411/40832)
Loss: 1.732 | Precision@1: 35.322% (14468/40960)
Loss: 1.732 | Precision@1: 35.327% (14515/41088)
Loss: 1.732 | Precision@1: 35.341% (14566/41216)
Loss: 1.732 | Precision@1: 35.345% (14613/41344)
Loss: 1.732 | Precision@1: 35.361% (14665/41472)
Loss: 1.731 | Precision@1: 35.373% (14715/41600)
Loss: 1.731 | Precision@1: 35.377% (14762/41728)
Loss: 1.731 | Precision@1: 35.405% (14819/41856)
Loss: 1.731 | Precision@1: 35.397% (14861/41984)
Loss: 1.730 | Precision@1: 35.396% (14906/42112)
Loss: 1.730 | Precision@1: 35.426% (14964/42240)
Loss: 1.729 | Precision@1: 35.447% (15018/42368)
Loss: 1.729 | Precision@1: 35.446% (15063/42496)
Loss: 1.728 | Precision@1: 35.487% (15126/42624)
Loss: 1.728 | Precision@1: 35.523% (15187/42752)
Loss: 1.727 | Precision@1: 35.557% (15247/42880)
Loss: 1.727 | Precision@1: 35.561% (15294/43008)
Loss: 1.727 | Precision@1: 35.583% (15349/43136)
Loss: 1.727 | Precision@1: 35.595% (15400/43264)
Loss: 1.727 | Precision@1: 35.603% (15449/43392)
Loss: 1.725 | Precision@1: 35.630% (15506/43520)
Loss: 1.725 | Precision@1: 35.658% (15564/43648)
Loss: 1.725 | Precision@1: 35.654% (15608/43776)
Loss: 1.724 | Precision@1: 35.660% (15656/43904)
Loss: 1.724 | Precision@1: 35.692% (15716/44032)
Loss: 1.723 | Precision@1: 35.709% (15769/44160)
Loss: 1.723 | Precision@1: 35.723% (15821/44288)
Loss: 1.722 | Precision@1: 35.757% (15882/44416)
Loss: 1.722 | Precision@1: 35.807% (15950/44544)
Loss: 1.721 | Precision@1: 35.819% (16001/44672)
Loss: 1.721 | Precision@1: 35.815% (16045/44800)
Loss: 1.721 | Precision@1: 35.795% (16082/44928)
Loss: 1.721 | Precision@1: 35.804% (16132/45056)
Loss: 1.721 | Precision@1: 35.796% (16174/45184)
Loss: 1.720 | Precision@1: 35.805% (16224/45312)
Loss: 1.720 | Precision@1: 35.827% (16280/45440)
Loss: 1.720 | Precision@1: 35.832% (16328/45568)
Loss: 1.719 | Precision@1: 35.857% (16385/45696)
Loss: 1.719 | Precision@1: 35.855% (16430/45824)
Loss: 1.719 | Precision@1: 35.861% (16479/45952)
Loss: 1.718 | Precision@1: 35.872% (16530/46080)
Loss: 1.718 | Precision@1: 35.905% (16591/46208)
Loss: 1.718 | Precision@1: 35.933% (16650/46336)
Loss: 1.718 | Precision@1: 35.935% (16697/46464)
Loss: 1.717 | Precision@1: 35.944% (16747/46592)
Loss: 1.716 | Precision@1: 35.955% (16798/46720)
Loss: 1.716 | Precision@1: 35.976% (16854/46848)
Loss: 1.716 | Precision@1: 35.974% (16899/46976)
Loss: 1.715 | Precision@1: 35.997% (16956/47104)
Loss: 1.714 | Precision@1: 36.014% (17010/47232)
Loss: 1.714 | Precision@1: 36.030% (17064/47360)
Loss: 1.714 | Precision@1: 36.036% (17113/47488)
Loss: 1.714 | Precision@1: 36.040% (17161/47616)
Loss: 1.714 | Precision@1: 36.053% (17213/47744)
Loss: 1.713 | Precision@1: 36.061% (17263/47872)
Loss: 1.713 | Precision@1: 36.077% (17317/48000)
Loss: 1.712 | Precision@1: 36.095% (17372/48128)
Loss: 1.712 | Precision@1: 36.103% (17422/48256)
Loss: 1.712 | Precision@1: 36.115% (17474/48384)
Loss: 1.712 | Precision@1: 36.121% (17523/48512)
Loss: 1.711 | Precision@1: 36.123% (17570/48640)
Loss: 1.711 | Precision@1: 36.126% (17618/48768)
Loss: 1.710 | Precision@1: 36.140% (17671/48896)
Loss: 1.710 | Precision@1: 36.139% (17717/49024)
Loss: 1.710 | Precision@1: 36.153% (17770/49152)
Loss: 1.710 | Precision@1: 36.169% (17824/49280)
Loss: 1.709 | Precision@1: 36.205% (17888/49408)
Loss: 1.709 | Precision@1: 36.228% (17946/49536)
Loss: 1.708 | Precision@1: 36.246% (18001/49664)
Loss: 1.708 | Precision@1: 36.255% (18052/49792)
Loss: 1.708 | Precision@1: 36.268% (18105/49920)
Loss: 1.707 | Precision@1: 36.272% (18136/50000)

Aggregates: 			
 	 DataLoader Time: 0.3791 			
 	 Mini-batch Time: 12.3822 			
 	 Training Epoch Time: 29.8502
 			
 Averages: 			
 	 Training Loss: 1.7073

 Test set Averages: Loss: 1.633 | Precision@1: 38.930% (3893/10000)

Epoch: 2
Loss: 1.593 | Precision@1: 38.281% (49/128)
Loss: 1.623 | Precision@1: 38.281% (98/256)
Loss: 1.632 | Precision@1: 38.281% (147/384)
Loss: 1.624 | Precision@1: 38.672% (198/512)
Loss: 1.601 | Precision@1: 40.156% (257/640)
Loss: 1.614 | Precision@1: 39.583% (304/768)
Loss: 1.619 | Precision@1: 39.955% (358/896)
Loss: 1.618 | Precision@1: 40.723% (417/1024)
Loss: 1.617 | Precision@1: 40.799% (470/1152)
Loss: 1.602 | Precision@1: 41.016% (525/1280)
Loss: 1.595 | Precision@1: 41.193% (580/1408)
Loss: 1.597 | Precision@1: 40.820% (627/1536)
Loss: 1.595 | Precision@1: 41.226% (686/1664)
Loss: 1.590 | Precision@1: 41.239% (739/1792)
Loss: 1.592 | Precision@1: 41.458% (796/1920)
Loss: 1.589 | Precision@1: 41.602% (852/2048)
Loss: 1.588 | Precision@1: 41.866% (911/2176)
Loss: 1.580 | Precision@1: 41.970% (967/2304)
Loss: 1.571 | Precision@1: 42.105% (1024/2432)
Loss: 1.567 | Precision@1: 42.305% (1083/2560)
Loss: 1.572 | Precision@1: 41.704% (1121/2688)
Loss: 1.575 | Precision@1: 41.584% (1171/2816)
Loss: 1.568 | Precision@1: 41.814% (1231/2944)
Loss: 1.572 | Precision@1: 42.057% (1292/3072)
Loss: 1.571 | Precision@1: 42.000% (1344/3200)
Loss: 1.573 | Precision@1: 41.677% (1387/3328)
Loss: 1.572 | Precision@1: 41.580% (1437/3456)
Loss: 1.576 | Precision@1: 41.518% (1488/3584)
Loss: 1.578 | Precision@1: 41.460% (1539/3712)
Loss: 1.577 | Precision@1: 41.484% (1593/3840)
Loss: 1.572 | Precision@1: 41.759% (1657/3968)
Loss: 1.573 | Precision@1: 41.650% (1706/4096)
Loss: 1.576 | Precision@1: 41.454% (1751/4224)
Loss: 1.574 | Precision@1: 41.452% (1804/4352)
Loss: 1.571 | Precision@1: 41.562% (1862/4480)
Loss: 1.570 | Precision@1: 41.645% (1919/4608)
Loss: 1.568 | Precision@1: 41.702% (1975/4736)
Loss: 1.569 | Precision@1: 41.509% (2019/4864)
Loss: 1.568 | Precision@1: 41.526% (2073/4992)
Loss: 1.570 | Precision@1: 41.309% (2115/5120)
Loss: 1.565 | Precision@1: 41.444% (2175/5248)
Loss: 1.563 | Precision@1: 41.462% (2229/5376)
Loss: 1.562 | Precision@1: 41.279% (2272/5504)
Loss: 1.558 | Precision@1: 41.335% (2328/5632)
Loss: 1.552 | Precision@1: 41.562% (2394/5760)
Loss: 1.556 | Precision@1: 41.491% (2443/5888)
Loss: 1.560 | Precision@1: 41.606% (2503/6016)
Loss: 1.560 | Precision@1: 41.732% (2564/6144)
Loss: 1.561 | Precision@1: 41.677% (2614/6272)
Loss: 1.563 | Precision@1: 41.562% (2660/6400)
Loss: 1.563 | Precision@1: 41.529% (2711/6528)
Loss: 1.562 | Precision@1: 41.602% (2769/6656)
Loss: 1.559 | Precision@1: 41.731% (2831/6784)
Loss: 1.559 | Precision@1: 41.681% (2881/6912)
Loss: 1.559 | Precision@1: 41.619% (2930/7040)
Loss: 1.560 | Precision@1: 41.588% (2981/7168)
Loss: 1.558 | Precision@1: 41.598% (3035/7296)
Loss: 1.561 | Precision@1: 41.554% (3085/7424)
Loss: 1.560 | Precision@1: 41.525% (3136/7552)
Loss: 1.559 | Precision@1: 41.497% (3187/7680)
Loss: 1.560 | Precision@1: 41.534% (3243/7808)
Loss: 1.558 | Precision@1: 41.507% (3294/7936)
Loss: 1.557 | Precision@1: 41.530% (3349/8064)
Loss: 1.556 | Precision@1: 41.565% (3405/8192)
Loss: 1.555 | Precision@1: 41.526% (3455/8320)
Loss: 1.555 | Precision@1: 41.536% (3509/8448)
Loss: 1.556 | Precision@1: 41.453% (3555/8576)
Loss: 1.560 | Precision@1: 41.314% (3596/8704)
Loss: 1.559 | Precision@1: 41.440% (3660/8832)
Loss: 1.560 | Precision@1: 41.339% (3704/8960)
Loss: 1.560 | Precision@1: 41.362% (3759/9088)
Loss: 1.558 | Precision@1: 41.385% (3814/9216)
Loss: 1.556 | Precision@1: 41.513% (3879/9344)
Loss: 1.556 | Precision@1: 41.491% (3930/9472)
Loss: 1.554 | Precision@1: 41.552% (3989/9600)
Loss: 1.556 | Precision@1: 41.468% (4034/9728)
Loss: 1.556 | Precision@1: 41.457% (4086/9856)
Loss: 1.556 | Precision@1: 41.466% (4140/9984)
Loss: 1.555 | Precision@1: 41.466% (4193/10112)
Loss: 1.556 | Precision@1: 41.445% (4244/10240)
Loss: 1.554 | Precision@1: 41.522% (4305/10368)
Loss: 1.555 | Precision@1: 41.530% (4359/10496)
Loss: 1.554 | Precision@1: 41.632% (4423/10624)
Loss: 1.552 | Precision@1: 41.676% (4481/10752)
Loss: 1.554 | Precision@1: 41.645% (4531/10880)
Loss: 1.553 | Precision@1: 41.706% (4591/11008)
Loss: 1.552 | Precision@1: 41.721% (4646/11136)
Loss: 1.551 | Precision@1: 41.673% (4694/11264)
Loss: 1.549 | Precision@1: 41.731% (4754/11392)
Loss: 1.549 | Precision@1: 41.736% (4808/11520)
Loss: 1.548 | Precision@1: 41.775% (4866/11648)
Loss: 1.549 | Precision@1: 41.746% (4916/11776)
Loss: 1.550 | Precision@1: 41.683% (4962/11904)
Loss: 1.550 | Precision@1: 41.714% (5019/12032)
Loss: 1.549 | Precision@1: 41.735% (5075/12160)
Loss: 1.548 | Precision@1: 41.805% (5137/12288)
Loss: 1.548 | Precision@1: 41.833% (5194/12416)
Loss: 1.548 | Precision@1: 41.853% (5250/12544)
Loss: 1.548 | Precision@1: 41.919% (5312/12672)
Loss: 1.548 | Precision@1: 41.961% (5371/12800)
Loss: 1.547 | Precision@1: 42.002% (5430/12928)
Loss: 1.547 | Precision@1: 41.973% (5480/13056)
Loss: 1.546 | Precision@1: 41.975% (5534/13184)
Loss: 1.546 | Precision@1: 41.970% (5587/13312)
Loss: 1.545 | Precision@1: 42.024% (5648/13440)
Loss: 1.544 | Precision@1: 42.092% (5711/13568)
Loss: 1.543 | Precision@1: 42.100% (5766/13696)
Loss: 1.543 | Precision@1: 42.079% (5817/13824)
Loss: 1.541 | Precision@1: 42.173% (5884/13952)
Loss: 1.540 | Precision@1: 42.230% (5946/14080)
Loss: 1.539 | Precision@1: 42.300% (6010/14208)
Loss: 1.540 | Precision@1: 42.271% (6060/14336)
Loss: 1.538 | Precision@1: 42.312% (6120/14464)
Loss: 1.538 | Precision@1: 42.304% (6173/14592)
Loss: 1.536 | Precision@1: 42.398% (6241/14720)
Loss: 1.535 | Precision@1: 42.410% (6297/14848)
Loss: 1.534 | Precision@1: 42.488% (6363/14976)
Loss: 1.535 | Precision@1: 42.505% (6420/15104)
Loss: 1.535 | Precision@1: 42.489% (6472/15232)
Loss: 1.535 | Precision@1: 42.474% (6524/15360)
Loss: 1.536 | Precision@1: 42.465% (6577/15488)
Loss: 1.535 | Precision@1: 42.482% (6634/15616)
Loss: 1.535 | Precision@1: 42.505% (6692/15744)
Loss: 1.534 | Precision@1: 42.566% (6756/15872)
Loss: 1.535 | Precision@1: 42.513% (6802/16000)
Loss: 1.534 | Precision@1: 42.541% (6861/16128)
Loss: 1.533 | Precision@1: 42.544% (6916/16256)
Loss: 1.534 | Precision@1: 42.572% (6975/16384)
Loss: 1.534 | Precision@1: 42.533% (7023/16512)
Loss: 1.534 | Precision@1: 42.530% (7077/16640)
Loss: 1.533 | Precision@1: 42.569% (7138/16768)
Loss: 1.533 | Precision@1: 42.590% (7196/16896)
Loss: 1.533 | Precision@1: 42.628% (7257/17024)
Loss: 1.533 | Precision@1: 42.648% (7315/17152)
Loss: 1.532 | Precision@1: 42.656% (7371/17280)
Loss: 1.532 | Precision@1: 42.664% (7427/17408)
Loss: 1.531 | Precision@1: 42.729% (7493/17536)
Loss: 1.530 | Precision@1: 42.742% (7550/17664)
Loss: 1.530 | Precision@1: 42.811% (7617/17792)
Loss: 1.530 | Precision@1: 42.796% (7669/17920)
Loss: 1.530 | Precision@1: 42.803% (7725/18048)
Loss: 1.530 | Precision@1: 42.787% (7777/18176)
Loss: 1.530 | Precision@1: 42.794% (7833/18304)
Loss: 1.530 | Precision@1: 42.817% (7892/18432)
Loss: 1.530 | Precision@1: 42.845% (7952/18560)
Loss: 1.530 | Precision@1: 42.883% (8014/18688)
Loss: 1.530 | Precision@1: 42.905% (8073/18816)
Loss: 1.529 | Precision@1: 42.932% (8133/18944)
Loss: 1.529 | Precision@1: 42.948% (8191/19072)
Loss: 1.528 | Precision@1: 42.953% (8247/19200)
Loss: 1.528 | Precision@1: 42.938% (8299/19328)
Loss: 1.527 | Precision@1: 42.984% (8363/19456)
Loss: 1.527 | Precision@1: 43.025% (8426/19584)
Loss: 1.526 | Precision@1: 43.040% (8484/19712)
Loss: 1.526 | Precision@1: 43.044% (8540/19840)
Loss: 1.525 | Precision@1: 43.084% (8603/19968)
Loss: 1.524 | Precision@1: 43.138% (8669/20096)
Loss: 1.524 | Precision@1: 43.152% (8727/20224)
Loss: 1.523 | Precision@1: 43.234% (8799/20352)
Loss: 1.522 | Precision@1: 43.218% (8851/20480)
Loss: 1.522 | Precision@1: 43.240% (8911/20608)
Loss: 1.522 | Precision@1: 43.239% (8966/20736)
Loss: 1.522 | Precision@1: 43.256% (9025/20864)
Loss: 1.521 | Precision@1: 43.278% (9085/20992)
Loss: 1.521 | Precision@1: 43.291% (9143/21120)
Loss: 1.521 | Precision@1: 43.293% (9199/21248)
Loss: 1.521 | Precision@1: 43.273% (9250/21376)
Loss: 1.521 | Precision@1: 43.280% (9307/21504)
Loss: 1.521 | Precision@1: 43.241% (9354/21632)
Loss: 1.521 | Precision@1: 43.235% (9408/21760)
Loss: 1.522 | Precision@1: 43.225% (9461/21888)
Loss: 1.522 | Precision@1: 43.232% (9518/22016)
Loss: 1.522 | Precision@1: 43.267% (9581/22144)
Loss: 1.521 | Precision@1: 43.301% (9644/22272)
Loss: 1.522 | Precision@1: 43.308% (9701/22400)
Loss: 1.521 | Precision@1: 43.328% (9761/22528)
Loss: 1.522 | Precision@1: 43.322% (9815/22656)
Loss: 1.521 | Precision@1: 43.329% (9872/22784)
Loss: 1.521 | Precision@1: 43.331% (9928/22912)
Loss: 1.521 | Precision@1: 43.299% (9976/23040)
Loss: 1.520 | Precision@1: 43.314% (10035/23168)
Loss: 1.521 | Precision@1: 43.308% (10089/23296)
Loss: 1.521 | Precision@1: 43.315% (10146/23424)
Loss: 1.520 | Precision@1: 43.321% (10203/23552)
Loss: 1.520 | Precision@1: 43.349% (10265/23680)
Loss: 1.519 | Precision@1: 43.380% (10328/23808)
Loss: 1.520 | Precision@1: 43.336% (10373/23936)
Loss: 1.519 | Precision@1: 43.351% (10432/24064)
Loss: 1.519 | Precision@1: 43.328% (10482/24192)
Loss: 1.519 | Precision@1: 43.339% (10540/24320)
Loss: 1.519 | Precision@1: 43.329% (10593/24448)
Loss: 1.519 | Precision@1: 43.363% (10657/24576)
Loss: 1.519 | Precision@1: 43.426% (10728/24704)
Loss: 1.518 | Precision@1: 43.436% (10786/24832)
Loss: 1.518 | Precision@1: 43.458% (10847/24960)
Loss: 1.517 | Precision@1: 43.483% (10909/25088)
Loss: 1.516 | Precision@1: 43.512% (10972/25216)
Loss: 1.516 | Precision@1: 43.513% (11028/25344)
Loss: 1.516 | Precision@1: 43.538% (11090/25472)
Loss: 1.515 | Precision@1: 43.566% (11153/25600)
Loss: 1.515 | Precision@1: 43.556% (11206/25728)
Loss: 1.515 | Precision@1: 43.560% (11263/25856)
Loss: 1.515 | Precision@1: 43.573% (11322/25984)
Loss: 1.515 | Precision@1: 43.578% (11379/26112)
Loss: 1.514 | Precision@1: 43.639% (11451/26240)
Loss: 1.514 | Precision@1: 43.625% (11503/26368)
Loss: 1.514 | Precision@1: 43.667% (11570/26496)
Loss: 1.513 | Precision@1: 43.667% (11626/26624)
Loss: 1.513 | Precision@1: 43.668% (11682/26752)
Loss: 1.513 | Precision@1: 43.683% (11742/26880)
Loss: 1.512 | Precision@1: 43.694% (11801/27008)
Loss: 1.512 | Precision@1: 43.698% (11858/27136)
Loss: 1.510 | Precision@1: 43.776% (11935/27264)
Loss: 1.509 | Precision@1: 43.823% (12004/27392)
Loss: 1.510 | Precision@1: 43.819% (12059/27520)
Loss: 1.510 | Precision@1: 43.804% (12111/27648)
Loss: 1.510 | Precision@1: 43.797% (12165/27776)
Loss: 1.510 | Precision@1: 43.804% (12223/27904)
Loss: 1.509 | Precision@1: 43.843% (12290/28032)
Loss: 1.508 | Precision@1: 43.878% (12356/28160)
Loss: 1.508 | Precision@1: 43.920% (12424/28288)
Loss: 1.507 | Precision@1: 43.961% (12492/28416)
Loss: 1.506 | Precision@1: 43.999% (12559/28544)
Loss: 1.505 | Precision@1: 44.046% (12629/28672)
Loss: 1.504 | Precision@1: 44.042% (12684/28800)
Loss: 1.504 | Precision@1: 44.040% (12740/28928)
Loss: 1.504 | Precision@1: 44.070% (12805/29056)
Loss: 1.503 | Precision@1: 44.103% (12871/29184)
Loss: 1.503 | Precision@1: 44.088% (12923/29312)
Loss: 1.502 | Precision@1: 44.124% (12990/29440)
Loss: 1.502 | Precision@1: 44.088% (13036/29568)
Loss: 1.501 | Precision@1: 44.117% (13101/29696)
Loss: 1.502 | Precision@1: 44.159% (13170/29824)
Loss: 1.501 | Precision@1: 44.181% (13233/29952)
Loss: 1.501 | Precision@1: 44.202% (13296/30080)
Loss: 1.500 | Precision@1: 44.204% (13353/30208)
Loss: 1.500 | Precision@1: 44.218% (13414/30336)
Loss: 1.499 | Precision@1: 44.236% (13476/30464)
Loss: 1.499 | Precision@1: 44.266% (13542/30592)
Loss: 1.499 | Precision@1: 44.271% (13600/30720)
Loss: 1.498 | Precision@1: 44.317% (13671/30848)
Loss: 1.497 | Precision@1: 44.325% (13730/30976)
Loss: 1.497 | Precision@1: 44.322% (13786/31104)
Loss: 1.497 | Precision@1: 44.326% (13844/31232)
Loss: 1.497 | Precision@1: 44.343% (13906/31360)
Loss: 1.496 | Precision@1: 44.338% (13961/31488)
Loss: 1.496 | Precision@1: 44.341% (14019/31616)
Loss: 1.496 | Precision@1: 44.339% (14075/31744)
Loss: 1.496 | Precision@1: 44.346% (14134/31872)
Loss: 1.496 | Precision@1: 44.331% (14186/32000)
Loss: 1.496 | Precision@1: 44.369% (14255/32128)
Loss: 1.495 | Precision@1: 44.367% (14311/32256)
Loss: 1.495 | Precision@1: 44.380% (14372/32384)
Loss: 1.495 | Precision@1: 44.430% (14445/32512)
Loss: 1.494 | Precision@1: 44.421% (14499/32640)
Loss: 1.494 | Precision@1: 44.400% (14549/32768)
Loss: 1.494 | Precision@1: 44.425% (14614/32896)
Loss: 1.494 | Precision@1: 44.425% (14671/33024)
Loss: 1.493 | Precision@1: 44.444% (14734/33152)
Loss: 1.493 | Precision@1: 44.447% (14792/33280)
Loss: 1.494 | Precision@1: 44.453% (14851/33408)
Loss: 1.494 | Precision@1: 44.448% (14906/33536)
Loss: 1.494 | Precision@1: 44.451% (14964/33664)
Loss: 1.494 | Precision@1: 44.460% (15024/33792)
Loss: 1.493 | Precision@1: 44.514% (15099/33920)
Loss: 1.493 | Precision@1: 44.508% (15154/34048)
Loss: 1.493 | Precision@1: 44.514% (15213/34176)
Loss: 1.492 | Precision@1: 44.531% (15276/34304)
Loss: 1.491 | Precision@1: 44.552% (15340/34432)
Loss: 1.492 | Precision@1: 44.560% (15400/34560)
Loss: 1.491 | Precision@1: 44.580% (15464/34688)
Loss: 1.491 | Precision@1: 44.571% (15518/34816)
Loss: 1.491 | Precision@1: 44.546% (15566/34944)
Loss: 1.491 | Precision@1: 44.585% (15637/35072)
Loss: 1.491 | Precision@1: 44.588% (15695/35200)
Loss: 1.490 | Precision@1: 44.622% (15764/35328)
Loss: 1.490 | Precision@1: 44.633% (15825/35456)
Loss: 1.490 | Precision@1: 44.644% (15886/35584)
Loss: 1.490 | Precision@1: 44.649% (15945/35712)
Loss: 1.490 | Precision@1: 44.634% (15997/35840)
Loss: 1.489 | Precision@1: 44.637% (16055/35968)
Loss: 1.489 | Precision@1: 44.645% (16115/36096)
Loss: 1.488 | Precision@1: 44.658% (16177/36224)
Loss: 1.488 | Precision@1: 44.661% (16235/36352)
Loss: 1.488 | Precision@1: 44.693% (16304/36480)
Loss: 1.488 | Precision@1: 44.690% (16360/36608)
Loss: 1.487 | Precision@1: 44.730% (16432/36736)
Loss: 1.487 | Precision@1: 44.732% (16490/36864)
Loss: 1.486 | Precision@1: 44.745% (16552/36992)
Loss: 1.486 | Precision@1: 44.752% (16612/37120)
Loss: 1.486 | Precision@1: 44.773% (16677/37248)
Loss: 1.486 | Precision@1: 44.799% (16744/37376)
Loss: 1.485 | Precision@1: 44.806% (16804/37504)
Loss: 1.485 | Precision@1: 44.824% (16868/37632)
Loss: 1.484 | Precision@1: 44.844% (16933/37760)
Loss: 1.484 | Precision@1: 44.859% (16996/37888)
Loss: 1.483 | Precision@1: 44.878% (17061/38016)
Loss: 1.483 | Precision@1: 44.867% (17114/38144)
Loss: 1.482 | Precision@1: 44.887% (17179/38272)
Loss: 1.482 | Precision@1: 44.883% (17235/38400)
Loss: 1.482 | Precision@1: 44.889% (17295/38528)
Loss: 1.481 | Precision@1: 44.924% (17366/38656)
Loss: 1.481 | Precision@1: 44.931% (17426/38784)
Loss: 1.480 | Precision@1: 44.935% (17485/38912)
Loss: 1.480 | Precision@1: 44.946% (17547/39040)
Loss: 1.480 | Precision@1: 44.950% (17606/39168)
Loss: 1.479 | Precision@1: 44.974% (17673/39296)
Loss: 1.479 | Precision@1: 44.968% (17728/39424)
Loss: 1.479 | Precision@1: 44.974% (17788/39552)
Loss: 1.479 | Precision@1: 44.970% (17844/39680)
Loss: 1.479 | Precision@1: 44.981% (17906/39808)
Loss: 1.478 | Precision@1: 44.984% (17965/39936)
Loss: 1.478 | Precision@1: 44.988% (18024/40064)
Loss: 1.478 | Precision@1: 44.979% (18078/40192)
Loss: 1.478 | Precision@1: 44.998% (18143/40320)
Loss: 1.477 | Precision@1: 45.023% (18211/40448)
Loss: 1.476 | Precision@1: 45.036% (18274/40576)
Loss: 1.476 | Precision@1: 45.037% (18332/40704)
Loss: 1.475 | Precision@1: 45.077% (18406/40832)
Loss: 1.474 | Precision@1: 45.112% (18478/40960)
Loss: 1.474 | Precision@1: 45.115% (18537/41088)
Loss: 1.474 | Precision@1: 45.111% (18593/41216)
Loss: 1.475 | Precision@1: 45.090% (18642/41344)
Loss: 1.475 | Precision@1: 45.103% (18705/41472)
Loss: 1.474 | Precision@1: 45.115% (18768/41600)
Loss: 1.474 | Precision@1: 45.109% (18823/41728)
Loss: 1.474 | Precision@1: 45.140% (18894/41856)
Loss: 1.474 | Precision@1: 45.134% (18949/41984)
Loss: 1.474 | Precision@1: 45.139% (19009/42112)
Loss: 1.473 | Precision@1: 45.152% (19072/42240)
Loss: 1.473 | Precision@1: 45.166% (19136/42368)
Loss: 1.473 | Precision@1: 45.171% (19196/42496)
Loss: 1.473 | Precision@1: 45.195% (19264/42624)
Loss: 1.473 | Precision@1: 45.203% (19325/42752)
Loss: 1.472 | Precision@1: 45.217% (19389/42880)
Loss: 1.471 | Precision@1: 45.229% (19452/43008)
Loss: 1.471 | Precision@1: 45.231% (19511/43136)
Loss: 1.471 | Precision@1: 45.232% (19569/43264)
Loss: 1.471 | Precision@1: 45.246% (19633/43392)
Loss: 1.471 | Precision@1: 45.267% (19700/43520)
Loss: 1.470 | Precision@1: 45.264% (19757/43648)
Loss: 1.470 | Precision@1: 45.278% (19821/43776)
Loss: 1.470 | Precision@1: 45.292% (19885/43904)
Loss: 1.470 | Precision@1: 45.319% (19955/44032)
Loss: 1.470 | Precision@1: 45.335% (20020/44160)
Loss: 1.470 | Precision@1: 45.344% (20082/44288)
Loss: 1.469 | Precision@1: 45.358% (20146/44416)
Loss: 1.469 | Precision@1: 45.378% (20213/44544)
Loss: 1.468 | Precision@1: 45.398% (20280/44672)
Loss: 1.469 | Precision@1: 45.404% (20341/44800)
Loss: 1.469 | Precision@1: 45.395% (20395/44928)
Loss: 1.468 | Precision@1: 45.406% (20458/45056)
Loss: 1.469 | Precision@1: 45.368% (20499/45184)
Loss: 1.469 | Precision@1: 45.365% (20556/45312)
Loss: 1.469 | Precision@1: 45.379% (20620/45440)
Loss: 1.468 | Precision@1: 45.413% (20694/45568)
Loss: 1.468 | Precision@1: 45.431% (20760/45696)
Loss: 1.467 | Precision@1: 45.426% (20816/45824)
Loss: 1.467 | Precision@1: 45.426% (20874/45952)
Loss: 1.467 | Precision@1: 45.438% (20938/46080)
Loss: 1.467 | Precision@1: 45.434% (20994/46208)
Loss: 1.466 | Precision@1: 45.477% (21072/46336)
Loss: 1.466 | Precision@1: 45.472% (21128/46464)
Loss: 1.466 | Precision@1: 45.497% (21198/46592)
Loss: 1.465 | Precision@1: 45.522% (21268/46720)
Loss: 1.465 | Precision@1: 45.543% (21336/46848)
Loss: 1.464 | Precision@1: 45.562% (21403/46976)
Loss: 1.464 | Precision@1: 45.559% (21460/47104)
Loss: 1.464 | Precision@1: 45.596% (21536/47232)
Loss: 1.463 | Precision@1: 45.606% (21599/47360)
Loss: 1.464 | Precision@1: 45.599% (21654/47488)
Loss: 1.463 | Precision@1: 45.611% (21718/47616)
Loss: 1.463 | Precision@1: 45.650% (21795/47744)
Loss: 1.463 | Precision@1: 45.645% (21851/47872)
Loss: 1.462 | Precision@1: 45.665% (21919/48000)
Loss: 1.462 | Precision@1: 45.666% (21978/48128)
Loss: 1.462 | Precision@1: 45.669% (22038/48256)
Loss: 1.462 | Precision@1: 45.699% (22111/48384)
Loss: 1.461 | Precision@1: 45.727% (22183/48512)
Loss: 1.461 | Precision@1: 45.757% (22256/48640)
Loss: 1.461 | Precision@1: 45.770% (22321/48768)
Loss: 1.461 | Precision@1: 45.785% (22387/48896)
Loss: 1.461 | Precision@1: 45.784% (22445/49024)
Loss: 1.460 | Precision@1: 45.815% (22519/49152)
Loss: 1.460 | Precision@1: 45.810% (22575/49280)
Loss: 1.460 | Precision@1: 45.825% (22641/49408)
Loss: 1.460 | Precision@1: 45.833% (22704/49536)
Loss: 1.459 | Precision@1: 45.850% (22771/49664)
Loss: 1.458 | Precision@1: 45.887% (22848/49792)
Loss: 1.458 | Precision@1: 45.911% (22919/49920)
Loss: 1.457 | Precision@1: 45.920% (22960/50000)

Aggregates: 			
 	 DataLoader Time: 0.3725 			
 	 Mini-batch Time: 12.2915 			
 	 Training Epoch Time: 29.7365
 			
 Averages: 			
 	 Training Loss: 1.4575

 Test set Averages: Loss: 1.345 | Precision@1: 51.580% (5158/10000)

Epoch: 3
Loss: 1.454 | Precision@1: 46.875% (60/128)
Loss: 1.398 | Precision@1: 49.609% (127/256)
Loss: 1.355 | Precision@1: 53.385% (205/384)
Loss: 1.349 | Precision@1: 52.930% (271/512)
Loss: 1.332 | Precision@1: 53.594% (343/640)
Loss: 1.313 | Precision@1: 52.865% (406/768)
Loss: 1.311 | Precision@1: 53.237% (477/896)
Loss: 1.297 | Precision@1: 53.906% (552/1024)
Loss: 1.291 | Precision@1: 54.427% (627/1152)
Loss: 1.316 | Precision@1: 53.828% (689/1280)
Loss: 1.312 | Precision@1: 53.622% (755/1408)
Loss: 1.316 | Precision@1: 53.581% (823/1536)
Loss: 1.308 | Precision@1: 54.026% (899/1664)
Loss: 1.309 | Precision@1: 53.460% (958/1792)
Loss: 1.290 | Precision@1: 53.958% (1036/1920)
Loss: 1.284 | Precision@1: 54.248% (1111/2048)
Loss: 1.277 | Precision@1: 54.412% (1184/2176)
Loss: 1.277 | Precision@1: 54.167% (1248/2304)
Loss: 1.273 | Precision@1: 54.482% (1325/2432)
Loss: 1.272 | Precision@1: 54.531% (1396/2560)
Loss: 1.281 | Precision@1: 54.055% (1453/2688)
Loss: 1.278 | Precision@1: 54.226% (1527/2816)
Loss: 1.274 | Precision@1: 54.416% (1602/2944)
Loss: 1.280 | Precision@1: 54.167% (1664/3072)
Loss: 1.281 | Precision@1: 54.156% (1733/3200)
Loss: 1.283 | Precision@1: 53.966% (1796/3328)
Loss: 1.276 | Precision@1: 53.993% (1866/3456)
Loss: 1.282 | Precision@1: 53.795% (1928/3584)
Loss: 1.283 | Precision@1: 53.879% (2000/3712)
Loss: 1.281 | Precision@1: 53.984% (2073/3840)
Loss: 1.280 | Precision@1: 53.931% (2140/3968)
Loss: 1.284 | Precision@1: 53.711% (2200/4096)
Loss: 1.286 | Precision@1: 53.551% (2262/4224)
Loss: 1.281 | Precision@1: 53.631% (2334/4352)
Loss: 1.286 | Precision@1: 53.371% (2391/4480)
Loss: 1.288 | Precision@1: 53.234% (2453/4608)
Loss: 1.288 | Precision@1: 53.273% (2523/4736)
Loss: 1.292 | Precision@1: 53.187% (2587/4864)
Loss: 1.293 | Precision@1: 53.105% (2651/4992)
Loss: 1.297 | Precision@1: 52.871% (2707/5120)
Loss: 1.297 | Precision@1: 52.877% (2775/5248)
Loss: 1.300 | Precision@1: 52.604% (2828/5376)
Loss: 1.298 | Precision@1: 52.689% (2900/5504)
Loss: 1.303 | Precision@1: 52.521% (2958/5632)
Loss: 1.304 | Precision@1: 52.535% (3026/5760)
Loss: 1.303 | Precision@1: 52.582% (3096/5888)
Loss: 1.304 | Precision@1: 52.576% (3163/6016)
Loss: 1.304 | Precision@1: 52.588% (3231/6144)
Loss: 1.308 | Precision@1: 52.455% (3290/6272)
Loss: 1.310 | Precision@1: 52.281% (3346/6400)
Loss: 1.313 | Precision@1: 52.160% (3405/6528)
Loss: 1.313 | Precision@1: 52.133% (3470/6656)
Loss: 1.311 | Precision@1: 52.167% (3539/6784)
Loss: 1.312 | Precision@1: 52.141% (3604/6912)
Loss: 1.311 | Precision@1: 52.045% (3664/7040)
Loss: 1.311 | Precision@1: 51.995% (3727/7168)
Loss: 1.312 | Precision@1: 52.111% (3802/7296)
Loss: 1.312 | Precision@1: 52.047% (3864/7424)
Loss: 1.312 | Precision@1: 51.986% (3926/7552)
Loss: 1.314 | Precision@1: 51.979% (3992/7680)
Loss: 1.312 | Precision@1: 52.075% (4066/7808)
Loss: 1.313 | Precision@1: 52.016% (4128/7936)
Loss: 1.312 | Precision@1: 52.121% (4203/8064)
Loss: 1.311 | Precision@1: 52.100% (4268/8192)
Loss: 1.313 | Precision@1: 52.019% (4328/8320)
Loss: 1.314 | Precision@1: 51.953% (4389/8448)
Loss: 1.313 | Precision@1: 52.017% (4461/8576)
Loss: 1.313 | Precision@1: 52.022% (4528/8704)
Loss: 1.315 | Precision@1: 51.880% (4582/8832)
Loss: 1.315 | Precision@1: 51.842% (4645/8960)
Loss: 1.317 | Precision@1: 51.706% (4699/9088)
Loss: 1.317 | Precision@1: 51.736% (4768/9216)
Loss: 1.315 | Precision@1: 51.787% (4839/9344)
Loss: 1.314 | Precision@1: 51.848% (4911/9472)
Loss: 1.315 | Precision@1: 51.792% (4972/9600)
Loss: 1.313 | Precision@1: 51.861% (5045/9728)
Loss: 1.311 | Precision@1: 51.978% (5123/9856)
Loss: 1.312 | Precision@1: 51.953% (5187/9984)
Loss: 1.312 | Precision@1: 51.899% (5248/10112)
Loss: 1.313 | Precision@1: 51.875% (5312/10240)
Loss: 1.312 | Precision@1: 51.861% (5377/10368)
Loss: 1.311 | Precision@1: 51.886% (5446/10496)
Loss: 1.312 | Precision@1: 51.864% (5510/10624)
Loss: 1.313 | Precision@1: 51.851% (5575/10752)
Loss: 1.312 | Precision@1: 51.893% (5646/10880)
Loss: 1.312 | Precision@1: 51.890% (5712/11008)
Loss: 1.310 | Precision@1: 51.976% (5788/11136)
Loss: 1.311 | Precision@1: 51.944% (5851/11264)
Loss: 1.311 | Precision@1: 51.905% (5913/11392)
Loss: 1.310 | Precision@1: 51.953% (5985/11520)
Loss: 1.309 | Precision@1: 51.932% (6049/11648)
Loss: 1.310 | Precision@1: 51.902% (6112/11776)
Loss: 1.307 | Precision@1: 52.075% (6199/11904)
Loss: 1.308 | Precision@1: 52.111% (6270/12032)
Loss: 1.307 | Precision@1: 52.089% (6334/12160)
Loss: 1.306 | Precision@1: 52.083% (6400/12288)
Loss: 1.305 | Precision@1: 52.102% (6469/12416)
Loss: 1.306 | Precision@1: 52.081% (6533/12544)
Loss: 1.303 | Precision@1: 52.170% (6611/12672)
Loss: 1.302 | Precision@1: 52.234% (6686/12800)
Loss: 1.299 | Precision@1: 52.344% (6767/12928)
Loss: 1.299 | Precision@1: 52.367% (6837/13056)
Loss: 1.298 | Precision@1: 52.404% (6909/13184)
Loss: 1.299 | Precision@1: 52.381% (6973/13312)
Loss: 1.298 | Precision@1: 52.374% (7039/13440)
Loss: 1.299 | Precision@1: 52.358% (7104/13568)
Loss: 1.297 | Precision@1: 52.490% (7189/13696)
Loss: 1.296 | Precision@1: 52.496% (7257/13824)
Loss: 1.296 | Precision@1: 52.501% (7325/13952)
Loss: 1.295 | Precision@1: 52.550% (7399/14080)
Loss: 1.293 | Precision@1: 52.597% (7473/14208)
Loss: 1.294 | Precision@1: 52.588% (7539/14336)
Loss: 1.295 | Precision@1: 52.572% (7604/14464)
Loss: 1.296 | Precision@1: 52.549% (7668/14592)
Loss: 1.296 | Precision@1: 52.534% (7733/14720)
Loss: 1.295 | Precision@1: 52.539% (7801/14848)
Loss: 1.296 | Precision@1: 52.524% (7866/14976)
Loss: 1.296 | Precision@1: 52.523% (7933/15104)
Loss: 1.296 | Precision@1: 52.468% (7992/15232)
Loss: 1.296 | Precision@1: 52.474% (8060/15360)
Loss: 1.296 | Precision@1: 52.466% (8126/15488)
Loss: 1.296 | Precision@1: 52.517% (8201/15616)
Loss: 1.296 | Precision@1: 52.515% (8268/15744)
Loss: 1.296 | Precision@1: 52.489% (8331/15872)
Loss: 1.296 | Precision@1: 52.481% (8397/16000)
Loss: 1.296 | Precision@1: 52.468% (8462/16128)
Loss: 1.296 | Precision@1: 52.467% (8529/16256)
Loss: 1.296 | Precision@1: 52.466% (8596/16384)
Loss: 1.296 | Precision@1: 52.483% (8666/16512)
Loss: 1.296 | Precision@1: 52.482% (8733/16640)
Loss: 1.296 | Precision@1: 52.487% (8801/16768)
Loss: 1.295 | Precision@1: 52.545% (8878/16896)
Loss: 1.293 | Precision@1: 52.590% (8953/17024)
Loss: 1.292 | Precision@1: 52.624% (9026/17152)
Loss: 1.290 | Precision@1: 52.697% (9106/17280)
Loss: 1.289 | Precision@1: 52.740% (9181/17408)
Loss: 1.290 | Precision@1: 52.754% (9251/17536)
Loss: 1.289 | Precision@1: 52.808% (9328/17664)
Loss: 1.289 | Precision@1: 52.788% (9392/17792)
Loss: 1.289 | Precision@1: 52.785% (9459/17920)
Loss: 1.289 | Precision@1: 52.787% (9527/18048)
Loss: 1.290 | Precision@1: 52.789% (9595/18176)
Loss: 1.289 | Precision@1: 52.808% (9666/18304)
Loss: 1.290 | Precision@1: 52.778% (9728/18432)
Loss: 1.290 | Precision@1: 52.764% (9793/18560)
Loss: 1.290 | Precision@1: 52.772% (9862/18688)
Loss: 1.290 | Precision@1: 52.742% (9924/18816)
Loss: 1.289 | Precision@1: 52.798% (10002/18944)
Loss: 1.289 | Precision@1: 52.789% (10068/19072)
Loss: 1.289 | Precision@1: 52.776% (10133/19200)
Loss: 1.289 | Precision@1: 52.752% (10196/19328)
Loss: 1.289 | Precision@1: 52.714% (10256/19456)
Loss: 1.290 | Precision@1: 52.732% (10327/19584)
Loss: 1.291 | Precision@1: 52.684% (10385/19712)
Loss: 1.290 | Precision@1: 52.697% (10455/19840)
Loss: 1.290 | Precision@1: 52.734% (10530/19968)
Loss: 1.289 | Precision@1: 52.787% (10608/20096)
Loss: 1.288 | Precision@1: 52.838% (10686/20224)
Loss: 1.288 | Precision@1: 52.835% (10753/20352)
Loss: 1.288 | Precision@1: 52.803% (10814/20480)
Loss: 1.287 | Precision@1: 52.824% (10886/20608)
Loss: 1.287 | Precision@1: 52.807% (10950/20736)
Loss: 1.287 | Precision@1: 52.833% (11023/20864)
Loss: 1.287 | Precision@1: 52.830% (11090/20992)
Loss: 1.287 | Precision@1: 52.803% (11152/21120)
Loss: 1.287 | Precision@1: 52.814% (11222/21248)
Loss: 1.287 | Precision@1: 52.807% (11288/21376)
Loss: 1.288 | Precision@1: 52.790% (11352/21504)
Loss: 1.288 | Precision@1: 52.778% (11417/21632)
Loss: 1.288 | Precision@1: 52.785% (11486/21760)
Loss: 1.288 | Precision@1: 52.819% (11561/21888)
Loss: 1.287 | Precision@1: 52.843% (11634/22016)
Loss: 1.287 | Precision@1: 52.840% (11701/22144)
Loss: 1.288 | Precision@1: 52.806% (11761/22272)
Loss: 1.288 | Precision@1: 52.786% (11824/22400)
Loss: 1.289 | Precision@1: 52.810% (11897/22528)
Loss: 1.289 | Precision@1: 52.812% (11965/22656)
Loss: 1.287 | Precision@1: 52.884% (12049/22784)
Loss: 1.287 | Precision@1: 52.889% (12118/22912)
Loss: 1.286 | Precision@1: 52.912% (12191/23040)
Loss: 1.287 | Precision@1: 52.853% (12245/23168)
Loss: 1.287 | Precision@1: 52.863% (12315/23296)
Loss: 1.286 | Precision@1: 52.873% (12385/23424)
Loss: 1.286 | Precision@1: 52.874% (12453/23552)
Loss: 1.285 | Precision@1: 52.876% (12521/23680)
Loss: 1.285 | Precision@1: 52.907% (12596/23808)
Loss: 1.284 | Precision@1: 52.899% (12662/23936)
Loss: 1.283 | Precision@1: 52.959% (12744/24064)
Loss: 1.283 | Precision@1: 52.951% (12810/24192)
Loss: 1.282 | Precision@1: 52.989% (12887/24320)
Loss: 1.282 | Precision@1: 52.982% (12953/24448)
Loss: 1.282 | Precision@1: 53.019% (13030/24576)
Loss: 1.282 | Precision@1: 53.040% (13103/24704)
Loss: 1.282 | Precision@1: 53.065% (13177/24832)
Loss: 1.281 | Precision@1: 53.097% (13253/24960)
Loss: 1.281 | Precision@1: 53.121% (13327/25088)
Loss: 1.281 | Precision@1: 53.125% (13396/25216)
Loss: 1.280 | Precision@1: 53.125% (13464/25344)
Loss: 1.280 | Precision@1: 53.152% (13539/25472)
Loss: 1.279 | Precision@1: 53.203% (13620/25600)
Loss: 1.279 | Precision@1: 53.195% (13686/25728)
Loss: 1.279 | Precision@1: 53.198% (13755/25856)
Loss: 1.278 | Precision@1: 53.237% (13833/25984)
Loss: 1.278 | Precision@1: 53.248% (13904/26112)
Loss: 1.277 | Precision@1: 53.281% (13981/26240)
Loss: 1.276 | Precision@1: 53.307% (14056/26368)
Loss: 1.276 | Precision@1: 53.340% (14133/26496)
Loss: 1.275 | Precision@1: 53.395% (14216/26624)
Loss: 1.274 | Precision@1: 53.432% (14294/26752)
Loss: 1.273 | Precision@1: 53.486% (14377/26880)
Loss: 1.272 | Precision@1: 53.529% (14457/27008)
Loss: 1.271 | Precision@1: 53.530% (14526/27136)
Loss: 1.271 | Precision@1: 53.539% (14597/27264)
Loss: 1.270 | Precision@1: 53.581% (14677/27392)
Loss: 1.269 | Precision@1: 53.616% (14755/27520)
Loss: 1.268 | Precision@1: 53.610% (14822/27648)
Loss: 1.268 | Precision@1: 53.625% (14895/27776)
Loss: 1.267 | Precision@1: 53.659% (14973/27904)
Loss: 1.266 | Precision@1: 53.674% (15046/28032)
Loss: 1.265 | Precision@1: 53.732% (15131/28160)
Loss: 1.264 | Precision@1: 53.768% (15210/28288)
Loss: 1.263 | Precision@1: 53.780% (15282/28416)
Loss: 1.263 | Precision@1: 53.822% (15363/28544)
Loss: 1.262 | Precision@1: 53.857% (15442/28672)
Loss: 1.262 | Precision@1: 53.858% (15511/28800)
Loss: 1.262 | Precision@1: 53.847% (15577/28928)
Loss: 1.263 | Precision@1: 53.844% (15645/29056)
Loss: 1.262 | Precision@1: 53.855% (15717/29184)
Loss: 1.262 | Precision@1: 53.858% (15787/29312)
Loss: 1.263 | Precision@1: 53.862% (15857/29440)
Loss: 1.263 | Precision@1: 53.852% (15923/29568)
Loss: 1.263 | Precision@1: 53.862% (15995/29696)
Loss: 1.262 | Precision@1: 53.876% (16068/29824)
Loss: 1.262 | Precision@1: 53.900% (16144/29952)
Loss: 1.262 | Precision@1: 53.903% (16214/30080)
Loss: 1.261 | Precision@1: 53.929% (16291/30208)
Loss: 1.262 | Precision@1: 53.923% (16358/30336)
Loss: 1.261 | Precision@1: 53.949% (16435/30464)
Loss: 1.261 | Precision@1: 53.985% (16515/30592)
Loss: 1.260 | Precision@1: 54.007% (16591/30720)
Loss: 1.260 | Precision@1: 54.026% (16666/30848)
Loss: 1.259 | Precision@1: 54.032% (16737/30976)
Loss: 1.259 | Precision@1: 54.061% (16815/31104)
Loss: 1.259 | Precision@1: 54.076% (16889/31232)
Loss: 1.258 | Precision@1: 54.088% (16962/31360)
Loss: 1.258 | Precision@1: 54.100% (17035/31488)
Loss: 1.257 | Precision@1: 54.153% (17121/31616)
Loss: 1.257 | Precision@1: 54.133% (17184/31744)
Loss: 1.257 | Precision@1: 54.154% (17260/31872)
Loss: 1.256 | Precision@1: 54.166% (17333/32000)
Loss: 1.256 | Precision@1: 54.165% (17402/32128)
Loss: 1.256 | Precision@1: 54.207% (17485/32256)
Loss: 1.255 | Precision@1: 54.237% (17564/32384)
Loss: 1.254 | Precision@1: 54.266% (17643/32512)
Loss: 1.254 | Precision@1: 54.289% (17720/32640)
Loss: 1.253 | Precision@1: 54.318% (17799/32768)
Loss: 1.253 | Precision@1: 54.338% (17875/32896)
Loss: 1.252 | Precision@1: 54.373% (17956/33024)
Loss: 1.252 | Precision@1: 54.365% (18023/33152)
Loss: 1.253 | Precision@1: 54.372% (18095/33280)
Loss: 1.253 | Precision@1: 54.385% (18169/33408)
Loss: 1.252 | Precision@1: 54.416% (18249/33536)
Loss: 1.252 | Precision@1: 54.420% (18320/33664)
Loss: 1.252 | Precision@1: 54.439% (18396/33792)
Loss: 1.251 | Precision@1: 54.484% (18481/33920)
Loss: 1.251 | Precision@1: 54.488% (18552/34048)
Loss: 1.251 | Precision@1: 54.497% (18625/34176)
Loss: 1.250 | Precision@1: 54.510% (18699/34304)
Loss: 1.251 | Precision@1: 54.502% (18766/34432)
Loss: 1.251 | Precision@1: 54.511% (18839/34560)
Loss: 1.250 | Precision@1: 54.517% (18911/34688)
Loss: 1.250 | Precision@1: 54.547% (18991/34816)
Loss: 1.250 | Precision@1: 54.562% (19066/34944)
Loss: 1.249 | Precision@1: 54.579% (19142/35072)
Loss: 1.249 | Precision@1: 54.594% (19217/35200)
Loss: 1.249 | Precision@1: 54.605% (19291/35328)
Loss: 1.248 | Precision@1: 54.603% (19360/35456)
Loss: 1.248 | Precision@1: 54.634% (19441/35584)
Loss: 1.248 | Precision@1: 54.643% (19514/35712)
Loss: 1.248 | Precision@1: 54.651% (19587/35840)
Loss: 1.248 | Precision@1: 54.649% (19656/35968)
Loss: 1.247 | Precision@1: 54.688% (19740/36096)
Loss: 1.247 | Precision@1: 54.696% (19813/36224)
Loss: 1.246 | Precision@1: 54.715% (19890/36352)
Loss: 1.246 | Precision@1: 54.751% (19973/36480)
Loss: 1.246 | Precision@1: 54.750% (20043/36608)
Loss: 1.245 | Precision@1: 54.780% (20124/36736)
Loss: 1.244 | Precision@1: 54.796% (20200/36864)
Loss: 1.244 | Precision@1: 54.779% (20264/36992)
Loss: 1.244 | Precision@1: 54.784% (20336/37120)
Loss: 1.244 | Precision@1: 54.800% (20412/37248)
Loss: 1.244 | Precision@1: 54.805% (20484/37376)
Loss: 1.243 | Precision@1: 54.815% (20558/37504)
Loss: 1.243 | Precision@1: 54.820% (20630/37632)
Loss: 1.242 | Precision@1: 54.836% (20706/37760)
Loss: 1.242 | Precision@1: 54.841% (20778/37888)
Loss: 1.242 | Precision@1: 54.845% (20850/38016)
Loss: 1.241 | Precision@1: 54.868% (20929/38144)
Loss: 1.241 | Precision@1: 54.865% (20998/38272)
Loss: 1.242 | Precision@1: 54.857% (21065/38400)
Loss: 1.242 | Precision@1: 54.867% (21139/38528)
Loss: 1.241 | Precision@1: 54.915% (21228/38656)
Loss: 1.240 | Precision@1: 54.953% (21313/38784)
Loss: 1.239 | Precision@1: 54.986% (21396/38912)
Loss: 1.238 | Precision@1: 55.018% (21479/39040)
Loss: 1.238 | Precision@1: 55.022% (21551/39168)
Loss: 1.238 | Precision@1: 55.049% (21632/39296)
Loss: 1.237 | Precision@1: 55.060% (21707/39424)
Loss: 1.236 | Precision@1: 55.102% (21794/39552)
Loss: 1.236 | Precision@1: 55.118% (21871/39680)
Loss: 1.235 | Precision@1: 55.150% (21954/39808)
Loss: 1.235 | Precision@1: 55.161% (22029/39936)
Loss: 1.235 | Precision@1: 55.164% (22101/40064)
Loss: 1.235 | Precision@1: 55.183% (22179/40192)
Loss: 1.235 | Precision@1: 55.191% (22253/40320)
Loss: 1.235 | Precision@1: 55.192% (22324/40448)
Loss: 1.235 | Precision@1: 55.190% (22394/40576)
Loss: 1.234 | Precision@1: 55.206% (22471/40704)
Loss: 1.234 | Precision@1: 55.241% (22556/40832)
Loss: 1.234 | Precision@1: 55.251% (22631/40960)
Loss: 1.234 | Precision@1: 55.250% (22701/41088)
Loss: 1.233 | Precision@1: 55.275% (22782/41216)
Loss: 1.233 | Precision@1: 55.287% (22858/41344)
Loss: 1.233 | Precision@1: 55.283% (22927/41472)
Loss: 1.233 | Precision@1: 55.272% (22993/41600)
Loss: 1.233 | Precision@1: 55.263% (23060/41728)
Loss: 1.232 | Precision@1: 55.292% (23143/41856)
Loss: 1.231 | Precision@1: 55.290% (23213/41984)
Loss: 1.231 | Precision@1: 55.317% (23295/42112)
Loss: 1.231 | Precision@1: 55.315% (23365/42240)
Loss: 1.231 | Precision@1: 55.329% (23442/42368)
Loss: 1.230 | Precision@1: 55.368% (23529/42496)
Loss: 1.230 | Precision@1: 55.375% (23603/42624)
Loss: 1.229 | Precision@1: 55.373% (23673/42752)
Loss: 1.229 | Precision@1: 55.366% (23741/42880)
Loss: 1.229 | Precision@1: 55.413% (23832/43008)
Loss: 1.229 | Precision@1: 55.415% (23904/43136)
Loss: 1.228 | Precision@1: 55.418% (23976/43264)
Loss: 1.228 | Precision@1: 55.446% (24059/43392)
Loss: 1.227 | Precision@1: 55.476% (24143/43520)
Loss: 1.226 | Precision@1: 55.505% (24227/43648)
Loss: 1.226 | Precision@1: 55.542% (24314/43776)
Loss: 1.225 | Precision@1: 55.571% (24398/43904)
Loss: 1.224 | Precision@1: 55.582% (24474/44032)
Loss: 1.224 | Precision@1: 55.593% (24550/44160)
Loss: 1.224 | Precision@1: 55.611% (24629/44288)
Loss: 1.223 | Precision@1: 55.631% (24709/44416)
Loss: 1.223 | Precision@1: 55.660% (24793/44544)
Loss: 1.222 | Precision@1: 55.697% (24881/44672)
Loss: 1.221 | Precision@1: 55.725% (24965/44800)
Loss: 1.221 | Precision@1: 55.747% (25046/44928)
Loss: 1.220 | Precision@1: 55.753% (25120/45056)
Loss: 1.220 | Precision@1: 55.776% (25202/45184)
Loss: 1.219 | Precision@1: 55.791% (25280/45312)
Loss: 1.219 | Precision@1: 55.790% (25351/45440)
Loss: 1.219 | Precision@1: 55.818% (25435/45568)
Loss: 1.218 | Precision@1: 55.836% (25515/45696)
Loss: 1.218 | Precision@1: 55.840% (25588/45824)
Loss: 1.217 | Precision@1: 55.878% (25677/45952)
Loss: 1.217 | Precision@1: 55.898% (25758/46080)
Loss: 1.216 | Precision@1: 55.910% (25835/46208)
Loss: 1.216 | Precision@1: 55.913% (25908/46336)
Loss: 1.216 | Precision@1: 55.921% (25983/46464)
Loss: 1.215 | Precision@1: 55.932% (26060/46592)
Loss: 1.215 | Precision@1: 55.961% (26145/46720)
Loss: 1.214 | Precision@1: 55.962% (26217/46848)
Loss: 1.214 | Precision@1: 55.982% (26298/46976)
Loss: 1.214 | Precision@1: 55.985% (26371/47104)
Loss: 1.214 | Precision@1: 55.990% (26445/47232)
Loss: 1.214 | Precision@1: 55.978% (26511/47360)
Loss: 1.213 | Precision@1: 55.993% (26590/47488)
Loss: 1.213 | Precision@1: 56.006% (26668/47616)
Loss: 1.212 | Precision@1: 56.047% (26759/47744)
Loss: 1.212 | Precision@1: 56.049% (26832/47872)
Loss: 1.212 | Precision@1: 56.042% (26900/48000)
Loss: 1.212 | Precision@1: 56.042% (26972/48128)
Loss: 1.212 | Precision@1: 56.039% (27042/48256)
Loss: 1.211 | Precision@1: 56.078% (27133/48384)
Loss: 1.211 | Precision@1: 56.095% (27213/48512)
Loss: 1.211 | Precision@1: 56.106% (27290/48640)
Loss: 1.210 | Precision@1: 56.127% (27372/48768)
Loss: 1.210 | Precision@1: 56.152% (27456/48896)
Loss: 1.209 | Precision@1: 56.175% (27539/49024)
Loss: 1.209 | Precision@1: 56.179% (27613/49152)
Loss: 1.209 | Precision@1: 56.197% (27694/49280)
Loss: 1.209 | Precision@1: 56.212% (27773/49408)
Loss: 1.208 | Precision@1: 56.228% (27853/49536)
Loss: 1.209 | Precision@1: 56.220% (27921/49664)
Loss: 1.208 | Precision@1: 56.242% (28004/49792)
Loss: 1.208 | Precision@1: 56.236% (28073/49920)
Loss: 1.207 | Precision@1: 56.242% (28121/50000)

Aggregates: 			
 	 DataLoader Time: 0.3840 			
 	 Mini-batch Time: 12.3043 			
 	 Training Epoch Time: 29.8949
 			
 Averages: 			
 	 Training Loss: 1.2075

 Test set Averages: Loss: 1.069 | Precision@1: 61.910% (6191/10000)

Epoch: 4
Loss: 0.925 | Precision@1: 67.969% (87/128)
Loss: 1.009 | Precision@1: 62.891% (161/256)
Loss: 0.997 | Precision@1: 62.760% (241/384)
Loss: 1.005 | Precision@1: 62.305% (319/512)
Loss: 1.013 | Precision@1: 62.031% (397/640)
Loss: 0.986 | Precision@1: 63.932% (491/768)
Loss: 0.996 | Precision@1: 63.616% (570/896)
Loss: 1.010 | Precision@1: 63.379% (649/1024)
Loss: 1.015 | Precision@1: 63.108% (727/1152)
Loss: 1.023 | Precision@1: 63.047% (807/1280)
Loss: 1.016 | Precision@1: 63.565% (895/1408)
Loss: 1.034 | Precision@1: 63.216% (971/1536)
Loss: 1.034 | Precision@1: 62.800% (1045/1664)
Loss: 1.026 | Precision@1: 63.058% (1130/1792)
Loss: 1.025 | Precision@1: 63.021% (1210/1920)
Loss: 1.021 | Precision@1: 63.379% (1298/2048)
Loss: 1.016 | Precision@1: 63.465% (1381/2176)
Loss: 1.015 | Precision@1: 63.455% (1462/2304)
Loss: 1.011 | Precision@1: 63.528% (1545/2432)
Loss: 1.024 | Precision@1: 63.398% (1623/2560)
Loss: 1.028 | Precision@1: 63.244% (1700/2688)
Loss: 1.034 | Precision@1: 63.175% (1779/2816)
Loss: 1.035 | Precision@1: 63.247% (1862/2944)
Loss: 1.036 | Precision@1: 63.314% (1945/3072)
Loss: 1.044 | Precision@1: 62.906% (2013/3200)
Loss: 1.047 | Precision@1: 62.680% (2086/3328)
Loss: 1.049 | Precision@1: 62.587% (2163/3456)
Loss: 1.051 | Precision@1: 62.612% (2244/3584)
Loss: 1.050 | Precision@1: 62.662% (2326/3712)
Loss: 1.047 | Precision@1: 62.656% (2406/3840)
Loss: 1.051 | Precision@1: 62.576% (2483/3968)
Loss: 1.051 | Precision@1: 62.549% (2562/4096)
Loss: 1.050 | Precision@1: 62.500% (2640/4224)
Loss: 1.048 | Precision@1: 62.477% (2719/4352)
Loss: 1.051 | Precision@1: 62.411% (2796/4480)
Loss: 1.051 | Precision@1: 62.543% (2882/4608)
Loss: 1.048 | Precision@1: 62.606% (2965/4736)
Loss: 1.043 | Precision@1: 62.932% (3061/4864)
Loss: 1.047 | Precision@1: 62.901% (3140/4992)
Loss: 1.050 | Precision@1: 62.734% (3212/5120)
Loss: 1.052 | Precision@1: 62.671% (3289/5248)
Loss: 1.054 | Precision@1: 62.500% (3360/5376)
Loss: 1.054 | Precision@1: 62.500% (3440/5504)
Loss: 1.053 | Precision@1: 62.464% (3518/5632)
Loss: 1.057 | Precision@1: 62.396% (3594/5760)
Loss: 1.058 | Precision@1: 62.296% (3668/5888)
Loss: 1.062 | Precision@1: 62.151% (3739/6016)
Loss: 1.062 | Precision@1: 62.142% (3818/6144)
Loss: 1.063 | Precision@1: 62.101% (3895/6272)
Loss: 1.062 | Precision@1: 62.109% (3975/6400)
Loss: 1.061 | Precision@1: 62.194% (4060/6528)
Loss: 1.062 | Precision@1: 62.169% (4138/6656)
Loss: 1.063 | Precision@1: 62.131% (4215/6784)
Loss: 1.062 | Precision@1: 62.153% (4296/6912)
Loss: 1.064 | Precision@1: 62.188% (4378/7040)
Loss: 1.064 | Precision@1: 62.221% (4460/7168)
Loss: 1.062 | Precision@1: 62.281% (4544/7296)
Loss: 1.064 | Precision@1: 62.244% (4621/7424)
Loss: 1.064 | Precision@1: 62.235% (4700/7552)
Loss: 1.066 | Precision@1: 62.174% (4775/7680)
Loss: 1.068 | Precision@1: 62.167% (4854/7808)
Loss: 1.069 | Precision@1: 62.147% (4932/7936)
Loss: 1.069 | Precision@1: 62.153% (5012/8064)
Loss: 1.067 | Precision@1: 62.268% (5101/8192)
Loss: 1.068 | Precision@1: 62.272% (5181/8320)
Loss: 1.070 | Precision@1: 62.251% (5259/8448)
Loss: 1.069 | Precision@1: 62.348% (5347/8576)
Loss: 1.070 | Precision@1: 62.282% (5421/8704)
Loss: 1.072 | Precision@1: 62.240% (5497/8832)
Loss: 1.072 | Precision@1: 62.243% (5577/8960)
Loss: 1.071 | Precision@1: 62.280% (5660/9088)
Loss: 1.073 | Precision@1: 62.142% (5727/9216)
Loss: 1.073 | Precision@1: 62.147% (5807/9344)
Loss: 1.071 | Precision@1: 62.162% (5888/9472)
Loss: 1.070 | Precision@1: 62.188% (5970/9600)
Loss: 1.070 | Precision@1: 62.140% (6045/9728)
Loss: 1.069 | Precision@1: 62.185% (6129/9856)
Loss: 1.068 | Precision@1: 62.240% (6214/9984)
Loss: 1.066 | Precision@1: 62.362% (6306/10112)
Loss: 1.066 | Precision@1: 62.324% (6382/10240)
Loss: 1.068 | Precision@1: 62.240% (6453/10368)
Loss: 1.068 | Precision@1: 62.205% (6529/10496)
Loss: 1.068 | Precision@1: 62.236% (6612/10624)
Loss: 1.067 | Precision@1: 62.258% (6694/10752)
Loss: 1.065 | Precision@1: 62.353% (6784/10880)
Loss: 1.064 | Precision@1: 62.418% (6871/11008)
Loss: 1.064 | Precision@1: 62.437% (6953/11136)
Loss: 1.064 | Precision@1: 62.349% (7023/11264)
Loss: 1.064 | Precision@1: 62.412% (7110/11392)
Loss: 1.065 | Precision@1: 62.378% (7186/11520)
Loss: 1.064 | Precision@1: 62.406% (7269/11648)
Loss: 1.064 | Precision@1: 62.398% (7348/11776)
Loss: 1.063 | Precision@1: 62.424% (7431/11904)
Loss: 1.064 | Precision@1: 62.425% (7511/12032)
Loss: 1.065 | Precision@1: 62.352% (7582/12160)
Loss: 1.065 | Precision@1: 62.321% (7658/12288)
Loss: 1.064 | Precision@1: 62.347% (7741/12416)
Loss: 1.065 | Precision@1: 62.325% (7818/12544)
Loss: 1.067 | Precision@1: 62.303% (7895/12672)
Loss: 1.067 | Precision@1: 62.320% (7977/12800)
Loss: 1.067 | Precision@1: 62.299% (8054/12928)
Loss: 1.067 | Precision@1: 62.309% (8135/13056)
Loss: 1.066 | Precision@1: 62.348% (8220/13184)
Loss: 1.064 | Precision@1: 62.365% (8302/13312)
Loss: 1.064 | Precision@1: 62.307% (8374/13440)
Loss: 1.064 | Precision@1: 62.360% (8461/13568)
Loss: 1.062 | Precision@1: 62.478% (8557/13696)
Loss: 1.062 | Precision@1: 62.442% (8632/13824)
Loss: 1.062 | Precision@1: 62.428% (8710/13952)
Loss: 1.061 | Precision@1: 62.486% (8798/14080)
Loss: 1.061 | Precision@1: 62.423% (8869/14208)
Loss: 1.062 | Precision@1: 62.402% (8946/14336)
Loss: 1.059 | Precision@1: 62.507% (9041/14464)
Loss: 1.058 | Precision@1: 62.527% (9124/14592)
Loss: 1.058 | Precision@1: 62.520% (9203/14720)
Loss: 1.058 | Precision@1: 62.480% (9277/14848)
Loss: 1.057 | Precision@1: 62.507% (9361/14976)
Loss: 1.055 | Precision@1: 62.586% (9453/15104)
Loss: 1.054 | Precision@1: 62.612% (9537/15232)
Loss: 1.053 | Precision@1: 62.656% (9624/15360)
Loss: 1.051 | Precision@1: 62.739% (9717/15488)
Loss: 1.051 | Precision@1: 62.699% (9791/15616)
Loss: 1.053 | Precision@1: 62.671% (9867/15744)
Loss: 1.052 | Precision@1: 62.708% (9953/15872)
Loss: 1.053 | Precision@1: 62.706% (10033/16000)
Loss: 1.052 | Precision@1: 62.736% (10118/16128)
Loss: 1.052 | Precision@1: 62.783% (10206/16256)
Loss: 1.050 | Precision@1: 62.878% (10302/16384)
Loss: 1.048 | Precision@1: 62.924% (10390/16512)
Loss: 1.049 | Precision@1: 62.921% (10470/16640)
Loss: 1.048 | Precision@1: 62.917% (10550/16768)
Loss: 1.051 | Precision@1: 62.837% (10617/16896)
Loss: 1.051 | Precision@1: 62.829% (10696/17024)
Loss: 1.050 | Precision@1: 62.856% (10781/17152)
Loss: 1.051 | Precision@1: 62.847% (10860/17280)
Loss: 1.051 | Precision@1: 62.862% (10943/17408)
Loss: 1.051 | Precision@1: 62.819% (11016/17536)
Loss: 1.050 | Precision@1: 62.845% (11101/17664)
Loss: 1.050 | Precision@1: 62.837% (11180/17792)
Loss: 1.051 | Precision@1: 62.812% (11256/17920)
Loss: 1.051 | Precision@1: 62.799% (11334/18048)
Loss: 1.051 | Precision@1: 62.792% (11413/18176)
Loss: 1.051 | Precision@1: 62.790% (11493/18304)
Loss: 1.051 | Precision@1: 62.755% (11567/18432)
Loss: 1.052 | Precision@1: 62.753% (11647/18560)
Loss: 1.051 | Precision@1: 62.751% (11727/18688)
Loss: 1.051 | Precision@1: 62.755% (11808/18816)
Loss: 1.050 | Precision@1: 62.748% (11887/18944)
Loss: 1.051 | Precision@1: 62.725% (11963/19072)
Loss: 1.051 | Precision@1: 62.719% (12042/19200)
Loss: 1.050 | Precision@1: 62.764% (12131/19328)
Loss: 1.050 | Precision@1: 62.736% (12206/19456)
Loss: 1.049 | Precision@1: 62.766% (12292/19584)
Loss: 1.048 | Precision@1: 62.784% (12376/19712)
Loss: 1.047 | Precision@1: 62.833% (12466/19840)
Loss: 1.046 | Precision@1: 62.866% (12553/19968)
Loss: 1.046 | Precision@1: 62.863% (12633/20096)
Loss: 1.045 | Precision@1: 62.901% (12721/20224)
Loss: 1.045 | Precision@1: 62.888% (12799/20352)
Loss: 1.044 | Precision@1: 62.896% (12881/20480)
Loss: 1.045 | Precision@1: 62.869% (12956/20608)
Loss: 1.045 | Precision@1: 62.847% (13032/20736)
Loss: 1.045 | Precision@1: 62.869% (13117/20864)
Loss: 1.044 | Precision@1: 62.938% (13212/20992)
Loss: 1.043 | Precision@1: 62.973% (13300/21120)
Loss: 1.042 | Precision@1: 62.961% (13378/21248)
Loss: 1.041 | Precision@1: 63.001% (13467/21376)
Loss: 1.041 | Precision@1: 62.993% (13546/21504)
Loss: 1.041 | Precision@1: 63.004% (13629/21632)
Loss: 1.041 | Precision@1: 62.992% (13707/21760)
Loss: 1.040 | Precision@1: 63.025% (13795/21888)
Loss: 1.039 | Precision@1: 63.027% (13876/22016)
Loss: 1.038 | Precision@1: 63.074% (13967/22144)
Loss: 1.038 | Precision@1: 63.084% (14050/22272)
Loss: 1.037 | Precision@1: 63.094% (14133/22400)
Loss: 1.037 | Precision@1: 63.108% (14217/22528)
Loss: 1.038 | Precision@1: 63.069% (14289/22656)
Loss: 1.037 | Precision@1: 63.084% (14373/22784)
Loss: 1.036 | Precision@1: 63.133% (14465/22912)
Loss: 1.036 | Precision@1: 63.147% (14549/23040)
Loss: 1.035 | Precision@1: 63.191% (14640/23168)
Loss: 1.035 | Precision@1: 63.152% (14712/23296)
Loss: 1.036 | Precision@1: 63.132% (14788/23424)
Loss: 1.035 | Precision@1: 63.162% (14876/23552)
Loss: 1.035 | Precision@1: 63.146% (14953/23680)
Loss: 1.035 | Precision@1: 63.151% (15035/23808)
Loss: 1.034 | Precision@1: 63.177% (15122/23936)
Loss: 1.034 | Precision@1: 63.186% (15205/24064)
Loss: 1.034 | Precision@1: 63.219% (15294/24192)
Loss: 1.033 | Precision@1: 63.277% (15389/24320)
Loss: 1.033 | Precision@1: 63.277% (15470/24448)
Loss: 1.033 | Precision@1: 63.261% (15547/24576)
Loss: 1.033 | Precision@1: 63.261% (15628/24704)
Loss: 1.032 | Precision@1: 63.297% (15718/24832)
Loss: 1.032 | Precision@1: 63.321% (15805/24960)
Loss: 1.031 | Precision@1: 63.329% (15888/25088)
Loss: 1.031 | Precision@1: 63.321% (15967/25216)
Loss: 1.031 | Precision@1: 63.325% (16049/25344)
Loss: 1.031 | Precision@1: 63.352% (16137/25472)
Loss: 1.030 | Precision@1: 63.367% (16222/25600)
Loss: 1.031 | Precision@1: 63.367% (16303/25728)
Loss: 1.031 | Precision@1: 63.355% (16381/25856)
Loss: 1.031 | Precision@1: 63.351% (16461/25984)
Loss: 1.030 | Precision@1: 63.396% (16554/26112)
Loss: 1.029 | Precision@1: 63.411% (16639/26240)
Loss: 1.029 | Precision@1: 63.425% (16724/26368)
Loss: 1.028 | Precision@1: 63.436% (16808/26496)
Loss: 1.028 | Precision@1: 63.462% (16896/26624)
Loss: 1.029 | Precision@1: 63.453% (16975/26752)
Loss: 1.028 | Precision@1: 63.460% (17058/26880)
Loss: 1.028 | Precision@1: 63.448% (17136/27008)
Loss: 1.028 | Precision@1: 63.432% (17213/27136)
Loss: 1.028 | Precision@1: 63.446% (17298/27264)
Loss: 1.027 | Precision@1: 63.497% (17393/27392)
Loss: 1.027 | Precision@1: 63.517% (17480/27520)
Loss: 1.027 | Precision@1: 63.505% (17558/27648)
Loss: 1.026 | Precision@1: 63.533% (17647/27776)
Loss: 1.025 | Precision@1: 63.572% (17739/27904)
Loss: 1.026 | Precision@1: 63.563% (17818/28032)
Loss: 1.026 | Precision@1: 63.565% (17900/28160)
Loss: 1.025 | Precision@1: 63.585% (17987/28288)
Loss: 1.025 | Precision@1: 63.591% (18070/28416)
Loss: 1.024 | Precision@1: 63.614% (18158/28544)
Loss: 1.023 | Precision@1: 63.665% (18254/28672)
Loss: 1.023 | Precision@1: 63.674% (18338/28800)
Loss: 1.022 | Precision@1: 63.703% (18428/28928)
Loss: 1.021 | Precision@1: 63.711% (18512/29056)
Loss: 1.021 | Precision@1: 63.710% (18593/29184)
Loss: 1.020 | Precision@1: 63.738% (18683/29312)
Loss: 1.020 | Precision@1: 63.753% (18769/29440)
Loss: 1.019 | Precision@1: 63.758% (18852/29568)
Loss: 1.019 | Precision@1: 63.770% (18937/29696)
Loss: 1.019 | Precision@1: 63.774% (19020/29824)
Loss: 1.019 | Precision@1: 63.772% (19101/29952)
Loss: 1.019 | Precision@1: 63.770% (19182/30080)
Loss: 1.019 | Precision@1: 63.788% (19269/30208)
Loss: 1.019 | Precision@1: 63.782% (19349/30336)
Loss: 1.019 | Precision@1: 63.800% (19436/30464)
Loss: 1.018 | Precision@1: 63.827% (19526/30592)
Loss: 1.018 | Precision@1: 63.828% (19608/30720)
Loss: 1.018 | Precision@1: 63.839% (19693/30848)
Loss: 1.018 | Precision@1: 63.820% (19769/30976)
Loss: 1.018 | Precision@1: 63.844% (19858/31104)
Loss: 1.017 | Precision@1: 63.838% (19938/31232)
Loss: 1.017 | Precision@1: 63.842% (20021/31360)
Loss: 1.017 | Precision@1: 63.856% (20107/31488)
Loss: 1.017 | Precision@1: 63.876% (20195/31616)
Loss: 1.017 | Precision@1: 63.877% (20277/31744)
Loss: 1.017 | Precision@1: 63.881% (20360/31872)
Loss: 1.016 | Precision@1: 63.931% (20458/32000)
Loss: 1.016 | Precision@1: 63.922% (20537/32128)
Loss: 1.016 | Precision@1: 63.920% (20618/32256)
Loss: 1.016 | Precision@1: 63.933% (20704/32384)
Loss: 1.016 | Precision@1: 63.952% (20792/32512)
Loss: 1.015 | Precision@1: 63.980% (20883/32640)
Loss: 1.015 | Precision@1: 63.974% (20963/32768)
Loss: 1.015 | Precision@1: 63.993% (21051/32896)
Loss: 1.014 | Precision@1: 64.029% (21145/33024)
Loss: 1.014 | Precision@1: 64.008% (21220/33152)
Loss: 1.014 | Precision@1: 64.002% (21300/33280)
Loss: 1.014 | Precision@1: 64.018% (21387/33408)
Loss: 1.013 | Precision@1: 64.018% (21469/33536)
Loss: 1.013 | Precision@1: 64.036% (21557/33664)
Loss: 1.013 | Precision@1: 64.048% (21643/33792)
Loss: 1.013 | Precision@1: 64.080% (21736/33920)
Loss: 1.012 | Precision@1: 64.074% (21816/34048)
Loss: 1.013 | Precision@1: 64.062% (21894/34176)
Loss: 1.012 | Precision@1: 64.062% (21976/34304)
Loss: 1.012 | Precision@1: 64.080% (22064/34432)
Loss: 1.011 | Precision@1: 64.086% (22148/34560)
Loss: 1.011 | Precision@1: 64.077% (22227/34688)
Loss: 1.010 | Precision@1: 64.094% (22315/34816)
Loss: 1.011 | Precision@1: 64.103% (22400/34944)
Loss: 1.010 | Precision@1: 64.131% (22492/35072)
Loss: 1.010 | Precision@1: 64.148% (22580/35200)
Loss: 1.009 | Precision@1: 64.173% (22671/35328)
Loss: 1.009 | Precision@1: 64.172% (22753/35456)
Loss: 1.009 | Precision@1: 64.166% (22833/35584)
Loss: 1.008 | Precision@1: 64.194% (22925/35712)
Loss: 1.007 | Precision@1: 64.238% (23023/35840)
Loss: 1.006 | Precision@1: 64.254% (23111/35968)
Loss: 1.006 | Precision@1: 64.276% (23201/36096)
Loss: 1.005 | Precision@1: 64.286% (23287/36224)
Loss: 1.006 | Precision@1: 64.269% (23363/36352)
Loss: 1.006 | Precision@1: 64.271% (23446/36480)
Loss: 1.005 | Precision@1: 64.278% (23531/36608)
Loss: 1.006 | Precision@1: 64.269% (23610/36736)
Loss: 1.005 | Precision@1: 64.293% (23701/36864)
Loss: 1.004 | Precision@1: 64.311% (23790/36992)
Loss: 1.004 | Precision@1: 64.324% (23877/37120)
Loss: 1.003 | Precision@1: 64.347% (23968/37248)
Loss: 1.003 | Precision@1: 64.357% (24054/37376)
Loss: 1.002 | Precision@1: 64.390% (24149/37504)
Loss: 1.002 | Precision@1: 64.408% (24238/37632)
Loss: 1.001 | Precision@1: 64.407% (24320/37760)
Loss: 1.001 | Precision@1: 64.421% (24408/37888)
Loss: 1.001 | Precision@1: 64.444% (24499/38016)
Loss: 1.000 | Precision@1: 64.451% (24584/38144)
Loss: 1.000 | Precision@1: 64.475% (24676/38272)
Loss: 1.000 | Precision@1: 64.461% (24753/38400)
Loss: 1.000 | Precision@1: 64.457% (24834/38528)
Loss: 1.000 | Precision@1: 64.448% (24913/38656)
Loss: 1.000 | Precision@1: 64.465% (25002/38784)
Loss: 0.999 | Precision@1: 64.481% (25091/38912)
Loss: 0.999 | Precision@1: 64.508% (25184/39040)
Loss: 0.998 | Precision@1: 64.512% (25268/39168)
Loss: 0.998 | Precision@1: 64.538% (25361/39296)
Loss: 0.998 | Precision@1: 64.544% (25446/39424)
Loss: 0.998 | Precision@1: 64.563% (25536/39552)
Loss: 0.998 | Precision@1: 64.556% (25616/39680)
Loss: 0.997 | Precision@1: 64.560% (25700/39808)
Loss: 0.997 | Precision@1: 64.578% (25790/39936)
Loss: 0.997 | Precision@1: 64.582% (25874/40064)
Loss: 0.996 | Precision@1: 64.607% (25967/40192)
Loss: 0.996 | Precision@1: 64.608% (26050/40320)
Loss: 0.996 | Precision@1: 64.619% (26137/40448)
Loss: 0.995 | Precision@1: 64.637% (26227/40576)
Loss: 0.995 | Precision@1: 64.662% (26320/40704)
Loss: 0.995 | Precision@1: 64.670% (26406/40832)
Loss: 0.994 | Precision@1: 64.675% (26491/40960)
Loss: 0.994 | Precision@1: 64.705% (26586/41088)
Loss: 0.993 | Precision@1: 64.710% (26671/41216)
Loss: 0.993 | Precision@1: 64.706% (26752/41344)
Loss: 0.993 | Precision@1: 64.716% (26839/41472)
Loss: 0.993 | Precision@1: 64.712% (26920/41600)
Loss: 0.993 | Precision@1: 64.722% (27007/41728)
Loss: 0.992 | Precision@1: 64.727% (27092/41856)
Loss: 0.992 | Precision@1: 64.748% (27184/41984)
Loss: 0.992 | Precision@1: 64.732% (27260/42112)
Loss: 0.991 | Precision@1: 64.744% (27348/42240)
Loss: 0.991 | Precision@1: 64.756% (27436/42368)
Loss: 0.991 | Precision@1: 64.757% (27519/42496)
Loss: 0.991 | Precision@1: 64.759% (27603/42624)
Loss: 0.991 | Precision@1: 64.774% (27692/42752)
Loss: 0.990 | Precision@1: 64.788% (27781/42880)
Loss: 0.990 | Precision@1: 64.820% (27878/43008)
Loss: 0.989 | Precision@1: 64.818% (27960/43136)
Loss: 0.989 | Precision@1: 64.839% (28052/43264)
Loss: 0.989 | Precision@1: 64.844% (28137/43392)
Loss: 0.989 | Precision@1: 64.816% (28208/43520)
Loss: 0.989 | Precision@1: 64.837% (28300/43648)
Loss: 0.989 | Precision@1: 64.839% (28384/43776)
Loss: 0.989 | Precision@1: 64.839% (28467/43904)
Loss: 0.988 | Precision@1: 64.862% (28560/44032)
Loss: 0.987 | Precision@1: 64.889% (28655/44160)
Loss: 0.987 | Precision@1: 64.907% (28746/44288)
Loss: 0.986 | Precision@1: 64.909% (28830/44416)
Loss: 0.986 | Precision@1: 64.907% (28912/44544)
Loss: 0.986 | Precision@1: 64.918% (29000/44672)
Loss: 0.986 | Precision@1: 64.931% (29089/44800)
Loss: 0.986 | Precision@1: 64.933% (29173/44928)
Loss: 0.986 | Precision@1: 64.928% (29254/45056)
Loss: 0.985 | Precision@1: 64.930% (29338/45184)
Loss: 0.985 | Precision@1: 64.943% (29427/45312)
Loss: 0.985 | Precision@1: 64.945% (29511/45440)
Loss: 0.985 | Precision@1: 64.962% (29602/45568)
Loss: 0.985 | Precision@1: 64.951% (29680/45696)
Loss: 0.985 | Precision@1: 64.953% (29764/45824)
Loss: 0.984 | Precision@1: 64.987% (29863/45952)
Loss: 0.984 | Precision@1: 64.989% (29947/46080)
Loss: 0.983 | Precision@1: 65.015% (30042/46208)
Loss: 0.983 | Precision@1: 65.012% (30124/46336)
Loss: 0.983 | Precision@1: 65.012% (30207/46464)
Loss: 0.983 | Precision@1: 65.024% (30296/46592)
Loss: 0.983 | Precision@1: 65.045% (30389/46720)
Loss: 0.982 | Precision@1: 65.055% (30477/46848)
Loss: 0.982 | Precision@1: 65.063% (30564/46976)
Loss: 0.982 | Precision@1: 65.067% (30649/47104)
Loss: 0.981 | Precision@1: 65.068% (30733/47232)
Loss: 0.981 | Precision@1: 65.080% (30822/47360)
Loss: 0.981 | Precision@1: 65.077% (30904/47488)
Loss: 0.980 | Precision@1: 65.100% (30998/47616)
Loss: 0.980 | Precision@1: 65.112% (31087/47744)
Loss: 0.980 | Precision@1: 65.124% (31176/47872)
Loss: 0.980 | Precision@1: 65.119% (31257/48000)
Loss: 0.979 | Precision@1: 65.151% (31356/48128)
Loss: 0.979 | Precision@1: 65.161% (31444/48256)
Loss: 0.979 | Precision@1: 65.174% (31534/48384)
Loss: 0.979 | Precision@1: 65.163% (31612/48512)
Loss: 0.979 | Precision@1: 65.171% (31699/48640)
Loss: 0.979 | Precision@1: 65.190% (31792/48768)
Loss: 0.978 | Precision@1: 65.208% (31884/48896)
Loss: 0.978 | Precision@1: 65.215% (31971/49024)
Loss: 0.978 | Precision@1: 65.218% (32056/49152)
Loss: 0.977 | Precision@1: 65.244% (32152/49280)
Loss: 0.977 | Precision@1: 65.259% (32243/49408)
Loss: 0.977 | Precision@1: 65.260% (32327/49536)
Loss: 0.976 | Precision@1: 65.273% (32417/49664)
Loss: 0.976 | Precision@1: 65.274% (32501/49792)
Loss: 0.976 | Precision@1: 65.286% (32591/49920)
Loss: 0.976 | Precision@1: 65.282% (32641/50000)

Aggregates: 			
 	 DataLoader Time: 0.3682 			
 	 Mini-batch Time: 12.2898 			
 	 Training Epoch Time: 29.9685
 			
 Averages: 			
 	 Training Loss: 0.9759

 Test set Averages: Loss: 1.022 | Precision@1: 66.010% (6601/10000)
Average dataloader time is 0.37
