model name	: Intel(R) Xeon(R) Gold 6152 CPU @ 2.10GHz
Wed Oct 30 13:00:04 2019       
+-----------------------------------------------------------------------------+
| NVIDIA-SMI 418.74       Driver Version: 418.74       CUDA Version: 10.1     |
|-------------------------------+----------------------+----------------------+
| GPU  Name        Persistence-M| Bus-Id        Disp.A | Volatile Uncorr. ECC |
| Fan  Temp  Perf  Pwr:Usage/Cap|         Memory-Usage | GPU-Util  Compute M. |
|===============================+======================+======================|
|   0  GeForce RTX 208...  On   | 00000000:3B:00.0 Off |                  N/A |
| 35%   47C    P2    72W / 250W |    990MiB / 10989MiB |      4%      Default |
+-------------------------------+----------------------+----------------------+
                                                                               
+-----------------------------------------------------------------------------+
| Processes:                                                       GPU Memory |
|  GPU       PID   Type   Process name                             Usage      |
|=============================================================================|
|    0    103547      C   python3                                      979MiB |
+-----------------------------------------------------------------------------+
Files already downloaded and verified
Files already downloaded and verified

Epoch: 0
Loss: 2.269 | Precision@1: 17.188% (22/128)
Loss: 2.790 | Precision@1: 14.062% (36/256)
Loss: 2.842 | Precision@1: 12.760% (49/384)
Loss: 2.825 | Precision@1: 12.891% (66/512)
Loss: 2.734 | Precision@1: 14.062% (90/640)
Loss: 2.681 | Precision@1: 14.453% (111/768)
Loss: 2.604 | Precision@1: 15.290% (137/896)
Loss: 2.540 | Precision@1: 16.113% (165/1024)
Loss: 2.497 | Precision@1: 16.233% (187/1152)
Loss: 2.462 | Precision@1: 15.938% (204/1280)
Loss: 2.407 | Precision@1: 17.827% (251/1408)
Loss: 2.375 | Precision@1: 18.164% (279/1536)
Loss: 2.347 | Precision@1: 18.450% (307/1664)
Loss: 2.325 | Precision@1: 19.141% (343/1792)
Loss: 2.303 | Precision@1: 19.635% (377/1920)
Loss: 2.284 | Precision@1: 20.020% (410/2048)
Loss: 2.271 | Precision@1: 20.312% (442/2176)
Loss: 2.249 | Precision@1: 20.747% (478/2304)
Loss: 2.228 | Precision@1: 21.135% (514/2432)
Loss: 2.210 | Precision@1: 21.562% (552/2560)
Loss: 2.198 | Precision@1: 21.801% (586/2688)
Loss: 2.182 | Precision@1: 22.053% (621/2816)
Loss: 2.165 | Precision@1: 22.486% (662/2944)
Loss: 2.155 | Precision@1: 22.689% (697/3072)
Loss: 2.146 | Precision@1: 23.156% (741/3200)
Loss: 2.131 | Precision@1: 23.678% (788/3328)
Loss: 2.120 | Precision@1: 24.074% (832/3456)
Loss: 2.107 | Precision@1: 24.275% (870/3584)
Loss: 2.098 | Precision@1: 24.596% (913/3712)
Loss: 2.089 | Precision@1: 24.948% (958/3840)
Loss: 2.083 | Precision@1: 25.050% (994/3968)
Loss: 2.078 | Precision@1: 25.146% (1030/4096)
Loss: 2.075 | Precision@1: 25.260% (1067/4224)
Loss: 2.069 | Precision@1: 25.506% (1110/4352)
Loss: 2.060 | Precision@1: 25.826% (1157/4480)
Loss: 2.052 | Precision@1: 25.977% (1197/4608)
Loss: 2.044 | Precision@1: 26.394% (1250/4736)
Loss: 2.039 | Precision@1: 26.316% (1280/4864)
Loss: 2.033 | Precision@1: 26.442% (1320/4992)
Loss: 2.027 | Precision@1: 26.582% (1361/5120)
Loss: 2.019 | Precision@1: 26.772% (1405/5248)
Loss: 2.014 | Precision@1: 26.953% (1449/5376)
Loss: 2.007 | Precision@1: 27.217% (1498/5504)
Loss: 2.001 | Precision@1: 27.362% (1541/5632)
Loss: 1.993 | Precision@1: 27.622% (1591/5760)
Loss: 1.987 | Precision@1: 27.768% (1635/5888)
Loss: 1.983 | Precision@1: 27.959% (1682/6016)
Loss: 1.976 | Precision@1: 28.060% (1724/6144)
Loss: 1.973 | Precision@1: 28.268% (1773/6272)
Loss: 1.968 | Precision@1: 28.453% (1821/6400)
Loss: 1.966 | Precision@1: 28.370% (1852/6528)
Loss: 1.965 | Precision@1: 28.486% (1896/6656)
Loss: 1.962 | Precision@1: 28.552% (1937/6784)
Loss: 1.958 | Precision@1: 28.631% (1979/6912)
Loss: 1.955 | Precision@1: 28.750% (2024/7040)
Loss: 1.951 | Precision@1: 28.920% (2073/7168)
Loss: 1.946 | Precision@1: 28.988% (2115/7296)
Loss: 1.944 | Precision@1: 29.014% (2154/7424)
Loss: 1.938 | Precision@1: 29.211% (2206/7552)
Loss: 1.934 | Precision@1: 29.388% (2257/7680)
Loss: 1.930 | Precision@1: 29.457% (2300/7808)
Loss: 1.926 | Precision@1: 29.574% (2347/7936)
Loss: 1.921 | Precision@1: 29.737% (2398/8064)
Loss: 1.916 | Precision@1: 29.980% (2456/8192)
Loss: 1.912 | Precision@1: 29.988% (2495/8320)
Loss: 1.910 | Precision@1: 30.102% (2543/8448)
Loss: 1.905 | Precision@1: 30.236% (2593/8576)
Loss: 1.905 | Precision@1: 30.182% (2627/8704)
Loss: 1.901 | Precision@1: 30.288% (2675/8832)
Loss: 1.899 | Precision@1: 30.391% (2723/8960)
Loss: 1.895 | Precision@1: 30.502% (2772/9088)
Loss: 1.893 | Precision@1: 30.545% (2815/9216)
Loss: 1.889 | Precision@1: 30.597% (2859/9344)
Loss: 1.886 | Precision@1: 30.669% (2905/9472)
Loss: 1.884 | Precision@1: 30.729% (2950/9600)
Loss: 1.880 | Precision@1: 30.798% (2996/9728)
Loss: 1.878 | Precision@1: 30.864% (3042/9856)
Loss: 1.876 | Precision@1: 31.000% (3095/9984)
Loss: 1.871 | Precision@1: 31.171% (3152/10112)
Loss: 1.868 | Precision@1: 31.230% (3198/10240)
Loss: 1.866 | Precision@1: 31.318% (3247/10368)
Loss: 1.863 | Precision@1: 31.336% (3289/10496)
Loss: 1.859 | Precision@1: 31.429% (3339/10624)
Loss: 1.856 | Precision@1: 31.548% (3392/10752)
Loss: 1.854 | Precision@1: 31.627% (3441/10880)
Loss: 1.850 | Precision@1: 31.786% (3499/11008)
Loss: 1.848 | Precision@1: 31.915% (3554/11136)
Loss: 1.845 | Precision@1: 32.005% (3605/11264)
Loss: 1.845 | Precision@1: 32.005% (3646/11392)
Loss: 1.845 | Precision@1: 32.049% (3692/11520)
Loss: 1.844 | Precision@1: 32.083% (3737/11648)
Loss: 1.842 | Precision@1: 32.176% (3789/11776)
Loss: 1.839 | Precision@1: 32.292% (3844/11904)
Loss: 1.835 | Precision@1: 32.380% (3896/12032)
Loss: 1.833 | Precision@1: 32.459% (3947/12160)
Loss: 1.831 | Precision@1: 32.593% (4005/12288)
Loss: 1.830 | Precision@1: 32.643% (4053/12416)
Loss: 1.829 | Precision@1: 32.629% (4093/12544)
Loss: 1.826 | Precision@1: 32.694% (4143/12672)
Loss: 1.825 | Precision@1: 32.695% (4185/12800)
Loss: 1.824 | Precision@1: 32.751% (4234/12928)
Loss: 1.821 | Precision@1: 32.782% (4280/13056)
Loss: 1.818 | Precision@1: 32.949% (4344/13184)
Loss: 1.816 | Precision@1: 32.985% (4391/13312)
Loss: 1.813 | Precision@1: 33.147% (4455/13440)
Loss: 1.812 | Precision@1: 33.203% (4505/13568)
Loss: 1.811 | Precision@1: 33.280% (4558/13696)
Loss: 1.809 | Precision@1: 33.370% (4613/13824)
Loss: 1.808 | Precision@1: 33.393% (4659/13952)
Loss: 1.808 | Precision@1: 33.409% (4704/14080)
Loss: 1.806 | Precision@1: 33.502% (4760/14208)
Loss: 1.803 | Precision@1: 33.573% (4813/14336)
Loss: 1.802 | Precision@1: 33.587% (4858/14464)
Loss: 1.802 | Precision@1: 33.566% (4898/14592)
Loss: 1.800 | Precision@1: 33.621% (4949/14720)
Loss: 1.797 | Precision@1: 33.749% (5011/14848)
Loss: 1.795 | Precision@1: 33.801% (5062/14976)
Loss: 1.793 | Precision@1: 33.839% (5111/15104)
Loss: 1.792 | Precision@1: 33.909% (5165/15232)
Loss: 1.790 | Precision@1: 33.958% (5216/15360)
Loss: 1.787 | Precision@1: 34.078% (5278/15488)
Loss: 1.785 | Precision@1: 34.151% (5333/15616)
Loss: 1.783 | Precision@1: 34.223% (5388/15744)
Loss: 1.780 | Precision@1: 34.331% (5449/15872)
Loss: 1.778 | Precision@1: 34.337% (5494/16000)
Loss: 1.777 | Precision@1: 34.332% (5537/16128)
Loss: 1.775 | Precision@1: 34.393% (5591/16256)
Loss: 1.774 | Precision@1: 34.473% (5648/16384)
Loss: 1.774 | Precision@1: 34.484% (5694/16512)
Loss: 1.772 | Precision@1: 34.489% (5739/16640)
Loss: 1.772 | Precision@1: 34.518% (5788/16768)
Loss: 1.770 | Precision@1: 34.594% (5845/16896)
Loss: 1.768 | Precision@1: 34.669% (5902/17024)
Loss: 1.768 | Precision@1: 34.696% (5951/17152)
Loss: 1.766 | Precision@1: 34.734% (6002/17280)
Loss: 1.763 | Precision@1: 34.823% (6062/17408)
Loss: 1.762 | Precision@1: 34.865% (6114/17536)
Loss: 1.761 | Precision@1: 34.924% (6169/17664)
Loss: 1.760 | Precision@1: 34.948% (6218/17792)
Loss: 1.758 | Precision@1: 35.050% (6281/17920)
Loss: 1.757 | Precision@1: 35.084% (6332/18048)
Loss: 1.756 | Precision@1: 35.134% (6386/18176)
Loss: 1.755 | Precision@1: 35.145% (6433/18304)
Loss: 1.755 | Precision@1: 35.194% (6487/18432)
Loss: 1.754 | Precision@1: 35.194% (6532/18560)
Loss: 1.753 | Precision@1: 35.237% (6585/18688)
Loss: 1.751 | Precision@1: 35.300% (6642/18816)
Loss: 1.752 | Precision@1: 35.278% (6683/18944)
Loss: 1.750 | Precision@1: 35.345% (6741/19072)
Loss: 1.749 | Precision@1: 35.411% (6799/19200)
Loss: 1.747 | Precision@1: 35.462% (6854/19328)
Loss: 1.746 | Precision@1: 35.531% (6913/19456)
Loss: 1.744 | Precision@1: 35.565% (6965/19584)
Loss: 1.743 | Precision@1: 35.577% (7013/19712)
Loss: 1.742 | Precision@1: 35.605% (7064/19840)
Loss: 1.741 | Precision@1: 35.692% (7127/19968)
Loss: 1.740 | Precision@1: 35.669% (7168/20096)
Loss: 1.740 | Precision@1: 35.690% (7218/20224)
Loss: 1.738 | Precision@1: 35.746% (7275/20352)
Loss: 1.738 | Precision@1: 35.757% (7323/20480)
Loss: 1.738 | Precision@1: 35.758% (7369/20608)
Loss: 1.737 | Precision@1: 35.759% (7415/20736)
Loss: 1.737 | Precision@1: 35.751% (7459/20864)
Loss: 1.736 | Precision@1: 35.771% (7509/20992)
Loss: 1.734 | Precision@1: 35.833% (7568/21120)
Loss: 1.733 | Precision@1: 35.848% (7617/21248)
Loss: 1.732 | Precision@1: 35.839% (7661/21376)
Loss: 1.730 | Precision@1: 35.928% (7726/21504)
Loss: 1.729 | Precision@1: 36.002% (7788/21632)
Loss: 1.727 | Precision@1: 36.052% (7845/21760)
Loss: 1.726 | Precision@1: 36.075% (7896/21888)
Loss: 1.725 | Precision@1: 36.128% (7954/22016)
Loss: 1.723 | Precision@1: 36.217% (8020/22144)
Loss: 1.721 | Precision@1: 36.261% (8076/22272)
Loss: 1.720 | Precision@1: 36.308% (8133/22400)
Loss: 1.718 | Precision@1: 36.386% (8197/22528)
Loss: 1.716 | Precision@1: 36.423% (8252/22656)
Loss: 1.715 | Precision@1: 36.477% (8311/22784)
Loss: 1.714 | Precision@1: 36.479% (8358/22912)
Loss: 1.713 | Precision@1: 36.554% (8422/23040)
Loss: 1.712 | Precision@1: 36.602% (8480/23168)
Loss: 1.711 | Precision@1: 36.650% (8538/23296)
Loss: 1.710 | Precision@1: 36.680% (8592/23424)
Loss: 1.709 | Precision@1: 36.719% (8648/23552)
Loss: 1.708 | Precision@1: 36.761% (8705/23680)
Loss: 1.706 | Precision@1: 36.832% (8769/23808)
Loss: 1.705 | Precision@1: 36.869% (8825/23936)
Loss: 1.704 | Precision@1: 36.889% (8877/24064)
Loss: 1.703 | Precision@1: 36.909% (8929/24192)
Loss: 1.701 | Precision@1: 36.978% (8993/24320)
Loss: 1.700 | Precision@1: 37.034% (9054/24448)
Loss: 1.700 | Precision@1: 37.048% (9105/24576)
Loss: 1.698 | Precision@1: 37.107% (9167/24704)
Loss: 1.697 | Precision@1: 37.158% (9227/24832)
Loss: 1.696 | Precision@1: 37.220% (9290/24960)
Loss: 1.694 | Precision@1: 37.261% (9348/25088)
Loss: 1.694 | Precision@1: 37.286% (9402/25216)
Loss: 1.692 | Precision@1: 37.334% (9462/25344)
Loss: 1.691 | Precision@1: 37.414% (9530/25472)
Loss: 1.689 | Precision@1: 37.473% (9593/25600)
Loss: 1.688 | Precision@1: 37.547% (9660/25728)
Loss: 1.687 | Precision@1: 37.604% (9723/25856)
Loss: 1.686 | Precision@1: 37.658% (9785/25984)
Loss: 1.685 | Precision@1: 37.680% (9839/26112)
Loss: 1.683 | Precision@1: 37.732% (9901/26240)
Loss: 1.681 | Precision@1: 37.811% (9970/26368)
Loss: 1.679 | Precision@1: 37.862% (10032/26496)
Loss: 1.678 | Precision@1: 37.932% (10099/26624)
Loss: 1.676 | Precision@1: 38.001% (10166/26752)
Loss: 1.675 | Precision@1: 38.039% (10225/26880)
Loss: 1.674 | Precision@1: 38.070% (10282/27008)
Loss: 1.673 | Precision@1: 38.123% (10345/27136)
Loss: 1.672 | Precision@1: 38.146% (10400/27264)
Loss: 1.671 | Precision@1: 38.183% (10459/27392)
Loss: 1.669 | Precision@1: 38.212% (10516/27520)
Loss: 1.667 | Precision@1: 38.303% (10590/27648)
Loss: 1.666 | Precision@1: 38.368% (10657/27776)
Loss: 1.665 | Precision@1: 38.410% (10718/27904)
Loss: 1.665 | Precision@1: 38.428% (10772/28032)
Loss: 1.663 | Precision@1: 38.491% (10839/28160)
Loss: 1.661 | Precision@1: 38.578% (10913/28288)
Loss: 1.660 | Precision@1: 38.619% (10974/28416)
Loss: 1.659 | Precision@1: 38.653% (11033/28544)
Loss: 1.658 | Precision@1: 38.689% (11093/28672)
Loss: 1.657 | Precision@1: 38.715% (11150/28800)
Loss: 1.655 | Precision@1: 38.779% (11218/28928)
Loss: 1.655 | Precision@1: 38.801% (11274/29056)
Loss: 1.653 | Precision@1: 38.847% (11337/29184)
Loss: 1.652 | Precision@1: 38.923% (11409/29312)
Loss: 1.651 | Precision@1: 38.991% (11479/29440)
Loss: 1.649 | Precision@1: 39.042% (11544/29568)
Loss: 1.648 | Precision@1: 39.079% (11605/29696)
Loss: 1.648 | Precision@1: 39.086% (11657/29824)
Loss: 1.646 | Precision@1: 39.176% (11734/29952)
Loss: 1.645 | Precision@1: 39.215% (11796/30080)
Loss: 1.643 | Precision@1: 39.251% (11857/30208)
Loss: 1.642 | Precision@1: 39.293% (11920/30336)
Loss: 1.641 | Precision@1: 39.328% (11981/30464)
Loss: 1.640 | Precision@1: 39.373% (12045/30592)
Loss: 1.640 | Precision@1: 39.404% (12105/30720)
Loss: 1.639 | Precision@1: 39.468% (12175/30848)
Loss: 1.638 | Precision@1: 39.505% (12237/30976)
Loss: 1.637 | Precision@1: 39.561% (12305/31104)
Loss: 1.636 | Precision@1: 39.594% (12366/31232)
Loss: 1.634 | Precision@1: 39.662% (12438/31360)
Loss: 1.633 | Precision@1: 39.704% (12502/31488)
Loss: 1.632 | Precision@1: 39.771% (12574/31616)
Loss: 1.630 | Precision@1: 39.815% (12639/31744)
Loss: 1.629 | Precision@1: 39.850% (12701/31872)
Loss: 1.628 | Precision@1: 39.906% (12770/32000)
Loss: 1.626 | Precision@1: 39.965% (12840/32128)
Loss: 1.624 | Precision@1: 40.011% (12906/32256)
Loss: 1.623 | Precision@1: 40.069% (12976/32384)
Loss: 1.622 | Precision@1: 40.114% (13042/32512)
Loss: 1.622 | Precision@1: 40.129% (13098/32640)
Loss: 1.621 | Precision@1: 40.176% (13165/32768)
Loss: 1.619 | Precision@1: 40.248% (13240/32896)
Loss: 1.618 | Precision@1: 40.283% (13303/33024)
Loss: 1.616 | Precision@1: 40.332% (13371/33152)
Loss: 1.616 | Precision@1: 40.385% (13440/33280)
Loss: 1.615 | Precision@1: 40.398% (13496/33408)
Loss: 1.614 | Precision@1: 40.416% (13554/33536)
Loss: 1.613 | Precision@1: 40.444% (13615/33664)
Loss: 1.612 | Precision@1: 40.492% (13683/33792)
Loss: 1.610 | Precision@1: 40.545% (13753/33920)
Loss: 1.610 | Precision@1: 40.543% (13804/34048)
Loss: 1.609 | Precision@1: 40.607% (13878/34176)
Loss: 1.609 | Precision@1: 40.625% (13936/34304)
Loss: 1.608 | Precision@1: 40.651% (13997/34432)
Loss: 1.607 | Precision@1: 40.700% (14066/34560)
Loss: 1.606 | Precision@1: 40.737% (14131/34688)
Loss: 1.605 | Precision@1: 40.783% (14199/34816)
Loss: 1.604 | Precision@1: 40.805% (14259/34944)
Loss: 1.603 | Precision@1: 40.853% (14328/35072)
Loss: 1.602 | Precision@1: 40.898% (14396/35200)
Loss: 1.601 | Precision@1: 40.942% (14464/35328)
Loss: 1.600 | Precision@1: 40.966% (14525/35456)
Loss: 1.599 | Precision@1: 40.999% (14589/35584)
Loss: 1.598 | Precision@1: 41.042% (14657/35712)
Loss: 1.597 | Precision@1: 41.094% (14728/35840)
Loss: 1.596 | Precision@1: 41.139% (14797/35968)
Loss: 1.595 | Precision@1: 41.171% (14861/36096)
Loss: 1.594 | Precision@1: 41.241% (14939/36224)
Loss: 1.593 | Precision@1: 41.285% (15008/36352)
Loss: 1.592 | Precision@1: 41.340% (15081/36480)
Loss: 1.590 | Precision@1: 41.414% (15161/36608)
Loss: 1.588 | Precision@1: 41.466% (15233/36736)
Loss: 1.588 | Precision@1: 41.498% (15298/36864)
Loss: 1.587 | Precision@1: 41.558% (15373/36992)
Loss: 1.585 | Precision@1: 41.579% (15434/37120)
Loss: 1.584 | Precision@1: 41.626% (15505/37248)
Loss: 1.583 | Precision@1: 41.690% (15582/37376)
Loss: 1.582 | Precision@1: 41.732% (15651/37504)
Loss: 1.581 | Precision@1: 41.765% (15717/37632)
Loss: 1.580 | Precision@1: 41.801% (15784/37760)
Loss: 1.579 | Precision@1: 41.858% (15859/37888)
Loss: 1.578 | Precision@1: 41.911% (15933/38016)
Loss: 1.578 | Precision@1: 41.923% (15991/38144)
Loss: 1.577 | Precision@1: 41.958% (16058/38272)
Loss: 1.576 | Precision@1: 41.995% (16126/38400)
Loss: 1.574 | Precision@1: 42.047% (16200/38528)
Loss: 1.573 | Precision@1: 42.100% (16274/38656)
Loss: 1.572 | Precision@1: 42.133% (16341/38784)
Loss: 1.571 | Precision@1: 42.182% (16414/38912)
Loss: 1.570 | Precision@1: 42.239% (16490/39040)
Loss: 1.569 | Precision@1: 42.290% (16564/39168)
Loss: 1.568 | Precision@1: 42.345% (16640/39296)
Loss: 1.567 | Precision@1: 42.378% (16707/39424)
Loss: 1.566 | Precision@1: 42.440% (16786/39552)
Loss: 1.565 | Precision@1: 42.465% (16850/39680)
Loss: 1.564 | Precision@1: 42.499% (16918/39808)
Loss: 1.563 | Precision@1: 42.536% (16987/39936)
Loss: 1.562 | Precision@1: 42.569% (17055/40064)
Loss: 1.561 | Precision@1: 42.613% (17127/40192)
Loss: 1.560 | Precision@1: 42.649% (17196/40320)
Loss: 1.559 | Precision@1: 42.689% (17267/40448)
Loss: 1.558 | Precision@1: 42.717% (17333/40576)
Loss: 1.557 | Precision@1: 42.755% (17403/40704)
Loss: 1.555 | Precision@1: 42.819% (17484/40832)
Loss: 1.554 | Precision@1: 42.866% (17558/40960)
Loss: 1.553 | Precision@1: 42.908% (17630/41088)
Loss: 1.552 | Precision@1: 42.930% (17694/41216)
Loss: 1.551 | Precision@1: 42.959% (17761/41344)
Loss: 1.551 | Precision@1: 42.978% (17824/41472)
Loss: 1.550 | Precision@1: 43.022% (17897/41600)
Loss: 1.549 | Precision@1: 43.074% (17974/41728)
Loss: 1.547 | Precision@1: 43.126% (18051/41856)
Loss: 1.546 | Precision@1: 43.157% (18119/41984)
Loss: 1.545 | Precision@1: 43.216% (18199/42112)
Loss: 1.544 | Precision@1: 43.265% (18275/42240)
Loss: 1.544 | Precision@1: 43.283% (18338/42368)
Loss: 1.543 | Precision@1: 43.315% (18407/42496)
Loss: 1.542 | Precision@1: 43.356% (18480/42624)
Loss: 1.542 | Precision@1: 43.390% (18550/42752)
Loss: 1.541 | Precision@1: 43.405% (18612/42880)
Loss: 1.540 | Precision@1: 43.441% (18683/43008)
Loss: 1.540 | Precision@1: 43.472% (18752/43136)
Loss: 1.538 | Precision@1: 43.521% (18829/43264)
Loss: 1.538 | Precision@1: 43.552% (18898/43392)
Loss: 1.537 | Precision@1: 43.585% (18968/43520)
Loss: 1.536 | Precision@1: 43.622% (19040/43648)
Loss: 1.535 | Precision@1: 43.670% (19117/43776)
Loss: 1.533 | Precision@1: 43.716% (19193/43904)
Loss: 1.532 | Precision@1: 43.752% (19265/44032)
Loss: 1.531 | Precision@1: 43.798% (19341/44160)
Loss: 1.530 | Precision@1: 43.815% (19405/44288)
Loss: 1.529 | Precision@1: 43.849% (19476/44416)
Loss: 1.528 | Precision@1: 43.894% (19552/44544)
Loss: 1.527 | Precision@1: 43.920% (19620/44672)
Loss: 1.527 | Precision@1: 43.949% (19689/44800)
Loss: 1.526 | Precision@1: 43.990% (19764/44928)
Loss: 1.525 | Precision@1: 43.999% (19824/45056)
Loss: 1.524 | Precision@1: 44.038% (19898/45184)
Loss: 1.523 | Precision@1: 44.070% (19969/45312)
Loss: 1.522 | Precision@1: 44.102% (20040/45440)
Loss: 1.522 | Precision@1: 44.112% (20101/45568)
Loss: 1.521 | Precision@1: 44.131% (20166/45696)
Loss: 1.520 | Precision@1: 44.167% (20239/45824)
Loss: 1.520 | Precision@1: 44.183% (20303/45952)
Loss: 1.518 | Precision@1: 44.221% (20377/46080)
Loss: 1.517 | Precision@1: 44.263% (20453/46208)
Loss: 1.516 | Precision@1: 44.309% (20531/46336)
Loss: 1.515 | Precision@1: 44.353% (20608/46464)
Loss: 1.514 | Precision@1: 44.381% (20678/46592)
Loss: 1.513 | Precision@1: 44.420% (20753/46720)
Loss: 1.512 | Precision@1: 44.478% (20837/46848)
Loss: 1.511 | Precision@1: 44.506% (20907/46976)
Loss: 1.510 | Precision@1: 44.548% (20984/47104)
Loss: 1.509 | Precision@1: 44.576% (21054/47232)
Loss: 1.508 | Precision@1: 44.611% (21128/47360)
Loss: 1.507 | Precision@1: 44.632% (21195/47488)
Loss: 1.506 | Precision@1: 44.653% (21262/47616)
Loss: 1.505 | Precision@1: 44.713% (21348/47744)
Loss: 1.505 | Precision@1: 44.742% (21419/47872)
Loss: 1.504 | Precision@1: 44.779% (21494/48000)
Loss: 1.503 | Precision@1: 44.818% (21570/48128)
Loss: 1.503 | Precision@1: 44.834% (21635/48256)
Loss: 1.502 | Precision@1: 44.862% (21706/48384)
Loss: 1.501 | Precision@1: 44.896% (21780/48512)
Loss: 1.501 | Precision@1: 44.903% (21841/48640)
Loss: 1.500 | Precision@1: 44.929% (21911/48768)
Loss: 1.499 | Precision@1: 44.944% (21976/48896)
Loss: 1.498 | Precision@1: 44.980% (22051/49024)
Loss: 1.498 | Precision@1: 45.015% (22126/49152)
Loss: 1.496 | Precision@1: 45.061% (22206/49280)
Loss: 1.496 | Precision@1: 45.094% (22280/49408)
Loss: 1.495 | Precision@1: 45.123% (22352/49536)
Loss: 1.494 | Precision@1: 45.151% (22424/49664)
Loss: 1.493 | Precision@1: 45.186% (22499/49792)
Loss: 1.493 | Precision@1: 45.202% (22565/49920)
Loss: 1.492 | Precision@1: 45.206% (22603/50000)

Aggregates: 			
 	 DataLoader Time: 0.3934 			
 	 Mini-batch Time: 14.1201 			
 	 Training Epoch Time: 30.4063
 			
 Averages: 			
 	 Training Loss: 1.4923

 Test set Averages: Loss: 1.343 | Precision@1: 53.050% (5305/10000)

Epoch: 1
Loss: 1.079 | Precision@1: 62.500% (80/128)
Loss: 1.183 | Precision@1: 59.766% (153/256)
Loss: 1.183 | Precision@1: 58.333% (224/384)
Loss: 1.160 | Precision@1: 58.594% (300/512)
Loss: 1.166 | Precision@1: 59.688% (382/640)
Loss: 1.151 | Precision@1: 59.766% (459/768)
Loss: 1.143 | Precision@1: 59.821% (536/896)
Loss: 1.134 | Precision@1: 59.961% (614/1024)
Loss: 1.126 | Precision@1: 60.417% (696/1152)
Loss: 1.122 | Precision@1: 60.391% (773/1280)
Loss: 1.130 | Precision@1: 59.659% (840/1408)
Loss: 1.126 | Precision@1: 59.701% (917/1536)
Loss: 1.121 | Precision@1: 60.156% (1001/1664)
Loss: 1.118 | Precision@1: 60.156% (1078/1792)
Loss: 1.110 | Precision@1: 60.469% (1161/1920)
Loss: 1.107 | Precision@1: 60.547% (1240/2048)
Loss: 1.113 | Precision@1: 60.018% (1306/2176)
Loss: 1.118 | Precision@1: 59.896% (1380/2304)
Loss: 1.120 | Precision@1: 59.786% (1454/2432)
Loss: 1.119 | Precision@1: 59.844% (1532/2560)
Loss: 1.122 | Precision@1: 59.635% (1603/2688)
Loss: 1.128 | Precision@1: 59.375% (1672/2816)
Loss: 1.121 | Precision@1: 59.817% (1761/2944)
Loss: 1.120 | Precision@1: 59.993% (1843/3072)
Loss: 1.121 | Precision@1: 59.938% (1918/3200)
Loss: 1.126 | Precision@1: 59.706% (1987/3328)
Loss: 1.129 | Precision@1: 59.664% (2062/3456)
Loss: 1.129 | Precision@1: 59.682% (2139/3584)
Loss: 1.127 | Precision@1: 59.806% (2220/3712)
Loss: 1.129 | Precision@1: 59.896% (2300/3840)
Loss: 1.125 | Precision@1: 60.030% (2382/3968)
Loss: 1.124 | Precision@1: 60.107% (2462/4096)
Loss: 1.128 | Precision@1: 59.991% (2534/4224)
Loss: 1.134 | Precision@1: 59.697% (2598/4352)
Loss: 1.131 | Precision@1: 59.799% (2679/4480)
Loss: 1.131 | Precision@1: 59.852% (2758/4608)
Loss: 1.132 | Precision@1: 59.776% (2831/4736)
Loss: 1.131 | Precision@1: 59.704% (2904/4864)
Loss: 1.134 | Precision@1: 59.575% (2974/4992)
Loss: 1.135 | Precision@1: 59.512% (3047/5120)
Loss: 1.134 | Precision@1: 59.489% (3122/5248)
Loss: 1.132 | Precision@1: 59.598% (3204/5376)
Loss: 1.131 | Precision@1: 59.575% (3279/5504)
Loss: 1.130 | Precision@1: 59.624% (3358/5632)
Loss: 1.130 | Precision@1: 59.653% (3436/5760)
Loss: 1.127 | Precision@1: 59.732% (3517/5888)
Loss: 1.129 | Precision@1: 59.591% (3585/6016)
Loss: 1.131 | Precision@1: 59.587% (3661/6144)
Loss: 1.130 | Precision@1: 59.566% (3736/6272)
Loss: 1.129 | Precision@1: 59.562% (3812/6400)
Loss: 1.126 | Precision@1: 59.743% (3900/6528)
Loss: 1.125 | Precision@1: 59.796% (3980/6656)
Loss: 1.126 | Precision@1: 59.817% (4058/6784)
Loss: 1.127 | Precision@1: 59.838% (4136/6912)
Loss: 1.125 | Precision@1: 59.943% (4220/7040)
Loss: 1.125 | Precision@1: 59.989% (4300/7168)
Loss: 1.125 | Precision@1: 60.019% (4379/7296)
Loss: 1.126 | Precision@1: 60.008% (4455/7424)
Loss: 1.123 | Precision@1: 60.156% (4543/7552)
Loss: 1.122 | Precision@1: 60.221% (4625/7680)
Loss: 1.118 | Precision@1: 60.438% (4719/7808)
Loss: 1.117 | Precision@1: 60.433% (4796/7936)
Loss: 1.114 | Precision@1: 60.503% (4879/8064)
Loss: 1.118 | Precision@1: 60.376% (4946/8192)
Loss: 1.116 | Precision@1: 60.433% (5028/8320)
Loss: 1.116 | Precision@1: 60.452% (5107/8448)
Loss: 1.117 | Precision@1: 60.459% (5185/8576)
Loss: 1.118 | Precision@1: 60.478% (5264/8704)
Loss: 1.118 | Precision@1: 60.496% (5343/8832)
Loss: 1.114 | Precision@1: 60.670% (5436/8960)
Loss: 1.113 | Precision@1: 60.761% (5522/9088)
Loss: 1.113 | Precision@1: 60.796% (5603/9216)
Loss: 1.114 | Precision@1: 60.713% (5673/9344)
Loss: 1.113 | Precision@1: 60.747% (5754/9472)
Loss: 1.112 | Precision@1: 60.771% (5834/9600)
Loss: 1.113 | Precision@1: 60.752% (5910/9728)
Loss: 1.111 | Precision@1: 60.887% (6001/9856)
Loss: 1.112 | Precision@1: 60.897% (6080/9984)
Loss: 1.112 | Precision@1: 60.819% (6150/10112)
Loss: 1.111 | Precision@1: 60.859% (6232/10240)
Loss: 1.111 | Precision@1: 60.880% (6312/10368)
Loss: 1.109 | Precision@1: 60.947% (6397/10496)
Loss: 1.106 | Precision@1: 61.022% (6483/10624)
Loss: 1.106 | Precision@1: 61.021% (6561/10752)
Loss: 1.107 | Precision@1: 60.993% (6636/10880)
Loss: 1.107 | Precision@1: 60.965% (6711/11008)
Loss: 1.110 | Precision@1: 60.848% (6776/11136)
Loss: 1.108 | Precision@1: 60.964% (6867/11264)
Loss: 1.108 | Precision@1: 60.902% (6938/11392)
Loss: 1.107 | Precision@1: 60.955% (7022/11520)
Loss: 1.106 | Precision@1: 60.963% (7101/11648)
Loss: 1.106 | Precision@1: 60.963% (7179/11776)
Loss: 1.106 | Precision@1: 60.971% (7258/11904)
Loss: 1.107 | Precision@1: 60.879% (7325/12032)
Loss: 1.110 | Precision@1: 60.806% (7394/12160)
Loss: 1.111 | Precision@1: 60.791% (7470/12288)
Loss: 1.112 | Precision@1: 60.736% (7541/12416)
Loss: 1.111 | Precision@1: 60.786% (7625/12544)
Loss: 1.110 | Precision@1: 60.772% (7701/12672)
Loss: 1.110 | Precision@1: 60.781% (7780/12800)
Loss: 1.110 | Precision@1: 60.775% (7857/12928)
Loss: 1.110 | Precision@1: 60.830% (7942/13056)
Loss: 1.110 | Precision@1: 60.824% (8019/13184)
Loss: 1.110 | Precision@1: 60.825% (8097/13312)
Loss: 1.109 | Precision@1: 60.863% (8180/13440)
Loss: 1.108 | Precision@1: 60.864% (8258/13568)
Loss: 1.110 | Precision@1: 60.799% (8327/13696)
Loss: 1.110 | Precision@1: 60.807% (8406/13824)
Loss: 1.110 | Precision@1: 60.801% (8483/13952)
Loss: 1.109 | Precision@1: 60.824% (8564/14080)
Loss: 1.109 | Precision@1: 60.818% (8641/14208)
Loss: 1.110 | Precision@1: 60.791% (8715/14336)
Loss: 1.109 | Precision@1: 60.792% (8793/14464)
Loss: 1.108 | Precision@1: 60.876% (8883/14592)
Loss: 1.107 | Precision@1: 60.924% (8968/14720)
Loss: 1.106 | Precision@1: 60.944% (9049/14848)
Loss: 1.106 | Precision@1: 60.998% (9135/14976)
Loss: 1.106 | Precision@1: 61.017% (9216/15104)
Loss: 1.106 | Precision@1: 61.016% (9294/15232)
Loss: 1.105 | Precision@1: 61.022% (9373/15360)
Loss: 1.105 | Precision@1: 61.041% (9454/15488)
Loss: 1.104 | Precision@1: 61.091% (9540/15616)
Loss: 1.105 | Precision@1: 61.071% (9615/15744)
Loss: 1.105 | Precision@1: 61.082% (9695/15872)
Loss: 1.105 | Precision@1: 61.081% (9773/16000)
Loss: 1.105 | Precision@1: 61.074% (9850/16128)
Loss: 1.104 | Precision@1: 61.073% (9928/16256)
Loss: 1.104 | Precision@1: 61.078% (10007/16384)
Loss: 1.104 | Precision@1: 61.101% (10089/16512)
Loss: 1.103 | Precision@1: 61.088% (10165/16640)
Loss: 1.103 | Precision@1: 61.075% (10241/16768)
Loss: 1.102 | Precision@1: 61.050% (10315/16896)
Loss: 1.101 | Precision@1: 61.078% (10398/17024)
Loss: 1.103 | Precision@1: 61.007% (10464/17152)
Loss: 1.104 | Precision@1: 60.961% (10534/17280)
Loss: 1.103 | Precision@1: 60.995% (10618/17408)
Loss: 1.102 | Precision@1: 61.057% (10707/17536)
Loss: 1.101 | Precision@1: 61.073% (10788/17664)
Loss: 1.101 | Precision@1: 61.078% (10867/17792)
Loss: 1.100 | Precision@1: 61.110% (10951/17920)
Loss: 1.100 | Precision@1: 61.120% (11031/18048)
Loss: 1.100 | Precision@1: 61.130% (11111/18176)
Loss: 1.100 | Precision@1: 61.151% (11193/18304)
Loss: 1.101 | Precision@1: 61.133% (11268/18432)
Loss: 1.100 | Precision@1: 61.110% (11342/18560)
Loss: 1.099 | Precision@1: 61.146% (11427/18688)
Loss: 1.099 | Precision@1: 61.139% (11504/18816)
Loss: 1.099 | Precision@1: 61.159% (11586/18944)
Loss: 1.099 | Precision@1: 61.132% (11659/19072)
Loss: 1.098 | Precision@1: 61.177% (11746/19200)
Loss: 1.098 | Precision@1: 61.150% (11819/19328)
Loss: 1.098 | Precision@1: 61.174% (11902/19456)
Loss: 1.097 | Precision@1: 61.218% (11989/19584)
Loss: 1.097 | Precision@1: 61.196% (12063/19712)
Loss: 1.097 | Precision@1: 61.215% (12145/19840)
Loss: 1.096 | Precision@1: 61.203% (12221/19968)
Loss: 1.097 | Precision@1: 61.191% (12297/20096)
Loss: 1.096 | Precision@1: 61.200% (12377/20224)
Loss: 1.096 | Precision@1: 61.213% (12458/20352)
Loss: 1.095 | Precision@1: 61.230% (12540/20480)
Loss: 1.095 | Precision@1: 61.243% (12621/20608)
Loss: 1.096 | Precision@1: 61.232% (12697/20736)
Loss: 1.095 | Precision@1: 61.235% (12776/20864)
Loss: 1.095 | Precision@1: 61.252% (12858/20992)
Loss: 1.094 | Precision@1: 61.222% (12930/21120)
Loss: 1.094 | Precision@1: 61.234% (13011/21248)
Loss: 1.093 | Precision@1: 61.256% (13094/21376)
Loss: 1.093 | Precision@1: 61.272% (13176/21504)
Loss: 1.091 | Precision@1: 61.307% (13262/21632)
Loss: 1.091 | Precision@1: 61.314% (13342/21760)
Loss: 1.090 | Precision@1: 61.321% (13422/21888)
Loss: 1.090 | Precision@1: 61.324% (13501/22016)
Loss: 1.090 | Precision@1: 61.326% (13580/22144)
Loss: 1.090 | Precision@1: 61.360% (13666/22272)
Loss: 1.089 | Precision@1: 61.371% (13747/22400)
Loss: 1.089 | Precision@1: 61.386% (13829/22528)
Loss: 1.088 | Precision@1: 61.414% (13914/22656)
Loss: 1.088 | Precision@1: 61.425% (13995/22784)
Loss: 1.088 | Precision@1: 61.409% (14070/22912)
Loss: 1.088 | Precision@1: 61.402% (14147/23040)
Loss: 1.088 | Precision@1: 61.425% (14231/23168)
Loss: 1.087 | Precision@1: 61.414% (14307/23296)
Loss: 1.087 | Precision@1: 61.433% (14390/23424)
Loss: 1.086 | Precision@1: 61.460% (14475/23552)
Loss: 1.086 | Precision@1: 61.461% (14554/23680)
Loss: 1.086 | Precision@1: 61.442% (14628/23808)
Loss: 1.086 | Precision@1: 61.439% (14706/23936)
Loss: 1.085 | Precision@1: 61.457% (14789/24064)
Loss: 1.084 | Precision@1: 61.504% (14879/24192)
Loss: 1.084 | Precision@1: 61.530% (14964/24320)
Loss: 1.082 | Precision@1: 61.600% (15060/24448)
Loss: 1.080 | Precision@1: 61.658% (15153/24576)
Loss: 1.080 | Precision@1: 61.690% (15240/24704)
Loss: 1.080 | Precision@1: 61.703% (15322/24832)
Loss: 1.080 | Precision@1: 61.699% (15400/24960)
Loss: 1.080 | Precision@1: 61.723% (15485/25088)
Loss: 1.079 | Precision@1: 61.735% (15567/25216)
Loss: 1.078 | Precision@1: 61.766% (15654/25344)
Loss: 1.078 | Precision@1: 61.758% (15731/25472)
Loss: 1.078 | Precision@1: 61.754% (15809/25600)
Loss: 1.078 | Precision@1: 61.746% (15886/25728)
Loss: 1.078 | Precision@1: 61.734% (15962/25856)
Loss: 1.078 | Precision@1: 61.715% (16036/25984)
Loss: 1.079 | Precision@1: 61.700% (16111/26112)
Loss: 1.078 | Precision@1: 61.707% (16192/26240)
Loss: 1.078 | Precision@1: 61.704% (16270/26368)
Loss: 1.079 | Precision@1: 61.696% (16347/26496)
Loss: 1.079 | Precision@1: 61.689% (16424/26624)
Loss: 1.079 | Precision@1: 61.637% (16489/26752)
Loss: 1.078 | Precision@1: 61.663% (16575/26880)
Loss: 1.078 | Precision@1: 61.652% (16651/27008)
Loss: 1.077 | Precision@1: 61.693% (16741/27136)
Loss: 1.078 | Precision@1: 61.689% (16819/27264)
Loss: 1.077 | Precision@1: 61.671% (16893/27392)
Loss: 1.077 | Precision@1: 61.679% (16974/27520)
Loss: 1.076 | Precision@1: 61.715% (17063/27648)
Loss: 1.075 | Precision@1: 61.740% (17149/27776)
Loss: 1.075 | Precision@1: 61.730% (17225/27904)
Loss: 1.075 | Precision@1: 61.751% (17310/28032)
Loss: 1.074 | Precision@1: 61.779% (17397/28160)
Loss: 1.074 | Precision@1: 61.772% (17474/28288)
Loss: 1.075 | Precision@1: 61.764% (17551/28416)
Loss: 1.074 | Precision@1: 61.792% (17638/28544)
Loss: 1.074 | Precision@1: 61.809% (17722/28672)
Loss: 1.075 | Precision@1: 61.785% (17794/28800)
Loss: 1.074 | Precision@1: 61.788% (17874/28928)
Loss: 1.074 | Precision@1: 61.777% (17950/29056)
Loss: 1.073 | Precision@1: 61.794% (18034/29184)
Loss: 1.072 | Precision@1: 61.790% (18112/29312)
Loss: 1.072 | Precision@1: 61.787% (18190/29440)
Loss: 1.072 | Precision@1: 61.797% (18272/29568)
Loss: 1.072 | Precision@1: 61.813% (18356/29696)
Loss: 1.072 | Precision@1: 61.806% (18433/29824)
Loss: 1.072 | Precision@1: 61.826% (18518/29952)
Loss: 1.071 | Precision@1: 61.845% (18603/30080)
Loss: 1.071 | Precision@1: 61.848% (18683/30208)
Loss: 1.071 | Precision@1: 61.814% (18752/30336)
Loss: 1.072 | Precision@1: 61.791% (18824/30464)
Loss: 1.071 | Precision@1: 61.791% (18903/30592)
Loss: 1.071 | Precision@1: 61.803% (18986/30720)
Loss: 1.072 | Precision@1: 61.780% (19058/30848)
Loss: 1.072 | Precision@1: 61.783% (19138/30976)
Loss: 1.071 | Precision@1: 61.822% (19229/31104)
Loss: 1.071 | Precision@1: 61.831% (19311/31232)
Loss: 1.071 | Precision@1: 61.840% (19393/31360)
Loss: 1.071 | Precision@1: 61.858% (19478/31488)
Loss: 1.071 | Precision@1: 61.871% (19561/31616)
Loss: 1.070 | Precision@1: 61.873% (19641/31744)
Loss: 1.070 | Precision@1: 61.876% (19721/31872)
Loss: 1.069 | Precision@1: 61.869% (19798/32000)
Loss: 1.069 | Precision@1: 61.831% (19865/32128)
Loss: 1.070 | Precision@1: 61.827% (19943/32256)
Loss: 1.070 | Precision@1: 61.842% (20027/32384)
Loss: 1.070 | Precision@1: 61.814% (20097/32512)
Loss: 1.069 | Precision@1: 61.841% (20185/32640)
Loss: 1.069 | Precision@1: 61.862% (20271/32768)
Loss: 1.069 | Precision@1: 61.846% (20345/32896)
Loss: 1.069 | Precision@1: 61.855% (20427/33024)
Loss: 1.069 | Precision@1: 61.864% (20509/33152)
Loss: 1.069 | Precision@1: 61.854% (20585/33280)
Loss: 1.069 | Precision@1: 61.883% (20674/33408)
Loss: 1.069 | Precision@1: 61.880% (20752/33536)
Loss: 1.068 | Precision@1: 61.897% (20837/33664)
Loss: 1.068 | Precision@1: 61.896% (20916/33792)
Loss: 1.068 | Precision@1: 61.887% (20992/33920)
Loss: 1.068 | Precision@1: 61.910% (21079/34048)
Loss: 1.067 | Precision@1: 61.924% (21163/34176)
Loss: 1.067 | Precision@1: 61.934% (21246/34304)
Loss: 1.067 | Precision@1: 61.942% (21328/34432)
Loss: 1.067 | Precision@1: 61.916% (21398/34560)
Loss: 1.067 | Precision@1: 61.915% (21477/34688)
Loss: 1.066 | Precision@1: 61.937% (21564/34816)
Loss: 1.066 | Precision@1: 61.945% (21646/34944)
Loss: 1.066 | Precision@1: 61.935% (21722/35072)
Loss: 1.065 | Precision@1: 61.955% (21808/35200)
Loss: 1.065 | Precision@1: 61.951% (21886/35328)
Loss: 1.065 | Precision@1: 61.970% (21972/35456)
Loss: 1.064 | Precision@1: 61.991% (22059/35584)
Loss: 1.064 | Precision@1: 61.982% (22135/35712)
Loss: 1.064 | Precision@1: 62.012% (22225/35840)
Loss: 1.063 | Precision@1: 62.033% (22312/35968)
Loss: 1.062 | Precision@1: 62.060% (22401/36096)
Loss: 1.062 | Precision@1: 62.064% (22482/36224)
Loss: 1.062 | Precision@1: 62.074% (22565/36352)
Loss: 1.062 | Precision@1: 62.081% (22647/36480)
Loss: 1.061 | Precision@1: 62.098% (22733/36608)
Loss: 1.060 | Precision@1: 62.113% (22818/36736)
Loss: 1.060 | Precision@1: 62.118% (22899/36864)
Loss: 1.059 | Precision@1: 62.135% (22985/36992)
Loss: 1.059 | Precision@1: 62.144% (23068/37120)
Loss: 1.059 | Precision@1: 62.170% (23157/37248)
Loss: 1.058 | Precision@1: 62.184% (23242/37376)
Loss: 1.058 | Precision@1: 62.201% (23328/37504)
Loss: 1.058 | Precision@1: 62.237% (23421/37632)
Loss: 1.057 | Precision@1: 62.233% (23499/37760)
Loss: 1.057 | Precision@1: 62.236% (23580/37888)
Loss: 1.057 | Precision@1: 62.237% (23660/38016)
Loss: 1.057 | Precision@1: 62.230% (23737/38144)
Loss: 1.056 | Precision@1: 62.267% (23831/38272)
Loss: 1.056 | Precision@1: 62.276% (23914/38400)
Loss: 1.055 | Precision@1: 62.285% (23997/38528)
Loss: 1.055 | Precision@1: 62.301% (24083/38656)
Loss: 1.055 | Precision@1: 62.301% (24163/38784)
Loss: 1.055 | Precision@1: 62.310% (24246/38912)
Loss: 1.054 | Precision@1: 62.331% (24334/39040)
Loss: 1.054 | Precision@1: 62.349% (24421/39168)
Loss: 1.054 | Precision@1: 62.363% (24506/39296)
Loss: 1.054 | Precision@1: 62.373% (24590/39424)
Loss: 1.053 | Precision@1: 62.394% (24678/39552)
Loss: 1.053 | Precision@1: 62.394% (24758/39680)
Loss: 1.052 | Precision@1: 62.425% (24850/39808)
Loss: 1.052 | Precision@1: 62.440% (24936/39936)
Loss: 1.052 | Precision@1: 62.435% (25014/40064)
Loss: 1.051 | Precision@1: 62.455% (25102/40192)
Loss: 1.050 | Precision@1: 62.470% (25188/40320)
Loss: 1.050 | Precision@1: 62.465% (25266/40448)
Loss: 1.050 | Precision@1: 62.480% (25352/40576)
Loss: 1.050 | Precision@1: 62.505% (25442/40704)
Loss: 1.049 | Precision@1: 62.527% (25531/40832)
Loss: 1.049 | Precision@1: 62.517% (25607/40960)
Loss: 1.050 | Precision@1: 62.510% (25684/41088)
Loss: 1.049 | Precision@1: 62.527% (25771/41216)
Loss: 1.049 | Precision@1: 62.551% (25861/41344)
Loss: 1.048 | Precision@1: 62.543% (25938/41472)
Loss: 1.049 | Precision@1: 62.524% (26010/41600)
Loss: 1.048 | Precision@1: 62.541% (26097/41728)
Loss: 1.048 | Precision@1: 62.533% (26174/41856)
Loss: 1.048 | Precision@1: 62.555% (26263/41984)
Loss: 1.048 | Precision@1: 62.559% (26345/42112)
Loss: 1.047 | Precision@1: 62.592% (26439/42240)
Loss: 1.047 | Precision@1: 62.611% (26527/42368)
Loss: 1.047 | Precision@1: 62.620% (26611/42496)
Loss: 1.046 | Precision@1: 62.629% (26695/42624)
Loss: 1.046 | Precision@1: 62.638% (26779/42752)
Loss: 1.045 | Precision@1: 62.675% (26875/42880)
Loss: 1.046 | Precision@1: 62.656% (26947/43008)
Loss: 1.045 | Precision@1: 62.679% (27037/43136)
Loss: 1.045 | Precision@1: 62.687% (27121/43264)
Loss: 1.044 | Precision@1: 62.717% (27214/43392)
Loss: 1.044 | Precision@1: 62.730% (27300/43520)
Loss: 1.043 | Precision@1: 62.745% (27387/43648)
Loss: 1.043 | Precision@1: 62.774% (27480/43776)
Loss: 1.043 | Precision@1: 62.801% (27572/43904)
Loss: 1.043 | Precision@1: 62.798% (27651/44032)
Loss: 1.043 | Precision@1: 62.803% (27734/44160)
Loss: 1.042 | Precision@1: 62.814% (27819/44288)
Loss: 1.042 | Precision@1: 62.806% (27896/44416)
Loss: 1.042 | Precision@1: 62.841% (27992/44544)
Loss: 1.041 | Precision@1: 62.869% (28085/44672)
Loss: 1.041 | Precision@1: 62.895% (28177/44800)
Loss: 1.041 | Precision@1: 62.910% (28264/44928)
Loss: 1.040 | Precision@1: 62.911% (28345/45056)
Loss: 1.040 | Precision@1: 62.936% (28437/45184)
Loss: 1.039 | Precision@1: 62.937% (28518/45312)
Loss: 1.039 | Precision@1: 62.956% (28607/45440)
Loss: 1.039 | Precision@1: 62.965% (28692/45568)
Loss: 1.038 | Precision@1: 62.977% (28778/45696)
Loss: 1.038 | Precision@1: 62.991% (28865/45824)
Loss: 1.037 | Precision@1: 63.022% (28960/45952)
Loss: 1.036 | Precision@1: 63.058% (29057/46080)
Loss: 1.036 | Precision@1: 63.063% (29140/46208)
Loss: 1.035 | Precision@1: 63.081% (29229/46336)
Loss: 1.036 | Precision@1: 63.079% (29309/46464)
Loss: 1.035 | Precision@1: 63.090% (29395/46592)
Loss: 1.035 | Precision@1: 63.099% (29480/46720)
Loss: 1.034 | Precision@1: 63.117% (29569/46848)
Loss: 1.034 | Precision@1: 63.136% (29659/46976)
Loss: 1.034 | Precision@1: 63.145% (29744/47104)
Loss: 1.033 | Precision@1: 63.171% (29837/47232)
Loss: 1.033 | Precision@1: 63.169% (29917/47360)
Loss: 1.032 | Precision@1: 63.186% (30006/47488)
Loss: 1.032 | Precision@1: 63.176% (30082/47616)
Loss: 1.032 | Precision@1: 63.181% (30165/47744)
Loss: 1.032 | Precision@1: 63.198% (30254/47872)
Loss: 1.031 | Precision@1: 63.200% (30336/48000)
Loss: 1.031 | Precision@1: 63.219% (30426/48128)
Loss: 1.031 | Precision@1: 63.215% (30505/48256)
Loss: 1.031 | Precision@1: 63.240% (30598/48384)
Loss: 1.030 | Precision@1: 63.252% (30685/48512)
Loss: 1.030 | Precision@1: 63.261% (30770/48640)
Loss: 1.030 | Precision@1: 63.269% (30855/48768)
Loss: 1.029 | Precision@1: 63.287% (30945/48896)
Loss: 1.029 | Precision@1: 63.289% (31027/49024)
Loss: 1.029 | Precision@1: 63.302% (31114/49152)
Loss: 1.029 | Precision@1: 63.310% (31199/49280)
Loss: 1.028 | Precision@1: 63.322% (31286/49408)
Loss: 1.028 | Precision@1: 63.342% (31377/49536)
Loss: 1.028 | Precision@1: 63.338% (31456/49664)
Loss: 1.027 | Precision@1: 63.339% (31538/49792)
Loss: 1.027 | Precision@1: 63.351% (31625/49920)
Loss: 1.027 | Precision@1: 63.362% (31681/50000)

Aggregates: 			
 	 DataLoader Time: 0.3977 			
 	 Mini-batch Time: 14.0337 			
 	 Training Epoch Time: 30.3589
 			
 Averages: 			
 	 Training Loss: 1.0270

 Test set Averages: Loss: 1.054 | Precision@1: 62.740% (6274/10000)

Epoch: 2
Loss: 0.929 | Precision@1: 63.281% (81/128)
Loss: 0.965 | Precision@1: 65.234% (167/256)
Loss: 1.000 | Precision@1: 64.583% (248/384)
Loss: 1.017 | Precision@1: 64.062% (328/512)
Loss: 0.999 | Precision@1: 64.688% (414/640)
Loss: 0.980 | Precision@1: 64.974% (499/768)
Loss: 0.964 | Precision@1: 65.513% (587/896)
Loss: 0.953 | Precision@1: 66.211% (678/1024)
Loss: 0.952 | Precision@1: 66.233% (763/1152)
Loss: 0.938 | Precision@1: 66.562% (852/1280)
Loss: 0.930 | Precision@1: 66.761% (940/1408)
Loss: 0.916 | Precision@1: 67.253% (1033/1536)
Loss: 0.915 | Precision@1: 67.488% (1123/1664)
Loss: 0.915 | Precision@1: 67.188% (1204/1792)
Loss: 0.910 | Precision@1: 67.604% (1298/1920)
Loss: 0.909 | Precision@1: 67.578% (1384/2048)
Loss: 0.908 | Precision@1: 67.325% (1465/2176)
Loss: 0.913 | Precision@1: 67.144% (1547/2304)
Loss: 0.914 | Precision@1: 67.311% (1637/2432)
Loss: 0.905 | Precision@1: 67.734% (1734/2560)
Loss: 0.903 | Precision@1: 67.820% (1823/2688)
Loss: 0.911 | Precision@1: 67.365% (1897/2816)
Loss: 0.906 | Precision@1: 67.663% (1992/2944)
Loss: 0.899 | Precision@1: 67.871% (2085/3072)
Loss: 0.894 | Precision@1: 68.188% (2182/3200)
Loss: 0.892 | Precision@1: 68.359% (2275/3328)
Loss: 0.893 | Precision@1: 68.316% (2361/3456)
Loss: 0.898 | Precision@1: 68.220% (2445/3584)
Loss: 0.896 | Precision@1: 68.157% (2530/3712)
Loss: 0.893 | Precision@1: 68.203% (2619/3840)
Loss: 0.893 | Precision@1: 68.246% (2708/3968)
Loss: 0.891 | Precision@1: 68.359% (2800/4096)
Loss: 0.896 | Precision@1: 67.992% (2872/4224)
Loss: 0.894 | Precision@1: 68.153% (2966/4352)
Loss: 0.893 | Precision@1: 68.170% (3054/4480)
Loss: 0.890 | Precision@1: 68.294% (3147/4608)
Loss: 0.887 | Precision@1: 68.497% (3244/4736)
Loss: 0.891 | Precision@1: 68.442% (3329/4864)
Loss: 0.892 | Precision@1: 68.309% (3410/4992)
Loss: 0.891 | Precision@1: 68.320% (3498/5120)
Loss: 0.889 | Precision@1: 68.388% (3589/5248)
Loss: 0.890 | Precision@1: 68.378% (3676/5376)
Loss: 0.895 | Precision@1: 68.259% (3757/5504)
Loss: 0.898 | Precision@1: 68.253% (3844/5632)
Loss: 0.897 | Precision@1: 68.368% (3938/5760)
Loss: 0.894 | Precision@1: 68.478% (4032/5888)
Loss: 0.894 | Precision@1: 68.434% (4117/6016)
Loss: 0.891 | Precision@1: 68.604% (4215/6144)
Loss: 0.890 | Precision@1: 68.575% (4301/6272)
Loss: 0.891 | Precision@1: 68.516% (4385/6400)
Loss: 0.888 | Precision@1: 68.689% (4484/6528)
Loss: 0.888 | Precision@1: 68.735% (4575/6656)
Loss: 0.885 | Precision@1: 68.868% (4672/6784)
Loss: 0.887 | Precision@1: 68.866% (4760/6912)
Loss: 0.888 | Precision@1: 68.849% (4847/7040)
Loss: 0.887 | Precision@1: 68.973% (4944/7168)
Loss: 0.888 | Precision@1: 68.983% (5033/7296)
Loss: 0.888 | Precision@1: 68.992% (5122/7424)
Loss: 0.889 | Precision@1: 68.896% (5203/7552)
Loss: 0.886 | Precision@1: 69.049% (5303/7680)
Loss: 0.885 | Precision@1: 69.109% (5396/7808)
Loss: 0.887 | Precision@1: 68.964% (5473/7936)
Loss: 0.887 | Precision@1: 68.899% (5556/8064)
Loss: 0.888 | Precision@1: 68.872% (5642/8192)
Loss: 0.887 | Precision@1: 68.918% (5734/8320)
Loss: 0.888 | Precision@1: 68.880% (5819/8448)
Loss: 0.888 | Precision@1: 68.843% (5904/8576)
Loss: 0.888 | Precision@1: 68.876% (5995/8704)
Loss: 0.891 | Precision@1: 68.818% (6078/8832)
Loss: 0.891 | Precision@1: 68.772% (6162/8960)
Loss: 0.890 | Precision@1: 68.783% (6251/9088)
Loss: 0.888 | Precision@1: 68.783% (6339/9216)
Loss: 0.886 | Precision@1: 68.911% (6439/9344)
Loss: 0.886 | Precision@1: 68.940% (6530/9472)
Loss: 0.885 | Precision@1: 69.010% (6625/9600)
Loss: 0.887 | Precision@1: 68.904% (6703/9728)
Loss: 0.886 | Precision@1: 68.933% (6794/9856)
Loss: 0.885 | Precision@1: 68.940% (6883/9984)
Loss: 0.888 | Precision@1: 68.839% (6961/10112)
Loss: 0.890 | Precision@1: 68.760% (7041/10240)
Loss: 0.892 | Precision@1: 68.702% (7123/10368)
Loss: 0.893 | Precision@1: 68.702% (7211/10496)
Loss: 0.895 | Precision@1: 68.609% (7289/10624)
Loss: 0.894 | Precision@1: 68.620% (7378/10752)
Loss: 0.894 | Precision@1: 68.640% (7468/10880)
Loss: 0.893 | Precision@1: 68.677% (7560/11008)
Loss: 0.892 | Precision@1: 68.687% (7649/11136)
Loss: 0.891 | Precision@1: 68.670% (7735/11264)
Loss: 0.892 | Precision@1: 68.636% (7819/11392)
Loss: 0.891 | Precision@1: 68.594% (7902/11520)
Loss: 0.891 | Precision@1: 68.621% (7993/11648)
Loss: 0.890 | Precision@1: 68.708% (8091/11776)
Loss: 0.889 | Precision@1: 68.725% (8181/11904)
Loss: 0.889 | Precision@1: 68.675% (8263/12032)
Loss: 0.888 | Precision@1: 68.701% (8354/12160)
Loss: 0.887 | Precision@1: 68.742% (8447/12288)
Loss: 0.887 | Precision@1: 68.742% (8535/12416)
Loss: 0.888 | Precision@1: 68.702% (8618/12544)
Loss: 0.887 | Precision@1: 68.695% (8705/12672)
Loss: 0.887 | Precision@1: 68.680% (8791/12800)
Loss: 0.888 | Precision@1: 68.649% (8875/12928)
Loss: 0.887 | Precision@1: 68.712% (8971/13056)
Loss: 0.888 | Precision@1: 68.682% (9055/13184)
Loss: 0.887 | Precision@1: 68.727% (9149/13312)
Loss: 0.887 | Precision@1: 68.683% (9231/13440)
Loss: 0.887 | Precision@1: 68.721% (9324/13568)
Loss: 0.885 | Precision@1: 68.765% (9418/13696)
Loss: 0.885 | Precision@1: 68.786% (9509/13824)
Loss: 0.884 | Precision@1: 68.815% (9601/13952)
Loss: 0.883 | Precision@1: 68.821% (9690/14080)
Loss: 0.884 | Precision@1: 68.827% (9779/14208)
Loss: 0.883 | Precision@1: 68.862% (9872/14336)
Loss: 0.883 | Precision@1: 68.874% (9962/14464)
Loss: 0.881 | Precision@1: 68.935% (10059/14592)
Loss: 0.880 | Precision@1: 68.954% (10150/14720)
Loss: 0.882 | Precision@1: 68.885% (10228/14848)
Loss: 0.881 | Precision@1: 68.924% (10322/14976)
Loss: 0.883 | Precision@1: 68.869% (10402/15104)
Loss: 0.882 | Precision@1: 68.934% (10500/15232)
Loss: 0.881 | Precision@1: 68.971% (10594/15360)
Loss: 0.881 | Precision@1: 68.963% (10681/15488)
Loss: 0.881 | Precision@1: 68.961% (10769/15616)
Loss: 0.880 | Precision@1: 68.960% (10857/15744)
Loss: 0.880 | Precision@1: 68.945% (10943/15872)
Loss: 0.880 | Precision@1: 68.981% (11037/16000)
Loss: 0.880 | Precision@1: 69.010% (11130/16128)
Loss: 0.879 | Precision@1: 69.008% (11218/16256)
Loss: 0.880 | Precision@1: 69.006% (11306/16384)
Loss: 0.880 | Precision@1: 69.023% (11397/16512)
Loss: 0.882 | Precision@1: 68.942% (11472/16640)
Loss: 0.882 | Precision@1: 68.935% (11559/16768)
Loss: 0.883 | Precision@1: 68.922% (11645/16896)
Loss: 0.882 | Precision@1: 68.944% (11737/17024)
Loss: 0.881 | Precision@1: 68.972% (11830/17152)
Loss: 0.880 | Precision@1: 69.016% (11926/17280)
Loss: 0.882 | Precision@1: 68.957% (12004/17408)
Loss: 0.881 | Precision@1: 68.984% (12097/17536)
Loss: 0.880 | Precision@1: 68.976% (12184/17664)
Loss: 0.881 | Precision@1: 68.924% (12263/17792)
Loss: 0.881 | Precision@1: 68.956% (12357/17920)
Loss: 0.881 | Precision@1: 68.922% (12439/18048)
Loss: 0.882 | Precision@1: 68.877% (12519/18176)
Loss: 0.882 | Precision@1: 68.898% (12611/18304)
Loss: 0.882 | Precision@1: 68.929% (12705/18432)
Loss: 0.882 | Precision@1: 68.895% (12787/18560)
Loss: 0.882 | Precision@1: 68.889% (12874/18688)
Loss: 0.883 | Precision@1: 68.893% (12963/18816)
Loss: 0.882 | Precision@1: 68.951% (13062/18944)
Loss: 0.880 | Precision@1: 69.002% (13160/19072)
Loss: 0.880 | Precision@1: 69.021% (13252/19200)
Loss: 0.879 | Precision@1: 69.060% (13348/19328)
Loss: 0.879 | Precision@1: 69.053% (13435/19456)
Loss: 0.878 | Precision@1: 69.097% (13532/19584)
Loss: 0.878 | Precision@1: 69.095% (13620/19712)
Loss: 0.878 | Precision@1: 69.098% (13709/19840)
Loss: 0.878 | Precision@1: 69.086% (13795/19968)
Loss: 0.877 | Precision@1: 69.118% (13890/20096)
Loss: 0.877 | Precision@1: 69.121% (13979/20224)
Loss: 0.877 | Precision@1: 69.104% (14064/20352)
Loss: 0.877 | Precision@1: 69.062% (14144/20480)
Loss: 0.878 | Precision@1: 69.056% (14231/20608)
Loss: 0.878 | Precision@1: 69.063% (14321/20736)
Loss: 0.880 | Precision@1: 68.994% (14395/20864)
Loss: 0.879 | Precision@1: 69.007% (14486/20992)
Loss: 0.879 | Precision@1: 68.954% (14563/21120)
Loss: 0.879 | Precision@1: 68.985% (14658/21248)
Loss: 0.880 | Precision@1: 68.965% (14742/21376)
Loss: 0.880 | Precision@1: 68.941% (14825/21504)
Loss: 0.880 | Precision@1: 68.953% (14916/21632)
Loss: 0.880 | Precision@1: 68.957% (15005/21760)
Loss: 0.880 | Precision@1: 68.978% (15098/21888)
Loss: 0.880 | Precision@1: 68.973% (15185/22016)
Loss: 0.880 | Precision@1: 68.958% (15270/22144)
Loss: 0.879 | Precision@1: 69.001% (15368/22272)
Loss: 0.879 | Precision@1: 68.996% (15455/22400)
Loss: 0.879 | Precision@1: 69.039% (15553/22528)
Loss: 0.879 | Precision@1: 69.046% (15643/22656)
Loss: 0.879 | Precision@1: 69.027% (15727/22784)
Loss: 0.879 | Precision@1: 69.016% (15813/22912)
Loss: 0.879 | Precision@1: 69.023% (15903/23040)
Loss: 0.880 | Precision@1: 69.035% (15994/23168)
Loss: 0.879 | Precision@1: 69.020% (16079/23296)
Loss: 0.879 | Precision@1: 69.019% (16167/23424)
Loss: 0.880 | Precision@1: 69.030% (16258/23552)
Loss: 0.879 | Precision@1: 69.046% (16350/23680)
Loss: 0.878 | Precision@1: 69.061% (16442/23808)
Loss: 0.878 | Precision@1: 69.063% (16531/23936)
Loss: 0.878 | Precision@1: 69.070% (16621/24064)
Loss: 0.878 | Precision@1: 69.077% (16711/24192)
Loss: 0.878 | Precision@1: 69.095% (16804/24320)
Loss: 0.878 | Precision@1: 69.085% (16890/24448)
Loss: 0.879 | Precision@1: 69.080% (16977/24576)
Loss: 0.879 | Precision@1: 69.074% (17064/24704)
Loss: 0.878 | Precision@1: 69.068% (17151/24832)
Loss: 0.878 | Precision@1: 69.091% (17245/24960)
Loss: 0.878 | Precision@1: 69.105% (17337/25088)
Loss: 0.878 | Precision@1: 69.131% (17432/25216)
Loss: 0.878 | Precision@1: 69.137% (17522/25344)
Loss: 0.878 | Precision@1: 69.139% (17611/25472)
Loss: 0.877 | Precision@1: 69.152% (17703/25600)
Loss: 0.877 | Precision@1: 69.162% (17794/25728)
Loss: 0.877 | Precision@1: 69.195% (17891/25856)
Loss: 0.878 | Precision@1: 69.189% (17978/25984)
Loss: 0.877 | Precision@1: 69.213% (18073/26112)
Loss: 0.876 | Precision@1: 69.245% (18170/26240)
Loss: 0.876 | Precision@1: 69.254% (18261/26368)
Loss: 0.875 | Precision@1: 69.267% (18353/26496)
Loss: 0.876 | Precision@1: 69.246% (18436/26624)
Loss: 0.875 | Precision@1: 69.258% (18528/26752)
Loss: 0.876 | Precision@1: 69.282% (18623/26880)
Loss: 0.876 | Precision@1: 69.291% (18714/27008)
Loss: 0.876 | Precision@1: 69.295% (18804/27136)
Loss: 0.875 | Precision@1: 69.322% (18900/27264)
Loss: 0.875 | Precision@1: 69.345% (18995/27392)
Loss: 0.874 | Precision@1: 69.375% (19092/27520)
Loss: 0.873 | Precision@1: 69.405% (19189/27648)
Loss: 0.874 | Precision@1: 69.394% (19275/27776)
Loss: 0.874 | Precision@1: 69.399% (19365/27904)
Loss: 0.874 | Precision@1: 69.389% (19451/28032)
Loss: 0.873 | Precision@1: 69.418% (19548/28160)
Loss: 0.872 | Precision@1: 69.436% (19642/28288)
Loss: 0.873 | Precision@1: 69.405% (19722/28416)
Loss: 0.873 | Precision@1: 69.416% (19814/28544)
Loss: 0.873 | Precision@1: 69.413% (19902/28672)
Loss: 0.872 | Precision@1: 69.434% (19997/28800)
Loss: 0.872 | Precision@1: 69.448% (20090/28928)
Loss: 0.872 | Precision@1: 69.449% (20179/29056)
Loss: 0.871 | Precision@1: 69.449% (20268/29184)
Loss: 0.871 | Precision@1: 69.466% (20362/29312)
Loss: 0.871 | Precision@1: 69.480% (20455/29440)
Loss: 0.871 | Precision@1: 69.474% (20542/29568)
Loss: 0.871 | Precision@1: 69.481% (20633/29696)
Loss: 0.871 | Precision@1: 69.494% (20726/29824)
Loss: 0.870 | Precision@1: 69.525% (20824/29952)
Loss: 0.870 | Precision@1: 69.541% (20918/30080)
Loss: 0.869 | Precision@1: 69.535% (21005/30208)
Loss: 0.869 | Precision@1: 69.558% (21101/30336)
Loss: 0.869 | Precision@1: 69.590% (21200/30464)
Loss: 0.869 | Precision@1: 69.606% (21294/30592)
Loss: 0.868 | Precision@1: 69.629% (21390/30720)
Loss: 0.867 | Precision@1: 69.648% (21485/30848)
Loss: 0.867 | Precision@1: 69.667% (21580/30976)
Loss: 0.866 | Precision@1: 69.695% (21678/31104)
Loss: 0.866 | Precision@1: 69.704% (21770/31232)
Loss: 0.866 | Precision@1: 69.694% (21856/31360)
Loss: 0.866 | Precision@1: 69.709% (21950/31488)
Loss: 0.866 | Precision@1: 69.699% (22036/31616)
Loss: 0.866 | Precision@1: 69.679% (22119/31744)
Loss: 0.866 | Precision@1: 69.704% (22216/31872)
Loss: 0.866 | Precision@1: 69.725% (22312/32000)
Loss: 0.865 | Precision@1: 69.730% (22403/32128)
Loss: 0.865 | Precision@1: 69.745% (22497/32256)
Loss: 0.865 | Precision@1: 69.738% (22584/32384)
Loss: 0.864 | Precision@1: 69.768% (22683/32512)
Loss: 0.864 | Precision@1: 69.804% (22784/32640)
Loss: 0.863 | Precision@1: 69.824% (22880/32768)
Loss: 0.863 | Precision@1: 69.826% (22970/32896)
Loss: 0.863 | Precision@1: 69.822% (23058/33024)
Loss: 0.863 | Precision@1: 69.836% (23152/33152)
Loss: 0.862 | Precision@1: 69.838% (23242/33280)
Loss: 0.862 | Precision@1: 69.846% (23334/33408)
Loss: 0.861 | Precision@1: 69.877% (23434/33536)
Loss: 0.860 | Precision@1: 69.903% (23532/33664)
Loss: 0.860 | Precision@1: 69.901% (23621/33792)
Loss: 0.860 | Precision@1: 69.917% (23716/33920)
Loss: 0.860 | Precision@1: 69.907% (23802/34048)
Loss: 0.860 | Precision@1: 69.920% (23896/34176)
Loss: 0.859 | Precision@1: 69.939% (23992/34304)
Loss: 0.859 | Precision@1: 69.920% (24075/34432)
Loss: 0.859 | Precision@1: 69.936% (24170/34560)
Loss: 0.859 | Precision@1: 69.923% (24255/34688)
Loss: 0.859 | Precision@1: 69.908% (24339/34816)
Loss: 0.859 | Precision@1: 69.918% (24432/34944)
Loss: 0.860 | Precision@1: 69.928% (24525/35072)
Loss: 0.858 | Precision@1: 69.963% (24627/35200)
Loss: 0.858 | Precision@1: 69.976% (24721/35328)
Loss: 0.858 | Precision@1: 69.963% (24806/35456)
Loss: 0.858 | Precision@1: 69.972% (24899/35584)
Loss: 0.858 | Precision@1: 69.971% (24988/35712)
Loss: 0.858 | Precision@1: 69.975% (25079/35840)
Loss: 0.858 | Precision@1: 69.987% (25173/35968)
Loss: 0.858 | Precision@1: 69.997% (25266/36096)
Loss: 0.858 | Precision@1: 70.003% (25358/36224)
Loss: 0.858 | Precision@1: 69.993% (25444/36352)
Loss: 0.858 | Precision@1: 70.008% (25539/36480)
Loss: 0.858 | Precision@1: 70.015% (25631/36608)
Loss: 0.857 | Precision@1: 70.024% (25724/36736)
Loss: 0.857 | Precision@1: 70.041% (25820/36864)
Loss: 0.856 | Precision@1: 70.045% (25911/36992)
Loss: 0.856 | Precision@1: 70.054% (26004/37120)
Loss: 0.856 | Precision@1: 70.063% (26097/37248)
Loss: 0.856 | Precision@1: 70.064% (26187/37376)
Loss: 0.856 | Precision@1: 70.062% (26276/37504)
Loss: 0.855 | Precision@1: 70.068% (26368/37632)
Loss: 0.854 | Precision@1: 70.093% (26467/37760)
Loss: 0.854 | Precision@1: 70.096% (26558/37888)
Loss: 0.855 | Precision@1: 70.086% (26644/38016)
Loss: 0.854 | Precision@1: 70.082% (26732/38144)
Loss: 0.854 | Precision@1: 70.101% (26829/38272)
Loss: 0.854 | Precision@1: 70.099% (26918/38400)
Loss: 0.853 | Precision@1: 70.128% (27019/38528)
Loss: 0.853 | Precision@1: 70.131% (27110/38656)
Loss: 0.853 | Precision@1: 70.132% (27200/38784)
Loss: 0.853 | Precision@1: 70.112% (27282/38912)
Loss: 0.852 | Precision@1: 70.126% (27377/39040)
Loss: 0.852 | Precision@1: 70.141% (27473/39168)
Loss: 0.852 | Precision@1: 70.137% (27561/39296)
Loss: 0.851 | Precision@1: 70.153% (27657/39424)
Loss: 0.851 | Precision@1: 70.166% (27752/39552)
Loss: 0.851 | Precision@1: 70.166% (27842/39680)
Loss: 0.851 | Precision@1: 70.152% (27926/39808)
Loss: 0.851 | Precision@1: 70.142% (28012/39936)
Loss: 0.851 | Precision@1: 70.138% (28100/40064)
Loss: 0.850 | Precision@1: 70.156% (28197/40192)
Loss: 0.851 | Precision@1: 70.151% (28285/40320)
Loss: 0.850 | Precision@1: 70.149% (28374/40448)
Loss: 0.850 | Precision@1: 70.155% (28466/40576)
Loss: 0.851 | Precision@1: 70.150% (28554/40704)
Loss: 0.850 | Precision@1: 70.173% (28653/40832)
Loss: 0.850 | Precision@1: 70.186% (28748/40960)
Loss: 0.850 | Precision@1: 70.188% (28839/41088)
Loss: 0.850 | Precision@1: 70.174% (28923/41216)
Loss: 0.850 | Precision@1: 70.175% (29013/41344)
Loss: 0.850 | Precision@1: 70.185% (29107/41472)
Loss: 0.850 | Precision@1: 70.154% (29184/41600)
Loss: 0.850 | Precision@1: 70.162% (29277/41728)
Loss: 0.850 | Precision@1: 70.162% (29367/41856)
Loss: 0.850 | Precision@1: 70.167% (29459/41984)
Loss: 0.849 | Precision@1: 70.172% (29551/42112)
Loss: 0.849 | Precision@1: 70.182% (29645/42240)
Loss: 0.849 | Precision@1: 70.204% (29744/42368)
Loss: 0.848 | Precision@1: 70.221% (29841/42496)
Loss: 0.848 | Precision@1: 70.233% (29936/42624)
Loss: 0.848 | Precision@1: 70.240% (30029/42752)
Loss: 0.848 | Precision@1: 70.264% (30129/42880)
Loss: 0.847 | Precision@1: 70.268% (30221/43008)
Loss: 0.847 | Precision@1: 70.289% (30320/43136)
Loss: 0.847 | Precision@1: 70.294% (30412/43264)
Loss: 0.846 | Precision@1: 70.301% (30505/43392)
Loss: 0.847 | Precision@1: 70.280% (30586/43520)
Loss: 0.847 | Precision@1: 70.290% (30680/43648)
Loss: 0.846 | Precision@1: 70.299% (30774/43776)
Loss: 0.846 | Precision@1: 70.317% (30872/43904)
Loss: 0.846 | Precision@1: 70.299% (30954/44032)
Loss: 0.846 | Precision@1: 70.281% (31036/44160)
Loss: 0.846 | Precision@1: 70.274% (31123/44288)
Loss: 0.846 | Precision@1: 70.292% (31221/44416)
Loss: 0.846 | Precision@1: 70.297% (31313/44544)
Loss: 0.846 | Precision@1: 70.312% (31410/44672)
Loss: 0.846 | Precision@1: 70.324% (31505/44800)
Loss: 0.845 | Precision@1: 70.348% (31606/44928)
Loss: 0.845 | Precision@1: 70.359% (31701/45056)
Loss: 0.845 | Precision@1: 70.346% (31785/45184)
Loss: 0.846 | Precision@1: 70.350% (31877/45312)
Loss: 0.846 | Precision@1: 70.343% (31964/45440)
Loss: 0.846 | Precision@1: 70.332% (32049/45568)
Loss: 0.846 | Precision@1: 70.332% (32139/45696)
Loss: 0.845 | Precision@1: 70.363% (32243/45824)
Loss: 0.846 | Precision@1: 70.360% (32332/45952)
Loss: 0.845 | Precision@1: 70.356% (32420/46080)
Loss: 0.845 | Precision@1: 70.373% (32518/46208)
Loss: 0.844 | Precision@1: 70.390% (32616/46336)
Loss: 0.844 | Precision@1: 70.401% (32711/46464)
Loss: 0.844 | Precision@1: 70.409% (32805/46592)
Loss: 0.844 | Precision@1: 70.394% (32888/46720)
Loss: 0.844 | Precision@1: 70.419% (32990/46848)
Loss: 0.843 | Precision@1: 70.421% (33081/46976)
Loss: 0.843 | Precision@1: 70.421% (33171/47104)
Loss: 0.844 | Precision@1: 70.418% (33260/47232)
Loss: 0.843 | Precision@1: 70.429% (33355/47360)
Loss: 0.843 | Precision@1: 70.439% (33450/47488)
Loss: 0.843 | Precision@1: 70.447% (33544/47616)
Loss: 0.842 | Precision@1: 70.470% (33645/47744)
Loss: 0.842 | Precision@1: 70.484% (33742/47872)
Loss: 0.842 | Precision@1: 70.496% (33838/48000)
Loss: 0.841 | Precision@1: 70.500% (33930/48128)
Loss: 0.841 | Precision@1: 70.507% (34024/48256)
Loss: 0.841 | Precision@1: 70.515% (34118/48384)
Loss: 0.840 | Precision@1: 70.537% (34219/48512)
Loss: 0.840 | Precision@1: 70.537% (34309/48640)
Loss: 0.840 | Precision@1: 70.538% (34400/48768)
Loss: 0.841 | Precision@1: 70.521% (34482/48896)
Loss: 0.841 | Precision@1: 70.525% (34574/49024)
Loss: 0.842 | Precision@1: 70.504% (34654/49152)
Loss: 0.842 | Precision@1: 70.505% (34745/49280)
Loss: 0.841 | Precision@1: 70.525% (34845/49408)
Loss: 0.841 | Precision@1: 70.520% (34933/49536)
Loss: 0.841 | Precision@1: 70.520% (35023/49664)
Loss: 0.842 | Precision@1: 70.505% (35106/49792)
Loss: 0.841 | Precision@1: 70.509% (35198/49920)
Loss: 0.841 | Precision@1: 70.520% (35260/50000)

Aggregates: 			
 	 DataLoader Time: 0.4134 			
 	 Mini-batch Time: 14.0160 			
 	 Training Epoch Time: 30.4334
 			
 Averages: 			
 	 Training Loss: 0.8410

 Test set Averages: Loss: 1.270 | Precision@1: 61.500% (6150/10000)

Epoch: 3
Loss: 0.770 | Precision@1: 75.781% (97/128)
Loss: 0.860 | Precision@1: 73.047% (187/256)
Loss: 0.871 | Precision@1: 71.615% (275/384)
Loss: 0.926 | Precision@1: 68.555% (351/512)
Loss: 0.907 | Precision@1: 69.375% (444/640)
Loss: 0.881 | Precision@1: 70.443% (541/768)
Loss: 0.879 | Precision@1: 70.201% (629/896)
Loss: 0.873 | Precision@1: 70.703% (724/1024)
Loss: 0.864 | Precision@1: 70.747% (815/1152)
Loss: 0.856 | Precision@1: 71.094% (910/1280)
Loss: 0.860 | Precision@1: 70.312% (990/1408)
Loss: 0.855 | Precision@1: 70.573% (1084/1536)
Loss: 0.848 | Precision@1: 70.853% (1179/1664)
Loss: 0.829 | Precision@1: 71.875% (1288/1792)
Loss: 0.824 | Precision@1: 71.875% (1380/1920)
Loss: 0.819 | Precision@1: 71.973% (1474/2048)
Loss: 0.819 | Precision@1: 71.875% (1564/2176)
Loss: 0.813 | Precision@1: 71.918% (1657/2304)
Loss: 0.808 | Precision@1: 72.163% (1755/2432)
Loss: 0.796 | Precision@1: 72.695% (1861/2560)
Loss: 0.783 | Precision@1: 73.103% (1965/2688)
Loss: 0.782 | Precision@1: 73.047% (2057/2816)
Loss: 0.783 | Precision@1: 73.064% (2151/2944)
Loss: 0.778 | Precision@1: 73.177% (2248/3072)
Loss: 0.771 | Precision@1: 73.500% (2352/3200)
Loss: 0.769 | Precision@1: 73.498% (2446/3328)
Loss: 0.767 | Precision@1: 73.669% (2546/3456)
Loss: 0.758 | Precision@1: 73.968% (2651/3584)
Loss: 0.753 | Precision@1: 74.111% (2751/3712)
Loss: 0.756 | Precision@1: 74.062% (2844/3840)
Loss: 0.756 | Precision@1: 74.017% (2937/3968)
Loss: 0.755 | Precision@1: 73.950% (3029/4096)
Loss: 0.755 | Precision@1: 74.029% (3127/4224)
Loss: 0.755 | Precision@1: 74.035% (3222/4352)
Loss: 0.757 | Precision@1: 73.951% (3313/4480)
Loss: 0.759 | Precision@1: 73.937% (3407/4608)
Loss: 0.759 | Precision@1: 73.818% (3496/4736)
Loss: 0.760 | Precision@1: 73.849% (3592/4864)
Loss: 0.761 | Precision@1: 73.838% (3686/4992)
Loss: 0.760 | Precision@1: 73.887% (3783/5120)
Loss: 0.757 | Precision@1: 73.914% (3879/5248)
Loss: 0.754 | Precision@1: 73.865% (3971/5376)
Loss: 0.753 | Precision@1: 73.910% (4068/5504)
Loss: 0.751 | Precision@1: 73.970% (4166/5632)
Loss: 0.751 | Precision@1: 73.976% (4261/5760)
Loss: 0.753 | Precision@1: 73.964% (4355/5888)
Loss: 0.755 | Precision@1: 73.920% (4447/6016)
Loss: 0.752 | Precision@1: 74.040% (4549/6144)
Loss: 0.751 | Precision@1: 74.091% (4647/6272)
Loss: 0.751 | Precision@1: 74.062% (4740/6400)
Loss: 0.751 | Precision@1: 74.050% (4834/6528)
Loss: 0.753 | Precision@1: 73.903% (4919/6656)
Loss: 0.753 | Precision@1: 73.835% (5009/6784)
Loss: 0.753 | Precision@1: 73.886% (5107/6912)
Loss: 0.752 | Precision@1: 73.935% (5205/7040)
Loss: 0.753 | Precision@1: 73.898% (5297/7168)
Loss: 0.752 | Precision@1: 73.917% (5393/7296)
Loss: 0.752 | Precision@1: 73.855% (5483/7424)
Loss: 0.755 | Precision@1: 73.742% (5569/7552)
Loss: 0.753 | Precision@1: 73.802% (5668/7680)
Loss: 0.753 | Precision@1: 73.847% (5766/7808)
Loss: 0.752 | Precision@1: 73.916% (5866/7936)
Loss: 0.751 | Precision@1: 73.909% (5960/8064)
Loss: 0.752 | Precision@1: 73.840% (6049/8192)
Loss: 0.750 | Precision@1: 73.966% (6154/8320)
Loss: 0.750 | Precision@1: 73.982% (6250/8448)
Loss: 0.751 | Precision@1: 73.951% (6342/8576)
Loss: 0.753 | Precision@1: 73.874% (6430/8704)
Loss: 0.751 | Precision@1: 73.890% (6526/8832)
Loss: 0.753 | Precision@1: 73.817% (6614/8960)
Loss: 0.751 | Precision@1: 73.922% (6718/9088)
Loss: 0.752 | Precision@1: 73.861% (6807/9216)
Loss: 0.751 | Precision@1: 73.930% (6908/9344)
Loss: 0.750 | Precision@1: 73.986% (7008/9472)
Loss: 0.750 | Precision@1: 73.948% (7099/9600)
Loss: 0.750 | Precision@1: 73.972% (7196/9728)
Loss: 0.748 | Precision@1: 74.036% (7297/9856)
Loss: 0.747 | Precision@1: 74.109% (7399/9984)
Loss: 0.746 | Precision@1: 74.110% (7494/10112)
Loss: 0.746 | Precision@1: 74.072% (7585/10240)
Loss: 0.746 | Precision@1: 74.055% (7678/10368)
Loss: 0.748 | Precision@1: 73.942% (7761/10496)
Loss: 0.748 | Precision@1: 73.965% (7858/10624)
Loss: 0.748 | Precision@1: 73.968% (7953/10752)
Loss: 0.748 | Precision@1: 73.952% (8046/10880)
Loss: 0.749 | Precision@1: 73.964% (8142/11008)
Loss: 0.748 | Precision@1: 74.003% (8241/11136)
Loss: 0.747 | Precision@1: 74.006% (8336/11264)
Loss: 0.747 | Precision@1: 74.026% (8433/11392)
Loss: 0.748 | Precision@1: 73.967% (8521/11520)
Loss: 0.747 | Precision@1: 73.987% (8618/11648)
Loss: 0.748 | Precision@1: 73.913% (8704/11776)
Loss: 0.747 | Precision@1: 73.942% (8802/11904)
Loss: 0.746 | Precision@1: 73.994% (8903/12032)
Loss: 0.746 | Precision@1: 73.972% (8995/12160)
Loss: 0.747 | Precision@1: 73.975% (9090/12288)
Loss: 0.746 | Precision@1: 73.993% (9187/12416)
Loss: 0.748 | Precision@1: 73.956% (9277/12544)
Loss: 0.747 | Precision@1: 73.935% (9369/12672)
Loss: 0.748 | Precision@1: 73.867% (9455/12800)
Loss: 0.748 | Precision@1: 73.840% (9546/12928)
Loss: 0.749 | Precision@1: 73.790% (9634/13056)
Loss: 0.750 | Precision@1: 73.748% (9723/13184)
Loss: 0.752 | Precision@1: 73.670% (9807/13312)
Loss: 0.753 | Precision@1: 73.646% (9898/13440)
Loss: 0.754 | Precision@1: 73.600% (9986/13568)
Loss: 0.756 | Precision@1: 73.562% (10075/13696)
Loss: 0.756 | Precision@1: 73.560% (10169/13824)
Loss: 0.756 | Precision@1: 73.552% (10262/13952)
Loss: 0.756 | Precision@1: 73.587% (10361/14080)
Loss: 0.756 | Precision@1: 73.578% (10454/14208)
Loss: 0.756 | Precision@1: 73.605% (10552/14336)
Loss: 0.756 | Precision@1: 73.617% (10648/14464)
Loss: 0.756 | Precision@1: 73.616% (10742/14592)
Loss: 0.758 | Precision@1: 73.546% (10826/14720)
Loss: 0.757 | Precision@1: 73.586% (10926/14848)
Loss: 0.757 | Precision@1: 73.564% (11017/14976)
Loss: 0.756 | Precision@1: 73.570% (11112/15104)
Loss: 0.756 | Precision@1: 73.621% (11214/15232)
Loss: 0.755 | Precision@1: 73.665% (11315/15360)
Loss: 0.754 | Precision@1: 73.689% (11413/15488)
Loss: 0.753 | Precision@1: 73.764% (11519/15616)
Loss: 0.753 | Precision@1: 73.755% (11612/15744)
Loss: 0.752 | Precision@1: 73.784% (11711/15872)
Loss: 0.752 | Precision@1: 73.756% (11801/16000)
Loss: 0.752 | Precision@1: 73.766% (11897/16128)
Loss: 0.752 | Precision@1: 73.782% (11994/16256)
Loss: 0.752 | Precision@1: 73.785% (12089/16384)
Loss: 0.752 | Precision@1: 73.789% (12184/16512)
Loss: 0.751 | Precision@1: 73.804% (12281/16640)
Loss: 0.750 | Precision@1: 73.843% (12382/16768)
Loss: 0.750 | Precision@1: 73.858% (12479/16896)
Loss: 0.750 | Precision@1: 73.866% (12575/17024)
Loss: 0.748 | Precision@1: 73.898% (12675/17152)
Loss: 0.747 | Precision@1: 73.941% (12777/17280)
Loss: 0.747 | Precision@1: 73.955% (12874/17408)
Loss: 0.746 | Precision@1: 73.991% (12975/17536)
Loss: 0.745 | Precision@1: 74.038% (13078/17664)
Loss: 0.745 | Precision@1: 74.016% (13169/17792)
Loss: 0.745 | Precision@1: 74.001% (13261/17920)
Loss: 0.745 | Precision@1: 73.969% (13350/18048)
Loss: 0.745 | Precision@1: 73.988% (13448/18176)
Loss: 0.745 | Precision@1: 74.000% (13545/18304)
Loss: 0.745 | Precision@1: 73.996% (13639/18432)
Loss: 0.744 | Precision@1: 74.009% (13736/18560)
Loss: 0.743 | Precision@1: 74.005% (13830/18688)
Loss: 0.742 | Precision@1: 74.075% (13938/18816)
Loss: 0.741 | Precision@1: 74.108% (14039/18944)
Loss: 0.740 | Precision@1: 74.124% (14137/19072)
Loss: 0.741 | Precision@1: 74.099% (14227/19200)
Loss: 0.740 | Precision@1: 74.146% (14331/19328)
Loss: 0.740 | Precision@1: 74.162% (14429/19456)
Loss: 0.739 | Precision@1: 74.214% (14534/19584)
Loss: 0.739 | Precision@1: 74.244% (14635/19712)
Loss: 0.739 | Precision@1: 74.259% (14733/19840)
Loss: 0.740 | Precision@1: 74.229% (14822/19968)
Loss: 0.739 | Precision@1: 74.239% (14919/20096)
Loss: 0.738 | Precision@1: 74.248% (15016/20224)
Loss: 0.739 | Precision@1: 74.253% (15112/20352)
Loss: 0.738 | Precision@1: 74.263% (15209/20480)
Loss: 0.738 | Precision@1: 74.292% (15310/20608)
Loss: 0.738 | Precision@1: 74.281% (15403/20736)
Loss: 0.739 | Precision@1: 74.248% (15491/20864)
Loss: 0.739 | Precision@1: 74.262% (15589/20992)
Loss: 0.738 | Precision@1: 74.276% (15687/21120)
Loss: 0.738 | Precision@1: 74.289% (15785/21248)
Loss: 0.738 | Precision@1: 74.298% (15882/21376)
Loss: 0.738 | Precision@1: 74.298% (15977/21504)
Loss: 0.739 | Precision@1: 74.260% (16064/21632)
Loss: 0.738 | Precision@1: 74.278% (16163/21760)
Loss: 0.739 | Precision@1: 74.264% (16255/21888)
Loss: 0.739 | Precision@1: 74.260% (16349/22016)
Loss: 0.739 | Precision@1: 74.246% (16441/22144)
Loss: 0.739 | Precision@1: 74.250% (16537/22272)
Loss: 0.739 | Precision@1: 74.250% (16632/22400)
Loss: 0.739 | Precision@1: 74.245% (16726/22528)
Loss: 0.740 | Precision@1: 74.206% (16812/22656)
Loss: 0.739 | Precision@1: 74.232% (16913/22784)
Loss: 0.738 | Precision@1: 74.232% (17008/22912)
Loss: 0.738 | Precision@1: 74.253% (17108/23040)
Loss: 0.737 | Precision@1: 74.253% (17203/23168)
Loss: 0.738 | Precision@1: 74.257% (17299/23296)
Loss: 0.738 | Precision@1: 74.274% (17398/23424)
Loss: 0.738 | Precision@1: 74.304% (17500/23552)
Loss: 0.738 | Precision@1: 74.295% (17593/23680)
Loss: 0.737 | Precision@1: 74.315% (17693/23808)
Loss: 0.738 | Precision@1: 74.302% (17785/23936)
Loss: 0.737 | Precision@1: 74.327% (17886/24064)
Loss: 0.737 | Precision@1: 74.293% (17973/24192)
Loss: 0.738 | Precision@1: 74.272% (18063/24320)
Loss: 0.738 | Precision@1: 74.288% (18162/24448)
Loss: 0.738 | Precision@1: 74.296% (18259/24576)
Loss: 0.738 | Precision@1: 74.292% (18353/24704)
Loss: 0.738 | Precision@1: 74.279% (18445/24832)
Loss: 0.738 | Precision@1: 74.259% (18535/24960)
Loss: 0.738 | Precision@1: 74.251% (18628/25088)
Loss: 0.738 | Precision@1: 74.274% (18729/25216)
Loss: 0.738 | Precision@1: 74.274% (18824/25344)
Loss: 0.738 | Precision@1: 74.282% (18921/25472)
Loss: 0.737 | Precision@1: 74.316% (19025/25600)
Loss: 0.737 | Precision@1: 74.331% (19124/25728)
Loss: 0.737 | Precision@1: 74.304% (19212/25856)
Loss: 0.737 | Precision@1: 74.300% (19306/25984)
Loss: 0.737 | Precision@1: 74.314% (19405/26112)
Loss: 0.737 | Precision@1: 74.318% (19501/26240)
Loss: 0.736 | Precision@1: 74.359% (19607/26368)
Loss: 0.737 | Precision@1: 74.340% (19697/26496)
Loss: 0.737 | Precision@1: 74.331% (19790/26624)
Loss: 0.737 | Precision@1: 74.335% (19886/26752)
Loss: 0.737 | Precision@1: 74.342% (19983/26880)
Loss: 0.737 | Precision@1: 74.345% (20079/27008)
Loss: 0.737 | Precision@1: 74.329% (20170/27136)
Loss: 0.738 | Precision@1: 74.329% (20265/27264)
Loss: 0.738 | Precision@1: 74.317% (20357/27392)
Loss: 0.739 | Precision@1: 74.291% (20445/27520)
Loss: 0.739 | Precision@1: 74.295% (20541/27648)
Loss: 0.738 | Precision@1: 74.330% (20646/27776)
Loss: 0.737 | Precision@1: 74.348% (20746/27904)
Loss: 0.737 | Precision@1: 74.376% (20849/28032)
Loss: 0.738 | Precision@1: 74.343% (20935/28160)
Loss: 0.737 | Precision@1: 74.374% (21039/28288)
Loss: 0.737 | Precision@1: 74.367% (21132/28416)
Loss: 0.737 | Precision@1: 74.341% (21220/28544)
Loss: 0.737 | Precision@1: 74.330% (21312/28672)
Loss: 0.738 | Precision@1: 74.330% (21407/28800)
Loss: 0.738 | Precision@1: 74.309% (21496/28928)
Loss: 0.738 | Precision@1: 74.301% (21589/29056)
Loss: 0.738 | Precision@1: 74.325% (21691/29184)
Loss: 0.739 | Precision@1: 74.301% (21779/29312)
Loss: 0.738 | Precision@1: 74.307% (21876/29440)
Loss: 0.738 | Precision@1: 74.310% (21972/29568)
Loss: 0.738 | Precision@1: 74.327% (22072/29696)
Loss: 0.739 | Precision@1: 74.313% (22163/29824)
Loss: 0.739 | Precision@1: 74.299% (22254/29952)
Loss: 0.739 | Precision@1: 74.309% (22352/30080)
Loss: 0.738 | Precision@1: 74.321% (22451/30208)
Loss: 0.739 | Precision@1: 74.321% (22546/30336)
Loss: 0.739 | Precision@1: 74.327% (22643/30464)
Loss: 0.739 | Precision@1: 74.310% (22733/30592)
Loss: 0.739 | Precision@1: 74.294% (22823/30720)
Loss: 0.739 | Precision@1: 74.290% (22917/30848)
Loss: 0.739 | Precision@1: 74.287% (23011/30976)
Loss: 0.739 | Precision@1: 74.289% (23107/31104)
Loss: 0.738 | Precision@1: 74.312% (23209/31232)
Loss: 0.738 | Precision@1: 74.324% (23308/31360)
Loss: 0.738 | Precision@1: 74.314% (23400/31488)
Loss: 0.738 | Precision@1: 74.301% (23491/31616)
Loss: 0.738 | Precision@1: 74.310% (23589/31744)
Loss: 0.738 | Precision@1: 74.310% (23684/31872)
Loss: 0.737 | Precision@1: 74.338% (23788/32000)
Loss: 0.738 | Precision@1: 74.315% (23876/32128)
Loss: 0.738 | Precision@1: 74.312% (23970/32256)
Loss: 0.738 | Precision@1: 74.318% (24067/32384)
Loss: 0.738 | Precision@1: 74.317% (24162/32512)
Loss: 0.738 | Precision@1: 74.332% (24262/32640)
Loss: 0.737 | Precision@1: 74.335% (24358/32768)
Loss: 0.738 | Precision@1: 74.331% (24452/32896)
Loss: 0.737 | Precision@1: 74.343% (24551/33024)
Loss: 0.737 | Precision@1: 74.348% (24648/33152)
Loss: 0.737 | Precision@1: 74.348% (24743/33280)
Loss: 0.736 | Precision@1: 74.353% (24840/33408)
Loss: 0.737 | Precision@1: 74.335% (24929/33536)
Loss: 0.736 | Precision@1: 74.346% (25028/33664)
Loss: 0.736 | Precision@1: 74.361% (25128/33792)
Loss: 0.736 | Precision@1: 74.346% (25218/33920)
Loss: 0.736 | Precision@1: 74.380% (25325/34048)
Loss: 0.735 | Precision@1: 74.391% (25424/34176)
Loss: 0.735 | Precision@1: 74.420% (25529/34304)
Loss: 0.735 | Precision@1: 74.416% (25623/34432)
Loss: 0.735 | Precision@1: 74.418% (25719/34560)
Loss: 0.734 | Precision@1: 74.446% (25824/34688)
Loss: 0.734 | Precision@1: 74.451% (25921/34816)
Loss: 0.734 | Precision@1: 74.436% (26011/34944)
Loss: 0.734 | Precision@1: 74.438% (26107/35072)
Loss: 0.734 | Precision@1: 74.440% (26203/35200)
Loss: 0.734 | Precision@1: 74.459% (26305/35328)
Loss: 0.734 | Precision@1: 74.470% (26404/35456)
Loss: 0.733 | Precision@1: 74.480% (26503/35584)
Loss: 0.733 | Precision@1: 74.474% (26596/35712)
Loss: 0.733 | Precision@1: 74.473% (26691/35840)
Loss: 0.733 | Precision@1: 74.477% (26788/35968)
Loss: 0.732 | Precision@1: 74.490% (26888/36096)
Loss: 0.732 | Precision@1: 74.481% (26980/36224)
Loss: 0.732 | Precision@1: 74.497% (27081/36352)
Loss: 0.732 | Precision@1: 74.509% (27181/36480)
Loss: 0.732 | Precision@1: 74.500% (27273/36608)
Loss: 0.732 | Precision@1: 74.496% (27367/36736)
Loss: 0.732 | Precision@1: 74.493% (27461/36864)
Loss: 0.732 | Precision@1: 74.489% (27555/36992)
Loss: 0.732 | Precision@1: 74.491% (27651/37120)
Loss: 0.732 | Precision@1: 74.474% (27740/37248)
Loss: 0.732 | Precision@1: 74.489% (27841/37376)
Loss: 0.732 | Precision@1: 74.520% (27948/37504)
Loss: 0.731 | Precision@1: 74.527% (28046/37632)
Loss: 0.731 | Precision@1: 74.544% (28148/37760)
Loss: 0.731 | Precision@1: 74.541% (28242/37888)
Loss: 0.731 | Precision@1: 74.548% (28340/38016)
Loss: 0.731 | Precision@1: 74.554% (28438/38144)
Loss: 0.730 | Precision@1: 74.571% (28540/38272)
Loss: 0.730 | Precision@1: 74.576% (28637/38400)
Loss: 0.730 | Precision@1: 74.593% (28739/38528)
Loss: 0.730 | Precision@1: 74.596% (28836/38656)
Loss: 0.730 | Precision@1: 74.598% (28932/38784)
Loss: 0.730 | Precision@1: 74.602% (29029/38912)
Loss: 0.729 | Precision@1: 74.639% (29139/39040)
Loss: 0.729 | Precision@1: 74.635% (29233/39168)
Loss: 0.729 | Precision@1: 74.634% (29328/39296)
Loss: 0.729 | Precision@1: 74.635% (29424/39424)
Loss: 0.729 | Precision@1: 74.623% (29515/39552)
Loss: 0.730 | Precision@1: 74.602% (29602/39680)
Loss: 0.730 | Precision@1: 74.588% (29692/39808)
Loss: 0.730 | Precision@1: 74.584% (29786/39936)
Loss: 0.730 | Precision@1: 74.578% (29879/40064)
Loss: 0.729 | Precision@1: 74.592% (29980/40192)
Loss: 0.729 | Precision@1: 74.601% (30079/40320)
Loss: 0.729 | Precision@1: 74.607% (30177/40448)
Loss: 0.729 | Precision@1: 74.608% (30273/40576)
Loss: 0.729 | Precision@1: 74.600% (30365/40704)
Loss: 0.729 | Precision@1: 74.603% (30462/40832)
Loss: 0.729 | Precision@1: 74.626% (30567/40960)
Loss: 0.729 | Precision@1: 74.608% (30655/41088)
Loss: 0.729 | Precision@1: 74.629% (30759/41216)
Loss: 0.729 | Precision@1: 74.615% (30849/41344)
Loss: 0.729 | Precision@1: 74.624% (30948/41472)
Loss: 0.729 | Precision@1: 74.620% (31042/41600)
Loss: 0.729 | Precision@1: 74.621% (31138/41728)
Loss: 0.729 | Precision@1: 74.630% (31237/41856)
Loss: 0.728 | Precision@1: 74.662% (31346/41984)
Loss: 0.728 | Precision@1: 74.658% (31440/42112)
Loss: 0.728 | Precision@1: 74.659% (31536/42240)
Loss: 0.728 | Precision@1: 74.655% (31630/42368)
Loss: 0.728 | Precision@1: 74.656% (31726/42496)
Loss: 0.728 | Precision@1: 74.665% (31825/42624)
Loss: 0.727 | Precision@1: 74.670% (31923/42752)
Loss: 0.727 | Precision@1: 74.674% (32020/42880)
Loss: 0.727 | Precision@1: 74.656% (32108/43008)
Loss: 0.728 | Precision@1: 74.645% (32199/43136)
Loss: 0.727 | Precision@1: 74.663% (32302/43264)
Loss: 0.727 | Precision@1: 74.670% (32401/43392)
Loss: 0.728 | Precision@1: 74.671% (32497/43520)
Loss: 0.728 | Precision@1: 74.670% (32592/43648)
Loss: 0.728 | Precision@1: 74.669% (32687/43776)
Loss: 0.727 | Precision@1: 74.681% (32788/43904)
Loss: 0.728 | Precision@1: 74.680% (32883/44032)
Loss: 0.727 | Precision@1: 74.672% (32975/44160)
Loss: 0.728 | Precision@1: 74.641% (33057/44288)
Loss: 0.728 | Precision@1: 74.635% (33150/44416)
Loss: 0.728 | Precision@1: 74.643% (33249/44544)
Loss: 0.728 | Precision@1: 74.653% (33349/44672)
Loss: 0.728 | Precision@1: 74.654% (33445/44800)
Loss: 0.728 | Precision@1: 74.653% (33540/44928)
Loss: 0.727 | Precision@1: 74.672% (33644/45056)
Loss: 0.727 | Precision@1: 74.670% (33739/45184)
Loss: 0.727 | Precision@1: 74.680% (33839/45312)
Loss: 0.727 | Precision@1: 74.701% (33944/45440)
Loss: 0.726 | Precision@1: 74.710% (34044/45568)
Loss: 0.726 | Precision@1: 74.722% (34145/45696)
Loss: 0.726 | Precision@1: 74.727% (34243/45824)
Loss: 0.726 | Precision@1: 74.737% (34343/45952)
Loss: 0.726 | Precision@1: 74.748% (34444/46080)
Loss: 0.726 | Precision@1: 74.751% (34541/46208)
Loss: 0.726 | Precision@1: 74.758% (34640/46336)
Loss: 0.726 | Precision@1: 74.757% (34735/46464)
Loss: 0.726 | Precision@1: 74.760% (34832/46592)
Loss: 0.726 | Precision@1: 74.765% (34930/46720)
Loss: 0.725 | Precision@1: 74.787% (35036/46848)
Loss: 0.725 | Precision@1: 74.798% (35137/46976)
Loss: 0.724 | Precision@1: 74.824% (35245/47104)
Loss: 0.725 | Precision@1: 74.814% (35336/47232)
Loss: 0.725 | Precision@1: 74.818% (35434/47360)
Loss: 0.725 | Precision@1: 74.819% (35530/47488)
Loss: 0.724 | Precision@1: 74.821% (35627/47616)
Loss: 0.724 | Precision@1: 74.822% (35723/47744)
Loss: 0.724 | Precision@1: 74.822% (35819/47872)
Loss: 0.724 | Precision@1: 74.812% (35910/48000)
Loss: 0.724 | Precision@1: 74.828% (36013/48128)
Loss: 0.724 | Precision@1: 74.845% (36117/48256)
Loss: 0.724 | Precision@1: 74.859% (36220/48384)
Loss: 0.723 | Precision@1: 74.866% (36319/48512)
Loss: 0.724 | Precision@1: 74.858% (36411/48640)
Loss: 0.723 | Precision@1: 74.877% (36516/48768)
Loss: 0.723 | Precision@1: 74.881% (36614/48896)
Loss: 0.723 | Precision@1: 74.876% (36707/49024)
Loss: 0.723 | Precision@1: 74.884% (36807/49152)
Loss: 0.723 | Precision@1: 74.882% (36902/49280)
Loss: 0.723 | Precision@1: 74.881% (36997/49408)
Loss: 0.723 | Precision@1: 74.897% (37101/49536)
Loss: 0.723 | Precision@1: 74.917% (37207/49664)
Loss: 0.723 | Precision@1: 74.902% (37295/49792)
Loss: 0.722 | Precision@1: 74.918% (37399/49920)
Loss: 0.722 | Precision@1: 74.910% (37455/50000)

Aggregates: 			
 	 DataLoader Time: 0.3937 			
 	 Mini-batch Time: 14.0257 			
 	 Training Epoch Time: 30.4037
 			
 Averages: 			
 	 Training Loss: 0.7224

 Test set Averages: Loss: 0.708 | Precision@1: 75.830% (7583/10000)

Epoch: 4
Loss: 0.585 | Precision@1: 78.906% (101/128)
Loss: 0.602 | Precision@1: 79.688% (204/256)
Loss: 0.587 | Precision@1: 80.469% (309/384)
Loss: 0.570 | Precision@1: 81.055% (415/512)
Loss: 0.574 | Precision@1: 80.781% (517/640)
Loss: 0.600 | Precision@1: 79.948% (614/768)
Loss: 0.604 | Precision@1: 79.576% (713/896)
Loss: 0.622 | Precision@1: 79.492% (814/1024)
Loss: 0.616 | Precision@1: 79.427% (915/1152)
Loss: 0.636 | Precision@1: 78.594% (1006/1280)
Loss: 0.647 | Precision@1: 78.054% (1099/1408)
Loss: 0.637 | Precision@1: 78.516% (1206/1536)
Loss: 0.629 | Precision@1: 78.846% (1312/1664)
Loss: 0.620 | Precision@1: 79.241% (1420/1792)
Loss: 0.615 | Precision@1: 79.167% (1520/1920)
Loss: 0.610 | Precision@1: 79.346% (1625/2048)
Loss: 0.620 | Precision@1: 78.768% (1714/2176)
Loss: 0.623 | Precision@1: 78.472% (1808/2304)
Loss: 0.631 | Precision@1: 78.084% (1899/2432)
Loss: 0.635 | Precision@1: 77.891% (1994/2560)
Loss: 0.628 | Precision@1: 78.088% (2099/2688)
Loss: 0.627 | Precision@1: 78.267% (2204/2816)
Loss: 0.627 | Precision@1: 78.363% (2307/2944)
Loss: 0.627 | Precision@1: 78.320% (2406/3072)
Loss: 0.624 | Precision@1: 78.438% (2510/3200)
Loss: 0.618 | Precision@1: 78.696% (2619/3328)
Loss: 0.619 | Precision@1: 78.675% (2719/3456)
Loss: 0.618 | Precision@1: 78.795% (2824/3584)
Loss: 0.619 | Precision@1: 78.772% (2924/3712)
Loss: 0.618 | Precision@1: 78.724% (3023/3840)
Loss: 0.620 | Precision@1: 78.805% (3127/3968)
Loss: 0.617 | Precision@1: 78.906% (3232/4096)
Loss: 0.622 | Precision@1: 78.764% (3327/4224)
Loss: 0.622 | Precision@1: 78.768% (3428/4352)
Loss: 0.624 | Precision@1: 78.839% (3532/4480)
Loss: 0.628 | Precision@1: 78.668% (3625/4608)
Loss: 0.633 | Precision@1: 78.421% (3714/4736)
Loss: 0.634 | Precision@1: 78.392% (3813/4864)
Loss: 0.633 | Precision@1: 78.466% (3917/4992)
Loss: 0.631 | Precision@1: 78.496% (4019/5120)
Loss: 0.630 | Precision@1: 78.430% (4116/5248)
Loss: 0.637 | Precision@1: 78.125% (4200/5376)
Loss: 0.639 | Precision@1: 78.034% (4295/5504)
Loss: 0.643 | Precision@1: 77.894% (4387/5632)
Loss: 0.644 | Precision@1: 77.882% (4486/5760)
Loss: 0.649 | Precision@1: 77.717% (4576/5888)
Loss: 0.646 | Precision@1: 77.842% (4683/6016)
Loss: 0.645 | Precision@1: 77.832% (4782/6144)
Loss: 0.644 | Precision@1: 77.854% (4883/6272)
Loss: 0.645 | Precision@1: 77.781% (4978/6400)
Loss: 0.648 | Precision@1: 77.681% (5071/6528)
Loss: 0.648 | Precision@1: 77.614% (5166/6656)
Loss: 0.650 | Precision@1: 77.535% (5260/6784)
Loss: 0.649 | Precision@1: 77.561% (5361/6912)
Loss: 0.650 | Precision@1: 77.514% (5457/7040)
Loss: 0.647 | Precision@1: 77.651% (5566/7168)
Loss: 0.647 | Precision@1: 77.673% (5667/7296)
Loss: 0.649 | Precision@1: 77.613% (5762/7424)
Loss: 0.649 | Precision@1: 77.662% (5865/7552)
Loss: 0.650 | Precision@1: 77.591% (5959/7680)
Loss: 0.650 | Precision@1: 77.651% (6063/7808)
Loss: 0.650 | Precision@1: 77.646% (6162/7936)
Loss: 0.650 | Precision@1: 77.654% (6262/8064)
Loss: 0.651 | Precision@1: 77.625% (6359/8192)
Loss: 0.651 | Precision@1: 77.572% (6454/8320)
Loss: 0.651 | Precision@1: 77.545% (6551/8448)
Loss: 0.653 | Precision@1: 77.495% (6646/8576)
Loss: 0.653 | Precision@1: 77.528% (6748/8704)
Loss: 0.654 | Precision@1: 77.536% (6848/8832)
Loss: 0.654 | Precision@1: 77.467% (6941/8960)
Loss: 0.655 | Precision@1: 77.487% (7042/9088)
Loss: 0.654 | Precision@1: 77.539% (7146/9216)
Loss: 0.656 | Precision@1: 77.494% (7241/9344)
Loss: 0.656 | Precision@1: 77.502% (7341/9472)
Loss: 0.656 | Precision@1: 77.469% (7437/9600)
Loss: 0.655 | Precision@1: 77.519% (7541/9728)
Loss: 0.654 | Precision@1: 77.557% (7644/9856)
Loss: 0.654 | Precision@1: 77.584% (7746/9984)
Loss: 0.652 | Precision@1: 77.650% (7852/10112)
Loss: 0.650 | Precision@1: 77.705% (7957/10240)
Loss: 0.648 | Precision@1: 77.787% (8065/10368)
Loss: 0.648 | Precision@1: 77.820% (8168/10496)
Loss: 0.649 | Precision@1: 77.767% (8262/10624)
Loss: 0.648 | Precision@1: 77.799% (8365/10752)
Loss: 0.649 | Precision@1: 77.767% (8461/10880)
Loss: 0.647 | Precision@1: 77.852% (8570/11008)
Loss: 0.647 | Precision@1: 77.865% (8671/11136)
Loss: 0.648 | Precision@1: 77.788% (8762/11264)
Loss: 0.647 | Precision@1: 77.774% (8860/11392)
Loss: 0.646 | Precision@1: 77.786% (8961/11520)
Loss: 0.645 | Precision@1: 77.850% (9068/11648)
Loss: 0.645 | Precision@1: 77.853% (9168/11776)
Loss: 0.644 | Precision@1: 77.797% (9261/11904)
Loss: 0.645 | Precision@1: 77.801% (9361/12032)
Loss: 0.646 | Precision@1: 77.788% (9459/12160)
Loss: 0.644 | Precision@1: 77.881% (9570/12288)
Loss: 0.644 | Precision@1: 77.875% (9669/12416)
Loss: 0.645 | Precision@1: 77.870% (9768/12544)
Loss: 0.644 | Precision@1: 77.951% (9878/12672)
Loss: 0.644 | Precision@1: 77.953% (9978/12800)
Loss: 0.644 | Precision@1: 77.955% (10078/12928)
Loss: 0.646 | Precision@1: 77.872% (10167/13056)
Loss: 0.645 | Precision@1: 77.882% (10268/13184)
Loss: 0.645 | Precision@1: 77.885% (10368/13312)
Loss: 0.645 | Precision@1: 77.879% (10467/13440)
Loss: 0.646 | Precision@1: 77.882% (10567/13568)
Loss: 0.646 | Precision@1: 77.869% (10665/13696)
Loss: 0.645 | Precision@1: 77.886% (10767/13824)
Loss: 0.646 | Precision@1: 77.867% (10864/13952)
Loss: 0.647 | Precision@1: 77.841% (10960/14080)
Loss: 0.647 | Precision@1: 77.787% (11052/14208)
Loss: 0.648 | Precision@1: 77.741% (11145/14336)
Loss: 0.648 | Precision@1: 77.738% (11244/14464)
Loss: 0.647 | Precision@1: 77.769% (11348/14592)
Loss: 0.648 | Precision@1: 77.772% (11448/14720)
Loss: 0.649 | Precision@1: 77.748% (11544/14848)
Loss: 0.647 | Precision@1: 77.771% (11647/14976)
Loss: 0.647 | Precision@1: 77.781% (11748/15104)
Loss: 0.647 | Precision@1: 77.830% (11855/15232)
Loss: 0.645 | Precision@1: 77.865% (11960/15360)
Loss: 0.645 | Precision@1: 77.867% (12060/15488)
Loss: 0.645 | Precision@1: 77.862% (12159/15616)
Loss: 0.644 | Precision@1: 77.909% (12266/15744)
Loss: 0.642 | Precision@1: 77.942% (12371/15872)
Loss: 0.642 | Precision@1: 77.938% (12470/16000)
Loss: 0.642 | Precision@1: 77.933% (12569/16128)
Loss: 0.643 | Precision@1: 77.934% (12669/16256)
Loss: 0.644 | Precision@1: 77.917% (12766/16384)
Loss: 0.644 | Precision@1: 77.889% (12861/16512)
Loss: 0.644 | Precision@1: 77.873% (12958/16640)
Loss: 0.644 | Precision@1: 77.857% (13055/16768)
Loss: 0.644 | Precision@1: 77.882% (13159/16896)
Loss: 0.643 | Precision@1: 77.931% (13267/17024)
Loss: 0.643 | Precision@1: 77.944% (13369/17152)
Loss: 0.642 | Precision@1: 77.986% (13476/17280)
Loss: 0.643 | Precision@1: 77.884% (13558/17408)
Loss: 0.643 | Precision@1: 77.885% (13658/17536)
Loss: 0.644 | Precision@1: 77.859% (13753/17664)
Loss: 0.645 | Precision@1: 77.838% (13849/17792)
Loss: 0.644 | Precision@1: 77.885% (13957/17920)
Loss: 0.643 | Precision@1: 77.931% (14065/18048)
Loss: 0.643 | Precision@1: 77.899% (14159/18176)
Loss: 0.644 | Precision@1: 77.896% (14258/18304)
Loss: 0.644 | Precision@1: 77.870% (14353/18432)
Loss: 0.645 | Precision@1: 77.834% (14446/18560)
Loss: 0.644 | Precision@1: 77.874% (14553/18688)
Loss: 0.643 | Precision@1: 77.923% (14662/18816)
Loss: 0.642 | Precision@1: 77.946% (14766/18944)
Loss: 0.642 | Precision@1: 77.921% (14861/19072)
Loss: 0.643 | Precision@1: 77.896% (14956/19200)
Loss: 0.644 | Precision@1: 77.856% (15048/19328)
Loss: 0.644 | Precision@1: 77.873% (15151/19456)
Loss: 0.644 | Precision@1: 77.865% (15249/19584)
Loss: 0.646 | Precision@1: 77.805% (15337/19712)
Loss: 0.646 | Precision@1: 77.802% (15436/19840)
Loss: 0.645 | Precision@1: 77.815% (15538/19968)
Loss: 0.646 | Precision@1: 77.807% (15636/20096)
Loss: 0.645 | Precision@1: 77.838% (15742/20224)
Loss: 0.645 | Precision@1: 77.801% (15834/20352)
Loss: 0.646 | Precision@1: 77.778% (15929/20480)
Loss: 0.645 | Precision@1: 77.810% (16035/20608)
Loss: 0.645 | Precision@1: 77.792% (16131/20736)
Loss: 0.645 | Precision@1: 77.799% (16232/20864)
Loss: 0.645 | Precision@1: 77.811% (16334/20992)
Loss: 0.644 | Precision@1: 77.827% (16437/21120)
Loss: 0.645 | Precision@1: 77.805% (16532/21248)
Loss: 0.644 | Precision@1: 77.849% (16641/21376)
Loss: 0.645 | Precision@1: 77.809% (16732/21504)
Loss: 0.644 | Precision@1: 77.857% (16842/21632)
Loss: 0.643 | Precision@1: 77.858% (16942/21760)
Loss: 0.643 | Precision@1: 77.837% (17037/21888)
Loss: 0.643 | Precision@1: 77.862% (17142/22016)
Loss: 0.643 | Precision@1: 77.863% (17242/22144)
Loss: 0.643 | Precision@1: 77.869% (17343/22272)
Loss: 0.642 | Precision@1: 77.879% (17445/22400)
Loss: 0.642 | Precision@1: 77.881% (17545/22528)
Loss: 0.643 | Precision@1: 77.856% (17639/22656)
Loss: 0.643 | Precision@1: 77.835% (17734/22784)
Loss: 0.642 | Precision@1: 77.859% (17839/22912)
Loss: 0.643 | Precision@1: 77.821% (17930/23040)
Loss: 0.643 | Precision@1: 77.814% (18028/23168)
Loss: 0.643 | Precision@1: 77.799% (18124/23296)
Loss: 0.643 | Precision@1: 77.792% (18222/23424)
Loss: 0.644 | Precision@1: 77.794% (18322/23552)
Loss: 0.644 | Precision@1: 77.783% (18419/23680)
Loss: 0.643 | Precision@1: 77.789% (18520/23808)
Loss: 0.644 | Precision@1: 77.782% (18618/23936)
Loss: 0.643 | Precision@1: 77.805% (18723/24064)
Loss: 0.644 | Precision@1: 77.770% (18814/24192)
Loss: 0.644 | Precision@1: 77.775% (18915/24320)
Loss: 0.644 | Precision@1: 77.749% (19008/24448)
Loss: 0.646 | Precision@1: 77.706% (19097/24576)
Loss: 0.645 | Precision@1: 77.712% (19198/24704)
Loss: 0.646 | Precision@1: 77.706% (19296/24832)
Loss: 0.646 | Precision@1: 77.660% (19384/24960)
Loss: 0.645 | Precision@1: 77.691% (19491/25088)
Loss: 0.646 | Precision@1: 77.669% (19585/25216)
Loss: 0.646 | Precision@1: 77.655% (19681/25344)
Loss: 0.647 | Precision@1: 77.630% (19774/25472)
Loss: 0.646 | Precision@1: 77.652% (19879/25600)
Loss: 0.646 | Precision@1: 77.631% (19973/25728)
Loss: 0.647 | Precision@1: 77.595% (20063/25856)
Loss: 0.646 | Precision@1: 77.636% (20173/25984)
Loss: 0.646 | Precision@1: 77.623% (20269/26112)
Loss: 0.645 | Precision@1: 77.664% (20379/26240)
Loss: 0.646 | Precision@1: 77.609% (20464/26368)
Loss: 0.646 | Precision@1: 77.608% (20563/26496)
Loss: 0.646 | Precision@1: 77.610% (20663/26624)
Loss: 0.646 | Precision@1: 77.613% (20763/26752)
Loss: 0.646 | Precision@1: 77.619% (20864/26880)
Loss: 0.646 | Precision@1: 77.644% (20970/27008)
Loss: 0.645 | Precision@1: 77.635% (21067/27136)
Loss: 0.645 | Precision@1: 77.637% (21167/27264)
Loss: 0.645 | Precision@1: 77.636% (21266/27392)
Loss: 0.645 | Precision@1: 77.631% (21364/27520)
Loss: 0.644 | Precision@1: 77.658% (21471/27648)
Loss: 0.645 | Precision@1: 77.639% (21565/27776)
Loss: 0.645 | Precision@1: 77.652% (21668/27904)
Loss: 0.644 | Precision@1: 77.686% (21777/28032)
Loss: 0.644 | Precision@1: 77.688% (21877/28160)
Loss: 0.645 | Precision@1: 77.680% (21974/28288)
Loss: 0.645 | Precision@1: 77.657% (22067/28416)
Loss: 0.645 | Precision@1: 77.638% (22161/28544)
Loss: 0.645 | Precision@1: 77.630% (22258/28672)
Loss: 0.645 | Precision@1: 77.646% (22362/28800)
Loss: 0.645 | Precision@1: 77.624% (22455/28928)
Loss: 0.645 | Precision@1: 77.636% (22558/29056)
Loss: 0.645 | Precision@1: 77.645% (22660/29184)
Loss: 0.644 | Precision@1: 77.654% (22762/29312)
Loss: 0.645 | Precision@1: 77.646% (22859/29440)
Loss: 0.645 | Precision@1: 77.648% (22959/29568)
Loss: 0.644 | Precision@1: 77.660% (23062/29696)
Loss: 0.644 | Precision@1: 77.676% (23166/29824)
Loss: 0.644 | Precision@1: 77.668% (23263/29952)
Loss: 0.644 | Precision@1: 77.646% (23356/30080)
Loss: 0.644 | Precision@1: 77.652% (23457/30208)
Loss: 0.644 | Precision@1: 77.657% (23558/30336)
Loss: 0.644 | Precision@1: 77.649% (23655/30464)
Loss: 0.644 | Precision@1: 77.648% (23754/30592)
Loss: 0.643 | Precision@1: 77.673% (23861/30720)
Loss: 0.643 | Precision@1: 77.687% (23965/30848)
Loss: 0.643 | Precision@1: 77.696% (24067/30976)
Loss: 0.643 | Precision@1: 77.672% (24159/31104)
Loss: 0.643 | Precision@1: 77.651% (24252/31232)
Loss: 0.643 | Precision@1: 77.666% (24356/31360)
Loss: 0.643 | Precision@1: 77.661% (24454/31488)
Loss: 0.644 | Precision@1: 77.647% (24549/31616)
Loss: 0.644 | Precision@1: 77.627% (24642/31744)
Loss: 0.644 | Precision@1: 77.648% (24748/31872)
Loss: 0.644 | Precision@1: 77.656% (24850/32000)
Loss: 0.644 | Precision@1: 77.655% (24949/32128)
Loss: 0.644 | Precision@1: 77.651% (25047/32256)
Loss: 0.645 | Precision@1: 77.637% (25142/32384)
Loss: 0.645 | Precision@1: 77.630% (25239/32512)
Loss: 0.645 | Precision@1: 77.629% (25338/32640)
Loss: 0.644 | Precision@1: 77.652% (25445/32768)
Loss: 0.645 | Precision@1: 77.651% (25544/32896)
Loss: 0.645 | Precision@1: 77.659% (25646/33024)
Loss: 0.644 | Precision@1: 77.670% (25749/33152)
Loss: 0.644 | Precision@1: 77.662% (25846/33280)
Loss: 0.644 | Precision@1: 77.670% (25948/33408)
Loss: 0.644 | Precision@1: 77.687% (26053/33536)
Loss: 0.644 | Precision@1: 77.682% (26151/33664)
Loss: 0.644 | Precision@1: 77.705% (26258/33792)
Loss: 0.643 | Precision@1: 77.703% (26357/33920)
Loss: 0.643 | Precision@1: 77.711% (26459/34048)
Loss: 0.643 | Precision@1: 77.733% (26566/34176)
Loss: 0.642 | Precision@1: 77.746% (26670/34304)
Loss: 0.643 | Precision@1: 77.733% (26765/34432)
Loss: 0.643 | Precision@1: 77.726% (26862/34560)
Loss: 0.643 | Precision@1: 77.733% (26964/34688)
Loss: 0.642 | Precision@1: 77.743% (27067/34816)
Loss: 0.643 | Precision@1: 77.733% (27163/34944)
Loss: 0.643 | Precision@1: 77.723% (27259/35072)
Loss: 0.643 | Precision@1: 77.713% (27355/35200)
Loss: 0.642 | Precision@1: 77.712% (27454/35328)
Loss: 0.643 | Precision@1: 77.725% (27558/35456)
Loss: 0.642 | Precision@1: 77.729% (27659/35584)
Loss: 0.643 | Precision@1: 77.711% (27752/35712)
Loss: 0.643 | Precision@1: 77.715% (27853/35840)
Loss: 0.643 | Precision@1: 77.697% (27946/35968)
Loss: 0.644 | Precision@1: 77.676% (28038/36096)
Loss: 0.644 | Precision@1: 77.667% (28134/36224)
Loss: 0.644 | Precision@1: 77.677% (28237/36352)
Loss: 0.643 | Precision@1: 77.689% (28341/36480)
Loss: 0.643 | Precision@1: 77.704% (28446/36608)
Loss: 0.643 | Precision@1: 77.714% (28549/36736)
Loss: 0.643 | Precision@1: 77.715% (28649/36864)
Loss: 0.642 | Precision@1: 77.720% (28750/36992)
Loss: 0.642 | Precision@1: 77.724% (28851/37120)
Loss: 0.642 | Precision@1: 77.722% (28950/37248)
Loss: 0.642 | Precision@1: 77.724% (29050/37376)
Loss: 0.642 | Precision@1: 77.725% (29150/37504)
Loss: 0.642 | Precision@1: 77.734% (29253/37632)
Loss: 0.642 | Precision@1: 77.749% (29358/37760)
Loss: 0.642 | Precision@1: 77.748% (29457/37888)
Loss: 0.642 | Precision@1: 77.730% (29550/38016)
Loss: 0.642 | Precision@1: 77.734% (29651/38144)
Loss: 0.642 | Precision@1: 77.751% (29757/38272)
Loss: 0.642 | Precision@1: 77.734% (29850/38400)
Loss: 0.642 | Precision@1: 77.738% (29951/38528)
Loss: 0.642 | Precision@1: 77.732% (30048/38656)
Loss: 0.642 | Precision@1: 77.746% (30153/38784)
Loss: 0.642 | Precision@1: 77.747% (30253/38912)
Loss: 0.642 | Precision@1: 77.754% (30355/39040)
Loss: 0.641 | Precision@1: 77.760% (30457/39168)
Loss: 0.641 | Precision@1: 77.781% (30565/39296)
Loss: 0.641 | Precision@1: 77.775% (30662/39424)
Loss: 0.642 | Precision@1: 77.758% (30755/39552)
Loss: 0.642 | Precision@1: 77.762% (30856/39680)
Loss: 0.641 | Precision@1: 77.763% (30956/39808)
Loss: 0.641 | Precision@1: 77.764% (31056/39936)
Loss: 0.642 | Precision@1: 77.771% (31158/40064)
Loss: 0.641 | Precision@1: 77.787% (31264/40192)
Loss: 0.641 | Precision@1: 77.793% (31366/40320)
Loss: 0.641 | Precision@1: 77.811% (31473/40448)
Loss: 0.641 | Precision@1: 77.814% (31574/40576)
Loss: 0.641 | Precision@1: 77.823% (31677/40704)
Loss: 0.641 | Precision@1: 77.831% (31780/40832)
Loss: 0.641 | Precision@1: 77.834% (31881/40960)
Loss: 0.641 | Precision@1: 77.811% (31971/41088)
Loss: 0.640 | Precision@1: 77.829% (32078/41216)
Loss: 0.641 | Precision@1: 77.823% (32175/41344)
Loss: 0.640 | Precision@1: 77.824% (32275/41472)
Loss: 0.640 | Precision@1: 77.841% (32382/41600)
Loss: 0.639 | Precision@1: 77.869% (32493/41728)
Loss: 0.639 | Precision@1: 77.860% (32589/41856)
Loss: 0.639 | Precision@1: 77.875% (32695/41984)
Loss: 0.639 | Precision@1: 77.895% (32803/42112)
Loss: 0.639 | Precision@1: 77.891% (32901/42240)
Loss: 0.638 | Precision@1: 77.896% (33003/42368)
Loss: 0.639 | Precision@1: 77.878% (33095/42496)
Loss: 0.639 | Precision@1: 77.869% (33191/42624)
Loss: 0.639 | Precision@1: 77.863% (33288/42752)
Loss: 0.639 | Precision@1: 77.866% (33389/42880)
Loss: 0.639 | Precision@1: 77.869% (33490/43008)
Loss: 0.639 | Precision@1: 77.861% (33586/43136)
Loss: 0.639 | Precision@1: 77.864% (33687/43264)
Loss: 0.638 | Precision@1: 77.878% (33793/43392)
Loss: 0.639 | Precision@1: 77.875% (33891/43520)
Loss: 0.639 | Precision@1: 77.880% (33993/43648)
Loss: 0.639 | Precision@1: 77.885% (34095/43776)
Loss: 0.639 | Precision@1: 77.886% (34195/43904)
Loss: 0.639 | Precision@1: 77.884% (34294/44032)
Loss: 0.639 | Precision@1: 77.878% (34391/44160)
Loss: 0.639 | Precision@1: 77.886% (34494/44288)
Loss: 0.639 | Precision@1: 77.880% (34591/44416)
Loss: 0.638 | Precision@1: 77.901% (34700/44544)
Loss: 0.638 | Precision@1: 77.910% (34804/44672)
Loss: 0.638 | Precision@1: 77.924% (34910/44800)
Loss: 0.637 | Precision@1: 77.931% (35013/44928)
Loss: 0.638 | Precision@1: 77.919% (35107/45056)
Loss: 0.637 | Precision@1: 77.930% (35212/45184)
Loss: 0.637 | Precision@1: 77.937% (35315/45312)
Loss: 0.637 | Precision@1: 77.947% (35419/45440)
Loss: 0.637 | Precision@1: 77.932% (35512/45568)
Loss: 0.637 | Precision@1: 77.937% (35614/45696)
Loss: 0.637 | Precision@1: 77.935% (35713/45824)
Loss: 0.637 | Precision@1: 77.931% (35811/45952)
Loss: 0.637 | Precision@1: 77.930% (35910/46080)
Loss: 0.638 | Precision@1: 77.915% (36003/46208)
Loss: 0.638 | Precision@1: 77.914% (36102/46336)
Loss: 0.637 | Precision@1: 77.931% (36210/46464)
Loss: 0.637 | Precision@1: 77.921% (36305/46592)
Loss: 0.637 | Precision@1: 77.937% (36412/46720)
Loss: 0.637 | Precision@1: 77.931% (36509/46848)
Loss: 0.637 | Precision@1: 77.938% (36612/46976)
Loss: 0.638 | Precision@1: 77.934% (36710/47104)
Loss: 0.638 | Precision@1: 77.932% (36809/47232)
Loss: 0.637 | Precision@1: 77.950% (36917/47360)
Loss: 0.637 | Precision@1: 77.963% (37023/47488)
Loss: 0.637 | Precision@1: 77.967% (37125/47616)
Loss: 0.637 | Precision@1: 77.960% (37221/47744)
Loss: 0.637 | Precision@1: 77.956% (37319/47872)
Loss: 0.638 | Precision@1: 77.950% (37416/48000)
Loss: 0.638 | Precision@1: 77.936% (37509/48128)
Loss: 0.638 | Precision@1: 77.932% (37607/48256)
Loss: 0.638 | Precision@1: 77.945% (37713/48384)
Loss: 0.637 | Precision@1: 77.954% (37817/48512)
Loss: 0.637 | Precision@1: 77.965% (37922/48640)
Loss: 0.637 | Precision@1: 77.973% (38026/48768)
Loss: 0.637 | Precision@1: 77.986% (38132/48896)
Loss: 0.637 | Precision@1: 77.978% (38228/49024)
Loss: 0.637 | Precision@1: 77.987% (38332/49152)
Loss: 0.637 | Precision@1: 77.975% (38426/49280)
Loss: 0.637 | Precision@1: 77.985% (38531/49408)
Loss: 0.637 | Precision@1: 77.966% (38621/49536)
Loss: 0.637 | Precision@1: 77.976% (38726/49664)
Loss: 0.637 | Precision@1: 77.984% (38830/49792)
Loss: 0.637 | Precision@1: 77.993% (38934/49920)
Loss: 0.637 | Precision@1: 77.998% (38999/50000)

Aggregates: 			
 	 DataLoader Time: 0.3706 			
 	 Mini-batch Time: 13.9436 			
 	 Training Epoch Time: 30.3489
 			
 Averages: 			
 	 Training Loss: 0.6367

 Test set Averages: Loss: 0.773 | Precision@1: 74.080% (7408/10000)
Average dataloader time is 0.39
