model name	: Intel(R) Xeon(R) Gold 6152 CPU @ 2.10GHz
Wed Oct 30 12:57:04 2019       
+-----------------------------------------------------------------------------+
| NVIDIA-SMI 418.74       Driver Version: 418.74       CUDA Version: 10.1     |
|-------------------------------+----------------------+----------------------+
| GPU  Name        Persistence-M| Bus-Id        Disp.A | Volatile Uncorr. ECC |
| Fan  Temp  Perf  Pwr:Usage/Cap|         Memory-Usage | GPU-Util  Compute M. |
|===============================+======================+======================|
|   0  GeForce RTX 208...  On   | 00000000:3B:00.0 Off |                  N/A |
| 29%   39C    P2    66W / 250W |    990MiB / 10989MiB |      5%      Default |
+-------------------------------+----------------------+----------------------+
                                                                               
+-----------------------------------------------------------------------------+
| Processes:                                                       GPU Memory |
|  GPU       PID   Type   Process name                             Usage      |
|=============================================================================|
|    0    463727      C   python3                                      979MiB |
+-----------------------------------------------------------------------------+
Files already downloaded and verified
Files already downloaded and verified

Epoch: 0
Loss: 2.391 | Precision@1: 11.719% (15/128)
Loss: 2.857 | Precision@1: 14.062% (36/256)
Loss: 3.042 | Precision@1: 13.802% (53/384)
Loss: 3.139 | Precision@1: 13.281% (68/512)
Loss: 3.092 | Precision@1: 14.062% (90/640)
Loss: 2.995 | Precision@1: 14.323% (110/768)
Loss: 2.947 | Precision@1: 13.616% (122/896)
Loss: 2.952 | Precision@1: 13.086% (134/1024)
Loss: 2.886 | Precision@1: 13.889% (160/1152)
Loss: 2.840 | Precision@1: 14.062% (180/1280)
Loss: 2.818 | Precision@1: 14.702% (207/1408)
Loss: 2.772 | Precision@1: 14.909% (229/1536)
Loss: 2.735 | Precision@1: 15.144% (252/1664)
Loss: 2.701 | Precision@1: 15.234% (273/1792)
Loss: 2.680 | Precision@1: 15.000% (288/1920)
Loss: 2.659 | Precision@1: 15.039% (308/2048)
Loss: 2.636 | Precision@1: 15.074% (328/2176)
Loss: 2.612 | Precision@1: 15.191% (350/2304)
Loss: 2.586 | Precision@1: 15.337% (373/2432)
Loss: 2.569 | Precision@1: 15.547% (398/2560)
Loss: 2.555 | Precision@1: 15.439% (415/2688)
Loss: 2.533 | Precision@1: 15.589% (439/2816)
Loss: 2.527 | Precision@1: 15.829% (466/2944)
Loss: 2.515 | Precision@1: 16.146% (496/3072)
Loss: 2.499 | Precision@1: 16.344% (523/3200)
Loss: 2.482 | Precision@1: 16.677% (555/3328)
Loss: 2.467 | Precision@1: 16.927% (585/3456)
Loss: 2.450 | Precision@1: 17.160% (615/3584)
Loss: 2.434 | Precision@1: 17.457% (648/3712)
Loss: 2.425 | Precision@1: 17.526% (673/3840)
Loss: 2.412 | Precision@1: 17.893% (710/3968)
Loss: 2.399 | Precision@1: 18.262% (748/4096)
Loss: 2.387 | Precision@1: 18.466% (780/4224)
Loss: 2.380 | Precision@1: 18.543% (807/4352)
Loss: 2.374 | Precision@1: 18.504% (829/4480)
Loss: 2.368 | Precision@1: 18.533% (854/4608)
Loss: 2.363 | Precision@1: 18.539% (878/4736)
Loss: 2.355 | Precision@1: 18.606% (905/4864)
Loss: 2.352 | Precision@1: 18.670% (932/4992)
Loss: 2.344 | Precision@1: 18.867% (966/5120)
Loss: 2.334 | Precision@1: 19.169% (1006/5248)
Loss: 2.331 | Precision@1: 19.327% (1039/5376)
Loss: 2.325 | Precision@1: 19.549% (1076/5504)
Loss: 2.321 | Precision@1: 19.513% (1099/5632)
Loss: 2.316 | Precision@1: 19.618% (1130/5760)
Loss: 2.312 | Precision@1: 19.769% (1164/5888)
Loss: 2.307 | Precision@1: 19.930% (1199/6016)
Loss: 2.302 | Precision@1: 20.085% (1234/6144)
Loss: 2.297 | Precision@1: 20.153% (1264/6272)
Loss: 2.291 | Precision@1: 20.297% (1299/6400)
Loss: 2.284 | Precision@1: 20.420% (1333/6528)
Loss: 2.279 | Precision@1: 20.643% (1374/6656)
Loss: 2.273 | Precision@1: 20.769% (1409/6784)
Loss: 2.268 | Precision@1: 20.935% (1447/6912)
Loss: 2.263 | Precision@1: 21.023% (1480/7040)
Loss: 2.256 | Precision@1: 21.303% (1527/7168)
Loss: 2.252 | Precision@1: 21.382% (1560/7296)
Loss: 2.249 | Precision@1: 21.430% (1591/7424)
Loss: 2.245 | Precision@1: 21.491% (1623/7552)
Loss: 2.243 | Precision@1: 21.471% (1649/7680)
Loss: 2.239 | Precision@1: 21.696% (1694/7808)
Loss: 2.234 | Precision@1: 21.862% (1735/7936)
Loss: 2.229 | Precision@1: 21.925% (1768/8064)
Loss: 2.223 | Precision@1: 22.144% (1814/8192)
Loss: 2.221 | Precision@1: 22.175% (1845/8320)
Loss: 2.217 | Precision@1: 22.230% (1878/8448)
Loss: 2.215 | Precision@1: 22.330% (1915/8576)
Loss: 2.213 | Precision@1: 22.335% (1944/8704)
Loss: 2.211 | Precision@1: 22.339% (1973/8832)
Loss: 2.207 | Precision@1: 22.422% (2009/8960)
Loss: 2.201 | Precision@1: 22.557% (2050/9088)
Loss: 2.197 | Precision@1: 22.656% (2088/9216)
Loss: 2.194 | Precision@1: 22.646% (2116/9344)
Loss: 2.189 | Precision@1: 22.741% (2154/9472)
Loss: 2.186 | Precision@1: 22.771% (2186/9600)
Loss: 2.186 | Precision@1: 22.780% (2216/9728)
Loss: 2.182 | Precision@1: 22.869% (2254/9856)
Loss: 2.177 | Precision@1: 22.997% (2296/9984)
Loss: 2.173 | Precision@1: 23.101% (2336/10112)
Loss: 2.173 | Precision@1: 23.096% (2365/10240)
Loss: 2.169 | Precision@1: 23.100% (2395/10368)
Loss: 2.167 | Precision@1: 23.161% (2431/10496)
Loss: 2.163 | Precision@1: 23.315% (2477/10624)
Loss: 2.159 | Precision@1: 23.400% (2516/10752)
Loss: 2.156 | Precision@1: 23.456% (2552/10880)
Loss: 2.154 | Precision@1: 23.447% (2581/11008)
Loss: 2.151 | Precision@1: 23.518% (2619/11136)
Loss: 2.147 | Precision@1: 23.624% (2661/11264)
Loss: 2.144 | Precision@1: 23.613% (2690/11392)
Loss: 2.143 | Precision@1: 23.663% (2726/11520)
Loss: 2.138 | Precision@1: 23.807% (2773/11648)
Loss: 2.134 | Precision@1: 23.896% (2814/11776)
Loss: 2.132 | Precision@1: 24.009% (2858/11904)
Loss: 2.132 | Precision@1: 24.019% (2890/12032)
Loss: 2.132 | Precision@1: 24.013% (2920/12160)
Loss: 2.131 | Precision@1: 24.015% (2951/12288)
Loss: 2.130 | Precision@1: 24.042% (2985/12416)
Loss: 2.128 | Precision@1: 24.075% (3020/12544)
Loss: 2.126 | Precision@1: 24.116% (3056/12672)
Loss: 2.122 | Precision@1: 24.234% (3102/12800)
Loss: 2.119 | Precision@1: 24.288% (3140/12928)
Loss: 2.117 | Precision@1: 24.357% (3180/13056)
Loss: 2.114 | Precision@1: 24.393% (3216/13184)
Loss: 2.110 | Precision@1: 24.527% (3265/13312)
Loss: 2.107 | Precision@1: 24.628% (3310/13440)
Loss: 2.102 | Precision@1: 24.830% (3369/13568)
Loss: 2.099 | Precision@1: 24.898% (3410/13696)
Loss: 2.097 | Precision@1: 24.964% (3451/13824)
Loss: 2.095 | Precision@1: 25.029% (3492/13952)
Loss: 2.091 | Precision@1: 25.149% (3541/14080)
Loss: 2.089 | Precision@1: 25.190% (3579/14208)
Loss: 2.086 | Precision@1: 25.237% (3618/14336)
Loss: 2.084 | Precision@1: 25.249% (3652/14464)
Loss: 2.082 | Precision@1: 25.350% (3699/14592)
Loss: 2.079 | Precision@1: 25.421% (3742/14720)
Loss: 2.077 | Precision@1: 25.498% (3786/14848)
Loss: 2.075 | Precision@1: 25.521% (3822/14976)
Loss: 2.072 | Precision@1: 25.609% (3868/15104)
Loss: 2.070 | Precision@1: 25.702% (3915/15232)
Loss: 2.066 | Precision@1: 25.833% (3968/15360)
Loss: 2.064 | Precision@1: 25.910% (4013/15488)
Loss: 2.065 | Precision@1: 25.916% (4047/15616)
Loss: 2.063 | Precision@1: 25.902% (4078/15744)
Loss: 2.062 | Precision@1: 26.002% (4127/15872)
Loss: 2.059 | Precision@1: 26.038% (4166/16000)
Loss: 2.056 | Precision@1: 26.116% (4212/16128)
Loss: 2.054 | Precision@1: 26.181% (4256/16256)
Loss: 2.053 | Precision@1: 26.227% (4297/16384)
Loss: 2.051 | Precision@1: 26.272% (4338/16512)
Loss: 2.049 | Precision@1: 26.334% (4382/16640)
Loss: 2.046 | Precision@1: 26.366% (4421/16768)
Loss: 2.044 | Precision@1: 26.450% (4469/16896)
Loss: 2.043 | Precision@1: 26.433% (4500/17024)
Loss: 2.041 | Precision@1: 26.440% (4535/17152)
Loss: 2.039 | Precision@1: 26.493% (4578/17280)
Loss: 2.037 | Precision@1: 26.522% (4617/17408)
Loss: 2.036 | Precision@1: 26.545% (4655/17536)
Loss: 2.035 | Precision@1: 26.523% (4685/17664)
Loss: 2.033 | Precision@1: 26.591% (4731/17792)
Loss: 2.032 | Precision@1: 26.602% (4767/17920)
Loss: 2.029 | Precision@1: 26.762% (4830/18048)
Loss: 2.027 | Precision@1: 26.882% (4886/18176)
Loss: 2.024 | Precision@1: 26.994% (4941/18304)
Loss: 2.023 | Precision@1: 27.018% (4980/18432)
Loss: 2.022 | Precision@1: 27.015% (5014/18560)
Loss: 2.020 | Precision@1: 27.060% (5057/18688)
Loss: 2.018 | Precision@1: 27.105% (5100/18816)
Loss: 2.016 | Precision@1: 27.154% (5144/18944)
Loss: 2.014 | Precision@1: 27.223% (5192/19072)
Loss: 2.013 | Precision@1: 27.276% (5237/19200)
Loss: 2.012 | Precision@1: 27.297% (5276/19328)
Loss: 2.010 | Precision@1: 27.380% (5327/19456)
Loss: 2.008 | Precision@1: 27.415% (5369/19584)
Loss: 2.007 | Precision@1: 27.425% (5406/19712)
Loss: 2.005 | Precision@1: 27.470% (5450/19840)
Loss: 2.003 | Precision@1: 27.539% (5499/19968)
Loss: 2.000 | Precision@1: 27.593% (5545/20096)
Loss: 2.000 | Precision@1: 27.606% (5583/20224)
Loss: 1.999 | Precision@1: 27.629% (5623/20352)
Loss: 1.997 | Precision@1: 27.710% (5675/20480)
Loss: 1.995 | Precision@1: 27.713% (5711/20608)
Loss: 1.994 | Precision@1: 27.739% (5752/20736)
Loss: 1.992 | Precision@1: 27.789% (5798/20864)
Loss: 1.990 | Precision@1: 27.844% (5845/20992)
Loss: 1.988 | Precision@1: 27.917% (5896/21120)
Loss: 1.988 | Precision@1: 27.918% (5932/21248)
Loss: 1.988 | Precision@1: 27.882% (5960/21376)
Loss: 1.987 | Precision@1: 27.939% (6008/21504)
Loss: 1.986 | Precision@1: 27.982% (6053/21632)
Loss: 1.985 | Precision@1: 28.001% (6093/21760)
Loss: 1.983 | Precision@1: 28.020% (6133/21888)
Loss: 1.982 | Precision@1: 28.061% (6178/22016)
Loss: 1.981 | Precision@1: 28.093% (6221/22144)
Loss: 1.980 | Precision@1: 28.134% (6266/22272)
Loss: 1.977 | Precision@1: 28.210% (6319/22400)
Loss: 1.976 | Precision@1: 28.249% (6364/22528)
Loss: 1.974 | Precision@1: 28.315% (6415/22656)
Loss: 1.973 | Precision@1: 28.336% (6456/22784)
Loss: 1.972 | Precision@1: 28.383% (6503/22912)
Loss: 1.969 | Precision@1: 28.442% (6553/23040)
Loss: 1.968 | Precision@1: 28.457% (6593/23168)
Loss: 1.967 | Precision@1: 28.524% (6645/23296)
Loss: 1.965 | Precision@1: 28.565% (6691/23424)
Loss: 1.963 | Precision@1: 28.618% (6740/23552)
Loss: 1.961 | Precision@1: 28.649% (6784/23680)
Loss: 1.959 | Precision@1: 28.684% (6829/23808)
Loss: 1.957 | Precision@1: 28.752% (6882/23936)
Loss: 1.956 | Precision@1: 28.807% (6932/24064)
Loss: 1.954 | Precision@1: 28.865% (6983/24192)
Loss: 1.953 | Precision@1: 28.882% (7024/24320)
Loss: 1.952 | Precision@1: 28.890% (7063/24448)
Loss: 1.950 | Precision@1: 28.967% (7119/24576)
Loss: 1.949 | Precision@1: 29.028% (7171/24704)
Loss: 1.947 | Precision@1: 29.083% (7222/24832)
Loss: 1.947 | Precision@1: 29.143% (7274/24960)
Loss: 1.946 | Precision@1: 29.157% (7315/25088)
Loss: 1.944 | Precision@1: 29.243% (7374/25216)
Loss: 1.943 | Precision@1: 29.242% (7411/25344)
Loss: 1.941 | Precision@1: 29.326% (7470/25472)
Loss: 1.939 | Precision@1: 29.410% (7529/25600)
Loss: 1.937 | Precision@1: 29.454% (7578/25728)
Loss: 1.936 | Precision@1: 29.502% (7628/25856)
Loss: 1.934 | Precision@1: 29.580% (7686/25984)
Loss: 1.932 | Precision@1: 29.630% (7737/26112)
Loss: 1.930 | Precision@1: 29.737% (7803/26240)
Loss: 1.929 | Precision@1: 29.813% (7861/26368)
Loss: 1.927 | Precision@1: 29.850% (7909/26496)
Loss: 1.926 | Precision@1: 29.905% (7962/26624)
Loss: 1.926 | Precision@1: 29.901% (7999/26752)
Loss: 1.924 | Precision@1: 29.933% (8046/26880)
Loss: 1.922 | Precision@1: 30.006% (8104/27008)
Loss: 1.921 | Precision@1: 30.038% (8151/27136)
Loss: 1.920 | Precision@1: 30.076% (8200/27264)
Loss: 1.919 | Precision@1: 30.140% (8256/27392)
Loss: 1.918 | Precision@1: 30.171% (8303/27520)
Loss: 1.916 | Precision@1: 30.212% (8353/27648)
Loss: 1.914 | Precision@1: 30.274% (8409/27776)
Loss: 1.913 | Precision@1: 30.329% (8463/27904)
Loss: 1.911 | Precision@1: 30.383% (8517/28032)
Loss: 1.909 | Precision@1: 30.444% (8573/28160)
Loss: 1.908 | Precision@1: 30.508% (8630/28288)
Loss: 1.907 | Precision@1: 30.564% (8685/28416)
Loss: 1.905 | Precision@1: 30.588% (8731/28544)
Loss: 1.904 | Precision@1: 30.640% (8785/28672)
Loss: 1.902 | Precision@1: 30.681% (8836/28800)
Loss: 1.902 | Precision@1: 30.721% (8887/28928)
Loss: 1.900 | Precision@1: 30.775% (8942/29056)
Loss: 1.899 | Precision@1: 30.801% (8989/29184)
Loss: 1.897 | Precision@1: 30.851% (9043/29312)
Loss: 1.897 | Precision@1: 30.887% (9093/29440)
Loss: 1.895 | Precision@1: 30.932% (9146/29568)
Loss: 1.893 | Precision@1: 31.011% (9209/29696)
Loss: 1.892 | Precision@1: 31.069% (9266/29824)
Loss: 1.891 | Precision@1: 31.080% (9309/29952)
Loss: 1.890 | Precision@1: 31.097% (9354/30080)
Loss: 1.889 | Precision@1: 31.167% (9415/30208)
Loss: 1.888 | Precision@1: 31.204% (9466/30336)
Loss: 1.887 | Precision@1: 31.214% (9509/30464)
Loss: 1.886 | Precision@1: 31.250% (9560/30592)
Loss: 1.884 | Precision@1: 31.322% (9622/30720)
Loss: 1.883 | Precision@1: 31.354% (9672/30848)
Loss: 1.882 | Precision@1: 31.399% (9726/30976)
Loss: 1.881 | Precision@1: 31.420% (9773/31104)
Loss: 1.880 | Precision@1: 31.458% (9825/31232)
Loss: 1.880 | Precision@1: 31.486% (9874/31360)
Loss: 1.878 | Precision@1: 31.555% (9936/31488)
Loss: 1.876 | Precision@1: 31.604% (9992/31616)
Loss: 1.875 | Precision@1: 31.675% (10055/31744)
Loss: 1.874 | Precision@1: 31.714% (10108/31872)
Loss: 1.874 | Precision@1: 31.731% (10154/32000)
Loss: 1.872 | Precision@1: 31.807% (10219/32128)
Loss: 1.871 | Precision@1: 31.870% (10280/32256)
Loss: 1.870 | Precision@1: 31.902% (10331/32384)
Loss: 1.869 | Precision@1: 31.936% (10383/32512)
Loss: 1.868 | Precision@1: 31.979% (10438/32640)
Loss: 1.868 | Precision@1: 31.989% (10482/32768)
Loss: 1.867 | Precision@1: 31.977% (10519/32896)
Loss: 1.866 | Precision@1: 32.025% (10576/33024)
Loss: 1.865 | Precision@1: 32.049% (10625/33152)
Loss: 1.864 | Precision@1: 32.043% (10664/33280)
Loss: 1.863 | Precision@1: 32.073% (10715/33408)
Loss: 1.862 | Precision@1: 32.091% (10762/33536)
Loss: 1.861 | Precision@1: 32.108% (10809/33664)
Loss: 1.860 | Precision@1: 32.129% (10857/33792)
Loss: 1.859 | Precision@1: 32.164% (10910/33920)
Loss: 1.858 | Precision@1: 32.219% (10970/34048)
Loss: 1.856 | Precision@1: 32.300% (11039/34176)
Loss: 1.855 | Precision@1: 32.358% (11100/34304)
Loss: 1.854 | Precision@1: 32.371% (11146/34432)
Loss: 1.852 | Precision@1: 32.399% (11197/34560)
Loss: 1.852 | Precision@1: 32.400% (11239/34688)
Loss: 1.850 | Precision@1: 32.445% (11296/34816)
Loss: 1.849 | Precision@1: 32.486% (11352/34944)
Loss: 1.848 | Precision@1: 32.522% (11406/35072)
Loss: 1.847 | Precision@1: 32.548% (11457/35200)
Loss: 1.845 | Precision@1: 32.586% (11512/35328)
Loss: 1.844 | Precision@1: 32.632% (11570/35456)
Loss: 1.843 | Precision@1: 32.669% (11625/35584)
Loss: 1.842 | Precision@1: 32.717% (11684/35712)
Loss: 1.841 | Precision@1: 32.748% (11737/35840)
Loss: 1.841 | Precision@1: 32.754% (11781/35968)
Loss: 1.840 | Precision@1: 32.810% (11843/36096)
Loss: 1.839 | Precision@1: 32.873% (11908/36224)
Loss: 1.838 | Precision@1: 32.892% (11957/36352)
Loss: 1.837 | Precision@1: 32.922% (12010/36480)
Loss: 1.836 | Precision@1: 32.979% (12073/36608)
Loss: 1.835 | Precision@1: 33.025% (12132/36736)
Loss: 1.834 | Precision@1: 33.040% (12180/36864)
Loss: 1.833 | Precision@1: 33.096% (12243/36992)
Loss: 1.832 | Precision@1: 33.125% (12296/37120)
Loss: 1.830 | Precision@1: 33.175% (12357/37248)
Loss: 1.829 | Precision@1: 33.208% (12412/37376)
Loss: 1.828 | Precision@1: 33.236% (12465/37504)
Loss: 1.827 | Precision@1: 33.267% (12519/37632)
Loss: 1.826 | Precision@1: 33.310% (12578/37760)
Loss: 1.825 | Precision@1: 33.367% (12642/37888)
Loss: 1.823 | Precision@1: 33.425% (12707/38016)
Loss: 1.822 | Precision@1: 33.444% (12757/38144)
Loss: 1.821 | Precision@1: 33.474% (12811/38272)
Loss: 1.820 | Precision@1: 33.526% (12874/38400)
Loss: 1.819 | Precision@1: 33.552% (12927/38528)
Loss: 1.818 | Precision@1: 33.576% (12979/38656)
Loss: 1.817 | Precision@1: 33.622% (13040/38784)
Loss: 1.815 | Precision@1: 33.671% (13102/38912)
Loss: 1.814 | Precision@1: 33.704% (13158/39040)
Loss: 1.813 | Precision@1: 33.732% (13212/39168)
Loss: 1.813 | Precision@1: 33.734% (13256/39296)
Loss: 1.812 | Precision@1: 33.784% (13319/39424)
Loss: 1.811 | Precision@1: 33.801% (13369/39552)
Loss: 1.810 | Precision@1: 33.843% (13429/39680)
Loss: 1.809 | Precision@1: 33.868% (13482/39808)
Loss: 1.808 | Precision@1: 33.922% (13547/39936)
Loss: 1.806 | Precision@1: 33.943% (13599/40064)
Loss: 1.806 | Precision@1: 33.950% (13645/40192)
Loss: 1.805 | Precision@1: 33.993% (13706/40320)
Loss: 1.803 | Precision@1: 34.026% (13763/40448)
Loss: 1.803 | Precision@1: 34.055% (13818/40576)
Loss: 1.801 | Precision@1: 34.100% (13880/40704)
Loss: 1.800 | Precision@1: 34.130% (13936/40832)
Loss: 1.799 | Precision@1: 34.170% (13996/40960)
Loss: 1.797 | Precision@1: 34.239% (14068/41088)
Loss: 1.797 | Precision@1: 34.256% (14119/41216)
Loss: 1.796 | Precision@1: 34.266% (14167/41344)
Loss: 1.795 | Precision@1: 34.315% (14231/41472)
Loss: 1.794 | Precision@1: 34.351% (14290/41600)
Loss: 1.794 | Precision@1: 34.358% (14337/41728)
Loss: 1.793 | Precision@1: 34.375% (14388/41856)
Loss: 1.792 | Precision@1: 34.425% (14453/41984)
Loss: 1.791 | Precision@1: 34.470% (14516/42112)
Loss: 1.790 | Precision@1: 34.498% (14572/42240)
Loss: 1.789 | Precision@1: 34.535% (14632/42368)
Loss: 1.788 | Precision@1: 34.568% (14690/42496)
Loss: 1.787 | Precision@1: 34.596% (14746/42624)
Loss: 1.787 | Precision@1: 34.614% (14798/42752)
Loss: 1.786 | Precision@1: 34.648% (14857/42880)
Loss: 1.784 | Precision@1: 34.684% (14917/43008)
Loss: 1.783 | Precision@1: 34.734% (14983/43136)
Loss: 1.782 | Precision@1: 34.770% (15043/43264)
Loss: 1.781 | Precision@1: 34.799% (15100/43392)
Loss: 1.779 | Precision@1: 34.858% (15170/43520)
Loss: 1.778 | Precision@1: 34.890% (15229/43648)
Loss: 1.777 | Precision@1: 34.926% (15289/43776)
Loss: 1.776 | Precision@1: 34.963% (15350/43904)
Loss: 1.776 | Precision@1: 34.984% (15404/44032)
Loss: 1.774 | Precision@1: 35.034% (15471/44160)
Loss: 1.773 | Precision@1: 35.100% (15545/44288)
Loss: 1.771 | Precision@1: 35.156% (15615/44416)
Loss: 1.770 | Precision@1: 35.206% (15682/44544)
Loss: 1.769 | Precision@1: 35.250% (15747/44672)
Loss: 1.768 | Precision@1: 35.286% (15808/44800)
Loss: 1.767 | Precision@1: 35.308% (15863/44928)
Loss: 1.767 | Precision@1: 35.334% (15920/45056)
Loss: 1.766 | Precision@1: 35.360% (15977/45184)
Loss: 1.765 | Precision@1: 35.390% (16036/45312)
Loss: 1.765 | Precision@1: 35.423% (16096/45440)
Loss: 1.764 | Precision@1: 35.457% (16157/45568)
Loss: 1.763 | Precision@1: 35.471% (16209/45696)
Loss: 1.762 | Precision@1: 35.534% (16283/45824)
Loss: 1.760 | Precision@1: 35.587% (16353/45952)
Loss: 1.759 | Precision@1: 35.627% (16417/46080)
Loss: 1.758 | Precision@1: 35.652% (16474/46208)
Loss: 1.758 | Precision@1: 35.681% (16533/46336)
Loss: 1.756 | Precision@1: 35.714% (16594/46464)
Loss: 1.755 | Precision@1: 35.746% (16655/46592)
Loss: 1.755 | Precision@1: 35.781% (16717/46720)
Loss: 1.754 | Precision@1: 35.814% (16778/46848)
Loss: 1.753 | Precision@1: 35.852% (16842/46976)
Loss: 1.752 | Precision@1: 35.889% (16905/47104)
Loss: 1.751 | Precision@1: 35.921% (16966/47232)
Loss: 1.750 | Precision@1: 35.952% (17027/47360)
Loss: 1.749 | Precision@1: 35.973% (17083/47488)
Loss: 1.748 | Precision@1: 35.994% (17139/47616)
Loss: 1.747 | Precision@1: 36.030% (17202/47744)
Loss: 1.747 | Precision@1: 36.050% (17258/47872)
Loss: 1.746 | Precision@1: 36.081% (17319/48000)
Loss: 1.745 | Precision@1: 36.118% (17383/48128)
Loss: 1.744 | Precision@1: 36.157% (17448/48256)
Loss: 1.743 | Precision@1: 36.204% (17517/48384)
Loss: 1.742 | Precision@1: 36.238% (17580/48512)
Loss: 1.740 | Precision@1: 36.283% (17648/48640)
Loss: 1.739 | Precision@1: 36.319% (17712/48768)
Loss: 1.738 | Precision@1: 36.375% (17786/48896)
Loss: 1.737 | Precision@1: 36.427% (17858/49024)
Loss: 1.736 | Precision@1: 36.448% (17915/49152)
Loss: 1.735 | Precision@1: 36.485% (17980/49280)
Loss: 1.734 | Precision@1: 36.510% (18039/49408)
Loss: 1.734 | Precision@1: 36.527% (18094/49536)
Loss: 1.733 | Precision@1: 36.560% (18157/49664)
Loss: 1.732 | Precision@1: 36.592% (18220/49792)
Loss: 1.731 | Precision@1: 36.621% (18281/49920)
Loss: 1.731 | Precision@1: 36.614% (18307/50000)

Aggregates: 			
 	 DataLoader Time: 0.3701 			
 	 Mini-batch Time: 14.7057 			
 	 Training Epoch Time: 30.4979
 			
 Averages: 			
 	 Training Loss: 1.7310

 Test set Averages: Loss: 1.636 | Precision@1: 43.210% (4321/10000)

Epoch: 1
Loss: 1.516 | Precision@1: 46.094% (59/128)
Loss: 1.402 | Precision@1: 49.609% (127/256)
Loss: 1.378 | Precision@1: 49.479% (190/384)
Loss: 1.383 | Precision@1: 50.000% (256/512)
Loss: 1.386 | Precision@1: 49.219% (315/640)
Loss: 1.388 | Precision@1: 49.349% (379/768)
Loss: 1.395 | Precision@1: 48.772% (437/896)
Loss: 1.392 | Precision@1: 48.730% (499/1024)
Loss: 1.405 | Precision@1: 48.611% (560/1152)
Loss: 1.393 | Precision@1: 49.141% (629/1280)
Loss: 1.394 | Precision@1: 49.006% (690/1408)
Loss: 1.397 | Precision@1: 48.893% (751/1536)
Loss: 1.396 | Precision@1: 48.798% (812/1664)
Loss: 1.398 | Precision@1: 48.940% (877/1792)
Loss: 1.390 | Precision@1: 49.115% (943/1920)
Loss: 1.381 | Precision@1: 49.219% (1008/2048)
Loss: 1.389 | Precision@1: 49.081% (1068/2176)
Loss: 1.384 | Precision@1: 49.262% (1135/2304)
Loss: 1.392 | Precision@1: 49.013% (1192/2432)
Loss: 1.396 | Precision@1: 48.984% (1254/2560)
Loss: 1.396 | Precision@1: 48.884% (1314/2688)
Loss: 1.394 | Precision@1: 49.148% (1384/2816)
Loss: 1.391 | Precision@1: 49.423% (1455/2944)
Loss: 1.388 | Precision@1: 49.382% (1517/3072)
Loss: 1.392 | Precision@1: 49.344% (1579/3200)
Loss: 1.380 | Precision@1: 49.940% (1662/3328)
Loss: 1.375 | Precision@1: 50.029% (1729/3456)
Loss: 1.373 | Precision@1: 49.944% (1790/3584)
Loss: 1.371 | Precision@1: 50.027% (1857/3712)
Loss: 1.374 | Precision@1: 49.792% (1912/3840)
Loss: 1.372 | Precision@1: 49.748% (1974/3968)
Loss: 1.375 | Precision@1: 49.609% (2032/4096)
Loss: 1.375 | Precision@1: 49.527% (2092/4224)
Loss: 1.371 | Precision@1: 49.678% (2162/4352)
Loss: 1.369 | Precision@1: 49.799% (2231/4480)
Loss: 1.364 | Precision@1: 49.978% (2303/4608)
Loss: 1.366 | Precision@1: 49.873% (2362/4736)
Loss: 1.367 | Precision@1: 49.712% (2418/4864)
Loss: 1.366 | Precision@1: 49.780% (2485/4992)
Loss: 1.363 | Precision@1: 49.941% (2557/5120)
Loss: 1.361 | Precision@1: 50.000% (2624/5248)
Loss: 1.363 | Precision@1: 49.870% (2681/5376)
Loss: 1.364 | Precision@1: 49.945% (2749/5504)
Loss: 1.365 | Precision@1: 49.947% (2813/5632)
Loss: 1.363 | Precision@1: 50.174% (2890/5760)
Loss: 1.364 | Precision@1: 50.221% (2957/5888)
Loss: 1.365 | Precision@1: 50.116% (3015/6016)
Loss: 1.364 | Precision@1: 50.016% (3073/6144)
Loss: 1.368 | Precision@1: 50.000% (3136/6272)
Loss: 1.372 | Precision@1: 50.047% (3203/6400)
Loss: 1.372 | Precision@1: 50.092% (3270/6528)
Loss: 1.371 | Precision@1: 50.030% (3330/6656)
Loss: 1.371 | Precision@1: 50.029% (3394/6784)
Loss: 1.371 | Precision@1: 50.029% (3458/6912)
Loss: 1.372 | Precision@1: 49.986% (3519/7040)
Loss: 1.372 | Precision@1: 49.902% (3577/7168)
Loss: 1.372 | Precision@1: 49.890% (3640/7296)
Loss: 1.370 | Precision@1: 49.946% (3708/7424)
Loss: 1.368 | Precision@1: 49.987% (3775/7552)
Loss: 1.368 | Precision@1: 49.987% (3839/7680)
Loss: 1.367 | Precision@1: 50.051% (3908/7808)
Loss: 1.366 | Precision@1: 50.000% (3968/7936)
Loss: 1.368 | Precision@1: 49.926% (4026/8064)
Loss: 1.367 | Precision@1: 49.915% (4089/8192)
Loss: 1.368 | Precision@1: 49.832% (4146/8320)
Loss: 1.364 | Precision@1: 50.000% (4224/8448)
Loss: 1.361 | Precision@1: 50.082% (4295/8576)
Loss: 1.360 | Precision@1: 50.080% (4359/8704)
Loss: 1.358 | Precision@1: 50.226% (4436/8832)
Loss: 1.357 | Precision@1: 50.290% (4506/8960)
Loss: 1.357 | Precision@1: 50.286% (4570/9088)
Loss: 1.353 | Precision@1: 50.434% (4648/9216)
Loss: 1.353 | Precision@1: 50.385% (4708/9344)
Loss: 1.351 | Precision@1: 50.422% (4776/9472)
Loss: 1.350 | Precision@1: 50.479% (4846/9600)
Loss: 1.350 | Precision@1: 50.463% (4909/9728)
Loss: 1.349 | Precision@1: 50.436% (4971/9856)
Loss: 1.346 | Precision@1: 50.531% (5045/9984)
Loss: 1.343 | Precision@1: 50.653% (5122/10112)
Loss: 1.342 | Precision@1: 50.625% (5184/10240)
Loss: 1.342 | Precision@1: 50.656% (5252/10368)
Loss: 1.342 | Precision@1: 50.648% (5316/10496)
Loss: 1.340 | Precision@1: 50.781% (5395/10624)
Loss: 1.338 | Precision@1: 50.837% (5466/10752)
Loss: 1.339 | Precision@1: 50.800% (5527/10880)
Loss: 1.339 | Precision@1: 50.799% (5592/11008)
Loss: 1.336 | Precision@1: 50.862% (5664/11136)
Loss: 1.335 | Precision@1: 50.870% (5730/11264)
Loss: 1.334 | Precision@1: 50.878% (5796/11392)
Loss: 1.332 | Precision@1: 51.016% (5877/11520)
Loss: 1.333 | Precision@1: 51.030% (5944/11648)
Loss: 1.331 | Precision@1: 51.036% (6010/11776)
Loss: 1.334 | Precision@1: 50.949% (6065/11904)
Loss: 1.334 | Precision@1: 50.881% (6122/12032)
Loss: 1.333 | Precision@1: 50.938% (6194/12160)
Loss: 1.332 | Precision@1: 50.968% (6263/12288)
Loss: 1.330 | Precision@1: 51.047% (6338/12416)
Loss: 1.330 | Precision@1: 50.989% (6396/12544)
Loss: 1.332 | Precision@1: 50.939% (6455/12672)
Loss: 1.332 | Precision@1: 50.922% (6518/12800)
Loss: 1.331 | Precision@1: 50.936% (6585/12928)
Loss: 1.329 | Precision@1: 50.988% (6657/13056)
Loss: 1.330 | Precision@1: 51.024% (6727/13184)
Loss: 1.328 | Precision@1: 51.089% (6801/13312)
Loss: 1.326 | Precision@1: 51.161% (6876/13440)
Loss: 1.325 | Precision@1: 51.142% (6939/13568)
Loss: 1.324 | Precision@1: 51.110% (7000/13696)
Loss: 1.324 | Precision@1: 51.128% (7068/13824)
Loss: 1.323 | Precision@1: 51.183% (7141/13952)
Loss: 1.325 | Precision@1: 51.080% (7192/14080)
Loss: 1.325 | Precision@1: 51.091% (7259/14208)
Loss: 1.327 | Precision@1: 51.046% (7318/14336)
Loss: 1.328 | Precision@1: 51.072% (7387/14464)
Loss: 1.326 | Precision@1: 51.110% (7458/14592)
Loss: 1.326 | Precision@1: 51.128% (7526/14720)
Loss: 1.325 | Precision@1: 51.158% (7596/14848)
Loss: 1.323 | Precision@1: 51.302% (7683/14976)
Loss: 1.323 | Precision@1: 51.337% (7754/15104)
Loss: 1.323 | Precision@1: 51.366% (7824/15232)
Loss: 1.323 | Precision@1: 51.374% (7891/15360)
Loss: 1.322 | Precision@1: 51.420% (7964/15488)
Loss: 1.321 | Precision@1: 51.486% (8040/15616)
Loss: 1.322 | Precision@1: 51.442% (8099/15744)
Loss: 1.322 | Precision@1: 51.411% (8160/15872)
Loss: 1.323 | Precision@1: 51.425% (8228/16000)
Loss: 1.322 | Precision@1: 51.432% (8295/16128)
Loss: 1.321 | Precision@1: 51.421% (8359/16256)
Loss: 1.321 | Precision@1: 51.477% (8434/16384)
Loss: 1.320 | Precision@1: 51.502% (8504/16512)
Loss: 1.320 | Precision@1: 51.496% (8569/16640)
Loss: 1.318 | Precision@1: 51.521% (8639/16768)
Loss: 1.319 | Precision@1: 51.497% (8701/16896)
Loss: 1.320 | Precision@1: 51.469% (8762/17024)
Loss: 1.319 | Precision@1: 51.493% (8832/17152)
Loss: 1.319 | Precision@1: 51.499% (8899/17280)
Loss: 1.318 | Precision@1: 51.597% (8982/17408)
Loss: 1.317 | Precision@1: 51.614% (9051/17536)
Loss: 1.316 | Precision@1: 51.608% (9116/17664)
Loss: 1.314 | Precision@1: 51.658% (9191/17792)
Loss: 1.315 | Precision@1: 51.691% (9263/17920)
Loss: 1.314 | Precision@1: 51.734% (9337/18048)
Loss: 1.313 | Precision@1: 51.772% (9410/18176)
Loss: 1.313 | Precision@1: 51.786% (9479/18304)
Loss: 1.313 | Precision@1: 51.801% (9548/18432)
Loss: 1.313 | Precision@1: 51.762% (9607/18560)
Loss: 1.313 | Precision@1: 51.793% (9679/18688)
Loss: 1.312 | Precision@1: 51.839% (9754/18816)
Loss: 1.310 | Precision@1: 51.890% (9830/18944)
Loss: 1.309 | Precision@1: 51.914% (9901/19072)
Loss: 1.308 | Precision@1: 51.932% (9971/19200)
Loss: 1.308 | Precision@1: 51.935% (10038/19328)
Loss: 1.308 | Precision@1: 51.912% (10100/19456)
Loss: 1.307 | Precision@1: 51.966% (10177/19584)
Loss: 1.306 | Precision@1: 52.014% (10253/19712)
Loss: 1.304 | Precision@1: 52.061% (10329/19840)
Loss: 1.305 | Precision@1: 52.038% (10391/19968)
Loss: 1.304 | Precision@1: 52.080% (10466/20096)
Loss: 1.303 | Precision@1: 52.101% (10537/20224)
Loss: 1.302 | Precision@1: 52.132% (10610/20352)
Loss: 1.302 | Precision@1: 52.119% (10674/20480)
Loss: 1.302 | Precision@1: 52.121% (10741/20608)
Loss: 1.301 | Precision@1: 52.122% (10808/20736)
Loss: 1.300 | Precision@1: 52.190% (10889/20864)
Loss: 1.301 | Precision@1: 52.187% (10955/20992)
Loss: 1.301 | Precision@1: 52.188% (11022/21120)
Loss: 1.300 | Precision@1: 52.254% (11103/21248)
Loss: 1.299 | Precision@1: 52.306% (11181/21376)
Loss: 1.298 | Precision@1: 52.316% (11250/21504)
Loss: 1.298 | Precision@1: 52.321% (11318/21632)
Loss: 1.298 | Precision@1: 52.353% (11392/21760)
Loss: 1.298 | Precision@1: 52.321% (11452/21888)
Loss: 1.297 | Precision@1: 52.312% (11517/22016)
Loss: 1.296 | Precision@1: 52.380% (11599/22144)
Loss: 1.295 | Precision@1: 52.465% (11685/22272)
Loss: 1.294 | Precision@1: 52.460% (11751/22400)
Loss: 1.295 | Precision@1: 52.446% (11815/22528)
Loss: 1.295 | Precision@1: 52.419% (11876/22656)
Loss: 1.294 | Precision@1: 52.471% (11955/22784)
Loss: 1.295 | Precision@1: 52.501% (12029/22912)
Loss: 1.295 | Precision@1: 52.517% (12100/23040)
Loss: 1.293 | Precision@1: 52.573% (12180/23168)
Loss: 1.292 | Precision@1: 52.618% (12258/23296)
Loss: 1.291 | Precision@1: 52.677% (12339/23424)
Loss: 1.290 | Precision@1: 52.717% (12416/23552)
Loss: 1.289 | Precision@1: 52.749% (12491/23680)
Loss: 1.289 | Precision@1: 52.772% (12564/23808)
Loss: 1.288 | Precision@1: 52.803% (12639/23936)
Loss: 1.287 | Precision@1: 52.826% (12712/24064)
Loss: 1.288 | Precision@1: 52.827% (12780/24192)
Loss: 1.288 | Precision@1: 52.817% (12845/24320)
Loss: 1.287 | Precision@1: 52.851% (12921/24448)
Loss: 1.286 | Precision@1: 52.861% (12991/24576)
Loss: 1.285 | Precision@1: 52.886% (13065/24704)
Loss: 1.285 | Precision@1: 52.932% (13144/24832)
Loss: 1.284 | Precision@1: 52.981% (13224/24960)
Loss: 1.283 | Precision@1: 53.013% (13300/25088)
Loss: 1.283 | Precision@1: 52.994% (13363/25216)
Loss: 1.283 | Precision@1: 52.995% (13431/25344)
Loss: 1.282 | Precision@1: 52.984% (13496/25472)
Loss: 1.283 | Precision@1: 52.980% (13563/25600)
Loss: 1.282 | Precision@1: 53.012% (13639/25728)
Loss: 1.282 | Precision@1: 53.052% (13717/25856)
Loss: 1.281 | Precision@1: 53.075% (13791/25984)
Loss: 1.282 | Precision@1: 53.068% (13857/26112)
Loss: 1.282 | Precision@1: 53.068% (13925/26240)
Loss: 1.282 | Precision@1: 53.057% (13990/26368)
Loss: 1.281 | Precision@1: 53.091% (14067/26496)
Loss: 1.281 | Precision@1: 53.106% (14139/26624)
Loss: 1.280 | Precision@1: 53.129% (14213/26752)
Loss: 1.280 | Precision@1: 53.132% (14282/26880)
Loss: 1.280 | Precision@1: 53.158% (14357/27008)
Loss: 1.280 | Precision@1: 53.158% (14425/27136)
Loss: 1.280 | Precision@1: 53.162% (14494/27264)
Loss: 1.279 | Precision@1: 53.205% (14574/27392)
Loss: 1.278 | Precision@1: 53.209% (14643/27520)
Loss: 1.278 | Precision@1: 53.234% (14718/27648)
Loss: 1.277 | Precision@1: 53.276% (14798/27776)
Loss: 1.276 | Precision@1: 53.283% (14868/27904)
Loss: 1.276 | Precision@1: 53.332% (14950/28032)
Loss: 1.275 | Precision@1: 53.320% (15015/28160)
Loss: 1.275 | Precision@1: 53.295% (15076/28288)
Loss: 1.275 | Precision@1: 53.290% (15143/28416)
Loss: 1.274 | Precision@1: 53.349% (15228/28544)
Loss: 1.274 | Precision@1: 53.373% (15303/28672)
Loss: 1.273 | Precision@1: 53.399% (15379/28800)
Loss: 1.273 | Precision@1: 53.412% (15451/28928)
Loss: 1.273 | Precision@1: 53.431% (15525/29056)
Loss: 1.273 | Precision@1: 53.437% (15595/29184)
Loss: 1.273 | Precision@1: 53.435% (15663/29312)
Loss: 1.273 | Precision@1: 53.475% (15743/29440)
Loss: 1.272 | Precision@1: 53.487% (15815/29568)
Loss: 1.272 | Precision@1: 53.462% (15876/29696)
Loss: 1.272 | Precision@1: 53.484% (15951/29824)
Loss: 1.272 | Precision@1: 53.476% (16017/29952)
Loss: 1.271 | Precision@1: 53.497% (16092/30080)
Loss: 1.271 | Precision@1: 53.519% (16167/30208)
Loss: 1.270 | Precision@1: 53.534% (16240/30336)
Loss: 1.269 | Precision@1: 53.545% (16312/30464)
Loss: 1.269 | Precision@1: 53.563% (16386/30592)
Loss: 1.269 | Precision@1: 53.574% (16458/30720)
Loss: 1.268 | Precision@1: 53.605% (16536/30848)
Loss: 1.267 | Precision@1: 53.635% (16614/30976)
Loss: 1.266 | Precision@1: 53.665% (16692/31104)
Loss: 1.265 | Precision@1: 53.717% (16777/31232)
Loss: 1.264 | Precision@1: 53.769% (16862/31360)
Loss: 1.263 | Precision@1: 53.795% (16939/31488)
Loss: 1.263 | Precision@1: 53.799% (17009/31616)
Loss: 1.263 | Precision@1: 53.780% (17072/31744)
Loss: 1.263 | Precision@1: 53.790% (17144/31872)
Loss: 1.263 | Precision@1: 53.788% (17212/32000)
Loss: 1.262 | Precision@1: 53.832% (17295/32128)
Loss: 1.261 | Precision@1: 53.860% (17373/32256)
Loss: 1.261 | Precision@1: 53.891% (17452/32384)
Loss: 1.260 | Precision@1: 53.906% (17526/32512)
Loss: 1.260 | Precision@1: 53.925% (17601/32640)
Loss: 1.259 | Precision@1: 53.958% (17681/32768)
Loss: 1.258 | Precision@1: 53.979% (17757/32896)
Loss: 1.258 | Precision@1: 54.003% (17834/33024)
Loss: 1.257 | Precision@1: 54.045% (17917/33152)
Loss: 1.256 | Precision@1: 54.075% (17996/33280)
Loss: 1.256 | Precision@1: 54.086% (18069/33408)
Loss: 1.255 | Precision@1: 54.121% (18150/33536)
Loss: 1.254 | Precision@1: 54.174% (18237/33664)
Loss: 1.253 | Precision@1: 54.202% (18316/33792)
Loss: 1.252 | Precision@1: 54.251% (18402/33920)
Loss: 1.252 | Precision@1: 54.247% (18470/34048)
Loss: 1.252 | Precision@1: 54.269% (18547/34176)
Loss: 1.251 | Precision@1: 54.285% (18622/34304)
Loss: 1.250 | Precision@1: 54.327% (18706/34432)
Loss: 1.250 | Precision@1: 54.326% (18775/34560)
Loss: 1.250 | Precision@1: 54.347% (18852/34688)
Loss: 1.249 | Precision@1: 54.372% (18930/34816)
Loss: 1.250 | Precision@1: 54.356% (18994/34944)
Loss: 1.250 | Precision@1: 54.345% (19060/35072)
Loss: 1.250 | Precision@1: 54.341% (19128/35200)
Loss: 1.249 | Precision@1: 54.339% (19197/35328)
Loss: 1.250 | Precision@1: 54.332% (19264/35456)
Loss: 1.249 | Precision@1: 54.322% (19330/35584)
Loss: 1.249 | Precision@1: 54.351% (19410/35712)
Loss: 1.249 | Precision@1: 54.330% (19472/35840)
Loss: 1.249 | Precision@1: 54.323% (19539/35968)
Loss: 1.248 | Precision@1: 54.338% (19614/36096)
Loss: 1.248 | Precision@1: 54.340% (19684/36224)
Loss: 1.248 | Precision@1: 54.338% (19753/36352)
Loss: 1.247 | Precision@1: 54.361% (19831/36480)
Loss: 1.247 | Precision@1: 54.384% (19909/36608)
Loss: 1.246 | Precision@1: 54.432% (19996/36736)
Loss: 1.245 | Precision@1: 54.454% (20074/36864)
Loss: 1.244 | Precision@1: 54.498% (20160/36992)
Loss: 1.244 | Precision@1: 54.531% (20242/37120)
Loss: 1.243 | Precision@1: 54.518% (20307/37248)
Loss: 1.243 | Precision@1: 54.535% (20383/37376)
Loss: 1.242 | Precision@1: 54.578% (20469/37504)
Loss: 1.241 | Precision@1: 54.621% (20555/37632)
Loss: 1.241 | Precision@1: 54.632% (20629/37760)
Loss: 1.241 | Precision@1: 54.643% (20703/37888)
Loss: 1.240 | Precision@1: 54.685% (20789/38016)
Loss: 1.239 | Precision@1: 54.698% (20864/38144)
Loss: 1.238 | Precision@1: 54.708% (20938/38272)
Loss: 1.239 | Precision@1: 54.708% (21008/38400)
Loss: 1.238 | Precision@1: 54.711% (21079/38528)
Loss: 1.238 | Precision@1: 54.731% (21157/38656)
Loss: 1.236 | Precision@1: 54.775% (21244/38784)
Loss: 1.236 | Precision@1: 54.801% (21324/38912)
Loss: 1.235 | Precision@1: 54.828% (21405/39040)
Loss: 1.235 | Precision@1: 54.846% (21482/39168)
Loss: 1.235 | Precision@1: 54.868% (21561/39296)
Loss: 1.235 | Precision@1: 54.873% (21633/39424)
Loss: 1.234 | Precision@1: 54.890% (21710/39552)
Loss: 1.234 | Precision@1: 54.904% (21786/39680)
Loss: 1.234 | Precision@1: 54.921% (21863/39808)
Loss: 1.233 | Precision@1: 54.928% (21936/39936)
Loss: 1.233 | Precision@1: 54.930% (22007/40064)
Loss: 1.232 | Precision@1: 54.954% (22087/40192)
Loss: 1.232 | Precision@1: 54.983% (22169/40320)
Loss: 1.231 | Precision@1: 54.997% (22245/40448)
Loss: 1.231 | Precision@1: 54.998% (22316/40576)
Loss: 1.230 | Precision@1: 55.022% (22396/40704)
Loss: 1.230 | Precision@1: 55.001% (22458/40832)
Loss: 1.230 | Precision@1: 54.988% (22523/40960)
Loss: 1.230 | Precision@1: 54.999% (22598/41088)
Loss: 1.229 | Precision@1: 55.022% (22678/41216)
Loss: 1.229 | Precision@1: 55.043% (22757/41344)
Loss: 1.229 | Precision@1: 55.068% (22838/41472)
Loss: 1.228 | Precision@1: 55.082% (22914/41600)
Loss: 1.228 | Precision@1: 55.100% (22992/41728)
Loss: 1.228 | Precision@1: 55.108% (23066/41856)
Loss: 1.228 | Precision@1: 55.121% (23142/41984)
Loss: 1.227 | Precision@1: 55.127% (23215/42112)
Loss: 1.227 | Precision@1: 55.125% (23285/42240)
Loss: 1.226 | Precision@1: 55.145% (23364/42368)
Loss: 1.226 | Precision@1: 55.165% (23443/42496)
Loss: 1.225 | Precision@1: 55.194% (23526/42624)
Loss: 1.225 | Precision@1: 55.207% (23602/42752)
Loss: 1.224 | Precision@1: 55.222% (23679/42880)
Loss: 1.224 | Precision@1: 55.236% (23756/43008)
Loss: 1.223 | Precision@1: 55.260% (23837/43136)
Loss: 1.223 | Precision@1: 55.268% (23911/43264)
Loss: 1.222 | Precision@1: 55.296% (23994/43392)
Loss: 1.222 | Precision@1: 55.324% (24077/43520)
Loss: 1.222 | Precision@1: 55.347% (24158/43648)
Loss: 1.221 | Precision@1: 55.371% (24239/43776)
Loss: 1.221 | Precision@1: 55.389% (24318/43904)
Loss: 1.220 | Precision@1: 55.407% (24397/44032)
Loss: 1.220 | Precision@1: 55.426% (24476/44160)
Loss: 1.219 | Precision@1: 55.471% (24567/44288)
Loss: 1.219 | Precision@1: 55.500% (24651/44416)
Loss: 1.219 | Precision@1: 55.496% (24720/44544)
Loss: 1.219 | Precision@1: 55.505% (24795/44672)
Loss: 1.218 | Precision@1: 55.522% (24874/44800)
Loss: 1.217 | Precision@1: 55.549% (24957/44928)
Loss: 1.216 | Precision@1: 55.597% (25050/45056)
Loss: 1.216 | Precision@1: 55.628% (25135/45184)
Loss: 1.215 | Precision@1: 55.648% (25215/45312)
Loss: 1.215 | Precision@1: 55.662% (25293/45440)
Loss: 1.214 | Precision@1: 55.679% (25372/45568)
Loss: 1.214 | Precision@1: 55.679% (25443/45696)
Loss: 1.214 | Precision@1: 55.718% (25532/45824)
Loss: 1.213 | Precision@1: 55.743% (25615/45952)
Loss: 1.213 | Precision@1: 55.749% (25689/46080)
Loss: 1.212 | Precision@1: 55.754% (25763/46208)
Loss: 1.212 | Precision@1: 55.769% (25841/46336)
Loss: 1.211 | Precision@1: 55.794% (25924/46464)
Loss: 1.211 | Precision@1: 55.793% (25995/46592)
Loss: 1.210 | Precision@1: 55.813% (26076/46720)
Loss: 1.211 | Precision@1: 55.812% (26147/46848)
Loss: 1.211 | Precision@1: 55.803% (26214/46976)
Loss: 1.211 | Precision@1: 55.828% (26297/47104)
Loss: 1.210 | Precision@1: 55.860% (26384/47232)
Loss: 1.210 | Precision@1: 55.878% (26464/47360)
Loss: 1.209 | Precision@1: 55.877% (26535/47488)
Loss: 1.209 | Precision@1: 55.885% (26610/47616)
Loss: 1.208 | Precision@1: 55.917% (26697/47744)
Loss: 1.208 | Precision@1: 55.922% (26771/47872)
Loss: 1.208 | Precision@1: 55.950% (26856/48000)
Loss: 1.207 | Precision@1: 55.963% (26934/48128)
Loss: 1.207 | Precision@1: 56.008% (27027/48256)
Loss: 1.207 | Precision@1: 56.012% (27101/48384)
Loss: 1.206 | Precision@1: 56.029% (27181/48512)
Loss: 1.206 | Precision@1: 56.057% (27266/48640)
Loss: 1.205 | Precision@1: 56.096% (27357/48768)
Loss: 1.205 | Precision@1: 56.109% (27435/48896)
Loss: 1.204 | Precision@1: 56.121% (27513/49024)
Loss: 1.203 | Precision@1: 56.146% (27597/49152)
Loss: 1.203 | Precision@1: 56.153% (27672/49280)
Loss: 1.203 | Precision@1: 56.165% (27750/49408)
Loss: 1.202 | Precision@1: 56.179% (27829/49536)
Loss: 1.202 | Precision@1: 56.173% (27898/49664)
Loss: 1.202 | Precision@1: 56.178% (27972/49792)
Loss: 1.202 | Precision@1: 56.196% (28053/49920)
Loss: 1.201 | Precision@1: 56.220% (28110/50000)

Aggregates: 			
 	 DataLoader Time: 0.4056 			
 	 Mini-batch Time: 14.6289 			
 	 Training Epoch Time: 30.4632
 			
 Averages: 			
 	 Training Loss: 1.2010

 Test set Averages: Loss: 1.298 | Precision@1: 53.310% (5331/10000)

Epoch: 2
Loss: 1.203 | Precision@1: 55.469% (71/128)
Loss: 1.112 | Precision@1: 57.031% (146/256)
Loss: 1.089 | Precision@1: 59.375% (228/384)
Loss: 1.107 | Precision@1: 60.156% (308/512)
Loss: 1.108 | Precision@1: 60.469% (387/640)
Loss: 1.093 | Precision@1: 60.807% (467/768)
Loss: 1.077 | Precision@1: 61.384% (550/896)
Loss: 1.068 | Precision@1: 61.328% (628/1024)
Loss: 1.058 | Precision@1: 61.285% (706/1152)
Loss: 1.052 | Precision@1: 61.641% (789/1280)
Loss: 1.052 | Precision@1: 62.074% (874/1408)
Loss: 1.052 | Precision@1: 62.044% (953/1536)
Loss: 1.048 | Precision@1: 62.380% (1038/1664)
Loss: 1.034 | Precision@1: 63.281% (1134/1792)
Loss: 1.039 | Precision@1: 63.385% (1217/1920)
Loss: 1.043 | Precision@1: 63.135% (1293/2048)
Loss: 1.044 | Precision@1: 63.143% (1374/2176)
Loss: 1.046 | Precision@1: 62.847% (1448/2304)
Loss: 1.049 | Precision@1: 62.664% (1524/2432)
Loss: 1.051 | Precision@1: 62.734% (1606/2560)
Loss: 1.056 | Precision@1: 62.463% (1679/2688)
Loss: 1.057 | Precision@1: 62.358% (1756/2816)
Loss: 1.059 | Precision@1: 62.058% (1827/2944)
Loss: 1.065 | Precision@1: 61.914% (1902/3072)
Loss: 1.061 | Precision@1: 62.031% (1985/3200)
Loss: 1.064 | Precision@1: 61.959% (2062/3328)
Loss: 1.063 | Precision@1: 62.066% (2145/3456)
Loss: 1.058 | Precision@1: 62.221% (2230/3584)
Loss: 1.059 | Precision@1: 62.150% (2307/3712)
Loss: 1.062 | Precision@1: 62.109% (2385/3840)
Loss: 1.066 | Precision@1: 61.769% (2451/3968)
Loss: 1.063 | Precision@1: 62.036% (2541/4096)
Loss: 1.063 | Precision@1: 62.003% (2619/4224)
Loss: 1.060 | Precision@1: 61.994% (2698/4352)
Loss: 1.062 | Precision@1: 61.853% (2771/4480)
Loss: 1.060 | Precision@1: 61.914% (2853/4608)
Loss: 1.061 | Precision@1: 61.930% (2933/4736)
Loss: 1.060 | Precision@1: 61.986% (3015/4864)
Loss: 1.060 | Precision@1: 61.979% (3094/4992)
Loss: 1.056 | Precision@1: 62.129% (3181/5120)
Loss: 1.057 | Precision@1: 62.081% (3258/5248)
Loss: 1.060 | Precision@1: 61.942% (3330/5376)
Loss: 1.061 | Precision@1: 61.900% (3407/5504)
Loss: 1.057 | Precision@1: 61.914% (3487/5632)
Loss: 1.057 | Precision@1: 61.927% (3567/5760)
Loss: 1.059 | Precision@1: 61.889% (3644/5888)
Loss: 1.062 | Precision@1: 61.769% (3716/6016)
Loss: 1.060 | Precision@1: 61.914% (3804/6144)
Loss: 1.058 | Precision@1: 61.990% (3888/6272)
Loss: 1.054 | Precision@1: 62.156% (3978/6400)
Loss: 1.053 | Precision@1: 62.178% (4059/6528)
Loss: 1.053 | Precision@1: 62.064% (4131/6656)
Loss: 1.054 | Precision@1: 62.058% (4210/6784)
Loss: 1.052 | Precision@1: 62.153% (4296/6912)
Loss: 1.053 | Precision@1: 62.188% (4378/7040)
Loss: 1.052 | Precision@1: 62.235% (4461/7168)
Loss: 1.050 | Precision@1: 62.240% (4541/7296)
Loss: 1.047 | Precision@1: 62.352% (4629/7424)
Loss: 1.050 | Precision@1: 62.262% (4702/7552)
Loss: 1.050 | Precision@1: 62.292% (4784/7680)
Loss: 1.049 | Precision@1: 62.359% (4869/7808)
Loss: 1.045 | Precision@1: 62.487% (4959/7936)
Loss: 1.043 | Precision@1: 62.512% (5041/8064)
Loss: 1.043 | Precision@1: 62.549% (5124/8192)
Loss: 1.043 | Precision@1: 62.584% (5207/8320)
Loss: 1.043 | Precision@1: 62.583% (5287/8448)
Loss: 1.040 | Precision@1: 62.652% (5373/8576)
Loss: 1.039 | Precision@1: 62.661% (5454/8704)
Loss: 1.036 | Precision@1: 62.692% (5537/8832)
Loss: 1.033 | Precision@1: 62.868% (5633/8960)
Loss: 1.033 | Precision@1: 62.940% (5720/9088)
Loss: 1.032 | Precision@1: 63.032% (5809/9216)
Loss: 1.031 | Precision@1: 63.067% (5893/9344)
Loss: 1.030 | Precision@1: 63.060% (5973/9472)
Loss: 1.031 | Precision@1: 63.021% (6050/9600)
Loss: 1.031 | Precision@1: 63.024% (6131/9728)
Loss: 1.031 | Precision@1: 63.017% (6211/9856)
Loss: 1.031 | Precision@1: 62.991% (6289/9984)
Loss: 1.030 | Precision@1: 63.054% (6376/10112)
Loss: 1.027 | Precision@1: 63.115% (6463/10240)
Loss: 1.029 | Precision@1: 63.127% (6545/10368)
Loss: 1.029 | Precision@1: 63.072% (6620/10496)
Loss: 1.029 | Precision@1: 63.055% (6699/10624)
Loss: 1.029 | Precision@1: 63.030% (6777/10752)
Loss: 1.028 | Precision@1: 63.088% (6864/10880)
Loss: 1.027 | Precision@1: 63.100% (6946/11008)
Loss: 1.026 | Precision@1: 63.129% (7030/11136)
Loss: 1.027 | Precision@1: 63.121% (7110/11264)
Loss: 1.029 | Precision@1: 63.044% (7182/11392)
Loss: 1.030 | Precision@1: 63.003% (7258/11520)
Loss: 1.031 | Precision@1: 63.032% (7342/11648)
Loss: 1.028 | Precision@1: 63.120% (7433/11776)
Loss: 1.026 | Precision@1: 63.164% (7519/11904)
Loss: 1.024 | Precision@1: 63.240% (7609/12032)
Loss: 1.024 | Precision@1: 63.232% (7689/12160)
Loss: 1.023 | Precision@1: 63.249% (7772/12288)
Loss: 1.022 | Precision@1: 63.330% (7863/12416)
Loss: 1.021 | Precision@1: 63.377% (7950/12544)
Loss: 1.019 | Precision@1: 63.463% (8042/12672)
Loss: 1.017 | Precision@1: 63.547% (8134/12800)
Loss: 1.016 | Precision@1: 63.614% (8224/12928)
Loss: 1.016 | Precision@1: 63.580% (8301/13056)
Loss: 1.016 | Precision@1: 63.532% (8376/13184)
Loss: 1.015 | Precision@1: 63.589% (8465/13312)
Loss: 1.014 | Precision@1: 63.668% (8557/13440)
Loss: 1.014 | Precision@1: 63.613% (8631/13568)
Loss: 1.014 | Precision@1: 63.617% (8713/13696)
Loss: 1.014 | Precision@1: 63.614% (8794/13824)
Loss: 1.015 | Precision@1: 63.561% (8868/13952)
Loss: 1.016 | Precision@1: 63.516% (8943/14080)
Loss: 1.016 | Precision@1: 63.514% (9024/14208)
Loss: 1.015 | Precision@1: 63.567% (9113/14336)
Loss: 1.016 | Precision@1: 63.516% (9187/14464)
Loss: 1.016 | Precision@1: 63.501% (9266/14592)
Loss: 1.016 | Precision@1: 63.519% (9350/14720)
Loss: 1.016 | Precision@1: 63.483% (9426/14848)
Loss: 1.016 | Precision@1: 63.502% (9510/14976)
Loss: 1.017 | Precision@1: 63.486% (9589/15104)
Loss: 1.016 | Precision@1: 63.537% (9678/15232)
Loss: 1.015 | Precision@1: 63.620% (9772/15360)
Loss: 1.015 | Precision@1: 63.630% (9855/15488)
Loss: 1.016 | Precision@1: 63.582% (9929/15616)
Loss: 1.016 | Precision@1: 63.605% (10014/15744)
Loss: 1.015 | Precision@1: 63.628% (10099/15872)
Loss: 1.015 | Precision@1: 63.656% (10185/16000)
Loss: 1.014 | Precision@1: 63.690% (10272/16128)
Loss: 1.014 | Precision@1: 63.693% (10354/16256)
Loss: 1.013 | Precision@1: 63.696% (10436/16384)
Loss: 1.013 | Precision@1: 63.729% (10523/16512)
Loss: 1.013 | Precision@1: 63.714% (10602/16640)
Loss: 1.015 | Precision@1: 63.693% (10680/16768)
Loss: 1.014 | Precision@1: 63.725% (10767/16896)
Loss: 1.014 | Precision@1: 63.728% (10849/17024)
Loss: 1.014 | Precision@1: 63.695% (10925/17152)
Loss: 1.013 | Precision@1: 63.767% (11019/17280)
Loss: 1.013 | Precision@1: 63.695% (11088/17408)
Loss: 1.013 | Precision@1: 63.692% (11169/17536)
Loss: 1.012 | Precision@1: 63.768% (11264/17664)
Loss: 1.012 | Precision@1: 63.776% (11347/17792)
Loss: 1.013 | Precision@1: 63.767% (11427/17920)
Loss: 1.013 | Precision@1: 63.785% (11512/18048)
Loss: 1.011 | Precision@1: 63.809% (11598/18176)
Loss: 1.011 | Precision@1: 63.822% (11682/18304)
Loss: 1.010 | Precision@1: 63.824% (11764/18432)
Loss: 1.009 | Precision@1: 63.847% (11850/18560)
Loss: 1.010 | Precision@1: 63.843% (11931/18688)
Loss: 1.010 | Precision@1: 63.871% (12018/18816)
Loss: 1.009 | Precision@1: 63.915% (12108/18944)
Loss: 1.009 | Precision@1: 63.942% (12195/19072)
Loss: 1.008 | Precision@1: 63.943% (12277/19200)
Loss: 1.008 | Precision@1: 63.938% (12358/19328)
Loss: 1.008 | Precision@1: 63.913% (12435/19456)
Loss: 1.008 | Precision@1: 63.920% (12518/19584)
Loss: 1.007 | Precision@1: 63.956% (12607/19712)
Loss: 1.007 | Precision@1: 63.967% (12691/19840)
Loss: 1.007 | Precision@1: 63.962% (12772/19968)
Loss: 1.007 | Precision@1: 63.988% (12859/20096)
Loss: 1.006 | Precision@1: 64.038% (12951/20224)
Loss: 1.006 | Precision@1: 64.082% (13042/20352)
Loss: 1.005 | Precision@1: 64.141% (13136/20480)
Loss: 1.004 | Precision@1: 64.189% (13228/20608)
Loss: 1.004 | Precision@1: 64.183% (13309/20736)
Loss: 1.004 | Precision@1: 64.211% (13397/20864)
Loss: 1.004 | Precision@1: 64.172% (13471/20992)
Loss: 1.004 | Precision@1: 64.176% (13554/21120)
Loss: 1.004 | Precision@1: 64.194% (13640/21248)
Loss: 1.004 | Precision@1: 64.208% (13725/21376)
Loss: 1.003 | Precision@1: 64.221% (13810/21504)
Loss: 1.004 | Precision@1: 64.197% (13887/21632)
Loss: 1.003 | Precision@1: 64.223% (13975/21760)
Loss: 1.004 | Precision@1: 64.209% (14054/21888)
Loss: 1.003 | Precision@1: 64.212% (14137/22016)
Loss: 1.003 | Precision@1: 64.198% (14216/22144)
Loss: 1.003 | Precision@1: 64.193% (14297/22272)
Loss: 1.003 | Precision@1: 64.147% (14369/22400)
Loss: 1.004 | Precision@1: 64.120% (14445/22528)
Loss: 1.004 | Precision@1: 64.120% (14527/22656)
Loss: 1.003 | Precision@1: 64.163% (14619/22784)
Loss: 1.003 | Precision@1: 64.172% (14703/22912)
Loss: 1.004 | Precision@1: 64.175% (14786/23040)
Loss: 1.004 | Precision@1: 64.175% (14868/23168)
Loss: 1.004 | Precision@1: 64.153% (14945/23296)
Loss: 1.003 | Precision@1: 64.182% (15034/23424)
Loss: 1.003 | Precision@1: 64.194% (15119/23552)
Loss: 1.002 | Precision@1: 64.210% (15205/23680)
Loss: 1.002 | Precision@1: 64.210% (15287/23808)
Loss: 1.002 | Precision@1: 64.221% (15372/23936)
Loss: 1.002 | Precision@1: 64.220% (15454/24064)
Loss: 1.002 | Precision@1: 64.215% (15535/24192)
Loss: 1.002 | Precision@1: 64.219% (15618/24320)
Loss: 1.002 | Precision@1: 64.230% (15703/24448)
Loss: 1.003 | Precision@1: 64.213% (15781/24576)
Loss: 1.004 | Precision@1: 64.188% (15857/24704)
Loss: 1.003 | Precision@1: 64.220% (15947/24832)
Loss: 1.003 | Precision@1: 64.231% (16032/24960)
Loss: 1.002 | Precision@1: 64.262% (16122/25088)
Loss: 1.001 | Precision@1: 64.293% (16212/25216)
Loss: 1.002 | Precision@1: 64.280% (16291/25344)
Loss: 1.002 | Precision@1: 64.259% (16368/25472)
Loss: 1.002 | Precision@1: 64.281% (16456/25600)
Loss: 1.002 | Precision@1: 64.249% (16530/25728)
Loss: 1.002 | Precision@1: 64.229% (16607/25856)
Loss: 1.002 | Precision@1: 64.232% (16690/25984)
Loss: 1.002 | Precision@1: 64.227% (16771/26112)
Loss: 1.001 | Precision@1: 64.253% (16860/26240)
Loss: 1.000 | Precision@1: 64.256% (16943/26368)
Loss: 1.000 | Precision@1: 64.263% (17027/26496)
Loss: 1.000 | Precision@1: 64.250% (17106/26624)
Loss: 0.999 | Precision@1: 64.272% (17194/26752)
Loss: 0.999 | Precision@1: 64.278% (17278/26880)
Loss: 0.999 | Precision@1: 64.270% (17358/27008)
Loss: 0.999 | Precision@1: 64.284% (17444/27136)
Loss: 1.000 | Precision@1: 64.283% (17526/27264)
Loss: 0.999 | Precision@1: 64.296% (17612/27392)
Loss: 0.999 | Precision@1: 64.295% (17694/27520)
Loss: 0.999 | Precision@1: 64.319% (17783/27648)
Loss: 0.998 | Precision@1: 64.336% (17870/27776)
Loss: 0.998 | Precision@1: 64.367% (17961/27904)
Loss: 0.997 | Precision@1: 64.398% (18052/28032)
Loss: 0.996 | Precision@1: 64.411% (18138/28160)
Loss: 0.996 | Precision@1: 64.409% (18220/28288)
Loss: 0.997 | Precision@1: 64.393% (18298/28416)
Loss: 0.997 | Precision@1: 64.395% (18381/28544)
Loss: 0.997 | Precision@1: 64.394% (18463/28672)
Loss: 0.997 | Precision@1: 64.399% (18547/28800)
Loss: 0.997 | Precision@1: 64.398% (18629/28928)
Loss: 0.997 | Precision@1: 64.396% (18711/29056)
Loss: 0.997 | Precision@1: 64.398% (18794/29184)
Loss: 0.996 | Precision@1: 64.400% (18877/29312)
Loss: 0.996 | Precision@1: 64.389% (18956/29440)
Loss: 0.996 | Precision@1: 64.401% (19042/29568)
Loss: 0.995 | Precision@1: 64.409% (19127/29696)
Loss: 0.994 | Precision@1: 64.445% (19220/29824)
Loss: 0.994 | Precision@1: 64.450% (19304/29952)
Loss: 0.993 | Precision@1: 64.465% (19391/30080)
Loss: 0.993 | Precision@1: 64.490% (19481/30208)
Loss: 0.994 | Precision@1: 64.498% (19566/30336)
Loss: 0.993 | Precision@1: 64.529% (19658/30464)
Loss: 0.992 | Precision@1: 64.559% (19750/30592)
Loss: 0.991 | Precision@1: 64.616% (19850/30720)
Loss: 0.991 | Precision@1: 64.630% (19937/30848)
Loss: 0.990 | Precision@1: 64.653% (20027/30976)
Loss: 0.989 | Precision@1: 64.667% (20114/31104)
Loss: 0.989 | Precision@1: 64.690% (20204/31232)
Loss: 0.989 | Precision@1: 64.700% (20290/31360)
Loss: 0.989 | Precision@1: 64.679% (20366/31488)
Loss: 0.989 | Precision@1: 64.714% (20460/31616)
Loss: 0.989 | Precision@1: 64.705% (20540/31744)
Loss: 0.988 | Precision@1: 64.740% (20634/31872)
Loss: 0.987 | Precision@1: 64.772% (20727/32000)
Loss: 0.986 | Precision@1: 64.769% (20809/32128)
Loss: 0.987 | Precision@1: 64.766% (20891/32256)
Loss: 0.986 | Precision@1: 64.785% (20980/32384)
Loss: 0.986 | Precision@1: 64.813% (21072/32512)
Loss: 0.986 | Precision@1: 64.795% (21149/32640)
Loss: 0.986 | Precision@1: 64.786% (21229/32768)
Loss: 0.986 | Precision@1: 64.801% (21317/32896)
Loss: 0.986 | Precision@1: 64.795% (21398/33024)
Loss: 0.986 | Precision@1: 64.795% (21481/33152)
Loss: 0.986 | Precision@1: 64.766% (21554/33280)
Loss: 0.986 | Precision@1: 64.757% (21634/33408)
Loss: 0.985 | Precision@1: 64.775% (21723/33536)
Loss: 0.985 | Precision@1: 64.805% (21816/33664)
Loss: 0.984 | Precision@1: 64.829% (21907/33792)
Loss: 0.985 | Precision@1: 64.826% (21989/33920)
Loss: 0.985 | Precision@1: 64.829% (22073/34048)
Loss: 0.985 | Precision@1: 64.800% (22146/34176)
Loss: 0.985 | Precision@1: 64.815% (22234/34304)
Loss: 0.985 | Precision@1: 64.826% (22321/34432)
Loss: 0.985 | Precision@1: 64.823% (22403/34560)
Loss: 0.985 | Precision@1: 64.824% (22486/34688)
Loss: 0.986 | Precision@1: 64.812% (22565/34816)
Loss: 0.986 | Precision@1: 64.804% (22645/34944)
Loss: 0.985 | Precision@1: 64.844% (22742/35072)
Loss: 0.984 | Precision@1: 64.855% (22829/35200)
Loss: 0.984 | Precision@1: 64.866% (22916/35328)
Loss: 0.984 | Precision@1: 64.861% (22997/35456)
Loss: 0.984 | Precision@1: 64.875% (23085/35584)
Loss: 0.984 | Precision@1: 64.883% (23171/35712)
Loss: 0.983 | Precision@1: 64.891% (23257/35840)
Loss: 0.983 | Precision@1: 64.905% (23345/35968)
Loss: 0.982 | Precision@1: 64.949% (23444/36096)
Loss: 0.982 | Precision@1: 64.990% (23542/36224)
Loss: 0.982 | Precision@1: 64.987% (23624/36352)
Loss: 0.982 | Precision@1: 64.973% (23702/36480)
Loss: 0.982 | Precision@1: 64.969% (23784/36608)
Loss: 0.982 | Precision@1: 64.969% (23867/36736)
Loss: 0.982 | Precision@1: 64.966% (23949/36864)
Loss: 0.982 | Precision@1: 64.957% (24029/36992)
Loss: 0.982 | Precision@1: 64.960% (24113/37120)
Loss: 0.982 | Precision@1: 64.938% (24188/37248)
Loss: 0.982 | Precision@1: 64.951% (24276/37376)
Loss: 0.981 | Precision@1: 64.945% (24357/37504)
Loss: 0.982 | Precision@1: 64.926% (24433/37632)
Loss: 0.981 | Precision@1: 64.936% (24520/37760)
Loss: 0.981 | Precision@1: 64.926% (24599/37888)
Loss: 0.981 | Precision@1: 64.944% (24689/38016)
Loss: 0.980 | Precision@1: 64.956% (24777/38144)
Loss: 0.980 | Precision@1: 64.943% (24855/38272)
Loss: 0.980 | Precision@1: 64.956% (24943/38400)
Loss: 0.980 | Precision@1: 64.958% (25027/38528)
Loss: 0.980 | Precision@1: 64.994% (25124/38656)
Loss: 0.979 | Precision@1: 65.006% (25212/38784)
Loss: 0.979 | Precision@1: 65.011% (25297/38912)
Loss: 0.979 | Precision@1: 65.000% (25376/39040)
Loss: 0.979 | Precision@1: 65.015% (25465/39168)
Loss: 0.979 | Precision@1: 65.030% (25554/39296)
Loss: 0.979 | Precision@1: 65.044% (25643/39424)
Loss: 0.978 | Precision@1: 65.056% (25731/39552)
Loss: 0.978 | Precision@1: 65.038% (25807/39680)
Loss: 0.979 | Precision@1: 65.032% (25888/39808)
Loss: 0.979 | Precision@1: 65.047% (25977/39936)
Loss: 0.978 | Precision@1: 65.066% (26068/40064)
Loss: 0.978 | Precision@1: 65.070% (26153/40192)
Loss: 0.978 | Precision@1: 65.072% (26237/40320)
Loss: 0.977 | Precision@1: 65.113% (26337/40448)
Loss: 0.976 | Precision@1: 65.137% (26430/40576)
Loss: 0.976 | Precision@1: 65.170% (26527/40704)
Loss: 0.975 | Precision@1: 65.194% (26620/40832)
Loss: 0.975 | Precision@1: 65.190% (26702/40960)
Loss: 0.975 | Precision@1: 65.216% (26796/41088)
Loss: 0.975 | Precision@1: 65.230% (26885/41216)
Loss: 0.974 | Precision@1: 65.245% (26975/41344)
Loss: 0.974 | Precision@1: 65.268% (27068/41472)
Loss: 0.974 | Precision@1: 65.257% (27147/41600)
Loss: 0.973 | Precision@1: 65.285% (27242/41728)
Loss: 0.973 | Precision@1: 65.295% (27330/41856)
Loss: 0.973 | Precision@1: 65.311% (27420/41984)
Loss: 0.973 | Precision@1: 65.331% (27512/42112)
Loss: 0.973 | Precision@1: 65.329% (27595/42240)
Loss: 0.973 | Precision@1: 65.318% (27674/42368)
Loss: 0.972 | Precision@1: 65.331% (27763/42496)
Loss: 0.972 | Precision@1: 65.360% (27859/42624)
Loss: 0.971 | Precision@1: 65.377% (27950/42752)
Loss: 0.971 | Precision@1: 65.413% (28049/42880)
Loss: 0.970 | Precision@1: 65.427% (28139/43008)
Loss: 0.970 | Precision@1: 65.451% (28233/43136)
Loss: 0.970 | Precision@1: 65.456% (28319/43264)
Loss: 0.969 | Precision@1: 65.473% (28410/43392)
Loss: 0.969 | Precision@1: 65.469% (28492/43520)
Loss: 0.969 | Precision@1: 65.465% (28574/43648)
Loss: 0.968 | Precision@1: 65.479% (28664/43776)
Loss: 0.969 | Precision@1: 65.454% (28737/43904)
Loss: 0.968 | Precision@1: 65.491% (28837/44032)
Loss: 0.968 | Precision@1: 65.487% (28919/44160)
Loss: 0.968 | Precision@1: 65.508% (29012/44288)
Loss: 0.967 | Precision@1: 65.521% (29102/44416)
Loss: 0.967 | Precision@1: 65.519% (29185/44544)
Loss: 0.967 | Precision@1: 65.538% (29277/44672)
Loss: 0.966 | Precision@1: 65.551% (29367/44800)
Loss: 0.966 | Precision@1: 65.567% (29458/44928)
Loss: 0.966 | Precision@1: 65.567% (29542/45056)
Loss: 0.965 | Precision@1: 65.574% (29629/45184)
Loss: 0.965 | Precision@1: 65.601% (29725/45312)
Loss: 0.964 | Precision@1: 65.629% (29822/45440)
Loss: 0.964 | Precision@1: 65.627% (29905/45568)
Loss: 0.963 | Precision@1: 65.636% (29993/45696)
Loss: 0.963 | Precision@1: 65.645% (30081/45824)
Loss: 0.962 | Precision@1: 65.662% (30173/45952)
Loss: 0.962 | Precision@1: 65.671% (30261/46080)
Loss: 0.962 | Precision@1: 65.683% (30351/46208)
Loss: 0.962 | Precision@1: 65.666% (30427/46336)
Loss: 0.962 | Precision@1: 65.653% (30505/46464)
Loss: 0.962 | Precision@1: 65.664% (30594/46592)
Loss: 0.961 | Precision@1: 65.685% (30688/46720)
Loss: 0.961 | Precision@1: 65.687% (30773/46848)
Loss: 0.961 | Precision@1: 65.697% (30862/46976)
Loss: 0.961 | Precision@1: 65.701% (30948/47104)
Loss: 0.961 | Precision@1: 65.708% (31035/47232)
Loss: 0.961 | Precision@1: 65.688% (31110/47360)
Loss: 0.961 | Precision@1: 65.684% (31192/47488)
Loss: 0.962 | Precision@1: 65.686% (31277/47616)
Loss: 0.961 | Precision@1: 65.692% (31364/47744)
Loss: 0.961 | Precision@1: 65.681% (31443/47872)
Loss: 0.961 | Precision@1: 65.671% (31522/48000)
Loss: 0.961 | Precision@1: 65.679% (31610/48128)
Loss: 0.961 | Precision@1: 65.695% (31702/48256)
Loss: 0.961 | Precision@1: 65.689% (31783/48384)
Loss: 0.961 | Precision@1: 65.689% (31867/48512)
Loss: 0.960 | Precision@1: 65.699% (31956/48640)
Loss: 0.960 | Precision@1: 65.730% (32055/48768)
Loss: 0.959 | Precision@1: 65.754% (32151/48896)
Loss: 0.960 | Precision@1: 65.762% (32239/49024)
Loss: 0.960 | Precision@1: 65.731% (32308/49152)
Loss: 0.960 | Precision@1: 65.733% (32393/49280)
Loss: 0.959 | Precision@1: 65.734% (32478/49408)
Loss: 0.959 | Precision@1: 65.744% (32567/49536)
Loss: 0.958 | Precision@1: 65.770% (32664/49664)
Loss: 0.958 | Precision@1: 65.788% (32757/49792)
Loss: 0.958 | Precision@1: 65.805% (32850/49920)
Loss: 0.957 | Precision@1: 65.814% (32907/50000)

Aggregates: 			
 	 DataLoader Time: 0.3737 			
 	 Mini-batch Time: 14.5898 			
 	 Training Epoch Time: 30.4994
 			
 Averages: 			
 	 Training Loss: 0.9572

 Test set Averages: Loss: 1.198 | Precision@1: 57.320% (5732/10000)

Epoch: 3
Loss: 0.867 | Precision@1: 67.969% (87/128)
Loss: 0.908 | Precision@1: 65.625% (168/256)
Loss: 0.950 | Precision@1: 64.062% (246/384)
Loss: 0.904 | Precision@1: 66.992% (343/512)
Loss: 0.901 | Precision@1: 67.031% (429/640)
Loss: 0.896 | Precision@1: 67.708% (520/768)
Loss: 0.924 | Precision@1: 66.964% (600/896)
Loss: 0.946 | Precision@1: 65.918% (675/1024)
Loss: 0.945 | Precision@1: 65.885% (759/1152)
Loss: 0.938 | Precision@1: 65.938% (844/1280)
Loss: 0.928 | Precision@1: 66.335% (934/1408)
Loss: 0.928 | Precision@1: 66.211% (1017/1536)
Loss: 0.925 | Precision@1: 66.406% (1105/1664)
Loss: 0.919 | Precision@1: 66.853% (1198/1792)
Loss: 0.918 | Precision@1: 67.083% (1288/1920)
Loss: 0.905 | Precision@1: 67.578% (1384/2048)
Loss: 0.898 | Precision@1: 67.969% (1479/2176)
Loss: 0.891 | Precision@1: 68.099% (1569/2304)
Loss: 0.896 | Precision@1: 67.969% (1653/2432)
Loss: 0.893 | Precision@1: 68.008% (1741/2560)
Loss: 0.891 | Precision@1: 68.229% (1834/2688)
Loss: 0.887 | Precision@1: 68.430% (1927/2816)
Loss: 0.887 | Precision@1: 68.444% (2015/2944)
Loss: 0.882 | Precision@1: 68.815% (2114/3072)
Loss: 0.878 | Precision@1: 68.844% (2203/3200)
Loss: 0.874 | Precision@1: 68.600% (2283/3328)
Loss: 0.878 | Precision@1: 68.576% (2370/3456)
Loss: 0.881 | Precision@1: 68.499% (2455/3584)
Loss: 0.881 | Precision@1: 68.400% (2539/3712)
Loss: 0.876 | Precision@1: 68.542% (2632/3840)
Loss: 0.869 | Precision@1: 68.926% (2735/3968)
Loss: 0.865 | Precision@1: 69.141% (2832/4096)
Loss: 0.864 | Precision@1: 69.223% (2924/4224)
Loss: 0.870 | Precision@1: 68.934% (3000/4352)
Loss: 0.866 | Precision@1: 69.085% (3095/4480)
Loss: 0.867 | Precision@1: 69.097% (3184/4608)
Loss: 0.865 | Precision@1: 69.257% (3280/4736)
Loss: 0.867 | Precision@1: 69.182% (3365/4864)
Loss: 0.865 | Precision@1: 69.311% (3460/4992)
Loss: 0.860 | Precision@1: 69.414% (3554/5120)
Loss: 0.857 | Precision@1: 69.531% (3649/5248)
Loss: 0.854 | Precision@1: 69.661% (3745/5376)
Loss: 0.852 | Precision@1: 69.767% (3840/5504)
Loss: 0.857 | Precision@1: 69.709% (3926/5632)
Loss: 0.859 | Precision@1: 69.635% (4011/5760)
Loss: 0.861 | Precision@1: 69.514% (4093/5888)
Loss: 0.860 | Precision@1: 69.515% (4182/6016)
Loss: 0.856 | Precision@1: 69.629% (4278/6144)
Loss: 0.855 | Precision@1: 69.675% (4370/6272)
Loss: 0.859 | Precision@1: 69.656% (4458/6400)
Loss: 0.861 | Precision@1: 69.608% (4544/6528)
Loss: 0.860 | Precision@1: 69.651% (4636/6656)
Loss: 0.858 | Precision@1: 69.693% (4728/6784)
Loss: 0.858 | Precision@1: 69.719% (4819/6912)
Loss: 0.856 | Precision@1: 69.673% (4905/7040)
Loss: 0.857 | Precision@1: 69.685% (4995/7168)
Loss: 0.856 | Precision@1: 69.723% (5087/7296)
Loss: 0.861 | Precision@1: 69.531% (5162/7424)
Loss: 0.862 | Precision@1: 69.558% (5253/7552)
Loss: 0.862 | Precision@1: 69.531% (5340/7680)
Loss: 0.862 | Precision@1: 69.531% (5429/7808)
Loss: 0.861 | Precision@1: 69.594% (5523/7936)
Loss: 0.862 | Precision@1: 69.519% (5606/8064)
Loss: 0.860 | Precision@1: 69.592% (5701/8192)
Loss: 0.858 | Precision@1: 69.651% (5795/8320)
Loss: 0.857 | Precision@1: 69.768% (5894/8448)
Loss: 0.856 | Precision@1: 69.776% (5984/8576)
Loss: 0.857 | Precision@1: 69.692% (6066/8704)
Loss: 0.856 | Precision@1: 69.712% (6157/8832)
Loss: 0.853 | Precision@1: 69.788% (6253/8960)
Loss: 0.855 | Precision@1: 69.696% (6334/9088)
Loss: 0.856 | Precision@1: 69.640% (6418/9216)
Loss: 0.856 | Precision@1: 69.638% (6507/9344)
Loss: 0.855 | Precision@1: 69.637% (6596/9472)
Loss: 0.854 | Precision@1: 69.667% (6688/9600)
Loss: 0.854 | Precision@1: 69.613% (6772/9728)
Loss: 0.854 | Precision@1: 69.633% (6863/9856)
Loss: 0.855 | Precision@1: 69.591% (6948/9984)
Loss: 0.854 | Precision@1: 69.650% (7043/10112)
Loss: 0.853 | Precision@1: 69.648% (7132/10240)
Loss: 0.854 | Precision@1: 69.657% (7222/10368)
Loss: 0.854 | Precision@1: 69.655% (7311/10496)
Loss: 0.852 | Precision@1: 69.682% (7403/10624)
Loss: 0.852 | Precision@1: 69.810% (7506/10752)
Loss: 0.851 | Precision@1: 69.844% (7599/10880)
Loss: 0.850 | Precision@1: 69.840% (7688/11008)
Loss: 0.850 | Precision@1: 69.864% (7780/11136)
Loss: 0.852 | Precision@1: 69.860% (7869/11264)
Loss: 0.852 | Precision@1: 69.803% (7952/11392)
Loss: 0.851 | Precision@1: 69.818% (8043/11520)
Loss: 0.851 | Precision@1: 69.789% (8129/11648)
Loss: 0.852 | Precision@1: 69.786% (8218/11776)
Loss: 0.851 | Precision@1: 69.817% (8311/11904)
Loss: 0.849 | Precision@1: 69.880% (8408/12032)
Loss: 0.848 | Precision@1: 69.942% (8505/12160)
Loss: 0.849 | Precision@1: 69.922% (8592/12288)
Loss: 0.848 | Precision@1: 69.950% (8685/12416)
Loss: 0.849 | Precision@1: 69.946% (8774/12544)
Loss: 0.850 | Precision@1: 69.934% (8862/12672)
Loss: 0.850 | Precision@1: 69.953% (8954/12800)
Loss: 0.851 | Precision@1: 69.910% (9038/12928)
Loss: 0.851 | Precision@1: 69.953% (9133/13056)
Loss: 0.850 | Precision@1: 69.971% (9225/13184)
Loss: 0.849 | Precision@1: 69.989% (9317/13312)
Loss: 0.851 | Precision@1: 69.948% (9401/13440)
Loss: 0.850 | Precision@1: 70.040% (9503/13568)
Loss: 0.848 | Precision@1: 70.123% (9604/13696)
Loss: 0.849 | Precision@1: 70.067% (9686/13824)
Loss: 0.848 | Precision@1: 70.076% (9777/13952)
Loss: 0.847 | Precision@1: 70.128% (9874/14080)
Loss: 0.848 | Precision@1: 70.066% (9955/14208)
Loss: 0.847 | Precision@1: 70.061% (10044/14336)
Loss: 0.848 | Precision@1: 70.036% (10130/14464)
Loss: 0.848 | Precision@1: 70.004% (10215/14592)
Loss: 0.849 | Precision@1: 69.925% (10293/14720)
Loss: 0.849 | Precision@1: 69.935% (10384/14848)
Loss: 0.848 | Precision@1: 69.959% (10477/14976)
Loss: 0.847 | Precision@1: 69.962% (10567/15104)
Loss: 0.847 | Precision@1: 69.991% (10661/15232)
Loss: 0.845 | Precision@1: 70.046% (10759/15360)
Loss: 0.845 | Precision@1: 70.074% (10853/15488)
Loss: 0.845 | Precision@1: 70.076% (10943/15616)
Loss: 0.845 | Precision@1: 70.116% (11039/15744)
Loss: 0.843 | Precision@1: 70.161% (11136/15872)
Loss: 0.843 | Precision@1: 70.162% (11226/16000)
Loss: 0.843 | Precision@1: 70.170% (11317/16128)
Loss: 0.843 | Precision@1: 70.165% (11406/16256)
Loss: 0.842 | Precision@1: 70.197% (11501/16384)
Loss: 0.843 | Precision@1: 70.179% (11588/16512)
Loss: 0.844 | Precision@1: 70.120% (11668/16640)
Loss: 0.843 | Precision@1: 70.146% (11762/16768)
Loss: 0.842 | Precision@1: 70.200% (11861/16896)
Loss: 0.843 | Precision@1: 70.177% (11947/17024)
Loss: 0.844 | Precision@1: 70.161% (12034/17152)
Loss: 0.843 | Precision@1: 70.214% (12133/17280)
Loss: 0.843 | Precision@1: 70.209% (12222/17408)
Loss: 0.842 | Precision@1: 70.221% (12314/17536)
Loss: 0.841 | Precision@1: 70.262% (12411/17664)
Loss: 0.840 | Precision@1: 70.307% (12509/17792)
Loss: 0.840 | Precision@1: 70.324% (12602/17920)
Loss: 0.839 | Precision@1: 70.346% (12696/18048)
Loss: 0.839 | Precision@1: 70.351% (12787/18176)
Loss: 0.841 | Precision@1: 70.291% (12866/18304)
Loss: 0.841 | Precision@1: 70.264% (12951/18432)
Loss: 0.842 | Precision@1: 70.232% (13035/18560)
Loss: 0.841 | Precision@1: 70.259% (13130/18688)
Loss: 0.840 | Precision@1: 70.281% (13224/18816)
Loss: 0.839 | Precision@1: 70.297% (13317/18944)
Loss: 0.838 | Precision@1: 70.339% (13415/19072)
Loss: 0.838 | Precision@1: 70.380% (13513/19200)
Loss: 0.838 | Precision@1: 70.380% (13603/19328)
Loss: 0.838 | Precision@1: 70.369% (13691/19456)
Loss: 0.839 | Precision@1: 70.338% (13775/19584)
Loss: 0.838 | Precision@1: 70.358% (13869/19712)
Loss: 0.838 | Precision@1: 70.363% (13960/19840)
Loss: 0.839 | Precision@1: 70.338% (14045/19968)
Loss: 0.838 | Precision@1: 70.337% (14135/20096)
Loss: 0.838 | Precision@1: 70.387% (14235/20224)
Loss: 0.837 | Precision@1: 70.416% (14331/20352)
Loss: 0.836 | Precision@1: 70.439% (14426/20480)
Loss: 0.836 | Precision@1: 70.405% (14509/20608)
Loss: 0.838 | Precision@1: 70.375% (14593/20736)
Loss: 0.838 | Precision@1: 70.351% (14678/20864)
Loss: 0.838 | Precision@1: 70.384% (14775/20992)
Loss: 0.837 | Precision@1: 70.402% (14869/21120)
Loss: 0.837 | Precision@1: 70.411% (14961/21248)
Loss: 0.836 | Precision@1: 70.420% (15053/21376)
Loss: 0.837 | Precision@1: 70.396% (15138/21504)
Loss: 0.837 | Precision@1: 70.405% (15230/21632)
Loss: 0.836 | Precision@1: 70.432% (15326/21760)
Loss: 0.836 | Precision@1: 70.418% (15413/21888)
Loss: 0.838 | Precision@1: 70.362% (15491/22016)
Loss: 0.837 | Precision@1: 70.389% (15587/22144)
Loss: 0.837 | Precision@1: 70.398% (15679/22272)
Loss: 0.836 | Precision@1: 70.429% (15776/22400)
Loss: 0.836 | Precision@1: 70.423% (15865/22528)
Loss: 0.836 | Precision@1: 70.405% (15951/22656)
Loss: 0.836 | Precision@1: 70.400% (16040/22784)
Loss: 0.835 | Precision@1: 70.439% (16139/22912)
Loss: 0.835 | Precision@1: 70.434% (16228/23040)
Loss: 0.835 | Precision@1: 70.438% (16319/23168)
Loss: 0.836 | Precision@1: 70.381% (16396/23296)
Loss: 0.835 | Precision@1: 70.389% (16488/23424)
Loss: 0.836 | Precision@1: 70.419% (16585/23552)
Loss: 0.835 | Precision@1: 70.435% (16679/23680)
Loss: 0.835 | Precision@1: 70.434% (16769/23808)
Loss: 0.835 | Precision@1: 70.404% (16852/23936)
Loss: 0.835 | Precision@1: 70.387% (16938/24064)
Loss: 0.837 | Precision@1: 70.341% (17017/24192)
Loss: 0.837 | Precision@1: 70.317% (17101/24320)
Loss: 0.836 | Precision@1: 70.341% (17197/24448)
Loss: 0.836 | Precision@1: 70.357% (17291/24576)
Loss: 0.835 | Precision@1: 70.377% (17386/24704)
Loss: 0.835 | Precision@1: 70.373% (17475/24832)
Loss: 0.835 | Precision@1: 70.373% (17565/24960)
Loss: 0.834 | Precision@1: 70.408% (17664/25088)
Loss: 0.835 | Precision@1: 70.360% (17742/25216)
Loss: 0.834 | Precision@1: 70.403% (17843/25344)
Loss: 0.834 | Precision@1: 70.399% (17932/25472)
Loss: 0.834 | Precision@1: 70.387% (18019/25600)
Loss: 0.834 | Precision@1: 70.433% (18121/25728)
Loss: 0.833 | Precision@1: 70.436% (18212/25856)
Loss: 0.833 | Precision@1: 70.440% (18303/25984)
Loss: 0.832 | Precision@1: 70.439% (18393/26112)
Loss: 0.832 | Precision@1: 70.454% (18487/26240)
Loss: 0.832 | Precision@1: 70.434% (18572/26368)
Loss: 0.832 | Precision@1: 70.422% (18659/26496)
Loss: 0.832 | Precision@1: 70.444% (18755/26624)
Loss: 0.831 | Precision@1: 70.462% (18850/26752)
Loss: 0.831 | Precision@1: 70.484% (18946/26880)
Loss: 0.831 | Precision@1: 70.505% (19042/27008)
Loss: 0.831 | Precision@1: 70.504% (19132/27136)
Loss: 0.831 | Precision@1: 70.485% (19217/27264)
Loss: 0.830 | Precision@1: 70.510% (19314/27392)
Loss: 0.830 | Precision@1: 70.480% (19396/27520)
Loss: 0.831 | Precision@1: 70.472% (19484/27648)
Loss: 0.830 | Precision@1: 70.503% (19583/27776)
Loss: 0.829 | Precision@1: 70.556% (19688/27904)
Loss: 0.828 | Precision@1: 70.587% (19787/28032)
Loss: 0.828 | Precision@1: 70.582% (19876/28160)
Loss: 0.829 | Precision@1: 70.571% (19963/28288)
Loss: 0.829 | Precision@1: 70.598% (20061/28416)
Loss: 0.828 | Precision@1: 70.614% (20156/28544)
Loss: 0.828 | Precision@1: 70.619% (20248/28672)
Loss: 0.828 | Precision@1: 70.608% (20335/28800)
Loss: 0.829 | Precision@1: 70.617% (20428/28928)
Loss: 0.829 | Precision@1: 70.608% (20516/29056)
Loss: 0.829 | Precision@1: 70.617% (20609/29184)
Loss: 0.829 | Precision@1: 70.599% (20694/29312)
Loss: 0.829 | Precision@1: 70.601% (20785/29440)
Loss: 0.829 | Precision@1: 70.620% (20881/29568)
Loss: 0.828 | Precision@1: 70.643% (20978/29696)
Loss: 0.828 | Precision@1: 70.658% (21073/29824)
Loss: 0.828 | Precision@1: 70.663% (21165/29952)
Loss: 0.828 | Precision@1: 70.645% (21250/30080)
Loss: 0.828 | Precision@1: 70.653% (21343/30208)
Loss: 0.828 | Precision@1: 70.652% (21433/30336)
Loss: 0.827 | Precision@1: 70.664% (21527/30464)
Loss: 0.827 | Precision@1: 70.685% (21624/30592)
Loss: 0.827 | Precision@1: 70.680% (21713/30720)
Loss: 0.828 | Precision@1: 70.653% (21795/30848)
Loss: 0.827 | Precision@1: 70.645% (21883/30976)
Loss: 0.828 | Precision@1: 70.634% (21970/31104)
Loss: 0.827 | Precision@1: 70.655% (22067/31232)
Loss: 0.827 | Precision@1: 70.657% (22158/31360)
Loss: 0.827 | Precision@1: 70.671% (22253/31488)
Loss: 0.827 | Precision@1: 70.679% (22346/31616)
Loss: 0.826 | Precision@1: 70.691% (22440/31744)
Loss: 0.826 | Precision@1: 70.698% (22533/31872)
Loss: 0.826 | Precision@1: 70.700% (22624/32000)
Loss: 0.826 | Precision@1: 70.705% (22716/32128)
Loss: 0.826 | Precision@1: 70.685% (22800/32256)
Loss: 0.826 | Precision@1: 70.692% (22893/32384)
Loss: 0.826 | Precision@1: 70.694% (22984/32512)
Loss: 0.825 | Precision@1: 70.711% (23080/32640)
Loss: 0.825 | Precision@1: 70.718% (23173/32768)
Loss: 0.825 | Precision@1: 70.723% (23265/32896)
Loss: 0.825 | Precision@1: 70.703% (23349/33024)
Loss: 0.825 | Precision@1: 70.723% (23446/33152)
Loss: 0.824 | Precision@1: 70.748% (23545/33280)
Loss: 0.824 | Precision@1: 70.770% (23643/33408)
Loss: 0.823 | Precision@1: 70.805% (23745/33536)
Loss: 0.823 | Precision@1: 70.823% (23842/33664)
Loss: 0.823 | Precision@1: 70.824% (23933/33792)
Loss: 0.823 | Precision@1: 70.843% (24030/33920)
Loss: 0.823 | Precision@1: 70.832% (24117/34048)
Loss: 0.822 | Precision@1: 70.866% (24219/34176)
Loss: 0.822 | Precision@1: 70.866% (24310/34304)
Loss: 0.822 | Precision@1: 70.873% (24403/34432)
Loss: 0.822 | Precision@1: 70.871% (24493/34560)
Loss: 0.822 | Precision@1: 70.895% (24592/34688)
Loss: 0.821 | Precision@1: 70.896% (24683/34816)
Loss: 0.821 | Precision@1: 70.905% (24777/34944)
Loss: 0.821 | Precision@1: 70.917% (24872/35072)
Loss: 0.821 | Precision@1: 70.918% (24963/35200)
Loss: 0.820 | Precision@1: 70.918% (25054/35328)
Loss: 0.821 | Precision@1: 70.913% (25143/35456)
Loss: 0.820 | Precision@1: 70.931% (25240/35584)
Loss: 0.820 | Precision@1: 70.943% (25335/35712)
Loss: 0.820 | Precision@1: 70.954% (25430/35840)
Loss: 0.820 | Precision@1: 70.963% (25524/35968)
Loss: 0.820 | Precision@1: 70.969% (25617/36096)
Loss: 0.820 | Precision@1: 70.975% (25710/36224)
Loss: 0.820 | Precision@1: 70.978% (25802/36352)
Loss: 0.820 | Precision@1: 71.006% (25903/36480)
Loss: 0.820 | Precision@1: 71.020% (25999/36608)
Loss: 0.820 | Precision@1: 71.037% (26096/36736)
Loss: 0.820 | Precision@1: 71.023% (26182/36864)
Loss: 0.820 | Precision@1: 71.015% (26270/36992)
Loss: 0.819 | Precision@1: 71.059% (26377/37120)
Loss: 0.819 | Precision@1: 71.056% (26467/37248)
Loss: 0.818 | Precision@1: 71.094% (26572/37376)
Loss: 0.818 | Precision@1: 71.094% (26663/37504)
Loss: 0.818 | Precision@1: 71.088% (26752/37632)
Loss: 0.818 | Precision@1: 71.088% (26843/37760)
Loss: 0.818 | Precision@1: 71.104% (26940/37888)
Loss: 0.818 | Precision@1: 71.112% (27034/38016)
Loss: 0.818 | Precision@1: 71.115% (27126/38144)
Loss: 0.818 | Precision@1: 71.136% (27225/38272)
Loss: 0.818 | Precision@1: 71.138% (27317/38400)
Loss: 0.818 | Precision@1: 71.135% (27407/38528)
Loss: 0.817 | Precision@1: 71.135% (27498/38656)
Loss: 0.817 | Precision@1: 71.169% (27602/38784)
Loss: 0.816 | Precision@1: 71.171% (27694/38912)
Loss: 0.817 | Precision@1: 71.158% (27780/39040)
Loss: 0.817 | Precision@1: 71.163% (27873/39168)
Loss: 0.817 | Precision@1: 71.157% (27962/39296)
Loss: 0.817 | Precision@1: 71.165% (28056/39424)
Loss: 0.817 | Precision@1: 71.180% (28153/39552)
Loss: 0.816 | Precision@1: 71.205% (28254/39680)
Loss: 0.816 | Precision@1: 71.222% (28352/39808)
Loss: 0.816 | Precision@1: 71.234% (28448/39936)
Loss: 0.815 | Precision@1: 71.244% (28543/40064)
Loss: 0.815 | Precision@1: 71.246% (28635/40192)
Loss: 0.815 | Precision@1: 71.238% (28723/40320)
Loss: 0.814 | Precision@1: 71.254% (28821/40448)
Loss: 0.815 | Precision@1: 71.249% (28910/40576)
Loss: 0.814 | Precision@1: 71.258% (29005/40704)
Loss: 0.814 | Precision@1: 71.268% (29100/40832)
Loss: 0.814 | Precision@1: 71.274% (29194/40960)
Loss: 0.813 | Precision@1: 71.296% (29294/41088)
Loss: 0.813 | Precision@1: 71.310% (29391/41216)
Loss: 0.813 | Precision@1: 71.299% (29478/41344)
Loss: 0.812 | Precision@1: 71.304% (29571/41472)
Loss: 0.813 | Precision@1: 71.308% (29664/41600)
Loss: 0.813 | Precision@1: 71.302% (29753/41728)
Loss: 0.813 | Precision@1: 71.306% (29846/41856)
Loss: 0.813 | Precision@1: 71.306% (29937/41984)
Loss: 0.813 | Precision@1: 71.315% (30032/42112)
Loss: 0.812 | Precision@1: 71.333% (30131/42240)
Loss: 0.813 | Precision@1: 71.332% (30222/42368)
Loss: 0.812 | Precision@1: 71.346% (30319/42496)
Loss: 0.812 | Precision@1: 71.342% (30409/42624)
Loss: 0.812 | Precision@1: 71.330% (30495/42752)
Loss: 0.812 | Precision@1: 71.355% (30597/42880)
Loss: 0.811 | Precision@1: 71.370% (30695/43008)
Loss: 0.811 | Precision@1: 71.404% (30801/43136)
Loss: 0.810 | Precision@1: 71.415% (30897/43264)
Loss: 0.811 | Precision@1: 71.412% (30987/43392)
Loss: 0.810 | Precision@1: 71.404% (31075/43520)
Loss: 0.810 | Precision@1: 71.433% (31179/43648)
Loss: 0.809 | Precision@1: 71.459% (31282/43776)
Loss: 0.810 | Precision@1: 71.426% (31359/43904)
Loss: 0.811 | Precision@1: 71.428% (31451/44032)
Loss: 0.810 | Precision@1: 71.424% (31541/44160)
Loss: 0.810 | Precision@1: 71.439% (31639/44288)
Loss: 0.810 | Precision@1: 71.454% (31737/44416)
Loss: 0.809 | Precision@1: 71.471% (31836/44544)
Loss: 0.809 | Precision@1: 71.468% (31926/44672)
Loss: 0.810 | Precision@1: 71.453% (32011/44800)
Loss: 0.810 | Precision@1: 71.461% (32106/44928)
Loss: 0.809 | Precision@1: 71.475% (32204/45056)
Loss: 0.809 | Precision@1: 71.485% (32300/45184)
Loss: 0.809 | Precision@1: 71.478% (32388/45312)
Loss: 0.809 | Precision@1: 71.492% (32486/45440)
Loss: 0.808 | Precision@1: 71.515% (32588/45568)
Loss: 0.808 | Precision@1: 71.507% (32676/45696)
Loss: 0.808 | Precision@1: 71.515% (32771/45824)
Loss: 0.808 | Precision@1: 71.527% (32868/45952)
Loss: 0.808 | Precision@1: 71.534% (32963/46080)
Loss: 0.807 | Precision@1: 71.531% (33053/46208)
Loss: 0.807 | Precision@1: 71.556% (33156/46336)
Loss: 0.806 | Precision@1: 71.567% (33253/46464)
Loss: 0.806 | Precision@1: 71.594% (33357/46592)
Loss: 0.805 | Precision@1: 71.627% (33464/46720)
Loss: 0.805 | Precision@1: 71.636% (33560/46848)
Loss: 0.804 | Precision@1: 71.641% (33654/46976)
Loss: 0.804 | Precision@1: 71.650% (33750/47104)
Loss: 0.804 | Precision@1: 71.657% (33845/47232)
Loss: 0.803 | Precision@1: 71.685% (33950/47360)
Loss: 0.803 | Precision@1: 71.696% (34047/47488)
Loss: 0.803 | Precision@1: 71.701% (34141/47616)
Loss: 0.803 | Precision@1: 71.707% (34236/47744)
Loss: 0.803 | Precision@1: 71.716% (34332/47872)
Loss: 0.803 | Precision@1: 71.725% (34428/48000)
Loss: 0.803 | Precision@1: 71.723% (34519/48128)
Loss: 0.803 | Precision@1: 71.730% (34614/48256)
Loss: 0.802 | Precision@1: 71.739% (34710/48384)
Loss: 0.802 | Precision@1: 71.737% (34801/48512)
Loss: 0.802 | Precision@1: 71.743% (34896/48640)
Loss: 0.802 | Precision@1: 71.748% (34990/48768)
Loss: 0.801 | Precision@1: 71.750% (35083/48896)
Loss: 0.801 | Precision@1: 71.757% (35178/49024)
Loss: 0.801 | Precision@1: 71.755% (35269/49152)
Loss: 0.801 | Precision@1: 71.774% (35370/49280)
Loss: 0.800 | Precision@1: 71.782% (35466/49408)
Loss: 0.800 | Precision@1: 71.790% (35562/49536)
Loss: 0.800 | Precision@1: 71.800% (35659/49664)
Loss: 0.799 | Precision@1: 71.821% (35761/49792)
Loss: 0.799 | Precision@1: 71.821% (35853/49920)
Loss: 0.799 | Precision@1: 71.832% (35916/50000)

Aggregates: 			
 	 DataLoader Time: 0.3730 			
 	 Mini-batch Time: 14.5544 			
 	 Training Epoch Time: 30.5538
 			
 Averages: 			
 	 Training Loss: 0.7986

 Test set Averages: Loss: 0.875 | Precision@1: 70.780% (7078/10000)

Epoch: 4
Loss: 0.701 | Precision@1: 77.344% (99/128)
Loss: 0.698 | Precision@1: 75.391% (193/256)
Loss: 0.714 | Precision@1: 76.042% (292/384)
Loss: 0.743 | Precision@1: 75.195% (385/512)
Loss: 0.747 | Precision@1: 74.844% (479/640)
Loss: 0.732 | Precision@1: 75.521% (580/768)
Loss: 0.724 | Precision@1: 75.558% (677/896)
Loss: 0.710 | Precision@1: 75.977% (778/1024)
Loss: 0.698 | Precision@1: 76.476% (881/1152)
Loss: 0.685 | Precision@1: 77.109% (987/1280)
Loss: 0.685 | Precision@1: 76.918% (1083/1408)
Loss: 0.680 | Precision@1: 76.888% (1181/1536)
Loss: 0.687 | Precision@1: 76.562% (1274/1664)
Loss: 0.691 | Precision@1: 76.283% (1367/1792)
Loss: 0.702 | Precision@1: 75.833% (1456/1920)
Loss: 0.709 | Precision@1: 75.244% (1541/2048)
Loss: 0.707 | Precision@1: 75.551% (1644/2176)
Loss: 0.712 | Precision@1: 75.434% (1738/2304)
Loss: 0.714 | Precision@1: 75.411% (1834/2432)
Loss: 0.714 | Precision@1: 75.469% (1932/2560)
Loss: 0.714 | Precision@1: 75.446% (2028/2688)
Loss: 0.713 | Precision@1: 75.639% (2130/2816)
Loss: 0.708 | Precision@1: 75.815% (2232/2944)
Loss: 0.716 | Precision@1: 75.651% (2324/3072)
Loss: 0.720 | Precision@1: 75.250% (2408/3200)
Loss: 0.716 | Precision@1: 75.391% (2509/3328)
Loss: 0.712 | Precision@1: 75.608% (2613/3456)
Loss: 0.716 | Precision@1: 75.307% (2699/3584)
Loss: 0.712 | Precision@1: 75.377% (2798/3712)
Loss: 0.715 | Precision@1: 75.286% (2891/3840)
Loss: 0.713 | Precision@1: 75.328% (2989/3968)
Loss: 0.711 | Precision@1: 75.366% (3087/4096)
Loss: 0.711 | Precision@1: 75.331% (3182/4224)
Loss: 0.717 | Precision@1: 75.046% (3266/4352)
Loss: 0.716 | Precision@1: 75.067% (3363/4480)
Loss: 0.713 | Precision@1: 75.130% (3462/4608)
Loss: 0.713 | Precision@1: 75.148% (3559/4736)
Loss: 0.711 | Precision@1: 75.308% (3663/4864)
Loss: 0.709 | Precision@1: 75.280% (3758/4992)
Loss: 0.710 | Precision@1: 75.176% (3849/5120)
Loss: 0.717 | Precision@1: 74.886% (3930/5248)
Loss: 0.719 | Precision@1: 74.795% (4021/5376)
Loss: 0.720 | Precision@1: 74.927% (4124/5504)
Loss: 0.719 | Precision@1: 74.982% (4223/5632)
Loss: 0.716 | Precision@1: 75.069% (4324/5760)
Loss: 0.720 | Precision@1: 75.034% (4418/5888)
Loss: 0.718 | Precision@1: 75.033% (4514/6016)
Loss: 0.719 | Precision@1: 74.984% (4607/6144)
Loss: 0.718 | Precision@1: 75.096% (4710/6272)
Loss: 0.719 | Precision@1: 75.047% (4803/6400)
Loss: 0.717 | Precision@1: 75.092% (4902/6528)
Loss: 0.713 | Precision@1: 75.135% (5001/6656)
Loss: 0.714 | Precision@1: 75.118% (5096/6784)
Loss: 0.715 | Precision@1: 75.014% (5185/6912)
Loss: 0.717 | Precision@1: 75.085% (5286/7040)
Loss: 0.718 | Precision@1: 75.112% (5384/7168)
Loss: 0.716 | Precision@1: 75.260% (5491/7296)
Loss: 0.712 | Precision@1: 75.404% (5598/7424)
Loss: 0.711 | Precision@1: 75.463% (5699/7552)
Loss: 0.712 | Precision@1: 75.417% (5792/7680)
Loss: 0.710 | Precision@1: 75.538% (5898/7808)
Loss: 0.710 | Precision@1: 75.567% (5997/7936)
Loss: 0.708 | Precision@1: 75.682% (6103/8064)
Loss: 0.708 | Precision@1: 75.635% (6196/8192)
Loss: 0.708 | Precision@1: 75.613% (6291/8320)
Loss: 0.708 | Precision@1: 75.734% (6398/8448)
Loss: 0.707 | Precision@1: 75.781% (6499/8576)
Loss: 0.708 | Precision@1: 75.758% (6594/8704)
Loss: 0.707 | Precision@1: 75.770% (6692/8832)
Loss: 0.708 | Precision@1: 75.759% (6788/8960)
Loss: 0.708 | Precision@1: 75.770% (6886/9088)
Loss: 0.710 | Precision@1: 75.694% (6976/9216)
Loss: 0.711 | Precision@1: 75.706% (7074/9344)
Loss: 0.711 | Precision@1: 75.739% (7174/9472)
Loss: 0.714 | Precision@1: 75.542% (7252/9600)
Loss: 0.714 | Precision@1: 75.545% (7349/9728)
Loss: 0.712 | Precision@1: 75.588% (7450/9856)
Loss: 0.716 | Precision@1: 75.471% (7535/9984)
Loss: 0.716 | Precision@1: 75.465% (7631/10112)
Loss: 0.716 | Precision@1: 75.488% (7730/10240)
Loss: 0.715 | Precision@1: 75.502% (7828/10368)
Loss: 0.716 | Precision@1: 75.467% (7921/10496)
Loss: 0.717 | Precision@1: 75.424% (8013/10624)
Loss: 0.716 | Precision@1: 75.446% (8112/10752)
Loss: 0.715 | Precision@1: 75.414% (8205/10880)
Loss: 0.716 | Precision@1: 75.372% (8297/11008)
Loss: 0.716 | Precision@1: 75.359% (8392/11136)
Loss: 0.717 | Precision@1: 75.355% (8488/11264)
Loss: 0.717 | Precision@1: 75.360% (8585/11392)
Loss: 0.716 | Precision@1: 75.443% (8691/11520)
Loss: 0.716 | Precision@1: 75.429% (8786/11648)
Loss: 0.716 | Precision@1: 75.442% (8884/11776)
Loss: 0.716 | Precision@1: 75.437% (8980/11904)
Loss: 0.717 | Precision@1: 75.432% (9076/12032)
Loss: 0.717 | Precision@1: 75.469% (9177/12160)
Loss: 0.718 | Precision@1: 75.423% (9268/12288)
Loss: 0.718 | Precision@1: 75.427% (9365/12416)
Loss: 0.719 | Precision@1: 75.399% (9458/12544)
Loss: 0.719 | Precision@1: 75.347% (9548/12672)
Loss: 0.719 | Precision@1: 75.414% (9653/12800)
Loss: 0.718 | Precision@1: 75.464% (9756/12928)
Loss: 0.718 | Precision@1: 75.429% (9848/13056)
Loss: 0.718 | Precision@1: 75.432% (9945/13184)
Loss: 0.717 | Precision@1: 75.413% (10039/13312)
Loss: 0.718 | Precision@1: 75.372% (10130/13440)
Loss: 0.717 | Precision@1: 75.435% (10235/13568)
Loss: 0.715 | Precision@1: 75.504% (10341/13696)
Loss: 0.714 | Precision@1: 75.550% (10444/13824)
Loss: 0.714 | Precision@1: 75.530% (10538/13952)
Loss: 0.715 | Precision@1: 75.483% (10628/14080)
Loss: 0.714 | Precision@1: 75.514% (10729/14208)
Loss: 0.715 | Precision@1: 75.551% (10831/14336)
Loss: 0.715 | Precision@1: 75.560% (10929/14464)
Loss: 0.715 | Precision@1: 75.548% (11024/14592)
Loss: 0.715 | Precision@1: 75.571% (11124/14720)
Loss: 0.714 | Precision@1: 75.559% (11219/14848)
Loss: 0.713 | Precision@1: 75.588% (11320/14976)
Loss: 0.715 | Precision@1: 75.576% (11415/15104)
Loss: 0.713 | Precision@1: 75.604% (11516/15232)
Loss: 0.713 | Precision@1: 75.573% (11608/15360)
Loss: 0.713 | Precision@1: 75.594% (11708/15488)
Loss: 0.713 | Precision@1: 75.589% (11804/15616)
Loss: 0.712 | Precision@1: 75.610% (11904/15744)
Loss: 0.711 | Precision@1: 75.643% (12006/15872)
Loss: 0.710 | Precision@1: 75.650% (12104/16000)
Loss: 0.711 | Precision@1: 75.620% (12196/16128)
Loss: 0.710 | Precision@1: 75.640% (12296/16256)
Loss: 0.709 | Precision@1: 75.665% (12397/16384)
Loss: 0.708 | Precision@1: 75.696% (12499/16512)
Loss: 0.709 | Precision@1: 75.685% (12594/16640)
Loss: 0.708 | Precision@1: 75.710% (12695/16768)
Loss: 0.708 | Precision@1: 75.728% (12795/16896)
Loss: 0.709 | Precision@1: 75.687% (12885/17024)
Loss: 0.708 | Precision@1: 75.700% (12984/17152)
Loss: 0.707 | Precision@1: 75.729% (13086/17280)
Loss: 0.707 | Precision@1: 75.747% (13186/17408)
Loss: 0.706 | Precision@1: 75.781% (13289/17536)
Loss: 0.705 | Precision@1: 75.821% (13393/17664)
Loss: 0.704 | Precision@1: 75.826% (13491/17792)
Loss: 0.705 | Precision@1: 75.809% (13585/17920)
Loss: 0.704 | Precision@1: 75.820% (13684/18048)
Loss: 0.703 | Precision@1: 75.858% (13788/18176)
Loss: 0.702 | Precision@1: 75.869% (13887/18304)
Loss: 0.703 | Precision@1: 75.846% (13980/18432)
Loss: 0.702 | Precision@1: 75.851% (14078/18560)
Loss: 0.701 | Precision@1: 75.899% (14184/18688)
Loss: 0.700 | Precision@1: 75.914% (14284/18816)
Loss: 0.702 | Precision@1: 75.860% (14371/18944)
Loss: 0.702 | Precision@1: 75.834% (14463/19072)
Loss: 0.702 | Precision@1: 75.766% (14547/19200)
Loss: 0.702 | Precision@1: 75.755% (14642/19328)
Loss: 0.703 | Precision@1: 75.745% (14737/19456)
Loss: 0.702 | Precision@1: 75.751% (14835/19584)
Loss: 0.702 | Precision@1: 75.761% (14934/19712)
Loss: 0.702 | Precision@1: 75.761% (15031/19840)
Loss: 0.701 | Precision@1: 75.806% (15137/19968)
Loss: 0.700 | Precision@1: 75.866% (15246/20096)
Loss: 0.701 | Precision@1: 75.846% (15339/20224)
Loss: 0.701 | Precision@1: 75.855% (15438/20352)
Loss: 0.701 | Precision@1: 75.840% (15532/20480)
Loss: 0.701 | Precision@1: 75.820% (15625/20608)
Loss: 0.700 | Precision@1: 75.834% (15725/20736)
Loss: 0.700 | Precision@1: 75.839% (15823/20864)
Loss: 0.700 | Precision@1: 75.862% (15925/20992)
Loss: 0.700 | Precision@1: 75.852% (16020/21120)
Loss: 0.699 | Precision@1: 75.885% (16124/21248)
Loss: 0.699 | Precision@1: 75.912% (16227/21376)
Loss: 0.699 | Precision@1: 75.893% (16320/21504)
Loss: 0.699 | Precision@1: 75.878% (16414/21632)
Loss: 0.699 | Precision@1: 75.864% (16508/21760)
Loss: 0.699 | Precision@1: 75.859% (16604/21888)
Loss: 0.700 | Precision@1: 75.840% (16697/22016)
Loss: 0.700 | Precision@1: 75.840% (16794/22144)
Loss: 0.699 | Precision@1: 75.849% (16893/22272)
Loss: 0.699 | Precision@1: 75.862% (16993/22400)
Loss: 0.699 | Precision@1: 75.857% (17089/22528)
Loss: 0.698 | Precision@1: 75.892% (17194/22656)
Loss: 0.698 | Precision@1: 75.909% (17295/22784)
Loss: 0.698 | Precision@1: 75.903% (17391/22912)
Loss: 0.697 | Precision@1: 75.907% (17489/23040)
Loss: 0.697 | Precision@1: 75.928% (17591/23168)
Loss: 0.697 | Precision@1: 75.944% (17692/23296)
Loss: 0.696 | Precision@1: 75.978% (17797/23424)
Loss: 0.697 | Precision@1: 75.934% (17884/23552)
Loss: 0.696 | Precision@1: 75.946% (17984/23680)
Loss: 0.697 | Precision@1: 75.941% (18080/23808)
Loss: 0.698 | Precision@1: 75.902% (18168/23936)
Loss: 0.697 | Precision@1: 75.923% (18270/24064)
Loss: 0.698 | Precision@1: 75.885% (18358/24192)
Loss: 0.697 | Precision@1: 75.909% (18461/24320)
Loss: 0.696 | Precision@1: 75.912% (18559/24448)
Loss: 0.696 | Precision@1: 75.903% (18654/24576)
Loss: 0.696 | Precision@1: 75.907% (18752/24704)
Loss: 0.695 | Precision@1: 75.930% (18855/24832)
Loss: 0.695 | Precision@1: 75.962% (18960/24960)
Loss: 0.695 | Precision@1: 75.957% (19056/25088)
Loss: 0.695 | Precision@1: 75.968% (19156/25216)
Loss: 0.695 | Precision@1: 75.975% (19255/25344)
Loss: 0.695 | Precision@1: 75.970% (19351/25472)
Loss: 0.695 | Precision@1: 75.973% (19449/25600)
Loss: 0.695 | Precision@1: 75.960% (19543/25728)
Loss: 0.695 | Precision@1: 75.982% (19646/25856)
Loss: 0.695 | Precision@1: 75.989% (19745/25984)
Loss: 0.695 | Precision@1: 75.957% (19834/26112)
Loss: 0.695 | Precision@1: 75.945% (19928/26240)
Loss: 0.695 | Precision@1: 75.941% (20024/26368)
Loss: 0.694 | Precision@1: 75.993% (20135/26496)
Loss: 0.695 | Precision@1: 75.973% (20227/26624)
Loss: 0.696 | Precision@1: 75.946% (20317/26752)
Loss: 0.695 | Precision@1: 75.960% (20418/26880)
Loss: 0.695 | Precision@1: 75.952% (20513/27008)
Loss: 0.695 | Precision@1: 75.962% (20613/27136)
Loss: 0.695 | Precision@1: 75.950% (20707/27264)
Loss: 0.695 | Precision@1: 75.949% (20804/27392)
Loss: 0.695 | Precision@1: 75.927% (20895/27520)
Loss: 0.695 | Precision@1: 75.897% (20984/27648)
Loss: 0.695 | Precision@1: 75.868% (21073/27776)
Loss: 0.695 | Precision@1: 75.896% (21178/27904)
Loss: 0.694 | Precision@1: 75.888% (21273/28032)
Loss: 0.694 | Precision@1: 75.895% (21372/28160)
Loss: 0.695 | Precision@1: 75.866% (21461/28288)
Loss: 0.695 | Precision@1: 75.869% (21559/28416)
Loss: 0.695 | Precision@1: 75.897% (21664/28544)
Loss: 0.695 | Precision@1: 75.900% (21762/28672)
Loss: 0.696 | Precision@1: 75.889% (21856/28800)
Loss: 0.696 | Precision@1: 75.892% (21954/28928)
Loss: 0.697 | Precision@1: 75.881% (22048/29056)
Loss: 0.697 | Precision@1: 75.877% (22144/29184)
Loss: 0.696 | Precision@1: 75.870% (22239/29312)
Loss: 0.696 | Precision@1: 75.883% (22340/29440)
Loss: 0.696 | Precision@1: 75.896% (22441/29568)
Loss: 0.696 | Precision@1: 75.896% (22538/29696)
Loss: 0.697 | Precision@1: 75.875% (22629/29824)
Loss: 0.697 | Precision@1: 75.855% (22720/29952)
Loss: 0.697 | Precision@1: 75.844% (22814/30080)
Loss: 0.697 | Precision@1: 75.838% (22909/30208)
Loss: 0.697 | Precision@1: 75.837% (23006/30336)
Loss: 0.696 | Precision@1: 75.853% (23108/30464)
Loss: 0.696 | Precision@1: 75.883% (23214/30592)
Loss: 0.695 | Precision@1: 75.905% (23318/30720)
Loss: 0.695 | Precision@1: 75.924% (23421/30848)
Loss: 0.694 | Precision@1: 75.959% (23529/30976)
Loss: 0.694 | Precision@1: 75.939% (23620/31104)
Loss: 0.694 | Precision@1: 75.906% (23707/31232)
Loss: 0.693 | Precision@1: 75.928% (23811/31360)
Loss: 0.694 | Precision@1: 75.918% (23905/31488)
Loss: 0.694 | Precision@1: 75.911% (24000/31616)
Loss: 0.693 | Precision@1: 75.929% (24103/31744)
Loss: 0.693 | Precision@1: 75.957% (24209/31872)
Loss: 0.693 | Precision@1: 75.981% (24314/32000)
Loss: 0.692 | Precision@1: 75.993% (24415/32128)
Loss: 0.692 | Precision@1: 75.992% (24512/32256)
Loss: 0.692 | Precision@1: 75.997% (24611/32384)
Loss: 0.692 | Precision@1: 76.024% (24717/32512)
Loss: 0.692 | Precision@1: 76.039% (24819/32640)
Loss: 0.691 | Precision@1: 76.065% (24925/32768)
Loss: 0.691 | Precision@1: 76.064% (25022/32896)
Loss: 0.691 | Precision@1: 76.075% (25123/33024)
Loss: 0.690 | Precision@1: 76.092% (25226/33152)
Loss: 0.690 | Precision@1: 76.097% (25325/33280)
Loss: 0.690 | Precision@1: 76.099% (25423/33408)
Loss: 0.690 | Precision@1: 76.094% (25519/33536)
Loss: 0.689 | Precision@1: 76.123% (25626/33664)
Loss: 0.690 | Precision@1: 76.089% (25712/33792)
Loss: 0.690 | Precision@1: 76.088% (25809/33920)
Loss: 0.689 | Precision@1: 76.096% (25909/34048)
Loss: 0.689 | Precision@1: 76.118% (26014/34176)
Loss: 0.689 | Precision@1: 76.108% (26108/34304)
Loss: 0.689 | Precision@1: 76.101% (26203/34432)
Loss: 0.688 | Precision@1: 76.097% (26299/34560)
Loss: 0.689 | Precision@1: 76.101% (26398/34688)
Loss: 0.690 | Precision@1: 76.068% (26484/34816)
Loss: 0.689 | Precision@1: 76.087% (26588/34944)
Loss: 0.689 | Precision@1: 76.081% (26683/35072)
Loss: 0.688 | Precision@1: 76.105% (26789/35200)
Loss: 0.688 | Precision@1: 76.112% (26889/35328)
Loss: 0.688 | Precision@1: 76.117% (26988/35456)
Loss: 0.688 | Precision@1: 76.118% (27086/35584)
Loss: 0.688 | Precision@1: 76.100% (27177/35712)
Loss: 0.688 | Precision@1: 76.105% (27276/35840)
Loss: 0.688 | Precision@1: 76.101% (27372/35968)
Loss: 0.687 | Precision@1: 76.108% (27472/36096)
Loss: 0.687 | Precision@1: 76.107% (27569/36224)
Loss: 0.687 | Precision@1: 76.114% (27669/36352)
Loss: 0.687 | Precision@1: 76.107% (27764/36480)
Loss: 0.687 | Precision@1: 76.112% (27863/36608)
Loss: 0.687 | Precision@1: 76.116% (27962/36736)
Loss: 0.687 | Precision@1: 76.109% (28057/36864)
Loss: 0.687 | Precision@1: 76.114% (28156/36992)
Loss: 0.687 | Precision@1: 76.110% (28252/37120)
Loss: 0.687 | Precision@1: 76.111% (28350/37248)
Loss: 0.686 | Precision@1: 76.129% (28454/37376)
Loss: 0.686 | Precision@1: 76.136% (28554/37504)
Loss: 0.686 | Precision@1: 76.135% (28651/37632)
Loss: 0.686 | Precision@1: 76.133% (28748/37760)
Loss: 0.686 | Precision@1: 76.135% (28846/37888)
Loss: 0.686 | Precision@1: 76.139% (28945/38016)
Loss: 0.687 | Precision@1: 76.101% (29028/38144)
Loss: 0.688 | Precision@1: 76.074% (29115/38272)
Loss: 0.687 | Precision@1: 76.078% (29214/38400)
Loss: 0.687 | Precision@1: 76.095% (29318/38528)
Loss: 0.686 | Precision@1: 76.128% (29428/38656)
Loss: 0.686 | Precision@1: 76.129% (29526/38784)
Loss: 0.686 | Precision@1: 76.146% (29630/38912)
Loss: 0.686 | Precision@1: 76.137% (29724/39040)
Loss: 0.686 | Precision@1: 76.149% (29826/39168)
Loss: 0.685 | Precision@1: 76.148% (29923/39296)
Loss: 0.685 | Precision@1: 76.162% (30026/39424)
Loss: 0.685 | Precision@1: 76.163% (30124/39552)
Loss: 0.685 | Precision@1: 76.169% (30224/39680)
Loss: 0.685 | Precision@1: 76.181% (30326/39808)
Loss: 0.685 | Precision@1: 76.202% (30432/39936)
Loss: 0.684 | Precision@1: 76.206% (30531/40064)
Loss: 0.684 | Precision@1: 76.199% (30626/40192)
Loss: 0.685 | Precision@1: 76.176% (30714/40320)
Loss: 0.684 | Precision@1: 76.197% (30820/40448)
Loss: 0.684 | Precision@1: 76.200% (30919/40576)
Loss: 0.684 | Precision@1: 76.201% (31017/40704)
Loss: 0.684 | Precision@1: 76.195% (31112/40832)
Loss: 0.684 | Precision@1: 76.196% (31210/40960)
Loss: 0.684 | Precision@1: 76.202% (31310/41088)
Loss: 0.683 | Precision@1: 76.206% (31409/41216)
Loss: 0.683 | Precision@1: 76.202% (31505/41344)
Loss: 0.683 | Precision@1: 76.215% (31608/41472)
Loss: 0.683 | Precision@1: 76.221% (31708/41600)
Loss: 0.683 | Precision@1: 76.234% (31811/41728)
Loss: 0.682 | Precision@1: 76.245% (31913/41856)
Loss: 0.682 | Precision@1: 76.267% (32020/41984)
Loss: 0.682 | Precision@1: 76.282% (32124/42112)
Loss: 0.682 | Precision@1: 76.283% (32222/42240)
Loss: 0.681 | Precision@1: 76.296% (32325/42368)
Loss: 0.682 | Precision@1: 76.304% (32426/42496)
Loss: 0.681 | Precision@1: 76.314% (32528/42624)
Loss: 0.681 | Precision@1: 76.329% (32632/42752)
Loss: 0.681 | Precision@1: 76.332% (32731/42880)
Loss: 0.681 | Precision@1: 76.330% (32828/43008)
Loss: 0.680 | Precision@1: 76.347% (32933/43136)
Loss: 0.680 | Precision@1: 76.361% (33037/43264)
Loss: 0.680 | Precision@1: 76.367% (33137/43392)
Loss: 0.680 | Precision@1: 76.381% (33241/43520)
Loss: 0.680 | Precision@1: 76.375% (33336/43648)
Loss: 0.679 | Precision@1: 76.373% (33433/43776)
Loss: 0.680 | Precision@1: 76.364% (33527/43904)
Loss: 0.680 | Precision@1: 76.376% (33630/44032)
Loss: 0.680 | Precision@1: 76.393% (33735/44160)
Loss: 0.680 | Precision@1: 76.400% (33836/44288)
Loss: 0.679 | Precision@1: 76.414% (33940/44416)
Loss: 0.679 | Precision@1: 76.417% (34039/44544)
Loss: 0.679 | Precision@1: 76.435% (34145/44672)
Loss: 0.679 | Precision@1: 76.426% (34239/44800)
Loss: 0.679 | Precision@1: 76.425% (34336/44928)
Loss: 0.679 | Precision@1: 76.405% (34425/45056)
Loss: 0.679 | Precision@1: 76.401% (34521/45184)
Loss: 0.679 | Precision@1: 76.397% (34617/45312)
Loss: 0.679 | Precision@1: 76.400% (34716/45440)
Loss: 0.679 | Precision@1: 76.383% (34806/45568)
Loss: 0.679 | Precision@1: 76.376% (34901/45696)
Loss: 0.679 | Precision@1: 76.384% (35002/45824)
Loss: 0.679 | Precision@1: 76.388% (35102/45952)
Loss: 0.678 | Precision@1: 76.400% (35205/46080)
Loss: 0.678 | Precision@1: 76.413% (35309/46208)
Loss: 0.678 | Precision@1: 76.414% (35407/46336)
Loss: 0.677 | Precision@1: 76.440% (35517/46464)
Loss: 0.677 | Precision@1: 76.457% (35623/46592)
Loss: 0.677 | Precision@1: 76.438% (35712/46720)
Loss: 0.677 | Precision@1: 76.434% (35808/46848)
Loss: 0.677 | Precision@1: 76.439% (35908/46976)
Loss: 0.677 | Precision@1: 76.444% (36008/47104)
Loss: 0.676 | Precision@1: 76.457% (36112/47232)
Loss: 0.676 | Precision@1: 76.457% (36210/47360)
Loss: 0.677 | Precision@1: 76.455% (36307/47488)
Loss: 0.677 | Precision@1: 76.443% (36399/47616)
Loss: 0.677 | Precision@1: 76.445% (36498/47744)
Loss: 0.677 | Precision@1: 76.456% (36601/47872)
Loss: 0.677 | Precision@1: 76.460% (36701/48000)
Loss: 0.677 | Precision@1: 76.465% (36801/48128)
Loss: 0.676 | Precision@1: 76.469% (36901/48256)
Loss: 0.676 | Precision@1: 76.480% (37004/48384)
Loss: 0.676 | Precision@1: 76.488% (37106/48512)
Loss: 0.676 | Precision@1: 76.507% (37213/48640)
Loss: 0.675 | Precision@1: 76.517% (37316/48768)
Loss: 0.675 | Precision@1: 76.542% (37426/48896)
Loss: 0.675 | Precision@1: 76.534% (37520/49024)
Loss: 0.675 | Precision@1: 76.530% (37616/49152)
Loss: 0.675 | Precision@1: 76.530% (37714/49280)
Loss: 0.674 | Precision@1: 76.560% (37827/49408)
Loss: 0.675 | Precision@1: 76.548% (37919/49536)
Loss: 0.675 | Precision@1: 76.540% (38013/49664)
Loss: 0.675 | Precision@1: 76.528% (38105/49792)
Loss: 0.675 | Precision@1: 76.532% (38205/49920)
Loss: 0.674 | Precision@1: 76.534% (38267/50000)

Aggregates: 			
 	 DataLoader Time: 0.3960 			
 	 Mini-batch Time: 14.5910 			
 	 Training Epoch Time: 30.5289
 			
 Averages: 			
 	 Training Loss: 0.6744

 Test set Averages: Loss: 0.747 | Precision@1: 73.600% (7360/10000)
Average dataloader time is 0.38
